mu is
0.0
number of trials is
200
number of Z or Y failures is
0
number of X failures is
0
average trial time
0.783244941755
mu is
0.0
number of trials is
400
number of Z or Y failures is
0
number of X failures is
0
average trial time
1.4018297354700002
mu is
0.0
number of trials is
600
number of Z or Y failures is
0
number of X failures is
0
average trial time
2.020960262005001
mu is
0.0
number of trials is
800
number of Z or Y failures is
0
number of X failures is
0
average trial time
2.639272722010002
mu is
0.0
number of trials is
1000
number of Z or Y failures is
0
number of X failures is
0
average trial time
3.257144054770003
mu is
0.0
number of trials is
1200
number of Z or Y failures is
0
number of X failures is
0
average trial time
3.888041451440001
mu is
0.0
number of trials is
1400
number of Z or Y failures is
0
number of X failures is
0
average trial time
4.512430761605002
mu is
0.000625
number of trials is
1600
number of Z or Y failures is
1
number of X failures is
0
average trial time
5.125609596830003
mu is
0.0005555555555555556
number of trials is
1800
number of Z or Y failures is
1
number of X failures is
0
average trial time
5.745076752335006
mu is
0.0005
number of trials is
2000
number of Z or Y failures is
1
number of X failures is
0
average trial time
6.36697976158
mu is
0.00045454545454545455
number of trials is
2200
number of Z or Y failures is
1
number of X failures is
0
average trial time
6.988961233634999
mu is
0.0004166666666666667
number of trials is
2400
number of Z or Y failures is
1
number of X failures is
0
average trial time
7.617324567495002
mu is
0.0003846153846153846
number of trials is
2600
number of Z or Y failures is
1
number of X failures is
0
average trial time
8.242112480560001
mu is
0.00035714285714285714
number of trials is
2800
number of Z or Y failures is
1
number of X failures is
0
average trial time
8.862634077619997
mu is
0.0003333333333333333
number of trials is
3000
number of Z or Y failures is
1
number of X failures is
0
average trial time
9.470995476499995
mu is
0.0003125
number of trials is
3200
number of Z or Y failures is
1
number of X failures is
0
average trial time
10.096640192874997
mu is
0.0002941176470588235
number of trials is
3400
number of Z or Y failures is
1
number of X failures is
0
average trial time
10.718286179795003
mu is
0.0002777777777777778
number of trials is
3600
number of Z or Y failures is
1
number of X failures is
0
average trial time
11.330665718769987
mu is
0.0002631578947368421
number of trials is
3800
number of Z or Y failures is
1
number of X failures is
0
average trial time
11.939962385074987
mu is
0.00025
number of trials is
4000
number of Z or Y failures is
1
number of X failures is
0
average trial time
12.564192571209984
mu is
0.0002380952380952381
number of trials is
4200
number of Z or Y failures is
1
number of X failures is
0
average trial time
13.177505246854976
mu is
0.00022727272727272727
number of trials is
4400
number of Z or Y failures is
1
number of X failures is
0
average trial time
13.792578563839973
mu is
0.0002173913043478261
number of trials is
4600
number of Z or Y failures is
1
number of X failures is
0
average trial time
14.405450837049976
mu is
0.00020833333333333335
number of trials is
4800
number of Z or Y failures is
1
number of X failures is
0
average trial time
15.02297879912497
mu is
0.0002
number of trials is
5000
number of Z or Y failures is
1
number of X failures is
0
average trial time
15.637215206849977
mu is
0.0001923076923076923
number of trials is
5200
number of Z or Y failures is
1
number of X failures is
0
average trial time
16.250616434639966
mu is
0.00018518518518518518
number of trials is
5400
number of Z or Y failures is
1
number of X failures is
0
average trial time
16.87080130270497
mu is
0.00035714285714285714
number of trials is
5600
number of Z or Y failures is
2
number of X failures is
0
average trial time
17.485945349114978
mu is
0.0003448275862068965
number of trials is
5800
number of Z or Y failures is
2
number of X failures is
0
average trial time
18.09674660376999
mu is
0.0003333333333333333
number of trials is
6000
number of Z or Y failures is
2
number of X failures is
0
average trial time
18.70811286202499
mu is
0.0003225806451612903
number of trials is
6200
number of Z or Y failures is
2
number of X failures is
0
average trial time
19.32986097795001
mu is
0.0003125
number of trials is
6400
number of Z or Y failures is
2
number of X failures is
0
average trial time
19.952192800460008
mu is
0.00030303030303030303
number of trials is
6600
number of Z or Y failures is
2
number of X failures is
0
average trial time
20.576573493785006
mu is
0.0002941176470588235
number of trials is
6800
number of Z or Y failures is
2
number of X failures is
0
average trial time
21.19859026967002
mu is
0.00028571428571428574
number of trials is
7000
number of Z or Y failures is
2
number of X failures is
0
average trial time
21.810708715970005
mu is
0.0002777777777777778
number of trials is
7200
number of Z or Y failures is
2
number of X failures is
0
average trial time
22.42877962798002
mu is
0.0004054054054054054
number of trials is
7400
number of Z or Y failures is
3
number of X failures is
0
average trial time
23.059971336610037
mu is
0.00039473684210526315
number of trials is
7600
number of Z or Y failures is
3
number of X failures is
0
average trial time
23.69634868226504
mu is
0.0003846153846153846
number of trials is
7800
number of Z or Y failures is
3
number of X failures is
0
average trial time
24.30339349085005
mu is
0.000375
number of trials is
8000
number of Z or Y failures is
3
number of X failures is
0
average trial time
24.92510016625506
mu is
0.0006097560975609756
number of trials is
8200
number of Z or Y failures is
5
number of X failures is
0
average trial time
25.561511551170053
stderr is
0.0002726246904884851
target is
6.097560975609756e-5
mu is
0.0005952380952380953
number of trials is
8400
number of Z or Y failures is
5
number of X failures is
0
average trial time
26.190886950790045
stderr is
0.0002661351730432532
target is
5.952380952380953e-5
mu is
0.0005813953488372093
number of trials is
8600
number of Z or Y failures is
5
number of X failures is
0
average trial time
26.805434777960027
stderr is
0.00025994742333976657
target is
5.8139534883720933e-5
mu is
0.0005681818181818182
number of trials is
8800
number of Z or Y failures is
5
number of X failures is
0
average trial time
27.43484527313004
stderr is
0.00025404087098863335
target is
5.681818181818182e-5
mu is
0.0005555555555555556
number of trials is
9000
number of Z or Y failures is
5
number of X failures is
0
average trial time
28.09034829533003
stderr is
0.00024839677367233297
target is
5.555555555555556e-5
mu is
0.0005434782608695652
number of trials is
9200
number of Z or Y failures is
5
number of X failures is
0
average trial time
28.699711021040002
stderr is
0.0002429980184850582
target is
5.4347826086956524e-5
mu is
0.0005319148936170213
number of trials is
9400
number of Z or Y failures is
5
number of X failures is
0
average trial time
29.341693328055023
stderr is
0.0002378289486280171
target is
5.3191489361702134e-5
mu is
0.0005208333333333333
number of trials is
9600
number of Z or Y failures is
5
number of X failures is
0
average trial time
30.00597170821502
stderr is
0.00023287521176329522
target is
5.208333333333334e-5
mu is
0.0005102040816326531
number of trials is
9800
number of Z or Y failures is
5
number of X failures is
0
average trial time
30.63430924422002
stderr is
0.0002281236269328325
target is
5.1020408163265315e-5
mu is
0.0005
number of trials is
10000
number of Z or Y failures is
5
number of X failures is
0
average trial time
31.282741755424993
stderr is
0.00022356206744392033
target is
5.0e-5
mu is
0.0004901960784313725
number of trials is
10200
number of Z or Y failures is
5
number of X failures is
0
average trial time
31.9497877621
stderr is
0.00021917935753016596
target is
4.901960784313726e-5
mu is
0.0004807692307692308
number of trials is
10400
number of Z or Y failures is
5
number of X failures is
0
average trial time
32.574467772350005
stderr is
0.00021496518093389304
target is
4.8076923076923084e-5
mu is
0.0005660377358490566
number of trials is
10600
number of Z or Y failures is
6
number of X failures is
0
average trial time
33.23107643706504
stderr is
0.00023102942549783187
target is
5.660377358490567e-5
mu is
0.0005555555555555556
number of trials is
10800
number of Z or Y failures is
6
number of X failures is
0
average trial time
33.88940775962004
stderr is
0.00022675209380639165
target is
5.555555555555556e-5
mu is
0.0006363636363636364
number of trials is
11000
number of Z or Y failures is
7
number of X failures is
0
average trial time
34.53965939810506
stderr is
0.00024045723440742285
target is
6.363636363636364e-5
mu is
0.000625
number of trials is
11200
number of Z or Y failures is
7
number of X failures is
0
average trial time
35.21764810190508
stderr is
0.00023616450620012524
target is
6.25e-5
mu is
0.0006140350877192983
number of trials is
11400
number of Z or Y failures is
7
number of X failures is
0
average trial time
35.85587668073007
stderr is
0.00023202236034978416
target is
6.140350877192983e-5
mu is
0.000603448275862069
number of trials is
11600
number of Z or Y failures is
7
number of X failures is
0
average trial time
36.52614932476007
stderr is
0.0002280230101315355
target is
6.0344827586206904e-5
mu is
0.0005932203389830508
number of trials is
11800
number of Z or Y failures is
7
number of X failures is
0
average trial time
37.185778238725064
stderr is
0.00022415919659955953
target is
5.932203389830509e-5
mu is
0.0006666666666666666
number of trials is
12000
number of Z or Y failures is
8
number of X failures is
0
average trial time
37.833211584725056
stderr is
0.00023563349814342144
target is
6.666666666666667e-5
mu is
0.0006557377049180328
number of trials is
12200
number of Z or Y failures is
8
number of X failures is
0
average trial time
38.52263243663009
stderr is
0.00023177176293211782
target is
6.557377049180328e-5
mu is
0.0006451612903225806
number of trials is
12400
number of Z or Y failures is
8
number of X failures is
0
average trial time
39.15726187244009
stderr is
0.000228034564618752
target is
6.451612903225807e-5
mu is
0.0006349206349206349
number of trials is
12600
number of Z or Y failures is
8
number of X failures is
0
average trial time
39.856808892355076
stderr is
0.00022441597452506015
target is
6.349206349206349e-5
mu is
0.000625
number of trials is
12800
number of Z or Y failures is
8
number of X failures is
0
average trial time
40.509910090475096
stderr is
0.00022091043441362172
target is
6.25e-5
mu is
0.0006923076923076923
number of trials is
13000
number of Z or Y failures is
9
number of X failures is
0
average trial time
41.19161939592509
stderr is
0.00023069820846062587
target is
6.923076923076922e-5
mu is
0.0006818181818181819
number of trials is
13200
number of Z or Y failures is
9
number of X failures is
0
average trial time
41.861549480675095
stderr is
0.00022720384109177908
target is
6.818181818181818e-5
mu is
0.0006716417910447761
number of trials is
13400
number of Z or Y failures is
9
number of X failures is
0
average trial time
42.55240565355514
stderr is
0.00022381375201917852
target is
6.716417910447761e-5
mu is
0.0006617647058823529
number of trials is
13600
number of Z or Y failures is
9
number of X failures is
0
average trial time
43.23591606063519
stderr is
0.00022052334208530177
target is
6.617647058823529e-5
mu is
0.0007246376811594203
number of trials is
13800
number of Z or Y failures is
10
number of X failures is
0
average trial time
43.91190098052019
stderr is
0.00022907581447362922
target is
7.246376811594203e-5
mu is
0.0007142857142857143
number of trials is
14000
number of Z or Y failures is
10
number of X failures is
0
average trial time
44.60106996774516
stderr is
0.00022580435555255546
target is
7.142857142857143e-5
mu is
0.0007042253521126761
number of trials is
14200
number of Z or Y failures is
10
number of X failures is
0
average trial time
45.26221262329017
stderr is
0.00022262502116094905
target is
7.042253521126761e-5
mu is
0.0006944444444444445
number of trials is
14400
number of Z or Y failures is
10
number of X failures is
0
average trial time
45.98081420861525
stderr is
0.00021953397397855384
target is
6.944444444444444e-5
mu is
0.0006849315068493151
number of trials is
14600
number of Z or Y failures is
10
number of X failures is
0
average trial time
46.651599206600196
stderr is
0.00021652758688427249
target is
6.849315068493152e-5
mu is
0.0007432432432432432
number of trials is
14800
number of Z or Y failures is
11
number of X failures is
0
average trial time
47.359083288815164
stderr is
0.00022402054350904938
target is
7.432432432432433e-5
mu is
0.0007333333333333333
number of trials is
15000
number of Z or Y failures is
11
number of X failures is
0
average trial time
48.03922470082516
stderr is
0.0002210345993805312
target is
7.333333333333334e-5
mu is
0.0007236842105263158
number of trials is
15200
number of Z or Y failures is
11
number of X failures is
0
average trial time
48.741839598365175
stderr is
0.0002181272068457383
target is
7.236842105263159e-5
mu is
0.0007142857142857143
number of trials is
15400
number of Z or Y failures is
11
number of X failures is
0
average trial time
49.426152766425176
stderr is
0.00021529530644853861
target is
7.142857142857143e-5
mu is
0.0007051282051282052
number of trials is
15600
number of Z or Y failures is
11
number of X failures is
0
average trial time
50.12071593670023
stderr is
0.00021253599557757478
target is
7.051282051282052e-5
mu is
0.0006962025316455696
number of trials is
15800
number of Z or Y failures is
11
number of X failures is
0
average trial time
50.82524118114017
stderr is
0.0002098465185425303
target is
6.962025316455696e-5
mu is
0.0006875
number of trials is
16000
number of Z or Y failures is
11
number of X failures is
0
average trial time
51.520080497655165
stderr is
0.00020722425739444286
target is
6.875e-5
mu is
0.0006790123456790123
number of trials is
16200
number of Z or Y failures is
11
number of X failures is
0
average trial time
52.24479806104019
stderr is
0.00020466672342578317
target is
6.790123456790123e-5
mu is
0.0006707317073170732
number of trials is
16400
number of Z or Y failures is
11
number of X failures is
0
average trial time
52.92467375794019
stderr is
0.00020217154929229008
target is
6.707317073170732e-5
mu is
0.0006626506024096385
number of trials is
16600
number of Z or Y failures is
11
number of X failures is
0
average trial time
53.64658120712518
stderr is
0.00019973648170413808
target is
6.626506024096386e-5
mu is
0.0006547619047619047
number of trials is
16800
number of Z or Y failures is
11
number of X failures is
0
average trial time
54.33217955838514
stderr is
0.00019735937463900952
target is
6.547619047619048e-5
mu is
0.0007058823529411765
number of trials is
17000
number of Z or Y failures is
12
number of X failures is
0
average trial time
55.05135842174014
stderr is
0.00020370474288671964
target is
7.058823529411765e-5
mu is
0.0006976744186046512
number of trials is
17200
number of Z or Y failures is
12
number of X failures is
0
average trial time
55.75994133328513
stderr is
0.00020133684108366657
target is
6.976744186046513e-5
mu is
0.000689655172413793
number of trials is
17400
number of Z or Y failures is
12
number of X failures is
0
average trial time
56.47182600927016
stderr is
0.00019902335657615708
target is
6.896551724137931e-5
mu is
0.0007386363636363636
number of trials is
17600
number of Z or Y failures is
13
number of X failures is
0
average trial time
57.204600560660126
stderr is
0.00020479101311371976
target is
7.386363636363637e-5
mu is
0.0007303370786516854
number of trials is
17800
number of Z or Y failures is
13
number of X failures is
0
average trial time
57.891662140210116
stderr is
0.00020249076673551652
target is
7.303370786516854e-5
mu is
0.0007222222222222222
number of trials is
18000
number of Z or Y failures is
13
number of X failures is
0
average trial time
58.61127929109511
stderr is
0.0002002416198815659
target is
7.222222222222222e-5
mu is
0.0007692307692307692
number of trials is
18200
number of Z or Y failures is
14
number of X failures is
0
average trial time
59.3144493002651
stderr is
0.0002055121301318306
target is
7.692307692307693e-5
mu is
0.0007608695652173913
number of trials is
18400
number of Z or Y failures is
14
number of X failures is
0
average trial time
60.02381210549509
stderr is
0.00020327909240311725
target is
7.608695652173914e-5
mu is
0.0007526881720430108
number of trials is
18600
number of Z or Y failures is
14
number of X failures is
0
average trial time
60.74515564778513
stderr is
0.00020109406018557681
target is
7.526881720430108e-5
mu is
0.0007446808510638298
number of trials is
18800
number of Z or Y failures is
14
number of X failures is
0
average trial time
61.44248438151011
stderr is
0.00019895550191918951
target is
7.446808510638299e-5
mu is
0.0007368421052631579
number of trials is
19000
number of Z or Y failures is
14
number of X failures is
0
average trial time
62.15632351699514
stderr is
0.00019686195050855562
target is
7.36842105263158e-5
mu is
0.00078125
number of trials is
19200
number of Z or Y failures is
15
number of X failures is
0
average trial time
62.89269714296509
stderr is
0.00020164432239381063
target is
7.812500000000002e-5
mu is
0.0007731958762886598
number of trials is
19400
number of Z or Y failures is
15
number of X failures is
0
average trial time
63.5959895382751
stderr is
0.0001995662656553598
target is
7.731958762886599e-5
mu is
0.0007653061224489796
number of trials is
19600
number of Z or Y failures is
15
number of X failures is
0
average trial time
64.31387608927513
stderr is
0.00019753060307036062
target is
7.653061224489796e-5
mu is
0.0007575757575757576
number of trials is
19800
number of Z or Y failures is
15
number of X failures is
0
average trial time
65.04473596316018
stderr is
0.0001955360504225856
target is
7.575757575757576e-5
mu is
0.00075
number of trials is
20000
number of Z or Y failures is
15
number of X failures is
0
average trial time
65.75005707636515
stderr is
0.00019358137484643085
target is
7.500000000000001e-5
mu is
0.0007920792079207921
number of trials is
20200
number of Z or Y failures is
16
number of X failures is
0
average trial time
66.46799499397511
stderr is
0.00019794626248125305
target is
7.920792079207922e-5
mu is
0.000784313725490196
number of trials is
20400
number of Z or Y failures is
16
number of X failures is
0
average trial time
67.19226185236509
stderr is
0.00019600632692249234
target is
7.843137254901961e-5
mu is
0.0008252427184466019
number of trials is
20600
number of Z or Y failures is
17
number of X failures is
0
average trial time
67.90776987605504
stderr is
0.0002000730112015742
target is
8.25242718446602e-5
mu is
0.0008173076923076923
number of trials is
20800
number of Z or Y failures is
17
number of X failures is
0
average trial time
68.63331392795004
stderr is
0.000198149972808029
target is
8.173076923076923e-5
mu is
0.0008095238095238096
number of trials is
21000
number of Z or Y failures is
17
number of X failures is
0
average trial time
69.37149696095499
stderr is
0.00019626354974232028
target is
8.095238095238096e-5
mu is
0.0008018867924528302
number of trials is
21200
number of Z or Y failures is
17
number of X failures is
0
average trial time
70.08419478695495
stderr is
0.000194412706113462
target is
8.018867924528302e-5
mu is
0.000794392523364486
number of trials is
21400
number of Z or Y failures is
17
number of X failures is
0
average trial time
70.79682350231992
stderr is
0.00019259644474084857
target is
7.943925233644861e-5
mu is
0.0008333333333333334
number of trials is
21600
number of Z or Y failures is
18
number of X failures is
0
average trial time
71.52848061957988
stderr is
0.00019634123719828076
target is
8.333333333333334e-5
mu is
0.0008256880733944954
number of trials is
21800
number of Z or Y failures is
18
number of X failures is
0
average trial time
72.25033737324983
stderr is
0.000194540644401003
target is
8.256880733944955e-5
mu is
0.0008181818181818182
number of trials is
22000
number of Z or Y failures is
18
number of X failures is
0
average trial time
72.97407029986482
stderr is
0.00019277277698671823
target is
8.181818181818182e-5
mu is
0.0008108108108108108
number of trials is
22200
number of Z or Y failures is
18
number of X failures is
0
average trial time
73.68294795850487
stderr is
0.00019103675082498647
target is
8.108108108108108e-5
mu is
0.0008035714285714286
number of trials is
22400
number of Z or Y failures is
18
number of X failures is
0
average trial time
74.40977141316985
stderr is
0.00018933171334943984
target is
8.035714285714287e-5
mu is
0.0007964601769911505
number of trials is
22600
number of Z or Y failures is
18
number of X failures is
0
average trial time
75.13532482304485
stderr is
0.00018765684216166947
target is
7.964601769911506e-5
mu is
0.0007894736842105263
number of trials is
22800
number of Z or Y failures is
18
number of X failures is
0
average trial time
75.85275890425488
stderr is
0.00018601134370856395
target is
7.894736842105263e-5
mu is
0.000782608695652174
number of trials is
23000
number of Z or Y failures is
18
number of X failures is
0
average trial time
76.5595464158299
stderr is
0.00018439445202863137
target is
7.82608695652174e-5
mu is
0.0008189655172413793
number of trials is
23200
number of Z or Y failures is
19
number of X failures is
0
average trial time
77.27932147002497
stderr is
0.00018781067199712432
target is
8.189655172413794e-5
mu is
0.0008974358974358974
number of trials is
23400
number of Z or Y failures is
21
number of X failures is
0
average trial time
78.02226513847997
stderr is
0.00019575285585089313
target is
8.974358974358975e-5
mu is
0.0008898305084745762
number of trials is
23600
number of Z or Y failures is
21
number of X failures is
0
average trial time
78.76091725705501
stderr is
0.00019409463693689018
target is
8.898305084745763e-5
mu is
0.0008823529411764706
number of trials is
23800
number of Z or Y failures is
21
number of X failures is
0
average trial time
79.47761538513996
stderr is
0.0001924642755196489
target is
8.823529411764706e-5
mu is
0.000875
number of trials is
24000
number of Z or Y failures is
21
number of X failures is
0
average trial time
80.18473074623994
stderr is
0.00019086107545259663
target is
8.750000000000001e-5
mu is
0.0008677685950413223
number of trials is
24200
number of Z or Y failures is
21
number of X failures is
0
average trial time
80.89670146715996
stderr is
0.0001892843635927329
target is
8.677685950413224e-5
mu is
0.0008606557377049181
number of trials is
24400
number of Z or Y failures is
21
number of X failures is
0
average trial time
81.62863814967497
stderr is
0.00018773348885824781
target is
8.606557377049181e-5
mu is
0.0008536585365853659
number of trials is
24600
number of Z or Y failures is
21
number of X failures is
0
average trial time
82.3754527584549
stderr is
0.00018620782133209161
target is
8.53658536585366e-5
mu is
0.0008467741935483871
number of trials is
24800
number of Z or Y failures is
21
number of X failures is
0
average trial time
83.10087670325991
stderr is
0.00018470675140890217
target is
8.467741935483871e-5
mu is
0.00084
number of trials is
25000
number of Z or Y failures is
21
number of X failures is
0
average trial time
83.81543693241005
stderr is
0.00018322968898286377
target is
8.400000000000001e-5
mu is
0.0008333333333333334
number of trials is
25200
number of Z or Y failures is
21
number of X failures is
0
average trial time
84.52724168090509
stderr is
0.0001817760626742236
target is
8.333333333333334e-5
mu is
0.000826771653543307
number of trials is
25400
number of Z or Y failures is
21
number of X failures is
0
average trial time
85.23343247289515
stderr is
0.00018034531909233642
target is
8.267716535433071e-5
mu is
0.0008203125
number of trials is
25600
number of Z or Y failures is
21
number of X failures is
0
average trial time
85.93799455932009
stderr is
0.00017893692213324065
target is
8.203125e-5
mu is
0.0008139534883720931
number of trials is
25800
number of Z or Y failures is
21
number of X failures is
0
average trial time
86.65114863929007
stderr is
0.00017755035230989228
target is
8.139534883720931e-5
mu is
0.0008076923076923077
number of trials is
26000
number of Z or Y failures is
21
number of X failures is
0
average trial time
87.37645577181009
stderr is
0.0001761851061132994
target is
8.076923076923078e-5
mu is
0.0008015267175572519
number of trials is
26200
number of Z or Y failures is
21
number of X failures is
0
average trial time
88.10676496915507
stderr is
0.0001748406954029063
target is
8.01526717557252e-5
mu is
0.0007954545454545455
number of trials is
26400
number of Z or Y failures is
21
number of X failures is
0
average trial time
88.81963619883005
stderr is
0.00017351664682467723
target is
7.954545454545455e-5
mu is
0.0007894736842105263
number of trials is
26600
number of Z or Y failures is
21
number of X failures is
0
average trial time
89.52981720629998
stderr is
0.00017221250125542178
target is
7.894736842105263e-5
mu is
0.0007835820895522388
number of trials is
26800
number of Z or Y failures is
21
number of X failures is
0
average trial time
90.2574206906601
stderr is
0.00017092781327199166
target is
7.835820895522389e-5
mu is
0.0008148148148148148
number of trials is
27000
number of Z or Y failures is
22
number of X failures is
0
average trial time
90.9703708147353
stderr is
0.00017365152914257213
target is
8.148148148148148e-5
mu is
0.0008088235294117647
number of trials is
27200
number of Z or Y failures is
22
number of X failures is
0
average trial time
91.68443941890538
stderr is
0.00017237517298441773
target is
8.088235294117648e-5
mu is
0.000802919708029197
number of trials is
27400
number of Z or Y failures is
22
number of X failures is
0
average trial time
92.39483316814047
stderr is
0.00017111744261205043
target is
8.029197080291971e-5
mu is
0.0007971014492753623
number of trials is
27600
number of Z or Y failures is
22
number of X failures is
0
average trial time
93.10446883353045
stderr is
0.00016987793327144483
target is
7.971014492753623e-5
mu is
0.0007913669064748202
number of trials is
27800
number of Z or Y failures is
22
number of X failures is
0
average trial time
93.8055480232754
stderr is
0.00016865625185176234
target is
7.913669064748202e-5
mu is
0.0007857142857142857
number of trials is
28000
number of Z or Y failures is
22
number of X failures is
0
average trial time
94.5398873537804
stderr is
0.00016745201646967942
target is
7.857142857142858e-5
mu is
0.0007801418439716312
number of trials is
28200
number of Z or Y failures is
22
number of X failures is
0
average trial time
95.28077948417045
stderr is
0.00016626485607139756
target is
7.801418439716312e-5
mu is
0.0007746478873239436
number of trials is
28400
number of Z or Y failures is
22
number of X failures is
0
average trial time
96.01706528486044
stderr is
0.00016509441005146356
target is
7.746478873239437e-5
mu is
0.0007692307692307692
number of trials is
28600
number of Z or Y failures is
22
number of X failures is
0
average trial time
96.7278420836455
stderr is
0.00016394032788757688
target is
7.692307692307693e-5
mu is
0.0007638888888888889
number of trials is
28800
number of Z or Y failures is
22
number of X failures is
0
average trial time
97.44164654412555
stderr is
0.00016280226879060867
target is
7.63888888888889e-5
mu is
0.0007586206896551724
number of trials is
29000
number of Z or Y failures is
22
number of X failures is
0
average trial time
98.1593271906506
stderr is
0.00016167990136909692
target is
7.586206896551724e-5
mu is
0.0007876712328767124
number of trials is
29200
number of Z or Y failures is
23
number of X failures is
0
average trial time
98.86255152364555
stderr is
0.00016417892027851088
target is
7.876712328767124e-5
mu is
0.000782312925170068
number of trials is
29400
number of Z or Y failures is
23
number of X failures is
0
average trial time
99.57321365163547
stderr is
0.00016306247509241374
target is
7.823129251700681e-5
mu is
0.0008108108108108108
number of trials is
29600
number of Z or Y failures is
24
number of X failures is
0
average trial time
100.28757136383041
stderr is
0.00016544174769016356
target is
8.108108108108108e-5
mu is
0.0008053691275167785
number of trials is
29800
number of Z or Y failures is
24
number of X failures is
0
average trial time
100.99640567978042
stderr is
0.00016433182924149685
target is
8.053691275167786e-5
mu is
0.0008
number of trials is
30000
number of Z or Y failures is
24
number of X failures is
0
average trial time
101.69360152570533
stderr is
0.00016323670402430338
target is
8.0e-5
mu is
0.0007947019867549669
number of trials is
30200
number of Z or Y failures is
24
number of X failures is
0
average trial time
102.39940863109527
stderr is
0.00016215607824547065
target is
7.947019867549669e-5
mu is
0.0007894736842105263
number of trials is
30400
number of Z or Y failures is
24
number of X failures is
0
average trial time
103.11151805212032
stderr is
0.0001610896658403515
target is
7.894736842105263e-5
mu is
0.000784313725490196
number of trials is
30600
number of Z or Y failures is
24
number of X failures is
0
average trial time
103.8233548825753
stderr is
0.00016003718822029485
target is
7.843137254901961e-5
mu is
0.0008116883116883117
number of trials is
30800
number of Z or Y failures is
25
number of X failures is
0
average trial time
104.52273116713042
stderr is
0.00016227439951747505
target is
8.116883116883118e-5
mu is
0.0008064516129032258
number of trials is
31000
number of Z or Y failures is
25
number of X failures is
0
average trial time
105.22441982292041
stderr is
0.00016122787351332288
target is
8.064516129032258e-5
mu is
0.0008012820512820513
number of trials is
31200
number of Z or Y failures is
25
number of X failures is
0
average trial time
105.92597388581035
stderr is
0.00016019475934132542
target is
8.012820512820513e-5
mu is
0.0007961783439490446
number of trials is
31400
number of Z or Y failures is
25
number of X failures is
0
average trial time
106.61758175081033
stderr is
0.00015917480082257765
target is
7.961783439490447e-5
mu is
0.0008544303797468354
number of trials is
31600
number of Z or Y failures is
27
number of X failures is
0
average trial time
107.32838116099538
stderr is
0.000164367539794239
target is
8.544303797468355e-5
mu is
0.0008490566037735849
number of trials is
31800
number of Z or Y failures is
27
number of X failures is
0
average trial time
108.02861949296046
stderr is
0.00016333420466199233
target is
8.49056603773585e-5
mu is
0.000875
number of trials is
32000
number of Z or Y failures is
28
number of X failures is
0
average trial time
108.73055328976051
stderr is
0.00016528967901819274
target is
8.750000000000001e-5
mu is
0.0009006211180124223
number of trials is
32200
number of Z or Y failures is
29
number of X failures is
0
average trial time
109.45737194046042
stderr is
0.0001671684114648373
target is
9.006211180124223e-5
mu is
0.0008950617283950618
number of trials is
32400
number of Z or Y failures is
29
number of X failures is
0
average trial time
110.19190611409543
stderr is
0.00016613695398982008
target is
8.950617283950618e-5
mu is
0.0008895705521472393
number of trials is
32600
number of Z or Y failures is
29
number of X failures is
0
average trial time
110.91778916423041
stderr is
0.0001651181469909336
target is
8.895705521472393e-5
mu is
0.0008841463414634147
number of trials is
32800
number of Z or Y failures is
29
number of X failures is
0
average trial time
111.63392565392054
stderr is
0.00016411175915602796
target is
8.841463414634147e-5
mu is
0.0009090909090909091
number of trials is
33000
number of Z or Y failures is
30
number of X failures is
0
average trial time
112.35550681627565
stderr is
0.0001659035852544737
target is
9.090909090909092e-5
mu is
0.0009638554216867469
number of trials is
33200
number of Z or Y failures is
32
number of X failures is
0
average trial time
113.07180610222058
stderr is
0.00017030760698454452
target is
9.63855421686747e-5
mu is
0.0009580838323353293
number of trials is
33400
number of Z or Y failures is
32
number of X failures is
0
average trial time
113.79373096712567
stderr is
0.00016928827468809253
target is
9.580838323353294e-5
mu is
0.0009523809523809524
number of trials is
33600
number of Z or Y failures is
32
number of X failures is
0
average trial time
114.50336451576568
stderr is
0.00016828107169235672
target is
9.523809523809524e-5
mu is
0.0009467455621301775
number of trials is
33800
number of Z or Y failures is
32
number of X failures is
0
average trial time
115.2098809260706
stderr is
0.00016728578278328598
target is
9.467455621301775e-5
mu is
0.001
number of trials is
34000
number of Z or Y failures is
34
number of X failures is
0
average trial time
115.92330261462051
stderr is
0.00017141533523417818
target is
0.0001
mu is
0.0009941520467836257
number of trials is
34200
number of Z or Y failures is
34
number of X failures is
0
average trial time
116.6299595798555
stderr is
0.000170413390498699
target is
9.941520467836258e-5
mu is
0.0009883720930232557
number of trials is
34400
number of Z or Y failures is
34
number of X failures is
0
average trial time
117.3306827581455
stderr is
0.00016942309068525564
target is
9.883720930232558e-5
mu is
0.0009826589595375722
number of trials is
34600
number of Z or Y failures is
34
number of X failures is
0
average trial time
118.0393047823105
stderr is
0.00016844423395532626
target is
9.826589595375723e-5
mu is
0.0010057471264367816
number of trials is
34800
number of Z or Y failures is
35
number of X failures is
0
average trial time
118.75463610248556
stderr is
0.00016991922283878327
target is
0.00010057471264367816
mu is
0.001
number of trials is
35000
number of Z or Y failures is
35
number of X failures is
0
average trial time
119.46145773062554
stderr is
0.00016894872795129946
target is
0.0001
mu is
0.0009943181818181817
number of trials is
35200
number of Z or Y failures is
35
number of X failures is
0
average trial time
120.17425638434538
stderr is
0.00016798925607907578
target is
9.943181818181817e-5
mu is
0.0009887005649717514
number of trials is
35400
number of Z or Y failures is
35
number of X failures is
0
average trial time
120.88278496029535
stderr is
0.0001670406204812946
target is
9.887005649717514e-5
mu is
0.0010112359550561798
number of trials is
35600
number of Z or Y failures is
36
number of X failures is
0
average trial time
121.5876488237802
stderr is
0.00016845645375327417
target is
0.00010112359550561799
mu is
0.001005586592178771
number of trials is
35800
number of Z or Y failures is
36
number of X failures is
0
average trial time
122.28949833864012
stderr is
0.00016751581675787422
target is
0.00010055865921787711
mu is
0.001
number of trials is
36000
number of Z or Y failures is
36
number of X failures is
0
average trial time
122.99414433137002
stderr is
0.00016658562619489706
target is
0.0001
mu is
0.000994475138121547
number of trials is
36200
number of Z or Y failures is
36
number of X failures is
0
average trial time
123.70243595611522
stderr is
0.00016566570900297087
target is
9.944751381215471e-5
mu is
0.000989010989010989
number of trials is
36400
number of Z or Y failures is
36
number of X failures is
0
average trial time
124.40703491780526
stderr is
0.00016475589592243597
target is
9.89010989010989e-5
mu is
0.0009836065573770492
number of trials is
36600
number of Z or Y failures is
36
number of X failures is
0
average trial time
125.09985420345032
stderr is
0.00016385602139152233
target is
9.836065573770493e-5
mu is
0.0009782608695652175
number of trials is
36800
number of Z or Y failures is
36
number of X failures is
0
average trial time
125.80565516248531
stderr is
0.00016296592344591183
target is
9.782608695652176e-5
mu is
0.0009729729729729729
number of trials is
37000
number of Z or Y failures is
36
number of X failures is
0
average trial time
126.50646061499036
stderr is
0.0001620854436215557
target is
9.72972972972973e-5
mu is
0.000967741935483871
number of trials is
37200
number of Z or Y failures is
36
number of X failures is
0
average trial time
127.20787388225025
stderr is
0.00016121442686062602
target is
9.677419354838711e-5
mu is
0.0009625668449197861
number of trials is
37400
number of Z or Y failures is
36
number of X failures is
0
average trial time
127.90680463549027
stderr is
0.00016035272142048268
target is
9.625668449197862e-5
mu is
0.0009574468085106382
number of trials is
37600
number of Z or Y failures is
36
number of X failures is
0
average trial time
128.6060900962503
stderr is
0.0001595001787855451
target is
9.574468085106382e-5
mu is
0.0009523809523809524
number of trials is
37800
number of Z or Y failures is
36
number of X failures is
0
average trial time
129.30339411323033
stderr is
0.00015865665358195957
target is
9.523809523809524e-5
mu is
0.0009473684210526315
number of trials is
38000
number of Z or Y failures is
36
number of X failures is
0
average trial time
129.98943669097542
stderr is
0.0001578220034949609
target is
9.473684210526316e-5
mu is
0.0009424083769633508
number of trials is
38200
number of Z or Y failures is
36
number of X failures is
0
average trial time
130.69122478456546
stderr is
0.0001569960891888279
target is
9.424083769633509e-5
mu is
0.0009635416666666667
number of trials is
38400
number of Z or Y failures is
37
number of X failures is
0
average trial time
131.39015570786046
stderr is
0.0001583310024085213
target is
9.635416666666668e-5
mu is
0.0009585492227979275
number of trials is
38600
number of Z or Y failures is
37
number of X failures is
0
average trial time
132.07906525514542
stderr is
0.00015751101745378624
target is
9.585492227979276e-5
mu is
0.0009536082474226804
number of trials is
38800
number of Z or Y failures is
37
number of X failures is
0
average trial time
132.78671581641038
stderr is
0.00015669948202376205
target is
9.536082474226805e-5
mu is
0.0009487179487179487
number of trials is
39000
number of Z or Y failures is
37
number of X failures is
0
average trial time
133.48144685916049
stderr is
0.00015589626618590374
target is
9.487179487179487e-5
mu is
0.0009438775510204082
number of trials is
39200
number of Z or Y failures is
37
number of X failures is
0
average trial time
134.1863036803005
stderr is
0.0001551012426581295
target is
9.438775510204082e-5
mu is
0.0009390862944162437
number of trials is
39400
number of Z or Y failures is
37
number of X failures is
0
average trial time
134.88678284991548
stderr is
0.00015431428674158088
target is
9.390862944162437e-5
mu is
0.0009595959595959596
number of trials is
39600
number of Z or Y failures is
38
number of X failures is
0
average trial time
135.58197666939546
stderr is
0.00015559427821541596
target is
9.595959595959597e-5
mu is
0.0009547738693467337
number of trials is
39800
number of Z or Y failures is
38
number of X failures is
0
average trial time
136.27702714832552
stderr is
0.00015481276121521743
target is
9.547738693467338e-5
mu is
0.00095
number of trials is
40000
number of Z or Y failures is
38
number of X failures is
0
average trial time
136.96414105815057
stderr is
0.00015403905576433374
target is
9.5e-5
mu is
0.000945273631840796
number of trials is
40200
number of Z or Y failures is
38
number of X failures is
0
average trial time
137.6573101308856
stderr is
0.00015327304532626154
target is
9.452736318407961e-5
mu is
0.0009405940594059406
number of trials is
40400
number of Z or Y failures is
38
number of X failures is
0
average trial time
138.35791116326055
stderr is
0.000152514615671091
target is
9.405940594059406e-5
mu is
0.000935960591133005
number of trials is
40600
number of Z or Y failures is
38
number of X failures is
0
average trial time
139.08186786458054
stderr is
0.00015176365481871915
target is
9.359605911330051e-5
mu is
0.0009313725490196079
number of trials is
40800
number of Z or Y failures is
38
number of X failures is
0
average trial time
139.80955766926047
stderr is
0.0001510200529837326
target is
9.313725490196079e-5
mu is
0.0009268292682926829
number of trials is
41000
number of Z or Y failures is
38
number of X failures is
0
average trial time
140.53225223046044
stderr is
0.0001502837025219028
target is
9.26829268292683e-5
mu is
0.0009466019417475729
number of trials is
41200
number of Z or Y failures is
39
number of X failures is
0
average trial time
141.2632173162506
stderr is
0.00015150770119608665
target is
9.466019417475729e-5
mu is
0.0009420289855072464
number of trials is
41400
number of Z or Y failures is
39
number of X failures is
0
average trial time
141.98335843481053
stderr is
0.00015077611616618
target is
9.420289855072465e-5
mu is
0.0009375
number of trials is
41600
number of Z or Y failures is
39
number of X failures is
0
average trial time
142.6985064040855
stderr is
0.00015005156238944608
target is
9.375e-5
mu is
0.0009569377990430622
number of trials is
41800
number of Z or Y failures is
40
number of X failures is
0
average trial time
143.41216714956053
stderr is
0.00015123454810393066
target is
9.569377990430622e-5
mu is
0.0009523809523809524
number of trials is
42000
number of Z or Y failures is
40
number of X failures is
0
average trial time
144.11611677415058
stderr is
0.0001505147182791131
target is
9.523809523809524e-5
mu is
0.0009478672985781991
number of trials is
42200
number of Z or Y failures is
40
number of X failures is
0
average trial time
144.8298789299755
stderr is
0.00014980170832762382
target is
9.478672985781992e-5
mu is
0.0009433962264150943
number of trials is
42400
number of Z or Y failures is
40
number of X failures is
0
average trial time
145.54745905451546
stderr is
0.00014909542178631317
target is
9.433962264150944e-5
mu is
0.0009624413145539906
number of trials is
42600
number of Z or Y failures is
41
number of X failures is
0
average trial time
146.25751633580555
stderr is
0.00015023749528670914
target is
9.624413145539907e-5
mu is
0.0009579439252336449
number of trials is
42800
number of Z or Y failures is
41
number of X failures is
0
average trial time
146.96399052769556
stderr is
0.00014953577929768033
target is
9.579439252336449e-5
mu is
0.0009534883720930232
number of trials is
43000
number of Z or Y failures is
41
number of X failures is
0
average trial time
147.66164785581057
stderr is
0.00014884058785796523
target is
9.534883720930233e-5
mu is
0.0009722222222222222
number of trials is
43200
number of Z or Y failures is
42
number of X failures is
0
average trial time
148.3571484716606
stderr is
0.0001499459385570446
target is
9.722222222222223e-5
mu is
0.000990783410138249
number of trials is
43400
number of Z or Y failures is
43
number of X failures is
0
average trial time
149.05700837625568
stderr is
0.00015101992463154032
target is
9.90783410138249e-5
mu is
0.0010091743119266055
number of trials is
43600
number of Z or Y failures is
44
number of X failures is
0
average trial time
149.76851060946063
stderr is
0.000152063709073265
target is
0.00010091743119266055
mu is
0.001004566210045662
number of trials is
43800
number of Z or Y failures is
44
number of X failures is
0
average trial time
150.47685429372063
stderr is
0.0001513696954253078
target is
0.0001004566210045662
mu is
0.001
number of trials is
44000
number of Z or Y failures is
44
number of X failures is
0
average trial time
151.17923381696562
stderr is
0.00015068198790389636
target is
0.0001
mu is
0.000995475113122172
number of trials is
44200
number of Z or Y failures is
44
number of X failures is
0
average trial time
151.87370369764565
stderr is
0.0001500005009472488
target is
9.95475113122172e-5
mu is
0.000990990990990991
number of trials is
44400
number of Z or Y failures is
44
number of X failures is
0
average trial time
152.57666319463053
stderr is
0.00014932515053448794
target is
9.90990990990991e-5
mu is
0.001008968609865471
number of trials is
44600
number of Z or Y failures is
45
number of X failures is
0
average trial time
153.28877420967038
stderr is
0.00015033394758366813
target is
0.00010089686098654709
mu is
0.0010044642857142856
number of trials is
44800
number of Z or Y failures is
45
number of X failures is
0
average trial time
153.99200343572033
stderr is
0.00014966314380354716
target is
0.00010044642857142857
mu is
0.001
number of trials is
45000
number of Z or Y failures is
45
number of X failures is
0
average trial time
154.70026593541536
stderr is
0.0001489982998033754
target is
0.0001
mu is
0.000995575221238938
number of trials is
45200
number of Z or Y failures is
45
number of X failures is
0
average trial time
155.40216328670527
stderr is
0.0001483393365096337
target is
9.955752212389381e-5
mu is
0.0009911894273127754
number of trials is
45400
number of Z or Y failures is
45
number of X failures is
0
average trial time
156.10034122748542
stderr is
0.00014768617624149138
target is
9.911894273127755e-5
mu is
0.0010087719298245614
number of trials is
45600
number of Z or Y failures is
46
number of X failures is
0
average trial time
156.80762999164554
stderr is
0.00014866189779086307
target is
0.00010087719298245615
mu is
0.0010043668122270743
number of trials is
45800
number of Z or Y failures is
46
number of X failures is
0
average trial time
157.50659146316065
stderr is
0.00014801303844617252
target is
0.00010043668122270743
mu is
0.001
number of trials is
46000
number of Z or Y failures is
46
number of X failures is
0
average trial time
158.20544004097567
stderr is
0.0001473698185919143
target is
0.0001
mu is
0.0009956709956709957
number of trials is
46200
number of Z or Y failures is
46
number of X failures is
0
average trial time
158.9053035836806
stderr is
0.00014673216502371272
target is
9.956709956709958e-5
mu is
0.0009913793103448277
number of trials is
46400
number of Z or Y failures is
46
number of X failures is
0
average trial time
159.59924233068062
stderr is
0.0001461000057987223
target is
9.913793103448277e-5
mu is
0.0009871244635193132
number of trials is
46600
number of Z or Y failures is
46
number of X failures is
0
average trial time
160.30191079188077
stderr is
0.00014547327020856973
target is
9.871244635193133e-5
mu is
0.000982905982905983
number of trials is
46800
number of Z or Y failures is
46
number of X failures is
0
average trial time
161.00619810658569
stderr is
0.0001448518887529888
target is
9.82905982905983e-5
mu is
0.0009787234042553192
number of trials is
47000
number of Z or Y failures is
46
number of X failures is
0
average trial time
161.70551260886572
stderr is
0.0001442357931141284
target is
9.787234042553194e-5
mu is
0.0009745762711864407
number of trials is
47200
number of Z or Y failures is
46
number of X failures is
0
average trial time
162.39664344853082
stderr is
0.00014362491613151325
target is
9.745762711864408e-5
mu is
0.000991561181434599
number of trials is
47400
number of Z or Y failures is
47
number of X failures is
0
average trial time
163.08850696805592
stderr is
0.00014456386369734523
target is
9.915611814345991e-5
mu is
0.0009873949579831934
number of trials is
47600
number of Z or Y failures is
47
number of X failures is
0
average trial time
163.799246009786
stderr is
0.00014395674629952556
target is
9.873949579831934e-5
mu is
0.0009832635983263599
number of trials is
47800
number of Z or Y failures is
47
number of X failures is
0
average trial time
164.49904122188607
stderr is
0.0001433547069331395
target is
9.8326359832636e-5
mu is
0.0009791666666666666
number of trials is
48000
number of Z or Y failures is
47
number of X failures is
0
average trial time
165.20217252622106
stderr is
0.0001427576821532856
target is
9.791666666666667e-5
mu is
0.000975103734439834
number of trials is
48200
number of Z or Y failures is
47
number of X failures is
0
average trial time
165.89543534724086
stderr is
0.0001421656095675857
target is
9.75103734439834e-5
mu is
0.0009710743801652893
number of trials is
48400
number of Z or Y failures is
47
number of X failures is
0
average trial time
166.60438077806577
stderr is
0.00014157842781444888
target is
9.710743801652894e-5
mu is
0.0009876543209876543
number of trials is
48600
number of Z or Y failures is
48
number of X failures is
0
average trial time
167.29703458568082
stderr is
0.00014248667271313437
target is
9.876543209876544e-5
mu is
0.0009836065573770492
number of trials is
48800
number of Z or Y failures is
48
number of X failures is
0
average trial time
167.99590222499097
stderr is
0.00014190299243432283
target is
9.836065573770493e-5
mu is
0.001
number of trials is
49000
number of Z or Y failures is
49
number of X failures is
0
average trial time
168.69687572224097
stderr is
0.00014278715343884088
target is
0.0001
mu is
0.0009959349593495934
number of trials is
49200
number of Z or Y failures is
49
number of X failures is
0
average trial time
169.4084768794807
stderr is
0.000142207001283966
target is
9.959349593495935e-5
mu is
0.0010323886639676113
number of trials is
49400
number of Z or Y failures is
51
number of X failures is
0
average trial time
170.1147783220655
stderr is
0.00014449014893064933
target is
0.00010323886639676114
mu is
0.001028225806451613
number of trials is
49600
number of Z or Y failures is
51
number of X failures is
0
average trial time
170.80607597558046
stderr is
0.00014390782133155645
target is
0.0001028225806451613
mu is
0.0010441767068273093
number of trials is
49800
number of Z or Y failures is
52
number of X failures is
0
average trial time
171.50141218484558
stderr is
0.00014472709033892036
target is
0.00010441767068273094
mu is
0.00104
number of trials is
50000
number of Z or Y failures is
52
number of X failures is
0
average trial time
172.20733088529545
stderr is
0.0001441484775350455
target is
0.000104
52
0
50000
0.00104
