mu is
0.0
number of trials is
200
number of Z or Y failures is
0
number of X failures is
0
average trial time
0.9134049763250001
mu is
0.0
number of trials is
400
number of Z or Y failures is
0
number of X failures is
0
average trial time
1.5333193789149993
mu is
0.0016666666666666668
number of trials is
600
number of Z or Y failures is
1
number of X failures is
0
average trial time
2.1510028057399992
mu is
0.00125
number of trials is
800
number of Z or Y failures is
1
number of X failures is
0
average trial time
2.757231655805
mu is
0.001
number of trials is
1000
number of Z or Y failures is
1
number of X failures is
0
average trial time
3.3770199828149963
mu is
0.0016666666666666668
number of trials is
1200
number of Z or Y failures is
2
number of X failures is
0
average trial time
3.9983762441699993
mu is
0.0014285714285714286
number of trials is
1400
number of Z or Y failures is
2
number of X failures is
0
average trial time
4.625938608135001
mu is
0.0025
number of trials is
1600
number of Z or Y failures is
4
number of X failures is
0
average trial time
5.239376006525
mu is
0.0022222222222222222
number of trials is
1800
number of Z or Y failures is
4
number of X failures is
0
average trial time
5.851398482010003
mu is
0.002
number of trials is
2000
number of Z or Y failures is
4
number of X failures is
0
average trial time
6.474295603510001
mu is
0.0018181818181818182
number of trials is
2200
number of Z or Y failures is
4
number of X failures is
0
average trial time
7.08804056703
mu is
0.0016666666666666668
number of trials is
2400
number of Z or Y failures is
4
number of X failures is
0
average trial time
7.70340444898
mu is
0.0015384615384615385
number of trials is
2600
number of Z or Y failures is
4
number of X failures is
0
average trial time
8.320757783160008
mu is
0.0014285714285714286
number of trials is
2800
number of Z or Y failures is
4
number of X failures is
0
average trial time
8.934538898140005
mu is
0.0013333333333333333
number of trials is
3000
number of Z or Y failures is
4
number of X failures is
0
average trial time
9.544341405745012
mu is
0.00125
number of trials is
3200
number of Z or Y failures is
4
number of X failures is
0
average trial time
10.170967239925012
mu is
0.0014705882352941176
number of trials is
3400
number of Z or Y failures is
5
number of X failures is
0
average trial time
10.786642705615014
stderr is
0.0006572799615000046
target is
0.00014705882352941178
mu is
0.001388888888888889
number of trials is
3600
number of Z or Y failures is
5
number of X failures is
0
average trial time
11.398424841045012
stderr is
0.0006207847296911626
target is
0.0001388888888888889
mu is
0.0013157894736842105
number of trials is
3800
number of Z or Y failures is
5
number of X failures is
0
average trial time
12.008566530665028
stderr is
0.0005881290736314881
target is
0.00013157894736842105
mu is
0.00125
number of trials is
4000
number of Z or Y failures is
5
number of X failures is
0
average trial time
12.620396738360022
stderr is
0.0005587373460360994
target is
0.000125
mu is
0.0011904761904761906
number of trials is
4200
number of Z or Y failures is
5
number of X failures is
0
average trial time
13.23052378551002
stderr is
0.0005321434942566355
target is
0.00011904761904761906
mu is
0.0011363636363636363
number of trials is
4400
number of Z or Y failures is
5
number of X failures is
0
average trial time
13.84641426968501
stderr is
0.0005079661637964474
target is
0.00011363636363636364
mu is
0.0010869565217391304
number of trials is
4600
number of Z or Y failures is
5
number of X failures is
0
average trial time
14.465170670615024
stderr is
0.0004858902937183206
target is
0.00010869565217391305
mu is
0.0010416666666666667
number of trials is
4800
number of Z or Y failures is
5
number of X failures is
0
average trial time
15.073047007095013
stderr is
0.0004656533112709585
target is
0.00010416666666666667
mu is
0.001
number of trials is
5000
number of Z or Y failures is
5
number of X failures is
0
average trial time
15.683540490155027
stderr is
0.0004470346384717841
target is
0.0001
mu is
0.0009615384615384616
number of trials is
5200
number of Z or Y failures is
5
number of X failures is
0
average trial time
16.300433933895036
stderr is
0.0004298476193108059
target is
9.615384615384617e-5
mu is
0.000925925925925926
number of trials is
5400
number of Z or Y failures is
5
number of X failures is
0
average trial time
16.912268886835044
stderr is
0.00041393324024108235
target is
9.25925925925926e-5
mu is
0.0008928571428571428
number of trials is
5600
number of Z or Y failures is
5
number of X failures is
0
average trial time
17.51212942593004
stderr is
0.0003991551957952486
target is
8.928571428571429e-5
mu is
0.0008620689655172414
number of trials is
5800
number of Z or Y failures is
5
number of X failures is
0
average trial time
18.12788582633002
stderr is
0.00038539597475513925
target is
8.620689655172414e-5
mu is
0.0008333333333333334
number of trials is
6000
number of Z or Y failures is
5
number of X failures is
0
average trial time
18.737174267280007
stderr is
0.00037255372882528644
target is
8.333333333333334e-5
mu is
0.0008064516129032258
number of trials is
6200
number of Z or Y failures is
5
number of X failures is
0
average trial time
19.358999439569992
stderr is
0.0003605397471731845
target is
8.064516129032258e-5
mu is
0.0009375
number of trials is
6400
number of Z or Y failures is
6
number of X failures is
0
average trial time
19.97362994060498
stderr is
0.00038258321473614524
target is
9.375e-5
mu is
0.0009090909090909091
number of trials is
6600
number of Z or Y failures is
6
number of X failures is
0
average trial time
20.591018136524973
stderr is
0.0003709941801985044
target is
9.090909090909092e-5
mu is
0.0010294117647058824
number of trials is
6800
number of Z or Y failures is
7
number of X failures is
0
average trial time
21.20665118766998
stderr is
0.00038890935860160035
target is
0.00010294117647058825
mu is
0.001142857142857143
number of trials is
7000
number of Z or Y failures is
8
number of X failures is
0
average trial time
21.822527079549978
stderr is
0.00040385890789900743
target is
0.0001142857142857143
mu is
0.00125
number of trials is
7200
number of Z or Y failures is
9
number of X failures is
0
average trial time
22.444926515854988
stderr is
0.0004164350886764748
target is
0.000125
mu is
0.0012162162162162162
number of trials is
7400
number of Z or Y failures is
9
number of X failures is
0
average trial time
23.067863557829995
stderr is
0.0004051861784566149
target is
0.00012162162162162162
mu is
0.0011842105263157896
number of trials is
7600
number of Z or Y failures is
9
number of X failures is
0
average trial time
23.696990019849995
stderr is
0.0003945290038167438
target is
0.00011842105263157896
mu is
0.001153846153846154
number of trials is
7800
number of Z or Y failures is
9
number of X failures is
0
average trial time
24.329339154850004
stderr is
0.00038441807005341037
target is
0.0001153846153846154
mu is
0.001125
number of trials is
8000
number of Z or Y failures is
9
number of X failures is
0
average trial time
24.96346210835002
stderr is
0.000374812429649388
target is
0.0001125
mu is
0.0010975609756097562
number of trials is
8200
number of Z or Y failures is
9
number of X failures is
0
average trial time
25.575096478150027
stderr is
0.0003656751280106261
target is
0.00010975609756097563
mu is
0.0010714285714285715
number of trials is
8400
number of Z or Y failures is
9
number of X failures is
0
average trial time
26.196672487600026
stderr is
0.0003569727283457114
target is
0.00010714285714285715
mu is
0.0010465116279069768
number of trials is
8600
number of Z or Y failures is
9
number of X failures is
0
average trial time
26.82984404979499
stderr is
0.00034867490281020684
target is
0.00010465116279069768
mu is
0.0010227272727272728
number of trials is
8800
number of Z or Y failures is
9
number of X failures is
0
average trial time
27.47171582508
stderr is
0.00034075407937855367
target is
0.00010227272727272728
mu is
0.001
number of trials is
9000
number of Z or Y failures is
9
number of X failures is
0
average trial time
28.088930928524984
stderr is
0.0003331851357786778
target is
0.0001
mu is
0.0010869565217391304
number of trials is
9200
number of Z or Y failures is
10
number of X failures is
0
average trial time
28.72265890326998
stderr is
0.0003435576464373737
target is
0.00010869565217391305
mu is
0.0010638297872340426
number of trials is
9400
number of Z or Y failures is
10
number of X failures is
0
average trial time
29.38368608290994
stderr is
0.00033625141278362307
target is
0.00010638297872340427
mu is
0.0010416666666666667
number of trials is
9600
number of Z or Y failures is
10
number of X failures is
0
average trial time
30.018346405084948
stderr is
0.00032924946254556375
target is
0.00010416666666666667
mu is
0.0011224489795918367
number of trials is
9800
number of Z or Y failures is
11
number of X failures is
0
average trial time
30.66170552778996
stderr is
0.0003382583704268046
target is
0.00011224489795918369
mu is
0.0012
number of trials is
10000
number of Z or Y failures is
12
number of X failures is
0
average trial time
31.328511305959957
stderr is
0.0003462195644366157
target is
0.00011999999999999999
mu is
0.001176470588235294
number of trials is
10200
number of Z or Y failures is
12
number of X failures is
0
average trial time
31.96177969743995
stderr is
0.0003394346107933643
target is
0.0001176470588235294
mu is
0.001153846153846154
number of trials is
10400
number of Z or Y failures is
12
number of X failures is
0
average trial time
32.61015234442496
stderr is
0.00033291047859489983
target is
0.0001153846153846154
mu is
0.0011320754716981133
number of trials is
10600
number of Z or Y failures is
12
number of X failures is
0
average trial time
33.270748583994965
stderr is
0.0003266324120471293
target is
0.00011320754716981133
mu is
0.0011111111111111111
number of trials is
10800
number of Z or Y failures is
12
number of X failures is
0
average trial time
33.91006283449996
stderr is
0.00032058674781891225
target is
0.00011111111111111112
mu is
0.001090909090909091
number of trials is
11000
number of Z or Y failures is
12
number of X failures is
0
average trial time
34.57861768042496
stderr is
0.000314760815777142
target is
0.0001090909090909091
mu is
0.0011607142857142858
number of trials is
11200
number of Z or Y failures is
13
number of X failures is
0
average trial time
35.22884967859999
stderr is
0.00032175169999241104
target is
0.00011607142857142858
mu is
0.0011403508771929824
number of trials is
11400
number of Z or Y failures is
13
number of X failures is
0
average trial time
35.88748100566504
stderr is
0.00031610990795504765
target is
0.00011403508771929824
mu is
0.0011206896551724137
number of trials is
11600
number of Z or Y failures is
13
number of X failures is
0
average trial time
36.57059733202002
stderr is
0.00031066255963099136
target is
0.00011206896551724138
mu is
0.0011016949152542373
number of trials is
11800
number of Z or Y failures is
13
number of X failures is
0
average trial time
37.20371154672005
stderr is
0.0003053997730940165
target is
0.00011016949152542374
mu is
0.0010833333333333333
number of trials is
12000
number of Z or Y failures is
13
number of X failures is
0
average trial time
37.888150389665064
stderr is
0.00030031232488232125
target is
0.00010833333333333333
mu is
0.0010655737704918034
number of trials is
12200
number of Z or Y failures is
13
number of X failures is
0
average trial time
38.53798348637505
stderr is
0.0002953915960527016
target is
0.00010655737704918035
mu is
0.0010483870967741935
number of trials is
12400
number of Z or Y failures is
13
number of X failures is
0
average trial time
39.201902896300034
stderr is
0.0002906295234527491
target is
0.00010483870967741936
mu is
0.0010317460317460319
number of trials is
12600
number of Z or Y failures is
13
number of X failures is
0
average trial time
39.89114630319001
stderr is
0.0002860185556315697
target is
0.00010317460317460319
mu is
0.001015625
number of trials is
12800
number of Z or Y failures is
13
number of X failures is
0
average trial time
40.54964622773999
stderr is
0.000281551612881925
target is
0.00010156250000000001
mu is
0.001
number of trials is
13000
number of Z or Y failures is
13
number of X failures is
0
average trial time
41.241589165374954
stderr is
0.0002772220509690803
target is
0.0001
mu is
0.0010606060606060607
number of trials is
13200
number of Z or Y failures is
14
number of X failures is
0
average trial time
41.88984279981
stderr is
0.00028331926594267644
target is
0.00010606060606060608
mu is
0.001044776119402985
number of trials is
13400
number of Z or Y failures is
14
number of X failures is
0
average trial time
42.59986442321003
stderr is
0.000279092673714631
target is
0.0001044776119402985
mu is
0.0010294117647058824
number of trials is
13600
number of Z or Y failures is
14
number of X failures is
0
average trial time
43.25588674609002
stderr is
0.0002749903334942889
target is
0.00010294117647058825
mu is
0.0010144927536231885
number of trials is
13800
number of Z or Y failures is
14
number of X failures is
0
average trial time
43.976923880765014
stderr is
0.000271006845571914
target is
0.00010144927536231885
mu is
0.001
number of trials is
14000
number of Z or Y failures is
14
number of X failures is
0
average trial time
44.62187163079005
stderr is
0.00026713711864885314
target is
0.0001
mu is
0.0009859154929577464
number of trials is
14200
number of Z or Y failures is
14
number of X failures is
0
average trial time
45.324148316435085
stderr is
0.0002633763481284301
target is
9.859154929577464e-5
mu is
0.0009722222222222222
number of trials is
14400
number of Z or Y failures is
14
number of X failures is
0
average trial time
45.9878891305551
stderr is
0.00025971999621511105
target is
9.722222222222223e-5
mu is
0.0010273972602739725
number of trials is
14600
number of Z or Y failures is
15
number of X failures is
0
average trial time
46.697736152885106
stderr is
0.0002651456071072175
target is
0.00010273972602739725
mu is
0.0010135135135135136
number of trials is
14800
number of Z or Y failures is
15
number of X failures is
0
average trial time
47.36288440760012
stderr is
0.00026156425489977733
target is
0.00010135135135135136
mu is
0.001
number of trials is
15000
number of Z or Y failures is
15
number of X failures is
0
average trial time
48.08960057208511
stderr is
0.000258078360766686
target is
0.0001
mu is
0.000986842105263158
number of trials is
15200
number of Z or Y failures is
15
number of X failures is
0
average trial time
48.758591207280126
stderr is
0.0002546841583659321
target is
9.86842105263158e-5
mu is
0.001038961038961039
number of trials is
15400
number of Z or Y failures is
16
number of X failures is
0
average trial time
49.48131153033016
stderr is
0.00025961372382407377
target is
0.0001038961038961039
mu is
0.0010256410256410256
number of trials is
15600
number of Z or Y failures is
16
number of X failures is
0
average trial time
50.15672284595518
stderr is
0.0002562869446945548
target is
0.00010256410256410257
mu is
0.0010126582278481013
number of trials is
15800
number of Z or Y failures is
16
number of X failures is
0
average trial time
50.8655361058102
stderr is
0.0002530443477672191
target is
0.00010126582278481013
mu is
0.0010625
number of trials is
16000
number of Z or Y failures is
17
number of X failures is
0
average trial time
51.538969759030195
stderr is
0.0002575652142649507
target is
0.00010625000000000001
mu is
0.0010493827160493827
number of trials is
16200
number of Z or Y failures is
17
number of X failures is
0
average trial time
52.256496445745206
stderr is
0.00025438696884749664
target is
0.00010493827160493828
mu is
0.0010365853658536586
number of trials is
16400
number of Z or Y failures is
17
number of X failures is
0
average trial time
52.95271447250528
stderr is
0.0002512862037244874
target is
0.00010365853658536586
mu is
0.0010843373493975904
number of trials is
16600
number of Z or Y failures is
18
number of X failures is
0
average trial time
53.66287055435529
stderr is
0.000255449853204649
target is
0.00010843373493975904
mu is
0.0010714285714285715
number of trials is
16800
number of Z or Y failures is
18
number of X failures is
0
average trial time
54.36938590999535
stderr is
0.0002524103239172892
target is
0.00010714285714285715
mu is
0.0010588235294117646
number of trials is
17000
number of Z or Y failures is
18
number of X failures is
0
average trial time
55.06868328644032
stderr is
0.0002494422771368809
target is
0.00010588235294117646
mu is
0.0010465116279069768
number of trials is
17200
number of Z or Y failures is
18
number of X failures is
0
average trial time
55.79917630842526
stderr is
0.0002465432205233011
target is
0.00010465116279069768
mu is
0.0010344827586206897
number of trials is
17400
number of Z or Y failures is
18
number of X failures is
0
average trial time
56.486647644990306
stderr is
0.00024371077627059951
target is
0.00010344827586206898
mu is
0.0010227272727272728
number of trials is
17600
number of Z or Y failures is
18
number of X failures is
0
average trial time
57.20882341509029
stderr is
0.0002409426746025316
target is
0.00010227272727272728
mu is
0.0010112359550561798
number of trials is
17800
number of Z or Y failures is
18
number of X failures is
0
average trial time
57.91801015898023
stderr is
0.00023823674770638486
target is
0.00010112359550561799
mu is
0.001
number of trials is
18000
number of Z or Y failures is
18
number of X failures is
0
average trial time
58.631655024225246
stderr is
0.0002355909240710243
target is
0.0001
mu is
0.000989010989010989
number of trials is
18200
number of Z or Y failures is
18
number of X failures is
0
average trial time
59.34999166233027
stderr is
0.00023300322319807872
target is
9.89010989010989e-5
mu is
0.0009782608695652175
number of trials is
18400
number of Z or Y failures is
18
number of X failures is
0
average trial time
60.05622999532522
stderr is
0.00023047175065788925
target is
9.782608695652176e-5
mu is
0.000967741935483871
number of trials is
18600
number of Z or Y failures is
18
number of X failures is
0
average trial time
60.78601312119027
stderr is
0.00022799469346428285
target is
9.677419354838711e-5
mu is
0.0010106382978723404
number of trials is
18800
number of Z or Y failures is
19
number of X failures is
0
average trial time
61.510441368045306
stderr is
0.00023174529924619702
target is
0.00010106382978723405
mu is
0.001
number of trials is
19000
number of Z or Y failures is
19
number of X failures is
0
average trial time
62.207756874210354
stderr is
0.0002293070317872877
target is
0.0001
mu is
0.0009895833333333334
number of trials is
19200
number of Z or Y failures is
19
number of X failures is
0
average trial time
62.93585711314541
stderr is
0.000226919537712471
target is
9.895833333333334e-5
mu is
0.000979381443298969
number of trials is
19400
number of Z or Y failures is
19
number of X failures is
0
average trial time
63.6580644532204
stderr is
0.00022458124744127232
target is
9.793814432989691e-5
mu is
0.0010204081632653062
number of trials is
19600
number of Z or Y failures is
20
number of X failures is
0
average trial time
64.36457520295036
stderr is
0.00022805957662553724
target is
0.00010204081632653063
mu is
0.00101010101010101
number of trials is
19800
number of Z or Y failures is
20
number of X failures is
0
average trial time
65.09080586271031
stderr is
0.00022575705099858948
target is
0.00010101010101010101
mu is
0.00105
number of trials is
20000
number of Z or Y failures is
21
number of X failures is
0
average trial time
65.81454938597538
stderr is
0.000229014185968618
target is
0.000105
mu is
0.0010396039603960397
number of trials is
20200
number of Z or Y failures is
21
number of X failures is
0
average trial time
66.51879297253032
stderr is
0.00022674784252203783
target is
0.00010396039603960397
mu is
0.0010294117647058824
number of trials is
20400
number of Z or Y failures is
21
number of X failures is
0
average trial time
67.25367277528531
stderr is
0.00022452591535770968
target is
0.00010294117647058825
mu is
0.0010679611650485437
number of trials is
20600
number of Z or Y failures is
22
number of X failures is
0
average trial time
67.97113570577531
stderr is
0.00022757399457296943
target is
0.00010679611650485437
mu is
0.0011057692307692307
number of trials is
20800
number of Z or Y failures is
23
number of X failures is
0
average trial time
68.6971606148153
stderr is
0.00023044684967555218
target is
0.00011057692307692308
mu is
0.0010952380952380953
number of trials is
21000
number of Z or Y failures is
23
number of X failures is
0
average trial time
69.42209680339029
stderr is
0.0002282532687198811
target is
0.00010952380952380953
mu is
0.0010849056603773584
number of trials is
21200
number of Z or Y failures is
23
number of X failures is
0
average trial time
70.15389965205036
stderr is
0.00022610105456643195
target is
0.00010849056603773585
mu is
0.001074766355140187
number of trials is
21400
number of Z or Y failures is
23
number of X failures is
0
average trial time
70.87416489416529
stderr is
0.00022398904799616316
target is
0.0001074766355140187
mu is
0.0010648148148148149
number of trials is
21600
number of Z or Y failures is
23
number of X failures is
0
average trial time
71.58061885035532
stderr is
0.00022191613270212794
target is
0.00010648148148148149
mu is
0.001055045871559633
number of trials is
21800
number of Z or Y failures is
23
number of X failures is
0
average trial time
72.30712662206531
stderr is
0.0002198812333220274
target is
0.0001055045871559633
mu is
0.0010454545454545454
number of trials is
22000
number of Z or Y failures is
23
number of X failures is
0
average trial time
73.03927183668033
stderr is
0.00021788331357802397
target is
0.00010454545454545455
mu is
0.001036036036036036
number of trials is
22200
number of Z or Y failures is
23
number of X failures is
0
average trial time
73.76494479849032
stderr is
0.0002159213745170573
target is
0.00010360360360360361
mu is
0.0010267857142857142
number of trials is
22400
number of Z or Y failures is
23
number of X failures is
0
average trial time
74.4874655510103
stderr is
0.0002139944528453806
target is
0.00010267857142857143
mu is
0.0010176991150442477
number of trials is
22600
number of Z or Y failures is
23
number of X failures is
0
average trial time
75.20816678294534
stderr is
0.00021210161935148657
target is
0.00010176991150442478
mu is
0.0010087719298245614
number of trials is
22800
number of Z or Y failures is
23
number of X failures is
0
average trial time
75.93733747445032
stderr is
0.00021024197741199637
target is
0.00010087719298245615
mu is
0.001
number of trials is
23000
number of Z or Y failures is
23
number of X failures is
0
average trial time
76.65282506982531
stderr is
0.00020841466157546507
target is
0.0001
mu is
0.0009913793103448277
number of trials is
23200
number of Z or Y failures is
23
number of X failures is
0
average trial time
77.37495992225033
stderr is
0.00020661883621940356
target is
9.913793103448277e-5
mu is
0.0010256410256410256
number of trials is
23400
number of Z or Y failures is
24
number of X failures is
0
average trial time
78.07745119610024
stderr is
0.00020925517831589513
target is
0.00010256410256410257
mu is
0.001059322033898305
number of trials is
23600
number of Z or Y failures is
25
number of X failures is
0
average trial time
78.78991649368027
stderr is
0.0002117566471456244
target is
0.00010593220338983052
mu is
0.0010504201680672268
number of trials is
23800
number of Z or Y failures is
25
number of X failures is
0
average trial time
79.5186367466753
stderr is
0.00020997807772037944
target is
0.0001050420168067227
mu is
0.0010416666666666667
number of trials is
24000
number of Z or Y failures is
25
number of X failures is
0
average trial time
80.24930761145029
stderr is
0.0002082291362693405
target is
0.00010416666666666667
mu is
0.0010330578512396695
number of trials is
24200
number of Z or Y failures is
25
number of X failures is
0
average trial time
80.96069926192024
stderr is
0.00020650908857986836
target is
0.00010330578512396695
mu is
0.0010245901639344263
number of trials is
24400
number of Z or Y failures is
25
number of X failures is
0
average trial time
81.66861101355026
stderr is
0.0002048172244999892
target is
0.00010245901639344264
mu is
0.001056910569105691
number of trials is
24600
number of Z or Y failures is
26
number of X failures is
0
average trial time
82.39151836829018
stderr is
0.00020717186115458435
target is
0.00010569105691056911
mu is
0.0010483870967741935
number of trials is
24800
number of Z or Y failures is
26
number of X failures is
0
average trial time
83.10217892779012
stderr is
0.0002055019633693254
target is
0.00010483870967741936
mu is
0.00104
number of trials is
25000
number of Z or Y failures is
26
number of X failures is
0
average trial time
83.8292093542152
stderr is
0.0002038587705641664
target is
0.000104
mu is
0.0011111111111111111
number of trials is
25200
number of Z or Y failures is
28
number of X failures is
0
average trial time
84.56096882386018
stderr is
0.00020986773874272764
target is
0.00011111111111111112
mu is
0.0011023622047244095
number of trials is
25400
number of Z or Y failures is
28
number of X failures is
0
average trial time
85.28912631389014
stderr is
0.00020821611617084112
target is
0.00011023622047244096
mu is
0.00109375
number of trials is
25600
number of Z or Y failures is
28
number of X failures is
0
average trial time
86.01560689465508
stderr is
0.0002065902865656597
target is
0.00010937500000000002
mu is
0.0010852713178294573
number of trials is
25800
number of Z or Y failures is
28
number of X failures is
0
average trial time
86.7223660497151
stderr is
0.0002049896504055004
target is
0.00010852713178294573
mu is
0.0010769230769230769
number of trials is
26000
number of Z or Y failures is
28
number of X failures is
0
average trial time
87.42712817114014
stderr is
0.0002034136266058886
target is
0.0001076923076923077
mu is
0.0011450381679389313
number of trials is
26200
number of Z or Y failures is
30
number of X failures is
0
average trial time
88.154095222905
stderr is
0.00020893867675749565
target is
0.00011450381679389314
mu is
0.0011363636363636363
number of trials is
26400
number of Z or Y failures is
30
number of X failures is
0
average trial time
88.85129096501983
stderr is
0.00020735667840061426
target is
0.00011363636363636364
mu is
0.0011278195488721805
number of trials is
26600
number of Z or Y failures is
30
number of X failures is
0
average trial time
89.56001445500476
stderr is
0.00020579845649826897
target is
0.00011278195488721806
mu is
0.001119402985074627
number of trials is
26800
number of Z or Y failures is
30
number of X failures is
0
average trial time
90.2680604276596
stderr is
0.0002042634790306144
target is
0.0001119402985074627
mu is
0.0011111111111111111
number of trials is
27000
number of Z or Y failures is
30
number of X failures is
0
average trial time
91.00480339061954
stderr is
0.00020275122973285878
target is
0.00011111111111111112
mu is
0.0011029411764705882
number of trials is
27200
number of Z or Y failures is
30
number of X failures is
0
average trial time
91.74122391646455
stderr is
0.00020126120751634414
target is
0.00011029411764705883
mu is
0.0010948905109489052
number of trials is
27400
number of Z or Y failures is
30
number of X failures is
0
average trial time
92.45990775544956
stderr is
0.00019979292591496746
target is
0.00010948905109489052
mu is
0.0010869565217391304
number of trials is
27600
number of Z or Y failures is
30
number of X failures is
0
average trial time
93.1643534525795
stderr is
0.00019834591255565737
target is
0.00010869565217391305
mu is
0.001079136690647482
number of trials is
27800
number of Z or Y failures is
30
number of X failures is
0
average trial time
93.87066928229467
stderr is
0.00019691970865169623
target is
0.0001079136690647482
mu is
0.0010714285714285715
number of trials is
28000
number of Z or Y failures is
30
number of X failures is
0
average trial time
94.57983326038473
stderr is
0.0001955138685177456
target is
0.00010714285714285715
mu is
0.0010638297872340426
number of trials is
28200
number of Z or Y failures is
30
number of X failures is
0
average trial time
95.27714662452983
stderr is
0.00019412795910549833
target is
0.00010638297872340427
mu is
0.001056338028169014
number of trials is
28400
number of Z or Y failures is
30
number of X failures is
0
average trial time
95.98756245936984
stderr is
0.0001927615595589409
target is
0.0001056338028169014
mu is
0.001048951048951049
number of trials is
28600
number of Z or Y failures is
30
number of X failures is
0
average trial time
96.69510935953487
stderr is
0.00019141426078826625
target is
0.0001048951048951049
mu is
0.0010763888888888889
number of trials is
28800
number of Z or Y failures is
31
number of X failures is
0
average trial time
97.40371844048477
stderr is
0.00019322443157088887
target is
0.00010763888888888889
mu is
0.0010689655172413793
number of trials is
29000
number of Z or Y failures is
31
number of X failures is
0
average trial time
98.09254474894483
stderr is
0.00019189253931616514
target is
0.00010689655172413793
mu is
0.0010616438356164384
number of trials is
29200
number of Z or Y failures is
31
number of X failures is
0
average trial time
98.79988374279986
stderr is
0.0001905788827703361
target is
0.00010616438356164384
mu is
0.0010884353741496598
number of trials is
29400
number of Z or Y failures is
32
number of X failures is
0
average trial time
99.5009747688248
stderr is
0.000192308537628688
target is
0.00010884353741496599
mu is
0.001081081081081081
number of trials is
29600
number of Z or Y failures is
32
number of X failures is
0
average trial time
100.20210564464483
stderr is
0.00019100983680051559
target is
0.00010810810810810812
mu is
0.0010738255033557046
number of trials is
29800
number of Z or Y failures is
32
number of X failures is
0
average trial time
100.94107635108985
stderr is
0.00018972855911352673
target is
0.00010738255033557046
mu is
0.0010666666666666667
number of trials is
30000
number of Z or Y failures is
32
number of X failures is
0
average trial time
101.68139359098491
stderr is
0.00018846435628543302
target is
0.00010666666666666668
mu is
0.0010927152317880796
number of trials is
30200
number of Z or Y failures is
33
number of X failures is
0
average trial time
102.42355396870482
stderr is
0.00019011649874697286
target is
0.00010927152317880797
mu is
0.0011184210526315789
number of trials is
30400
number of Z or Y failures is
34
number of X failures is
0
average trial time
103.1497471134399
stderr is
0.00019170349031162191
target is
0.0001118421052631579
mu is
0.0011111111111111111
number of trials is
30600
number of Z or Y failures is
34
number of X failures is
0
average trial time
103.86881275813492
stderr is
0.00019045120271786887
target is
0.00011111111111111112
mu is
0.001103896103896104
number of trials is
30800
number of Z or Y failures is
34
number of X failures is
0
average trial time
104.58954504532983
stderr is
0.00018921516986942352
target is
0.0001103896103896104
mu is
0.0010967741935483872
number of trials is
31000
number of Z or Y failures is
34
number of X failures is
0
average trial time
105.30151765803483
stderr is
0.0001879950773262387
target is
0.00010967741935483872
mu is
0.0010897435897435897
number of trials is
31200
number of Z or Y failures is
34
number of X failures is
0
average trial time
106.00482959123968
stderr is
0.0001867906187065531
target is
0.00010897435897435898
mu is
0.0010828025477707007
number of trials is
31400
number of Z or Y failures is
34
number of X failures is
0
average trial time
106.72021693550974
stderr is
0.00018560149543039338
target is
0.00010828025477707007
mu is
0.0010759493670886076
number of trials is
31600
number of Z or Y failures is
34
number of X failures is
0
average trial time
107.43103626241489
stderr is
0.00018442741647281175
target is
0.00010759493670886077
mu is
0.0010691823899371068
number of trials is
31800
number of Z or Y failures is
34
number of X failures is
0
average trial time
108.14507566898992
stderr is
0.0001832680981264301
target is
0.00010691823899371068
mu is
0.0010625
number of trials is
32000
number of Z or Y failures is
34
number of X failures is
0
average trial time
108.85693446926986
stderr is
0.00018212326377288466
target is
0.00010625000000000001
mu is
0.0010559006211180125
number of trials is
32200
number of Z or Y failures is
34
number of X failures is
0
average trial time
109.56398483492981
stderr is
0.00018099264366278352
target is
0.00010559006211180125
mu is
0.0010493827160493827
number of trials is
32400
number of Z or Y failures is
34
number of X failures is
0
average trial time
110.26934845340976
stderr is
0.00017987597470380955
target is
0.00010493827160493828
mu is
0.0010429447852760736
number of trials is
32600
number of Z or Y failures is
34
number of X failures is
0
average trial time
110.96556711010967
stderr is
0.00017877300025661975
target is
0.00010429447852760737
mu is
0.0010365853658536586
number of trials is
32800
number of Z or Y failures is
34
number of X failures is
0
average trial time
111.67701218687958
stderr is
0.00017768346993820753
target is
0.00010365853658536586
mu is
0.0010303030303030303
number of trials is
33000
number of Z or Y failures is
34
number of X failures is
0
average trial time
112.38323488594965
stderr is
0.0001766071394324117
target is
0.00010303030303030303
mu is
0.0010542168674698795
number of trials is
33200
number of Z or Y failures is
35
number of X failures is
0
average trial time
113.07722422648472
stderr is
0.00017810390355025852
target is
0.00010542168674698796
mu is
0.0010479041916167664
number of trials is
33400
number of Z or Y failures is
35
number of X failures is
0
average trial time
113.77735435645471
stderr is
0.00017703795652260803
target is
0.00010479041916167665
mu is
0.0010416666666666667
number of trials is
33600
number of Z or Y failures is
35
number of X failures is
0
average trial time
114.48781517061467
stderr is
0.00017598469290801229
target is
0.00010416666666666667
mu is
0.0010355029585798817
number of trials is
33800
number of Z or Y failures is
35
number of X failures is
0
average trial time
115.19462209129954
stderr is
0.00017494388767067006
target is
0.00010355029585798817
mu is
0.0010294117647058824
number of trials is
34000
number of Z or Y failures is
35
number of X failures is
0
average trial time
115.89259191298444
stderr is
0.00017391532106708353
target is
0.00010294117647058825
mu is
0.0010233918128654971
number of trials is
34200
number of Z or Y failures is
35
number of X failures is
0
average trial time
116.58685529461445
stderr is
0.0001728987784913897
target is
0.00010233918128654972
mu is
0.0010174418604651163
number of trials is
34400
number of Z or Y failures is
35
number of X failures is
0
average trial time
117.2847114981394
stderr is
0.0001718940503260849
target is
0.00010174418604651163
mu is
0.0010404624277456647
number of trials is
34600
number of Z or Y failures is
36
number of X failures is
0
average trial time
117.98268136073445
stderr is
0.00017332267232181758
target is
0.00010404624277456647
mu is
0.0010344827586206897
number of trials is
34800
number of Z or Y failures is
36
number of X failures is
0
average trial time
118.68531784040438
stderr is
0.0001723270664610638
target is
0.00010344827586206898
mu is
0.0010571428571428572
number of trials is
35000
number of Z or Y failures is
37
number of X failures is
0
average trial time
119.38250118972942
stderr is
0.00017370381023340843
target is
0.00010571428571428572
mu is
0.0010511363636363637
number of trials is
35200
number of Z or Y failures is
37
number of X failures is
0
average trial time
120.07904954329433
stderr is
0.00017271736200599776
target is
0.00010511363636363637
mu is
0.0010451977401129944
number of trials is
35400
number of Z or Y failures is
37
number of X failures is
0
average trial time
120.77442628075438
stderr is
0.00017174205440796564
target is
0.00010451977401129945
mu is
0.0010674157303370787
number of trials is
35600
number of Z or Y failures is
38
number of X failures is
0
average trial time
121.47606594338438
stderr is
0.00017306768715633116
target is
0.00010674157303370787
mu is
0.0010614525139664805
number of trials is
35800
number of Z or Y failures is
38
number of X failures is
0
average trial time
122.1796105048594
stderr is
0.00017210132874962463
target is
0.00010614525139664805
mu is
0.0010833333333333333
number of trials is
36000
number of Z or Y failures is
39
number of X failures is
0
average trial time
122.88270213474927
stderr is
0.00017338058514992778
target is
0.00010833333333333333
mu is
0.0010773480662983426
number of trials is
36200
number of Z or Y failures is
39
number of X failures is
0
average trial time
123.57854113175422
stderr is
0.0001724231846901738
target is
0.00010773480662983427
mu is
0.001098901098901099
number of trials is
36400
number of Z or Y failures is
40
number of X failures is
0
average trial time
124.27910037239921
stderr is
0.00017365841111371703
target is
0.00010989010989010989
mu is
0.0011202185792349728
number of trials is
36600
number of Z or Y failures is
41
number of X failures is
0
average trial time
125.00554513839415
stderr is
0.00017485312049884014
target is
0.00011202185792349729
mu is
0.0011141304347826086
number of trials is
36800
number of Z or Y failures is
41
number of X failures is
0
average trial time
125.7275929513141
stderr is
0.00017390334885420604
target is
0.00011141304347826087
mu is
0.0011081081081081082
number of trials is
37000
number of Z or Y failures is
41
number of X failures is
0
average trial time
126.4465167202991
stderr is
0.00017296383944992588
target is
0.00011081081081081083
mu is
0.0011021505376344087
number of trials is
37200
number of Z or Y failures is
41
number of X failures is
0
average trial time
127.168999060639
stderr is
0.00017203442685523513
target is
0.00011021505376344087
mu is
0.0010962566844919786
number of trials is
37400
number of Z or Y failures is
41
number of X failures is
0
average trial time
127.88953583404914
stderr is
0.0001711149491760959
target is
0.00010962566844919787
mu is
0.0011170212765957447
number of trials is
37600
number of Z or Y failures is
42
number of X failures is
0
average trial time
128.6131490874641
stderr is
0.00017226612388487634
target is
0.00011170212765957448
mu is
0.0011375661375661375
number of trials is
37800
number of Z or Y failures is
43
number of X failures is
0
average trial time
129.34080524332913
stderr is
0.00017338080407286428
target is
0.00011375661375661376
mu is
0.0011578947368421054
number of trials is
38000
number of Z or Y failures is
44
number of X failures is
0
average trial time
130.0505462632342
stderr is
0.00017446040517862904
target is
0.00011578947368421055
mu is
0.0011518324607329843
number of trials is
38200
number of Z or Y failures is
44
number of X failures is
0
average trial time
130.77251348511913
stderr is
0.0001735475146139251
target is
0.00011518324607329844
mu is
0.0011458333333333333
number of trials is
38400
number of Z or Y failures is
44
number of X failures is
0
average trial time
131.48284239493898
stderr is
0.00017264412799078958
target is
0.00011458333333333334
mu is
0.0011398963730569949
number of trials is
38600
number of Z or Y failures is
44
number of X failures is
0
average trial time
132.19942073678402
stderr is
0.00017175009766208607
target is
0.00011398963730569949
mu is
0.0011597938144329897
number of trials is
38800
number of Z or Y failures is
45
number of X failures is
0
average trial time
132.90916273341404
stderr is
0.0001727937921305492
target is
0.00011597938144329898
mu is
0.0011794871794871796
number of trials is
39000
number of Z or Y failures is
46
number of X failures is
0
average trial time
133.61962589718405
stderr is
0.0001738055351457449
target is
0.00011794871794871796
mu is
0.001173469387755102
number of trials is
39200
number of Z or Y failures is
46
number of X failures is
0
average trial time
134.3301203038141
stderr is
0.00017291928180845285
target is
0.00011734693877551021
mu is
0.0011675126903553299
number of trials is
39400
number of Z or Y failures is
46
number of X failures is
0
average trial time
135.049422328729
stderr is
0.0001720420208180557
target is
0.000116751269035533
mu is
0.001186868686868687
number of trials is
39600
number of Z or Y failures is
47
number of X failures is
0
average trial time
135.7647605826891
stderr is
0.00017302200816134633
target is
0.0001186868686868687
mu is
0.0011809045226130652
number of trials is
39800
number of Z or Y failures is
47
number of X failures is
0
average trial time
136.47086688267936
stderr is
0.0001721530538930724
target is
0.00011809045226130653
mu is
0.001175
number of trials is
40000
number of Z or Y failures is
47
number of X failures is
0
average trial time
137.1749067635793
stderr is
0.00017129278416047662
target is
0.00011750000000000001
mu is
0.0011691542288557214
number of trials is
40200
number of Z or Y failures is
47
number of X failures is
0
average trial time
137.8772336310543
stderr is
0.00017044106941800616
target is
0.00011691542288557214
mu is
0.0011633663366336633
number of trials is
40400
number of Z or Y failures is
47
number of X failures is
0
average trial time
138.58271506937436
stderr is
0.0001695977826839007
target is
0.00011633663366336633
mu is
0.0011576354679802955
number of trials is
40600
number of Z or Y failures is
47
number of X failures is
0
average trial time
139.29275176694944
stderr is
0.00016876279947708057
target is
0.00011576354679802955
mu is
0.0011519607843137256
number of trials is
40800
number of Z or Y failures is
47
number of X failures is
0
average trial time
139.9952596508894
stderr is
0.00016793599775589047
target is
0.00011519607843137256
mu is
0.001146341463414634
number of trials is
41000
number of Z or Y failures is
47
number of X failures is
0
average trial time
140.70621165932442
stderr is
0.0001671172578586346
target is
0.00011463414634146342
mu is
0.0011407766990291263
number of trials is
41200
number of Z or Y failures is
47
number of X failures is
0
average trial time
141.42243183088448
stderr is
0.0001663064624458434
target is
0.00011407766990291263
mu is
0.0011352657004830918
number of trials is
41400
number of Z or Y failures is
47
number of X failures is
0
average trial time
142.13548109926447
stderr is
0.00016550349644421194
target is
0.00011352657004830919
mu is
0.0011298076923076923
number of trials is
41600
number of Z or Y failures is
47
number of X failures is
0
average trial time
142.8399743161294
stderr is
0.00016470824699215547
target is
0.00011298076923076924
mu is
0.0011244019138755982
number of trials is
41800
number of Z or Y failures is
47
number of X failures is
0
average trial time
143.54383966676437
stderr is
0.00016392060338692665
target is
0.00011244019138755983
mu is
0.0011190476190476191
number of trials is
42000
number of Z or Y failures is
47
number of X failures is
0
average trial time
144.2531973250543
stderr is
0.00016314045703324278
target is
0.00011190476190476191
mu is
0.0011137440758293838
number of trials is
42200
number of Z or Y failures is
47
number of X failures is
0
average trial time
144.96185284902936
stderr is
0.00016236770139337333
target is
0.0001113744075829384
mu is
0.001108490566037736
number of trials is
42400
number of Z or Y failures is
47
number of X failures is
0
average trial time
145.67504720997928
stderr is
0.00016160223193863917
target is
0.0001108490566037736
mu is
0.001103286384976526
number of trials is
42600
number of Z or Y failures is
47
number of X failures is
0
average trial time
146.37466537993424
stderr is
0.00016084394610227742
target is
0.0001103286384976526
mu is
0.0010981308411214953
number of trials is
42800
number of Z or Y failures is
47
number of X failures is
0
average trial time
147.08640349039916
stderr is
0.00016009274323362682
target is
0.00010981308411214954
mu is
0.0011162790697674418
number of trials is
43000
number of Z or Y failures is
48
number of X failures is
0
average trial time
147.79117812354923
stderr is
0.00016103292472880714
target is
0.00011162790697674419
mu is
0.0011111111111111111
number of trials is
43200
number of Z or Y failures is
48
number of X failures is
0
average trial time
148.50371402417423
stderr is
0.00016028780794183158
target is
0.00011111111111111112
mu is
0.0011059907834101382
number of trials is
43400
number of Z or Y failures is
48
number of X failures is
0
average trial time
149.20031702601926
stderr is
0.00015954955486477724
target is
0.00011059907834101383
mu is
0.0011009174311926607
number of trials is
43600
number of Z or Y failures is
48
number of X failures is
0
average trial time
149.89818456378944
stderr is
0.0001588180710939741
target is
0.00011009174311926607
mu is
0.001095890410958904
number of trials is
43800
number of Z or Y failures is
48
number of X failures is
0
average trial time
150.60464506081937
stderr is
0.00015809326394909158
target is
0.00010958904109589041
mu is
0.001090909090909091
number of trials is
44000
number of Z or Y failures is
48
number of X failures is
0
average trial time
151.2974971533794
stderr is
0.0001573750424339927
target is
0.0001090909090909091
mu is
0.0011085972850678734
number of trials is
44200
number of Z or Y failures is
49
number of X failures is
0
average trial time
152.00019290080434
stderr is
0.00015828502209276062
target is
0.00011085972850678734
mu is
0.0011036036036036036
number of trials is
44400
number of Z or Y failures is
49
number of X failures is
0
average trial time
152.69952336488933
stderr is
0.00015757241233672108
target is
0.00011036036036036036
mu is
0.0011210762331838565
number of trials is
44600
number of Z or Y failures is
50
number of X failures is
0
average trial time
153.41574380652432
stderr is
0.00015845700283136842
target is
0.00011210762331838565
mu is
0.0011383928571428571
number of trials is
44800
number of Z or Y failures is
51
number of X failures is
0
average trial time
154.12054976421933
stderr is
0.0001593179030104283
target is
0.00011383928571428572
mu is
0.0011555555555555555
number of trials is
45000
number of Z or Y failures is
52
number of X failures is
0
average trial time
154.82732420146934
stderr is
0.00016015588911518527
target is
0.00011555555555555555
mu is
0.001150442477876106
number of trials is
45200
number of Z or Y failures is
52
number of X failures is
0
average trial time
155.53132340575428
stderr is
0.00015944763500339246
target is
0.00011504424778761061
mu is
0.0011453744493392071
number of trials is
45400
number of Z or Y failures is
52
number of X failures is
0
average trial time
156.23674961754935
stderr is
0.00015874561750384129
target is
0.00011453744493392071
mu is
0.0011403508771929824
number of trials is
45600
number of Z or Y failures is
52
number of X failures is
0
average trial time
156.9507671819093
stderr is
0.0001580497546018673
target is
0.00011403508771929824
mu is
0.0011353711790393012
number of trials is
45800
number of Z or Y failures is
52
number of X failures is
0
average trial time
157.64669741444925
stderr is
0.000157359965714576
target is
0.00011353711790393013
mu is
0.0011304347826086956
number of trials is
46000
number of Z or Y failures is
52
number of X failures is
0
average trial time
158.3417510104492
stderr is
0.0001566761716597347
target is
0.00011304347826086956
mu is
0.0011255411255411255
number of trials is
46200
number of Z or Y failures is
52
number of X failures is
0
average trial time
159.03802946034918
stderr is
0.00015599829462547202
target is
0.00011255411255411256
mu is
0.0011206896551724137
number of trials is
46400
number of Z or Y failures is
52
number of X failures is
0
average trial time
159.74140580358917
stderr is
0.00015532625814076046
target is
0.00011206896551724138
mu is
0.0011158798283261802
number of trials is
46600
number of Z or Y failures is
52
number of X failures is
0
average trial time
160.4409981448493
stderr is
0.00015465998704665892
target is
0.00011158798283261803
mu is
0.0011324786324786325
number of trials is
46800
number of Z or Y failures is
53
number of X failures is
0
average trial time
161.14361291611937
stderr is
0.00015547145669267482
target is
0.00011324786324786326
mu is
0.0011276595744680851
number of trials is
47000
number of Z or Y failures is
53
number of X failures is
0
average trial time
161.84199061923425
stderr is
0.00015481024242898944
target is
0.00011276595744680852
mu is
0.0011228813559322035
number of trials is
47200
number of Z or Y failures is
53
number of X failures is
0
average trial time
162.54179593652418
stderr is
0.00015415462858314144
target is
0.00011228813559322035
mu is
0.0011181434599156117
number of trials is
47400
number of Z or Y failures is
53
number of X failures is
0
average trial time
163.2369625793391
stderr is
0.00015350454430276247
target is
0.00011181434599156118
mu is
0.0011134453781512605
number of trials is
47600
number of Z or Y failures is
53
number of X failures is
0
average trial time
163.92387750657912
stderr is
0.0001528599199256273
target is
0.00011134453781512606
mu is
0.001108786610878661
number of trials is
47800
number of Z or Y failures is
53
number of X failures is
0
average trial time
164.61247533415406
stderr is
0.00015222068695476936
target is
0.00011087866108786611
mu is
0.0011041666666666667
number of trials is
48000
number of Z or Y failures is
53
number of X failures is
0
average trial time
165.31065045456396
stderr is
0.00015158677803421734
target is
0.00011041666666666668
mu is
0.001099585062240664
number of trials is
48200
number of Z or Y failures is
53
number of X failures is
0
average trial time
165.9980173572039
stderr is
0.00015095812692533626
target is
0.0001099585062240664
mu is
0.0010950413223140495
number of trials is
48400
number of Z or Y failures is
53
number of X failures is
0
average trial time
166.6893155278438
stderr is
0.00015033466848375426
target is
0.00010950413223140496
mu is
0.0010905349794238684
number of trials is
48600
number of Z or Y failures is
53
number of X failures is
0
average trial time
167.3803422088339
stderr is
0.0001497163386368591
target is
0.00010905349794238684
mu is
0.0010860655737704918
number of trials is
48800
number of Z or Y failures is
53
number of X failures is
0
average trial time
168.071479004099
stderr is
0.00014910307436184756
target is
0.00010860655737704919
mu is
0.0010816326530612246
number of trials is
49000
number of Z or Y failures is
53
number of X failures is
0
average trial time
168.769910368239
stderr is
0.00014849481366431222
target is
0.00010816326530612246
mu is
0.0010772357723577235
number of trials is
49200
number of Z or Y failures is
53
number of X failures is
0
average trial time
169.47982626941416
stderr is
0.00014789149555735018
target is
0.00010772357723577236
mu is
0.0010728744939271255
number of trials is
49400
number of Z or Y failures is
53
number of X failures is
0
average trial time
170.18861505435407
stderr is
0.00014729306004117906
target is
0.00010728744939271255
mu is
0.0010685483870967742
number of trials is
49600
number of Z or Y failures is
53
number of X failures is
0
average trial time
170.88023949482883
stderr is
0.0001466994480832458
target is
0.00010685483870967742
mu is
0.0010642570281124497
number of trials is
49800
number of Z or Y failures is
53
number of X failures is
0
average trial time
171.56956885610373
stderr is
0.00014611060159881462
target is
0.00010642570281124498
mu is
0.00106
number of trials is
50000
number of Z or Y failures is
53
number of X failures is
0
average trial time
172.2617194559638
stderr is
0.00014552646343202045
target is
0.000106
53
0
50000
0.00106
