mu is
0.0
number of trials is
200
number of Z or Y failures is
0
number of X failures is
0
average trial time
2.8463260528700003
mu is
0.0
number of trials is
400
number of Z or Y failures is
0
number of X failures is
0
average trial time
5.6129563790349986
mu is
0.0016666666666666668
number of trials is
600
number of Z or Y failures is
1
number of X failures is
0
average trial time
8.546814640164994
mu is
0.00125
number of trials is
800
number of Z or Y failures is
1
number of X failures is
0
average trial time
11.562094335650006
mu is
0.002
number of trials is
1000
number of Z or Y failures is
2
number of X failures is
0
average trial time
14.754773025474996
mu is
0.0025
number of trials is
1200
number of Z or Y failures is
3
number of X failures is
0
average trial time
17.972765269390003
mu is
0.002857142857142857
number of trials is
1400
number of Z or Y failures is
4
number of X failures is
0
average trial time
21.333303317355025
mu is
0.0025
number of trials is
1600
number of Z or Y failures is
4
number of X failures is
0
average trial time
24.668534470069968
mu is
0.0022222222222222222
number of trials is
1800
number of Z or Y failures is
4
number of X failures is
0
average trial time
27.98034870769495
mu is
0.002
number of trials is
2000
number of Z or Y failures is
4
number of X failures is
0
average trial time
31.31183543773991
mu is
0.0022727272727272726
number of trials is
2200
number of Z or Y failures is
5
number of X failures is
0
average trial time
34.64593210639492
stderr is
0.0010154696992438247
target is
0.00022727272727272727
mu is
0.0020833333333333333
number of trials is
2400
number of Z or Y failures is
5
number of X failures is
0
average trial time
37.9187248066749
stderr is
0.0009309179304475019
target is
0.00020833333333333335
mu is
0.0019230769230769232
number of trials is
2600
number of Z or Y failures is
5
number of X failures is
0
average trial time
41.11655645158993
stderr is
0.0008593640772379081
target is
0.00019230769230769233
mu is
0.0017857142857142857
number of trials is
2800
number of Z or Y failures is
5
number of X failures is
0
average trial time
44.43411489397994
stderr is
0.0007980248729344898
target is
0.00017857142857142857
mu is
0.0016666666666666668
number of trials is
3000
number of Z or Y failures is
5
number of X failures is
0
average trial time
47.63981114593994
stderr is
0.0007448587569592657
target is
0.0001666666666666667
mu is
0.0015625
number of trials is
3200
number of Z or Y failures is
5
number of X failures is
0
average trial time
50.77947340206489
stderr is
0.0006983342377708639
target is
0.00015625000000000003
mu is
0.0014705882352941176
number of trials is
3400
number of Z or Y failures is
5
number of X failures is
0
average trial time
53.934867238659834
stderr is
0.0006572799615000046
target is
0.00014705882352941178
mu is
0.001388888888888889
number of trials is
3600
number of Z or Y failures is
5
number of X failures is
0
average trial time
57.126971127689814
stderr is
0.0006207847296911626
target is
0.0001388888888888889
mu is
0.0013157894736842105
number of trials is
3800
number of Z or Y failures is
5
number of X failures is
0
average trial time
60.29124305677482
stderr is
0.0005881290736314881
target is
0.00013157894736842105
mu is
0.00125
number of trials is
4000
number of Z or Y failures is
5
number of X failures is
0
average trial time
63.39184826781485
stderr is
0.0005587373460360994
target is
0.000125
mu is
0.0011904761904761906
number of trials is
4200
number of Z or Y failures is
5
number of X failures is
0
average trial time
66.52953409095483
stderr is
0.0005321434942566355
target is
0.00011904761904761906
mu is
0.0013636363636363637
number of trials is
4400
number of Z or Y failures is
6
number of X failures is
0
average trial time
69.63253930651985
stderr is
0.0005563857443358373
target is
0.00013636363636363637
mu is
0.0013043478260869566
number of trials is
4600
number of Z or Y failures is
6
number of X failures is
0
average trial time
72.70338419992486
stderr is
0.0005322082275627087
target is
0.00013043478260869567
mu is
0.0014583333333333334
number of trials is
4800
number of Z or Y failures is
7
number of X failures is
0
average trial time
75.8535276734948
stderr is
0.0005508535113827951
target is
0.00014583333333333335
mu is
0.0014
number of trials is
5000
number of Z or Y failures is
7
number of X failures is
0
average trial time
78.91941621457481
stderr is
0.0005288326132024738
target is
0.00014000000000000001
mu is
0.0015384615384615385
number of trials is
5200
number of Z or Y failures is
8
number of X failures is
0
average trial time
81.97905447552978
stderr is
0.0005435619938809267
target is
0.00015384615384615385
mu is
0.0014814814814814814
number of trials is
5400
number of Z or Y failures is
8
number of X failures is
0
average trial time
85.10422725418476
stderr is
0.0005234431390148508
target is
0.00014814814814814815
mu is
0.0014285714285714286
number of trials is
5600
number of Z or Y failures is
8
number of X failures is
0
average trial time
88.18833841027468
stderr is
0.0005047604444810589
target is
0.00014285714285714287
mu is
0.0015517241379310344
number of trials is
5800
number of Z or Y failures is
9
number of X failures is
0
average trial time
91.11515769830471
stderr is
0.0005168844764703251
target is
0.00015517241379310346
mu is
0.0016666666666666668
number of trials is
6000
number of Z or Y failures is
10
number of X failures is
0
average trial time
94.25692748869471
stderr is
0.0005266507777029201
target is
0.0001666666666666667
mu is
0.0016129032258064516
number of trials is
6200
number of Z or Y failures is
10
number of X failures is
0
average trial time
97.37646541841461
stderr is
0.0005096743958995387
target is
0.00016129032258064516
mu is
0.0015625
number of trials is
6400
number of Z or Y failures is
10
number of X failures is
0
average trial time
100.36511382775447
stderr is
0.0004937582896453793
target is
0.00015625000000000003
mu is
0.0016666666666666668
number of trials is
6600
number of Z or Y failures is
11
number of X failures is
0
average trial time
103.43397407585945
stderr is
0.0005021380094412977
target is
0.0001666666666666667
mu is
0.0016176470588235294
number of trials is
6800
number of Z or Y failures is
11
number of X failures is
0
average trial time
106.50295049541441
stderr is
0.0004873801234513896
target is
0.00016176470588235295
mu is
0.0015714285714285715
number of trials is
7000
number of Z or Y failures is
11
number of X failures is
0
average trial time
109.58790444071927
stderr is
0.00047346494103483794
target is
0.00015714285714285716
mu is
0.0015277777777777779
number of trials is
7200
number of Z or Y failures is
11
number of X failures is
0
average trial time
112.60126908492921
stderr is
0.0004603222858688811
target is
0.0001527777777777778
mu is
0.0014864864864864865
number of trials is
7400
number of Z or Y failures is
11
number of X failures is
0
average trial time
115.56808473031911
stderr is
0.0004478895631063048
target is
0.00014864864864864866
mu is
0.0014473684210526317
number of trials is
7600
number of Z or Y failures is
11
number of X failures is
0
average trial time
118.66445503902918
stderr is
0.00043611076247347934
target is
0.00014473684210526317
mu is
0.0014102564102564104
number of trials is
7800
number of Z or Y failures is
11
number of X failures is
0
average trial time
121.64274188747419
stderr is
0.00042493561463885775
target is
0.00014102564102564104
mu is
0.001375
number of trials is
8000
number of Z or Y failures is
11
number of X failures is
0
average trial time
124.67643330952913
stderr is
0.0004143188740465173
target is
0.0001375
mu is
0.0013414634146341464
number of trials is
8200
number of Z or Y failures is
11
number of X failures is
0
average trial time
127.67141665409899
stderr is
0.00040421970663642953
target is
0.00013414634146341464
mu is
0.0013095238095238095
number of trials is
8400
number of Z or Y failures is
11
number of X failures is
0
average trial time
130.7296084778739
stderr is
0.00039460116498082806
target is
0.00013095238095238096
mu is
0.0012790697674418604
number of trials is
8600
number of Z or Y failures is
11
number of X failures is
0
average trial time
133.75748779903887
stderr is
0.000385429736614489
target is
0.00012790697674418605
mu is
0.00125
number of trials is
8800
number of Z or Y failures is
11
number of X failures is
0
average trial time
136.75517006626887
stderr is
0.0003766749539211058
target is
0.000125
mu is
0.0012222222222222222
number of trials is
9000
number of Z or Y failures is
11
number of X failures is
0
average trial time
139.8461155269339
stderr is
0.00036830905600572646
target is
0.00012222222222222221
mu is
0.0011956521739130434
number of trials is
9200
number of Z or Y failures is
11
number of X failures is
0
average trial time
142.87895230819393
stderr is
0.00036030669464666215
target is
0.00011956521739130435
mu is
0.001170212765957447
number of trials is
9400
number of Z or Y failures is
11
number of X failures is
0
average trial time
145.85439843606892
stderr is
0.0003526446777653582
target is
0.0001170212765957447
mu is
0.0011458333333333333
number of trials is
9600
number of Z or Y failures is
11
number of X failures is
0
average trial time
148.8916236576038
stderr is
0.00034530174494572767
target is
0.00011458333333333334
mu is
0.0012244897959183673
number of trials is
9800
number of Z or Y failures is
12
number of X failures is
0
average trial time
151.91040364387888
stderr is
0.00035328129919464323
target is
0.00012244897959183673
mu is
0.0013
number of trials is
10000
number of Z or Y failures is
13
number of X failures is
0
average trial time
154.87394227349887
stderr is
0.0003603387078825141
target is
0.00013
mu is
0.0013725490196078432
number of trials is
10200
number of Z or Y failures is
14
number of X failures is
0
average trial time
157.8965455685589
stderr is
0.00036659529442260305
target is
0.0001372549019607843
mu is
0.0014423076923076924
number of trials is
10400
number of Z or Y failures is
15
number of X failures is
0
average trial time
160.9134573694688
stderr is
0.0003721514809385119
target is
0.00014423076923076924
mu is
0.0014150943396226414
number of trials is
10600
number of Z or Y failures is
15
number of X failures is
0
average trial time
163.84689080699883
stderr is
0.0003651343989781884
target is
0.00014150943396226416
mu is
0.001388888888888889
number of trials is
10800
number of Z or Y failures is
15
number of X failures is
0
average trial time
166.86435229627855
stderr is
0.0003583770400536242
target is
0.0001388888888888889
mu is
0.0013636363636363637
number of trials is
11000
number of Z or Y failures is
15
number of X failures is
0
average trial time
169.93363819844865
stderr is
0.00035186524650210115
target is
0.00013636363636363637
mu is
0.0013392857142857143
number of trials is
11200
number of Z or Y failures is
15
number of X failures is
0
average trial time
172.93723616683886
stderr is
0.0003455858712875005
target is
0.00013392857142857144
mu is
0.0013157894736842105
number of trials is
11400
number of Z or Y failures is
15
number of X failures is
0
average trial time
175.95880651708885
stderr is
0.0003395266894035958
target is
0.00013157894736842105
mu is
0.001293103448275862
number of trials is
11600
number of Z or Y failures is
15
number of X failures is
0
average trial time
178.90708605549878
stderr is
0.0003336763184369523
target is
0.0001293103448275862
mu is
0.001271186440677966
number of trials is
11800
number of Z or Y failures is
15
number of X failures is
0
average trial time
181.9858672922539
stderr is
0.00032802414720335357
target is
0.0001271186440677966
mu is
0.00125
number of trials is
12000
number of Z or Y failures is
15
number of X failures is
0
average trial time
184.91952802732388
stderr is
0.00032256027151639433
target is
0.000125
mu is
0.0012295081967213116
number of trials is
12200
number of Z or Y failures is
15
number of X failures is
0
average trial time
187.93761735327394
stderr is
0.00031727543627026834
target is
0.00012295081967213117
mu is
0.0012096774193548388
number of trials is
12400
number of Z or Y failures is
15
number of X failures is
0
average trial time
190.8878294852938
stderr is
0.000312160983124264
target is
0.00012096774193548388
mu is
0.0012698412698412698
number of trials is
12600
number of Z or Y failures is
16
number of X failures is
0
average trial time
193.86479438406866
stderr is
0.0003172712817054041
target is
0.00012698412698412698
mu is
0.00125
number of trials is
12800
number of Z or Y failures is
16
number of X failures is
0
average trial time
196.95801417999846
stderr is
0.00031231682654099183
target is
0.000125
mu is
0.0013076923076923077
number of trials is
13000
number of Z or Y failures is
17
number of X failures is
0
average trial time
199.99388192673342
stderr is
0.0003169667194883853
target is
0.00013076923076923077
mu is
0.001287878787878788
number of trials is
13200
number of Z or Y failures is
17
number of X failures is
0
average trial time
203.0039911779535
stderr is
0.0003121671080757631
target is
0.0001287878787878788
mu is
0.0012686567164179104
number of trials is
13400
number of Z or Y failures is
17
number of X failures is
0
average trial time
206.02224838352376
stderr is
0.0003075106829079762
target is
0.00012686567164179105
mu is
0.00125
number of trials is
13600
number of Z or Y failures is
17
number of X failures is
0
average trial time
208.9849105837087
stderr is
0.0003029911306731003
target is
0.000125
mu is
0.0012318840579710144
number of trials is
13800
number of Z or Y failures is
17
number of X failures is
0
average trial time
211.9114038499186
stderr is
0.00029860250383523024
target is
0.00012318840579710145
mu is
0.0012857142857142856
number of trials is
14000
number of Z or Y failures is
18
number of X failures is
0
average trial time
214.92792645708346
stderr is
0.00030286170225515813
target is
0.00012857142857142858
mu is
0.0012676056338028169
number of trials is
14200
number of Z or Y failures is
18
number of X failures is
0
average trial time
217.8893887965186
stderr is
0.00029859860131988
target is
0.0001267605633802817
mu is
0.00125
number of trials is
14400
number of Z or Y failures is
18
number of X failures is
0
average trial time
220.81162417183867
stderr is
0.00029445384979248467
target is
0.000125
mu is
0.001232876712328767
number of trials is
14600
number of Z or Y failures is
18
number of X failures is
0
average trial time
223.7596442980388
stderr is
0.0002904225868395385
target is
0.0001232876712328767
mu is
0.0012162162162162162
number of trials is
14800
number of Z or Y failures is
18
number of X failures is
0
average trial time
226.73091638438888
stderr is
0.0002865002142238219
target is
0.00012162162162162162
mu is
0.0012666666666666666
number of trials is
15000
number of Z or Y failures is
19
number of X failures is
0
average trial time
229.6418486045489
stderr is
0.0002904188429752883
target is
0.00012666666666666666
mu is
0.00125
number of trials is
15200
number of Z or Y failures is
19
number of X failures is
0
average trial time
232.4235611716091
stderr is
0.0002865998080317107
target is
0.000125
mu is
0.0012337662337662339
number of trials is
15400
number of Z or Y failures is
19
number of X failures is
0
average trial time
235.20446072497896
stderr is
0.00028287991069711596
target is
0.0001233766233766234
mu is
0.001282051282051282
number of trials is
15600
number of Z or Y failures is
20
number of X failures is
0
average trial time
237.9592577034587
stderr is
0.0002865007393863397
target is
0.0001282051282051282
mu is
0.001329113924050633
number of trials is
15800
number of Z or Y failures is
21
number of X failures is
0
average trial time
240.7523101696539
stderr is
0.0002898527992707888
target is
0.0001329113924050633
mu is
0.0013125
number of trials is
16000
number of Z or Y failures is
21
number of X failures is
0
average trial time
243.51987578636894
stderr is
0.0002862319069013936
target is
0.00013125000000000002
mu is
0.0012962962962962963
number of trials is
16200
number of Z or Y failures is
21
number of X failures is
0
average trial time
246.31381645922892
stderr is
0.0002827003639619435
target is
0.00012962962962962963
mu is
0.0012804878048780488
number of trials is
16400
number of Z or Y failures is
21
number of X failures is
0
average trial time
249.092123247464
stderr is
0.0002792549035708057
target is
0.00012804878048780488
mu is
0.0012650602409638553
number of trials is
16600
number of Z or Y failures is
21
number of X failures is
0
average trial time
251.94019904382904
stderr is
0.00027589241619116895
target is
0.00012650602409638553
mu is
0.0013095238095238095
number of trials is
16800
number of Z or Y failures is
22
number of X failures is
0
average trial time
254.68264932109898
stderr is
0.0002790168546838995
target is
0.00013095238095238096
mu is
0.0012941176470588236
number of trials is
17000
number of Z or Y failures is
22
number of X failures is
0
average trial time
257.4837171206741
stderr is
0.00027573633368087525
target is
0.00012941176470588237
22
0
17000
0.0012941176470588236
