mu is
0.0
number of trials is
200
number of Z or Y failures is
0
number of X failures is
0
average trial time
2.96286444244
mu is
0.0
number of trials is
400
number of Z or Y failures is
0
number of X failures is
0
average trial time
5.669287415985
mu is
0.0
number of trials is
600
number of Z or Y failures is
0
number of X failures is
0
average trial time
8.513198813739997
mu is
0.00125
number of trials is
800
number of Z or Y failures is
1
number of X failures is
0
average trial time
11.592528350640015
mu is
0.002
number of trials is
1000
number of Z or Y failures is
2
number of X failures is
0
average trial time
14.76499784007002
mu is
0.0016666666666666668
number of trials is
1200
number of Z or Y failures is
2
number of X failures is
0
average trial time
18.04199418273002
mu is
0.0014285714285714286
number of trials is
1400
number of Z or Y failures is
2
number of X failures is
0
average trial time
21.371211566720003
mu is
0.00125
number of trials is
1600
number of Z or Y failures is
2
number of X failures is
0
average trial time
24.73289487651999
mu is
0.0016666666666666668
number of trials is
1800
number of Z or Y failures is
3
number of X failures is
0
average trial time
28.065569953755
mu is
0.0015
number of trials is
2000
number of Z or Y failures is
3
number of X failures is
0
average trial time
31.27950477465
mu is
0.0013636363636363637
number of trials is
2200
number of Z or Y failures is
3
number of X failures is
0
average trial time
34.5978394876
mu is
0.00125
number of trials is
2400
number of Z or Y failures is
3
number of X failures is
0
average trial time
37.79985137996499
mu is
0.001153846153846154
number of trials is
2600
number of Z or Y failures is
3
number of X failures is
0
average trial time
41.00841509761998
mu is
0.0010714285714285715
number of trials is
2800
number of Z or Y failures is
3
number of X failures is
0
average trial time
44.20203592637997
mu is
0.001
number of trials is
3000
number of Z or Y failures is
3
number of X failures is
0
average trial time
47.44354549219499
mu is
0.00125
number of trials is
3200
number of Z or Y failures is
4
number of X failures is
0
average trial time
50.657017680039935
mu is
0.0014705882352941176
number of trials is
3400
number of Z or Y failures is
5
number of X failures is
0
average trial time
53.76020613082493
stderr is
0.0006572799615000046
target is
0.00014705882352941178
mu is
0.001388888888888889
number of trials is
3600
number of Z or Y failures is
5
number of X failures is
0
average trial time
56.85779370883993
stderr is
0.0006207847296911626
target is
0.0001388888888888889
mu is
0.0015789473684210526
number of trials is
3800
number of Z or Y failures is
6
number of X failures is
0
average trial time
59.895488856180016
stderr is
0.0006441782319610452
target is
0.00015789473684210527
mu is
0.0015
number of trials is
4000
number of Z or Y failures is
6
number of X failures is
0
average trial time
63.10989423964506
stderr is
0.0006119894874776819
target is
0.00015000000000000001
mu is
0.0014285714285714286
number of trials is
4200
number of Z or Y failures is
6
number of X failures is
0
average trial time
66.2373869971101
stderr is
0.0005828645075092929
target is
0.00014285714285714287
mu is
0.0013636363636363637
number of trials is
4400
number of Z or Y failures is
6
number of X failures is
0
average trial time
69.43261595453508
stderr is
0.0005563857443358373
target is
0.00013636363636363637
mu is
0.0015217391304347826
number of trials is
4600
number of Z or Y failures is
7
number of X failures is
0
average trial time
72.51517982256513
stderr is
0.0005747880179606628
target is
0.00015217391304347827
mu is
0.0014583333333333334
number of trials is
4800
number of Z or Y failures is
7
number of X failures is
0
average trial time
75.57700761209512
stderr is
0.0005508535113827951
target is
0.00014583333333333335
mu is
0.0014
number of trials is
5000
number of Z or Y failures is
7
number of X failures is
0
average trial time
78.68703396711516
stderr is
0.0005288326132024738
target is
0.00014000000000000001
mu is
0.001346153846153846
number of trials is
5200
number of Z or Y failures is
7
number of X failures is
0
average trial time
81.73786896687015
stderr is
0.0005085046503372084
target is
0.0001346153846153846
mu is
0.0012962962962962963
number of trials is
5400
number of Z or Y failures is
7
number of X failures is
0
average trial time
84.80361026439016
stderr is
0.0004896816237601342
target is
0.00012962962962962963
mu is
0.00125
number of trials is
5600
number of Z or Y failures is
7
number of X failures is
0
average trial time
87.86764992633998
stderr is
0.00047220237699166447
target is
0.000125
mu is
0.001206896551724138
number of trials is
5800
number of Z or Y failures is
7
number of X failures is
0
average trial time
90.9007575691199
stderr is
0.00045592797048169676
target is
0.00012068965517241381
mu is
0.0011666666666666668
number of trials is
6000
number of Z or Y failures is
7
number of X failures is
0
average trial time
93.92822049511494
stderr is
0.0004407379806497172
target is
0.00011666666666666668
mu is
0.0014516129032258066
number of trials is
6200
number of Z or Y failures is
9
number of X failures is
0
average trial time
96.99454909108503
stderr is
0.0004835586417660389
target is
0.00014516129032258066
mu is
0.00140625
number of trials is
6400
number of Z or Y failures is
9
number of X failures is
0
average trial time
100.07389777179009
stderr is
0.0004684568938278357
target is
0.000140625
mu is
0.0013636363636363637
number of trials is
6600
number of Z or Y failures is
9
number of X failures is
0
average trial time
103.11263521598507
stderr is
0.00045426984715037446
target is
0.00013636363636363637
mu is
0.0013235294117647058
number of trials is
6800
number of Z or Y failures is
9
number of X failures is
0
average trial time
106.08088485912003
stderr is
0.00044091684045211797
target is
0.00013235294117647058
mu is
0.0014285714285714286
number of trials is
7000
number of Z or Y failures is
10
number of X failures is
0
average trial time
109.13515693196992
stderr is
0.0004514634032707081
target is
0.00014285714285714287
mu is
0.001388888888888889
number of trials is
7200
number of Z or Y failures is
10
number of X failures is
0
average trial time
112.16333922908993
stderr is
0.0004389306033192965
target is
0.0001388888888888889
mu is
0.0013513513513513514
number of trials is
7400
number of Z or Y failures is
10
number of X failures is
0
average trial time
115.27162167557985
stderr is
0.0004270748389689514
target is
0.00013513513513513514
mu is
0.0013157894736842105
number of trials is
7600
number of Z or Y failures is
10
number of X failures is
0
average trial time
118.33567997609978
stderr is
0.0004158426918049217
target is
0.00013157894736842105
mu is
0.001282051282051282
number of trials is
7800
number of Z or Y failures is
10
number of X failures is
0
average trial time
121.3715518818599
stderr is
0.0004051862190485619
target is
0.0001282051282051282
mu is
0.00125
number of trials is
8000
number of Z or Y failures is
10
number of X failures is
0
average trial time
124.40040642712003
stderr is
0.0003950622694900094
target is
0.000125
mu is
0.0015853658536585367
number of trials is
8200
number of Z or Y failures is
13
number of X failures is
0
average trial time
127.41403309146013
stderr is
0.0004393794852806037
target is
0.0001585365853658537
mu is
0.0016666666666666668
number of trials is
8400
number of Z or Y failures is
14
number of X failures is
0
average trial time
130.42162875261513
stderr is
0.00044509054649741274
target is
0.0001666666666666667
mu is
0.0016279069767441861
number of trials is
8600
number of Z or Y failures is
14
number of X failures is
0
average trial time
133.40837654552007
stderr is
0.0004347474408441433
target is
0.00016279069767441862
mu is
0.001590909090909091
number of trials is
8800
number of Z or Y failures is
14
number of X failures is
0
average trial time
136.40621865953509
stderr is
0.0004248741280445511
target is
0.0001590909090909091
mu is
0.0015555555555555555
number of trials is
9000
number of Z or Y failures is
14
number of X failures is
0
average trial time
139.32397995424017
stderr is
0.00041543931129060395
target is
0.00015555555555555556
mu is
0.0016304347826086956
number of trials is
9200
number of Z or Y failures is
15
number of X failures is
0
average trial time
142.35742852479527
stderr is
0.00042065598571013865
target is
0.00016304347826086958
mu is
0.0015957446808510637
number of trials is
9400
number of Z or Y failures is
15
number of X failures is
0
average trial time
145.30643287361525
stderr is
0.00041171253488377465
target is
0.00015957446808510637
mu is
0.0015625
number of trials is
9600
number of Z or Y failures is
15
number of X failures is
0
average trial time
148.38397647981034
stderr is
0.00040314145532086996
target is
0.00015625000000000003
mu is
0.001530612244897959
number of trials is
9800
number of Z or Y failures is
15
number of X failures is
0
average trial time
151.3593279486104
stderr is
0.0003949199651327699
target is
0.0001530612244897959
mu is
0.0015
number of trials is
10000
number of Z or Y failures is
15
number of X failures is
0
average trial time
154.3321802065155
stderr is
0.0003870271036993402
target is
0.00015000000000000001
mu is
0.0014705882352941176
number of trials is
10200
number of Z or Y failures is
15
number of X failures is
0
average trial time
157.38134590362054
stderr is
0.0003794435532365608
target is
0.00014705882352941178
mu is
0.0015384615384615385
number of trials is
10400
number of Z or Y failures is
16
number of X failures is
0
average trial time
160.36084104849064
stderr is
0.0003843378909754877
target is
0.00015384615384615385
mu is
0.0016037735849056603
number of trials is
10600
number of Z or Y failures is
17
number of X failures is
0
average trial time
163.35681867951064
stderr is
0.00038867852630478013
target is
0.00016037735849056605
mu is
0.001574074074074074
number of trials is
10800
number of Z or Y failures is
17
number of X failures is
0
average trial time
166.35772352858083
stderr is
0.0003814861165063315
target is
0.00015740740740740743
mu is
0.0015454545454545454
number of trials is
11000
number of Z or Y failures is
17
number of X failures is
0
average trial time
169.30882121256099
stderr is
0.0003745550581197573
target is
0.00015454545454545454
mu is
0.0015178571428571428
number of trials is
11200
number of Z or Y failures is
17
number of X failures is
0
average trial time
172.2362150402107
stderr is
0.00036787136021798833
target is
0.0001517857142857143
mu is
0.0016666666666666668
number of trials is
11400
number of Z or Y failures is
19
number of X failures is
0
average trial time
175.1681077514755
stderr is
0.00038205754789022786
target is
0.0001666666666666667
mu is
0.0016379310344827587
number of trials is
11600
number of Z or Y failures is
19
number of X failures is
0
average trial time
178.15887797978573
stderr is
0.00037547546848519753
target is
0.00016379310344827587
mu is
0.0016101694915254237
number of trials is
11800
number of Z or Y failures is
19
number of X failures is
0
average trial time
181.10374490487058
stderr is
0.00036911633972877176
target is
0.0001610169491525424
mu is
0.0015833333333333333
number of trials is
12000
number of Z or Y failures is
19
number of X failures is
0
average trial time
184.0977508131353
stderr is
0.000362969022484492
target is
0.00015833333333333335
mu is
0.001557377049180328
number of trials is
12200
number of Z or Y failures is
19
number of X failures is
0
average trial time
187.05989634776037
stderr is
0.00035702310750930277
target is
0.0001557377049180328
mu is
0.001532258064516129
number of trials is
12400
number of Z or Y failures is
19
number of X failures is
0
average trial time
189.9845200420602
stderr is
0.000351268856634186
target is
0.00015322580645161292
mu is
0.001507936507936508
number of trials is
12600
number of Z or Y failures is
19
number of X failures is
0
average trial time
192.92255827885035
stderr is
0.000345697149542608
target is
0.00015079365079365083
mu is
0.001640625
number of trials is
12800
number of Z or Y failures is
21
number of X failures is
0
average trial time
196.02456750997524
stderr is
0.0003577338967320723
target is
0.0001640625
mu is
0.0016153846153846153
number of trials is
13000
number of Z or Y failures is
21
number of X failures is
0
average trial time
198.97469686830064
stderr is
0.00035223453911579784
target is
0.00016153846153846155
mu is
0.001590909090909091
number of trials is
13200
number of Z or Y failures is
21
number of X failures is
0
average trial time
202.05147643365075
stderr is
0.0003469017020805728
target is
0.0001590909090909091
mu is
0.0015671641791044776
number of trials is
13400
number of Z or Y failures is
21
number of X failures is
0
average trial time
204.98313684448075
stderr is
0.0003417279350683898
target is
0.00015671641791044778
mu is
0.0015441176470588234
number of trials is
13600
number of Z or Y failures is
21
number of X failures is
0
average trial time
207.9718178045556
stderr is
0.0003367062254653782
target is
0.00015441176470588235
mu is
0.0015217391304347826
number of trials is
13800
number of Z or Y failures is
21
number of X failures is
0
average trial time
210.88761311111045
stderr is
0.0003318299668898687
target is
0.00015217391304347827
mu is
0.0015714285714285715
number of trials is
14000
number of Z or Y failures is
22
number of X failures is
0
average trial time
213.91627224110044
stderr is
0.0003347783125967791
target is
0.00015714285714285716
mu is
0.0016197183098591549
number of trials is
14200
number of Z or Y failures is
23
number of X failures is
0
average trial time
216.91458293314037
stderr is
0.00033747286906006936
target is
0.0001619718309859155
mu is
0.0015972222222222223
number of trials is
14400
number of Z or Y failures is
23
number of X failures is
0
average trial time
219.87162668838042
stderr is
0.0003327893323584499
target is
0.00015972222222222223
mu is
0.0016438356164383563
number of trials is
14600
number of Z or Y failures is
24
number of X failures is
0
average trial time
222.8267350089154
stderr is
0.00033528211745910506
target is
0.00016438356164383565
mu is
0.0016216216216216215
number of trials is
14800
number of Z or Y failures is
24
number of X failures is
0
average trial time
225.77025029239053
stderr is
0.00033075480463494607
target is
0.00016216216216216215
mu is
0.0016666666666666668
number of trials is
15000
number of Z or Y failures is
25
number of X failures is
0
average trial time
228.7148510576556
stderr is
0.00033306654212137744
target is
0.0001666666666666667
mu is
0.001644736842105263
number of trials is
15200
number of Z or Y failures is
25
number of X failures is
0
average trial time
231.56316093308567
stderr is
0.00032868755343803865
target is
0.0001644736842105263
mu is
0.0016233766233766235
number of trials is
15400
number of Z or Y failures is
25
number of X failures is
0
average trial time
234.35413046010558
stderr is
0.0003244222158279079
target is
0.00016233766233766236
mu is
0.0016025641025641025
number of trials is
15600
number of Z or Y failures is
25
number of X failures is
0
average trial time
237.13426400998546
stderr is
0.0003202661614724921
target is
0.00016025641025641026
mu is
0.0016455696202531645
number of trials is
15800
number of Z or Y failures is
26
number of X failures is
0
average trial time
239.93275841812527
stderr is
0.00032246731814083914
target is
0.00016455696202531645
mu is
0.0016875
number of trials is
16000
number of Z or Y failures is
27
number of X failures is
0
average trial time
242.76161724657538
stderr is
0.00032449553551460543
target is
0.00016875
mu is
0.0016666666666666668
number of trials is
16200
number of Z or Y failures is
27
number of X failures is
0
average trial time
245.52825436882512
stderr is
0.000320492638194762
target is
0.0001666666666666667
mu is
0.001646341463414634
number of trials is
16400
number of Z or Y failures is
27
number of X failures is
0
average trial time
248.24066869833018
stderr is
0.00031658729489280924
target is
0.00016463414634146343
mu is
0.0016265060240963855
number of trials is
16600
number of Z or Y failures is
27
number of X failures is
0
average trial time
251.03011429126516
stderr is
0.0003127759823330476
target is
0.00016265060240963855
mu is
0.0016071428571428571
number of trials is
16800
number of Z or Y failures is
27
number of X failures is
0
average trial time
253.83212507278006
stderr is
0.0003090553448842705
target is
0.00016071428571428573
mu is
0.001588235294117647
number of trials is
17000
number of Z or Y failures is
27
number of X failures is
0
average trial time
256.5960321505701
stderr is
0.0003054221847059148
target is
0.00015882352941176472
27
0
17000
0.001588235294117647
