mu is
0.0
number of trials is
200
number of Z or Y failures is
0
number of X failures is
0
average trial time
1.387710855645001
mu is
0.0
number of trials is
400
number of Z or Y failures is
0
number of X failures is
0
average trial time
2.605790261005
mu is
0.0
number of trials is
600
number of Z or Y failures is
0
number of X failures is
0
average trial time
3.8168808167200012
mu is
0.0
number of trials is
800
number of Z or Y failures is
0
number of X failures is
0
average trial time
5.036426166285005
mu is
0.0
number of trials is
1000
number of Z or Y failures is
0
number of X failures is
0
average trial time
6.256369342345006
mu is
0.0
number of trials is
1200
number of Z or Y failures is
0
number of X failures is
0
average trial time
7.4770508680750005
mu is
0.0
number of trials is
1400
number of Z or Y failures is
0
number of X failures is
0
average trial time
8.687671467989995
mu is
0.0
number of trials is
1600
number of Z or Y failures is
0
number of X failures is
0
average trial time
9.893244909755
mu is
0.0
number of trials is
1800
number of Z or Y failures is
0
number of X failures is
0
average trial time
11.109847667475012
mu is
0.0
number of trials is
2000
number of Z or Y failures is
0
number of X failures is
0
average trial time
12.313019560655025
mu is
0.0
number of trials is
2200
number of Z or Y failures is
0
number of X failures is
0
average trial time
13.532016882360049
mu is
0.0
number of trials is
2400
number of Z or Y failures is
0
number of X failures is
0
average trial time
14.742294509930069
mu is
0.0
number of trials is
2600
number of Z or Y failures is
0
number of X failures is
0
average trial time
15.941852595110067
mu is
0.0
number of trials is
2800
number of Z or Y failures is
0
number of X failures is
0
average trial time
17.150383066445066
mu is
0.0
number of trials is
3000
number of Z or Y failures is
0
number of X failures is
0
average trial time
18.380590680310075
mu is
0.0
number of trials is
3200
number of Z or Y failures is
0
number of X failures is
0
average trial time
19.602212453580076
mu is
0.0
number of trials is
3400
number of Z or Y failures is
0
number of X failures is
0
average trial time
20.818780273220085
mu is
0.0
number of trials is
3600
number of Z or Y failures is
0
number of X failures is
0
average trial time
22.078908722145066
mu is
0.0
number of trials is
3800
number of Z or Y failures is
0
number of X failures is
0
average trial time
23.33927526593003
mu is
0.0
number of trials is
4000
number of Z or Y failures is
0
number of X failures is
0
average trial time
24.613490494930005
mu is
0.0
number of trials is
4200
number of Z or Y failures is
0
number of X failures is
0
average trial time
25.904492090914992
mu is
0.0
number of trials is
4400
number of Z or Y failures is
0
number of X failures is
0
average trial time
27.19851012464501
mu is
0.0
number of trials is
4600
number of Z or Y failures is
0
number of X failures is
0
average trial time
28.515496346194972
mu is
0.0
number of trials is
4800
number of Z or Y failures is
0
number of X failures is
0
average trial time
29.788601550119946
mu is
0.0
number of trials is
5000
number of Z or Y failures is
0
number of X failures is
0
average trial time
31.07202260974496
mu is
0.0
number of trials is
5200
number of Z or Y failures is
0
number of X failures is
0
average trial time
32.39203893011496
mu is
0.0
number of trials is
5400
number of Z or Y failures is
0
number of X failures is
0
average trial time
33.73090119876497
mu is
0.0
number of trials is
5600
number of Z or Y failures is
0
number of X failures is
0
average trial time
35.02918009763498
mu is
0.0
number of trials is
5800
number of Z or Y failures is
0
number of X failures is
0
average trial time
36.37288999732998
mu is
0.0
number of trials is
6000
number of Z or Y failures is
0
number of X failures is
0
average trial time
37.72598695892499
mu is
0.0
number of trials is
6200
number of Z or Y failures is
0
number of X failures is
0
average trial time
39.10379935629499
mu is
0.0
number of trials is
6400
number of Z or Y failures is
0
number of X failures is
0
average trial time
40.45771426135499
mu is
0.0
number of trials is
6600
number of Z or Y failures is
0
number of X failures is
0
average trial time
41.810055487039975
mu is
0.0
number of trials is
6800
number of Z or Y failures is
0
number of X failures is
0
average trial time
43.18819062041995
mu is
0.0
number of trials is
7000
number of Z or Y failures is
0
number of X failures is
0
average trial time
44.56649209723997
mu is
0.0
number of trials is
7200
number of Z or Y failures is
0
number of X failures is
0
average trial time
45.957983926519994
mu is
0.0
number of trials is
7400
number of Z or Y failures is
0
number of X failures is
0
average trial time
47.35039165506501
mu is
0.0
number of trials is
7600
number of Z or Y failures is
0
number of X failures is
0
average trial time
48.76018649211993
mu is
0.0
number of trials is
7800
number of Z or Y failures is
0
number of X failures is
0
average trial time
50.15003214368992
mu is
0.0
number of trials is
8000
number of Z or Y failures is
0
number of X failures is
0
average trial time
51.57880646216494
mu is
0.0
number of trials is
8200
number of Z or Y failures is
0
number of X failures is
0
average trial time
53.0048104856899
mu is
0.0
number of trials is
8400
number of Z or Y failures is
0
number of X failures is
0
average trial time
54.43440497331492
mu is
0.0
number of trials is
8600
number of Z or Y failures is
0
number of X failures is
0
average trial time
55.88755454422491
mu is
0.0
number of trials is
8800
number of Z or Y failures is
0
number of X failures is
0
average trial time
57.33574453169492
mu is
0.00011111111111111112
number of trials is
9000
number of Z or Y failures is
1
number of X failures is
0
average trial time
58.76584898865488
mu is
0.00010869565217391305
number of trials is
9200
number of Z or Y failures is
1
number of X failures is
0
average trial time
60.199123623669855
mu is
0.00010638297872340425
number of trials is
9400
number of Z or Y failures is
1
number of X failures is
0
average trial time
61.629179718289876
mu is
0.00010416666666666667
number of trials is
9600
number of Z or Y failures is
1
number of X failures is
0
average trial time
63.060903629664864
mu is
0.00010204081632653062
number of trials is
9800
number of Z or Y failures is
1
number of X failures is
0
average trial time
64.50390667138481
mu is
0.0001
number of trials is
10000
number of Z or Y failures is
1
number of X failures is
0
average trial time
65.94069249327477
mu is
9.80392156862745e-5
number of trials is
10200
number of Z or Y failures is
1
number of X failures is
0
average trial time
67.38984769929979
mu is
9.615384615384615e-5
number of trials is
10400
number of Z or Y failures is
1
number of X failures is
0
average trial time
68.83592719569474
mu is
9.433962264150943e-5
number of trials is
10600
number of Z or Y failures is
1
number of X failures is
0
average trial time
70.29042309821975
mu is
9.259259259259259e-5
number of trials is
10800
number of Z or Y failures is
1
number of X failures is
0
average trial time
71.72981260611974
mu is
9.09090909090909e-5
number of trials is
11000
number of Z or Y failures is
1
number of X failures is
0
average trial time
73.19314204205475
mu is
8.928571428571429e-5
number of trials is
11200
number of Z or Y failures is
1
number of X failures is
0
average trial time
74.63407387786971
mu is
8.771929824561403e-5
number of trials is
11400
number of Z or Y failures is
1
number of X failures is
0
average trial time
76.08128715032964
mu is
8.620689655172413e-5
number of trials is
11600
number of Z or Y failures is
1
number of X failures is
0
average trial time
77.55247742997469
mu is
8.474576271186441e-5
number of trials is
11800
number of Z or Y failures is
1
number of X failures is
0
average trial time
79.01296742504967
mu is
8.333333333333333e-5
number of trials is
12000
number of Z or Y failures is
1
number of X failures is
0
average trial time
80.44881058035465
mu is
8.19672131147541e-5
number of trials is
12200
number of Z or Y failures is
1
number of X failures is
0
average trial time
81.89757151547468
mu is
8.064516129032258e-5
number of trials is
12400
number of Z or Y failures is
1
number of X failures is
0
average trial time
83.35900845980464
mu is
7.936507936507937e-5
number of trials is
12600
number of Z or Y failures is
1
number of X failures is
0
average trial time
84.80351538641975
mu is
7.8125e-5
number of trials is
12800
number of Z or Y failures is
1
number of X failures is
0
average trial time
86.24900586514477
mu is
7.692307692307693e-5
number of trials is
13000
number of Z or Y failures is
1
number of X failures is
0
average trial time
87.70193783533995
mu is
7.575757575757576e-5
number of trials is
13200
number of Z or Y failures is
1
number of X failures is
0
average trial time
89.14741897624987
mu is
7.462686567164179e-5
number of trials is
13400
number of Z or Y failures is
1
number of X failures is
0
average trial time
90.59198803085498
mu is
7.352941176470588e-5
number of trials is
13600
number of Z or Y failures is
1
number of X failures is
0
average trial time
92.03000972310983
mu is
7.246376811594203e-5
number of trials is
13800
number of Z or Y failures is
1
number of X failures is
0
average trial time
93.46966929757993
mu is
7.142857142857143e-5
number of trials is
14000
number of Z or Y failures is
1
number of X failures is
0
average trial time
94.90907503666993
mu is
7.042253521126761e-5
number of trials is
14200
number of Z or Y failures is
1
number of X failures is
0
average trial time
96.34333022957502
mu is
6.944444444444444e-5
number of trials is
14400
number of Z or Y failures is
1
number of X failures is
0
average trial time
97.78431423398004
mu is
6.84931506849315e-5
number of trials is
14600
number of Z or Y failures is
1
number of X failures is
0
average trial time
99.23236079928995
mu is
6.756756756756757e-5
number of trials is
14800
number of Z or Y failures is
1
number of X failures is
0
average trial time
100.6634844871499
mu is
6.666666666666667e-5
number of trials is
15000
number of Z or Y failures is
1
number of X failures is
0
average trial time
102.11822634561484
mu is
6.578947368421052e-5
number of trials is
15200
number of Z or Y failures is
1
number of X failures is
0
average trial time
103.54575561759489
mu is
6.493506493506494e-5
number of trials is
15400
number of Z or Y failures is
1
number of X failures is
0
average trial time
105.00574113890491
mu is
6.41025641025641e-5
number of trials is
15600
number of Z or Y failures is
1
number of X failures is
0
average trial time
106.4356482105598
mu is
6.329113924050633e-5
number of trials is
15800
number of Z or Y failures is
1
number of X failures is
0
average trial time
107.8824205055448
mu is
6.25e-5
number of trials is
16000
number of Z or Y failures is
1
number of X failures is
0
average trial time
109.32005460408975
mu is
6.17283950617284e-5
number of trials is
16200
number of Z or Y failures is
1
number of X failures is
0
average trial time
110.75549507730472
mu is
6.097560975609756e-5
number of trials is
16400
number of Z or Y failures is
1
number of X failures is
0
average trial time
112.20444490176966
mu is
6.0240963855421684e-5
number of trials is
16600
number of Z or Y failures is
1
number of X failures is
0
average trial time
113.64093147162464
mu is
5.9523809523809524e-5
number of trials is
16800
number of Z or Y failures is
1
number of X failures is
0
average trial time
115.07437684036468
mu is
5.882352941176471e-5
number of trials is
17000
number of Z or Y failures is
1
number of X failures is
0
average trial time
116.48988625143471
mu is
5.8139534883720933e-5
number of trials is
17200
number of Z or Y failures is
1
number of X failures is
0
average trial time
117.92834490700467
mu is
5.747126436781609e-5
number of trials is
17400
number of Z or Y failures is
1
number of X failures is
0
average trial time
119.36114095177982
mu is
5.681818181818182e-5
number of trials is
17600
number of Z or Y failures is
1
number of X failures is
0
average trial time
120.80169408507486
mu is
5.617977528089888e-5
number of trials is
17800
number of Z or Y failures is
1
number of X failures is
0
average trial time
122.25085737729992
mu is
5.555555555555556e-5
number of trials is
18000
number of Z or Y failures is
1
number of X failures is
0
average trial time
123.71133549617484
mu is
5.4945054945054945e-5
number of trials is
18200
number of Z or Y failures is
1
number of X failures is
0
average trial time
125.1416125112847
mu is
5.4347826086956524e-5
number of trials is
18400
number of Z or Y failures is
1
number of X failures is
0
average trial time
126.59055401946462
mu is
5.3763440860215054e-5
number of trials is
18600
number of Z or Y failures is
1
number of X failures is
0
average trial time
128.02867421643967
mu is
5.319148936170213e-5
number of trials is
18800
number of Z or Y failures is
1
number of X failures is
0
average trial time
129.46132228461974
mu is
5.2631578947368424e-5
number of trials is
19000
number of Z or Y failures is
1
number of X failures is
0
average trial time
130.8839565182047
mu is
5.208333333333334e-5
number of trials is
19200
number of Z or Y failures is
1
number of X failures is
0
average trial time
132.31677778815984
mu is
5.154639175257732e-5
number of trials is
19400
number of Z or Y failures is
1
number of X failures is
0
average trial time
133.77251463755988
mu is
5.102040816326531e-5
number of trials is
19600
number of Z or Y failures is
1
number of X failures is
0
average trial time
135.19234232913985
mu is
5.0505050505050505e-5
number of trials is
19800
number of Z or Y failures is
1
number of X failures is
0
average trial time
136.64785396239992
mu is
5.0e-5
number of trials is
20000
number of Z or Y failures is
1
number of X failures is
0
average trial time
138.04162156181988
mu is
4.950495049504951e-5
number of trials is
20200
number of Z or Y failures is
1
number of X failures is
0
average trial time
139.4699210610548
mu is
4.901960784313725e-5
number of trials is
20400
number of Z or Y failures is
1
number of X failures is
0
average trial time
140.87077083126968
mu is
4.854368932038835e-5
number of trials is
20600
number of Z or Y failures is
1
number of X failures is
0
average trial time
142.2601042040746
mu is
4.807692307692308e-5
number of trials is
20800
number of Z or Y failures is
1
number of X failures is
0
average trial time
143.70140380364458
mu is
4.761904761904762e-5
number of trials is
21000
number of Z or Y failures is
1
number of X failures is
0
average trial time
145.1037780801845
mu is
4.7169811320754715e-5
number of trials is
21200
number of Z or Y failures is
1
number of X failures is
0
average trial time
146.5160100339394
mu is
4.672897196261682e-5
number of trials is
21400
number of Z or Y failures is
1
number of X failures is
0
average trial time
147.9419761405943
mu is
4.6296296296296294e-5
number of trials is
21600
number of Z or Y failures is
1
number of X failures is
0
average trial time
149.34711048368425
mu is
4.587155963302752e-5
number of trials is
21800
number of Z or Y failures is
1
number of X failures is
0
average trial time
150.78569244435903
mu is
4.545454545454545e-5
number of trials is
22000
number of Z or Y failures is
1
number of X failures is
0
average trial time
152.20226107338914
mu is
4.5045045045045046e-5
number of trials is
22200
number of Z or Y failures is
1
number of X failures is
0
average trial time
153.5944325063091
mu is
4.464285714285714e-5
number of trials is
22400
number of Z or Y failures is
1
number of X failures is
0
average trial time
155.01717609981904
mu is
4.424778761061947e-5
number of trials is
22600
number of Z or Y failures is
1
number of X failures is
0
average trial time
156.41395310642412
mu is
4.3859649122807014e-5
number of trials is
22800
number of Z or Y failures is
1
number of X failures is
0
average trial time
157.80944019554912
mu is
4.347826086956522e-5
number of trials is
23000
number of Z or Y failures is
1
number of X failures is
0
average trial time
159.22808831980413
mu is
4.3103448275862066e-5
number of trials is
23200
number of Z or Y failures is
1
number of X failures is
0
average trial time
160.618033836584
mu is
4.2735042735042735e-5
number of trials is
23400
number of Z or Y failures is
1
number of X failures is
0
average trial time
161.99924259946908
mu is
4.2372881355932206e-5
number of trials is
23600
number of Z or Y failures is
1
number of X failures is
0
average trial time
163.3960992084691
mu is
4.201680672268908e-5
number of trials is
23800
number of Z or Y failures is
1
number of X failures is
0
average trial time
164.81715900319418
mu is
4.1666666666666665e-5
number of trials is
24000
number of Z or Y failures is
1
number of X failures is
0
average trial time
166.21815495955437
mu is
4.132231404958678e-5
number of trials is
24200
number of Z or Y failures is
1
number of X failures is
0
average trial time
167.6033851888993
mu is
8.19672131147541e-5
number of trials is
24400
number of Z or Y failures is
2
number of X failures is
0
average trial time
169.05112061802913
mu is
8.130081300813008e-5
number of trials is
24600
number of Z or Y failures is
2
number of X failures is
0
average trial time
170.44689800193413
mu is
8.064516129032258e-5
number of trials is
24800
number of Z or Y failures is
2
number of X failures is
0
average trial time
171.83459387858392
mu is
8.0e-5
number of trials is
25000
number of Z or Y failures is
2
number of X failures is
0
average trial time
173.21110048906897
mu is
7.936507936507937e-5
number of trials is
25200
number of Z or Y failures is
2
number of X failures is
0
average trial time
174.61992006116424
mu is
7.874015748031496e-5
number of trials is
25400
number of Z or Y failures is
2
number of X failures is
0
average trial time
176.00276118412424
mu is
7.8125e-5
number of trials is
25600
number of Z or Y failures is
2
number of X failures is
0
average trial time
177.38650486099922
mu is
7.751937984496124e-5
number of trials is
25800
number of Z or Y failures is
2
number of X failures is
0
average trial time
178.77086831003425
mu is
7.692307692307693e-5
number of trials is
26000
number of Z or Y failures is
2
number of X failures is
0
average trial time
180.1651231566793
mu is
7.633587786259542e-5
number of trials is
26200
number of Z or Y failures is
2
number of X failures is
0
average trial time
181.57471849992424
mu is
0.00011363636363636364
number of trials is
26400
number of Z or Y failures is
3
number of X failures is
0
average trial time
182.98491164893937
mu is
0.00011278195488721805
number of trials is
26600
number of Z or Y failures is
3
number of X failures is
0
average trial time
184.36789647054454
mu is
0.00011194029850746269
number of trials is
26800
number of Z or Y failures is
3
number of X failures is
0
average trial time
185.76236796669468
mu is
0.00011111111111111112
number of trials is
27000
number of Z or Y failures is
3
number of X failures is
0
average trial time
187.15955508319487
mu is
0.00011029411764705883
number of trials is
27200
number of Z or Y failures is
3
number of X failures is
0
average trial time
188.59219863855978
mu is
0.00010948905109489051
number of trials is
27400
number of Z or Y failures is
3
number of X failures is
0
average trial time
189.97385719886984
mu is
0.00010869565217391305
number of trials is
27600
number of Z or Y failures is
3
number of X failures is
0
average trial time
191.35082232622455
mu is
0.0001079136690647482
number of trials is
27800
number of Z or Y failures is
3
number of X failures is
0
average trial time
192.75147281755963
mu is
0.00010714285714285714
number of trials is
28000
number of Z or Y failures is
3
number of X failures is
0
average trial time
194.13370717366956
mu is
0.00010638297872340425
number of trials is
28200
number of Z or Y failures is
3
number of X failures is
0
average trial time
195.4942940576545
mu is
0.00010563380281690141
number of trials is
28400
number of Z or Y failures is
3
number of X failures is
0
average trial time
196.86392118401952
mu is
0.0001048951048951049
number of trials is
28600
number of Z or Y failures is
3
number of X failures is
0
average trial time
198.2169452328395
mu is
0.00010416666666666667
number of trials is
28800
number of Z or Y failures is
3
number of X failures is
0
average trial time
199.6207533417346
mu is
0.00010344827586206896
number of trials is
29000
number of Z or Y failures is
3
number of X failures is
0
average trial time
201.0322801366844
mu is
0.00010273972602739727
number of trials is
29200
number of Z or Y failures is
3
number of X failures is
0
average trial time
202.41750846627943
mu is
0.00010204081632653062
number of trials is
29400
number of Z or Y failures is
3
number of X failures is
0
average trial time
203.81210185225456
mu is
0.00010135135135135135
number of trials is
29600
number of Z or Y failures is
3
number of X failures is
0
average trial time
205.18553130372445
mu is
0.00010067114093959731
number of trials is
29800
number of Z or Y failures is
3
number of X failures is
0
average trial time
206.55482965519943
mu is
0.0001
number of trials is
30000
number of Z or Y failures is
3
number of X failures is
0
average trial time
207.94458415401422
mu is
9.933774834437086e-5
number of trials is
30200
number of Z or Y failures is
3
number of X failures is
0
average trial time
209.3394373980695
mu is
9.868421052631579e-5
number of trials is
30400
number of Z or Y failures is
3
number of X failures is
0
average trial time
210.70308572526955
mu is
9.80392156862745e-5
number of trials is
30600
number of Z or Y failures is
3
number of X failures is
0
average trial time
212.0736527885747
mu is
9.74025974025974e-5
number of trials is
30800
number of Z or Y failures is
3
number of X failures is
0
average trial time
213.44472810023973
mu is
9.67741935483871e-5
number of trials is
31000
number of Z or Y failures is
3
number of X failures is
0
average trial time
214.81559283485475
mu is
9.615384615384615e-5
number of trials is
31200
number of Z or Y failures is
3
number of X failures is
0
average trial time
216.2279380146199
mu is
9.554140127388535e-5
number of trials is
31400
number of Z or Y failures is
3
number of X failures is
0
average trial time
217.64583258775983
mu is
9.493670886075949e-5
number of trials is
31600
number of Z or Y failures is
3
number of X failures is
0
average trial time
219.01245932913008
mu is
9.433962264150943e-5
number of trials is
31800
number of Z or Y failures is
3
number of X failures is
0
average trial time
220.37680981652036
mu is
9.375e-5
number of trials is
32000
number of Z or Y failures is
3
number of X failures is
0
average trial time
221.7559376620655
mu is
9.316770186335404e-5
number of trials is
32200
number of Z or Y failures is
3
number of X failures is
0
average trial time
223.12616763596054
mu is
9.259259259259259e-5
number of trials is
32400
number of Z or Y failures is
3
number of X failures is
0
average trial time
224.5006127334955
mu is
9.202453987730062e-5
number of trials is
32600
number of Z or Y failures is
3
number of X failures is
0
average trial time
225.8554199620105
mu is
9.146341463414634e-5
number of trials is
32800
number of Z or Y failures is
3
number of X failures is
0
average trial time
227.22905565125035
mu is
9.09090909090909e-5
number of trials is
33000
number of Z or Y failures is
3
number of X failures is
0
average trial time
228.61627401225567
mu is
9.036144578313253e-5
number of trials is
33200
number of Z or Y failures is
3
number of X failures is
0
average trial time
229.97222048139076
mu is
8.982035928143712e-5
number of trials is
33400
number of Z or Y failures is
3
number of X failures is
0
average trial time
231.32576094751087
mu is
8.928571428571429e-5
number of trials is
33600
number of Z or Y failures is
3
number of X failures is
0
average trial time
232.70009123288594
mu is
8.875739644970414e-5
number of trials is
33800
number of Z or Y failures is
3
number of X failures is
0
average trial time
234.04680086168585
mu is
8.823529411764706e-5
number of trials is
34000
number of Z or Y failures is
3
number of X failures is
0
average trial time
235.405965375216
mu is
8.771929824561403e-5
number of trials is
34200
number of Z or Y failures is
3
number of X failures is
0
average trial time
236.76756511271108
mu is
8.72093023255814e-5
number of trials is
34400
number of Z or Y failures is
3
number of X failures is
0
average trial time
238.11917178166618
mu is
8.670520231213873e-5
number of trials is
34600
number of Z or Y failures is
3
number of X failures is
0
average trial time
239.4782414315761
mu is
8.620689655172413e-5
number of trials is
34800
number of Z or Y failures is
3
number of X failures is
0
average trial time
240.83587153579126
mu is
0.00011428571428571428
number of trials is
35000
number of Z or Y failures is
4
number of X failures is
0
average trial time
242.20356675337615
mu is
0.00011363636363636364
number of trials is
35200
number of Z or Y failures is
4
number of X failures is
0
average trial time
243.57014967712593
mu is
0.00011299435028248587
number of trials is
35400
number of Z or Y failures is
4
number of X failures is
0
average trial time
244.925183816571
mu is
0.00011235955056179776
number of trials is
35600
number of Z or Y failures is
4
number of X failures is
0
average trial time
246.321303727906
mu is
0.000111731843575419
number of trials is
35800
number of Z or Y failures is
4
number of X failures is
0
average trial time
247.7085001516363
mu is
0.00011111111111111112
number of trials is
36000
number of Z or Y failures is
4
number of X failures is
0
average trial time
249.11043264034134
mu is
0.00011049723756906077
number of trials is
36200
number of Z or Y failures is
4
number of X failures is
0
average trial time
250.47880954632132
mu is
0.00010989010989010989
number of trials is
36400
number of Z or Y failures is
4
number of X failures is
0
average trial time
251.84360973895636
mu is
0.0001092896174863388
number of trials is
36600
number of Z or Y failures is
4
number of X failures is
0
average trial time
253.2319286889513
mu is
0.00010869565217391305
number of trials is
36800
number of Z or Y failures is
4
number of X failures is
0
average trial time
254.6032017400765
mu is
0.00013513513513513514
number of trials is
37000
number of Z or Y failures is
5
number of X failures is
0
average trial time
255.96506319756122
stderr is
6.04310027682862e-5
target is
1.3513513513513515e-5
mu is
0.00013440860215053763
number of trials is
37200
number of Z or Y failures is
5
number of X failures is
0
average trial time
257.3207650762162
stderr is
6.0106122374395594e-5
target is
1.3440860215053763e-5
mu is
0.00013368983957219252
number of trials is
37400
number of Z or Y failures is
5
number of X failures is
0
average trial time
258.6723635570762
stderr is
5.978471645126361e-5
target is
1.3368983957219252e-5
mu is
0.00013297872340425532
number of trials is
37600
number of Z or Y failures is
5
number of X failures is
0
average trial time
260.0394307482165
stderr is
5.946672955815818e-5
target is
1.3297872340425533e-5
mu is
0.00013227513227513228
number of trials is
37800
number of Z or Y failures is
5
number of X failures is
0
average trial time
261.3899319860864
stderr is
5.9152107427633926e-5
target is
1.322751322751323e-5
mu is
0.00013157894736842105
number of trials is
38000
number of Z or Y failures is
5
number of X failures is
0
average trial time
262.7454797289613
stderr is
5.884079693465786e-5
target is
1.3157894736842106e-5
mu is
0.00013089005235602096
number of trials is
38200
number of Z or Y failures is
5
number of X failures is
0
average trial time
264.09911394564114
stderr is
5.853274606670486e-5
target is
1.3089005235602096e-5
mu is
0.00013020833333333333
number of trials is
38400
number of Z or Y failures is
5
number of X failures is
0
average trial time
265.4494749231162
stderr is
5.822790389478761e-5
target is
1.3020833333333334e-5
mu is
0.00012953367875647668
number of trials is
38600
number of Z or Y failures is
5
number of X failures is
0
average trial time
266.8077981494662
stderr is
5.792622054538712e-5
target is
1.2953367875647668e-5
mu is
0.0001288659793814433
number of trials is
38800
number of Z or Y failures is
5
number of X failures is
0
average trial time
268.15684413670107
stderr is
5.7627647173251345e-5
target is
1.288659793814433e-5
mu is
0.0001282051282051282
number of trials is
39000
number of Z or Y failures is
5
number of X failures is
0
average trial time
269.52171884438087
stderr is
5.7332135935030775e-5
target is
1.2820512820512822e-5
mu is
0.00012755102040816328
number of trials is
39200
number of Z or Y failures is
5
number of X failures is
0
average trial time
270.8768679717108
stderr is
5.703963996372085e-5
target is
1.2755102040816329e-5
mu is
0.0001269035532994924
number of trials is
39400
number of Z or Y failures is
5
number of X failures is
0
average trial time
272.2418373876407
stderr is
5.675011334388308e-5
target is
1.269035532994924e-5
mu is
0.00012626262626262626
number of trials is
39600
number of Z or Y failures is
5
number of X failures is
0
average trial time
273.60842252562554
stderr is
5.646351108761668e-5
target is
1.2626262626262626e-5
mu is
0.0001256281407035176
number of trials is
39800
number of Z or Y failures is
5
number of X failures is
0
average trial time
274.96355559056536
stderr is
5.6179789111254807e-5
target is
1.256281407035176e-5
mu is
0.000125
number of trials is
40000
number of Z or Y failures is
5
number of X failures is
0
average trial time
276.30746332531027
stderr is
5.589890421275988e-5
target is
1.25e-5
mu is
0.00014925373134328358
number of trials is
40200
number of Z or Y failures is
6
number of X failures is
0
average trial time
277.664835515935
stderr is
6.0928791114549104e-5
target is
1.4925373134328359e-5
mu is
0.0001485148514851485
number of trials is
40400
number of Z or Y failures is
6
number of X failures is
0
average trial time
279.019267837755
stderr is
6.062718210408881e-5
target is
1.4851485148514851e-5
mu is
0.00014778325123152708
number of trials is
40600
number of Z or Y failures is
6
number of X failures is
0
average trial time
280.38677391385517
stderr is
6.032854442794444e-5
target is
1.477832512315271e-5
mu is
0.00014705882352941175
number of trials is
40800
number of Z or Y failures is
6
number of X failures is
0
average trial time
281.73825888236024
stderr is
6.00328343927017e-5
target is
1.4705882352941175e-5
mu is
0.00014634146341463414
number of trials is
41000
number of Z or Y failures is
6
number of X failures is
0
average trial time
283.1097062929401
stderr is
5.974000915744863e-5
target is
1.4634146341463415e-5
mu is
0.00014563106796116506
number of trials is
41200
number of Z or Y failures is
6
number of X failures is
0
average trial time
284.49073528193
stderr is
5.945002671308522e-5
target is
1.4563106796116507e-5
mu is
0.00014492753623188405
number of trials is
41400
number of Z or Y failures is
6
number of X failures is
0
average trial time
285.8473292469049
stderr is
5.9162845862232396e-5
target is
1.4492753623188407e-5
mu is
0.00014423076923076924
number of trials is
41600
number of Z or Y failures is
6
number of X failures is
0
average trial time
287.20073605311006
stderr is
5.887842619972075e-5
target is
1.4423076923076924e-5
mu is
0.00014354066985645933
number of trials is
41800
number of Z or Y failures is
6
number of X failures is
0
average trial time
288.56158523915013
stderr is
5.8596728093639314e-5
target is
1.4354066985645934e-5
mu is
0.00014285714285714287
number of trials is
42000
number of Z or Y failures is
6
number of X failures is
0
average trial time
289.9050943426901
stderr is
5.831771266692566e-5
target is
1.4285714285714287e-5
mu is
0.00014218009478672987
number of trials is
42200
number of Z or Y failures is
6
number of X failures is
0
average trial time
291.27142506777
stderr is
5.804134177947961e-5
target is
1.4218009478672987e-5
mu is
0.00014150943396226416
number of trials is
42400
number of Z or Y failures is
6
number of X failures is
0
average trial time
292.63230111661
stderr is
5.77675780107831e-5
target is
1.4150943396226417e-5
mu is
0.00014084507042253522
number of trials is
42600
number of Z or Y failures is
6
number of X failures is
0
average trial time
293.9897428034148
stderr is
5.74963846430095e-5
target is
1.4084507042253523e-5
mu is
0.00014018691588785047
number of trials is
42800
number of Z or Y failures is
6
number of X failures is
0
average trial time
295.36381067903477
stderr is
5.7227725644606604e-5
target is
1.4018691588785047e-5
mu is
0.00013953488372093022
number of trials is
43000
number of Z or Y failures is
6
number of X failures is
0
average trial time
slurmstepd: error: *** JOB 542 ON cpu48-dy-c5a12xlarge-27 CANCELLED AT 2021-06-21T17:10:18 ***
