mu is
0.0
number of trials is
200
number of Z or Y failures is
0
number of X failures is
0
average trial time
1.3964522830850004
mu is
0.0
number of trials is
400
number of Z or Y failures is
0
number of X failures is
0
average trial time
2.6064457699900005
mu is
0.0
number of trials is
600
number of Z or Y failures is
0
number of X failures is
0
average trial time
3.8164388069050035
mu is
0.0
number of trials is
800
number of Z or Y failures is
0
number of X failures is
0
average trial time
5.021634704725004
mu is
0.0
number of trials is
1000
number of Z or Y failures is
0
number of X failures is
0
average trial time
6.239319311855013
mu is
0.0
number of trials is
1200
number of Z or Y failures is
0
number of X failures is
0
average trial time
7.447988955155016
mu is
0.0
number of trials is
1400
number of Z or Y failures is
0
number of X failures is
0
average trial time
8.647707265275022
mu is
0.0
number of trials is
1600
number of Z or Y failures is
0
number of X failures is
0
average trial time
9.851911104540019
mu is
0.0
number of trials is
1800
number of Z or Y failures is
0
number of X failures is
0
average trial time
11.057939837730007
mu is
0.0
number of trials is
2000
number of Z or Y failures is
0
number of X failures is
0
average trial time
12.272481188074998
mu is
0.0
number of trials is
2200
number of Z or Y failures is
0
number of X failures is
0
average trial time
13.484246522905005
mu is
0.0
number of trials is
2400
number of Z or Y failures is
0
number of X failures is
0
average trial time
14.69934980437499
mu is
0.0
number of trials is
2600
number of Z or Y failures is
0
number of X failures is
0
average trial time
15.907829868644981
mu is
0.0
number of trials is
2800
number of Z or Y failures is
0
number of X failures is
0
average trial time
17.12014127517496
mu is
0.0
number of trials is
3000
number of Z or Y failures is
0
number of X failures is
0
average trial time
18.324481041979976
mu is
0.0
number of trials is
3200
number of Z or Y failures is
0
number of X failures is
0
average trial time
19.55255528964498
mu is
0.0
number of trials is
3400
number of Z or Y failures is
0
number of X failures is
0
average trial time
20.79827717787499
mu is
0.0
number of trials is
3600
number of Z or Y failures is
0
number of X failures is
0
average trial time
22.028501612025003
mu is
0.0
number of trials is
3800
number of Z or Y failures is
0
number of X failures is
0
average trial time
23.28376142331001
mu is
0.0
number of trials is
4000
number of Z or Y failures is
0
number of X failures is
0
average trial time
24.533217769670014
mu is
0.0
number of trials is
4200
number of Z or Y failures is
0
number of X failures is
0
average trial time
25.80287535204503
mu is
0.0
number of trials is
4400
number of Z or Y failures is
0
number of X failures is
0
average trial time
27.09359522523503
mu is
0.0
number of trials is
4600
number of Z or Y failures is
0
number of X failures is
0
average trial time
28.361423068580034
mu is
0.0
number of trials is
4800
number of Z or Y failures is
0
number of X failures is
0
average trial time
29.66230543331007
mu is
0.0
number of trials is
5000
number of Z or Y failures is
0
number of X failures is
0
average trial time
30.986132859195095
mu is
0.0
number of trials is
5200
number of Z or Y failures is
0
number of X failures is
0
average trial time
32.27544400839006
mu is
0.0
number of trials is
5400
number of Z or Y failures is
0
number of X failures is
0
average trial time
33.59265005312006
mu is
0.0
number of trials is
5600
number of Z or Y failures is
0
number of X failures is
0
average trial time
34.93474080766507
mu is
0.0
number of trials is
5800
number of Z or Y failures is
0
number of X failures is
0
average trial time
36.284199785015076
mu is
0.0
number of trials is
6000
number of Z or Y failures is
0
number of X failures is
0
average trial time
37.62871988916006
mu is
0.0
number of trials is
6200
number of Z or Y failures is
0
number of X failures is
0
average trial time
38.97829120164506
mu is
0.0
number of trials is
6400
number of Z or Y failures is
0
number of X failures is
0
average trial time
40.34604801036004
mu is
0.0
number of trials is
6600
number of Z or Y failures is
0
number of X failures is
0
average trial time
41.72120289270005
mu is
0.0
number of trials is
6800
number of Z or Y failures is
0
number of X failures is
0
average trial time
43.10342618899504
mu is
0.0
number of trials is
7000
number of Z or Y failures is
0
number of X failures is
0
average trial time
44.49687783156007
mu is
0.0
number of trials is
7200
number of Z or Y failures is
0
number of X failures is
0
average trial time
45.860867251670015
mu is
0.0
number of trials is
7400
number of Z or Y failures is
0
number of X failures is
0
average trial time
47.25470966918496
mu is
0.0
number of trials is
7600
number of Z or Y failures is
0
number of X failures is
0
average trial time
48.64992735204496
mu is
0.0
number of trials is
7800
number of Z or Y failures is
0
number of X failures is
0
average trial time
50.05414265580505
mu is
0.0
number of trials is
8000
number of Z or Y failures is
0
number of X failures is
0
average trial time
51.46834437345501
mu is
0.0
number of trials is
8200
number of Z or Y failures is
0
number of X failures is
0
average trial time
52.895655001549976
mu is
0.0
number of trials is
8400
number of Z or Y failures is
0
number of X failures is
0
average trial time
54.31168407130495
mu is
0.0
number of trials is
8600
number of Z or Y failures is
0
number of X failures is
0
average trial time
55.71206511018489
mu is
0.0
number of trials is
8800
number of Z or Y failures is
0
number of X failures is
0
average trial time
57.14206658686492
mu is
0.0
number of trials is
9000
number of Z or Y failures is
0
number of X failures is
0
average trial time
58.56791039558994
mu is
0.0
number of trials is
9200
number of Z or Y failures is
0
number of X failures is
0
average trial time
59.99569639317494
mu is
0.0
number of trials is
9400
number of Z or Y failures is
0
number of X failures is
0
average trial time
61.436563213994994
mu is
0.0
number of trials is
9600
number of Z or Y failures is
0
number of X failures is
0
average trial time
62.85195681935497
mu is
0.0
number of trials is
9800
number of Z or Y failures is
0
number of X failures is
0
average trial time
64.27089906962996
mu is
0.0
number of trials is
10000
number of Z or Y failures is
0
number of X failures is
0
average trial time
65.72614089854997
mu is
0.0
number of trials is
10200
number of Z or Y failures is
0
number of X failures is
0
average trial time
67.1873211411999
mu is
0.0
number of trials is
10400
number of Z or Y failures is
0
number of X failures is
0
average trial time
68.63839825821496
mu is
0.0
number of trials is
10600
number of Z or Y failures is
0
number of X failures is
0
average trial time
70.07967188117003
mu is
0.0
number of trials is
10800
number of Z or Y failures is
0
number of X failures is
0
average trial time
71.527926103085
mu is
0.0
number of trials is
11000
number of Z or Y failures is
0
number of X failures is
0
average trial time
72.95556983977501
mu is
0.0
number of trials is
11200
number of Z or Y failures is
0
number of X failures is
0
average trial time
74.41004945423506
mu is
0.0
number of trials is
11400
number of Z or Y failures is
0
number of X failures is
0
average trial time
75.83829251803508
mu is
0.0
number of trials is
11600
number of Z or Y failures is
0
number of X failures is
0
average trial time
77.26851752850511
mu is
0.0
number of trials is
11800
number of Z or Y failures is
0
number of X failures is
0
average trial time
78.71354733384509
mu is
0.0
number of trials is
12000
number of Z or Y failures is
0
number of X failures is
0
average trial time
80.14358936394002
mu is
0.0
number of trials is
12200
number of Z or Y failures is
0
number of X failures is
0
average trial time
81.60250951019496
mu is
0.0
number of trials is
12400
number of Z or Y failures is
0
number of X failures is
0
average trial time
83.04729506145993
mu is
0.0
number of trials is
12600
number of Z or Y failures is
0
number of X failures is
0
average trial time
84.48042089885983
mu is
0.0
number of trials is
12800
number of Z or Y failures is
0
number of X failures is
0
average trial time
85.9157417392748
mu is
7.692307692307693e-5
number of trials is
13000
number of Z or Y failures is
1
number of X failures is
0
average trial time
87.38225638066983
mu is
7.575757575757576e-5
number of trials is
13200
number of Z or Y failures is
1
number of X failures is
0
average trial time
88.82950595155476
mu is
7.462686567164179e-5
number of trials is
13400
number of Z or Y failures is
1
number of X failures is
0
average trial time
90.26893596948479
mu is
7.352941176470588e-5
number of trials is
13600
number of Z or Y failures is
1
number of X failures is
0
average trial time
91.69689090757988
mu is
7.246376811594203e-5
number of trials is
13800
number of Z or Y failures is
1
number of X failures is
0
average trial time
93.10700731079991
mu is
7.142857142857143e-5
number of trials is
14000
number of Z or Y failures is
1
number of X failures is
0
average trial time
94.55656827623989
mu is
7.042253521126761e-5
number of trials is
14200
number of Z or Y failures is
1
number of X failures is
0
average trial time
95.96952035373992
mu is
6.944444444444444e-5
number of trials is
14400
number of Z or Y failures is
1
number of X failures is
0
average trial time
97.40358173283492
mu is
6.84931506849315e-5
number of trials is
14600
number of Z or Y failures is
1
number of X failures is
0
average trial time
98.84532399946997
mu is
6.756756756756757e-5
number of trials is
14800
number of Z or Y failures is
1
number of X failures is
0
average trial time
100.28059121544995
mu is
6.666666666666667e-5
number of trials is
15000
number of Z or Y failures is
1
number of X failures is
0
average trial time
101.72905074731987
mu is
6.578947368421052e-5
number of trials is
15200
number of Z or Y failures is
1
number of X failures is
0
average trial time
103.14256204143985
mu is
6.493506493506494e-5
number of trials is
15400
number of Z or Y failures is
1
number of X failures is
0
average trial time
104.59725918760984
mu is
6.41025641025641e-5
number of trials is
15600
number of Z or Y failures is
1
number of X failures is
0
average trial time
106.01069013753468
mu is
6.329113924050633e-5
number of trials is
15800
number of Z or Y failures is
1
number of X failures is
0
average trial time
107.45899737362471
mu is
6.25e-5
number of trials is
16000
number of Z or Y failures is
1
number of X failures is
0
average trial time
108.88954789925468
mu is
6.17283950617284e-5
number of trials is
16200
number of Z or Y failures is
1
number of X failures is
0
average trial time
110.34107972463973
mu is
6.097560975609756e-5
number of trials is
16400
number of Z or Y failures is
1
number of X failures is
0
average trial time
111.78207153624987
mu is
6.0240963855421684e-5
number of trials is
16600
number of Z or Y failures is
1
number of X failures is
0
average trial time
113.21721283186976
mu is
5.9523809523809524e-5
number of trials is
16800
number of Z or Y failures is
1
number of X failures is
0
average trial time
114.64118892709976
mu is
5.882352941176471e-5
number of trials is
17000
number of Z or Y failures is
1
number of X failures is
0
average trial time
116.08004829159977
mu is
5.8139534883720933e-5
number of trials is
17200
number of Z or Y failures is
1
number of X failures is
0
average trial time
117.51875192441479
mu is
5.747126436781609e-5
number of trials is
17400
number of Z or Y failures is
1
number of X failures is
0
average trial time
118.9621714130847
mu is
5.681818181818182e-5
number of trials is
17600
number of Z or Y failures is
1
number of X failures is
0
average trial time
120.40609310448457
mu is
5.617977528089888e-5
number of trials is
17800
number of Z or Y failures is
1
number of X failures is
0
average trial time
121.82368388756453
mu is
5.555555555555556e-5
number of trials is
18000
number of Z or Y failures is
1
number of X failures is
0
average trial time
123.24395672553453
mu is
5.4945054945054945e-5
number of trials is
18200
number of Z or Y failures is
1
number of X failures is
0
average trial time
124.6663603667895
mu is
5.4347826086956524e-5
number of trials is
18400
number of Z or Y failures is
1
number of X failures is
0
average trial time
126.11671568572955
mu is
5.3763440860215054e-5
number of trials is
18600
number of Z or Y failures is
1
number of X failures is
0
average trial time
127.54700281779456
mu is
5.319148936170213e-5
number of trials is
18800
number of Z or Y failures is
1
number of X failures is
0
average trial time
128.97778086824457
mu is
5.2631578947368424e-5
number of trials is
19000
number of Z or Y failures is
1
number of X failures is
0
average trial time
130.40901060742462
mu is
5.208333333333334e-5
number of trials is
19200
number of Z or Y failures is
1
number of X failures is
0
average trial time
131.8087377430796
mu is
5.154639175257732e-5
number of trials is
19400
number of Z or Y failures is
1
number of X failures is
0
average trial time
133.22764745660965
mu is
5.102040816326531e-5
number of trials is
19600
number of Z or Y failures is
1
number of X failures is
0
average trial time
134.62636422656468
mu is
5.0505050505050505e-5
number of trials is
19800
number of Z or Y failures is
1
number of X failures is
0
average trial time
136.07618011850477
mu is
5.0e-5
number of trials is
20000
number of Z or Y failures is
1
number of X failures is
0
average trial time
137.4760603089298
mu is
4.950495049504951e-5
number of trials is
20200
number of Z or Y failures is
1
number of X failures is
0
average trial time
138.88926889205968
mu is
4.901960784313725e-5
number of trials is
20400
number of Z or Y failures is
1
number of X failures is
0
average trial time
140.2945758731547
mu is
4.854368932038835e-5
number of trials is
20600
number of Z or Y failures is
1
number of X failures is
0
average trial time
141.6934260319047
mu is
4.807692307692308e-5
number of trials is
20800
number of Z or Y failures is
1
number of X failures is
0
average trial time
143.1065827286697
mu is
4.761904761904762e-5
number of trials is
21000
number of Z or Y failures is
1
number of X failures is
0
average trial time
144.51646962485472
mu is
4.7169811320754715e-5
number of trials is
21200
number of Z or Y failures is
1
number of X failures is
0
average trial time
145.90734502321465
mu is
4.672897196261682e-5
number of trials is
21400
number of Z or Y failures is
1
number of X failures is
0
average trial time
147.3228964139895
mu is
4.6296296296296294e-5
number of trials is
21600
number of Z or Y failures is
1
number of X failures is
0
average trial time
148.7021429158346
mu is
4.587155963302752e-5
number of trials is
21800
number of Z or Y failures is
1
number of X failures is
0
average trial time
150.10467168292448
mu is
4.545454545454545e-5
number of trials is
22000
number of Z or Y failures is
1
number of X failures is
0
average trial time
151.57050316999445
mu is
4.5045045045045046e-5
number of trials is
22200
number of Z or Y failures is
1
number of X failures is
0
average trial time
152.9657316622794
mu is
4.464285714285714e-5
number of trials is
22400
number of Z or Y failures is
1
number of X failures is
0
average trial time
154.37749050318453
mu is
4.424778761061947e-5
number of trials is
22600
number of Z or Y failures is
1
number of X failures is
0
average trial time
155.78283095760943
mu is
4.3859649122807014e-5
number of trials is
22800
number of Z or Y failures is
1
number of X failures is
0
average trial time
157.1668510666044
mu is
4.347826086956522e-5
number of trials is
23000
number of Z or Y failures is
1
number of X failures is
0
average trial time
158.56550182200442
mu is
4.3103448275862066e-5
number of trials is
23200
number of Z or Y failures is
1
number of X failures is
0
average trial time
159.97846776535945
mu is
8.547008547008547e-5
number of trials is
23400
number of Z or Y failures is
2
number of X failures is
0
average trial time
161.37044294110947
mu is
8.474576271186441e-5
number of trials is
23600
number of Z or Y failures is
2
number of X failures is
0
average trial time
162.75188081049455
mu is
8.403361344537815e-5
number of trials is
23800
number of Z or Y failures is
2
number of X failures is
0
average trial time
164.18860209872457
mu is
8.333333333333333e-5
number of trials is
24000
number of Z or Y failures is
2
number of X failures is
0
average trial time
165.57764503831987
mu is
8.264462809917356e-5
number of trials is
24200
number of Z or Y failures is
2
number of X failures is
0
average trial time
166.95039312208962
mu is
8.19672131147541e-5
number of trials is
24400
number of Z or Y failures is
2
number of X failures is
0
average trial time
168.31879441457465
mu is
8.130081300813008e-5
number of trials is
24600
number of Z or Y failures is
2
number of X failures is
0
average trial time
169.73980167832957
mu is
8.064516129032258e-5
number of trials is
24800
number of Z or Y failures is
2
number of X failures is
0
average trial time
171.1425829025594
mu is
8.0e-5
number of trials is
25000
number of Z or Y failures is
2
number of X failures is
0
average trial time
172.53634523609938
mu is
7.936507936507937e-5
number of trials is
25200
number of Z or Y failures is
2
number of X failures is
0
average trial time
173.90878316585417
mu is
7.874015748031496e-5
number of trials is
25400
number of Z or Y failures is
2
number of X failures is
0
average trial time
175.31280375334424
mu is
7.8125e-5
number of trials is
25600
number of Z or Y failures is
2
number of X failures is
0
average trial time
176.72266902956417
mu is
7.751937984496124e-5
number of trials is
25800
number of Z or Y failures is
2
number of X failures is
0
average trial time
178.1068521328138
mu is
7.692307692307693e-5
number of trials is
26000
number of Z or Y failures is
2
number of X failures is
0
average trial time
179.47550347339381
mu is
7.633587786259542e-5
number of trials is
26200
number of Z or Y failures is
2
number of X failures is
0
average trial time
180.8387853653636
mu is
7.575757575757576e-5
number of trials is
26400
number of Z or Y failures is
2
number of X failures is
0
average trial time
182.24113207784364
mu is
7.518796992481203e-5
number of trials is
26600
number of Z or Y failures is
2
number of X failures is
0
average trial time
183.6295778966786
mu is
7.462686567164179e-5
number of trials is
26800
number of Z or Y failures is
2
number of X failures is
0
average trial time
185.02000902088358
mu is
7.407407407407407e-5
number of trials is
27000
number of Z or Y failures is
2
number of X failures is
0
average trial time
186.3963224005786
mu is
7.352941176470588e-5
number of trials is
27200
number of Z or Y failures is
2
number of X failures is
0
average trial time
187.7572020429236
mu is
7.299270072992701e-5
number of trials is
27400
number of Z or Y failures is
2
number of X failures is
0
average trial time
189.12161813636845
mu is
7.246376811594203e-5
number of trials is
27600
number of Z or Y failures is
2
number of X failures is
0
average trial time
190.48368714642857
mu is
7.194244604316547e-5
number of trials is
27800
number of Z or Y failures is
2
number of X failures is
0
average trial time
191.87282050970845
mu is
0.00010714285714285714
number of trials is
28000
number of Z or Y failures is
3
number of X failures is
0
average trial time
193.26784928846828
mu is
0.00010638297872340425
number of trials is
28200
number of Z or Y failures is
3
number of X failures is
0
average trial time
194.65958451729293
mu is
0.00010563380281690141
number of trials is
28400
number of Z or Y failures is
3
number of X failures is
0
average trial time
196.03127039945304
mu is
0.0001048951048951049
number of trials is
28600
number of Z or Y failures is
3
number of X failures is
0
average trial time
197.40474497114815
mu is
0.00010416666666666667
number of trials is
28800
number of Z or Y failures is
3
number of X failures is
0
average trial time
198.77474761902315
mu is
0.00010344827586206896
number of trials is
29000
number of Z or Y failures is
3
number of X failures is
0
average trial time
200.12718539503803
mu is
0.00010273972602739727
number of trials is
29200
number of Z or Y failures is
3
number of X failures is
0
average trial time
201.49332753456318
mu is
0.00010204081632653062
number of trials is
29400
number of Z or Y failures is
3
number of X failures is
0
average trial time
202.85250187126323
mu is
0.00010135135135135135
number of trials is
29600
number of Z or Y failures is
3
number of X failures is
0
average trial time
204.2355118613382
mu is
0.00010067114093959731
number of trials is
29800
number of Z or Y failures is
3
number of X failures is
0
average trial time
205.6230373187482
mu is
0.0001
number of trials is
30000
number of Z or Y failures is
3
number of X failures is
0
average trial time
207.01496913485323
mu is
9.933774834437086e-5
number of trials is
30200
number of Z or Y failures is
3
number of X failures is
0
average trial time
208.3746105691633
mu is
9.868421052631579e-5
number of trials is
30400
number of Z or Y failures is
3
number of X failures is
0
average trial time
209.7398802913731
mu is
0.00013071895424836603
number of trials is
30600
number of Z or Y failures is
4
number of X failures is
0
average trial time
211.100724117283
mu is
0.00012987012987012987
number of trials is
30800
number of Z or Y failures is
4
number of X failures is
0
average trial time
212.46477469865798
mu is
0.00012903225806451613
number of trials is
31000
number of Z or Y failures is
4
number of X failures is
0
average trial time
213.82128210120283
mu is
0.0001282051282051282
number of trials is
31200
number of Z or Y failures is
4
number of X failures is
0
average trial time
215.17220172397282
mu is
0.00012738853503184712
number of trials is
31400
number of Z or Y failures is
4
number of X failures is
0
average trial time
216.544974842388
mu is
0.00012658227848101267
number of trials is
31600
number of Z or Y failures is
4
number of X failures is
0
average trial time
217.88880986860295
mu is
0.00015723270440251572
number of trials is
31800
number of Z or Y failures is
5
number of X failures is
0
average trial time
219.23511271978794
stderr is
7.031218036000334e-5
target is
1.572327044025157e-5
mu is
0.00015625
number of trials is
32000
number of Z or Y failures is
5
number of X failures is
0
average trial time
220.59008350915286
stderr is
6.987275670362103e-5
target is
1.5625e-5
mu is
0.00015527950310559007
number of trials is
32200
number of Z or Y failures is
5
number of X failures is
0
average trial time
221.936373554368
stderr is
6.943879138704549e-5
target is
1.5527950310559007e-5
mu is
0.00018518518518518518
number of trials is
32400
number of Z or Y failures is
6
number of X failures is
0
average trial time
223.28939928148796
stderr is
7.559570141415249e-5
target is
1.8518518518518518e-5
mu is
0.00018404907975460124
number of trials is
32600
number of Z or Y failures is
6
number of X failures is
0
average trial time
224.6484609969131
stderr is
7.513195967827806e-5
target is
1.8404907975460126e-5
mu is
0.00021341463414634146
number of trials is
32800
number of Z or Y failures is
7
number of X failures is
0
average trial time
226.00202619364794
stderr is
8.065577143808468e-5
target is
2.134146341463415e-5
mu is
0.00021212121212121213
number of trials is
33000
number of Z or Y failures is
7
number of X failures is
0
average trial time
227.38022886808278
stderr is
8.016699303014621e-5
target is
2.1212121212121215e-5
mu is
0.0002108433734939759
number of trials is
33200
number of Z or Y failures is
7
number of X failures is
0
average trial time
228.7846718473424
stderr is
7.968410298634164e-5
target is
2.1084337349397593e-5
mu is
0.0002095808383233533
number of trials is
33400
number of Z or Y failures is
7
number of X failures is
0
average trial time
230.15915928523233
stderr is
7.920699553718116e-5
target is
2.0958083832335332e-5
mu is
0.00020833333333333335
number of trials is
33600
number of Z or Y failures is
7
number of X failures is
0
average trial time
231.51578798973753
stderr is
7.873556743127108e-5
target is
2.0833333333333336e-5
mu is
0.00020710059171597634
number of trials is
33800
number of Z or Y failures is
7
number of X failures is
0
average trial time
232.8859642180525
stderr is
7.826971786082062e-5
target is
2.0710059171597635e-5
mu is
0.00020588235294117648
number of trials is
34000
number of Z or Y failures is
7
number of X failures is
0
average trial time
234.2375928882124
stderr is
7.78093483897776e-5
target is
2.058823529411765e-5
mu is
0.00020467836257309941
number of trials is
34200
number of Z or Y failures is
7
number of X failures is
0
average trial time
235.59953275301206
stderr is
7.735436288448539e-5
target is
2.0467836257309943e-5
mu is
0.00020348837209302326
number of trials is
34400
number of Z or Y failures is
7
number of X failures is
0
average trial time
236.94520569419691
stderr is
7.69046674467587e-5
target is
2.0348837209302328e-5
mu is
0.0002023121387283237
number of trials is
34600
number of Z or Y failures is
7
number of X failures is
0
average trial time
238.29170438353188
stderr is
7.646017034928018e-5
target is
2.023121387283237e-5
mu is
0.00020114942528735632
number of trials is
34800
number of Z or Y failures is
7
number of X failures is
0
average trial time
239.64220478695668
stderr is
7.602078197322452e-5
target is
2.0114942528735632e-5
mu is
0.0002
number of trials is
35000
number of Z or Y failures is
7
number of X failures is
0
average trial time
240.99130788810146
stderr is
7.558641474802097e-5
target is
2.0e-5
mu is
0.00019886363636363637
number of trials is
35200
number of Z or Y failures is
7
number of X failures is
0
average trial time
242.3401401896965
stderr is
7.515698309316931e-5
target is
1.9886363636363638e-5
mu is
0.00019774011299435027
number of trials is
35400
number of Z or Y failures is
7
number of X failures is
0
average trial time
243.6868463505163
stderr is
7.473240336202794e-5
target is
1.9774011299435028e-5
mu is
0.00019662921348314607
number of trials is
35600
number of Z or Y failures is
7
number of X failures is
0
average trial time
245.0509727834714
stderr is
7.43125937874965e-5
target is
1.9662921348314607e-5
mu is
0.00019553072625698323
number of trials is
35800
number of Z or Y failures is
7
number of X failures is
0
average trial time
246.41107172942145
stderr is
7.38974744295192e-5
target is
1.9553072625698323e-5
mu is
0.00019444444444444443
number of trials is
36000
number of Z or Y failures is
7
number of X failures is
0
average trial time
247.77772475679154
stderr is
7.348696712433782e-5
target is
1.9444444444444445e-5
mu is
0.00019337016574585636
number of trials is
36200
number of Z or Y failures is
7
number of X failures is
0
average trial time
249.12554089288147
stderr is
7.308099543542673e-5
target is
1.933701657458564e-5
mu is
0.0001923076923076923
number of trials is
36400
number of Z or Y failures is
7
number of X failures is
0
average trial time
250.45818899499653
stderr is
7.26794846060454e-5
target is
1.923076923076923e-5
mu is
0.0001912568306010929
number of trials is
36600
number of Z or Y failures is
7
number of X failures is
0
average trial time
251.82603077038146
stderr is
7.22823615133464e-5
target is
1.9125683060109292e-5
mu is
0.00019021739130434782
number of trials is
36800
number of Z or Y failures is
7
number of X failures is
0
average trial time
253.18101006065666
stderr is
7.188955462397972e-5
target is
1.9021739130434784e-5
mu is
0.0001891891891891892
number of trials is
37000
number of Z or Y failures is
7
number of X failures is
0
average trial time
254.51775870178648
stderr is
7.150099395113691e-5
target is
1.891891891891892e-5
mu is
0.0001881720430107527
number of trials is
37200
number of Z or Y failures is
7
number of X failures is
0
average trial time
255.86915848846635
stderr is
7.11166110129807e-5
target is
1.881720430107527e-5
mu is
0.0001871657754010695
number of trials is
37400
number of Z or Y failures is
7
number of X failures is
0
average trial time
257.2176522341115
stderr is
7.073633879240837e-5
target is
1.8716577540106954e-5
mu is
0.00018617021276595746
number of trials is
37600
number of Z or Y failures is
7
number of X failures is
0
average trial time
258.56668947268645
stderr is
7.03601116980992e-5
target is
1.8617021276595748e-5
mu is
0.00018518518518518518
number of trials is
37800
number of Z or Y failures is
7
number of X failures is
0
average trial time
259.90629449401644
stderr is
6.998786552679828e-5
target is
1.8518518518518518e-5
mu is
0.00018421052631578948
number of trials is
38000
number of Z or Y failures is
7
number of X failures is
0
average trial time
261.26218567183645
stderr is
6.961953742679138e-5
target is
1.842105263157895e-5
mu is
0.0001832460732984293
number of trials is
38200
number of Z or Y failures is
7
number of X failures is
0
average trial time
262.6265453519764
stderr is
6.925506586252716e-5
target is
1.8324607329842934e-5
mu is
0.00018229166666666667
number of trials is
38400
number of Z or Y failures is
7
number of X failures is
0
average trial time
263.9921456442462
stderr is
6.889439058034466e-5
target is
1.8229166666666668e-5
mu is
0.00018134715025906737
number of trials is
38600
number of Z or Y failures is
7
number of X failures is
0
average trial time
265.3508299159263
stderr is
6.853745257526636e-5
target is
1.813471502590674e-5
mu is
0.00018041237113402062
number of trials is
38800
number of Z or Y failures is
7
number of X failures is
0
average trial time
266.6849044948613
stderr is
6.81841940588181e-5
target is
1.8041237113402062e-5
mu is
0.0001794871794871795
number of trials is
39000
number of Z or Y failures is
7
number of X failures is
0
average trial time
268.04263935838134
stderr is
6.783455842783903e-5
target is
1.794871794871795e-5
mu is
0.00017857142857142857
number of trials is
39200
number of Z or Y failures is
7
number of X failures is
0
average trial time
269.3942499620115
stderr is
6.748849023424643e-5
target is
1.785714285714286e-5
mu is
0.00017766497461928934
number of trials is
39400
number of Z or Y failures is
7
number of X failures is
0
average trial time
270.73818704082134
stderr is
6.714593515572119e-5
target is
1.7766497461928935e-5
mu is
0.00017676767676767677
number of trials is
39600
number of Z or Y failures is
7
number of X failures is
0
average trial time
272.09112142775643
stderr is
6.680683996728159e-5
target is
1.7676767676767676e-5
mu is
0.00017587939698492463
number of trials is
39800
number of Z or Y failures is
7
number of X failures is
0
average trial time
273.43304233612633
stderr is
6.647115251371411e-5
target is
1.7587939698492464e-5
mu is
0.000175
number of trials is
40000
number of Z or Y failures is
7
number of X failures is
0
average trial time
274.7828059033864
stderr is
6.613882168283119e-5
target is
1.7500000000000002e-5
mu is
0.00017412935323383086
number of trials is
40200
number of Z or Y failures is
7
number of X failures is
0
average trial time
276.1258034008916
stderr is
6.58097973795273e-5
target is
1.7412935323383088e-5
mu is
0.00017326732673267326
number of trials is
40400
number of Z or Y failures is
7
number of X failures is
0
average trial time
277.4757984730267
stderr is
6.548403050060547e-5
target is
1.7326732673267325e-5
mu is
0.00017241379310344826
number of trials is
40600
number of Z or Y failures is
7
number of X failures is
0
average trial time
278.8505618138717
stderr is
6.516147291034792e-5
target is
1.7241379310344828e-5
mu is
0.0001715686274509804
number of trials is
40800
number of Z or Y failures is
7
number of X failures is
0
average trial time
280.1954591620266
stderr is
6.484207741680498e-5
target is
1.715686274509804e-5
mu is
0.00017073170731707316
number of trials is
41000
number of Z or Y failures is
7
number of X failures is
0
average trial time
281.5813238619718
stderr is
6.452579774877808e-5
target is
1.7073170731707317e-5
mu is
0.00016990291262135922
number of trials is
41200
number of Z or Y failures is
7
number of X failures is
0
average trial time
282.9681121476119
stderr is
6.421258853347318e-5
target is
1.6990291262135922e-5
mu is
0.00016908212560386474
number of trials is
41400
number of Z or Y failures is
7
number of X failures is
0
average trial time
284.35288146071207
stderr is
6.390240527480146e-5
target is
1.6908212560386476e-5
mu is
0.00016826923076923076
number of trials is
41600
number of Z or Y failures is
7
number of X failures is
0
average trial time
285.7270654892021
stderr is
6.359520433230652e-5
target is
1.6826923076923076e-5
mu is
0.00016746411483253588
number of trials is
41800
number of Z or Y failures is
7
number of X failures is
0
ERROR: LoadError: MethodError: no method matching iterate(::Nothing)
Closest candidates are:
  iterate(!Matched::Union{LinRange, StepRangeLen}) at range.jl:664
  iterate(!Matched::Union{LinRange, StepRangeLen}, !Matched::Int64) at range.jl:664
  iterate(!Matched::T) where T<:Union{Base.KeySet{var"#s79", var"#s78"} where {var"#s79", var"#s78"<:Dict}, Base.ValueIterator{var"#s77"} where var"#s77"<:Dict} at dict.jl:693
  ...
Stacktrace:
  [1] indexed_iterate(I::Nothing, i::Int64)
    @ Base ./tuple.jl:89
  [2] MPS(A::ITensor{4}, sites::Vector{IndexSet{1, Index{Int64}, Tuple{Index{Int64}}}}; leftinds::Index{Int64}, orthocenter::Int64, kwargs::Base.Iterators.Pairs{Symbol, Any, NTuple{4, Symbol}, NamedTuple{(:ortho, :cutoff, :maxdim, :svd_alg), Tuple{String, Float64, Int64, String}}})
    @ ITensors ~/.julia/packages/ITensors/Ligbx/src/mps/abstractmps.jl:1388
  [3] setindex!(ψ::MPS, A::ITensor{4}, r::UnitRange{Int64}; orthocenter::Int64, perm::Vector{Int64}, kwargs::Base.Iterators.Pairs{Symbol, Any, NTuple{4, Symbol}, NamedTuple{(:ortho, :cutoff, :maxdim, :svd_alg), Tuple{String, Float64, Int64, String}}})
    @ ITensors ~/.julia/packages/ITensors/Ligbx/src/mps/abstractmps.jl:1328
  [4] setindex!(::MPS, ::ITensor{4}, ::UnitRange{Int64}, ::Pair{Symbol, Any}, ::Vararg{Pair{Symbol, Any}, N} where N; kwargs::Base.Iterators.Pairs{Symbol, Any, Tuple{Symbol, Symbol}, NamedTuple{(:orthocenter, :perm), Tuple{Int64, Vector{Int64}}}})
    @ ITensors ~/.julia/packages/ITensors/Ligbx/src/mps/abstractmps.jl:1340
  [5] swapbondsites(ψ::MPS, b::Int64; kwargs::Base.Iterators.Pairs{Symbol, Any, NTuple{4, Symbol}, NamedTuple{(:ortho, :cutoff, :maxdim, :svd_alg), Tuple{String, Float64, Int64, String}}})
    @ ITensors ~/.julia/packages/ITensors/Ligbx/src/mps/abstractmps.jl:1419
  [6] movesite(ψ::MPS, n1n2::Pair{Int64, Int64}; orthocenter::Int64, kwargs::Base.Iterators.Pairs{Symbol, Any, Tuple{Symbol, Symbol, Symbol}, NamedTuple{(:cutoff, :maxdim, :svd_alg), Tuple{Float64, Int64, String}}})
    @ ITensors ~/.julia/packages/ITensors/Ligbx/src/mps/abstractmps.jl:1447
  [7] _movesites(ψ::MPS, ns::Vector{Int64}, ns′::Vector{Int64}; kwargs::Base.Iterators.Pairs{Symbol, Any, Tuple{Symbol, Symbol, Symbol}, NamedTuple{(:cutoff, :maxdim, :svd_alg), Tuple{Float64, Int64, String}}})
    @ ITensors ~/.julia/packages/ITensors/Ligbx/src/mps/abstractmps.jl:1474
  [8] movesites(ψ::MPS, nsns′::Vector{Pair{Int64, Int64}}; kwargs::Base.Iterators.Pairs{Symbol, Any, Tuple{Symbol, Symbol, Symbol}, NamedTuple{(:cutoff, :maxdim, :svd_alg), Tuple{Float64, Int64, String}}})
    @ ITensors ~/.julia/packages/ITensors/Ligbx/src/mps/abstractmps.jl:1495
  [9] product(o::ITensor{4}, ψ::MPS, ns::Vector{Int64}; move_sites_back::Bool, apply_dag::Bool, kwargs::Base.Iterators.Pairs{Symbol, Any, Tuple{Symbol, Symbol, Symbol}, NamedTuple{(:cutoff, :maxdim, :svd_alg), Tuple{Float64, Int64, String}}})
    @ ITensors ~/.julia/packages/ITensors/Ligbx/src/mps/abstractmps.jl:1548
 [10] product(As::Vector{ITensor}, ψ::MPS; move_sites_back::Bool, kwargs::Base.Iterators.Pairs{Symbol, Any, Tuple{Symbol, Symbol, Symbol}, NamedTuple{(:cutoff, :maxdim, :svd_alg), Tuple{Float64, Int64, String}}})
    @ ITensors ~/.julia/packages/ITensors/Ligbx/src/mps/abstractmps.jl:1650
 [11] runcircuit(M::MPS, circuit_tensors::Vector{ITensor}; apply_dag::Nothing, cutoff::Float64, maxdim::Int64, svd_alg::String, move_sites_back::Bool, kwargs::Base.Iterators.Pairs{Union{}, Union{}, Tuple{}, NamedTuple{(), Tuple{}}})
    @ PastaQ ~/.julia/packages/PastaQ/9VxGO/src/circuits/runcircuit.jl:86
 [12] #runcircuit#99
    @ ~/.julia/packages/PastaQ/9VxGO/src/circuits/runcircuit.jl:188 [inlined]
 [13] SurfCirc(dz::Int64, dx::Int64, nr::Int64, PEZ::Matrix{Int64}, PEX::Matrix{Int64}, Synz::Matrix{Int64}, Synx::Matrix{Int64}, zsch::Vector{Any}, xsch::Vector{Any}, bsch::Array{Int64, 3}, layout::Vector{Any}, ql::Matrix{Int64}, zl::Vector{Int64}, xl::Vector{Int64}, p::Float64, al2::Int64, tmeas::Float64, k2::Float64, nth::Int64, pmz::Float64, pmx::Float64, acc::Float64, bd::Int64)
    @ Main /shared/MLSurface/JuliaCLTNDecoder/experiment/d7/1e5/supp/more/mlsurfnc.jl:1337
 [14] macro expansion
    @ /shared/MLSurface/JuliaCLTNDecoder/experiment/d7/1e5/supp/more/mlsurfnc.jl:1432 [inlined]
 [15] macro expansion
    @ ./timing.jl:287 [inlined]
 [16] SurfMC(dz::Int64, dx::Int64, nr::Int64, p::Float64, al2::Int64, tmeas::Float64, k2::Float64, nth::Int64, acc::Float64, bd::Int64, err::Float64, nt::Int64; sim_id::Int64)
    @ Main /shared/MLSurface/JuliaCLTNDecoder/experiment/d7/1e5/supp/more/mlsurfnc.jl:1431
 [17] top-level scope
    @ /shared/MLSurface/JuliaCLTNDecoder/experiment/d7/1e5/supp/more/mlsurfnc.jl:1514
in expression starting at /shared/MLSurface/JuliaCLTNDecoder/experiment/d7/1e5/supp/more/mlsurfnc.jl:1512
average trial time
287.08600194779217
stderr is
6.329094290069592e-5
target is
1.6746411483253587e-5
mu is
0.00016666666666666666
number of trials is
42000
number of Z or Y failures is
7
number of X failures is
0
average trial time
288.47023398848717
stderr is
6.298957898995792e-5
target is
1.6666666666666667e-5
mu is
0.00016587677725118482
number of trials is
42200
number of Z or Y failures is
7
number of X failures is
0
average trial time
289.84007612028205
stderr is
6.269107140604331e-5
target is
1.6587677725118483e-5
mu is
0.00016509433962264152
number of trials is
42400
number of Z or Y failures is
7
number of X failures is
0
average trial time
291.19740959684697
stderr is
6.239537973209408e-5
target is
1.650943396226415e-5
mu is
0.00016431924882629107
number of trials is
42600
number of Z or Y failures is
7
number of X failures is
0
average trial time
292.558322879847
stderr is
6.210246431020074e-5
target is
1.6431924882629107e-5
mu is
0.0001635514018691589
number of trials is
42800
number of Z or Y failures is
7
number of X failures is
0
average trial time
293.9196853952371
stderr is
6.181228622367117e-5
target is
1.635514018691589e-5
mu is
0.0001627906976744186
number of trials is
43000
number of Z or Y failures is
7
number of X failures is
0
average trial time
295.28858423195203
stderr is
6.152480727979419e-5
target is
1.627906976744186e-5
mu is
0.00016203703703703703
number of trials is
43200
number of Z or Y failures is
7
number of X failures is
0
average trial time
296.670391399377
stderr is
6.123998999308188e-5
target is
1.6203703703703704e-5
mu is
0.00016129032258064516
number of trials is
43400
number of Z or Y failures is
7
number of X failures is
0
average trial time
298.0237376123019
stderr is
6.09577975689753e-5
target is
1.6129032258064517e-5
mu is
0.00016055045871559632
number of trials is
43600
number of Z or Y failures is
7
number of X failures is
0
average trial time
299.3900193171466
stderr is
6.0678193887998536e-5
target is
1.6055045871559634e-5
mu is
0.00015981735159817351
number of trials is
43800
number of Z or Y failures is
7
number of X failures is
0
average trial time
300.75365259010664
stderr is
6.040114349034689e-5
target is
1.5981735159817352e-5
mu is
0.0001590909090909091
number of trials is
44000
number of Z or Y failures is
7
number of X failures is
0
average trial time
302.11933942880665
stderr is
6.012661156089546e-5
target is
1.590909090909091e-5
mu is
0.0001583710407239819
number of trials is
44200
number of Z or Y failures is
7
number of X failures is
0
average trial time
303.4576948804719
stderr is
5.98545639146145e-5
target is
1.583710407239819e-5
mu is
0.00018018018018018018
number of trials is
44400
number of Z or Y failures is
8
number of X failures is
0
average trial time
304.83086592130707
stderr is
6.369829165175132e-5
target is
1.801801801801802e-5
mu is
0.00017937219730941703
number of trials is
44600
number of Z or Y failures is
8
number of X failures is
0
average trial time
306.18786759876207
stderr is
6.341267150872514e-5
target is
1.7937219730941705e-5
mu is
0.00017857142857142857
number of trials is
44800
number of Z or Y failures is
8
number of X failures is
0
average trial time
307.553044939432
stderr is
6.312960134624642e-5
target is
1.785714285714286e-5
The SVD algorithm `"divide_and_conquer"` has thrown an error,
likely because of a convergance failure. You can try
other SVD algorithms that may converge better using the
`alg` (or `svd_alg` if called through `factorize` or MPS/MPO functionality) keyword argument:

 - "divide_and_conquer" is a divide-and-conquer algorithm
   (LAPACK's `gesdd`). It is fast, but may lead to some innacurate
   singular values for very ill-conditioned matrices.
   It also may sometimes fail to converge, leading to errors
   (in which case `"qr_iteration"` or `"recursive"` can be tried).

 - `"qr_iteration"` (LAPACK's `gesvd`) is typically slower 
   than "divide_and_conquer", especially for large matrices,
   but is more accurate for very ill-conditioned matrices 
   compared to `"divide_and_conquer"`.

 - `"recursive"` is ITensor's custom SVD algorithm. It is very
   reliable, but may be slow if high precision is needed.
   To get an `svd` of a matrix `A`, an eigendecomposition of
   ``A^{\dagger} A`` is used to compute `U` and then a `qr` of
   ``A^{\dagger} U`` is used to compute `V`. This is performed
   recursively to compute small singular values.

Returning `nothing`. For an output `F = svd(A, ...)` you can check if
`isnothing(F)` in your code and try a different algorithm.

To suppress this message in the future, you can wrap the `svd` call in the
`@suppress` macro from the `Suppressor` package.

