mu is
0.0
number of trials is
200
number of Z or Y failures is
0
number of X failures is
0
average trial time
1.3837271236949993
mu is
0.0
number of trials is
400
number of Z or Y failures is
0
number of X failures is
0
average trial time
2.5894027212349995
mu is
0.0
number of trials is
600
number of Z or Y failures is
0
number of X failures is
0
average trial time
3.8032871110149977
mu is
0.0
number of trials is
800
number of Z or Y failures is
0
number of X failures is
0
average trial time
5.000297465915
mu is
0.0
number of trials is
1000
number of Z or Y failures is
0
number of X failures is
0
average trial time
6.210776661614999
mu is
0.0
number of trials is
1200
number of Z or Y failures is
0
number of X failures is
0
average trial time
7.4066451063100125
mu is
0.0
number of trials is
1400
number of Z or Y failures is
0
number of X failures is
0
average trial time
8.62686295469001
mu is
0.0
number of trials is
1600
number of Z or Y failures is
0
number of X failures is
0
average trial time
9.833482706495008
mu is
0.0005555555555555556
number of trials is
1800
number of Z or Y failures is
1
number of X failures is
0
average trial time
11.035015210565014
mu is
0.0005
number of trials is
2000
number of Z or Y failures is
1
number of X failures is
0
average trial time
12.254495607655008
mu is
0.00045454545454545455
number of trials is
2200
number of Z or Y failures is
1
number of X failures is
0
average trial time
13.453898991119999
mu is
0.0004166666666666667
number of trials is
2400
number of Z or Y failures is
1
number of X failures is
0
average trial time
14.653316454490021
mu is
0.0003846153846153846
number of trials is
2600
number of Z or Y failures is
1
number of X failures is
0
average trial time
15.847935020765007
mu is
0.00035714285714285714
number of trials is
2800
number of Z or Y failures is
1
number of X failures is
0
average trial time
17.06008466192001
mu is
0.0003333333333333333
number of trials is
3000
number of Z or Y failures is
1
number of X failures is
0
average trial time
18.274067686990005
mu is
0.0003125
number of trials is
3200
number of Z or Y failures is
1
number of X failures is
0
average trial time
19.484578376875007
mu is
0.0002941176470588235
number of trials is
3400
number of Z or Y failures is
1
number of X failures is
0
average trial time
20.72546927823503
mu is
0.0002777777777777778
number of trials is
3600
number of Z or Y failures is
1
number of X failures is
0
average trial time
21.96473811217002
mu is
0.0002631578947368421
number of trials is
3800
number of Z or Y failures is
1
number of X failures is
0
average trial time
23.23008037516503
mu is
0.0005
number of trials is
4000
number of Z or Y failures is
2
number of X failures is
0
average trial time
24.492641468375037
mu is
0.0004761904761904762
number of trials is
4200
number of Z or Y failures is
2
number of X failures is
0
average trial time
25.777834949420072
mu is
0.00045454545454545455
number of trials is
4400
number of Z or Y failures is
2
number of X failures is
0
average trial time
27.032963239505083
mu is
0.0004347826086956522
number of trials is
4600
number of Z or Y failures is
2
number of X failures is
0
average trial time
28.335788486280084
mu is
0.0004166666666666667
number of trials is
4800
number of Z or Y failures is
2
number of X failures is
0
average trial time
29.66834701358511
mu is
0.0004
number of trials is
5000
number of Z or Y failures is
2
number of X failures is
0
average trial time
30.975818552215127
mu is
0.0003846153846153846
number of trials is
5200
number of Z or Y failures is
2
number of X failures is
0
average trial time
32.267720005440154
mu is
0.00037037037037037035
number of trials is
5400
number of Z or Y failures is
2
number of X failures is
0
average trial time
33.601950669435155
mu is
0.00035714285714285714
number of trials is
5600
number of Z or Y failures is
2
number of X failures is
0
average trial time
34.944841627915174
mu is
0.0003448275862068965
number of trials is
5800
number of Z or Y failures is
2
number of X failures is
0
average trial time
36.30684248294017
mu is
0.0003333333333333333
number of trials is
6000
number of Z or Y failures is
2
number of X failures is
0
average trial time
37.642731715910166
mu is
0.0003225806451612903
number of trials is
6200
number of Z or Y failures is
2
number of X failures is
0
average trial time
38.97175654524515
mu is
0.0003125
number of trials is
6400
number of Z or Y failures is
2
number of X failures is
0
average trial time
40.31154149349515
mu is
0.00030303030303030303
number of trials is
6600
number of Z or Y failures is
2
number of X failures is
0
average trial time
41.684257256255144
mu is
0.0002941176470588235
number of trials is
6800
number of Z or Y failures is
2
number of X failures is
0
average trial time
43.04884521795514
mu is
0.00028571428571428574
number of trials is
7000
number of Z or Y failures is
2
number of X failures is
0
average trial time
44.42053635498512
mu is
0.0002777777777777778
number of trials is
7200
number of Z or Y failures is
2
number of X failures is
0
average trial time
45.79578923510512
mu is
0.0002702702702702703
number of trials is
7400
number of Z or Y failures is
2
number of X failures is
0
average trial time
47.18533057790513
mu is
0.0002631578947368421
number of trials is
7600
number of Z or Y failures is
2
number of X failures is
0
average trial time
48.59099267731519
mu is
0.0002564102564102564
number of trials is
7800
number of Z or Y failures is
2
number of X failures is
0
average trial time
50.03499034789518
mu is
0.00025
number of trials is
8000
number of Z or Y failures is
2
number of X failures is
0
average trial time
51.48013963405008
mu is
0.00024390243902439024
number of trials is
8200
number of Z or Y failures is
2
number of X failures is
0
average trial time
52.906741447520055
mu is
0.0002380952380952381
number of trials is
8400
number of Z or Y failures is
2
number of X failures is
0
average trial time
54.345121638755046
mu is
0.00023255813953488373
number of trials is
8600
number of Z or Y failures is
2
number of X failures is
0
average trial time
55.746764904360006
mu is
0.00022727272727272727
number of trials is
8800
number of Z or Y failures is
2
number of X failures is
0
average trial time
57.162446753475066
mu is
0.00022222222222222223
number of trials is
9000
number of Z or Y failures is
2
number of X failures is
0
average trial time
58.56132555571509
mu is
0.0002173913043478261
number of trials is
9200
number of Z or Y failures is
2
number of X failures is
0
average trial time
59.987325932955066
mu is
0.0002127659574468085
number of trials is
9400
number of Z or Y failures is
2
number of X failures is
0
average trial time
61.40416353062505
mu is
0.00020833333333333335
number of trials is
9600
number of Z or Y failures is
2
number of X failures is
0
average trial time
62.84523093829506
mu is
0.00020408163265306123
number of trials is
9800
number of Z or Y failures is
2
number of X failures is
0
average trial time
64.28638924585512
mu is
0.0002
number of trials is
10000
number of Z or Y failures is
2
number of X failures is
0
average trial time
65.7360637697251
mu is
0.000196078431372549
number of trials is
10200
number of Z or Y failures is
2
number of X failures is
0
average trial time
67.20778362400512
mu is
0.0001923076923076923
number of trials is
10400
number of Z or Y failures is
2
number of X failures is
0
average trial time
68.66551164208012
mu is
0.00018867924528301886
number of trials is
10600
number of Z or Y failures is
2
number of X failures is
0
average trial time
70.11630424051008
mu is
0.00018518518518518518
number of trials is
10800
number of Z or Y failures is
2
number of X failures is
0
average trial time
71.56187539151512
mu is
0.0001818181818181818
number of trials is
11000
number of Z or Y failures is
2
number of X failures is
0
average trial time
72.9942082028651
mu is
0.00017857142857142857
number of trials is
11200
number of Z or Y failures is
2
number of X failures is
0
average trial time
74.44842517933508
mu is
0.00017543859649122806
number of trials is
11400
number of Z or Y failures is
2
number of X failures is
0
average trial time
75.88400992048008
mu is
0.00017241379310344826
number of trials is
11600
number of Z or Y failures is
2
number of X failures is
0
average trial time
77.3337687867451
mu is
0.00016949152542372882
number of trials is
11800
number of Z or Y failures is
2
number of X failures is
0
average trial time
78.77544922221512
mu is
0.00016666666666666666
number of trials is
12000
number of Z or Y failures is
2
number of X failures is
0
average trial time
80.23663811617514
mu is
0.0001639344262295082
number of trials is
12200
number of Z or Y failures is
2
number of X failures is
0
average trial time
81.67592872842017
mu is
0.00016129032258064516
number of trials is
12400
number of Z or Y failures is
2
number of X failures is
0
average trial time
83.11123163995013
mu is
0.00015873015873015873
number of trials is
12600
number of Z or Y failures is
2
number of X failures is
0
average trial time
84.54192020933512
mu is
0.000234375
number of trials is
12800
number of Z or Y failures is
3
number of X failures is
0
average trial time
85.96758348902019
mu is
0.00023076923076923076
number of trials is
13000
number of Z or Y failures is
3
number of X failures is
0
average trial time
87.42719926398507
mu is
0.00022727272727272727
number of trials is
13200
number of Z or Y failures is
3
number of X failures is
0
average trial time
88.86973842853513
mu is
0.00022388059701492538
number of trials is
13400
number of Z or Y failures is
3
number of X failures is
0
average trial time
90.2961928171151
mu is
0.00022058823529411765
number of trials is
13600
number of Z or Y failures is
3
number of X failures is
0
average trial time
91.74157905019507
mu is
0.0002173913043478261
number of trials is
13800
number of Z or Y failures is
3
number of X failures is
0
average trial time
93.19512088593001
mu is
0.00021428571428571427
number of trials is
14000
number of Z or Y failures is
3
number of X failures is
0
average trial time
94.61486714132006
mu is
0.00021126760563380283
number of trials is
14200
number of Z or Y failures is
3
number of X failures is
0
average trial time
96.06172384442496
mu is
0.00020833333333333335
number of trials is
14400
number of Z or Y failures is
3
number of X failures is
0
average trial time
97.50302874150992
mu is
0.00020547945205479453
number of trials is
14600
number of Z or Y failures is
3
number of X failures is
0
average trial time
98.9372988041149
mu is
0.0002027027027027027
number of trials is
14800
number of Z or Y failures is
3
number of X failures is
0
average trial time
100.3967364088299
mu is
0.0002
number of trials is
15000
number of Z or Y failures is
3
number of X failures is
0
average trial time
101.840008815935
mu is
0.00019736842105263157
number of trials is
15200
number of Z or Y failures is
3
number of X failures is
0
average trial time
103.27800839090008
mu is
0.0001948051948051948
number of trials is
15400
number of Z or Y failures is
3
number of X failures is
0
average trial time
104.70786592323019
mu is
0.0001923076923076923
number of trials is
15600
number of Z or Y failures is
3
number of X failures is
0
average trial time
106.12647897160014
mu is
0.00018987341772151899
number of trials is
15800
number of Z or Y failures is
3
number of X failures is
0
average trial time
107.54551745479006
mu is
0.0001875
number of trials is
16000
number of Z or Y failures is
3
number of X failures is
0
average trial time
108.98654158457009
mu is
0.00018518518518518518
number of trials is
16200
number of Z or Y failures is
3
number of X failures is
0
average trial time
110.38747348877513
mu is
0.00018292682926829268
number of trials is
16400
number of Z or Y failures is
3
number of X failures is
0
average trial time
111.83689506148508
mu is
0.00018072289156626507
number of trials is
16600
number of Z or Y failures is
3
number of X failures is
0
average trial time
113.25868983901522
mu is
0.00017857142857142857
number of trials is
16800
number of Z or Y failures is
3
number of X failures is
0
average trial time
114.70636421271526
mu is
0.00017647058823529413
number of trials is
17000
number of Z or Y failures is
3
number of X failures is
0
average trial time
116.14228997558524
mu is
0.0001744186046511628
number of trials is
17200
number of Z or Y failures is
3
number of X failures is
0
average trial time
117.60188448786518
mu is
0.00017241379310344826
number of trials is
17400
number of Z or Y failures is
3
number of X failures is
0
average trial time
119.0102528264552
mu is
0.00022727272727272727
number of trials is
17600
number of Z or Y failures is
4
number of X failures is
0
average trial time
120.46896568191018
mu is
0.00022471910112359551
number of trials is
17800
number of Z or Y failures is
4
number of X failures is
0
average trial time
121.9119988924901
mu is
0.00022222222222222223
number of trials is
18000
number of Z or Y failures is
4
number of X failures is
0
average trial time
123.37281054780524
mu is
0.00021978021978021978
number of trials is
18200
number of Z or Y failures is
4
number of X failures is
0
average trial time
124.80731125174023
mu is
0.0002173913043478261
number of trials is
18400
number of Z or Y failures is
4
number of X failures is
0
average trial time
126.26169249189029
mu is
0.00021505376344086021
number of trials is
18600
number of Z or Y failures is
4
number of X failures is
0
average trial time
127.70120766399043
mu is
0.0002127659574468085
number of trials is
18800
number of Z or Y failures is
4
number of X failures is
0
average trial time
129.1461781533805
mu is
0.0002105263157894737
number of trials is
19000
number of Z or Y failures is
4
number of X failures is
0
average trial time
130.57438370061055
mu is
0.00020833333333333335
number of trials is
19200
number of Z or Y failures is
4
number of X failures is
0
average trial time
132.00634975625056
mu is
0.0002061855670103093
number of trials is
19400
number of Z or Y failures is
4
number of X failures is
0
average trial time
133.42774859748553
mu is
0.00020408163265306123
number of trials is
19600
number of Z or Y failures is
4
number of X failures is
0
average trial time
134.8564363444906
mu is
0.00020202020202020202
number of trials is
19800
number of Z or Y failures is
4
number of X failures is
0
average trial time
136.30645497357062
mu is
0.0002
number of trials is
20000
number of Z or Y failures is
4
number of X failures is
0
average trial time
137.73233583934558
mu is
0.00019801980198019803
number of trials is
20200
number of Z or Y failures is
4
number of X failures is
0
average trial time
139.16683877331053
mu is
0.000196078431372549
number of trials is
20400
number of Z or Y failures is
4
number of X failures is
0
average trial time
140.5741898965755
mu is
0.0001941747572815534
number of trials is
20600
number of Z or Y failures is
4
number of X failures is
0
average trial time
142.00076543913036
mu is
0.0001923076923076923
number of trials is
20800
number of Z or Y failures is
4
number of X failures is
0
average trial time
143.4362313043504
mu is
0.00019047619047619048
number of trials is
21000
number of Z or Y failures is
4
number of X failures is
0
average trial time
144.85072236726543
mu is
0.00018867924528301886
number of trials is
21200
number of Z or Y failures is
4
number of X failures is
0
average trial time
146.27518420622545
mu is
0.00018691588785046728
number of trials is
21400
number of Z or Y failures is
4
number of X failures is
0
average trial time
147.6771680256254
mu is
0.00018518518518518518
number of trials is
21600
number of Z or Y failures is
4
number of X failures is
0
average trial time
149.05758098881037
mu is
0.0001834862385321101
number of trials is
21800
number of Z or Y failures is
4
number of X failures is
0
average trial time
150.4796351227004
mu is
0.0001818181818181818
number of trials is
22000
number of Z or Y failures is
4
number of X failures is
0
average trial time
151.89814574212045
mu is
0.00022522522522522523
number of trials is
22200
number of Z or Y failures is
5
number of X failures is
0
average trial time
153.2884555949053
stderr is
0.00010071470773800791
target is
2.2522522522522523e-5
mu is
0.0002232142857142857
number of trials is
22400
number of Z or Y failures is
5
number of X failures is
0
average trial time
154.7096352297652
stderr is
9.981554958685002e-5
target is
2.232142857142857e-5
mu is
0.00022123893805309734
number of trials is
22600
number of Z or Y failures is
5
number of X failures is
0
average trial time
156.1223567881753
stderr is
9.893230433027687e-5
target is
2.2123893805309735e-5
mu is
0.0002192982456140351
number of trials is
22800
number of Z or Y failures is
5
number of X failures is
0
average trial time
157.5172351234804
stderr is
9.806455324466098e-5
target is
2.192982456140351e-5
mu is
0.0002173913043478261
number of trials is
23000
number of Z or Y failures is
5
number of X failures is
0
average trial time
158.94731279249027
stderr is
9.721189216940736e-5
target is
2.173913043478261e-5
mu is
0.0002586206896551724
number of trials is
23200
number of Z or Y failures is
6
number of X failures is
0
average trial time
160.38967164214523
stderr is
0.00010557007601486642
target is
2.5862068965517244e-5
mu is
0.0002564102564102564
number of trials is
23400
number of Z or Y failures is
6
number of X failures is
0
average trial time
161.7880996957401
stderr is
0.00010466786410233703
target is
2.5641025641025643e-5
mu is
0.0002542372881355932
number of trials is
23600
number of Z or Y failures is
6
number of X failures is
0
average trial time
163.16764104156016
stderr is
0.00010378094229643699
target is
2.5423728813559325e-5
mu is
0.0002941176470588235
number of trials is
23800
number of Z or Y failures is
7
number of X failures is
0
average trial time
164.6085532284101
stderr is
0.00011115200747747293
target is
2.941176470588235e-5
mu is
0.0002916666666666667
number of trials is
24000
number of Z or Y failures is
7
number of X failures is
0
average trial time
166.01070540276498
stderr is
0.00011022585657066415
target is
2.916666666666667e-5
mu is
0.00028925619834710745
number of trials is
24200
number of Z or Y failures is
7
number of X failures is
0
average trial time
167.37503356051994
stderr is
0.00010931501204451612
target is
2.8925619834710747e-5
mu is
0.00028688524590163934
number of trials is
24400
number of Z or Y failures is
7
number of X failures is
0
average trial time
168.76154451999005
stderr is
0.00010841909755893285
target is
2.8688524590163935e-5
mu is
0.0002845528455284553
number of trials is
24600
number of Z or Y failures is
7
number of X failures is
0
average trial time
170.1882392840451
stderr is
0.0001075377490110264
target is
2.845528455284553e-5
mu is
0.00028225806451612906
number of trials is
24800
number of Z or Y failures is
7
number of X failures is
0
average trial time
171.57796018076493
stderr is
0.00010667061404174126
target is
2.822580645161291e-5
mu is
0.00028
number of trials is
25000
number of Z or Y failures is
7
number of X failures is
0
average trial time
172.95623277924994
stderr is
0.00010581735156615715
target is
2.8e-5
mu is
0.0002777777777777778
number of trials is
25200
number of Z or Y failures is
7
number of X failures is
0
average trial time
174.3280803416098
stderr is
0.00010497763132615621
target is
2.777777777777778e-5
mu is
0.00027559055118110237
number of trials is
25400
number of Z or Y failures is
7
number of X failures is
0
average trial time
175.7095854869697
stderr is
0.00010415113346422134
target is
2.755905511811024e-5
mu is
0.0002734375
number of trials is
25600
number of Z or Y failures is
7
number of X failures is
0
average trial time
177.11966154609988
stderr is
0.00010333754811721023
target is
2.7343750000000004e-5
mu is
0.0002713178294573643
number of trials is
25800
number of Z or Y failures is
7
number of X failures is
0
average trial time
178.50482548078477
stderr is
0.00010253657502902187
target is
2.7131782945736434e-5
mu is
0.0002692307692307692
number of trials is
26000
number of Z or Y failures is
7
number of X failures is
0
average trial time
179.8890675312645
stderr is
0.00010174792318113736
target is
2.6923076923076923e-5
mu is
0.0003053435114503817
number of trials is
26200
number of Z or Y failures is
8
number of X failures is
0
average trial time
181.25217584520956
stderr is
0.00010794081075431382
target is
3.053435114503817e-5
mu is
0.00030303030303030303
number of trials is
26400
number of Z or Y failures is
8
number of X failures is
0
average trial time
182.65204515543476
stderr is
0.00010712318578830131
target is
3.0303030303030306e-5
mu is
0.0003007518796992481
number of trials is
26600
number of Z or Y failures is
8
number of X failures is
0
average trial time
184.0878813221248
stderr is
0.00010631785431584508
target is
3.007518796992481e-5
mu is
0.00029850746268656717
number of trials is
26800
number of Z or Y failures is
8
number of X failures is
0
average trial time
185.50167688246475
stderr is
0.0001055245411454506
target is
2.9850746268656717e-5
mu is
0.0002962962962962963
number of trials is
27000
number of Z or Y failures is
8
number of X failures is
0
average trial time
186.89373107659478
stderr is
0.00010474297923838727
target is
2.962962962962963e-5
mu is
0.0002941176470588235
number of trials is
27200
number of Z or Y failures is
8
number of X failures is
0
average trial time
188.30263816617463
stderr is
0.00010397290940899319
target is
2.941176470588235e-5
mu is
0.00029197080291970805
number of trials is
27400
number of Z or Y failures is
8
number of X failures is
0
average trial time
189.6718581444697
stderr is
0.00010321408003810327
target is
2.9197080291970807e-5
mu is
0.0002898550724637681
number of trials is
27600
number of Z or Y failures is
8
number of X failures is
0
average trial time
191.04983153425476
stderr is
0.0001024662467989359
target is
2.8985507246376814e-5
mu is
0.00028776978417266187
number of trials is
27800
number of Z or Y failures is
8
number of X failures is
0
average trial time
192.46297131306488
stderr is
0.00010172917239480977
target is
2.877697841726619e-5
mu is
0.00028571428571428574
number of trials is
28000
number of Z or Y failures is
8
number of X failures is
0
average trial time
193.88499962013492
stderr is
0.00010100262630810037
target is
2.8571428571428574e-5
mu is
0.00028368794326241134
number of trials is
28200
number of Z or Y failures is
8
number of X failures is
0
average trial time
195.28017228116508
stderr is
0.00010028638455987798
target is
2.8368794326241135e-5
mu is
0.00028169014084507044
number of trials is
28400
number of Z or Y failures is
8
number of X failures is
0
average trial time
196.67598643311018
stderr is
9.958022947970009e-5
target is
2.8169014084507046e-5
mu is
0.0003146853146853147
number of trials is
28600
number of Z or Y failures is
9
number of X failures is
0
average trial time
198.0684458422451
stderr is
0.00010488043271195166
target is
3.146853146853147e-5
mu is
0.0003125
number of trials is
28800
number of Z or Y failures is
9
number of X failures is
0
average trial time
199.43932181574522
stderr is
0.00010415219756680637
target is
3.125e-5
mu is
0.0003103448275862069
number of trials is
29000
number of Z or Y failures is
9
number of X failures is
0
average trial time
200.83451534024556
stderr is
0.00010343400565806797
target is
3.103448275862069e-5
mu is
0.00030821917808219177
number of trials is
29200
number of Z or Y failures is
9
number of X failures is
0
average trial time
202.20758096267565
stderr is
0.00010272565064615817
target is
3.082191780821918e-5
mu is
0.0003061224489795918
number of trials is
29400
number of Z or Y failures is
9
number of X failures is
0
average trial time
203.5975028823054
stderr is
0.00010202693180541637
target is
3.061224489795918e-5
mu is
0.00030405405405405404
number of trials is
29600
number of Z or Y failures is
9
number of X failures is
0
average trial time
204.97104332389517
stderr is
0.00010133765383446595
target is
3.0405405405405404e-5
mu is
0.0003020134228187919
number of trials is
29800
number of Z or Y failures is
9
number of X failures is
0
average trial time
206.35730465767494
stderr is
0.00010065762667421581
target is
3.0201342281879195e-5
mu is
0.0003
number of trials is
30000
number of Z or Y failures is
9
number of X failures is
0
average trial time
207.7724566255197
stderr is
9.99866653331407e-5
target is
2.9999999999999997e-5
mu is
0.0002980132450331126
number of trials is
30200
number of Z or Y failures is
9
number of X failures is
0
average trial time
209.18177094035968
stderr is
9.932458971950347e-5
target is
2.980132450331126e-5
mu is
0.0002960526315789474
number of trials is
30400
number of Z or Y failures is
9
number of X failures is
0
average trial time
210.55499791515987
stderr is
9.86712244801989e-5
target is
2.960526315789474e-5
mu is
0.0002941176470588235
number of trials is
30600
number of Z or Y failures is
9
number of X failures is
0
average trial time
211.94633979770998
stderr is
9.802639884591695e-5
target is
2.941176470588235e-5
mu is
0.0002922077922077922
number of trials is
30800
number of Z or Y failures is
9
number of X failures is
0
average trial time
213.31427545564992
stderr is
9.738994648233719e-5
target is
2.922077922077922e-5
mu is
0.00029032258064516127
number of trials is
31000
number of Z or Y failures is
9
number of X failures is
0
average trial time
214.69335329731985
stderr is
9.676170534708357e-5
target is
2.903225806451613e-5
mu is
0.0002884615384615385
number of trials is
31200
number of Z or Y failures is
9
number of X failures is
0
average trial time
216.05659551173002
stderr is
9.614151755217946e-5
target is
2.884615384615385e-5
mu is
0.00028662420382165603
number of trials is
31400
number of Z or Y failures is
9
number of X failures is
0
average trial time
217.44237386830017
stderr is
9.552922923175885e-5
target is
2.8662420382165606e-5
mu is
0.0002848101265822785
number of trials is
31600
number of Z or Y failures is
9
number of X failures is
0
average trial time
218.80998002294498
stderr is
9.492469041480055e-5
target is
2.848101265822785e-5
mu is
0.0002830188679245283
number of trials is
31800
number of Z or Y failures is
9
number of X failures is
0
average trial time
220.18037553781488
stderr is
9.432775490266428e-5
target is
2.8301886792452834e-5
mu is
0.00028125
number of trials is
32000
number of Z or Y failures is
9
number of X failures is
0
average trial time
221.54711109225502
stderr is
9.373828015121839e-5
target is
2.8125e-5
mu is
0.0002795031055900621
number of trials is
32200
number of Z or Y failures is
9
number of X failures is
0
average trial time
222.90196739885977
stderr is
9.315612715735995e-5
target is
2.795031055900621e-5
mu is
0.0002777777777777778
number of trials is
32400
number of Z or Y failures is
9
number of X failures is
0
average trial time
224.27920569947491
stderr is
9.258116034973731e-5
target is
2.777777777777778e-5
mu is
0.00027607361963190183
number of trials is
32600
number of Z or Y failures is
9
number of X failures is
0
average trial time
225.66157443815482
stderr is
9.201324748349458e-5
target is
2.7607361963190183e-5
mu is
0.00027439024390243905
number of trials is
32800
number of Z or Y failures is
9
number of X failures is
0
average trial time
227.02610755432462
stderr is
9.145225953886636e-5
target is
2.7439024390243906e-5
mu is
0.00027272727272727274
number of trials is
33000
number of Z or Y failures is
9
number of X failures is
0
average trial time
228.39475941293975
stderr is
9.089807062345974e-5
target is
2.7272727272727276e-5
mu is
0.0002710843373493976
number of trials is
33200
number of Z or Y failures is
9
number of X failures is
0
average trial time
229.76657059642497
stderr is
9.035055787806747e-5
target is
2.710843373493976e-5
mu is
0.0002994011976047904
number of trials is
33400
number of Z or Y failures is
10
number of X failures is
0
average trial time
231.1305307211151
stderr is
9.46662144710045e-5
target is
2.994011976047904e-5
mu is
0.00029761904761904765
number of trials is
33600
number of Z or Y failures is
10
number of X failures is
0
average trial time
232.4893900004102
stderr is
9.410280059129819e-5
target is
2.9761904761904765e-5
mu is
0.0002958579881656805
number of trials is
33800
number of Z or Y failures is
10
number of X failures is
0
average trial time
233.85443384495028
stderr is
9.354605344327279e-5
target is
2.958579881656805e-5
mu is
0.0002941176470588235
number of trials is
34000
number of Z or Y failures is
10
number of X failures is
0
average trial time
235.2123076202405
stderr is
9.299585539430565e-5
target is
2.941176470588235e-5
mu is
0.00029239766081871346
number of trials is
34200
number of Z or Y failures is
10
number of X failures is
0
average trial time
236.5751701756205
stderr is
9.245209156305178e-5
target is
2.9239766081871346e-5
mu is
0.00029069767441860465
number of trials is
34400
number of Z or Y failures is
10
number of X failures is
0
average trial time
237.95669452020567
stderr is
9.191464973947566e-5
target is
2.9069767441860467e-5
mu is
0.00028901734104046245
number of trials is
34600
number of Z or Y failures is
10
number of X failures is
0
average trial time
239.3300418654409
stderr is
9.138342030765565e-5
target is
2.8901734104046245e-5
mu is
0.0003160919540229885
number of trials is
34800
number of Z or Y failures is
11
number of X failures is
0
average trial time
240.69213176520603
stderr is
9.529161539859944e-5
target is
3.160919540229885e-5
mu is
0.00031428571428571427
number of trials is
35000
number of Z or Y failures is
11
number of X failures is
0
average trial time
242.04834090994595
stderr is
9.474716969789742e-5
target is
3.142857142857143e-5
mu is
0.0003125
number of trials is
35200
number of Z or Y failures is
11
number of X failures is
0
average trial time
243.41727415525605
stderr is
9.420891000082359e-5
target is
3.125e-5
mu is
0.0003107344632768362
number of trials is
35400
number of Z or Y failures is
11
number of X failures is
0
average trial time
244.78258801303585
stderr is
9.367673147468009e-5
target is
3.107344632768362e-5
mu is
0.0003089887640449438
number of trials is
35600
number of Z or Y failures is
11
number of X failures is
0
average trial time
246.13123655180573
stderr is
9.315053164222875e-5
target is
3.089887640449438e-5
mu is
0.0003072625698324022
number of trials is
35800
number of Z or Y failures is
11
number of X failures is
0
average trial time
247.50194368012544
stderr is
9.263021031590538e-5
target is
3.0726256983240227e-5
mu is
0.00030555555555555555
number of trials is
36000
number of Z or Y failures is
11
number of X failures is
0
average trial time
248.87391412095542
stderr is
9.211566953422663e-5
target is
3.0555555555555554e-5
mu is
0.00030386740331491714
number of trials is
36200
number of Z or Y failures is
11
number of X failures is
0
average trial time
250.22666849176574
stderr is
9.160681350030435e-5
target is
3.0386740331491715e-5
mu is
0.0003021978021978022
number of trials is
36400
number of Z or Y failures is
11
number of X failures is
0
average trial time
251.59876185783583
stderr is
9.110354852238712e-5
target is
3.0219780219780222e-5
mu is
0.0003005464480874317
number of trials is
36600
number of Z or Y failures is
11
number of X failures is
0
average trial time
252.97365404449084
stderr is
9.060578295635054e-5
target is
3.005464480874317e-5
mu is
0.00029891304347826086
number of trials is
36800
number of Z or Y failures is
11
number of X failures is
0
average trial time
254.34262346447593
stderr is
9.011342715006282e-5
target is
2.9891304347826088e-5
mu is
0.0002972972972972973
number of trials is
37000
number of Z or Y failures is
11
number of X failures is
0
average trial time
255.70616541586082
stderr is
8.962639338955441e-5
target is
2.9729729729729733e-5
mu is
0.0002956989247311828
number of trials is
37200
number of Z or Y failures is
11
number of X failures is
0
average trial time
257.0925913374957
stderr is
8.914459584692394e-5
target is
2.956989247311828e-5
mu is
0.0002941176470588235
number of trials is
37400
number of Z or Y failures is
11
number of X failures is
0
average trial time
258.45752593423583
stderr is
8.86679505299152e-5
target is
2.941176470588235e-5
mu is
0.0002925531914893617
number of trials is
37600
number of Z or Y failures is
11
number of X failures is
0
average trial time
259.8040264675356
stderr is
8.819637523310347e-5
target is
2.9255319148936174e-5
mu is
0.000291005291005291
number of trials is
37800
number of Z or Y failures is
11
number of X failures is
0
average trial time
261.1835621735359
stderr is
8.772978949063096e-5
target is
2.91005291005291e-5
mu is
0.00028947368421052634
number of trials is
38000
slurmstepd: error: *** JOB 570 ON cpu48-dy-c5a12xlarge-56 CANCELLED AT 2021-06-21T17:10:18 ***
