mu is
0.0
number of trials is
200
number of Z or Y failures is
0
number of X failures is
0
average trial time
2.4986714291800003
mu is
0.0
number of trials is
400
number of Z or Y failures is
0
number of X failures is
0
average trial time
4.79654323148
mu is
0.0
number of trials is
600
number of Z or Y failures is
0
number of X failures is
0
average trial time
7.109453140504997
mu is
0.0
number of trials is
800
number of Z or Y failures is
0
number of X failures is
0
average trial time
9.445213426569998
mu is
0.0
number of trials is
1000
number of Z or Y failures is
0
number of X failures is
0
average trial time
11.836706724805012
mu is
0.0
number of trials is
1200
number of Z or Y failures is
0
number of X failures is
0
average trial time
14.315006405345024
mu is
0.0
number of trials is
1400
number of Z or Y failures is
0
number of X failures is
0
average trial time
16.78980574760002
mu is
0.0
number of trials is
1600
number of Z or Y failures is
0
number of X failures is
0
average trial time
19.413194106250028
mu is
0.0
number of trials is
1800
number of Z or Y failures is
0
number of X failures is
0
average trial time
22.026024343615017
mu is
0.0
number of trials is
2000
number of Z or Y failures is
0
number of X failures is
0
average trial time
24.688341776875014
mu is
0.0
number of trials is
2200
number of Z or Y failures is
0
number of X failures is
0
average trial time
27.40579135186502
mu is
0.0
number of trials is
2400
number of Z or Y failures is
0
number of X failures is
0
average trial time
30.154747889635
mu is
0.0
number of trials is
2600
number of Z or Y failures is
0
number of X failures is
0
average trial time
32.889963092425006
mu is
0.0
number of trials is
2800
number of Z or Y failures is
0
number of X failures is
0
average trial time
35.648410416625
mu is
0.0
number of trials is
3000
number of Z or Y failures is
0
number of X failures is
0
average trial time
38.49686895799499
mu is
0.0
number of trials is
3200
number of Z or Y failures is
0
number of X failures is
0
average trial time
41.312771375699995
mu is
0.0
number of trials is
3400
number of Z or Y failures is
0
number of X failures is
0
average trial time
44.08930970266
mu is
0.0
number of trials is
3600
number of Z or Y failures is
0
number of X failures is
0
average trial time
46.86724026030001
mu is
0.0
number of trials is
3800
number of Z or Y failures is
0
number of X failures is
0
average trial time
49.67787892823006
mu is
0.0
number of trials is
4000
number of Z or Y failures is
0
number of X failures is
0
average trial time
52.48267531563004
mu is
0.0
number of trials is
4200
number of Z or Y failures is
0
number of X failures is
0
average trial time
55.23324800297006
mu is
0.0
number of trials is
4400
number of Z or Y failures is
0
number of X failures is
0
average trial time
57.992385902945145
mu is
0.0
number of trials is
4600
number of Z or Y failures is
0
number of X failures is
0
average trial time
60.74317556973514
mu is
0.0
number of trials is
4800
number of Z or Y failures is
0
number of X failures is
0
average trial time
63.49529484200012
mu is
0.0
number of trials is
5000
number of Z or Y failures is
0
number of X failures is
0
average trial time
66.21764850509015
mu is
0.0
number of trials is
5200
number of Z or Y failures is
0
number of X failures is
0
average trial time
68.9143541979201
mu is
0.0
number of trials is
5400
number of Z or Y failures is
0
number of X failures is
0
average trial time
71.63721214534009
mu is
0.0
number of trials is
5600
number of Z or Y failures is
0
number of X failures is
0
average trial time
74.3788471931051
mu is
0.0
number of trials is
5800
number of Z or Y failures is
0
number of X failures is
0
average trial time
77.1233971640401
mu is
0.0
number of trials is
6000
number of Z or Y failures is
0
number of X failures is
0
average trial time
79.81038505589014
mu is
0.00016129032258064516
number of trials is
6200
number of Z or Y failures is
1
number of X failures is
0
average trial time
82.54275543427516
mu is
0.00015625
number of trials is
6400
number of Z or Y failures is
1
number of X failures is
0
average trial time
85.27321900086521
mu is
0.00015151515151515152
number of trials is
6600
number of Z or Y failures is
1
number of X failures is
0
average trial time
87.93228983581028
mu is
0.00014705882352941175
number of trials is
6800
number of Z or Y failures is
1
number of X failures is
0
average trial time
90.65112938728538
mu is
0.00014285714285714287
number of trials is
7000
number of Z or Y failures is
1
number of X failures is
0
average trial time
93.33395121424552
mu is
0.0001388888888888889
number of trials is
7200
number of Z or Y failures is
1
number of X failures is
0
average trial time
95.99778948664549
mu is
0.00013513513513513514
number of trials is
7400
number of Z or Y failures is
1
number of X failures is
0
average trial time
98.68466900758558
mu is
0.00013157894736842105
number of trials is
7600
number of Z or Y failures is
1
number of X failures is
0
average trial time
101.30278697771055
mu is
0.0001282051282051282
number of trials is
7800
number of Z or Y failures is
1
number of X failures is
0
average trial time
104.01041433198056
mu is
0.000125
number of trials is
8000
number of Z or Y failures is
1
number of X failures is
0
average trial time
106.66907283686558
mu is
0.00012195121951219512
number of trials is
8200
number of Z or Y failures is
1
number of X failures is
0
average trial time
109.34188374528061
mu is
0.00011904761904761905
number of trials is
8400
number of Z or Y failures is
1
number of X failures is
0
average trial time
112.02583875665569
mu is
0.00011627906976744187
number of trials is
8600
number of Z or Y failures is
1
number of X failures is
0
average trial time
114.66206720167567
mu is
0.00011363636363636364
number of trials is
8800
number of Z or Y failures is
1
number of X failures is
0
average trial time
117.29808677816081
mu is
0.00011111111111111112
number of trials is
9000
number of Z or Y failures is
1
number of X failures is
0
average trial time
119.94485856488583
mu is
0.00010869565217391305
number of trials is
9200
number of Z or Y failures is
1
number of X failures is
0
average trial time
122.59303059513577
mu is
0.00010638297872340425
number of trials is
9400
number of Z or Y failures is
1
number of X failures is
0
average trial time
125.27690539078093
mu is
0.00010416666666666667
number of trials is
9600
number of Z or Y failures is
1
number of X failures is
0
average trial time
127.88128988083588
mu is
0.00010204081632653062
number of trials is
9800
number of Z or Y failures is
1
number of X failures is
0
average trial time
130.54463851971607
mu is
0.0001
number of trials is
10000
number of Z or Y failures is
1
number of X failures is
0
average trial time
133.1281437154011
mu is
9.80392156862745e-5
number of trials is
10200
number of Z or Y failures is
1
number of X failures is
0
average trial time
135.78578808867616
mu is
9.615384615384615e-5
number of trials is
10400
number of Z or Y failures is
1
number of X failures is
0
average trial time
138.41956993477118
mu is
0.00018867924528301886
number of trials is
10600
number of Z or Y failures is
2
number of X failures is
0
average trial time
141.01565675966114
mu is
0.00018518518518518518
number of trials is
10800
number of Z or Y failures is
2
number of X failures is
0
average trial time
143.6666488588212
mu is
0.0001818181818181818
number of trials is
11000
number of Z or Y failures is
2
number of X failures is
0
average trial time
146.2508766045512
mu is
0.00017857142857142857
number of trials is
11200
number of Z or Y failures is
2
number of X failures is
0
average trial time
148.89181873435606
mu is
0.00017543859649122806
number of trials is
11400
number of Z or Y failures is
2
number of X failures is
0
average trial time
151.533538987826
mu is
0.00017241379310344826
number of trials is
11600
number of Z or Y failures is
2
number of X failures is
0
average trial time
154.145379101326
mu is
0.00016949152542372882
number of trials is
11800
number of Z or Y failures is
2
number of X failures is
0
average trial time
156.77389690752614
mu is
0.00016666666666666666
number of trials is
12000
number of Z or Y failures is
2
number of X failures is
0
average trial time
159.41435116331127
mu is
0.0001639344262295082
number of trials is
12200
number of Z or Y failures is
2
number of X failures is
0
average trial time
161.9972618595762
mu is
0.00016129032258064516
number of trials is
12400
number of Z or Y failures is
2
number of X failures is
0
average trial time
164.6028933131713
mu is
0.00015873015873015873
number of trials is
12600
number of Z or Y failures is
2
number of X failures is
0
average trial time
167.2474989383163
mu is
0.00015625
number of trials is
12800
number of Z or Y failures is
2
number of X failures is
0
average trial time
169.8411598313765
mu is
0.00015384615384615385
number of trials is
13000
number of Z or Y failures is
2
number of X failures is
0
average trial time
172.3742305338917
mu is
0.00015151515151515152
number of trials is
13200
number of Z or Y failures is
2
number of X failures is
0
average trial time
175.05873674155637
mu is
0.00014925373134328358
number of trials is
13400
number of Z or Y failures is
2
number of X failures is
0
average trial time
177.62591775188648
mu is
0.00014705882352941175
number of trials is
13600
number of Z or Y failures is
2
number of X failures is
0
average trial time
180.20011776198183
mu is
0.00014492753623188405
number of trials is
13800
number of Z or Y failures is
2
number of X failures is
0
average trial time
182.750463587307
mu is
0.00014285714285714287
number of trials is
14000
number of Z or Y failures is
2
number of X failures is
0
average trial time
185.29472229988195
mu is
0.00014084507042253522
number of trials is
14200
number of Z or Y failures is
2
number of X failures is
0
average trial time
187.90612477586706
mu is
0.0001388888888888889
number of trials is
14400
number of Z or Y failures is
2
number of X failures is
0
average trial time
190.55582179253204
mu is
0.000136986301369863
number of trials is
14600
number of Z or Y failures is
2
number of X failures is
0
average trial time
193.1398353501922
mu is
0.00013513513513513514
number of trials is
14800
number of Z or Y failures is
2
number of X failures is
0
average trial time
195.71715789864692
mu is
0.00013333333333333334
number of trials is
15000
number of Z or Y failures is
2
number of X failures is
0
average trial time
198.2795007382421
mu is
0.00013157894736842105
number of trials is
15200
number of Z or Y failures is
2
number of X failures is
0
average trial time
200.876785568987
mu is
0.00012987012987012987
number of trials is
15400
number of Z or Y failures is
2
number of X failures is
0
average trial time
203.4871136602872
mu is
0.0001282051282051282
number of trials is
15600
number of Z or Y failures is
2
number of X failures is
0
average trial time
206.0779657881472
mu is
0.00012658227848101267
number of trials is
15800
number of Z or Y failures is
2
number of X failures is
0
average trial time
208.64491010122708
mu is
0.000125
number of trials is
16000
number of Z or Y failures is
2
number of X failures is
0
average trial time
211.22888297493228
mu is
0.0001234567901234568
number of trials is
16200
number of Z or Y failures is
2
number of X failures is
0
average trial time
213.83697071833245
mu is
0.00012195121951219512
number of trials is
16400
number of Z or Y failures is
2
number of X failures is
0
average trial time
216.3993769943924
mu is
0.00012048192771084337
number of trials is
16600
number of Z or Y failures is
2
number of X failures is
0
average trial time
218.9482490547523
mu is
0.00011904761904761905
number of trials is
16800
number of Z or Y failures is
2
number of X failures is
0
average trial time
221.48723755913724
mu is
0.00011764705882352942
number of trials is
17000
number of Z or Y failures is
2
number of X failures is
0
average trial time
224.03358795956225
mu is
0.0001744186046511628
number of trials is
17200
number of Z or Y failures is
3
number of X failures is
0
average trial time
226.6111287102822
mu is
0.00017241379310344826
number of trials is
17400
number of Z or Y failures is
3
number of X failures is
0
average trial time
229.13623029972746
mu is
0.00017045454545454547
number of trials is
17600
number of Z or Y failures is
3
number of X failures is
0
average trial time
231.7101907378978
mu is
0.00016853932584269662
number of trials is
17800
number of Z or Y failures is
3
number of X failures is
0
average trial time
234.3237759224225
mu is
0.00022222222222222223
number of trials is
18000
number of Z or Y failures is
4
number of X failures is
0
average trial time
236.9083754083675
mu is
0.00021978021978021978
number of trials is
18200
number of Z or Y failures is
4
number of X failures is
0
average trial time
239.4686484081975
mu is
0.0002717391304347826
number of trials is
18400
number of Z or Y failures is
5
number of X failures is
0
average trial time
242.0476394741325
stderr is
0.00012151222283752759
target is
2.7173913043478262e-5
mu is
0.00026881720430107527
number of trials is
18600
number of Z or Y failures is
5
number of X failures is
0
average trial time
244.6163485710025
stderr is
0.00012020578033472544
target is
2.6881720430107527e-5
mu is
0.00026595744680851064
number of trials is
18800
number of Z or Y failures is
5
number of X failures is
0
average trial time
247.1643693890577
stderr is
0.00011892713152223467
target is
2.6595744680851067e-5
mu is
0.0002631578947368421
number of trials is
19000
number of Z or Y failures is
5
number of X failures is
0
average trial time
249.73137008070285
stderr is
0.00011767539879703019
target is
2.6315789473684212e-5
mu is
0.00026041666666666666
number of trials is
19200
number of Z or Y failures is
5
number of X failures is
0
average trial time
252.26751967590783
stderr is
0.00011644974111906683
target is
2.604166666666667e-5
mu is
0.0002577319587628866
number of trials is
19400
number of Z or Y failures is
5
number of X failures is
0
average trial time
254.82044543633273
stderr is
0.00011524935212678434
target is
2.577319587628866e-5
mu is
0.00025510204081632655
number of trials is
19600
number of Z or Y failures is
5
number of X failures is
0
average trial time
257.36357499822805
stderr is
0.00011407345836797756
target is
2.5510204081632657e-5
mu is
0.0002525252525252525
number of trials is
19800
number of Z or Y failures is
5
number of X failures is
0
average trial time
259.8899875881931
stderr is
0.00011292131763787595
target is
2.5252525252525253e-5
mu is
0.00025
number of trials is
20000
number of Z or Y failures is
5
number of X failures is
0
average trial time
262.4380495647329
stderr is
0.00011179221741692823
target is
2.5e-5
mu is
0.00024752475247524753
number of trials is
20200
number of Z or Y failures is
5
number of X failures is
0
average trial time
265.0332305674129
stderr is
0.00011068547340138274
target is
2.4752475247524754e-5
mu is
0.00024509803921568627
number of trials is
20400
number of Z or Y failures is
5
number of X failures is
0
average trial time
267.5886798734431
stderr is
0.00010960042812029573
target is
2.450980392156863e-5
mu is
0.00024271844660194174
number of trials is
20600
number of Z or Y failures is
5
number of X failures is
0
average trial time
270.1465660958635
stderr is
0.00010853644963309456
target is
2.4271844660194176e-5
mu is
0.0002403846153846154
number of trials is
20800
number of Z or Y failures is
5
number of X failures is
0
average trial time
272.6838880020835
stderr is
0.00010749293030227409
target is
2.4038461538461542e-5
mu is
0.0002380952380952381
number of trials is
21000
number of Z or Y failures is
5
number of X failures is
0
average trial time
275.23543140765344
stderr is
0.00010646928563621805
target is
2.380952380952381e-5
mu is
0.0002358490566037736
number of trials is
21200
number of Z or Y failures is
5
number of X failures is
0
average trial time
277.79007327836325
stderr is
0.00010546495319751504
target is
2.358490566037736e-5
mu is
0.00023364485981308412
number of trials is
21400
number of Z or Y failures is
5
number of X failures is
0
average trial time
280.33481982583294
stderr is
0.00010447939157248457
target is
2.3364485981308414e-5
mu is
0.0002314814814814815
number of trials is
21600
number of Z or Y failures is
5
number of X failures is
0
average trial time
282.9072021667031
stderr is
0.00010351207939794636
target is
2.314814814814815e-5
mu is
0.00022935779816513763
number of trials is
21800
number of Z or Y failures is
5
number of X failures is
0
average trial time
285.4583043145183
stderr is
0.00010256251444155724
target is
2.2935779816513765e-5
mu is
0.00022727272727272727
number of trials is
22000
number of Z or Y failures is
5
number of X failures is
0
average trial time
288.0159319736881
stderr is
0.00010163021273230652
target is
2.272727272727273e-5
mu is
0.00022522522522522523
number of trials is
22200
number of Z or Y failures is
5
number of X failures is
0
average trial time
290.53679560668274
stderr is
0.00010071470773800791
target is
2.2522522522522523e-5
mu is
0.0002232142857142857
number of trials is
22400
number of Z or Y failures is
5
number of X failures is
0
average trial time
293.0731663058825
stderr is
9.981554958685002e-5
target is
2.232142857142857e-5
mu is
0.00022123893805309734
number of trials is
22600
number of Z or Y failures is
5
number of X failures is
0
average trial time
295.62603824604753
stderr is
9.893230433027687e-5
target is
2.2123893805309735e-5
mu is
0.0002192982456140351
number of trials is
22800
number of Z or Y failures is
5
number of X failures is
0
average trial time
298.14747699991756
stderr is
9.806455324466098e-5
target is
2.192982456140351e-5
mu is
0.0002173913043478261
number of trials is
23000
number of Z or Y failures is
5
number of X failures is
0
average trial time
300.72745381791236
stderr is
9.721189216940736e-5
target is
2.173913043478261e-5
mu is
0.00021551724137931034
number of trials is
23200
number of Z or Y failures is
5
number of X failures is
0
average trial time
303.34369387894736
stderr is
9.637393087929103e-5
target is
2.1551724137931036e-5
mu is
0.00021367521367521368
number of trials is
23400
number of Z or Y failures is
5
number of X failures is
0
average trial time
305.9241304135174
stderr is
9.555029248897909e-5
target is
2.1367521367521368e-5
mu is
0.000211864406779661
number of trials is
23600
number of Z or Y failures is
5
number of X failures is
0
average trial time
308.5164031845724
stderr is
9.474061288782913e-5
target is
2.1186440677966103e-5
mu is
0.0002100840336134454
number of trials is
23800
number of Z or Y failures is
5
number of X failures is
0
average trial time
311.0716614648625
stderr is
9.394454020318264e-5
target is
2.1008403361344542e-5
mu is
0.00020833333333333335
number of trials is
24000
number of Z or Y failures is
5
number of X failures is
0
average trial time
313.64756814946264
stderr is
9.316173429049154e-5
target is
2.0833333333333336e-5
mu is
0.00020661157024793388
number of trials is
24200
number of Z or Y failures is
5
number of X failures is
0
average trial time
316.1981350061579
stderr is
9.239186624872568e-5
target is
2.066115702479339e-5
mu is
0.00020491803278688525
number of trials is
24400
number of Z or Y failures is
5
number of X failures is
0
average trial time
318.7340807909927
stderr is
9.163461795961063e-5
target is
2.0491803278688525e-5
mu is
0.0002032520325203252
number of trials is
24600
number of Z or Y failures is
5
number of X failures is
0
average trial time
321.2670380765178
stderr is
9.088968164933998e-5
target is
2.032520325203252e-5
mu is
0.00020161290322580645
number of trials is
24800
number of Z or Y failures is
5
number of X failures is
0
average trial time
323.817566535168
stderr is
9.01567594714934e-5
target is
2.0161290322580645e-5
mu is
0.00024
number of trials is
25000
number of Z or Y failures is
6
number of X failures is
0
average trial time
326.37484866171803
stderr is
9.796979087043579e-5
target is
2.4e-5
mu is
0.0002380952380952381
number of trials is
25200
number of Z or Y failures is
6
number of X failures is
0
average trial time
328.9483970913028
stderr is
9.719233000591164e-5
target is
2.380952380952381e-5
mu is
0.00023622047244094488
number of trials is
25400
number of Z or Y failures is
6
number of X failures is
0
average trial time
331.49665713761243
stderr is
9.642711141393913e-5
target is
2.362204724409449e-5
mu is
0.000234375
number of trials is
25600
number of Z or Y failures is
6
number of X failures is
0
average trial time
334.0601009434477
stderr is
9.567384819429402e-5
target is
2.34375e-5
mu is
0.00023255813953488373
number of trials is
25800
number of Z or Y failures is
6
number of X failures is
0
average trial time
336.63930027741253
stderr is
9.493226234202022e-5
target is
2.3255813953488374e-5
mu is
0.00023076923076923076
number of trials is
26000
number of Z or Y failures is
6
number of X failures is
0
average trial time
339.1797736328926
stderr is
9.420208440533723e-5
target is
2.307692307692308e-5
mu is
0.00022900763358778625
number of trials is
26200
number of Z or Y failures is
6
number of X failures is
0
average trial time
341.72918791013296
stderr is
9.348305315921397e-5
target is
2.2900763358778628e-5
mu is
0.00022727272727272727
number of trials is
26400
number of Z or Y failures is
6
number of X failures is
0
average trial time
344.26690506425854
stderr is
9.277491529377926e-5
target is
2.272727272727273e-5
mu is
0.0002255639097744361
number of trials is
26600
number of Z or Y failures is
6
number of X failures is
0
average trial time
346.81815509810855
stderr is
9.207742511678732e-5
target is
2.255639097744361e-5
mu is
0.00022388059701492538
number of trials is
26800
number of Z or Y failures is
6
number of X failures is
0
average trial time
349.35842261174366
stderr is
9.139034426940448e-5
target is
2.238805970149254e-5
mu is
0.00022222222222222223
number of trials is
27000
number of Z or Y failures is
6
number of X failures is
0
average trial time
351.9147309708489
stderr is
9.071344145462666e-5
target is
2.2222222222222223e-5
mu is
0.00022058823529411765
number of trials is
27200
number of Z or Y failures is
6
number of X failures is
0
average trial time
354.4200739092046
stderr is
9.0046492177677e-5
target is
2.2058823529411766e-5
mu is
0.00021897810218978101
number of trials is
27400
number of Z or Y failures is
6
number of X failures is
0
average trial time
356.93504693179943
stderr is
8.938927849777226e-5
target is
2.18978102189781e-5
mu is
0.0002173913043478261
number of trials is
27600
number of Z or Y failures is
6
number of X failures is
0
average trial time
359.4636911239844
stderr is
8.874158879068058e-5
target is
2.173913043478261e-5
mu is
0.0002158273381294964
number of trials is
27800
number of Z or Y failures is
6
number of X failures is
0
average trial time
362.0142000012445
stderr is
8.810321752152803e-5
target is
2.1582733812949642e-5
mu is
0.00021428571428571427
number of trials is
28000
number of Z or Y failures is
6
number of X failures is
0
average trial time
364.5554960602991
stderr is
8.747396502734092e-5
target is
2.1428571428571428e-5
mu is
0.0002127659574468085
number of trials is
28200
number of Z or Y failures is
6
number of X failures is
0
average trial time
367.0779995511493
stderr is
8.685363730884086e-5
target is
2.1276595744680852e-5
mu is
0.00021126760563380283
number of trials is
28400
number of Z or Y failures is
6
number of X failures is
0
average trial time
369.6080724025394
stderr is
8.624204583103647e-5
target is
2.1126760563380285e-5
mu is
0.0002097902097902098
number of trials is
28600
number of Z or Y failures is
6
number of X failures is
0
average trial time
372.14136551352937
stderr is
8.563900733218103e-5
target is
2.097902097902098e-5
mu is
0.00020833333333333335
number of trials is
28800
number of Z or Y failures is
6
number of X failures is
0
average trial time
374.71808242171954
stderr is
8.504434364068971e-5
target is
2.0833333333333336e-5
mu is
0.00020689655172413793
number of trials is
29000
number of Z or Y failures is
6
number of X failures is
0
average trial time
377.28926956672905
stderr is
8.445788149963188e-5
target is
2.0689655172413793e-5
mu is
0.00020547945205479453
number of trials is
29200
number of Z or Y failures is
6
number of X failures is
0
average trial time
379.805997489059
stderr is
8.387945239843536e-5
target is
2.0547945205479456e-5
mu is
0.00020408163265306123
number of trials is
29400
number of Z or Y failures is
6
number of X failures is
0
average trial time
382.2915594997334
stderr is
8.330889241145953e-5
target is
2.0408163265306126e-5
mu is
0.0002027027027027027
number of trials is
29600
number of Z or Y failures is
6
number of X failures is
0
average trial time
384.7992887277537
stderr is
8.274604204311199e-5
target is
2.027027027027027e-5
mu is
0.00020134228187919463
number of trials is
29800
number of Z or Y failures is
6
number of X failures is
0
average trial time
387.31227213886814
stderr is
8.219074607920175e-5
target is
2.0134228187919465e-5
mu is
0.0002
number of trials is
30000
number of Z or Y failures is
6
number of X failures is
0
average trial time
389.84223500500315
stderr is
8.164285344423777e-5
target is
2.0e-5
mu is
0.00019867549668874172
number of trials is
30200
number of Z or Y failures is
6
number of X failures is
0
average trial time
392.3618384240579
stderr is
8.110221706439717e-5
target is
1.9867549668874173e-5
mu is
0.00023026315789473684
number of trials is
30400
number of Z or Y failures is
7
number of X failures is
0
average trial time
394.94295003957313
stderr is
8.70227038062918e-5
target is
2.3026315789473685e-5
mu is
0.00022875816993464052
number of trials is
30600
number of Z or Y failures is
7
number of X failures is
0
average trial time
397.45600672647794
stderr is
8.645398374140583e-5
target is
2.2875816993464052e-5
mu is
0.00022727272727272727
number of trials is
30800
number of Z or Y failures is
7
number of X failures is
0
average trial time
399.9978647800531
stderr is
8.589264893165736e-5
target is
2.272727272727273e-5
mu is
0.00022580645161290321
number of trials is
31000
number of Z or Y failures is
7
number of X failures is
0
average trial time
402.5032920005729
stderr is
8.533855645046595e-5
target is
2.258064516129032e-5
mu is
0.00022435897435897436
number of trials is
31200
number of Z or Y failures is
7
number of X failures is
0
average trial time
405.06395013767275
stderr is
8.479156703568252e-5
target is
2.2435897435897437e-5
mu is
0.00022292993630573248
number of trials is
31400
number of Z or Y failures is
7
number of X failures is
0
average trial time
407.57883619878334
stderr is
8.425154497289905e-5
target is
2.229299363057325e-5
mu is
0.00022151898734177215
number of trials is
31600
number of Z or Y failures is
7
number of X failures is
0
average trial time
410.1416287069983
stderr is
8.371835798318879e-5
target is
2.2151898734177217e-5
mu is
0.000220125786163522
number of trials is
31800
number of Z or Y failures is
7
number of X failures is
0
average trial time
412.69477614314286
stderr is
8.319187711508257e-5
target is
2.20125786163522e-5
mu is
0.00021875
number of trials is
32000
number of Z or Y failures is
7
number of X failures is
0
average trial time
415.28958796014297
stderr is
8.267197664059554e-5
target is
2.1875000000000003e-5
mu is
0.0002173913043478261
number of trials is
32200
number of Z or Y failures is
7
number of X failures is
0
average trial time
417.85571756332786
stderr is
8.215853395512821e-5
target is
2.173913043478261e-5
mu is
0.0002160493827160494
number of trials is
32400
number of Z or Y failures is
7
number of X failures is
0
average trial time
420.422139386898
stderr is
8.165142948107456e-5
target is
2.160493827160494e-5
mu is
0.0002147239263803681
number of trials is
32600
number of Z or Y failures is
7
number of X failures is
0
average trial time
422.96933060025754
stderr is
8.115054657497822e-5
target is
2.1472392638036813e-5
mu is
0.00021341463414634146
number of trials is
32800
number of Z or Y failures is
7
number of X failures is
0
average trial time
425.5123154215825
stderr is
8.065577143808468e-5
target is
2.134146341463415e-5
mu is
0.00021212121212121213
number of trials is
33000
number of Z or Y failures is
7
number of X failures is
0
average trial time
428.03908453550787
stderr is
8.016699303014621e-5
target is
2.1212121212121215e-5
mu is
0.0002108433734939759
number of trials is
33200
number of Z or Y failures is
7
number of X failures is
0
average trial time
430.60986334388275
stderr is
7.968410298634164e-5
target is
2.1084337349397593e-5
mu is
0.0002095808383233533
number of trials is
33400
number of Z or Y failures is
7
number of X failures is
0
average trial time
433.1618201985179
stderr is
7.920699553718116e-5
target is
2.0958083832335332e-5
mu is
0.00020833333333333335
number of trials is
33600
number of Z or Y failures is
7
number of X failures is
0
average trial time
435.7223255506929
stderr is
7.873556743127108e-5
target is
2.0833333333333336e-5
mu is
0.00020710059171597634
number of trials is
33800
number of Z or Y failures is
7
number of X failures is
0
average trial time
438.2680450639633
stderr is
7.826971786082062e-5
target is
2.0710059171597635e-5
mu is
0.00020588235294117648
number of trials is
34000
number of Z or Y failures is
7
number of X failures is
0
average trial time
440.80887248278816
stderr is
7.78093483897776e-5
target is
2.058823529411765e-5
mu is
0.00020467836257309941
number of trials is
34200
number of Z or Y failures is
7
number of X failures is
0
average trial time
443.3706673076381
stderr is
7.735436288448539e-5
target is
2.0467836257309943e-5
mu is
0.00020348837209302326
number of trials is
34400
number of Z or Y failures is
7
number of X failures is
0
average trial time
445.9066920722833
stderr is
7.69046674467587e-5
target is
2.0348837209302328e-5
mu is
0.0002023121387283237
number of trials is
34600
number of Z or Y failures is
7
number of X failures is
0
average trial time
448.44146623983806
stderr is
7.646017034928018e-5
target is
2.023121387283237e-5
mu is
0.00020114942528735632
number of trials is
34800
number of Z or Y failures is
7
number of X failures is
0
average trial time
450.96669333214334
stderr is
7.602078197322452e-5
target is
2.0114942528735632e-5
mu is
0.0002
number of trials is
35000
number of Z or Y failures is
7
number of X failures is
0
average trial time
453.50414056529286
stderr is
7.558641474802097e-5
target is
2.0e-5
mu is
0.00019886363636363637
number of trials is
35200
number of Z or Y failures is
7
number of X failures is
0
average trial time
456.03410101527714
stderr is
7.515698309316931e-5
target is
1.9886363636363638e-5
mu is
0.00019774011299435027
number of trials is
35400
number of Z or Y failures is
7
number of X failures is
0
average trial time
458.5559552703776
stderr is
7.473240336202794e-5
target is
1.9774011299435028e-5
mu is
0.00019662921348314607
number of trials is
35600
number of Z or Y failures is
7
number of X failures is
0
average trial time
461.1126841949925
stderr is
7.43125937874965e-5
target is
1.9662921348314607e-5
mu is
0.00019553072625698323
number of trials is
35800
number of Z or Y failures is
7
number of X failures is
0
average trial time
463.6379343681224
stderr is
7.38974744295192e-5
target is
1.9553072625698323e-5
mu is
0.00019444444444444443
number of trials is
36000
number of Z or Y failures is
7
number of X failures is
0
average trial time
466.18076062806745
stderr is
7.348696712433782e-5
target is
1.9444444444444445e-5
mu is
0.00019337016574585636
number of trials is
36200
number of Z or Y failures is
7
number of X failures is
0
average trial time
468.70996025827174
stderr is
7.308099543542673e-5
target is
1.933701657458564e-5
mu is
0.0001923076923076923
number of trials is
36400
number of Z or Y failures is
7
number of X failures is
0
average trial time
471.2420610381664
stderr is
7.26794846060454e-5
target is
1.923076923076923e-5
mu is
0.0001912568306010929
number of trials is
36600
number of Z or Y failures is
7
number of X failures is
0
average trial time
473.82712019750613
stderr is
7.22823615133464e-5
target is
1.9125683060109292e-5
mu is
0.00019021739130434782
number of trials is
36800
number of Z or Y failures is
7
number of X failures is
0
average trial time
476.3743981752416
stderr is
7.188955462397972e-5
target is
1.9021739130434784e-5
mu is
0.0001891891891891892
number of trials is
37000
number of Z or Y failures is
7
number of X failures is
0
average trial time
478.911575870781
stderr is
7.150099395113691e-5
target is
1.891891891891892e-5
mu is
0.0001881720430107527
number of trials is
37200
number of Z or Y failures is
7
number of X failures is
0
ERROR: LoadError: MethodError: no method matching iterate(::Nothing)
Closest candidates are:
  iterate(!Matched::Union{LinRange, StepRangeLen}) at range.jl:664
  iterate(!Matched::Union{LinRange, StepRangeLen}, !Matched::Int64) at range.jl:664
  iterate(!Matched::T) where T<:Union{Base.KeySet{var"#s79", var"#s78"} where {var"#s79", var"#s78"<:Dict}, Base.ValueIterator{var"#s77"} where var"#s77"<:Dict} at dict.jl:693
  ...
Stacktrace:
  [1] indexed_iterate(I::Nothing, i::Int64)
    @ Base ./tuple.jl:89
  [2] MPS(A::ITensor{4}, sites::Vector{IndexSet{1, Index{Int64}, Tuple{Index{Int64}}}}; leftinds::Index{Int64}, orthocenter::Int64, kwargs::Base.Iterators.Pairs{Symbol, Any, NTuple{4, Symbol}, NamedTuple{(:ortho, :cutoff, :maxdim, :svd_alg), Tuple{String, Float64, Int64, String}}})
    @ ITensors ~/.julia/packages/ITensors/Ligbx/src/mps/abstractmps.jl:1388
  [3] setindex!(ψ::MPS, A::ITensor{4}, r::UnitRange{Int64}; orthocenter::Int64, perm::Vector{Int64}, kwargs::Base.Iterators.Pairs{Symbol, Any, NTuple{4, Symbol}, NamedTuple{(:ortho, :cutoff, :maxdim, :svd_alg), Tuple{String, Float64, Int64, String}}})
    @ ITensors ~/.julia/packages/ITensors/Ligbx/src/mps/abstractmps.jl:1328
  [4] setindex!(::MPS, ::ITensor{4}, ::UnitRange{Int64}, ::Pair{Symbol, Any}, ::Vararg{Pair{Symbol, Any}, N} where N; kwargs::Base.Iterators.Pairs{Symbol, Any, Tuple{Symbol, Symbol}, NamedTuple{(:orthocenter, :perm), Tuple{Int64, Vector{Int64}}}})
    @ ITensors ~/.julia/packages/ITensors/Ligbx/src/mps/abstractmps.jl:1340
  [5] swapbondsites(ψ::MPS, b::Int64; kwargs::Base.Iterators.Pairs{Symbol, Any, NTuple{4, Symbol}, NamedTuple{(:ortho, :cutoff, :maxdim, :svd_alg), Tuple{String, Float64, Int64, String}}})
    @ ITensors ~/.julia/packages/ITensors/Ligbx/src/mps/abstractmps.jl:1419
  [6] movesite(ψ::MPS, n1n2::Pair{Int64, Int64}; orthocenter::Int64, kwargs::Base.Iterators.Pairs{Symbol, Any, Tuple{Symbol, Symbol, Symbol}, NamedTuple{(:cutoff, :maxdim, :svd_alg), Tuple{Float64, Int64, String}}})
    @ ITensors ~/.julia/packages/ITensors/Ligbx/src/mps/abstractmps.jl:1447
  [7] _movesites(ψ::MPS, ns::Vector{Int64}, ns′::Vector{Int64}; kwargs::Base.Iterators.Pairs{Symbol, Any, Tuple{Symbol, Symbol, Symbol}, NamedTuple{(:cutoff, :maxdim, :svd_alg), Tuple{Float64, Int64, String}}})
    @ ITensors ~/.julia/packages/ITensors/Ligbx/src/mps/abstractmps.jl:1474
  [8] movesites(ψ::MPS, nsns′::Vector{Pair{Int64, Int64}}; kwargs::Base.Iterators.Pairs{Symbol, Any, Tuple{Symbol, Symbol, Symbol}, NamedTuple{(:cutoff, :maxdim, :svd_alg), Tuple{Float64, Int64, String}}})
    @ ITensors ~/.julia/packages/ITensors/Ligbx/src/mps/abstractmps.jl:1495
  [9] product(o::ITensor{4}, ψ::MPS, ns::Vector{Int64}; move_sites_back::Bool, apply_dag::Bool, kwargs::Base.Iterators.Pairs{Symbol, Any, Tuple{Symbol, Symbol, Symbol}, NamedTuple{(:cutoff, :maxdim, :svd_alg), Tuple{Float64, Int64, String}}})
    @ ITensors ~/.julia/packages/ITensors/Ligbx/src/mps/abstractmps.jl:1548
 [10] product(As::Vector{ITensor}, ψ::MPS; move_sites_back::Bool, kwargs::Base.Iterators.Pairs{Symbol, Any, Tuple{Symbol, Symbol, Symbol}, NamedTuple{(:cutoff, :maxdim, :svd_alg), Tuple{Float64, Int64, String}}})
    @ ITensors ~/.julia/packages/ITensors/Ligbx/src/mps/abstractmps.jl:1650
 [11] runcircuit(M::MPS, circuit_tensors::Vector{ITensor}; apply_dag::Nothing, cutoff::Float64, maxdim::Int64, svd_alg::String, move_sites_back::Bool, kwargs::Base.Iterators.Pairs{Union{}, Union{}, Tuple{}, NamedTuple{(), Tuple{}}})
    @ PastaQ ~/.julia/packages/PastaQ/9VxGO/src/circuits/runcircuit.jl:86
 [12] #runcircuit#99
    @ ~/.julia/packages/PastaQ/9VxGO/src/circuits/runcircuit.jl:188 [inlined]
 [13] SurfCirc(dz::Int64, dx::Int64, nr::Int64, PEZ::Matrix{Int64}, PEX::Matrix{Int64}, Synz::Matrix{Int64}, Synx::Matrix{Int64}, zsch::Vector{Any}, xsch::Vector{Any}, bsch::Array{Int64, 3}, layout::Vector{Any}, ql::Matrix{Int64}, zl::Vector{Int64}, xl::Vector{Int64}, p::Float64, al2::Int64, tmeas::Float64, k2::Float64, nth::Int64, pmz::Float64, pmx::Float64, acc::Float64, bd::Int64)
    @ Main /shared/JuliaCLTNDecoder/experiment/d9/2e5/mlsurfnc.jl:1337
 [14] macro expansion
    @ /shared/JuliaCLTNDecoder/experiment/d9/2e5/mlsurfnc.jl:1432 [inlined]
 [15] macro expansion
    @ ./timing.jl:287 [inlined]
 [16] SurfMC(dz::Int64, dx::Int64, nr::Int64, p::Float64, al2::Int64, tmeas::Float64, k2::Float64, nth::Int64, acc::Float64, bd::Int64, err::Float64, nt::Int64; sim_id::Int64)
    @ Main /shared/JuliaCLTNDecoder/experiment/d9/2e5/mlsurfnc.jl:1431
 [17] top-level scope
    @ /shared/JuliaCLTNDecoder/experiment/d9/2e5/mlsurfnc.jl:1514
in expression starting at /shared/JuliaCLTNDecoder/experiment/d9/2e5/mlsurfnc.jl:1512
average trial time
481.42950928958123
stderr is
7.11166110129807e-5
target is
1.881720430107527e-5
mu is
0.0001871657754010695
number of trials is
37400
number of Z or Y failures is
7
number of X failures is
0
average trial time
483.94661503975635
stderr is
7.073633879240837e-5
target is
1.8716577540106954e-5
mu is
0.00018617021276595746
number of trials is
37600
number of Z or Y failures is
7
number of X failures is
0
average trial time
486.4927220438665
stderr is
7.03601116980992e-5
target is
1.8617021276595748e-5
mu is
0.00018518518518518518
number of trials is
37800
number of Z or Y failures is
7
number of X failures is
0
average trial time
489.0416203212613
stderr is
6.998786552679828e-5
target is
1.8518518518518518e-5
mu is
0.00018421052631578948
number of trials is
38000
number of Z or Y failures is
7
number of X failures is
0
average trial time
491.59039652412116
stderr is
6.961953742679138e-5
target is
1.842105263157895e-5
mu is
0.0001832460732984293
number of trials is
38200
number of Z or Y failures is
7
number of X failures is
0
average trial time
494.1389810982906
stderr is
6.925506586252716e-5
target is
1.8324607329842934e-5
mu is
0.00018229166666666667
number of trials is
38400
number of Z or Y failures is
7
number of X failures is
0
average trial time
496.71188206263605
stderr is
6.889439058034466e-5
target is
1.8229166666666668e-5
mu is
0.00018134715025906737
number of trials is
38600
number of Z or Y failures is
7
number of X failures is
0
average trial time
499.2713206594459
stderr is
6.853745257526636e-5
target is
1.813471502590674e-5
mu is
0.0002061855670103093
number of trials is
38800
number of Z or Y failures is
8
number of X failures is
0
average trial time
501.81388000968093
stderr is
7.289103002677371e-5
target is
2.061855670103093e-5
mu is
0.00020512820512820512
number of trials is
39000
number of Z or Y failures is
8
number of X failures is
0
average trial time
504.3946554986861
stderr is
7.251726342672868e-5
target is
2.0512820512820512e-5
mu is
0.00020408163265306123
number of trials is
39200
number of Z or Y failures is
8
number of X failures is
0
average trial time
506.9545208750608
stderr is
7.214731043091792e-5
target is
2.0408163265306126e-5
mu is
0.0002030456852791878
number of trials is
39400
number of Z or Y failures is
8
number of X failures is
0
average trial time
509.5091069629953
stderr is
7.178111296931183e-5
target is
2.030456852791878e-5
mu is
0.00020202020202020202
number of trials is
39600
number of Z or Y failures is
8
number of X failures is
0
average trial time
512.0459337859106
stderr is
7.141861414490901e-5
target is
2.0202020202020203e-5
mu is
0.00020100502512562814
number of trials is
39800
number of Z or Y failures is
8
number of X failures is
0
average trial time
514.5727845490504
stderr is
7.105975820426569e-5
target is
2.0100502512562815e-5
mu is
0.0002
number of trials is
40000
number of Z or Y failures is
8
number of X failures is
0
average trial time
517.0947070248554
stderr is
7.070449050890936e-5
target is
2.0e-5
mu is
0.0001990049751243781
number of trials is
40200
number of Z or Y failures is
8
number of X failures is
0
average trial time
519.4980282139448
stderr is
7.035275750760556e-5
target is
1.990049751243781e-5
mu is
0.00019801980198019803
number of trials is
40400
number of Z or Y failures is
8
number of X failures is
0
average trial time
521.8569371948502
stderr is
7.000450670944838e-5
target is
1.9801980198019806e-5
mu is
0.00019704433497536947
number of trials is
40600
number of Z or Y failures is
8
number of X failures is
0
average trial time
524.2023847314703
stderr is
6.965968665774624e-5
target is
1.970443349753695e-5
mu is
0.000196078431372549
number of trials is
40800
number of Z or Y failures is
8
number of X failures is
0
average trial time
526.5537944043108
stderr is
6.93182469046757e-5
target is
1.9607843137254903e-5
mu is
0.0001951219512195122
number of trials is
41000
number of Z or Y failures is
8
number of X failures is
0
average trial time
528.8896765717006
stderr is
6.898013798667702e-5
target is
1.9512195121951222e-5
mu is
0.0001941747572815534
number of trials is
41200
number of Z or Y failures is
8
number of X failures is
0
average trial time
531.2405585182958
stderr is
6.864531140056625e-5
target is
1.9417475728155343e-5
mu is
0.0001932367149758454
number of trials is
41400
number of Z or Y failures is
8
number of X failures is
0
average trial time
533.5845045841861
stderr is
6.831371958033977e-5
target is
1.932367149758454e-5
mu is
0.0001923076923076923
number of trials is
41600
number of Z or Y failures is
8
number of X failures is
0
average trial time
535.9529584313105
stderr is
6.798531587464772e-5
target is
1.923076923076923e-5
mu is
0.00019138755980861245
number of trials is
41800
number of Z or Y failures is
8
number of X failures is
0
average trial time
538.30893854625
stderr is
6.766005452491435e-5
target is
1.9138755980861247e-5
mu is
0.00019047619047619048
number of trials is
42000
number of Z or Y failures is
8
number of X failures is
0
average trial time
540.6223005429249
stderr is
6.733789064408306e-5
target is
1.904761904761905e-5
mu is
0.0001895734597156398
number of trials is
42200
number of Z or Y failures is
8
number of X failures is
0
average trial time
542.99098456592
stderr is
6.701878019596612e-5
target is
1.895734597156398e-5
mu is
0.00021226415094339622
number of trials is
42400
number of Z or Y failures is
9
number of X failures is
0
average trial time
545.364614833335
stderr is
7.074804153549784e-5
target is
2.1226415094339624e-5
mu is
0.00021126760563380283
number of trials is
42600
number of Z or Y failures is
9
number of X failures is
0
average trial time
547.7179648895096
stderr is
7.041592230093434e-5
target is
2.1126760563380285e-5
mu is
0.0002102803738317757
number of trials is
42800
number of Z or Y failures is
9
number of X failures is
0
average trial time
550.0879115294799
stderr is
7.008690669424915e-5
target is
2.102803738317757e-5
mu is
0.00020930232558139534
number of trials is
43000
number of Z or Y failures is
9
number of X failures is
0
average trial time
552.4809500642947
stderr is
6.976095141303749e-5
target is
2.0930232558139536e-5
mu is
0.00020833333333333335
number of trials is
43200
number of Z or Y failures is
9
number of X failures is
0
average trial time
554.8135718474791
stderr is
6.943801395671673e-5
target is
2.0833333333333336e-5
mu is
0.00020737327188940092
number of trials is
43400
number of Z or Y failures is
9
number of X failures is
0
average trial time
557.183675546779
stderr is
6.911805260805288e-5
target is
2.0737327188940094e-5
mu is
0.00020642201834862386
number of trials is
43600
number of Z or Y failures is
9
number of X failures is
0
average trial time
559.5394207727787
stderr is
6.880102641519541e-5
target is
2.0642201834862388e-5
mu is
0.00020547945205479453
number of trials is
43800
number of Z or Y failures is
9
number of X failures is
0
average trial time
561.8816674342784
stderr is
6.848689517420449e-5
target is
2.0547945205479456e-5
mu is
0.00020454545454545454
number of trials is
44000
number of Z or Y failures is
9
number of X failures is
0
average trial time
564.2426534309883
stderr is
6.817561941205454e-5
target is
2.0454545454545454e-5
mu is
0.00020361990950226245
number of trials is
44200
number of Z or Y failures is
9
number of X failures is
0
average trial time
566.6090572781982
stderr is
6.786716037009915e-5
target is
2.0361990950226245e-5
mu is
0.0002027027027027027
number of trials is
44400
number of Z or Y failures is
9
number of X failures is
0
average trial time
568.9988912055888
stderr is
6.756147998798294e-5
target is
2.027027027027027e-5
mu is
0.00020179372197309418
number of trials is
44600
number of Z or Y failures is
9
number of X failures is
0
average trial time
571.3693581153138
stderr is
6.725854088798623e-5
target is
2.017937219730942e-5
mu is
0.00020089285714285714
number of trials is
44800
number of Z or Y failures is
9
number of X failures is
0
average trial time
573.7384546917389
stderr is
6.695830635978897e-5
target is
2.0089285714285717e-5
mu is
0.0002
number of trials is
45000
number of Z or Y failures is
9
number of X failures is
0
average trial time
576.0892030886234
stderr is
6.666074034564097e-5
target is
2.0e-5
mu is
0.00019911504424778762
number of trials is
45200
number of Z or Y failures is
9
number of X failures is
0
average trial time
578.4235844641986
stderr is
6.636580742592581e-5
target is
1.9911504424778764e-5
The SVD algorithm `"divide_and_conquer"` has thrown an error,
likely because of a convergance failure. You can try
other SVD algorithms that may converge better using the
`alg` (or `svd_alg` if called through `factorize` or MPS/MPO functionality) keyword argument:

 - "divide_and_conquer" is a divide-and-conquer algorithm
   (LAPACK's `gesdd`). It is fast, but may lead to some innacurate
   singular values for very ill-conditioned matrices.
   It also may sometimes fail to converge, leading to errors
   (in which case `"qr_iteration"` or `"recursive"` can be tried).

 - `"qr_iteration"` (LAPACK's `gesvd`) is typically slower 
   than "divide_and_conquer", especially for large matrices,
   but is more accurate for very ill-conditioned matrices 
   compared to `"divide_and_conquer"`.

 - `"recursive"` is ITensor's custom SVD algorithm. It is very
   reliable, but may be slow if high precision is needed.
   To get an `svd` of a matrix `A`, an eigendecomposition of
   ``A^{\dagger} A`` is used to compute `U` and then a `qr` of
   ``A^{\dagger} U`` is used to compute `V`. This is performed
   recursively to compute small singular values.

Returning `nothing`. For an output `F = svd(A, ...)` you can check if
`isnothing(F)` in your code and try a different algorithm.

To suppress this message in the future, you can wrap the `svd` call in the
`@suppress` macro from the `Suppressor` package.

