mu is
0.0
number of trials is
200
number of Z or Y failures is
0
number of X failures is
0
average trial time
2.4474955329349997
mu is
0.0
number of trials is
400
number of Z or Y failures is
0
number of X failures is
0
average trial time
4.748682785774997
mu is
0.0
number of trials is
600
number of Z or Y failures is
0
number of X failures is
0
average trial time
7.038722010209997
mu is
0.0
number of trials is
800
number of Z or Y failures is
0
number of X failures is
0
average trial time
9.363113897444999
mu is
0.0
number of trials is
1000
number of Z or Y failures is
0
number of X failures is
0
average trial time
11.694466090695006
mu is
0.0
number of trials is
1200
number of Z or Y failures is
0
number of X failures is
0
average trial time
14.084506764425
mu is
0.0
number of trials is
1400
number of Z or Y failures is
0
number of X failures is
0
average trial time
16.558374287490004
mu is
0.0
number of trials is
1600
number of Z or Y failures is
0
number of X failures is
0
average trial time
19.08926695681001
mu is
0.0
number of trials is
1800
number of Z or Y failures is
0
number of X failures is
0
average trial time
21.733042902590004
mu is
0.0005
number of trials is
2000
number of Z or Y failures is
1
number of X failures is
0
average trial time
24.376271020565
mu is
0.00045454545454545455
number of trials is
2200
number of Z or Y failures is
1
number of X failures is
0
average trial time
27.064636371970014
mu is
0.0004166666666666667
number of trials is
2400
number of Z or Y failures is
1
number of X failures is
0
average trial time
29.773086266195023
mu is
0.0003846153846153846
number of trials is
2600
number of Z or Y failures is
1
number of X failures is
0
average trial time
32.564055757004986
mu is
0.00035714285714285714
number of trials is
2800
number of Z or Y failures is
1
number of X failures is
0
average trial time
35.33922536001997
mu is
0.0003333333333333333
number of trials is
3000
number of Z or Y failures is
1
number of X failures is
0
average trial time
38.13307728847999
mu is
0.0003125
number of trials is
3200
number of Z or Y failures is
1
number of X failures is
0
average trial time
40.87608592986501
mu is
0.0002941176470588235
number of trials is
3400
number of Z or Y failures is
1
number of X failures is
0
average trial time
43.64959246196996
mu is
0.0002777777777777778
number of trials is
3600
number of Z or Y failures is
1
number of X failures is
0
average trial time
46.402722748194975
mu is
0.0002631578947368421
number of trials is
3800
number of Z or Y failures is
1
number of X failures is
0
average trial time
49.15703263011493
mu is
0.00025
number of trials is
4000
number of Z or Y failures is
1
number of X failures is
0
average trial time
51.93911349457995
mu is
0.0002380952380952381
number of trials is
4200
number of Z or Y failures is
1
number of X failures is
0
average trial time
54.71465354544493
mu is
0.00022727272727272727
number of trials is
4400
number of Z or Y failures is
1
number of X failures is
0
average trial time
57.475663230899954
mu is
0.0002173913043478261
number of trials is
4600
number of Z or Y failures is
1
number of X failures is
0
average trial time
60.25683474474489
mu is
0.00020833333333333335
number of trials is
4800
number of Z or Y failures is
1
number of X failures is
0
average trial time
62.998038767014926
mu is
0.0002
number of trials is
5000
number of Z or Y failures is
1
number of X failures is
0
average trial time
65.72660991243993
mu is
0.0001923076923076923
number of trials is
5200
number of Z or Y failures is
1
number of X failures is
0
average trial time
68.48571414252494
mu is
0.00018518518518518518
number of trials is
5400
number of Z or Y failures is
1
number of X failures is
0
average trial time
71.23886174296501
mu is
0.00017857142857142857
number of trials is
5600
number of Z or Y failures is
1
number of X failures is
0
average trial time
73.96126953275504
mu is
0.00017241379310344826
number of trials is
5800
number of Z or Y failures is
1
number of X failures is
0
average trial time
76.68353121444005
mu is
0.00016666666666666666
number of trials is
6000
number of Z or Y failures is
1
number of X failures is
0
average trial time
79.38996837075007
mu is
0.00016129032258064516
number of trials is
6200
number of Z or Y failures is
1
number of X failures is
0
average trial time
82.03286001522514
mu is
0.00015625
number of trials is
6400
number of Z or Y failures is
1
number of X failures is
0
average trial time
84.78896947187017
mu is
0.00015151515151515152
number of trials is
6600
number of Z or Y failures is
1
number of X failures is
0
average trial time
87.51403945430516
mu is
0.00014705882352941175
number of trials is
6800
number of Z or Y failures is
1
number of X failures is
0
average trial time
90.21713973987997
mu is
0.00014285714285714287
number of trials is
7000
number of Z or Y failures is
1
number of X failures is
0
average trial time
92.91901436461004
mu is
0.0001388888888888889
number of trials is
7200
number of Z or Y failures is
1
number of X failures is
0
average trial time
95.60570563680496
mu is
0.00013513513513513514
number of trials is
7400
number of Z or Y failures is
1
number of X failures is
0
average trial time
98.36172717218489
mu is
0.00013157894736842105
number of trials is
7600
number of Z or Y failures is
1
number of X failures is
0
average trial time
100.99316895927488
mu is
0.0001282051282051282
number of trials is
7800
number of Z or Y failures is
1
number of X failures is
0
average trial time
103.64341234773994
mu is
0.000125
number of trials is
8000
number of Z or Y failures is
1
number of X failures is
0
average trial time
106.35422539034991
mu is
0.00012195121951219512
number of trials is
8200
number of Z or Y failures is
1
number of X failures is
0
average trial time
108.99581642170494
mu is
0.0002380952380952381
number of trials is
8400
number of Z or Y failures is
2
number of X failures is
0
average trial time
111.71023856537501
mu is
0.00023255813953488373
number of trials is
8600
number of Z or Y failures is
2
number of X failures is
0
average trial time
114.32343651045502
mu is
0.00022727272727272727
number of trials is
8800
number of Z or Y failures is
2
number of X failures is
0
average trial time
117.03259468658996
mu is
0.00022222222222222223
number of trials is
9000
number of Z or Y failures is
2
number of X failures is
0
average trial time
119.67956759866995
mu is
0.0002173913043478261
number of trials is
9200
number of Z or Y failures is
2
number of X failures is
0
average trial time
122.36269176531493
mu is
0.0002127659574468085
number of trials is
9400
number of Z or Y failures is
2
number of X failures is
0
average trial time
124.97284467633489
mu is
0.00020833333333333335
number of trials is
9600
number of Z or Y failures is
2
number of X failures is
0
average trial time
127.66212616789502
mu is
0.00020408163265306123
number of trials is
9800
number of Z or Y failures is
2
number of X failures is
0
average trial time
130.29321701943496
mu is
0.0002
number of trials is
10000
number of Z or Y failures is
2
number of X failures is
0
average trial time
132.91993576771
mu is
0.000196078431372549
number of trials is
10200
number of Z or Y failures is
2
number of X failures is
0
average trial time
135.55710749434996
mu is
0.0001923076923076923
number of trials is
10400
number of Z or Y failures is
2
number of X failures is
0
average trial time
138.14763613150498
mu is
0.00018867924528301886
number of trials is
10600
number of Z or Y failures is
2
number of X failures is
0
average trial time
140.80332557968003
mu is
0.00018518518518518518
number of trials is
10800
number of Z or Y failures is
2
number of X failures is
0
average trial time
143.41931706624516
mu is
0.0001818181818181818
number of trials is
11000
number of Z or Y failures is
2
number of X failures is
0
average trial time
146.03249487559017
mu is
0.00017857142857142857
number of trials is
11200
number of Z or Y failures is
2
number of X failures is
0
average trial time
148.62635775864018
mu is
0.00017543859649122806
number of trials is
11400
number of Z or Y failures is
2
number of X failures is
0
average trial time
151.22538568707031
mu is
0.00017241379310344826
number of trials is
11600
number of Z or Y failures is
2
number of X failures is
0
average trial time
153.85302084228036
mu is
0.00016949152542372882
number of trials is
11800
number of Z or Y failures is
2
number of X failures is
0
average trial time
156.4606783323003
mu is
0.00016666666666666666
number of trials is
12000
number of Z or Y failures is
2
number of X failures is
0
average trial time
159.01061597366018
mu is
0.0001639344262295082
number of trials is
12200
number of Z or Y failures is
2
number of X failures is
0
average trial time
161.6325628627853
mu is
0.00016129032258064516
number of trials is
12400
number of Z or Y failures is
2
number of X failures is
0
average trial time
164.2561152716953
mu is
0.00015873015873015873
number of trials is
12600
number of Z or Y failures is
2
number of X failures is
0
average trial time
166.81257097220026
mu is
0.00015625
number of trials is
12800
number of Z or Y failures is
2
number of X failures is
0
average trial time
169.3756975208904
mu is
0.00015384615384615385
number of trials is
13000
number of Z or Y failures is
2
number of X failures is
0
average trial time
172.01457558938543
mu is
0.00015151515151515152
number of trials is
13200
number of Z or Y failures is
2
number of X failures is
0
average trial time
174.59652147515538
mu is
0.00014925373134328358
number of trials is
13400
number of Z or Y failures is
2
number of X failures is
0
average trial time
177.17025174799073
mu is
0.00014705882352941175
number of trials is
13600
number of Z or Y failures is
2
number of X failures is
0
average trial time
179.74662796075046
mu is
0.00014492753623188405
number of trials is
13800
number of Z or Y failures is
2
number of X failures is
0
average trial time
182.38419845741043
mu is
0.00014285714285714287
number of trials is
14000
number of Z or Y failures is
2
number of X failures is
0
average trial time
184.91875047914561
mu is
0.00014084507042253522
number of trials is
14200
number of Z or Y failures is
2
number of X failures is
0
average trial time
187.4859029817106
mu is
0.0001388888888888889
number of trials is
14400
number of Z or Y failures is
2
number of X failures is
0
average trial time
190.03745406670566
mu is
0.000136986301369863
number of trials is
14600
number of Z or Y failures is
2
number of X failures is
0
average trial time
192.59815120152078
mu is
0.00013513513513513514
number of trials is
14800
number of Z or Y failures is
2
number of X failures is
0
average trial time
195.16983562779092
mu is
0.00013333333333333334
number of trials is
15000
number of Z or Y failures is
2
number of X failures is
0
average trial time
197.74677604844587
mu is
0.00013157894736842105
number of trials is
15200
number of Z or Y failures is
2
number of X failures is
0
average trial time
200.3420463188108
mu is
0.00012987012987012987
number of trials is
15400
number of Z or Y failures is
2
number of X failures is
0
average trial time
202.91565118516107
mu is
0.0001282051282051282
number of trials is
15600
number of Z or Y failures is
2
number of X failures is
0
average trial time
205.51496736375114
mu is
0.00012658227848101267
number of trials is
15800
number of Z or Y failures is
2
number of X failures is
0
average trial time
208.08505362201106
mu is
0.000125
number of trials is
16000
number of Z or Y failures is
2
number of X failures is
0
average trial time
210.64405396047616
mu is
0.0001234567901234568
number of trials is
16200
number of Z or Y failures is
2
number of X failures is
0
average trial time
213.18225275826617
mu is
0.00012195121951219512
number of trials is
16400
number of Z or Y failures is
2
number of X failures is
0
average trial time
215.743531661051
mu is
0.00012048192771084337
number of trials is
16600
number of Z or Y failures is
2
number of X failures is
0
average trial time
218.36190927673604
mu is
0.00011904761904761905
number of trials is
16800
number of Z or Y failures is
2
number of X failures is
0
average trial time
220.91670712151617
mu is
0.00011764705882352942
number of trials is
17000
number of Z or Y failures is
2
number of X failures is
0
average trial time
223.50259252745624
mu is
0.00011627906976744187
number of trials is
17200
number of Z or Y failures is
2
number of X failures is
0
average trial time
226.06316522904618
mu is
0.00011494252873563218
number of trials is
17400
number of Z or Y failures is
2
number of X failures is
0
average trial time
228.65314952379106
mu is
0.00011363636363636364
number of trials is
17600
number of Z or Y failures is
2
number of X failures is
0
average trial time
231.20988900928103
mu is
0.00011235955056179776
number of trials is
17800
number of Z or Y failures is
2
number of X failures is
0
average trial time
233.7825453904609
mu is
0.00011111111111111112
number of trials is
18000
number of Z or Y failures is
2
number of X failures is
0
average trial time
236.342006101671
mu is
0.00010989010989010989
number of trials is
18200
number of Z or Y failures is
2
number of X failures is
0
average trial time
238.88572620069107
mu is
0.00010869565217391305
number of trials is
18400
number of Z or Y failures is
2
number of X failures is
0
average trial time
241.42996806729596
mu is
0.00010752688172043011
number of trials is
18600
number of Z or Y failures is
2
number of X failures is
0
average trial time
243.96512130168088
mu is
0.00010638297872340425
number of trials is
18800
number of Z or Y failures is
2
number of X failures is
0
average trial time
246.51806299878095
mu is
0.00015789473684210527
number of trials is
19000
number of Z or Y failures is
3
number of X failures is
0
average trial time
249.09736385151595
mu is
0.00015625
number of trials is
19200
number of Z or Y failures is
3
number of X failures is
0
average trial time
251.6579558226411
mu is
0.00015463917525773195
number of trials is
19400
number of Z or Y failures is
3
number of X failures is
0
average trial time
254.21876954391612
mu is
0.0001530612244897959
number of trials is
19600
number of Z or Y failures is
3
number of X failures is
0
average trial time
256.75318522508115
mu is
0.00015151515151515152
number of trials is
19800
number of Z or Y failures is
3
number of X failures is
0
average trial time
259.3325307634312
mu is
0.00015
number of trials is
20000
number of Z or Y failures is
3
number of X failures is
0
average trial time
261.91699613805116
mu is
0.0001485148514851485
number of trials is
20200
number of Z or Y failures is
3
number of X failures is
0
average trial time
264.5183336028109
mu is
0.00014705882352941175
number of trials is
20400
number of Z or Y failures is
3
number of X failures is
0
average trial time
267.070933499626
mu is
0.00014563106796116506
number of trials is
20600
number of Z or Y failures is
3
number of X failures is
0
average trial time
269.6369925223859
mu is
0.00014423076923076924
number of trials is
20800
number of Z or Y failures is
3
number of X failures is
0
average trial time
272.1839112515858
mu is
0.00014285714285714287
number of trials is
21000
number of Z or Y failures is
3
number of X failures is
0
average trial time
274.7263383166608
mu is
0.00014150943396226416
number of trials is
21200
number of Z or Y failures is
3
number of X failures is
0
average trial time
277.2527245357158
mu is
0.00014018691588785047
number of trials is
21400
number of Z or Y failures is
3
number of X failures is
0
average trial time
279.79120737716096
mu is
0.0001388888888888889
number of trials is
21600
number of Z or Y failures is
3
number of X failures is
0
average trial time
282.3465748517858
mu is
0.00013761467889908258
number of trials is
21800
number of Z or Y failures is
3
number of X failures is
0
average trial time
284.90426802925595
mu is
0.00013636363636363637
number of trials is
22000
number of Z or Y failures is
3
number of X failures is
0
average trial time
287.4964915008557
mu is
0.00013513513513513514
number of trials is
22200
number of Z or Y failures is
3
number of X failures is
0
average trial time
290.0464502588205
mu is
0.00013392857142857144
number of trials is
22400
number of Z or Y failures is
3
number of X failures is
0
average trial time
292.5907973891154
mu is
0.00013274336283185842
number of trials is
22600
number of Z or Y failures is
3
number of X failures is
0
average trial time
295.1530606267454
mu is
0.00017543859649122806
number of trials is
22800
number of Z or Y failures is
4
number of X failures is
0
average trial time
297.7055089154052
mu is
0.00017391304347826088
number of trials is
23000
number of Z or Y failures is
4
number of X failures is
0
average trial time
300.23863522984516
mu is
0.00017241379310344826
number of trials is
23200
number of Z or Y failures is
4
number of X failures is
0
average trial time
302.79629962695986
mu is
0.00017094017094017094
number of trials is
23400
number of Z or Y failures is
4
number of X failures is
0
average trial time
305.32965825597
mu is
0.00016949152542372882
number of trials is
23600
number of Z or Y failures is
4
number of X failures is
0
average trial time
307.87490277242983
mu is
0.0001680672268907563
number of trials is
23800
number of Z or Y failures is
4
number of X failures is
0
average trial time
310.4500097326946
mu is
0.00016666666666666666
number of trials is
24000
number of Z or Y failures is
4
number of X failures is
0
average trial time
312.98926472534436
mu is
0.00016528925619834712
number of trials is
24200
number of Z or Y failures is
4
number of X failures is
0
average trial time
315.54640967810445
mu is
0.0001639344262295082
number of trials is
24400
number of Z or Y failures is
4
number of X failures is
0
average trial time
318.0787219440844
mu is
0.00016260162601626016
number of trials is
24600
number of Z or Y failures is
4
number of X failures is
0
average trial time
320.6299676636894
mu is
0.00016129032258064516
number of trials is
24800
number of Z or Y failures is
4
number of X failures is
0
average trial time
323.1715171218694
mu is
0.00016
number of trials is
25000
number of Z or Y failures is
4
number of X failures is
0
average trial time
325.6997383917041
mu is
0.00015873015873015873
number of trials is
25200
number of Z or Y failures is
4
number of X failures is
0
average trial time
328.23508367241936
mu is
0.00015748031496062991
number of trials is
25400
number of Z or Y failures is
4
number of X failures is
0
average trial time
330.76076086974484
mu is
0.00015625
number of trials is
25600
number of Z or Y failures is
4
number of X failures is
0
average trial time
333.29270120851965
mu is
0.0001550387596899225
number of trials is
25800
number of Z or Y failures is
4
number of X failures is
0
average trial time
335.81107432731005
mu is
0.00015384615384615385
number of trials is
26000
number of Z or Y failures is
4
number of X failures is
0
average trial time
338.33911503551
mu is
0.00015267175572519084
number of trials is
26200
number of Z or Y failures is
4
number of X failures is
0
average trial time
340.88091673154986
mu is
0.00015151515151515152
number of trials is
26400
number of Z or Y failures is
4
number of X failures is
0
average trial time
343.3832032513594
mu is
0.00015037593984962405
number of trials is
26600
number of Z or Y failures is
4
number of X failures is
0
average trial time
345.9291968380946
mu is
0.00014925373134328358
number of trials is
26800
number of Z or Y failures is
4
number of X failures is
0
average trial time
348.4500361914994
mu is
0.00014814814814814815
number of trials is
27000
number of Z or Y failures is
4
number of X failures is
0
average trial time
350.97756063516493
mu is
0.00014705882352941175
number of trials is
27200
number of Z or Y failures is
4
number of X failures is
0
average trial time
353.4918413267997
mu is
0.00014598540145985403
number of trials is
27400
number of Z or Y failures is
4
number of X failures is
0
average trial time
356.0150880902697
mu is
0.00014492753623188405
number of trials is
27600
number of Z or Y failures is
4
number of X failures is
0
average trial time
358.55076522306956
mu is
0.00014388489208633093
number of trials is
27800
number of Z or Y failures is
4
number of X failures is
0
average trial time
361.0903152478244
mu is
0.00014285714285714287
number of trials is
28000
number of Z or Y failures is
4
number of X failures is
0
average trial time
363.62045652312446
mu is
0.00014184397163120567
number of trials is
28200
number of Z or Y failures is
4
number of X failures is
0
average trial time
366.1757925900853
mu is
0.00014084507042253522
number of trials is
28400
number of Z or Y failures is
4
number of X failures is
0
average trial time
368.7418341086553
mu is
0.00013986013986013986
number of trials is
28600
number of Z or Y failures is
4
number of X failures is
0
average trial time
371.3226290367753
mu is
0.00017361111111111112
number of trials is
28800
number of Z or Y failures is
5
number of X failures is
0
average trial time
373.8738685985308
stderr is
7.76358570908649e-5
target is
1.736111111111111e-5
mu is
0.00017241379310344826
number of trials is
29000
number of Z or Y failures is
5
number of X failures is
0
average trial time
376.4190003445708
stderr is
7.710047431996331e-5
target is
1.7241379310344828e-5
mu is
0.00017123287671232877
number of trials is
29200
number of Z or Y failures is
5
number of X failures is
0
average trial time
378.9587176096604
stderr is
7.657242505711902e-5
target is
1.712328767123288e-5
mu is
0.00017006802721088434
number of trials is
29400
number of Z or Y failures is
5
number of X failures is
0
average trial time
381.5223867716202
stderr is
7.605155964908836e-5
target is
1.7006802721088435e-5
mu is
0.0002027027027027027
number of trials is
29600
number of Z or Y failures is
6
number of X failures is
0
average trial time
384.0384736897147
stderr is
8.274604204311199e-5
target is
2.027027027027027e-5
mu is
0.00020134228187919463
number of trials is
29800
number of Z or Y failures is
6
number of X failures is
0
average trial time
386.5854291354748
stderr is
8.219074607920175e-5
target is
2.0134228187919465e-5
mu is
0.0002
number of trials is
30000
number of Z or Y failures is
6
number of X failures is
0
average trial time
389.11893428620004
stderr is
8.164285344423777e-5
target is
2.0e-5
mu is
0.00019867549668874172
number of trials is
30200
number of Z or Y failures is
6
number of X failures is
0
average trial time
391.6646695637599
stderr is
8.110221706439717e-5
target is
1.9867549668874173e-5
mu is
0.00019736842105263157
number of trials is
30400
number of Z or Y failures is
6
number of X failures is
0
average trial time
394.18991819969017
stderr is
8.056869373590242e-5
target is
1.9736842105263158e-5
mu is
0.000196078431372549
number of trials is
30600
number of Z or Y failures is
6
number of X failures is
0
average trial time
396.7409531679607
stderr is
8.004214399855942e-5
target is
1.9607843137254903e-5
mu is
0.00022727272727272727
number of trials is
30800
number of Z or Y failures is
7
number of X failures is
0
average trial time
399.2789170537456
stderr is
8.589264893165736e-5
target is
2.272727272727273e-5
mu is
0.00022580645161290321
number of trials is
31000
number of Z or Y failures is
7
number of X failures is
0
average trial time
401.83219008439556
stderr is
8.533855645046595e-5
target is
2.258064516129032e-5
mu is
0.00022435897435897436
number of trials is
31200
number of Z or Y failures is
7
number of X failures is
0
average trial time
404.3484656530499
stderr is
8.479156703568252e-5
target is
2.2435897435897437e-5
mu is
0.00022292993630573248
number of trials is
31400
number of Z or Y failures is
7
number of X failures is
0
average trial time
406.90224920530017
stderr is
8.425154497289905e-5
target is
2.229299363057325e-5
mu is
0.00022151898734177215
number of trials is
31600
number of Z or Y failures is
7
number of X failures is
0
average trial time
409.4771008221154
stderr is
8.371835798318879e-5
target is
2.2151898734177217e-5
mu is
0.000220125786163522
number of trials is
31800
number of Z or Y failures is
7
number of X failures is
0
average trial time
412.00888370226073
stderr is
8.319187711508257e-5
target is
2.20125786163522e-5
mu is
0.00021875
number of trials is
32000
number of Z or Y failures is
7
number of X failures is
0
average trial time
414.5764364031308
stderr is
8.267197664059554e-5
target is
2.1875000000000003e-5
mu is
0.0002173913043478261
number of trials is
32200
number of Z or Y failures is
7
number of X failures is
0
average trial time
417.1366776521461
stderr is
8.215853395512821e-5
target is
2.173913043478261e-5
mu is
0.0002160493827160494
number of trials is
32400
number of Z or Y failures is
7
number of X failures is
0
average trial time
419.677497045531
stderr is
8.165142948107456e-5
target is
2.160493827160494e-5
mu is
0.0002147239263803681
number of trials is
32600
number of Z or Y failures is
7
number of X failures is
0
average trial time
422.2246423621507
stderr is
8.115054657497822e-5
target is
2.1472392638036813e-5
mu is
0.00021341463414634146
number of trials is
32800
number of Z or Y failures is
7
number of X failures is
0
average trial time
424.78642945221065
stderr is
8.065577143808468e-5
target is
2.134146341463415e-5
mu is
0.00021212121212121213
number of trials is
33000
number of Z or Y failures is
7
number of X failures is
0
average trial time
427.3188729561451
stderr is
8.016699303014621e-5
target is
2.1212121212121215e-5
mu is
0.0002108433734939759
number of trials is
33200
number of Z or Y failures is
7
number of X failures is
0
average trial time
429.86680747293013
stderr is
7.968410298634164e-5
target is
2.1084337349397593e-5
mu is
0.0002095808383233533
number of trials is
33400
number of Z or Y failures is
7
number of X failures is
0
average trial time
432.40919877169506
stderr is
7.920699553718116e-5
target is
2.0958083832335332e-5
mu is
0.00020833333333333335
number of trials is
33600
number of Z or Y failures is
7
number of X failures is
0
average trial time
434.9301598898496
stderr is
7.873556743127108e-5
target is
2.0833333333333336e-5
mu is
0.00020710059171597634
number of trials is
33800
number of Z or Y failures is
7
number of X failures is
0
average trial time
437.4442487746091
stderr is
7.826971786082062e-5
target is
2.0710059171597635e-5
mu is
0.00020588235294117648
number of trials is
34000
number of Z or Y failures is
7
number of X failures is
0
average trial time
439.9770696478895
stderr is
7.78093483897776e-5
target is
2.058823529411765e-5
mu is
0.00020467836257309941
number of trials is
34200
number of Z or Y failures is
7
number of X failures is
0
average trial time
442.5073070918395
stderr is
7.735436288448539e-5
target is
2.0467836257309943e-5
mu is
0.00020348837209302326
number of trials is
34400
number of Z or Y failures is
7
number of X failures is
0
average trial time
445.0455725590145
stderr is
7.69046674467587e-5
target is
2.0348837209302328e-5
mu is
0.0002023121387283237
number of trials is
34600
number of Z or Y failures is
7
number of X failures is
0
average trial time
447.573914118425
stderr is
7.646017034928018e-5
target is
2.023121387283237e-5
mu is
0.00020114942528735632
number of trials is
34800
number of Z or Y failures is
7
number of X failures is
0
average trial time
450.09956129521487
stderr is
7.602078197322452e-5
target is
2.0114942528735632e-5
mu is
0.0002
number of trials is
35000
number of Z or Y failures is
7
number of X failures is
0
average trial time
452.5975283514948
stderr is
7.558641474802097e-5
target is
2.0e-5
mu is
0.00019886363636363637
number of trials is
35200
number of Z or Y failures is
7
number of X failures is
0
average trial time
455.1536746516302
stderr is
7.515698309316931e-5
target is
1.9886363636363638e-5
mu is
0.00019774011299435027
number of trials is
35400
number of Z or Y failures is
7
number of X failures is
0
average trial time
457.6647541098702
stderr is
7.473240336202794e-5
target is
1.9774011299435028e-5
mu is
0.00019662921348314607
number of trials is
35600
number of Z or Y failures is
7
number of X failures is
0
average trial time
460.20257669190033
stderr is
7.43125937874965e-5
target is
1.9662921348314607e-5
mu is
0.00019553072625698323
number of trials is
35800
number of Z or Y failures is
7
number of X failures is
0
average trial time
462.77767213405536
stderr is
7.38974744295192e-5
target is
1.9553072625698323e-5
mu is
0.00019444444444444443
number of trials is
36000
number of Z or Y failures is
7
number of X failures is
0
average trial time
465.3183592512003
stderr is
7.348696712433782e-5
target is
1.9444444444444445e-5
mu is
0.00019337016574585636
number of trials is
36200
number of Z or Y failures is
7
number of X failures is
0
average trial time
467.85743774499497
stderr is
7.308099543542673e-5
target is
1.933701657458564e-5
mu is
0.0001923076923076923
number of trials is
36400
number of Z or Y failures is
7
number of X failures is
0
average trial time
470.4094381728947
stderr is
7.26794846060454e-5
target is
1.923076923076923e-5
mu is
0.0001912568306010929
number of trials is
36600
number of Z or Y failures is
7
number of X failures is
0
average trial time
472.97403005051456
stderr is
7.22823615133464e-5
target is
1.9125683060109292e-5
mu is
0.00019021739130434782
number of trials is
36800
number of Z or Y failures is
7
number of X failures is
0
average trial time
475.50801620694955
stderr is
7.188955462397972e-5
target is
1.9021739130434784e-5
mu is
0.0001891891891891892
number of trials is
37000
number of Z or Y failures is
7
number of X failures is
0
average trial time
478.0350059564992
stderr is
7.150099395113691e-5
target is
1.891891891891892e-5
mu is
0.0001881720430107527
number of trials is
37200
number of Z or Y failures is
7
number of X failures is
0
average trial time
480.55740321834884
stderr is
7.11166110129807e-5
target is
1.881720430107527e-5
mu is
0.0001871657754010695
number of trials is
37400
number of Z or Y failures is
7
number of X failures is
0
average trial time
483.074200165339
stderr is
7.073633879240837e-5
target is
1.8716577540106954e-5
mu is
0.00018617021276595746
number of trials is
37600
number of Z or Y failures is
7
number of X failures is
0
average trial time
485.63920980857887
stderr is
7.03601116980992e-5
target is
1.8617021276595748e-5
mu is
0.00018518518518518518
number of trials is
37800
number of Z or Y failures is
7
number of X failures is
0
average trial time
488.18190377963424
stderr is
6.998786552679828e-5
target is
1.8518518518518518e-5
mu is
0.00018421052631578948
number of trials is
38000
number of Z or Y failures is
7
number of X failures is
0
average trial time
490.703324283624
stderr is
6.961953742679138e-5
target is
1.842105263157895e-5
mu is
0.0001832460732984293
number of trials is
38200
number of Z or Y failures is
7
number of X failures is
0
average trial time
493.26273243460395
stderr is
6.925506586252716e-5
target is
1.8324607329842934e-5
mu is
0.00018229166666666667
number of trials is
38400
number of Z or Y failures is
7
number of X failures is
0
average trial time
495.7756110291841
stderr is
6.889439058034466e-5
target is
1.8229166666666668e-5
mu is
0.00018134715025906737
number of trials is
38600
number of Z or Y failures is
7
number of X failures is
0
average trial time
498.3158662740941
stderr is
6.853745257526636e-5
target is
1.813471502590674e-5
mu is
0.00018041237113402062
number of trials is
38800
number of Z or Y failures is
7
number of X failures is
0
average trial time
500.8068090358639
stderr is
6.81841940588181e-5
target is
1.8041237113402062e-5
mu is
0.0001794871794871795
number of trials is
39000
number of Z or Y failures is
7
number of X failures is
0
average trial time
503.3416644453039
stderr is
6.783455842783903e-5
target is
1.794871794871795e-5
mu is
0.00017857142857142857
number of trials is
39200
number of Z or Y failures is
7
number of X failures is
0
average trial time
505.90309410403415
stderr is
6.748849023424643e-5
target is
1.785714285714286e-5
mu is
0.00017766497461928934
number of trials is
39400
number of Z or Y failures is
7
number of X failures is
0
average trial time
508.4391367343038
stderr is
6.714593515572119e-5
target is
1.7766497461928935e-5
mu is
0.00017676767676767677
number of trials is
39600
number of Z or Y failures is
7
number of X failures is
0
average trial time
510.9782662124993
stderr is
6.680683996728159e-5
target is
1.7676767676767676e-5
mu is
0.00020100502512562814
number of trials is
39800
number of Z or Y failures is
8
number of X failures is
0
average trial time
513.4942362417496
stderr is
7.105975820426569e-5
target is
2.0100502512562815e-5
mu is
0.0002
number of trials is
40000
number of Z or Y failures is
8
number of X failures is
0
average trial time
516.037420094294
stderr is
7.070449050890936e-5
target is
2.0e-5
mu is
0.0001990049751243781
number of trials is
40200
number of Z or Y failures is
8
number of X failures is
0
average trial time
518.5454654641787
stderr is
7.035275750760556e-5
target is
1.990049751243781e-5
mu is
0.00019801980198019803
number of trials is
40400
number of Z or Y failures is
8
number of X failures is
0
average trial time
521.0433972698788
stderr is
7.000450670944838e-5
target is
1.9801980198019806e-5
mu is
0.00019704433497536947
number of trials is
40600
number of Z or Y failures is
8
number of X failures is
0
average trial time
523.439472347279
stderr is
6.965968665774624e-5
target is
1.970443349753695e-5
mu is
0.000196078431372549
number of trials is
40800
number of Z or Y failures is
8
number of X failures is
0
average trial time
525.8203259048635
stderr is
6.93182469046757e-5
target is
1.9607843137254903e-5
mu is
0.0001951219512195122
number of trials is
41000
number of Z or Y failures is
8
number of X failures is
0
average trial time
528.1578155535831
stderr is
6.898013798667702e-5
target is
1.9512195121951222e-5
mu is
0.0001941747572815534
number of trials is
41200
number of Z or Y failures is
8
number of X failures is
0
average trial time
530.5243415566085
stderr is
6.864531140056625e-5
target is
1.9417475728155343e-5
mu is
0.0001932367149758454
number of trials is
41400
number of Z or Y failures is
8
number of X failures is
0
average trial time
532.8941227460633
stderr is
6.831371958033977e-5
target is
1.932367149758454e-5
mu is
0.0001923076923076923
number of trials is
41600
number of Z or Y failures is
8
number of X failures is
0
average trial time
535.2718416079935
stderr is
6.798531587464772e-5
target is
1.923076923076923e-5
mu is
0.00019138755980861245
number of trials is
41800
number of Z or Y failures is
8
number of X failures is
0
average trial time
537.6089745465636
stderr is
6.766005452491435e-5
target is
1.9138755980861247e-5
mu is
0.00019047619047619048
number of trials is
42000
number of Z or Y failures is
8
number of X failures is
0
average trial time
539.9623098365334
stderr is
6.733789064408306e-5
target is
1.904761904761905e-5
mu is
0.0001895734597156398
number of trials is
42200
number of Z or Y failures is
8
number of X failures is
0
average trial time
542.3390855323283
stderr is
6.701878019596612e-5
target is
1.895734597156398e-5
mu is
0.00018867924528301886
number of trials is
42400
number of Z or Y failures is
8
number of X failures is
0
average trial time
544.6772837117986
stderr is
6.670267997517857e-5
target is
1.8867924528301888e-5
mu is
0.00018779342723004695
number of trials is
42600
number of Z or Y failures is
8
number of X failures is
0
average trial time
547.051073828693
stderr is
6.63895475876376e-5
target is
1.8779342723004698e-5
mu is
0.00018691588785046728
number of trials is
42800
number of Z or Y failures is
8
number of X failures is
0
average trial time
549.4027249423676
stderr is
6.607934143160824e-5
target is
1.869158878504673e-5
mu is
0.00018604651162790697
number of trials is
43000
number of Z or Y failures is
8
number of X failures is
0
average trial time
551.7779182640276
stderr is
6.577202067927823e-5
target is
1.8604651162790697e-5
mu is
0.00018518518518518518
number of trials is
43200
number of Z or Y failures is
8
number of X failures is
0
average trial time
554.134054564713
stderr is
6.546754525884466e-5
target is
1.8518518518518518e-5
mu is
0.00018433179723502304
number of trials is
43400
number of Z or Y failures is
8
number of X failures is
0
average trial time
556.511271923398
stderr is
6.516587583709574e-5
target is
1.8433179723502307e-5
mu is
0.0001834862385321101
number of trials is
43600
number of Z or Y failures is
8
number of X failures is
0
average trial time
558.8845040307083
stderr is
6.486697380247201e-5
target is
1.834862385321101e-5
mu is
0.00018264840182648402
number of trials is
43800
number of Z or Y failures is
8
number of X failures is
0
average trial time
561.2425352935533
stderr is
6.457080124859159e-5
target is
1.8264840182648402e-5
mu is
0.0001818181818181818
number of trials is
44000
number of Z or Y failures is
8
number of X failures is
0
average trial time
563.5978066497382
stderr is
6.427732095822469e-5
target is
1.8181818181818182e-5
mu is
0.00018099547511312217
number of trials is
44200
number of Z or Y failures is
8
number of X failures is
0
average trial time
565.9312661975284
stderr is
6.398649638770314e-5
target is
1.8099547511312218e-5
mu is
0.00018018018018018018
number of trials is
44400
number of Z or Y failures is
8
number of X failures is
0
average trial time
568.3116049612883
stderr is
6.369829165175132e-5
target is
1.801801801801802e-5
mu is
0.00017937219730941703
number of trials is
44600
number of Z or Y failures is
8
number of X failures is
0
average trial time
570.6854041433932
stderr is
6.341267150872514e-5
target is
1.7937219730941705e-5
mu is
0.00017857142857142857
number of trials is
44800
number of Z or Y failures is
8
number of X failures is
0
average trial time
573.0595628934333
stderr is
6.312960134624642e-5
target is
1.785714285714286e-5
mu is
0.00017777777777777779
number of trials is
45000
number of Z or Y failures is
8
number of X failures is
0
average trial time
575.4131016481085
stderr is
6.284904716722017e-5
target is
1.777777777777778e-5
mu is
0.00017699115044247788
number of trials is
45200
number of Z or Y failures is
8
number of X failures is
0
average trial time
577.7864201963686
stderr is
6.257097557622338e-5
target is
1.7699115044247787e-5
mu is
0.0001762114537444934
number of trials is
45400
number of Z or Y failures is
8
number of X failures is
0
average trial time
580.1445942099192
stderr is
6.229535376625316e-5
target is
1.7621145374449342e-5
mu is
0.00017543859649122806
number of trials is
45600
number of Z or Y failures is
8
number of X failures is
0
average trial time
582.5096186780795
stderr is
6.202214950582394e-5
target is
1.7543859649122806e-5
mu is
0.00017467248908296942
number of trials is
45800
number of Z or Y failures is
8
number of X failures is
0
average trial time
584.8759670240494
stderr is
6.175133112640242e-5
target is
1.7467248908296942e-5
mu is
0.00017391304347826088
number of trials is
46000
number of Z or Y failures is
8
number of X failures is
0
average trial time
587.2227150318542
stderr is
6.14828675101705e-5
target is
1.739130434782609e-5
8
0
46000
0.00017391304347826088
