mu is
0.0
number of trials is
200
number of Z or Y failures is
0
number of X failures is
0
average trial time
1.5080886909749995
mu is
0.0025
number of trials is
400
number of Z or Y failures is
1
number of X failures is
0
average trial time
2.866924818065
mu is
0.0033333333333333335
number of trials is
600
number of Z or Y failures is
2
number of X failures is
0
average trial time
4.180803740279999
mu is
0.0025
number of trials is
800
number of Z or Y failures is
2
number of X failures is
0
average trial time
5.524208704195003
mu is
0.002
number of trials is
1000
number of Z or Y failures is
2
number of X failures is
0
average trial time
6.8793091675800015
mu is
0.0016666666666666668
number of trials is
1200
number of Z or Y failures is
2
number of X failures is
0
average trial time
8.232370595325001
mu is
0.0014285714285714286
number of trials is
1400
number of Z or Y failures is
2
number of X failures is
0
average trial time
9.611328092695006
mu is
0.00125
number of trials is
1600
number of Z or Y failures is
2
number of X failures is
0
average trial time
10.97217649961001
mu is
0.0016666666666666668
number of trials is
1800
number of Z or Y failures is
3
number of X failures is
0
average trial time
12.338957371825007
mu is
0.0015
number of trials is
2000
number of Z or Y failures is
3
number of X failures is
0
average trial time
13.73739015477501
mu is
0.0013636363636363637
number of trials is
2200
number of Z or Y failures is
3
number of X failures is
0
average trial time
15.184512035679997
mu is
0.0016666666666666668
number of trials is
2400
number of Z or Y failures is
4
number of X failures is
0
average trial time
16.599866642339993
mu is
0.0015384615384615385
number of trials is
2600
number of Z or Y failures is
4
number of X failures is
0
average trial time
18.038055003004985
mu is
0.0014285714285714286
number of trials is
2800
number of Z or Y failures is
4
number of X failures is
0
average trial time
19.507467566799992
mu is
0.0013333333333333333
number of trials is
3000
number of Z or Y failures is
4
number of X failures is
0
average trial time
21.019105262939984
mu is
0.00125
number of trials is
3200
number of Z or Y failures is
4
number of X failures is
0
average trial time
22.51721473228997
mu is
0.001176470588235294
number of trials is
3400
number of Z or Y failures is
4
number of X failures is
0
average trial time
24.04127453844993
mu is
0.0011111111111111111
number of trials is
3600
number of Z or Y failures is
4
number of X failures is
0
average trial time
25.598381962564954
mu is
0.0010526315789473684
number of trials is
3800
number of Z or Y failures is
4
number of X failures is
0
average trial time
27.13672258942997
mu is
0.001
number of trials is
4000
number of Z or Y failures is
4
number of X failures is
0
average trial time
28.690711304919986
mu is
0.0009523809523809524
number of trials is
4200
number of Z or Y failures is
4
number of X failures is
0
average trial time
30.249511933550014
mu is
0.0009090909090909091
number of trials is
4400
number of Z or Y failures is
4
number of X failures is
0
average trial time
31.851851801280013
mu is
0.0008695652173913044
number of trials is
4600
number of Z or Y failures is
4
number of X failures is
0
average trial time
33.45304970476503
mu is
0.00125
number of trials is
4800
number of Z or Y failures is
6
number of X failures is
0
average trial time
35.07797097506499
stderr is
0.0005100444517684177
target is
0.000125
mu is
0.0012
number of trials is
5000
number of Z or Y failures is
6
number of X failures is
0
average trial time
36.7063622529
stderr is
0.0004896528892903605
target is
0.00011999999999999999
mu is
0.001153846153846154
number of trials is
5200
number of Z or Y failures is
6
number of X failures is
0
average trial time
38.314843988314976
stderr is
0.00047082915262299354
target is
0.0001153846153846154
mu is
0.0011111111111111111
number of trials is
5400
number of Z or Y failures is
6
number of X failures is
0
average trial time
39.93309929578499
stderr is
0.0004533991198123518
target is
0.00011111111111111112
mu is
0.0010714285714285715
number of trials is
5600
number of Z or Y failures is
6
number of X failures is
0
average trial time
41.547678864869994
stderr is
0.00043721353231853836
target is
0.00010714285714285715
mu is
0.0010344827586206897
number of trials is
5800
number of Z or Y failures is
6
number of X failures is
0
average trial time
43.182428754144986
stderr is
0.00042214371007717017
target is
0.00010344827586206898
mu is
0.001
number of trials is
6000
number of Z or Y failures is
6
number of X failures is
0
average trial time
44.81425749676502
stderr is
0.00040807812318938505
target is
0.0001
mu is
0.000967741935483871
number of trials is
6200
number of Z or Y failures is
6
number of X failures is
0
average trial time
46.42499600932996
stderr is
0.0003949196268866651
target is
9.677419354838711e-5
mu is
0.0009375
number of trials is
6400
number of Z or Y failures is
6
number of X failures is
0
average trial time
48.041561355649925
stderr is
0.00038258321473614524
target is
9.375e-5
mu is
0.0009090909090909091
number of trials is
6600
number of Z or Y failures is
6
number of X failures is
0
average trial time
49.64792642812993
stderr is
0.0003709941801985044
target is
9.090909090909092e-5
mu is
0.0008823529411764706
number of trials is
6800
number of Z or Y failures is
6
number of X failures is
0
average trial time
51.290934526804925
stderr is
0.0003600866024969397
target is
8.823529411764706e-5
mu is
0.0008571428571428571
number of trials is
7000
number of Z or Y failures is
6
number of X failures is
0
average trial time
52.90420240340493
stderr is
0.0003498020919583048
target is
8.571428571428571e-5
mu is
0.0008333333333333334
number of trials is
7200
number of Z or Y failures is
6
number of X failures is
0
average trial time
54.539870953629936
stderr is
0.0003400887443911087
target is
8.333333333333334e-5
mu is
0.0008108108108108108
number of trials is
7400
number of Z or Y failures is
6
number of X failures is
0
average trial time
56.16736366436996
stderr is
0.00033090026496629144
target is
8.108108108108108e-5
mu is
0.0007894736842105263
number of trials is
7600
number of Z or Y failures is
6
number of X failures is
0
average trial time
57.75563984982997
stderr is
0.0003221952303869073
target is
7.894736842105263e-5
mu is
0.0007692307692307692
number of trials is
7800
number of Z or Y failures is
6
number of X failures is
0
average trial time
59.36950950474495
stderr is
0.0003139364645336251
target is
7.692307692307693e-5
mu is
0.00075
number of trials is
8000
number of Z or Y failures is
6
number of X failures is
0
average trial time
60.97705036040993
stderr is
0.00030609050773401257
target is
7.500000000000001e-5
mu is
0.0007317073170731707
number of trials is
8200
number of Z or Y failures is
6
number of X failures is
0
average trial time
62.613194991259924
stderr is
0.0002986271636759557
target is
7.317073170731707e-5
mu is
0.0007142857142857143
number of trials is
8400
number of Z or Y failures is
6
number of X failures is
0
average trial time
64.20879561858487
stderr is
0.0002915191110283902
target is
7.142857142857143e-5
mu is
0.0006976744186046512
number of trials is
8600
number of Z or Y failures is
6
number of X failures is
0
average trial time
65.84231242373983
stderr is
0.00028474156923867527
target is
6.976744186046513e-5
mu is
0.0006818181818181819
number of trials is
8800
number of Z or Y failures is
6
number of X failures is
0
average trial time
67.45962517199982
stderr is
0.00027827200989005593
target is
6.818181818181818e-5
mu is
0.0006666666666666666
number of trials is
9000
number of Z or Y failures is
6
number of X failures is
0
average trial time
69.07155712558975
stderr is
0.00027208990653406785
target is
6.666666666666667e-5
mu is
0.0006521739130434783
number of trials is
9200
number of Z or Y failures is
6
number of X failures is
0
average trial time
70.6782408562498
stderr is
0.00026617651714459827
target is
6.521739130434783e-5
mu is
0.0006382978723404255
number of trials is
9400
number of Z or Y failures is
6
number of X failures is
0
average trial time
72.24972435385976
stderr is
0.0002605146943363571
target is
6.382978723404255e-5
mu is
0.000625
number of trials is
9600
number of Z or Y failures is
6
number of X failures is
0
average trial time
73.8550248494598
stderr is
0.0002550887192998403
target is
6.25e-5
mu is
0.0006122448979591836
number of trials is
9800
number of Z or Y failures is
6
number of X failures is
0
average trial time
75.44276994447478
stderr is
0.00024988415606558187
target is
6.122448979591836e-5
mu is
0.0006
number of trials is
10000
number of Z or Y failures is
6
number of X failures is
0
average trial time
77.03934527674981
stderr is
0.00024488772325231
target is
5.9999999999999995e-5
mu is
0.000588235294117647
number of trials is
10200
number of Z or Y failures is
6
number of X failures is
0
average trial time
78.60457360672473
stderr is
0.00024008718089984455
target is
5.88235294117647e-5
mu is
0.000576923076923077
number of trials is
10400
number of Z or Y failures is
6
number of X failures is
0
average trial time
80.14591655974975
stderr is
0.00023547123035658898
target is
5.76923076923077e-5
mu is
0.0005660377358490566
number of trials is
10600
number of Z or Y failures is
6
number of X failures is
0
average trial time
81.73809370532976
stderr is
0.00023102942549783187
target is
5.660377358490567e-5
mu is
0.0005555555555555556
number of trials is
10800
number of Z or Y failures is
6
number of X failures is
0
average trial time
83.27506047302964
stderr is
0.00022675209380639165
target is
5.555555555555556e-5
mu is
0.0006363636363636364
number of trials is
11000
number of Z or Y failures is
7
number of X failures is
0
average trial time
84.81247465834464
stderr is
0.00024045723440742285
target is
6.363636363636364e-5
mu is
0.000625
number of trials is
11200
number of Z or Y failures is
7
number of X failures is
0
average trial time
86.40268541992963
stderr is
0.00023616450620012524
target is
6.25e-5
mu is
0.0006140350877192983
number of trials is
11400
number of Z or Y failures is
7
number of X failures is
0
average trial time
87.95765966918947
stderr is
0.00023202236034978416
target is
6.140350877192983e-5
mu is
0.000603448275862069
number of trials is
11600
number of Z or Y failures is
7
number of X failures is
0
average trial time
89.47184702787946
stderr is
0.0002280230101315355
target is
6.0344827586206904e-5
mu is
0.0005932203389830508
number of trials is
11800
number of Z or Y failures is
7
number of X failures is
0
average trial time
91.08506200909449
stderr is
0.00022415919659955953
target is
5.932203389830509e-5
mu is
0.0005833333333333334
number of trials is
12000
number of Z or Y failures is
7
number of X failures is
0
average trial time
92.67167621870452
stderr is
0.0002204241446165183
target is
5.833333333333334e-5
mu is
0.0005737704918032787
number of trials is
12200
number of Z or Y failures is
7
number of X failures is
0
average trial time
94.22433152400454
stderr is
0.00021681152320689938
target is
5.737704918032787e-5
mu is
0.0005645161290322581
number of trials is
12400
number of Z or Y failures is
7
number of X failures is
0
average trial time
95.76313151458467
stderr is
0.00021331540974620184
target is
5.645161290322582e-5
mu is
0.0005555555555555556
number of trials is
12600
number of Z or Y failures is
7
number of X failures is
0
average trial time
97.37440360658962
stderr is
0.00020993025755986126
target is
5.555555555555556e-5
mu is
0.000546875
number of trials is
12800
number of Z or Y failures is
7
number of X failures is
0
average trial time
98.9351251073395
stderr is
0.00020665086655906212
target is
5.468750000000001e-5
mu is
0.0005384615384615384
number of trials is
13000
number of Z or Y failures is
7
number of X failures is
0
average trial time
100.4848816206795
stderr is
0.00020347235658646246
target is
5.384615384615385e-5
mu is
0.0005303030303030304
number of trials is
13200
number of Z or Y failures is
7
number of X failures is
0
average trial time
102.03330993310445
stderr is
0.0002003901431844828
target is
5.303030303030304e-5
mu is
0.0005223880597014925
number of trials is
13400
number of Z or Y failures is
7
number of X failures is
0
average trial time
103.58106850372945
stderr is
0.00019739991553311157
target is
5.223880597014925e-5
mu is
0.0005147058823529412
number of trials is
13600
number of Z or Y failures is
7
number of X failures is
0
average trial time
105.14358255575938
stderr is
0.00019449761633394424
target is
5.147058823529413e-5
mu is
0.0005072463768115942
number of trials is
13800
number of Z or Y failures is
7
number of X failures is
0
average trial time
106.70904248886929
stderr is
0.00019167942344305538
target is
5.072463768115943e-5
mu is
0.0005
number of trials is
14000
number of Z or Y failures is
7
number of X failures is
0
average trial time
108.21894955243437
stderr is
0.00018894173307785702
target is
5.0e-5
mu is
0.0005633802816901409
number of trials is
14200
number of Z or Y failures is
8
number of X failures is
0
average trial time
109.77775609783438
stderr is
0.00019913590437800914
target is
5.633802816901409e-5
mu is
0.0005555555555555556
number of trials is
14400
number of Z or Y failures is
8
number of X failures is
0
average trial time
111.31937787272447
stderr is
0.00019637080059014547
target is
5.555555555555556e-5
mu is
0.000547945205479452
number of trials is
14600
number of Z or Y failures is
8
number of X failures is
0
average trial time
112.80490160142965
stderr is
0.00019368143489037937
target is
5.479452054794521e-5
mu is
0.0005405405405405405
number of trials is
14800
number of Z or Y failures is
8
number of X failures is
0
average trial time
114.30998895641446
stderr is
0.00019106473754288472
target is
5.405405405405406e-5
mu is
0.0005333333333333334
number of trials is
15000
number of Z or Y failures is
8
number of X failures is
0
average trial time
115.86234966621454
stderr is
0.00018851780249280536
target is
5.333333333333334e-5
mu is
0.0005263157894736842
number of trials is
15200
number of Z or Y failures is
8
number of X failures is
0
average trial time
117.41147031813456
stderr is
0.00018603787660025553
target is
5.2631578947368424e-5
mu is
0.0005194805194805195
number of trials is
15400
number of Z or Y failures is
8
number of X failures is
0
average trial time
118.95087608706456
stderr is
0.0001836223497130381
target is
5.194805194805195e-5
mu is
0.000576923076923077
number of trials is
15600
number of Z or Y failures is
9
number of X failures is
0
average trial time
120.46625632025449
stderr is
0.0001922583731577352
target is
5.76923076923077e-5
mu is
0.000569620253164557
number of trials is
15800
number of Z or Y failures is
9
number of X failures is
0
average trial time
121.9846022639295
stderr is
0.00018982533937227157
target is
5.69620253164557e-5
mu is
0.0005625
number of trials is
16000
number of Z or Y failures is
9
number of X failures is
0
average trial time
123.46639500221958
stderr is
0.0001874531162085563
target is
5.625e-5
mu is
0.0006172839506172839
number of trials is
16200
number of Z or Y failures is
10
number of X failures is
0
average trial time
125.00271694244955
stderr is
0.00019514809095250504
target is
6.17283950617284e-5
mu is
0.0006097560975609756
number of trials is
16400
number of Z or Y failures is
10
number of X failures is
0
average trial time
126.52568474194959
stderr is
0.0001927688896357998
target is
6.097560975609756e-5
mu is
0.0006024096385542169
number of trials is
16600
number of Z or Y failures is
10
number of X failures is
0
average trial time
128.05394896032456
stderr is
0.00019044700291215828
target is
6.02409638554217e-5
mu is
0.0005952380952380953
number of trials is
16800
number of Z or Y failures is
10
number of X failures is
0
average trial time
129.5669017414346
stderr is
0.00018818038438100302
target is
5.952380952380953e-5
mu is
0.000588235294117647
number of trials is
17000
number of Z or Y failures is
10
number of X failures is
0
average trial time
131.06448715360474
stderr is
0.00018596708391741587
target is
5.88235294117647e-5
mu is
0.0005813953488372093
number of trials is
17200
number of Z or Y failures is
10
number of X failures is
0
average trial time
132.5723117388197
stderr is
0.00018380524207618393
target is
5.8139534883720933e-5
mu is
0.000632183908045977
number of trials is
17400
number of Z or Y failures is
11
number of X failures is
0
average trial time
134.08112559752973
stderr is
0.00019055583594772307
target is
6.32183908045977e-5
mu is
0.000625
number of trials is
17600
number of Z or Y failures is
11
number of X failures is
0
average trial time
135.67116440508968
stderr is
0.00018839104431667142
target is
6.25e-5
mu is
0.0006179775280898876
number of trials is
17800
number of Z or Y failures is
11
number of X failures is
0
average trial time
137.21242244352464
stderr is
0.00018627488600769814
target is
6.179775280898876e-5
mu is
0.0006111111111111111
number of trials is
18000
number of Z or Y failures is
11
number of X failures is
0
average trial time
138.7608757699296
stderr is
0.0001842057403611169
target is
6.111111111111111e-5
mu is
0.0006043956043956044
number of trials is
18200
number of Z or Y failures is
11
number of X failures is
0
average trial time
140.27856360902462
stderr is
0.00018218205793541745
target is
6.0439560439560444e-5
mu is
0.0006521739130434783
number of trials is
18400
number of Z or Y failures is
12
number of X failures is
0
average trial time
141.8015338016445
stderr is
0.0001882101053740538
target is
6.521739130434783e-5
mu is
0.0006451612903225806
number of trials is
18600
number of Z or Y failures is
12
number of X failures is
0
average trial time
143.3196790223945
stderr is
0.00018618693964691258
target is
6.451612903225807e-5
mu is
0.0006382978723404255
number of trials is
18800
number of Z or Y failures is
12
number of X failures is
0
average trial time
144.81455539192442
stderr is
0.00018420680739068279
target is
6.382978723404255e-5
mu is
0.0006315789473684211
number of trials is
19000
number of Z or Y failures is
12
number of X failures is
0
average trial time
146.31151122763927
stderr is
0.0001822683500476977
target is
6.31578947368421e-5
mu is
0.000625
number of trials is
19200
number of Z or Y failures is
12
number of X failures is
0
average trial time
147.82852964425928
stderr is
0.00018037026565060938
target is
6.25e-5
mu is
0.0006185567010309278
number of trials is
19400
number of Z or Y failures is
12
number of X failures is
0
average trial time
149.34978852194425
stderr is
0.000178511305906191
target is
6.185567010309278e-5
mu is
0.0006122448979591836
number of trials is
19600
number of Z or Y failures is
12
number of X failures is
0
average trial time
150.88151032215922
stderr is
0.00017669027345763183
target is
6.122448979591836e-5
mu is
0.0006060606060606061
number of trials is
19800
number of Z or Y failures is
12
number of X failures is
0
average trial time
152.40347581826927
stderr is
0.0001749060193127073
target is
6.060606060606061e-5
mu is
0.0006
number of trials is
20000
number of Z or Y failures is
12
number of X failures is
0
average trial time
153.91562903244412
stderr is
0.00017315744042621658
target is
5.9999999999999995e-5
mu is
0.000594059405940594
number of trials is
20200
number of Z or Y failures is
12
number of X failures is
0
average trial time
155.42225273399913
stderr is
0.0001714434774259983
target is
5.9405940594059404e-5
mu is
0.0006372549019607843
number of trials is
20400
number of Z or Y failures is
13
number of X failures is
0
average trial time
156.92304966370907
stderr is
0.0001766907162357927
target is
6.372549019607843e-5
mu is
0.0006310679611650485
number of trials is
20600
number of Z or Y failures is
13
number of X failures is
0
average trial time
158.419645771919
stderr is
0.0001749757723748425
target is
6.310679611650485e-5
mu is
0.000625
number of trials is
20800
number of Z or Y failures is
13
number of X failures is
0
average trial time
159.927606146424
stderr is
0.00017329379867903145
target is
6.25e-5
mu is
0.000619047619047619
number of trials is
21000
number of Z or Y failures is
13
number of X failures is
0
average trial time
161.4620543462091
stderr is
0.00017164385341322927
target is
6.19047619047619e-5
mu is
0.0006132075471698114
number of trials is
21200
number of Z or Y failures is
13
number of X failures is
0
average trial time
162.94573841452413
stderr is
0.00017002503036940155
target is
6.132075471698113e-5
mu is
0.0006542056074766356
number of trials is
21400
number of Z or Y failures is
14
number of X failures is
0
average trial time
164.43446537858432
stderr is
0.00017479068580742306
target is
6.542056074766356e-5
mu is
0.0006944444444444445
number of trials is
21600
number of Z or Y failures is
15
number of X failures is
0
average trial time
165.93821720815447
stderr is
0.0001792466644047212
target is
6.944444444444444e-5
mu is
0.0006880733944954129
number of trials is
21800
number of Z or Y failures is
15
number of X failures is
0
average trial time
167.43349328566944
stderr is
0.00017760272802323071
target is
6.880733944954129e-5
mu is
0.0006818181818181819
number of trials is
22000
number of Z or Y failures is
15
number of X failures is
0
average trial time
168.92063150432426
stderr is
0.00017598867187171595
target is
6.818181818181818e-5
mu is
0.0006756756756756757
number of trials is
22200
number of Z or Y failures is
15
number of X failures is
0
average trial time
170.41557255006398
stderr is
0.00017440368863148954
target is
6.756756756756757e-5
mu is
0.0006696428571428571
number of trials is
22400
number of Z or Y failures is
15
number of X failures is
0
average trial time
171.90989565483403
stderr is
0.0001728469998076433
target is
6.696428571428572e-5
mu is
0.000663716814159292
number of trials is
22600
number of Z or Y failures is
15
number of X failures is
0
average trial time
173.42329896165404
stderr is
0.000171317854454056
target is
6.637168141592921e-5
mu is
0.0006578947368421052
number of trials is
22800
number of Z or Y failures is
15
number of X failures is
0
average trial time
174.92162574539935
stderr is
0.0001698155279654851
target is
6.578947368421052e-5
mu is
0.0006521739130434783
number of trials is
23000
number of Z or Y failures is
15
number of X failures is
0
average trial time
176.42561758032443
stderr is
0.00016833932093266083
target is
6.521739130434783e-5
mu is
0.000646551724137931
number of trials is
23200
number of Z or Y failures is
15
number of X failures is
0
average trial time
177.9491034350197
stderr is
0.00016688855805658151
target is
6.46551724137931e-5
mu is
0.000641025641025641
number of trials is
23400
number of Z or Y failures is
15
number of X failures is
0
average trial time
179.48839026981955
stderr is
0.000165462587118469
target is
6.41025641025641e-5
mu is
0.000635593220338983
number of trials is
23600
number of Z or Y failures is
15
number of X failures is
0
average trial time
181.03039924175474
stderr is
0.00016406077800208428
target is
6.35593220338983e-5
mu is
0.0006302521008403362
number of trials is
23800
number of Z or Y failures is
15
number of X failures is
0
average trial time
182.57495187267992
stderr is
0.00016268252176532304
target is
6.302521008403363e-5
mu is
0.000625
number of trials is
24000
number of Z or Y failures is
15
number of X failures is
0
average trial time
184.12051835609012
stderr is
0.0001613272297582181
target is
6.25e-5
mu is
0.0006198347107438017
number of trials is
24200
number of Z or Y failures is
15
number of X failures is
0
average trial time
185.62534923702984
stderr is
0.0001599943327846646
target is
6.198347107438017e-5
mu is
0.0006147540983606558
number of trials is
24400
number of Z or Y failures is
15
number of X failures is
0
average trial time
187.15166004858474
stderr is
0.0001586832803053598
target is
6.147540983606559e-5
mu is
0.0006097560975609756
number of trials is
24600
number of Z or Y failures is
15
number of X failures is
0
average trial time
188.6961367184248
stderr is
0.0001573935396796129
target is
6.097560975609756e-5
mu is
0.0006048387096774194
number of trials is
24800
number of Z or Y failures is
15
number of X failures is
0
average trial time
190.21760136244015
stderr is
0.00015612459544383104
target is
6.048387096774194e-5
mu is
0.0006
number of trials is
25000
number of Z or Y failures is
15
number of X failures is
0
average trial time
191.74647221699513
stderr is
0.00015487594862462824
target is
5.9999999999999995e-5
mu is
0.0005952380952380953
number of trials is
25200
number of Z or Y failures is
15
number of X failures is
0
average trial time
193.2680385822501
stderr is
0.0001536471160846345
target is
5.952380952380953e-5
mu is
0.0005905511811023622
number of trials is
25400
number of Z or Y failures is
15
number of X failures is
0
average trial time
194.79209960842013
stderr is
0.00015243762989920244
target is
5.905511811023622e-5
mu is
0.0005859375
number of trials is
25600
number of Z or Y failures is
15
number of X failures is
0
average trial time
196.32426420909542
stderr is
0.0001512470367623238
target is
5.859375e-5
mu is
0.0005813953488372093
number of trials is
25800
number of Z or Y failures is
15
number of X failures is
0
average trial time
197.83696010916017
stderr is
0.00015007489742016898
target is
5.8139534883720933e-5
mu is
0.000576923076923077
number of trials is
26000
number of Z or Y failures is
15
number of X failures is
0
average trial time
199.35920438869525
stderr is
0.00014892078613076517
target is
5.76923076923077e-5
mu is
0.0005725190839694657
number of trials is
26200
number of Z or Y failures is
15
number of X failures is
0
average trial time
200.88911427595016
stderr is
0.00014778429014841412
target is
5.725190839694657e-5
mu is
0.0005681818181818182
number of trials is
26400
number of Z or Y failures is
15
number of X failures is
0
average trial time
202.41759371229037
stderr is
0.00014666500923154037
target is
5.681818181818182e-5
mu is
0.0005639097744360903
number of trials is
26600
number of Z or Y failures is
15
number of X failures is
0
average trial time
203.92397472841552
stderr is
0.00014556255517273516
target is
5.639097744360903e-5
mu is
0.0005597014925373135
number of trials is
26800
number of Z or Y failures is
15
number of X failures is
0
average trial time
205.4277374097905
stderr is
0.0001444765513498379
target is
5.597014925373135e-5
mu is
0.0005555555555555556
number of trials is
27000
number of Z or Y failures is
15
number of X failures is
0
average trial time
206.9467207575305
stderr is
0.00014340663229696457
target is
5.555555555555556e-5
mu is
0.0005514705882352941
number of trials is
27200
number of Z or Y failures is
15
number of X failures is
0
average trial time
208.47680682190045
stderr is
0.0001423524432944562
target is
5.5147058823529414e-5
mu is
0.0005474452554744526
number of trials is
27400
number of Z or Y failures is
15
number of X failures is
0
average trial time
209.98472523438042
stderr is
0.0001413136399767814
target is
5.474452554744526e-5
mu is
0.0005434782608695652
number of trials is
27600
number of Z or Y failures is
15
number of X failures is
0
average trial time
211.50916297869034
stderr is
0.00014028988795748197
target is
5.4347826086956524e-5
mu is
0.000539568345323741
number of trials is
27800
number of Z or Y failures is
15
number of X failures is
0
average trial time
213.0233702336254
stderr is
0.00013928086247030425
target is
5.39568345323741e-5
mu is
0.0005357142857142857
number of trials is
28000
number of Z or Y failures is
15
number of X failures is
0
average trial time
214.55860992793023
stderr is
0.00013828624802570628
target is
5.3571428571428575e-5
mu is
0.0005319148936170213
number of trials is
28200
number of Z or Y failures is
15
number of X failures is
0
average trial time
216.0713876171353
stderr is
0.00013730573808197846
target is
5.3191489361702134e-5
mu is
0.000528169014084507
number of trials is
28400
number of Z or Y failures is
15
number of X failures is
0
average trial time
217.62066904889528
stderr is
0.0001363390347302567
target is
5.28169014084507e-5
mu is
0.0005244755244755245
number of trials is
28600
number of Z or Y failures is
15
number of X failures is
0
average trial time
219.1440265875055
stderr is
0.00013538584839274862
target is
5.244755244755245e-5
mu is
0.0005208333333333333
number of trials is
28800
number of Z or Y failures is
15
number of X failures is
0
average trial time
220.65983453309542
stderr is
0.00013444589753353105
target is
5.208333333333334e-5
mu is
0.0005172413793103448
number of trials is
29000
number of Z or Y failures is
15
number of X failures is
0
average trial time
222.1911797300054
stderr is
0.00013351890838131082
target is
5.172413793103449e-5
mu is
0.000547945205479452
number of trials is
29200
number of Z or Y failures is
16
number of X failures is
0
average trial time
223.68444375032547
stderr is
0.00013695111080710962
target is
5.479452054794521e-5
mu is
0.0005442176870748299
number of trials is
29400
number of Z or Y failures is
16
number of X failures is
0
average trial time
225.21614844411025
stderr is
0.0001360197083990347
target is
5.4421768707482996e-5
mu is
0.0005405405405405405
number of trials is
29600
number of Z or Y failures is
16
number of X failures is
0
average trial time
226.73367810591034
stderr is
0.00013510088931765468
target is
5.405405405405406e-5
mu is
0.0005369127516778523
number of trials is
29800
number of Z or Y failures is
16
number of X failures is
0
average trial time
228.25471111965533
stderr is
0.00013419440027125255
target is
5.369127516778523e-5
mu is
0.0005333333333333334
number of trials is
30000
number of Z or Y failures is
16
number of X failures is
0
average trial time
229.76102728771036
stderr is
0.0001332999947208653
target is
5.333333333333334e-5
mu is
0.0005298013245033113
number of trials is
30200
number of Z or Y failures is
16
number of X failures is
0
average trial time
231.29303440821016
stderr is
0.00013241743265673858
target is
5.298013245033113e-5
mu is
0.0005263157894736842
number of trials is
30400
number of Z or Y failures is
16
number of X failures is
0
average trial time
232.7876366350951
stderr is
0.00013154648038360317
target is
5.2631578947368424e-5
mu is
0.0005228758169934641
number of trials is
30600
number of Z or Y failures is
16
number of X failures is
0
average trial time
234.31488843759996
stderr is
0.00013068691031436995
target is
5.2287581699346416e-5
mu is
0.000551948051948052
number of trials is
30800
number of Z or Y failures is
17
number of X failures is
0
average trial time
235.84153447738504
stderr is
0.00013383228945428225
target is
5.51948051948052e-5
mu is
0.0005483870967741936
number of trials is
31000
number of Z or Y failures is
17
number of X failures is
0
average trial time
237.38848031040524
stderr is
0.00013296907828053956
target is
5.483870967741936e-5
mu is
0.0005448717948717948
number of trials is
31200
number of Z or Y failures is
17
number of X failures is
0
average trial time
238.91995660306029
stderr is
0.0001321169310762281
target is
5.448717948717949e-5
mu is
0.0005414012738853503
number of trials is
31400
number of Z or Y failures is
17
number of X failures is
0
average trial time
240.44834478544502
stderr is
0.00013127563648185898
target is
5.414012738853504e-5
mu is
0.0005379746835443038
number of trials is
31600
number of Z or Y failures is
17
number of X failures is
0
average trial time
241.96001803028486
stderr is
0.00013044498848745924
target is
5.3797468354430386e-5
mu is
0.0005345911949685534
number of trials is
31800
number of Z or Y failures is
17
number of X failures is
0
average trial time
243.4912170976548
stderr is
0.00012962478626439073
target is
5.345911949685534e-5
mu is
0.00053125
number of trials is
32000
number of Z or Y failures is
17
number of X failures is
0
average trial time
245.0189696053449
stderr is
0.00012881483400347367
target is
5.3125000000000004e-5
mu is
0.0005279503105590063
number of trials is
32200
number of Z or Y failures is
17
number of X failures is
0
average trial time
246.5185802099949
stderr is
0.00012801494075914186
target is
5.279503105590063e-5
mu is
0.0005246913580246914
number of trials is
32400
number of Z or Y failures is
17
number of X failures is
0
average trial time
248.01140902903012
stderr is
0.00012722492029936815
target is
5.246913580246914e-5
mu is
0.0005214723926380368
number of trials is
32600
number of Z or Y failures is
17
number of X failures is
0
average trial time
249.5340275440199
stderr is
0.00012644459096111308
target is
5.214723926380368e-5
mu is
0.0005182926829268293
number of trials is
32800
number of Z or Y failures is
17
number of X failures is
0
average trial time
251.03153706736984
stderr is
0.00012567377551106045
target is
5.182926829268293e-5
mu is
0.0005151515151515151
number of trials is
33000
number of Z or Y failures is
17
number of X failures is
0
average trial time
252.57318645914987
stderr is
0.00012491230101141582
target is
5.151515151515152e-5
mu is
0.0005120481927710843
number of trials is
33200
number of Z or Y failures is
17
number of X failures is
0
average trial time
254.09088242086492
stderr is
0.0001241599986905546
target is
5.1204819277108435e-5
mu is
0.0005089820359281438
number of trials is
33400
number of Z or Y failures is
17
number of X failures is
0
average trial time
255.5949219973697
stderr is
0.00012341670381831653
target is
5.089820359281438e-5
mu is
0.0005059523809523809
number of trials is
33600
number of Z or Y failures is
17
number of X failures is
0
average trial time
257.13383764169475
stderr is
0.00012268225558575245
target is
5.059523809523809e-5
mu is
0.0005029585798816568
number of trials is
33800
number of Z or Y failures is
17
number of X failures is
0
average trial time
258.6380646226646
stderr is
0.00012195649698913982
target is
5.029585798816568e-5
mu is
0.0005
number of trials is
34000
number of Z or Y failures is
17
number of X failures is
0
average trial time
260.1441208324647
stderr is
0.00012123927471809064
target is
5.0e-5
mu is
0.0004970760233918128
number of trials is
34200
number of Z or Y failures is
17
number of X failures is
0
average trial time
261.64196188931464
stderr is
0.00012053043904758448
target is
4.970760233918129e-5
mu is
0.0004941860465116279
number of trials is
34400
number of Z or Y failures is
17
number of X failures is
0
average trial time
263.1534697269097
stderr is
0.00011982984373376701
target is
4.941860465116279e-5
mu is
0.0004913294797687861
number of trials is
34600
number of Z or Y failures is
17
number of X failures is
0
average trial time
264.6590299073547
stderr is
0.00011913734591336164
target is
4.913294797687861e-5
mu is
0.0004885057471264368
number of trials is
34800
number of Z or Y failures is
17
number of X failures is
0
average trial time
266.15178681471957
stderr is
0.00011845280600654869
target is
4.885057471264368e-5
mu is
0.0004857142857142857
number of trials is
35000
number of Z or Y failures is
17
number of X failures is
0
average trial time
267.65421725880947
stderr is
0.000117776087623174
target is
4.8571428571428576e-5
17
0
35000
0.0004857142857142857
