ERROR: LoadError: MethodError: no method matching iterate(::Nothing)
Closest candidates are:
  iterate(!Matched::Union{LinRange, StepRangeLen}) at range.jl:664
  iterate(!Matched::Union{LinRange, StepRangeLen}, !Matched::Int64) at range.jl:664
  iterate(!Matched::T) where T<:Union{Base.KeySet{var"#s79", var"#s78"} where {var"#s79", var"#s78"<:Dict}, Base.ValueIterator{var"#s77"} where var"#s77"<:Dict} at dict.jl:693
  ...
Stacktrace:
  [1] indexed_iterate(I::Nothing, i::Int64)
    @ Base ./tuple.jl:89
  [2] MPS(A::ITensor{4}, sites::Vector{IndexSet{1, Index{Int64}, Tuple{Index{Int64}}}}; leftinds::Index{Int64}, orthocenter::Int64, kwargs::Base.Iterators.Pairs{Symbol, Any, Tuple{Symbol, Symbol, Symbol}, NamedTuple{(:cutoff, :maxdim, :svd_alg), Tuple{Float64, Int64, String}}})
    @ ITensors ~/.julia/packages/ITensors/Ligbx/src/mps/abstractmps.jl:1388
  [3] setindex!(ψ::MPS, A::ITensor{4}, r::UnitRange{Int64}; orthocenter::Int64, perm::Nothing, kwargs::Base.Iterators.Pairs{Symbol, Any, Tuple{Symbol, Symbol, Symbol}, NamedTuple{(:cutoff, :maxdim, :svd_alg), Tuple{Float64, Int64, String}}})
    @ ITensors ~/.julia/packages/ITensors/Ligbx/src/mps/abstractmps.jl:1328
  [4] setindex!(::MPS, ::ITensor{4}, ::UnitRange{Int64}, ::Pair{Symbol, Any}, ::Vararg{Pair{Symbol, Any}, N} where N; kwargs::Base.Iterators.Pairs{Union{}, Union{}, Tuple{}, NamedTuple{(), Tuple{}}})
    @ ITensors ~/.julia/packages/ITensors/Ligbx/src/mps/abstractmps.jl:1340
  [5] setindex!(::MPS, ::ITensor{4}, ::UnitRange{Int64}, ::Pair{Symbol, Any}, ::Pair{Symbol, Any}, ::Pair{Symbol, Any})
    @ ITensors ~/.julia/packages/ITensors/Ligbx/src/mps/abstractmps.jl:1340
  [6] product(o::ITensor{4}, ψ::MPS, ns::Vector{Int64}; move_sites_back::Bool, apply_dag::Bool, kwargs::Base.Iterators.Pairs{Symbol, Any, Tuple{Symbol, Symbol, Symbol}, NamedTuple{(:cutoff, :maxdim, :svd_alg), Tuple{Float64, Int64, String}}})
    @ ITensors ~/.julia/packages/ITensors/Ligbx/src/mps/abstractmps.jl:1555
  [7] product(As::Vector{ITensor}, ψ::MPS; move_sites_back::Bool, kwargs::Base.Iterators.Pairs{Symbol, Any, Tuple{Symbol, Symbol, Symbol}, NamedTuple{(:cutoff, :maxdim, :svd_alg), Tuple{Float64, Int64, String}}})
    @ ITensors ~/.julia/packages/ITensors/Ligbx/src/mps/abstractmps.jl:1650
  [8] runcircuit(M::MPS, circuit_tensors::Vector{ITensor}; apply_dag::Nothing, cutoff::Float64, maxdim::Int64, svd_alg::String, move_sites_back::Bool, kwargs::Base.Iterators.Pairs{Union{}, Union{}, Tuple{}, NamedTuple{(), Tuple{}}})
    @ PastaQ ~/.julia/packages/PastaQ/9VxGO/src/circuits/runcircuit.jl:86
  [9] #runcircuit#99
    @ ~/.julia/packages/PastaQ/9VxGO/src/circuits/runcircuit.jl:188 [inlined]
 [10] SurfCirc(dz::Int64, dx::Int64, nr::Int64, PEZ::Matrix{Int64}, PEX::Matrix{Int64}, Synz::Matrix{Int64}, Synx::Matrix{Int64}, zsch::Vector{Any}, xsch::Vector{Any}, bsch::Array{Int64, 3}, layout::Vector{Any}, ql::Matrix{Int64}, zl::Vector{Int64}, xl::Vector{Int64}, p::Float64, al2::Int64, tmeas::Float64, k2::Float64, nth::Int64, pmz::Float64, pmx::Float64, acc::Float64, bd::Int64)
    @ Main /shared/MLSurface/JuliaCLTNDecoder/experiment/d9/1e5/more/mlsurfnc.jl:1337
 [11] macro expansion
    @ /shared/MLSurface/JuliaCLTNDecoder/experiment/d9/1e5/more/mlsurfnc.jl:1432 [inlined]
 [12] macro expansion
    @ ./timing.jl:287 [inlined]
 [13] SurfMC(dz::Int64, dx::Int64, nr::Int64, p::Float64, al2::Int64, tmeas::Float64, k2::Float64, nth::Int64, acc::Float64, bd::Int64, err::Float64, nt::Int64; sim_id::Int64)
    @ Main /shared/MLSurface/JuliaCLTNDecoder/experiment/d9/1e5/more/mlsurfnc.jl:1431
 [14] top-level scope
    @ /shared/MLSurface/JuliaCLTNDecoder/experiment/d9/1e5/more/mlsurfnc.jl:1514
in expression starting at /shared/MLSurface/JuliaCLTNDecoder/experiment/d9/1e5/more/mlsurfnc.jl:1512
mu is
0.0
number of trials is
200
number of Z or Y failures is
0
number of X failures is
0
average trial time
2.3533795893149994
mu is
0.0
number of trials is
400
number of Z or Y failures is
0
number of X failures is
0
average trial time
4.4270407497049975
mu is
0.0
number of trials is
600
number of Z or Y failures is
0
number of X failures is
0
average trial time
6.489734098389992
mu is
0.0
number of trials is
800
number of Z or Y failures is
0
number of X failures is
0
average trial time
8.542902880884988
mu is
0.0
number of trials is
1000
number of Z or Y failures is
0
number of X failures is
0
average trial time
10.614460288844992
mu is
0.0
number of trials is
1200
number of Z or Y failures is
0
number of X failures is
0
average trial time
12.678467781399997
mu is
0.0
number of trials is
1400
number of Z or Y failures is
0
number of X failures is
0
average trial time
14.75179182455
mu is
0.0
number of trials is
1600
number of Z or Y failures is
0
number of X failures is
0
average trial time
16.833387383445004
mu is
0.0
number of trials is
1800
number of Z or Y failures is
0
number of X failures is
0
average trial time
18.92428178104501
mu is
0.0
number of trials is
2000
number of Z or Y failures is
0
number of X failures is
0
average trial time
21.01616348030502
mu is
0.0
number of trials is
2200
number of Z or Y failures is
0
number of X failures is
0
average trial time
23.15091184815004
mu is
0.0
number of trials is
2400
number of Z or Y failures is
0
number of X failures is
0
average trial time
25.316231240569977
mu is
0.0
number of trials is
2600
number of Z or Y failures is
0
number of X failures is
0
average trial time
27.48917940213497
mu is
0.0
number of trials is
2800
number of Z or Y failures is
0
number of X failures is
0
average trial time
29.675968235524984
mu is
0.0
number of trials is
3000
number of Z or Y failures is
0
number of X failures is
0
average trial time
31.917139243784987
mu is
0.0
number of trials is
3200
number of Z or Y failures is
0
number of X failures is
0
average trial time
34.18016629045999
mu is
0.0
number of trials is
3400
number of Z or Y failures is
0
number of X failures is
0
average trial time
36.444651265515006
mu is
0.0
number of trials is
3600
number of Z or Y failures is
0
number of X failures is
0
average trial time
38.729841424610015
mu is
0.0
number of trials is
3800
number of Z or Y failures is
0
number of X failures is
0
average trial time
41.04082303759502
mu is
0.0
number of trials is
4000
number of Z or Y failures is
0
number of X failures is
0
average trial time
43.38031548328497
mu is
0.0
number of trials is
4200
number of Z or Y failures is
0
number of X failures is
0
average trial time
45.74204702172503
mu is
0.0
number of trials is
4400
number of Z or Y failures is
0
number of X failures is
0
average trial time
48.12312534712501
mu is
0.0
number of trials is
4600
number of Z or Y failures is
0
number of X failures is
0
average trial time
50.51087894811499
mu is
0.0
number of trials is
4800
number of Z or Y failures is
0
number of X failures is
0
average trial time
52.877355605330024
mu is
0.0
number of trials is
5000
number of Z or Y failures is
0
number of X failures is
0
average trial time
55.277508614035035
mu is
0.0
number of trials is
5200
number of Z or Y failures is
0
number of X failures is
0
average trial time
57.713265574145055
mu is
0.0
number of trials is
5400
number of Z or Y failures is
0
number of X failures is
0
average trial time
60.164752343040035
mu is
0.0
number of trials is
5600
number of Z or Y failures is
0
number of X failures is
0
average trial time
62.58593883121005
mu is
0.0
number of trials is
5800
number of Z or Y failures is
0
number of X failures is
0
average trial time
65.02501987828501
mu is
0.0
number of trials is
6000
number of Z or Y failures is
0
number of X failures is
0
average trial time
67.44887960512497
mu is
0.0
number of trials is
6200
number of Z or Y failures is
0
number of X failures is
0
average trial time
69.89853807463496
mu is
0.0
number of trials is
6400
number of Z or Y failures is
0
number of X failures is
0
average trial time
72.35985648541492
mu is
0.0
number of trials is
6600
number of Z or Y failures is
0
number of X failures is
0
average trial time
74.81289187027494
mu is
0.0
number of trials is
6800
number of Z or Y failures is
0
number of X failures is
0
average trial time
77.28277230389993
mu is
0.0
number of trials is
7000
number of Z or Y failures is
0
number of X failures is
0
average trial time
79.76509475416991
mu is
0.0
number of trials is
7200
number of Z or Y failures is
0
number of X failures is
0
average trial time
82.2415633131349
mu is
0.0
number of trials is
7400
number of Z or Y failures is
0
number of X failures is
0
average trial time
84.68604794130484
mu is
0.0
number of trials is
7600
number of Z or Y failures is
0
number of X failures is
0
average trial time
87.16016731624484
mu is
0.0
number of trials is
7800
number of Z or Y failures is
0
number of X failures is
0
average trial time
89.60154709987984
mu is
0.0
number of trials is
8000
number of Z or Y failures is
0
number of X failures is
0
average trial time
92.06254370008973
mu is
0.0
number of trials is
8200
number of Z or Y failures is
0
number of X failures is
0
average trial time
94.53065223023472
mu is
0.0
number of trials is
8400
number of Z or Y failures is
0
number of X failures is
0
average trial time
97.00536479435964
mu is
0.0
number of trials is
8600
number of Z or Y failures is
0
number of X failures is
0
average trial time
99.4703083781447
mu is
0.0
number of trials is
8800
number of Z or Y failures is
0
number of X failures is
0
average trial time
101.93424816403973
mu is
0.0
number of trials is
9000
number of Z or Y failures is
0
number of X failures is
0
average trial time
104.39671332518472
mu is
0.0
number of trials is
9200
number of Z or Y failures is
0
number of X failures is
0
average trial time
106.81974770561963
mu is
0.0
number of trials is
9400
number of Z or Y failures is
0
number of X failures is
0
average trial time
109.28147958555456
mu is
0.0
number of trials is
9600
number of Z or Y failures is
0
number of X failures is
0
average trial time
111.73548824199456
mu is
0.0
number of trials is
9800
number of Z or Y failures is
0
number of X failures is
0
average trial time
114.20381775225462
mu is
0.0
number of trials is
10000
number of Z or Y failures is
0
number of X failures is
0
average trial time
116.6527106160646
mu is
0.0
number of trials is
10200
number of Z or Y failures is
0
number of X failures is
0
average trial time
119.12711661101446
mu is
0.0
number of trials is
10400
number of Z or Y failures is
0
number of X failures is
0
average trial time
121.55692543279436
mu is
0.0
number of trials is
10600
number of Z or Y failures is
0
number of X failures is
0
average trial time
123.98180900481937
mu is
0.0
number of trials is
10800
number of Z or Y failures is
0
number of X failures is
0
average trial time
126.44985942574436
mu is
0.0
number of trials is
11000
number of Z or Y failures is
0
number of X failures is
0
average trial time
128.89728009781922
mu is
0.0
number of trials is
11200
number of Z or Y failures is
0
number of X failures is
0
average trial time
131.36601112016925
mu is
0.0
number of trials is
11400
number of Z or Y failures is
0
number of X failures is
0
average trial time
133.82040442997416
mu is
0.0
number of trials is
11600
number of Z or Y failures is
0
number of X failures is
0
average trial time
136.23137014751924
mu is
0.0
number of trials is
11800
number of Z or Y failures is
0
number of X failures is
0
average trial time
138.63255621262425
mu is
0.0
number of trials is
12000
number of Z or Y failures is
0
number of X failures is
0
average trial time
141.06419156721927
mu is
0.0
number of trials is
12200
number of Z or Y failures is
0
number of X failures is
0
average trial time
143.49080163215928
mu is
0.0
number of trials is
12400
number of Z or Y failures is
0
number of X failures is
0
average trial time
145.91091724439423
mu is
0.0
number of trials is
12600
number of Z or Y failures is
0
number of X failures is
0
average trial time
148.34189545428922
mu is
0.0
number of trials is
12800
number of Z or Y failures is
0
number of X failures is
0
average trial time
150.7582434746042
mu is
0.0
number of trials is
13000
number of Z or Y failures is
0
number of X failures is
0
average trial time
153.18841208762422
mu is
0.0
number of trials is
13200
number of Z or Y failures is
0
number of X failures is
0
average trial time
155.61068597482424
mu is
0.0
number of trials is
13400
number of Z or Y failures is
0
number of X failures is
0
average trial time
158.0201986377442
mu is
0.0
number of trials is
13600
number of Z or Y failures is
0
number of X failures is
0
average trial time
160.4441758283742
mu is
0.0
number of trials is
13800
number of Z or Y failures is
0
number of X failures is
0
average trial time
162.8477980773142
mu is
0.0
number of trials is
14000
number of Z or Y failures is
0
number of X failures is
0
average trial time
165.22800106062923
mu is
0.0
number of trials is
14200
number of Z or Y failures is
0
number of X failures is
0
average trial time
167.6130258261492
mu is
0.0
number of trials is
14400
number of Z or Y failures is
0
number of X failures is
0
average trial time
170.03050987630428
mu is
0.0
number of trials is
14600
number of Z or Y failures is
0
number of X failures is
0
average trial time
172.43530151771927
mu is
0.0
number of trials is
14800
number of Z or Y failures is
0
number of X failures is
0
average trial time
174.8269190837794
mu is
0.0
number of trials is
15000
number of Z or Y failures is
0
number of X failures is
0
average trial time
177.24450186845974
mu is
0.0
number of trials is
15200
number of Z or Y failures is
0
number of X failures is
0
average trial time
179.62960887408477
mu is
0.0
number of trials is
15400
number of Z or Y failures is
0
number of X failures is
0
average trial time
182.02592011525948
mu is
0.0
number of trials is
15600
number of Z or Y failures is
0
number of X failures is
0
average trial time
184.40396194056947
mu is
0.0
number of trials is
15800
number of Z or Y failures is
0
number of X failures is
0
average trial time
186.78091976624938
mu is
0.0
number of trials is
16000
number of Z or Y failures is
0
number of X failures is
0
average trial time
189.18373956403957
mu is
0.0
number of trials is
16200
number of Z or Y failures is
0
number of X failures is
0
average trial time
191.55386420236448
mu is
0.0
number of trials is
16400
number of Z or Y failures is
0
number of X failures is
0
average trial time
193.95323955493444
mu is
0.0
number of trials is
16600
number of Z or Y failures is
0
number of X failures is
0
average trial time
196.38287098718453
mu is
0.0
number of trials is
16800
number of Z or Y failures is
0
number of X failures is
0
average trial time
198.74528893345436
mu is
0.0
number of trials is
17000
number of Z or Y failures is
0
number of X failures is
0
average trial time
201.13940487525434
mu is
0.0
number of trials is
17200
number of Z or Y failures is
0
number of X failures is
0
average trial time
203.53109776946462
mu is
0.0
number of trials is
17400
number of Z or Y failures is
0
number of X failures is
0
average trial time
205.9111554243295
mu is
0.0
number of trials is
17600
number of Z or Y failures is
0
number of X failures is
0
average trial time
208.31669399029946
mu is
0.0
number of trials is
17800
number of Z or Y failures is
0
number of X failures is
0
average trial time
210.68704266156942
mu is
0.0
number of trials is
18000
number of Z or Y failures is
0
number of X failures is
0
average trial time
213.09695334199932
mu is
0.0
number of trials is
18200
number of Z or Y failures is
0
number of X failures is
0
average trial time
215.46410027565958
mu is
0.0
number of trials is
18400
number of Z or Y failures is
0
number of X failures is
0
average trial time
217.85941018143978
mu is
0.0
number of trials is
18600
number of Z or Y failures is
0
number of X failures is
0
average trial time
220.23450089121997
mu is
0.0
number of trials is
18800
number of Z or Y failures is
0
number of X failures is
0
average trial time
222.64251750391008
mu is
0.0
number of trials is
19000
number of Z or Y failures is
0
number of X failures is
0
average trial time
225.0147521999502
mu is
0.0
number of trials is
19200
number of Z or Y failures is
0
number of X failures is
0
average trial time
227.38891384976498
mu is
0.0
number of trials is
19400
number of Z or Y failures is
0
number of X failures is
0
average trial time
229.77741144354994
mu is
0.0
number of trials is
19600
number of Z or Y failures is
0
number of X failures is
0
average trial time
232.11860065072491
mu is
0.0
number of trials is
19800
number of Z or Y failures is
0
number of X failures is
0
average trial time
234.49088825435499
mu is
0.0
number of trials is
20000
number of Z or Y failures is
0
number of X failures is
0
average trial time
236.86547686276998
mu is
0.0
number of trials is
20200
number of Z or Y failures is
0
number of X failures is
0
average trial time
239.22082510424988
mu is
0.0
number of trials is
20400
number of Z or Y failures is
0
number of X failures is
0
average trial time
241.5958848314348
mu is
0.0
number of trials is
20600
number of Z or Y failures is
0
number of X failures is
0
average trial time
243.97446058142978
mu is
0.0
number of trials is
20800
number of Z or Y failures is
0
number of X failures is
0
average trial time
246.34191331405466
mu is
0.0
number of trials is
21000
number of Z or Y failures is
0
number of X failures is
0
average trial time
248.70048374473959
mu is
0.0
number of trials is
21200
number of Z or Y failures is
0
number of X failures is
0
average trial time
251.0688410514795
mu is
0.0
number of trials is
21400
number of Z or Y failures is
0
number of X failures is
0
average trial time
253.41034369981944
mu is
0.0
number of trials is
21600
number of Z or Y failures is
0
number of X failures is
0
average trial time
255.79073621919923
mu is
0.0
number of trials is
21800
number of Z or Y failures is
0
number of X failures is
0
average trial time
258.11739169924914
mu is
0.0
number of trials is
22000
number of Z or Y failures is
0
number of X failures is
0
average trial time
260.50135079938923
mu is
0.0
number of trials is
22200
number of Z or Y failures is
0
number of X failures is
0
average trial time
262.85401139534434
mu is
0.0
number of trials is
22400
number of Z or Y failures is
0
number of X failures is
0
average trial time
265.2278767318044
mu is
0.0
number of trials is
22600
number of Z or Y failures is
0
number of X failures is
0
average trial time
267.57324941120464
mu is
0.0
number of trials is
22800
number of Z or Y failures is
0
number of X failures is
0
average trial time
269.9251905052044
mu is
0.0
number of trials is
23000
number of Z or Y failures is
0
number of X failures is
0
average trial time
272.2627787908744
mu is
0.0
number of trials is
23200
number of Z or Y failures is
0
number of X failures is
0
average trial time
274.60530031017964
mu is
0.0
number of trials is
23400
number of Z or Y failures is
0
number of X failures is
0
average trial time
276.97075685486976
mu is
0.0
number of trials is
23600
number of Z or Y failures is
0
number of X failures is
0
average trial time
279.3103906458098
mu is
0.0
number of trials is
23800
number of Z or Y failures is
0
number of X failures is
0
average trial time
281.6940309014997
mu is
0.0
number of trials is
24000
number of Z or Y failures is
0
number of X failures is
0
average trial time
284.04684313121453
mu is
0.0
number of trials is
24200
number of Z or Y failures is
0
number of X failures is
0
average trial time
286.4133044733743
mu is
0.0
number of trials is
24400
number of Z or Y failures is
0
number of X failures is
0
average trial time
288.7733312380193
mu is
0.0
number of trials is
24600
number of Z or Y failures is
0
number of X failures is
0
average trial time
291.08475286535446
mu is
0.0
number of trials is
24800
number of Z or Y failures is
0
number of X failures is
0
average trial time
293.4516305101997
mu is
0.0
number of trials is
25000
number of Z or Y failures is
0
number of X failures is
0
average trial time
295.79252797670966
mu is
0.0
number of trials is
25200
number of Z or Y failures is
0
number of X failures is
0
average trial time
298.1183590794947
mu is
0.0
number of trials is
25400
number of Z or Y failures is
0
number of X failures is
0
average trial time
300.4873141045397
mu is
0.0
number of trials is
25600
number of Z or Y failures is
0
number of X failures is
0
average trial time
302.8357698073698
mu is
0.0
number of trials is
25800
number of Z or Y failures is
0
number of X failures is
0
average trial time
305.16693556936485
mu is
0.0
number of trials is
26000
number of Z or Y failures is
0
number of X failures is
0
average trial time
307.5304715929147
The SVD algorithm `"divide_and_conquer"` has thrown an error,
likely because of a convergance failure. You can try
other SVD algorithms that may converge better using the
`alg` (or `svd_alg` if called through `factorize` or MPS/MPO functionality) keyword argument:

 - "divide_and_conquer" is a divide-and-conquer algorithm
   (LAPACK's `gesdd`). It is fast, but may lead to some innacurate
   singular values for very ill-conditioned matrices.
   It also may sometimes fail to converge, leading to errors
   (in which case `"qr_iteration"` or `"recursive"` can be tried).

 - `"qr_iteration"` (LAPACK's `gesvd`) is typically slower 
   than "divide_and_conquer", especially for large matrices,
   but is more accurate for very ill-conditioned matrices 
   compared to `"divide_and_conquer"`.

 - `"recursive"` is ITensor's custom SVD algorithm. It is very
   reliable, but may be slow if high precision is needed.
   To get an `svd` of a matrix `A`, an eigendecomposition of
   ``A^{\dagger} A`` is used to compute `U` and then a `qr` of
   ``A^{\dagger} U`` is used to compute `V`. This is performed
   recursively to compute small singular values.

Returning `nothing`. For an output `F = svd(A, ...)` you can check if
`isnothing(F)` in your code and try a different algorithm.

To suppress this message in the future, you can wrap the `svd` call in the
`@suppress` macro from the `Suppressor` package.

