mu is
0.0
number of trials is
200
number of Z or Y failures is
0
number of X failures is
0
average trial time
0.8077022389899998
mu is
0.0025
number of trials is
400
number of Z or Y failures is
1
number of X failures is
0
average trial time
1.4327305267499992
mu is
0.0016666666666666668
number of trials is
600
number of Z or Y failures is
1
number of X failures is
0
average trial time
2.0633551064849986
mu is
0.00125
number of trials is
800
number of Z or Y failures is
1
number of X failures is
0
average trial time
2.6992411861199996
mu is
0.001
number of trials is
1000
number of Z or Y failures is
1
number of X failures is
0
average trial time
3.318868393434999
mu is
0.0008333333333333334
number of trials is
1200
number of Z or Y failures is
1
number of X failures is
0
average trial time
3.950353670005
mu is
0.0007142857142857143
number of trials is
1400
number of Z or Y failures is
1
number of X failures is
0
average trial time
4.575986808330002
mu is
0.00125
number of trials is
1600
number of Z or Y failures is
2
number of X failures is
0
average trial time
5.20909272645
mu is
0.0011111111111111111
number of trials is
1800
number of Z or Y failures is
2
number of X failures is
0
average trial time
5.8377008852250025
mu is
0.001
number of trials is
2000
number of Z or Y failures is
2
number of X failures is
0
average trial time
6.461047347794995
mu is
0.0009090909090909091
number of trials is
2200
number of Z or Y failures is
2
number of X failures is
0
average trial time
7.089423576609992
mu is
0.0008333333333333334
number of trials is
2400
number of Z or Y failures is
2
number of X failures is
0
average trial time
7.7234955722399885
mu is
0.001153846153846154
number of trials is
2600
number of Z or Y failures is
3
number of X failures is
0
average trial time
8.345499663824993
mu is
0.0010714285714285715
number of trials is
2800
number of Z or Y failures is
3
number of X failures is
0
average trial time
8.95989048872
mu is
0.001
number of trials is
3000
number of Z or Y failures is
3
number of X failures is
0
average trial time
9.585368310820007
mu is
0.0009375
number of trials is
3200
number of Z or Y failures is
3
number of X failures is
0
average trial time
10.206805614290007
mu is
0.0008823529411764706
number of trials is
3400
number of Z or Y failures is
3
number of X failures is
0
average trial time
10.822782899110004
mu is
0.0008333333333333334
number of trials is
3600
number of Z or Y failures is
3
number of X failures is
0
average trial time
11.460416054199992
mu is
0.0007894736842105263
number of trials is
3800
number of Z or Y failures is
3
number of X failures is
0
average trial time
12.091672040654997
mu is
0.00075
number of trials is
4000
number of Z or Y failures is
3
number of X failures is
0
average trial time
12.723079426960007
mu is
0.0007142857142857143
number of trials is
4200
number of Z or Y failures is
3
number of X failures is
0
average trial time
13.347697383119998
mu is
0.0006818181818181819
number of trials is
4400
number of Z or Y failures is
3
number of X failures is
0
average trial time
13.978053571144997
mu is
0.0008695652173913044
number of trials is
4600
number of Z or Y failures is
4
number of X failures is
0
average trial time
14.600316874494995
mu is
0.0008333333333333334
number of trials is
4800
number of Z or Y failures is
4
number of X failures is
0
average trial time
15.232053416905
mu is
0.0008
number of trials is
5000
number of Z or Y failures is
4
number of X failures is
0
average trial time
15.859972739315005
mu is
0.0007692307692307692
number of trials is
5200
number of Z or Y failures is
4
number of X failures is
0
average trial time
16.474414931744995
mu is
0.0007407407407407407
number of trials is
5400
number of Z or Y failures is
4
number of X failures is
0
average trial time
17.100091893200002
mu is
0.0007142857142857143
number of trials is
5600
number of Z or Y failures is
4
number of X failures is
0
average trial time
17.72348841347
mu is
0.000689655172413793
number of trials is
5800
number of Z or Y failures is
4
number of X failures is
0
average trial time
18.351493688075006
mu is
0.0006666666666666666
number of trials is
6000
number of Z or Y failures is
4
number of X failures is
0
average trial time
18.96985388393999
mu is
0.0008064516129032258
number of trials is
6200
number of Z or Y failures is
5
number of X failures is
0
average trial time
19.598458790714993
stderr is
0.0003605397471731845
target is
8.064516129032258e-5
mu is
0.0009375
number of trials is
6400
number of Z or Y failures is
6
number of X failures is
0
average trial time
20.225090185329986
stderr is
0.00038258321473614524
target is
9.375e-5
mu is
0.0009090909090909091
number of trials is
6600
number of Z or Y failures is
6
number of X failures is
0
average trial time
20.850481817079984
stderr is
0.0003709941801985044
target is
9.090909090909092e-5
mu is
0.0008823529411764706
number of trials is
6800
number of Z or Y failures is
6
number of X failures is
0
average trial time
21.488063863385015
stderr is
0.0003600866024969397
target is
8.823529411764706e-5
mu is
0.0008571428571428571
number of trials is
7000
number of Z or Y failures is
6
number of X failures is
0
average trial time
22.1097585672
stderr is
0.0003498020919583048
target is
8.571428571428571e-5
mu is
0.0009722222222222222
number of trials is
7200
number of Z or Y failures is
7
number of X failures is
0
average trial time
22.742285338649985
stderr is
0.00036731229607327745
target is
9.722222222222223e-5
mu is
0.0009459459459459459
number of trials is
7400
number of Z or Y failures is
7
number of X failures is
0
average trial time
23.38096580534003
stderr is
0.0003573889657634646
target is
9.45945945945946e-5
mu is
0.0009210526315789473
number of trials is
7600
number of Z or Y failures is
7
number of X failures is
0
average trial time
24.020627594595027
stderr is
0.0003479877094537777
target is
9.210526315789474e-5
mu is
0.0008974358974358974
number of trials is
7800
number of Z or Y failures is
7
number of X failures is
0
average trial time
24.64744868872001
stderr is
0.00033906838309121385
target is
8.974358974358975e-5
mu is
0.000875
number of trials is
8000
number of Z or Y failures is
7
number of X failures is
0
average trial time
25.285008088060017
stderr is
0.0003305948555177649
target is
8.750000000000001e-5
mu is
0.000975609756097561
number of trials is
8200
number of Z or Y failures is
8
number of X failures is
0
average trial time
25.932292249240003
stderr is
0.00034478286148816734
target is
9.75609756097561e-5
mu is
0.0009523809523809524
number of trials is
8400
number of Z or Y failures is
8
number of X failures is
0
average trial time
26.58468540456002
stderr is
0.00033657716993386864
target is
9.523809523809524e-5
mu is
0.0010465116279069768
number of trials is
8600
number of Z or Y failures is
9
number of X failures is
0
average trial time
27.20156334759503
stderr is
0.00034867490281020684
target is
0.00010465116279069768
mu is
0.0011363636363636363
number of trials is
8800
number of Z or Y failures is
10
number of X failures is
0
average trial time
27.843231173770047
stderr is
0.0003591659078208665
target is
0.00011363636363636364
mu is
0.0011111111111111111
number of trials is
9000
number of Z or Y failures is
10
number of X failures is
0
average trial time
28.50510034449006
stderr is
0.000351188438896254
target is
0.00011111111111111112
mu is
0.0010869565217391304
number of trials is
9200
number of Z or Y failures is
10
number of X failures is
0
average trial time
29.13994613295507
stderr is
0.0003435576464373737
target is
0.00010869565217391305
mu is
0.0010638297872340426
number of trials is
9400
number of Z or Y failures is
10
number of X failures is
0
average trial time
29.794887809170067
stderr is
0.00033625141278362307
target is
0.00010638297872340427
mu is
0.0011458333333333333
number of trials is
9600
number of Z or Y failures is
11
number of X failures is
0
average trial time
30.455215017040082
stderr is
0.00034530174494572767
target is
0.00011458333333333334
mu is
0.0011224489795918367
number of trials is
9800
number of Z or Y failures is
11
number of X failures is
0
average trial time
31.101945195450075
stderr is
0.0003382583704268046
target is
0.00011224489795918369
mu is
0.0012
number of trials is
10000
number of Z or Y failures is
12
number of X failures is
0
average trial time
31.751690251805073
stderr is
0.0003462195644366157
target is
0.00011999999999999999
mu is
0.001176470588235294
number of trials is
10200
number of Z or Y failures is
12
number of X failures is
0
average trial time
32.43771399367509
stderr is
0.0003394346107933643
target is
0.0001176470588235294
mu is
0.001153846153846154
number of trials is
10400
number of Z or Y failures is
12
number of X failures is
0
average trial time
33.07221012865007
stderr is
0.00033291047859489983
target is
0.0001153846153846154
mu is
0.0011320754716981133
number of trials is
10600
number of Z or Y failures is
12
number of X failures is
0
average trial time
33.731840837665075
stderr is
0.0003266324120471293
target is
0.00011320754716981133
mu is
0.0011111111111111111
number of trials is
10800
number of Z or Y failures is
12
number of X failures is
0
average trial time
34.431415897495064
stderr is
0.00032058674781891225
target is
0.00011111111111111112
mu is
0.001090909090909091
number of trials is
11000
number of Z or Y failures is
12
number of X failures is
0
average trial time
35.080134472815075
stderr is
0.000314760815777142
target is
0.0001090909090909091
mu is
0.0011607142857142858
number of trials is
11200
number of Z or Y failures is
13
number of X failures is
0
average trial time
35.76821775205509
stderr is
0.00032175169999241104
target is
0.00011607142857142858
mu is
0.0012280701754385965
number of trials is
11400
number of Z or Y failures is
14
number of X failures is
0
average trial time
36.429776739630086
stderr is
0.00032802834998378827
target is
0.00012280701754385965
mu is
0.001206896551724138
number of trials is
11600
number of Z or Y failures is
14
number of X failures is
0
average trial time
37.099389263685104
stderr is
0.0003223758620523042
target is
0.00012068965517241381
mu is
0.0011864406779661016
number of trials is
11800
number of Z or Y failures is
14
number of X failures is
0
average trial time
37.796105800020115
stderr is
0.0003169148780976337
target is
0.00011864406779661017
mu is
0.0011666666666666668
number of trials is
12000
number of Z or Y failures is
14
number of X failures is
0
average trial time
38.450272622275115
stderr is
0.00031163582812380623
target is
0.00011666666666666668
mu is
0.0011475409836065574
number of trials is
12200
number of Z or Y failures is
14
number of X failures is
0
average trial time
39.15167824815514
stderr is
0.00030652976933987457
target is
0.00011475409836065574
mu is
0.0011290322580645162
number of trials is
12400
number of Z or Y failures is
14
number of X failures is
0
average trial time
39.80218101061514
stderr is
0.0003015883356055097
target is
0.00011290322580645163
mu is
0.0011111111111111111
number of trials is
12600
number of Z or Y failures is
14
number of X failures is
0
average trial time
40.48551546877015
stderr is
0.0002968036916888018
target is
0.00011111111111111112
mu is
0.00109375
number of trials is
12800
number of Z or Y failures is
14
number of X failures is
0
average trial time
41.168209940980134
stderr is
0.0002921684918102035
target is
0.00010937500000000002
mu is
0.001153846153846154
number of trials is
13000
number of Z or Y failures is
15
number of X failures is
0
average trial time
41.83548903229516
stderr is
0.00029776132087289386
target is
0.0001153846153846154
mu is
0.0012121212121212121
number of trials is
13200
number of Z or Y failures is
16
number of X failures is
0
average trial time
42.54113368478016
stderr is
0.0003028580647281611
target is
0.00012121212121212122
mu is
0.0011940298507462687
number of trials is
13400
number of Z or Y failures is
16
number of X failures is
0
average trial time
43.21194123554514
stderr is
0.0002983403283556918
target is
0.00011940298507462687
mu is
0.001176470588235294
number of trials is
13600
number of Z or Y failures is
16
number of X failures is
0
average trial time
43.92010567890516
stderr is
0.0002939553931450803
target is
0.0001176470588235294
mu is
0.0011594202898550724
number of trials is
13800
number of Z or Y failures is
16
number of X failures is
0
average trial time
44.58470256163512
stderr is
0.00028969748828050517
target is
0.00011594202898550725
mu is
0.001142857142857143
number of trials is
14000
number of Z or Y failures is
16
number of X failures is
0
average trial time
45.29993660112511
stderr is
0.00028556117252968757
target is
0.0001142857142857143
mu is
0.0011267605633802818
number of trials is
14200
number of Z or Y failures is
16
number of X failures is
0
average trial time
45.96759330644505
stderr is
0.0002815413110461014
target is
0.00011267605633802819
mu is
0.0011111111111111111
number of trials is
14400
number of Z or Y failures is
16
number of X failures is
0
average trial time
46.70007971480997
stderr is
0.0002776330541033193
target is
0.00011111111111111112
mu is
0.001095890410958904
number of trials is
14600
number of Z or Y failures is
16
number of X failures is
0
average trial time
47.371008075179915
stderr is
0.0002738318175763181
target is
0.00010958904109589041
mu is
0.001081081081081081
number of trials is
14800
number of Z or Y failures is
16
number of X failures is
0
average trial time
48.092272381344955
stderr is
0.00027013326500457485
target is
0.00010810810810810812
mu is
0.0010666666666666667
number of trials is
15000
number of Z or Y failures is
16
number of X failures is
0
average trial time
48.771244608404935
stderr is
0.00026653329108939315
target is
0.00010666666666666668
mu is
0.0010526315789473684
number of trials is
15200
number of Z or Y failures is
16
number of X failures is
0
average trial time
49.49508975209485
stderr is
0.00026302800649342646
target is
0.00010526315789473685
mu is
0.001038961038961039
number of trials is
15400
number of Z or Y failures is
16
number of X failures is
0
average trial time
50.172374568434854
stderr is
0.00025961372382407377
target is
0.0001038961038961039
mu is
0.0010256410256410256
number of trials is
15600
number of Z or Y failures is
16
number of X failures is
0
average trial time
50.899798373939774
stderr is
0.0002562869446945548
target is
0.00010256410256410257
mu is
0.0010126582278481013
number of trials is
15800
number of Z or Y failures is
16
number of X failures is
0
average trial time
51.59177636321976
stderr is
0.0002530443477672191
target is
0.00010126582278481013
mu is
0.0010625
number of trials is
16000
number of Z or Y failures is
17
number of X failures is
0
average trial time
52.31522503533971
stderr is
0.0002575652142649507
target is
0.00010625000000000001
mu is
0.0010493827160493827
number of trials is
16200
number of Z or Y failures is
17
number of X failures is
0
average trial time
53.00917834036463
stderr is
0.00025438696884749664
target is
0.00010493827160493828
mu is
0.0010365853658536586
number of trials is
16400
number of Z or Y failures is
17
number of X failures is
0
average trial time
53.71346945991965
stderr is
0.0002512862037244874
target is
0.00010365853658536586
mu is
0.0010240963855421687
number of trials is
16600
number of Z or Y failures is
17
number of X failures is
0
average trial time
54.438070841754616
stderr is
0.0002482601197566523
target is
0.00010240963855421687
mu is
0.0010119047619047618
number of trials is
16800
number of Z or Y failures is
17
number of X failures is
0
average trial time
55.164522114614584
stderr is
0.00024530605103337245
target is
0.00010119047619047618
mu is
0.001
number of trials is
17000
number of Z or Y failures is
17
number of X failures is
0
average trial time
55.89452293746461
stderr is
0.00024242145703940452
target is
0.0001
mu is
0.0009883720930232557
number of trials is
17200
number of Z or Y failures is
17
number of X failures is
0
average trial time
56.589775255464616
stderr is
0.00023960391536785762
target is
9.883720930232558e-5
mu is
0.0009770114942528735
number of trials is
17400
number of Z or Y failures is
17
number of X failures is
0
average trial time
57.33819018544461
stderr is
0.0002368511149354905
target is
9.770114942528736e-5
mu is
0.000965909090909091
number of trials is
17600
number of Z or Y failures is
17
number of X failures is
0
average trial time
58.044947178944604
stderr is
0.00023416084966039122
target is
9.65909090909091e-5
mu is
0.000955056179775281
number of trials is
17800
number of Z or Y failures is
17
number of X failures is
0
average trial time
58.78188813780964
stderr is
0.00023153101256568828
target is
9.55056179775281e-5
mu is
0.001
number of trials is
18000
number of Z or Y failures is
18
number of X failures is
0
average trial time
59.51400155597965
stderr is
0.0002355909240710243
target is
0.0001
mu is
0.000989010989010989
number of trials is
18200
number of Z or Y failures is
18
number of X failures is
0
average trial time
60.22177935496964
stderr is
0.00023300322319807872
target is
9.89010989010989e-5
mu is
0.0009782608695652175
number of trials is
18400
number of Z or Y failures is
18
number of X failures is
0
average trial time
60.960235524549645
stderr is
0.00023047175065788925
target is
9.782608695652176e-5
mu is
0.000967741935483871
number of trials is
18600
number of Z or Y failures is
18
number of X failures is
0
average trial time
61.66896123038466
stderr is
0.00022799469346428285
target is
9.677419354838711e-5
mu is
0.0009574468085106382
number of trials is
18800
number of Z or Y failures is
18
number of X failures is
0
average trial time
62.38702431215469
stderr is
0.00022557031574443816
target is
9.574468085106382e-5
mu is
0.0009473684210526315
number of trials is
19000
number of Z or Y failures is
18
number of X failures is
0
average trial time
63.12189017505969
stderr is
0.00022319695468211163
target is
9.473684210526316e-5
mu is
0.0009375
number of trials is
19200
number of Z or Y failures is
18
number of X failures is
0
average trial time
63.832267040424725
stderr is
0.00022087301671429806
target is
9.375e-5
mu is
0.0009278350515463917
number of trials is
19400
number of Z or Y failures is
18
number of X failures is
0
average trial time
64.56329241470974
stderr is
0.00021859697396304687
target is
9.278350515463918e-5
mu is
0.0009693877551020408
number of trials is
19600
number of Z or Y failures is
19
number of X failures is
0
average trial time
65.30174377732472
stderr is
0.00022229065542821085
target is
9.69387755102041e-5
mu is
0.0009595959595959596
number of trials is
19800
number of Z or Y failures is
19
number of X failures is
0
average trial time
66.01476821321468
stderr is
0.0002200463169301851
target is
9.595959595959597e-5
mu is
0.00095
number of trials is
20000
number of Z or Y failures is
19
number of X failures is
0
average trial time
66.74568065473471
stderr is
0.00021784684496772754
target is
9.5e-5
mu is
0.0009405940594059406
number of trials is
20200
number of Z or Y failures is
19
number of X failures is
0
average trial time
67.49200747082975
stderr is
0.00021569090746669797
target is
9.405940594059406e-5
mu is
0.0009313725490196079
number of trials is
20400
number of Z or Y failures is
19
number of X failures is
0
average trial time
68.2237757516197
stderr is
0.00021357722456803773
target is
9.313725490196079e-5
mu is
0.0009223300970873787
number of trials is
20600
number of Z or Y failures is
19
number of X failures is
0
average trial time
68.94369870136966
stderr is
0.00021150456609416902
target is
9.223300970873788e-5
mu is
0.0009134615384615384
number of trials is
20800
number of Z or Y failures is
19
number of X failures is
0
average trial time
69.69432210601467
stderr is
0.0002094717491614996
target is
9.134615384615385e-5
mu is
0.0009047619047619047
number of trials is
21000
number of Z or Y failures is
19
number of X failures is
0
average trial time
70.41838776108469
stderr is
0.00020747763592929687
target is
9.047619047619048e-5
mu is
0.0009433962264150943
number of trials is
21200
number of Z or Y failures is
20
number of X failures is
0
average trial time
71.14157884547473
stderr is
0.0002108552541518868
target is
9.433962264150944e-5
mu is
0.0009345794392523365
number of trials is
21400
number of Z or Y failures is
20
number of X failures is
0
average trial time
71.87816596732974
stderr is
0.0002088855199685882
target is
9.345794392523365e-5
mu is
0.000925925925925926
number of trials is
21600
number of Z or Y failures is
20
number of X failures is
0
average trial time
72.60794802871979
stderr is
0.00020695224627402325
target is
9.25925925925926e-5
mu is
0.0009174311926605505
number of trials is
21800
number of Z or Y failures is
20
number of X failures is
0
average trial time
73.3393399121198
stderr is
0.0002050544300068595
target is
9.174311926605506e-5
mu is
0.0009090909090909091
number of trials is
22000
number of Z or Y failures is
20
number of X failures is
0
average trial time
74.06867999348984
stderr is
0.0002031911045649225
target is
9.090909090909092e-5
mu is
0.0009009009009009009
number of trials is
22200
number of Z or Y failures is
20
number of X failures is
0
average trial time
74.82012628508984
stderr is
0.00020136133816359687
target is
9.009009009009009e-5
mu is
0.0008928571428571428
number of trials is
22400
number of Z or Y failures is
20
number of X failures is
0
average trial time
75.53660798160983
stderr is
0.00019956423228213282
target is
8.928571428571429e-5
mu is
0.0008849557522123894
number of trials is
22600
number of Z or Y failures is
20
number of X failures is
0
average trial time
76.26063154041485
stderr is
0.00019779892019241457
target is
8.849557522123894e-5
mu is
0.0008771929824561404
number of trials is
22800
number of Z or Y failures is
20
number of X failures is
0
average trial time
76.97308977643478
stderr is
0.0001960645655651296
target is
8.771929824561404e-5
mu is
0.0008695652173913044
number of trials is
23000
number of Z or Y failures is
20
number of X failures is
0
average trial time
77.70882226958975
stderr is
0.00019436036114862975
target is
8.695652173913044e-5
mu is
0.0008620689655172414
number of trials is
23200
number of Z or Y failures is
20
number of X failures is
0
average trial time
78.46045247585974
stderr is
0.00019268552751609868
target is
8.620689655172414e-5
mu is
0.0008974358974358974
number of trials is
23400
number of Z or Y failures is
21
number of X failures is
0
average trial time
79.19777514743483
stderr is
0.00019575285585089313
target is
8.974358974358975e-5
mu is
0.0008898305084745762
number of trials is
23600
number of Z or Y failures is
21
number of X failures is
0
average trial time
79.9122685984248
stderr is
0.00019409463693689018
target is
8.898305084745763e-5
mu is
0.0008823529411764706
number of trials is
23800
number of Z or Y failures is
21
number of X failures is
0
average trial time
80.63199819688487
stderr is
0.0001924642755196489
target is
8.823529411764706e-5
mu is
0.000875
number of trials is
24000
number of Z or Y failures is
21
number of X failures is
0
average trial time
81.35730437973984
stderr is
0.00019086107545259663
target is
8.750000000000001e-5
mu is
0.0008677685950413223
number of trials is
24200
number of Z or Y failures is
21
number of X failures is
0
average trial time
82.09396787510985
stderr is
0.0001892843635927329
target is
8.677685950413224e-5
mu is
0.0008606557377049181
number of trials is
24400
number of Z or Y failures is
21
number of X failures is
0
average trial time
82.83141981386495
stderr is
0.00018773348885824781
target is
8.606557377049181e-5
mu is
0.0008536585365853659
number of trials is
24600
number of Z or Y failures is
21
number of X failures is
0
average trial time
83.5661366896851
stderr is
0.00018620782133209161
target is
8.53658536585366e-5
mu is
0.0008467741935483871
number of trials is
24800
number of Z or Y failures is
21
number of X failures is
0
average trial time
84.29343286386515
stderr is
0.00018470675140890217
target is
8.467741935483871e-5
mu is
0.00084
number of trials is
25000
number of Z or Y failures is
21
number of X failures is
0
average trial time
85.01598423211507
stderr is
0.00018322968898286377
target is
8.400000000000001e-5
mu is
0.000873015873015873
number of trials is
25200
number of Z or Y failures is
22
number of X failures is
0
average trial time
85.73425089333006
stderr is
0.00018605003710361258
target is
8.730158730158731e-5
mu is
0.0008661417322834646
number of trials is
25400
number of Z or Y failures is
22
number of X failures is
0
average trial time
86.45558496534017
stderr is
0.00018458568232764284
target is
8.661417322834647e-5
mu is
0.000859375
number of trials is
25600
number of Z or Y failures is
22
number of X failures is
0
average trial time
87.20231925590521
stderr is
0.0001831441986957113
target is
8.593750000000001e-5
mu is
0.0008527131782945736
number of trials is
25800
number of Z or Y failures is
22
number of X failures is
0
average trial time
87.94015191899511
stderr is
0.00018172505453769447
target is
8.527131782945736e-5
mu is
0.0008461538461538462
number of trials is
26000
number of Z or Y failures is
22
number of X failures is
0
average trial time
88.67547346092012
stderr is
0.00018032773453592428
target is
8.461538461538463e-5
mu is
0.0008396946564885496
number of trials is
26200
number of Z or Y failures is
22
number of X failures is
0
average trial time
89.40604899973513
stderr is
0.00017895173910129915
target is
8.396946564885496e-5
mu is
0.0008333333333333334
number of trials is
26400
number of Z or Y failures is
22
number of X failures is
0
average trial time
90.12551335897017
stderr is
0.00017759658377774313
target is
8.333333333333334e-5
mu is
0.0008270676691729324
number of trials is
26600
number of Z or Y failures is
22
number of X failures is
0
average trial time
90.84677186408017
stderr is
0.00017626179867352013
target is
8.270676691729324e-5
mu is
0.0008208955223880597
number of trials is
26800
number of Z or Y failures is
22
number of X failures is
0
average trial time
91.56843379288512
stderr is
0.00017494692791800227
target is
8.208955223880597e-5
mu is
0.0008148148148148148
number of trials is
27000
number of Z or Y failures is
22
number of X failures is
0
average trial time
92.2840630539251
stderr is
0.00017365152914257213
target is
8.148148148148148e-5
mu is
0.0008088235294117647
number of trials is
27200
number of Z or Y failures is
22
number of X failures is
0
average trial time
93.01000823326521
stderr is
0.00017237517298441773
target is
8.088235294117648e-5
mu is
0.000802919708029197
number of trials is
27400
number of Z or Y failures is
22
number of X failures is
0
average trial time
93.75679061033021
stderr is
0.00017111744261205043
target is
8.029197080291971e-5
mu is
0.0007971014492753623
number of trials is
27600
number of Z or Y failures is
22
number of X failures is
0
average trial time
94.49931667815517
stderr is
0.00016987793327144483
target is
7.971014492753623e-5
mu is
0.0007913669064748202
number of trials is
27800
number of Z or Y failures is
22
number of X failures is
0
average trial time
95.22327458452017
stderr is
0.00016865625185176234
target is
7.913669064748202e-5
mu is
0.0008214285714285715
number of trials is
28000
number of Z or Y failures is
23
number of X failures is
0
average trial time
95.93339680244515
stderr is
0.00017121239318191385
target is
8.214285714285715e-5
mu is
0.0008156028368794326
number of trials is
28200
number of Z or Y failures is
23
number of X failures is
0
average trial time
96.65570949466517
stderr is
0.00016999859494769705
target is
8.156028368794327e-5
mu is
0.0008098591549295774
number of trials is
28400
number of Z or Y failures is
23
number of X failures is
0
average trial time
97.36611458316008
stderr is
0.00016880188583188853
target is
8.098591549295775e-5
mu is
0.0008041958041958042
number of trials is
28600
number of Z or Y failures is
23
number of X failures is
0
average trial time
98.0884057591451
stderr is
0.00016762190745969282
target is
8.041958041958043e-5
mu is
0.0008333333333333334
number of trials is
28800
number of Z or Y failures is
24
number of X failures is
0
average trial time
98.79535790070507
stderr is
0.0001700355151796431
target is
8.333333333333334e-5
mu is
0.0008275862068965517
number of trials is
29000
number of Z or Y failures is
24
number of X failures is
0
average trial time
99.50936790292013
stderr is
0.00016886332187735306
target is
8.275862068965517e-5
mu is
0.0008219178082191781
number of trials is
29200
number of Z or Y failures is
24
number of X failures is
0
average trial time
100.22776208484011
stderr is
0.0001677071796841055
target is
8.219178082191782e-5
mu is
0.0008163265306122449
number of trials is
29400
number of Z or Y failures is
24
number of X failures is
0
average trial time
100.94596012484512
stderr is
0.00016656676115465088
target is
8.16326530612245e-5
mu is
0.0008108108108108108
number of trials is
29600
number of Z or Y failures is
24
number of X failures is
0
average trial time
101.66108423529518
stderr is
0.00016544174769016356
target is
8.108108108108108e-5
mu is
0.0008053691275167785
number of trials is
29800
number of Z or Y failures is
24
number of X failures is
0
average trial time
102.39638129558023
stderr is
0.00016433182924149685
target is
8.053691275167786e-5
mu is
0.0008
number of trials is
30000
number of Z or Y failures is
24
number of X failures is
0
average trial time
103.12177254509527
stderr is
0.00016323670402430338
target is
8.0e-5
mu is
0.0008609271523178808
number of trials is
30200
number of Z or Y failures is
26
number of X failures is
0
average trial time
103.87062062767025
stderr is
0.00016877180415211614
target is
8.609271523178809e-5
mu is
0.0008552631578947369
number of trials is
30400
number of Z or Y failures is
26
number of X failures is
0
average trial time
104.60494672226527
stderr is
0.00016766192029774596
target is
8.552631578947369e-5
mu is
0.0008496732026143791
number of trials is
30600
number of Z or Y failures is
26
number of X failures is
0
average trial time
105.34208557722022
stderr is
0.00016656653879332334
target is
8.496732026143791e-5
mu is
0.0008441558441558442
number of trials is
30800
number of Z or Y failures is
26
number of X failures is
0
average trial time
106.08800971574522
stderr is
0.00016548537724044506
target is
8.441558441558442e-5
mu is
0.0008387096774193549
number of trials is
31000
number of Z or Y failures is
26
number of X failures is
0
average trial time
106.83676322004528
stderr is
0.0001644181605254614
target is
8.387096774193549e-5
mu is
0.0008333333333333334
number of trials is
31200
number of Z or Y failures is
26
number of X failures is
0
average trial time
107.56616126476527
stderr is
0.00016336462058608503
target is
8.333333333333334e-5
mu is
0.0008280254777070064
number of trials is
31400
number of Z or Y failures is
26
number of X failures is
0
average trial time
108.28995484675522
stderr is
0.00016232449618691435
target is
8.280254777070064e-5
mu is
0.0008227848101265823
number of trials is
31600
number of Z or Y failures is
26
number of X failures is
0
average trial time
109.01497546698029
stderr is
0.00016129753270347895
target is
8.227848101265823e-5
mu is
0.0008176100628930818
number of trials is
31800
number of Z or Y failures is
26
number of X failures is
0
average trial time
109.7522525753804
stderr is
0.00016028348191443059
target is
8.176100628930818e-5
mu is
0.00084375
number of trials is
32000
number of Z or Y failures is
27
number of X failures is
0
average trial time
110.46799681684045
stderr is
0.0001623137809634658
target is
8.4375e-5
mu is
0.0008695652173913044
number of trials is
32200
number of Z or Y failures is
28
number of X failures is
0
average trial time
111.18699666811042
stderr is
0.00016426346586416853
target is
8.695652173913044e-5
mu is
0.0008641975308641976
number of trials is
32400
number of Z or Y failures is
28
number of X failures is
0
average trial time
111.90430050709529
stderr is
0.00016324991672120418
target is
8.641975308641976e-5
mu is
0.0008588957055214724
number of trials is
32600
number of Z or Y failures is
28
number of X failures is
0
average trial time
112.62314301298018
stderr is
0.00016224879860607687
target is
8.588957055214725e-5
mu is
0.0008536585365853659
number of trials is
32800
number of Z or Y failures is
28
number of X failures is
0
average trial time
113.3411493421651
stderr is
0.00016125988421573575
target is
8.53658536585366e-5
mu is
0.0008484848484848485
number of trials is
33000
number of Z or Y failures is
28
number of X failures is
0
average trial time
114.06199893324012
stderr is
0.00016028295175524643
target is
8.484848484848486e-5
mu is
0.0008734939759036145
number of trials is
33200
number of Z or Y failures is
29
number of X failures is
0
average trial time
114.78855980739516
stderr is
0.00016213534358670644
target is
8.734939759036145e-5
mu is
0.0009281437125748503
number of trials is
33400
number of Z or Y failures is
31
number of X failures is
0
average trial time
115.51023738148018
stderr is
0.00016662464770094326
target is
9.281437125748504e-5
mu is
0.0009226190476190477
number of trials is
33600
number of Z or Y failures is
31
number of X failures is
0
average trial time
116.22544130575027
stderr is
0.000165633277519538
target is
9.226190476190478e-5
mu is
0.0009467455621301775
number of trials is
33800
number of Z or Y failures is
32
number of X failures is
0
average trial time
116.94599872759524
stderr is
0.00016728578278328598
target is
9.467455621301775e-5
mu is
0.0009411764705882353
number of trials is
34000
number of Z or Y failures is
32
number of X failures is
0
average trial time
117.65038054533038
stderr is
0.00016630219780837342
target is
9.411764705882353e-5
mu is
0.0009356725146198831
number of trials is
34200
number of Z or Y failures is
32
number of X failures is
0
average trial time
118.36601789205031
stderr is
0.00016533011152872535
target is
9.356725146198831e-5
mu is
0.0009302325581395349
number of trials is
34400
number of Z or Y failures is
32
number of X failures is
0
average trial time
119.08011748951523
stderr is
0.00016436932347628822
target is
9.30232558139535e-5
mu is
0.0009248554913294797
number of trials is
34600
number of Z or Y failures is
32
number of X failures is
0
average trial time
119.78818638687517
stderr is
0.0001634196378160252
target is
9.248554913294798e-5
mu is
0.0009195402298850574
number of trials is
34800
number of Z or Y failures is
32
number of X failures is
0
average trial time
120.50400654124518
stderr is
0.00016248086321284282
target is
9.195402298850575e-5
mu is
0.0009142857142857143
number of trials is
35000
number of Z or Y failures is
32
number of X failures is
0
average trial time
121.21244747788523
stderr is
0.00016155281270307858
target is
9.142857142857143e-5
mu is
0.0009090909090909091
number of trials is
35200
number of Z or Y failures is
32
number of X failures is
0
average trial time
121.91423839476532
stderr is
0.00016063530357036729
target is
9.090909090909092e-5
mu is
0.000903954802259887
number of trials is
35400
number of Z or Y failures is
32
number of X failures is
0
average trial time
122.6177647399553
stderr is
0.0001597281572257136
target is
9.03954802259887e-5
mu is
0.000955056179775281
number of trials is
35600
number of Z or Y failures is
34
number of X failures is
0
average trial time
123.33661608842043
stderr is
0.000163714849561285
target is
9.55056179775281e-5
mu is
0.0009497206703910615
number of trials is
35800
number of Z or Y failures is
34
number of X failures is
0
average trial time
124.04794912184029
stderr is
0.00016280066341464538
target is
9.497206703910616e-5
mu is
0.0009444444444444445
number of trials is
36000
number of Z or Y failures is
34
number of X failures is
0
average trial time
124.76162017822014
stderr is
0.00016189663022835504
target is
9.444444444444446e-5
mu is
0.0009392265193370166
number of trials is
36200
number of Z or Y failures is
34
number of X failures is
0
average trial time
125.46734272700027
stderr is
0.00016100258179819145
target is
9.392265193370166e-5
mu is
0.0009340659340659341
number of trials is
36400
number of Z or Y failures is
34
number of X failures is
0
average trial time
126.17531596594529
stderr is
0.0001601183536150472
target is
9.340659340659341e-5
mu is
0.0009289617486338798
number of trials is
36600
number of Z or Y failures is
34
number of X failures is
0
average trial time
126.88346524742524
stderr is
0.00015924378476401624
target is
9.289617486338798e-5
mu is
0.0009239130434782609
number of trials is
36800
number of Z or Y failures is
34
number of X failures is
0
average trial time
127.58353564570524
stderr is
0.0001583787178267693
target is
9.239130434782609e-5
mu is
0.0009459459459459459
number of trials is
37000
number of Z or Y failures is
35
number of X failures is
0
average trial time
128.29365739671024
stderr is
0.00015982056448761087
target is
9.45945945945946e-5
mu is
0.0009408602150537635
number of trials is
37200
number of Z or Y failures is
35
number of X failures is
0
average trial time
129.00228694298536
stderr is
0.000158961707190947
target is
9.408602150537636e-5
mu is
0.0009358288770053476
number of trials is
37400
number of Z or Y failures is
35
number of X failures is
0
average trial time
129.7369037210354
stderr is
0.0001581120313514927
target is
9.358288770053476e-5
mu is
0.0009840425531914894
number of trials is
37600
number of Z or Y failures is
37
number of X failures is
0
average trial time
130.46837540395546
stderr is
0.00016169813283728042
target is
9.840425531914895e-5
mu is
0.0010052910052910052
number of trials is
37800
number of Z or Y failures is
38
number of X failures is
0
average trial time
131.19911510964548
stderr is
0.0001629998997186203
target is
0.00010052910052910053
mu is
0.001
number of trials is
38000
number of Z or Y failures is
38
number of X failures is
0
average trial time
131.91894440230556
stderr is
0.0001621424235993525
target is
0.0001
mu is
0.000994764397905759
number of trials is
38200
number of Z or Y failures is
38
number of X failures is
0
average trial time
132.64659269760062
stderr is
0.00016129392193146418
target is
9.947643979057591e-5
mu is
0.0009895833333333334
number of trials is
38400
number of Z or Y failures is
38
number of X failures is
0
average trial time
133.36315046749564
stderr is
0.00016045425455688098
target is
9.895833333333334e-5
mu is
0.0009844559585492228
number of trials is
38600
number of Z or Y failures is
38
number of X failures is
0
average trial time
134.07723261279074
stderr is
0.00015962328422096243
target is
9.844559585492228e-5
mu is
0.000979381443298969
number of trials is
38800
number of Z or Y failures is
38
number of X failures is
0
average trial time
134.80332908960068
stderr is
0.00015880087649770662
target is
9.793814432989691e-5
mu is
0.0009743589743589744
number of trials is
39000
number of Z or Y failures is
38
number of X failures is
0
average trial time
135.51547245997563
stderr is
0.0001579868997172561
target is
9.743589743589745e-5
mu is
0.0009693877551020408
number of trials is
39200
number of Z or Y failures is
38
number of X failures is
0
average trial time
136.24236538609574
stderr is
0.0001571812248956208
target is
9.69387755102041e-5
mu is
0.0009644670050761421
number of trials is
39400
number of Z or Y failures is
38
number of X failures is
0
average trial time
136.97144405421562
stderr is
0.00015638372566654143
target is
9.644670050761421e-5
mu is
0.0009595959595959596
number of trials is
39600
number of Z or Y failures is
38
number of X failures is
0
average trial time
137.6845749361056
stderr is
0.00015559427821541596
target is
9.595959595959597e-5
mu is
0.0009547738693467337
number of trials is
39800
number of Z or Y failures is
38
number of X failures is
0
average trial time
138.41094013151064
stderr is
0.00015481276121521743
target is
9.547738693467338e-5
mu is
0.00095
number of trials is
40000
number of Z or Y failures is
38
number of X failures is
0
average trial time
139.13478668586058
stderr is
0.00015403905576433374
target is
9.5e-5
mu is
0.000945273631840796
number of trials is
40200
number of Z or Y failures is
38
number of X failures is
0
average trial time
139.85580167925065
stderr is
0.00015327304532626154
target is
9.452736318407961e-5
mu is
0.0009405940594059406
number of trials is
40400
number of Z or Y failures is
38
number of X failures is
0
average trial time
140.57090150603068
stderr is
0.000152514615671091
target is
9.405940594059406e-5
mu is
0.000935960591133005
number of trials is
40600
number of Z or Y failures is
38
number of X failures is
0
average trial time
141.2774451900907
stderr is
0.00015176365481871915
target is
9.359605911330051e-5
mu is
0.0009313725490196079
number of trials is
40800
number of Z or Y failures is
38
number of X failures is
0
average trial time
141.9823817761708
stderr is
0.0001510200529837326
target is
9.313725490196079e-5
mu is
0.0009268292682926829
number of trials is
41000
number of Z or Y failures is
38
number of X failures is
0
average trial time
142.70597742123078
stderr is
0.0001502837025219028
target is
9.26829268292683e-5
mu is
0.0009223300970873787
number of trials is
41200
number of Z or Y failures is
38
number of X failures is
0
average trial time
143.4230792730657
stderr is
0.0001495544978782389
target is
9.223300970873788e-5
mu is
0.0009178743961352657
number of trials is
41400
number of Z or Y failures is
38
number of X failures is
0
average trial time
144.12795197870074
stderr is
0.00014883233553654581
target is
9.178743961352658e-5
mu is
0.0009134615384615384
number of trials is
41600
number of Z or Y failures is
38
number of X failures is
0
average trial time
144.8405150270359
stderr is
0.0001481171139704365
target is
9.134615384615385e-5
mu is
0.0009090909090909091
number of trials is
41800
number of Z or Y failures is
38
number of X failures is
0
average trial time
145.54435972677092
stderr is
0.0001474087335957501
target is
9.090909090909092e-5
mu is
0.0009047619047619047
number of trials is
42000
number of Z or Y failures is
38
number of X failures is
0
average trial time
146.25847193946575
stderr is
0.00014670709672432879
target is
9.047619047619048e-5
mu is
0.0009241706161137441
number of trials is
42200
number of Z or Y failures is
39
number of X failures is
0
average trial time
146.97581894286586
stderr is
0.0001479190893252185
target is
9.241706161137442e-5
mu is
0.0009198113207547169
number of trials is
42400
number of Z or Y failures is
39
number of X failures is
0
average trial time
147.68201865280085
stderr is
0.0001472216707307915
target is
9.198113207547169e-5
mu is
0.0009154929577464789
number of trials is
42600
number of Z or Y failures is
39
number of X failures is
0
average trial time
148.40418268835086
stderr is
0.00014653079774226016
target is
9.15492957746479e-5
mu is
0.000911214953271028
number of trials is
42800
number of Z or Y failures is
39
number of X failures is
0
average trial time
149.10290231829092
stderr is
0.0001458463786396243
target is
9.11214953271028e-5
mu is
0.0009302325581395349
number of trials is
43000
number of Z or Y failures is
40
number of X failures is
0
average trial time
149.813239396931
stderr is
0.00014701596489965926
target is
9.30232558139535e-5
mu is
0.000925925925925926
number of trials is
43200
number of Z or Y failures is
40
number of X failures is
0
average trial time
150.52410339922608
stderr is
0.0001463356429539657
target is
9.25925925925926e-5
mu is
0.0009216589861751152
number of trials is
43400
number of Z or Y failures is
40
number of X failures is
0
average trial time
151.23466016516113
stderr is
0.00014566158843468246
target is
9.216589861751152e-5
mu is
0.0009174311926605505
number of trials is
43600
number of Z or Y failures is
40
number of X failures is
0
average trial time
151.94129366632103
stderr is
0.0001449937151314877
target is
9.174311926605506e-5
mu is
0.0009132420091324201
number of trials is
43800
number of Z or Y failures is
40
number of X failures is
0
average trial time
152.64080008336094
stderr is
0.00014433193840797403
target is
9.132420091324201e-5
mu is
0.0009090909090909091
number of trials is
44000
number of Z or Y failures is
40
number of X failures is
0
average trial time
153.34817832744585
stderr is
0.0001436761751658939
target is
9.090909090909092e-5
mu is
0.0009049773755656109
number of trials is
44200
number of Z or Y failures is
40
number of X failures is
0
average trial time
154.05644098182088
stderr is
0.00014302634381037487
target is
9.04977375565611e-5
mu is
0.0009009009009009009
number of trials is
44400
number of Z or Y failures is
40
number of X failures is
0
average trial time
154.7650425225259
stderr is
0.00014238236421607462
target is
9.009009009009009e-5
mu is
0.0008968609865470852
number of trials is
44600
number of Z or Y failures is
40
number of X failures is
0
average trial time
155.4726786081257
stderr is
0.00014174415769424665
target is
8.968609865470853e-5
mu is
0.0009151785714285715
number of trials is
44800
number of Z or Y failures is
41
number of X failures is
0
average trial time
156.18420615705065
stderr is
0.00014286305798300982
target is
9.151785714285715e-5
mu is
0.0009111111111111111
number of trials is
45000
number of Z or Y failures is
41
number of X failures is
0
average trial time
156.8887478630657
stderr is
0.00014222839352176912
target is
9.111111111111112e-5
mu is
0.0009292035398230089
number of trials is
45200
number of Z or Y failures is
42
number of X failures is
0
average trial time
157.6066765616858
stderr is
0.00014331417461323063
target is
9.29203539823009e-5
mu is
0.0009251101321585903
number of trials is
45400
number of Z or Y failures is
42
number of X failures is
0
average trial time
158.32356320496078
stderr is
0.00014268311998452213
target is
9.251101321585904e-5
mu is
0.0009210526315789473
number of trials is
45600
number of Z or Y failures is
42
number of X failures is
0
average trial time
159.0242169337158
stderr is
0.00014205759843004633
target is
9.210526315789474e-5
mu is
0.0009170305676855895
number of trials is
45800
number of Z or Y failures is
42
number of X failures is
0
average trial time
159.7376090932307
stderr is
0.00014143753749663515
target is
9.170305676855896e-5
mu is
0.0009130434782608696
number of trials is
46000
number of Z or Y failures is
42
number of X failures is
0
average trial time
160.43700826937567
stderr is
0.00014082286599061255
target is
9.130434782608696e-5
mu is
0.0009090909090909091
number of trials is
46200
number of Z or Y failures is
42
number of X failures is
0
average trial time
161.14194045151575
stderr is
0.0001402135139505446
target is
9.090909090909092e-5
mu is
0.0009267241379310345
number of trials is
46400
number of Z or Y failures is
43
number of X failures is
0
average trial time
161.8573244211208
stderr is
0.0001412601289263671
target is
9.267241379310346e-5
mu is
0.0009227467811158799
number of trials is
46600
number of Z or Y failures is
43
number of X failures is
0
average trial time
162.56464314578577
stderr is
0.00014065413574793436
target is
9.227467811158799e-5
mu is
0.0009188034188034189
number of trials is
46800
number of Z or Y failures is
43
number of X failures is
0
average trial time
163.27189843312584
stderr is
0.00014005331967044879
target is
9.188034188034189e-5
mu is
0.0009148936170212766
number of trials is
47000
number of Z or Y failures is
43
number of X failures is
0
average trial time
163.97725779260577
stderr is
0.00013945761463285902
target is
9.148936170212766e-5
mu is
0.0009322033898305085
number of trials is
47200
number of Z or Y failures is
44
number of X failures is
0
average trial time
164.68072240047061
stderr is
0.0001404709179405513
target is
9.322033898305086e-5
mu is
0.000970464135021097
number of trials is
47400
number of Z or Y failures is
46
number of X failures is
0
average trial time
165.39684922279577
stderr is
0.00014301919177763848
target is
9.704641350210972e-5
mu is
0.0009663865546218487
number of trials is
47600
number of Z or Y failures is
46
number of X failures is
0
average trial time
166.10252205463573
stderr is
0.00014241855513417895
target is
9.663865546218487e-5
mu is
0.0009623430962343096
number of trials is
47800
number of Z or Y failures is
46
number of X failures is
0
average trial time
166.8045062498357
stderr is
0.0001418229423687956
target is
9.623430962343097e-5
mu is
0.0009583333333333333
number of trials is
48000
number of Z or Y failures is
46
number of X failures is
0
average trial time
167.50349169587545
stderr is
0.00014123229071252136
target is
9.583333333333334e-5
mu is
0.000954356846473029
number of trials is
48200
number of Z or Y failures is
46
number of X failures is
0
average trial time
168.2065185959054
stderr is
0.00014064653843771002
target is
9.54356846473029e-5
mu is
0.0009504132231404959
number of trials is
48400
number of Z or Y failures is
46
number of X failures is
0
average trial time
168.91019030934044
stderr is
0.00014006562483653105
target is
9.50413223140496e-5
mu is
0.0009465020576131687
number of trials is
48600
number of Z or Y failures is
46
number of X failures is
0
average trial time
169.61338283523534
stderr is
0.00013948949019999577
target is
9.465020576131688e-5
mu is
0.0009426229508196722
number of trials is
48800
number of Z or Y failures is
46
number of X failures is
0
average trial time
170.30567764064546
stderr is
0.00013891807579749862
target is
9.426229508196723e-5
mu is
0.0009387755102040817
number of trials is
49000
number of Z or Y failures is
46
number of X failures is
0
average trial time
171.00092246598018
stderr is
0.00013835132385685953
target is
9.387755102040817e-5
mu is
0.0009349593495934959
number of trials is
49200
number of Z or Y failures is
46
number of X failures is
0
average trial time
171.6994267653555
stderr is
0.00013778917754485228
target is
9.34959349593496e-5
mu is
0.0009311740890688259
number of trials is
49400
number of Z or Y failures is
46
number of X failures is
0
average trial time
172.3832869905656
stderr is
0.0001372315809482066
target is
9.31174089068826e-5
mu is
0.0009274193548387097
number of trials is
49600
number of Z or Y failures is
46
number of X failures is
0
average trial time
173.08061142933545
stderr is
0.00013667847905506848
target is
9.274193548387098e-5
mu is
0.0009236947791164659
number of trials is
49800
number of Z or Y failures is
46
number of X failures is
0
average trial time
173.77811610751058
stderr is
0.00013612981773690824
target is
9.236947791164659e-5
mu is
0.00094
number of trials is
50000
number of Z or Y failures is
47
number of X failures is
0
average trial time
174.47157810173562
stderr is
0.00013705000421040882
target is
9.400000000000001e-5
47
0
50000
0.00094
