mu is
0.0
number of trials is
200
number of Z or Y failures is
0
number of X failures is
0
average trial time
2.4595479630899995
mu is
0.0
number of trials is
400
number of Z or Y failures is
0
number of X failures is
0
average trial time
4.738413588875
mu is
0.0
number of trials is
600
number of Z or Y failures is
0
number of X failures is
0
average trial time
7.082828683115004
mu is
0.0
number of trials is
800
number of Z or Y failures is
0
number of X failures is
0
average trial time
9.409773987940008
mu is
0.0
number of trials is
1000
number of Z or Y failures is
0
number of X failures is
0
average trial time
11.754701185740014
mu is
0.0
number of trials is
1200
number of Z or Y failures is
0
number of X failures is
0
average trial time
14.154345097500016
mu is
0.0007142857142857143
number of trials is
1400
number of Z or Y failures is
1
number of X failures is
0
average trial time
16.629241351915024
mu is
0.000625
number of trials is
1600
number of Z or Y failures is
1
number of X failures is
0
average trial time
19.21821649207002
mu is
0.0005555555555555556
number of trials is
1800
number of Z or Y failures is
1
number of X failures is
0
average trial time
21.854259057790046
mu is
0.0005
number of trials is
2000
number of Z or Y failures is
1
number of X failures is
0
average trial time
24.53566005469007
mu is
0.0009090909090909091
number of trials is
2200
number of Z or Y failures is
2
number of X failures is
0
average trial time
27.195990398465113
mu is
0.0008333333333333334
number of trials is
2400
number of Z or Y failures is
2
number of X failures is
0
average trial time
29.9126190068801
mu is
0.0007692307692307692
number of trials is
2600
number of Z or Y failures is
2
number of X failures is
0
average trial time
32.657534268610114
mu is
0.0007142857142857143
number of trials is
2800
number of Z or Y failures is
2
number of X failures is
0
average trial time
35.40284537911012
mu is
0.0006666666666666666
number of trials is
3000
number of Z or Y failures is
2
number of X failures is
0
average trial time
38.16472497004011
mu is
0.000625
number of trials is
3200
number of Z or Y failures is
2
number of X failures is
0
average trial time
40.94249299248513
mu is
0.000588235294117647
number of trials is
3400
number of Z or Y failures is
2
number of X failures is
0
average trial time
43.73734487864016
mu is
0.0005555555555555556
number of trials is
3600
number of Z or Y failures is
2
number of X failures is
0
average trial time
46.51626631842518
mu is
0.0005263157894736842
number of trials is
3800
number of Z or Y failures is
2
number of X failures is
0
average trial time
49.29659402159014
mu is
0.0005
number of trials is
4000
number of Z or Y failures is
2
number of X failures is
0
average trial time
52.06277172127513
mu is
0.0004761904761904762
number of trials is
4200
number of Z or Y failures is
2
number of X failures is
0
average trial time
54.84651599565512
mu is
0.00045454545454545455
number of trials is
4400
number of Z or Y failures is
2
number of X failures is
0
average trial time
57.60542278030512
mu is
0.0004347826086956522
number of trials is
4600
number of Z or Y failures is
2
number of X failures is
0
average trial time
60.36131182433509
mu is
0.0004166666666666667
number of trials is
4800
number of Z or Y failures is
2
number of X failures is
0
average trial time
63.0801528385151
mu is
0.0004
number of trials is
5000
number of Z or Y failures is
2
number of X failures is
0
average trial time
65.76379343625004
mu is
0.0003846153846153846
number of trials is
5200
number of Z or Y failures is
2
number of X failures is
0
average trial time
68.53158401155002
mu is
0.00037037037037037035
number of trials is
5400
number of Z or Y failures is
2
number of X failures is
0
average trial time
71.26566793575003
mu is
0.00035714285714285714
number of trials is
5600
number of Z or Y failures is
2
number of X failures is
0
average trial time
73.99043217095
mu is
0.0003448275862068965
number of trials is
5800
number of Z or Y failures is
2
number of X failures is
0
average trial time
76.71826465021005
mu is
0.0003333333333333333
number of trials is
6000
number of Z or Y failures is
2
number of X failures is
0
average trial time
79.41911698274507
mu is
0.0003225806451612903
number of trials is
6200
number of Z or Y failures is
2
number of X failures is
0
average trial time
82.12195314798011
mu is
0.0003125
number of trials is
6400
number of Z or Y failures is
2
number of X failures is
0
average trial time
84.81029275570518
mu is
0.00030303030303030303
number of trials is
6600
number of Z or Y failures is
2
number of X failures is
0
average trial time
87.5365057914452
mu is
0.0002941176470588235
number of trials is
6800
number of Z or Y failures is
2
number of X failures is
0
average trial time
90.24593765334517
mu is
0.00042857142857142855
number of trials is
7000
number of Z or Y failures is
3
number of X failures is
0
average trial time
92.90940782537018
mu is
0.0004166666666666667
number of trials is
7200
number of Z or Y failures is
3
number of X failures is
0
average trial time
95.60355308068512
mu is
0.0004054054054054054
number of trials is
7400
number of Z or Y failures is
3
number of X failures is
0
average trial time
98.27821814886504
mu is
0.00039473684210526315
number of trials is
7600
number of Z or Y failures is
3
number of X failures is
0
average trial time
100.95101280706496
mu is
0.0003846153846153846
number of trials is
7800
number of Z or Y failures is
3
number of X failures is
0
average trial time
103.62191839836493
mu is
0.000375
number of trials is
8000
number of Z or Y failures is
3
number of X failures is
0
average trial time
106.2597217884098
mu is
0.00036585365853658537
number of trials is
8200
number of Z or Y failures is
3
number of X failures is
0
average trial time
108.9515401645098
mu is
0.00035714285714285714
number of trials is
8400
number of Z or Y failures is
3
number of X failures is
0
average trial time
111.60446241835993
mu is
0.0003488372093023256
number of trials is
8600
number of Z or Y failures is
3
number of X failures is
0
average trial time
114.3064231745948
mu is
0.00034090909090909094
number of trials is
8800
number of Z or Y failures is
3
number of X failures is
0
average trial time
116.92941912548969
mu is
0.0003333333333333333
number of trials is
9000
number of Z or Y failures is
3
number of X failures is
0
average trial time
119.60384975534465
mu is
0.00032608695652173916
number of trials is
9200
number of Z or Y failures is
3
number of X failures is
0
average trial time
122.20022350753456
mu is
0.00031914893617021275
number of trials is
9400
number of Z or Y failures is
3
number of X failures is
0
average trial time
124.85205688226955
mu is
0.0003125
number of trials is
9600
number of Z or Y failures is
3
number of X failures is
0
average trial time
127.42785011844452
mu is
0.0003061224489795918
number of trials is
9800
number of Z or Y failures is
3
number of X failures is
0
average trial time
130.0733062059795
mu is
0.0003
number of trials is
10000
number of Z or Y failures is
3
number of X failures is
0
average trial time
132.66295112130948
mu is
0.0002941176470588235
number of trials is
10200
number of Z or Y failures is
3
number of X failures is
0
average trial time
135.25504341478947
mu is
0.0002884615384615385
number of trials is
10400
number of Z or Y failures is
3
number of X failures is
0
average trial time
137.91429446650451
mu is
0.0002830188679245283
number of trials is
10600
number of Z or Y failures is
3
number of X failures is
0
average trial time
140.52068934432953
mu is
0.00037037037037037035
number of trials is
10800
number of Z or Y failures is
4
number of X failures is
0
average trial time
143.17757903222963
mu is
0.0003636363636363636
number of trials is
11000
number of Z or Y failures is
4
number of X failures is
0
average trial time
145.75117590811965
mu is
0.00035714285714285714
number of trials is
11200
number of Z or Y failures is
4
number of X failures is
0
average trial time
148.34965947124468
mu is
0.0003508771929824561
number of trials is
11400
number of Z or Y failures is
4
number of X failures is
0
average trial time
150.9856965302747
mu is
0.0003448275862068965
number of trials is
11600
number of Z or Y failures is
4
number of X failures is
0
average trial time
153.5766470979497
mu is
0.00033898305084745765
number of trials is
11800
number of Z or Y failures is
4
number of X failures is
0
average trial time
156.17740147259974
mu is
0.0003333333333333333
number of trials is
12000
number of Z or Y failures is
4
number of X failures is
0
average trial time
158.78062696958474
mu is
0.0003278688524590164
number of trials is
12200
number of Z or Y failures is
4
number of X failures is
0
average trial time
161.34870769638982
mu is
0.0003225806451612903
number of trials is
12400
number of Z or Y failures is
4
number of X failures is
0
average trial time
164.00712911970982
mu is
0.00031746031746031746
number of trials is
12600
number of Z or Y failures is
4
number of X failures is
0
average trial time
166.63670136732964
mu is
0.0003125
number of trials is
12800
number of Z or Y failures is
4
number of X failures is
0
average trial time
169.22554252293943
mu is
0.0003076923076923077
number of trials is
13000
number of Z or Y failures is
4
number of X failures is
0
average trial time
171.81368514779948
mu is
0.00030303030303030303
number of trials is
13200
number of Z or Y failures is
4
number of X failures is
0
average trial time
174.4473723353395
mu is
0.00029850746268656717
number of trials is
13400
number of Z or Y failures is
4
number of X failures is
0
average trial time
177.0470782875097
mu is
0.0002941176470588235
number of trials is
13600
number of Z or Y failures is
4
number of X failures is
0
average trial time
179.60641502562484
mu is
0.0002898550724637681
number of trials is
13800
number of Z or Y failures is
4
number of X failures is
0
average trial time
182.14972035084986
mu is
0.00028571428571428574
number of trials is
14000
number of Z or Y failures is
4
number of X failures is
0
average trial time
184.73890752907974
mu is
0.00028169014084507044
number of trials is
14200
number of Z or Y failures is
4
number of X failures is
0
average trial time
187.39689691236475
mu is
0.0002777777777777778
number of trials is
14400
number of Z or Y failures is
4
number of X failures is
0
average trial time
189.97791501002473
mu is
0.000273972602739726
number of trials is
14600
number of Z or Y failures is
4
number of X failures is
0
average trial time
192.56216374285484
mu is
0.0002702702702702703
number of trials is
14800
number of Z or Y failures is
4
number of X failures is
0
average trial time
195.12317256550006
mu is
0.0002666666666666667
number of trials is
15000
number of Z or Y failures is
4
number of X failures is
0
average trial time
197.6566265109999
mu is
0.0002631578947368421
number of trials is
15200
number of Z or Y failures is
4
number of X failures is
0
average trial time
200.23017496239495
mu is
0.00025974025974025974
number of trials is
15400
number of Z or Y failures is
4
number of X failures is
0
average trial time
202.82278191627992
mu is
0.0002564102564102564
number of trials is
15600
number of Z or Y failures is
4
number of X failures is
0
average trial time
205.39028972699492
mu is
0.00025316455696202533
number of trials is
15800
number of Z or Y failures is
4
number of X failures is
0
average trial time
207.96204733341995
mu is
0.00025
number of trials is
16000
number of Z or Y failures is
4
number of X failures is
0
average trial time
210.50060125155505
mu is
0.0002469135802469136
number of trials is
16200
number of Z or Y failures is
4
number of X failures is
0
average trial time
213.0941160441702
mu is
0.00024390243902439024
number of trials is
16400
number of Z or Y failures is
4
number of X failures is
0
average trial time
215.63543364635018
mu is
0.00024096385542168674
number of trials is
16600
number of Z or Y failures is
4
number of X failures is
0
average trial time
218.16250566808515
mu is
0.0002380952380952381
number of trials is
16800
number of Z or Y failures is
4
number of X failures is
0
average trial time
220.70918648871498
mu is
0.00023529411764705883
number of trials is
17000
number of Z or Y failures is
4
number of X failures is
0
average trial time
223.26313181978497
mu is
0.00023255813953488373
number of trials is
17200
number of Z or Y failures is
4
number of X failures is
0
average trial time
225.81371846672974
mu is
0.00022988505747126436
number of trials is
17400
number of Z or Y failures is
4
number of X failures is
0
average trial time
228.40552117428467
mu is
0.00022727272727272727
number of trials is
17600
number of Z or Y failures is
4
number of X failures is
0
average trial time
230.99393864878948
mu is
0.00022471910112359551
number of trials is
17800
number of Z or Y failures is
4
number of X failures is
0
average trial time
233.54835880399457
mu is
0.00022222222222222223
number of trials is
18000
number of Z or Y failures is
4
number of X failures is
0
average trial time
236.13724856147445
mu is
0.00021978021978021978
number of trials is
18200
number of Z or Y failures is
4
number of X failures is
0
average trial time
238.6715971054891
mu is
0.0002173913043478261
number of trials is
18400
number of Z or Y failures is
4
number of X failures is
0
average trial time
241.28279679052895
mu is
0.00021505376344086021
number of trials is
18600
number of Z or Y failures is
4
number of X failures is
0
average trial time
243.85997752534408
mu is
0.0002127659574468085
number of trials is
18800
number of Z or Y failures is
4
number of X failures is
0
average trial time
246.42387100494426
mu is
0.0002105263157894737
number of trials is
19000
number of Z or Y failures is
4
number of X failures is
0
average trial time
248.98538135554412
mu is
0.00020833333333333335
number of trials is
19200
number of Z or Y failures is
4
number of X failures is
0
average trial time
251.54069229377404
mu is
0.0002061855670103093
number of trials is
19400
number of Z or Y failures is
4
number of X failures is
0
average trial time
254.0974656148692
mu is
0.00020408163265306123
number of trials is
19600
number of Z or Y failures is
4
number of X failures is
0
average trial time
256.64490212323915
mu is
0.00020202020202020202
number of trials is
19800
number of Z or Y failures is
4
number of X failures is
0
average trial time
259.212883845509
mu is
0.0002
number of trials is
20000
number of Z or Y failures is
4
number of X failures is
0
average trial time
261.76427483763905
mu is
0.00019801980198019803
number of trials is
20200
number of Z or Y failures is
4
number of X failures is
0
average trial time
264.3490609223689
mu is
0.000196078431372549
number of trials is
20400
number of Z or Y failures is
4
number of X failures is
0
average trial time
266.8708846049739
mu is
0.0001941747572815534
number of trials is
20600
number of Z or Y failures is
4
number of X failures is
0
average trial time
269.3986971868289
mu is
0.0001923076923076923
number of trials is
20800
number of Z or Y failures is
4
number of X failures is
0
average trial time
271.92786690468876
mu is
0.00019047619047619048
number of trials is
21000
number of Z or Y failures is
4
number of X failures is
0
average trial time
274.4661776284335
mu is
0.00018867924528301886
number of trials is
21200
number of Z or Y failures is
4
number of X failures is
0
average trial time
277.0361094520035
mu is
0.00018691588785046728
number of trials is
21400
number of Z or Y failures is
4
number of X failures is
0
average trial time
279.5636279017885
mu is
0.00018518518518518518
number of trials is
21600
number of Z or Y failures is
4
number of X failures is
0
average trial time
282.09261114801365
mu is
0.0001834862385321101
number of trials is
21800
number of Z or Y failures is
4
number of X failures is
0
average trial time
284.67368484700876
mu is
0.0001818181818181818
number of trials is
22000
number of Z or Y failures is
4
number of X failures is
0
average trial time
287.2145607328288
mu is
0.00018018018018018018
number of trials is
22200
number of Z or Y failures is
4
number of X failures is
0
average trial time
289.7873903301038
mu is
0.00017857142857142857
number of trials is
22400
number of Z or Y failures is
4
number of X failures is
0
average trial time
292.371106894974
mu is
0.00017699115044247788
number of trials is
22600
number of Z or Y failures is
4
number of X failures is
0
average trial time
294.9417028343739
mu is
0.00017543859649122806
number of trials is
22800
number of Z or Y failures is
4
number of X failures is
0
average trial time
297.5206584269791
mu is
0.00017391304347826088
number of trials is
23000
number of Z or Y failures is
4
number of X failures is
0
average trial time
300.0378248729044
mu is
0.00017241379310344826
number of trials is
23200
number of Z or Y failures is
4
number of X failures is
0
average trial time
302.5952336239196
mu is
0.00017094017094017094
number of trials is
23400
number of Z or Y failures is
4
number of X failures is
0
average trial time
305.18983804544985
mu is
0.00016949152542372882
number of trials is
23600
number of Z or Y failures is
4
number of X failures is
0
average trial time
307.74941292076466
mu is
0.0001680672268907563
number of trials is
23800
number of Z or Y failures is
4
number of X failures is
0
average trial time
310.26275427147493
mu is
0.00016666666666666666
number of trials is
24000
number of Z or Y failures is
4
number of X failures is
0
average trial time
312.801000491435
mu is
0.00016528925619834712
number of trials is
24200
number of Z or Y failures is
4
number of X failures is
0
average trial time
315.3246539172497
mu is
0.0001639344262295082
number of trials is
24400
number of Z or Y failures is
4
number of X failures is
0
average trial time
317.8816793501447
mu is
0.00016260162601626016
number of trials is
24600
number of Z or Y failures is
4
number of X failures is
0
average trial time
320.4252736962745
mu is
0.00016129032258064516
number of trials is
24800
number of Z or Y failures is
4
number of X failures is
0
average trial time
322.9426965780693
mu is
0.00016
number of trials is
25000
number of Z or Y failures is
4
number of X failures is
0
average trial time
325.4651154972691
mu is
0.00015873015873015873
number of trials is
25200
number of Z or Y failures is
4
number of X failures is
0
average trial time
327.995588003064
mu is
0.00015748031496062991
number of trials is
25400
number of Z or Y failures is
4
number of X failures is
0
average trial time
330.54423769356976
mu is
0.00015625
number of trials is
25600
number of Z or Y failures is
4
number of X failures is
0
average trial time
333.0622247488394
mu is
0.0001550387596899225
number of trials is
25800
number of Z or Y failures is
4
number of X failures is
0
average trial time
335.60056671981465
mu is
0.00015384615384615385
number of trials is
26000
number of Z or Y failures is
4
number of X failures is
0
average trial time
338.1442833482345
mu is
0.00015267175572519084
number of trials is
26200
number of Z or Y failures is
4
number of X failures is
0
average trial time
340.6859434689096
mu is
0.00015151515151515152
number of trials is
26400
number of Z or Y failures is
4
number of X failures is
0
average trial time
343.2343619346344
mu is
0.00015037593984962405
number of trials is
26600
number of Z or Y failures is
4
number of X failures is
0
average trial time
345.7844280820892
mu is
0.00014925373134328358
number of trials is
26800
number of Z or Y failures is
4
number of X failures is
0
average trial time
348.33076740194474
mu is
0.00014814814814814815
number of trials is
27000
number of Z or Y failures is
4
number of X failures is
0
average trial time
350.82480148103457
mu is
0.00014705882352941175
number of trials is
27200
number of Z or Y failures is
4
number of X failures is
0
average trial time
353.3549413127395
mu is
0.00014598540145985403
number of trials is
27400
number of Z or Y failures is
4
number of X failures is
0
average trial time
355.8685687026347
mu is
0.00014492753623188405
number of trials is
27600
number of Z or Y failures is
4
number of X failures is
0
average trial time
358.42763970728026
mu is
0.00014388489208633093
number of trials is
27800
number of Z or Y failures is
4
number of X failures is
0
average trial time
360.9589499006803
mu is
0.00014285714285714287
number of trials is
28000
number of Z or Y failures is
4
number of X failures is
0
average trial time
363.49162100663
mu is
0.00014184397163120567
number of trials is
28200
number of Z or Y failures is
4
number of X failures is
0
average trial time
366.0487233653403
mu is
0.00014084507042253522
number of trials is
28400
number of Z or Y failures is
4
number of X failures is
0
average trial time
368.5890204801903
mu is
0.00013986013986013986
number of trials is
28600
number of Z or Y failures is
4
number of X failures is
0
average trial time
371.1622668785551
mu is
0.0001388888888888889
number of trials is
28800
number of Z or Y failures is
4
number of X failures is
0
average trial time
373.7025273381246
mu is
0.00013793103448275863
number of trials is
29000
number of Z or Y failures is
4
number of X failures is
0
average trial time
376.24682132374454
mu is
0.000136986301369863
number of trials is
29200
number of Z or Y failures is
4
number of X failures is
0
average trial time
378.8010740518548
mu is
0.00013605442176870748
number of trials is
29400
number of Z or Y failures is
4
number of X failures is
0
average trial time
381.3660841028499
mu is
0.00013513513513513514
number of trials is
29600
number of Z or Y failures is
4
number of X failures is
0
average trial time
383.9290691074805
mu is
0.00013422818791946307
number of trials is
29800
number of Z or Y failures is
4
number of X failures is
0
average trial time
386.49580027386054
mu is
0.00013333333333333334
number of trials is
30000
number of Z or Y failures is
4
number of X failures is
0
average trial time
389.07692986479
mu is
0.00013245033112582781
number of trials is
30200
number of Z or Y failures is
4
number of X failures is
0
average trial time
391.58834823106554
mu is
0.00013157894736842105
number of trials is
30400
number of Z or Y failures is
4
number of X failures is
0
average trial time
394.13583287776027
mu is
0.00013071895424836603
number of trials is
30600
number of Z or Y failures is
4
number of X failures is
0
average trial time
396.6705499154703
mu is
0.00012987012987012987
number of trials is
30800
number of Z or Y failures is
4
number of X failures is
0
average trial time
399.2464937323454
mu is
0.00012903225806451613
number of trials is
31000
number of Z or Y failures is
4
number of X failures is
0
average trial time
401.8339028670851
mu is
0.0001282051282051282
number of trials is
31200
number of Z or Y failures is
4
number of X failures is
0
average trial time
404.40442256273525
mu is
0.00012738853503184712
number of trials is
31400
number of Z or Y failures is
4
number of X failures is
0
average trial time
406.9727539147501
mu is
0.00012658227848101267
number of trials is
31600
number of Z or Y failures is
4
number of X failures is
0
average trial time
409.5009561819599
mu is
0.00012578616352201257
number of trials is
31800
number of Z or Y failures is
4
number of X failures is
0
average trial time
412.06787338239525
mu is
0.00015625
number of trials is
32000
number of Z or Y failures is
5
number of X failures is
0
average trial time
414.6535370183995
stderr is
6.987275670362103e-5
target is
1.5625e-5
mu is
0.00015527950310559007
number of trials is
32200
number of Z or Y failures is
5
number of X failures is
0
average trial time
417.2352480430446
stderr is
6.943879138704549e-5
target is
1.5527950310559007e-5
mu is
0.00015432098765432098
number of trials is
32400
number of Z or Y failures is
5
number of X failures is
0
average trial time
419.7643995128091
stderr is
6.901018333615219e-5
target is
1.54320987654321e-5
mu is
0.00015337423312883436
number of trials is
32600
number of Z or Y failures is
5
number of X failures is
0
average trial time
422.29721187450923
stderr is
6.858683395701093e-5
target is
1.5337423312883436e-5
mu is
0.0001524390243902439
number of trials is
32800
number of Z or Y failures is
5
number of X failures is
0
average trial time
424.8602207412542
stderr is
6.816864706027484e-5
target is
1.524390243902439e-5
mu is
0.00015151515151515152
number of trials is
33000
number of Z or Y failures is
5
number of X failures is
0
average trial time
427.3762743477084
stderr is
6.775552878831862e-5
target is
1.5151515151515153e-5
mu is
0.00015060240963855423
number of trials is
33200
number of Z or Y failures is
5
number of X failures is
0
average trial time
429.9443073523733
stderr is
6.734738754501011e-5
target is
1.5060240963855424e-5
mu is
0.0001497005988023952
number of trials is
33400
number of Z or Y failures is
5
number of X failures is
0
average trial time
432.46995214654874
stderr is
6.69441339280051e-5
target is
1.497005988023952e-5
mu is
0.00014880952380952382
number of trials is
33600
number of Z or Y failures is
5
number of X failures is
0
average trial time
435.01964937621904
stderr is
6.65456806634598e-5
target is
1.4880952380952383e-5
mu is
0.00014792899408284024
number of trials is
33800
number of Z or Y failures is
5
number of X failures is
0
average trial time
437.5823542676297
stderr is
6.615194254306124e-5
target is
1.4792899408284025e-5
mu is
0.00014705882352941175
number of trials is
34000
number of Z or Y failures is
5
number of X failures is
0
average trial time
440.13086601706004
stderr is
6.576283636328001e-5
target is
1.4705882352941175e-5
mu is
0.00014619883040935673
number of trials is
34200
number of Z or Y failures is
5
number of X failures is
0
average trial time
442.68328846795043
stderr is
6.53782808667541e-5
target is
1.4619883040935673e-5
mu is
0.00014534883720930232
number of trials is
34400
number of Z or Y failures is
5
number of X failures is
0
average trial time
445.23174537941077
stderr is
6.499819668571776e-5
target is
1.4534883720930233e-5
mu is
0.00014450867052023122
number of trials is
34600
number of Z or Y failures is
5
number of X failures is
0
average trial time
447.75631425771576
stderr is
6.462250628739189e-5
target is
1.4450867052023123e-5
mu is
0.00014367816091954023
number of trials is
34800
number of Z or Y failures is
5
number of X failures is
0
average trial time
450.26846452971506
stderr is
6.425113392125769e-5
target is
1.4367816091954024e-5
mu is
0.00014285714285714287
number of trials is
35000
number of Z or Y failures is
5
number of X failures is
0
average trial time
452.8293044675596
stderr is
6.388400556813776e-5
target is
1.4285714285714287e-5
mu is
0.00014204545454545454
number of trials is
35200
number of Z or Y failures is
5
number of X failures is
0
average trial time
455.353448673145
stderr is
6.352104889101312e-5
target is
1.4204545454545455e-5
mu is
0.00014124293785310735
number of trials is
35400
number of Z or Y failures is
5
number of X failures is
0
average trial time
457.8987092343499
stderr is
6.316219318750731e-5
target is
1.4124293785310736e-5
mu is
0.0001404494382022472
number of trials is
35600
number of Z or Y failures is
5
number of X failures is
0
average trial time
460.43754903192456
stderr is
6.280736934397193e-5
target is
1.4044943820224721e-5
mu is
0.00013966480446927373
number of trials is
35800
number of Z or Y failures is
5
number of X failures is
0
average trial time
462.96404320353423
stderr is
6.245650979111141e-5
target is
1.3966480446927374e-5
mu is
0.0001388888888888889
number of trials is
36000
number of Z or Y failures is
5
number of X failures is
0
average trial time
465.50838071663935
stderr is
6.210954846108655e-5
target is
1.388888888888889e-5
mu is
0.00013812154696132598
number of trials is
36200
number of Z or Y failures is
5
number of X failures is
0
average trial time
468.01569867753904
stderr is
6.176642074604025e-5
target is
1.3812154696132598e-5
mu is
0.00013736263736263736
number of trials is
36400
number of Z or Y failures is
5
number of X failures is
0
average trial time
470.55612331329377
stderr is
6.142706345799021e-5
target is
1.3736263736263736e-5
mu is
0.0001366120218579235
number of trials is
36600
number of Z or Y failures is
5
number of X failures is
0
average trial time
473.0975654104082
stderr is
6.109141479003672e-5
target is
1.366120218579235e-5
mu is
0.0001358695652173913
number of trials is
36800
number of Z or Y failures is
5
number of X failures is
0
average trial time
475.65060015162305
stderr is
6.0759414278835275e-5
target is
1.3586956521739131e-5
mu is
0.00013513513513513514
number of trials is
37000
number of Z or Y failures is
5
number of X failures is
0
average trial time
478.19043582656326
stderr is
6.04310027682862e-5
target is
1.3513513513513515e-5
mu is
0.00013440860215053763
number of trials is
37200
number of Z or Y failures is
5
number of X failures is
0
average trial time
480.7090156522987
stderr is
6.0106122374395594e-5
target is
1.3440860215053763e-5
mu is
0.00013368983957219252
number of trials is
37400
number of Z or Y failures is
5
number of X failures is
0
average trial time
483.22850019022883
stderr is
5.978471645126361e-5
target is
1.3368983957219252e-5
mu is
0.00013297872340425532
number of trials is
37600
number of Z or Y failures is
5
number of X failures is
0
average trial time
485.76059562261884
stderr is
5.946672955815818e-5
target is
1.3297872340425533e-5
mu is
0.00013227513227513228
number of trials is
37800
number of Z or Y failures is
5
number of X failures is
0
average trial time
488.34147854912374
stderr is
5.9152107427633926e-5
target is
1.322751322751323e-5
mu is
0.00013157894736842105
number of trials is
38000
number of Z or Y failures is
5
number of X failures is
0
average trial time
490.9103775710236
stderr is
5.884079693465786e-5
target is
1.3157894736842106e-5
mu is
0.00013089005235602096
number of trials is
38200
number of Z or Y failures is
5
number of X failures is
0
average trial time
493.4896653503339
stderr is
5.853274606670486e-5
target is
1.3089005235602096e-5
mu is
0.00013020833333333333
number of trials is
38400
number of Z or Y failures is
5
number of X failures is
0
average trial time
496.0367410693093
stderr is
5.822790389478761e-5
target is
1.3020833333333334e-5
mu is
0.00012953367875647668
number of trials is
38600
number of Z or Y failures is
5
number of X failures is
0
average trial time
498.6294833036895
stderr is
5.792622054538712e-5
target is
1.2953367875647668e-5
mu is
0.0001288659793814433
number of trials is
38800
number of Z or Y failures is
5
number of X failures is
0
average trial time
501.1981404566697
stderr is
5.7627647173251345e-5
target is
1.288659793814433e-5
mu is
0.0001282051282051282
number of trials is
39000
number of Z or Y failures is
5
number of X failures is
0
average trial time
503.7422304697598
stderr is
5.7332135935030775e-5
target is
1.2820512820512822e-5
mu is
0.00012755102040816328
number of trials is
39200
number of Z or Y failures is
5
number of X failures is
0
average trial time
506.30778968197023
stderr is
5.703963996372085e-5
target is
1.2755102040816329e-5
mu is
0.0001269035532994924
number of trials is
39400
number of Z or Y failures is
5
number of X failures is
0
average trial time
508.8475988038254
stderr is
5.675011334388308e-5
target is
1.269035532994924e-5
mu is
0.00012626262626262626
number of trials is
39600
number of Z or Y failures is
5
number of X failures is
0
average trial time
511.3770610470651
stderr is
5.646351108761668e-5
target is
1.2626262626262626e-5
mu is
0.0001256281407035176
number of trials is
39800
number of Z or Y failures is
5
number of X failures is
0
average trial time
513.9211090177356
stderr is
5.6179789111254807e-5
target is
1.256281407035176e-5
mu is
0.000125
number of trials is
40000
number of Z or Y failures is
5
number of X failures is
0
average trial time
516.4600590126505
stderr is
5.589890421275988e-5
target is
1.25e-5
mu is
0.0001243781094527363
number of trials is
40200
number of Z or Y failures is
5
number of X failures is
0
average trial time
519.0130402229754
stderr is
5.5620814049793556e-5
target is
1.2437810945273631e-5
mu is
0.00012376237623762376
number of trials is
40400
number of Z or Y failures is
5
number of X failures is
0
average trial time
521.3882924563703
stderr is
5.534547711843811e-5
target is
1.2376237623762377e-5
mu is
0.0001231527093596059
number of trials is
40600
number of Z or Y failures is
5
number of X failures is
0
average trial time
523.7201909773854
stderr is
5.5072852732546674e-5
target is
1.231527093596059e-5
mu is
0.00012254901960784314
number of trials is
40800
number of Z or Y failures is
5
number of X failures is
0
average trial time
526.0728209177001
stderr is
5.480290100370088e-5
target is
1.2254901960784315e-5
mu is
0.00012195121951219512
number of trials is
41000
number of Z or Y failures is
5
number of X failures is
0
average trial time
528.4269330366551
stderr is
5.453558282175497e-5
target is
1.2195121951219513e-5
mu is
0.00012135922330097087
number of trials is
41200
number of Z or Y failures is
5
number of X failures is
0
average trial time
530.771304079185
stderr is
5.427085983594659e-5
target is
1.2135922330097088e-5
mu is
0.00012077294685990338
number of trials is
41400
number of Z or Y failures is
5
number of X failures is
0
average trial time
533.1135253747095
stderr is
5.400869443655513e-5
target is
1.2077294685990338e-5
mu is
0.0001201923076923077
number of trials is
41600
number of Z or Y failures is
5
number of X failures is
0
average trial time
535.4245958852092
stderr is
5.374904973708903e-5
target is
1.2019230769230771e-5
mu is
0.00011961722488038278
number of trials is
41800
number of Z or Y failures is
5
number of X failures is
0
average trial time
537.7895961281295
stderr is
5.349188955698451e-5
target is
1.1961722488038278e-5
mu is
0.00011904761904761905
number of trials is
42000
number of Z or Y failures is
5
number of X failures is
0
average trial time
540.1047744394301
stderr is
5.3237178404798535e-5
target is
1.1904761904761905e-5
mu is
0.00011848341232227489
number of trials is
42200
number of Z or Y failures is
5
number of X failures is
0
average trial time
542.46068428153
stderr is
5.2984881461879785e-5
target is
1.184834123222749e-5
mu is
0.0001179245283018868
number of trials is
42400
number of Z or Y failures is
5
number of X failures is
0
average trial time
544.8102027000001
stderr is
5.2734964566501555e-5
target is
1.179245283018868e-5
mu is
0.00011737089201877934
number of trials is
42600
number of Z or Y failures is
5
number of X failures is
0
average trial time
547.1540647675597
stderr is
5.248739419844183e-5
target is
1.1737089201877934e-5
mu is
0.00011682242990654206
number of trials is
42800
number of Z or Y failures is
5
number of X failures is
0
average trial time
549.50689436063
stderr is
5.224213746399548e-5
target is
1.1682242990654207e-5
mu is
0.00011627906976744187
number of trials is
43000
number of Z or Y failures is
5
number of X failures is
0
average trial time
551.8424982469801
stderr is
5.1999162081404845e-5
target is
1.1627906976744187e-5
mu is
0.00011574074074074075
number of trials is
43200
number of Z or Y failures is
5
number of X failures is
0
average trial time
554.2242645195099
stderr is
5.1758436366694855e-5
target is
1.1574074074074075e-5
mu is
0.0001152073732718894
number of trials is
43400
number of Z or Y failures is
5
number of X failures is
0
average trial time
556.5851602974501
stderr is
5.1519929219899965e-5
target is
1.152073732718894e-5
mu is
0.00011467889908256881
number of trials is
43600
number of Z or Y failures is
5
number of X failures is
0
average trial time
558.9359384274647
stderr is
5.128361011167001e-5
target is
1.1467889908256882e-5
mu is
0.00011415525114155251
number of trials is
43800
number of Z or Y failures is
5
number of X failures is
0
average trial time
561.2598903797297
stderr is
5.104944907024302e-5
target is
1.1415525114155251e-5
mu is
0.00011363636363636364
number of trials is
44000
number of Z or Y failures is
5
number of X failures is
0
average trial time
563.6421309271046
stderr is
5.081741666877339e-5
target is
1.1363636363636365e-5
mu is
0.00011312217194570136
number of trials is
44200
number of Z or Y failures is
5
number of X failures is
0
average trial time
566.0075305718998
stderr is
5.0587484013004015e-5
target is
1.1312217194570137e-5
mu is
0.00011261261261261261
number of trials is
44400
number of Z or Y failures is
5
number of X failures is
0
average trial time
568.3906692640005
stderr is
5.0359622729271554e-5
target is
1.1261261261261261e-5
mu is
0.00011210762331838565
number of trials is
44600
number of Z or Y failures is
5
number of X failures is
0
average trial time
570.7625174966956
stderr is
5.0133804952834446e-5
target is
1.1210762331838566e-5
mu is
0.00011160714285714285
number of trials is
44800
number of Z or Y failures is
5
number of X failures is
0
average trial time
573.151297323055
stderr is
4.991000331651363e-5
target is
1.1160714285714286e-5
mu is
0.00011111111111111112
number of trials is
45000
number of Z or Y failures is
5
number of X failures is
0
average trial time
575.5268467109751
stderr is
4.9688190939636e-5
target is
1.1111111111111112e-5
mu is
0.00011061946902654867
number of trials is
45200
number of Z or Y failures is
5
number of X failures is
0
average trial time
577.9004354251844
stderr is
4.946834141727153e-5
target is
1.1061946902654867e-5
mu is
0.00011013215859030837
number of trials is
45400
number of Z or Y failures is
5
number of X failures is
0
average trial time
580.229550801119
stderr is
4.9250428809754806e-5
target is
1.1013215859030838e-5
mu is
0.00010964912280701755
number of trials is
45600
number of Z or Y failures is
5
number of X failures is
0
average trial time
582.5804085497895
stderr is
4.903442763248228e-5
target is
1.0964912280701755e-5
mu is
0.0001091703056768559
number of trials is
45800
number of Z or Y failures is
5
number of X failures is
0
average trial time
584.9429273502793
stderr is
4.882031284597687e-5
target is
1.091703056768559e-5
mu is
0.00010869565217391305
number of trials is
46000
number of Z or Y failures is
5
number of X failures is
0
average trial time
587.3166645995843
stderr is
4.860805984621176e-5
target is
1.0869565217391305e-5
5
0
46000
0.00010869565217391305
