mu is
0.0
number of trials is
200
number of Z or Y failures is
0
number of X failures is
0
average trial time
2.4459734912600006
mu is
0.0
number of trials is
400
number of Z or Y failures is
0
number of X failures is
0
average trial time
4.704974561560002
mu is
0.0
number of trials is
600
number of Z or Y failures is
0
number of X failures is
0
average trial time
6.994485960280002
mu is
0.0
number of trials is
800
number of Z or Y failures is
0
number of X failures is
0
average trial time
9.295600895855
mu is
0.0
number of trials is
1000
number of Z or Y failures is
0
number of X failures is
0
average trial time
11.641288397100006
mu is
0.0
number of trials is
1200
number of Z or Y failures is
0
number of X failures is
0
average trial time
14.061728565945018
mu is
0.0
number of trials is
1400
number of Z or Y failures is
0
number of X failures is
0
average trial time
16.51669523124502
mu is
0.0
number of trials is
1600
number of Z or Y failures is
0
number of X failures is
0
average trial time
19.03015984452502
mu is
0.0
number of trials is
1800
number of Z or Y failures is
0
number of X failures is
0
average trial time
21.57928884139
mu is
0.0005
number of trials is
2000
number of Z or Y failures is
1
number of X failures is
0
average trial time
24.222617094585008
mu is
0.00045454545454545455
number of trials is
2200
number of Z or Y failures is
1
number of X failures is
0
average trial time
26.93875607097003
mu is
0.0004166666666666667
number of trials is
2400
number of Z or Y failures is
1
number of X failures is
0
average trial time
29.601511313470052
mu is
0.0003846153846153846
number of trials is
2600
number of Z or Y failures is
1
number of X failures is
0
average trial time
32.37354450672508
mu is
0.00035714285714285714
number of trials is
2800
number of Z or Y failures is
1
number of X failures is
0
average trial time
35.13281942465508
mu is
0.0003333333333333333
number of trials is
3000
number of Z or Y failures is
1
number of X failures is
0
average trial time
37.87854365521506
mu is
0.0003125
number of trials is
3200
number of Z or Y failures is
1
number of X failures is
0
average trial time
40.709212019595086
mu is
0.0002941176470588235
number of trials is
3400
number of Z or Y failures is
1
number of X failures is
0
average trial time
43.542805582670184
mu is
0.0002777777777777778
number of trials is
3600
number of Z or Y failures is
1
number of X failures is
0
average trial time
46.30305811827524
mu is
0.0002631578947368421
number of trials is
3800
number of Z or Y failures is
1
number of X failures is
0
average trial time
49.055206282810325
mu is
0.00025
number of trials is
4000
number of Z or Y failures is
1
number of X failures is
0
average trial time
51.84902507813032
mu is
0.0002380952380952381
number of trials is
4200
number of Z or Y failures is
1
number of X failures is
0
average trial time
54.61907248311034
mu is
0.00022727272727272727
number of trials is
4400
number of Z or Y failures is
1
number of X failures is
0
average trial time
57.37792951892538
mu is
0.0002173913043478261
number of trials is
4600
number of Z or Y failures is
1
number of X failures is
0
average trial time
60.1176689877654
mu is
0.00020833333333333335
number of trials is
4800
number of Z or Y failures is
1
number of X failures is
0
average trial time
62.869841492075345
mu is
0.0002
number of trials is
5000
number of Z or Y failures is
1
number of X failures is
0
average trial time
65.5795836148803
mu is
0.0001923076923076923
number of trials is
5200
number of Z or Y failures is
1
number of X failures is
0
average trial time
68.27563129323033
mu is
0.00018518518518518518
number of trials is
5400
number of Z or Y failures is
1
number of X failures is
0
average trial time
70.97685740476535
mu is
0.00017857142857142857
number of trials is
5600
number of Z or Y failures is
1
number of X failures is
0
average trial time
73.65872085508538
mu is
0.00017241379310344826
number of trials is
5800
number of Z or Y failures is
1
number of X failures is
0
average trial time
76.32414224404536
mu is
0.00016666666666666666
number of trials is
6000
number of Z or Y failures is
1
number of X failures is
0
average trial time
79.06009102486038
mu is
0.00016129032258064516
number of trials is
6200
number of Z or Y failures is
1
number of X failures is
0
average trial time
81.75579766707534
mu is
0.00015625
number of trials is
6400
number of Z or Y failures is
1
number of X failures is
0
average trial time
84.41466525109536
mu is
0.00015151515151515152
number of trials is
6600
number of Z or Y failures is
1
number of X failures is
0
average trial time
87.15283595270544
mu is
0.00014705882352941175
number of trials is
6800
number of Z or Y failures is
1
number of X failures is
0
average trial time
89.80400308267542
mu is
0.00014285714285714287
number of trials is
7000
number of Z or Y failures is
1
number of X failures is
0
average trial time
92.45145558659537
mu is
0.0001388888888888889
number of trials is
7200
number of Z or Y failures is
1
number of X failures is
0
average trial time
95.12349768102047
mu is
0.00013513513513513514
number of trials is
7400
number of Z or Y failures is
1
number of X failures is
0
average trial time
97.80468375592054
mu is
0.00013157894736842105
number of trials is
7600
number of Z or Y failures is
1
number of X failures is
0
average trial time
100.49813803610056
mu is
0.0002564102564102564
number of trials is
7800
number of Z or Y failures is
2
number of X failures is
0
average trial time
103.12418895483547
mu is
0.00025
number of trials is
8000
number of Z or Y failures is
2
number of X failures is
0
average trial time
105.79483847267042
mu is
0.00024390243902439024
number of trials is
8200
number of Z or Y failures is
2
number of X failures is
0
average trial time
108.4232900038604
mu is
0.0002380952380952381
number of trials is
8400
number of Z or Y failures is
2
number of X failures is
0
average trial time
111.07989843497049
mu is
0.00023255813953488373
number of trials is
8600
number of Z or Y failures is
2
number of X failures is
0
average trial time
113.70511105908055
mu is
0.00022727272727272727
number of trials is
8800
number of Z or Y failures is
2
number of X failures is
0
average trial time
116.33324908007555
mu is
0.00022222222222222223
number of trials is
9000
number of Z or Y failures is
2
number of X failures is
0
average trial time
118.95834977981065
mu is
0.00032608695652173916
number of trials is
9200
number of Z or Y failures is
3
number of X failures is
0
average trial time
121.63523640844559
mu is
0.00031914893617021275
number of trials is
9400
number of Z or Y failures is
3
number of X failures is
0
average trial time
124.21775666976568
mu is
0.0003125
number of trials is
9600
number of Z or Y failures is
3
number of X failures is
0
average trial time
126.9133858471657
mu is
0.0003061224489795918
number of trials is
9800
number of Z or Y failures is
3
number of X failures is
0
average trial time
129.50960198632566
mu is
0.0003
number of trials is
10000
number of Z or Y failures is
3
number of X failures is
0
average trial time
132.14911786473553
mu is
0.0002941176470588235
number of trials is
10200
number of Z or Y failures is
3
number of X failures is
0
average trial time
134.73112722271054
mu is
0.0002884615384615385
number of trials is
10400
number of Z or Y failures is
3
number of X failures is
0
average trial time
137.33509210987063
mu is
0.0002830188679245283
number of trials is
10600
number of Z or Y failures is
3
number of X failures is
0
average trial time
139.97007236600084
mu is
0.0002777777777777778
number of trials is
10800
number of Z or Y failures is
3
number of X failures is
0
average trial time
142.58050137563578
mu is
0.00027272727272727274
number of trials is
11000
number of Z or Y failures is
3
number of X failures is
0
average trial time
145.19786627654585
mu is
0.00026785714285714287
number of trials is
11200
number of Z or Y failures is
3
number of X failures is
0
average trial time
147.80853454623588
mu is
0.0002631578947368421
number of trials is
11400
number of Z or Y failures is
3
number of X failures is
0
average trial time
150.38722967055585
mu is
0.0002586206896551724
number of trials is
11600
number of Z or Y failures is
3
number of X failures is
0
average trial time
153.0207144932857
mu is
0.0002542372881355932
number of trials is
11800
number of Z or Y failures is
3
number of X failures is
0
average trial time
155.6091981825657
mu is
0.00025
number of trials is
12000
number of Z or Y failures is
3
number of X failures is
0
average trial time
158.18674521312073
mu is
0.0002459016393442623
number of trials is
12200
number of Z or Y failures is
3
number of X failures is
0
average trial time
160.7622651478058
mu is
0.00024193548387096774
number of trials is
12400
number of Z or Y failures is
3
number of X failures is
0
average trial time
163.35709574693078
mu is
0.0002380952380952381
number of trials is
12600
number of Z or Y failures is
3
number of X failures is
0
average trial time
165.94972171835587
mu is
0.000234375
number of trials is
12800
number of Z or Y failures is
3
number of X failures is
0
average trial time
168.58866314215086
mu is
0.00023076923076923076
number of trials is
13000
number of Z or Y failures is
3
number of X failures is
0
average trial time
171.16302162453562
mu is
0.00022727272727272727
number of trials is
13200
number of Z or Y failures is
3
number of X failures is
0
average trial time
173.74064126252557
mu is
0.00022388059701492538
number of trials is
13400
number of Z or Y failures is
3
number of X failures is
0
average trial time
176.31112024944522
mu is
0.00022058823529411765
number of trials is
13600
number of Z or Y failures is
3
number of X failures is
0
average trial time
178.94830324680032
mu is
0.0002173913043478261
number of trials is
13800
number of Z or Y failures is
3
number of X failures is
0
average trial time
181.5411267083353
mu is
0.00021428571428571427
number of trials is
14000
number of Z or Y failures is
3
number of X failures is
0
average trial time
184.1095078762003
mu is
0.00021126760563380283
number of trials is
14200
number of Z or Y failures is
3
number of X failures is
0
average trial time
186.6764716988203
mu is
0.00020833333333333335
number of trials is
14400
number of Z or Y failures is
3
number of X failures is
0
average trial time
189.3090150191855
mu is
0.00020547945205479453
number of trials is
14600
number of Z or Y failures is
3
number of X failures is
0
average trial time
191.89739874884538
mu is
0.0002027027027027027
number of trials is
14800
number of Z or Y failures is
3
number of X failures is
0
average trial time
194.46748326157547
mu is
0.0002
number of trials is
15000
number of Z or Y failures is
3
number of X failures is
0
average trial time
197.05641748824536
mu is
0.00019736842105263157
number of trials is
15200
number of Z or Y failures is
3
number of X failures is
0
average trial time
199.63351244878558
mu is
0.0001948051948051948
number of trials is
15400
number of Z or Y failures is
3
number of X failures is
0
average trial time
202.21637362859556
mu is
0.0001923076923076923
number of trials is
15600
number of Z or Y failures is
3
number of X failures is
0
average trial time
204.79185715502564
mu is
0.00018987341772151899
number of trials is
15800
number of Z or Y failures is
3
number of X failures is
0
average trial time
207.41339221904565
mu is
0.0001875
number of trials is
16000
number of Z or Y failures is
3
number of X failures is
0
average trial time
209.97366672926555
mu is
0.00018518518518518518
number of trials is
16200
number of Z or Y failures is
3
number of X failures is
0
average trial time
212.57756608757572
mu is
0.00024390243902439024
number of trials is
16400
number of Z or Y failures is
4
number of X failures is
0
average trial time
215.12231897092568
mu is
0.00024096385542168674
number of trials is
16600
number of Z or Y failures is
4
number of X failures is
0
average trial time
217.6631520993559
mu is
0.0002380952380952381
number of trials is
16800
number of Z or Y failures is
4
number of X failures is
0
average trial time
220.23081446658074
mu is
0.00023529411764705883
number of trials is
17000
number of Z or Y failures is
4
number of X failures is
0
average trial time
222.76128099963586
mu is
0.00023255813953488373
number of trials is
17200
number of Z or Y failures is
4
number of X failures is
0
average trial time
225.30988029359114
mu is
0.00022988505747126436
number of trials is
17400
number of Z or Y failures is
4
number of X failures is
0
average trial time
227.84168982618124
mu is
0.00022727272727272727
number of trials is
17600
number of Z or Y failures is
4
number of X failures is
0
average trial time
230.3845297810063
mu is
0.00022471910112359551
number of trials is
17800
number of Z or Y failures is
4
number of X failures is
0
average trial time
232.93833933860137
mu is
0.00022222222222222223
number of trials is
18000
number of Z or Y failures is
4
number of X failures is
0
average trial time
235.44510161531124
mu is
0.00021978021978021978
number of trials is
18200
number of Z or Y failures is
4
number of X failures is
0
average trial time
238.05841543467122
mu is
0.0002173913043478261
number of trials is
18400
number of Z or Y failures is
4
number of X failures is
0
average trial time
240.62624562151112
mu is
0.00021505376344086021
number of trials is
18600
number of Z or Y failures is
4
number of X failures is
0
average trial time
243.18730770056115
mu is
0.0002127659574468085
number of trials is
18800
number of Z or Y failures is
4
number of X failures is
0
average trial time
245.74138491220145
mu is
0.0002105263157894737
number of trials is
19000
number of Z or Y failures is
4
number of X failures is
0
average trial time
248.28807034912165
mu is
0.00020833333333333335
number of trials is
19200
number of Z or Y failures is
4
number of X failures is
0
average trial time
250.8681003988365
mu is
0.0002061855670103093
number of trials is
19400
number of Z or Y failures is
4
number of X failures is
0
average trial time
253.41147087180633
mu is
0.00020408163265306123
number of trials is
19600
number of Z or Y failures is
4
number of X failures is
0
average trial time
255.9441233057664
mu is
0.00020202020202020202
number of trials is
19800
number of Z or Y failures is
4
number of X failures is
0
average trial time
258.5041094126663
mu is
0.0002
number of trials is
20000
number of Z or Y failures is
4
number of X failures is
0
average trial time
261.05975273594646
mu is
0.00019801980198019803
number of trials is
20200
number of Z or Y failures is
4
number of X failures is
0
average trial time
263.6112669941365
mu is
0.000196078431372549
number of trials is
20400
number of Z or Y failures is
4
number of X failures is
0
average trial time
266.17736446052623
mu is
0.0001941747572815534
number of trials is
20600
number of Z or Y failures is
4
number of X failures is
0
average trial time
268.73645074286117
mu is
0.0001923076923076923
number of trials is
20800
number of Z or Y failures is
4
number of X failures is
0
average trial time
271.2364250017512
mu is
0.00019047619047619048
number of trials is
21000
number of Z or Y failures is
4
number of X failures is
0
average trial time
273.7528970352562
mu is
0.00018867924528301886
number of trials is
21200
number of Z or Y failures is
4
number of X failures is
0
average trial time
276.28961957398604
mu is
0.00018691588785046728
number of trials is
21400
number of Z or Y failures is
4
number of X failures is
0
average trial time
278.82792895211617
mu is
0.00018518518518518518
number of trials is
21600
number of Z or Y failures is
4
number of X failures is
0
average trial time
281.370159909326
mu is
0.0001834862385321101
number of trials is
21800
number of Z or Y failures is
4
number of X failures is
0
average trial time
283.91380646173593
mu is
0.0001818181818181818
number of trials is
22000
number of Z or Y failures is
4
number of X failures is
0
average trial time
286.464853465636
mu is
0.00018018018018018018
number of trials is
22200
number of Z or Y failures is
4
number of X failures is
0
average trial time
289.003239584526
mu is
0.00017857142857142857
number of trials is
22400
number of Z or Y failures is
4
number of X failures is
0
average trial time
291.5381265784763
mu is
0.00017699115044247788
number of trials is
22600
number of Z or Y failures is
4
number of X failures is
0
average trial time
294.0863317986662
mu is
0.00017543859649122806
number of trials is
22800
number of Z or Y failures is
4
number of X failures is
0
average trial time
296.62377236229133
mu is
0.00017391304347826088
number of trials is
23000
number of Z or Y failures is
4
number of X failures is
0
average trial time
299.14886187082135
mu is
0.00017241379310344826
number of trials is
23200
number of Z or Y failures is
4
number of X failures is
0
average trial time
301.6750082132165
mu is
0.00017094017094017094
number of trials is
23400
number of Z or Y failures is
4
number of X failures is
0
average trial time
304.1957490259015
mu is
0.00016949152542372882
number of trials is
23600
number of Z or Y failures is
4
number of X failures is
0
average trial time
306.7858605807364
mu is
0.0001680672268907563
number of trials is
23800
number of Z or Y failures is
4
number of X failures is
0
average trial time
309.3101090818365
mu is
0.00016666666666666666
number of trials is
24000
number of Z or Y failures is
4
number of X failures is
0
average trial time
311.8490431872961
mu is
0.00016528925619834712
number of trials is
24200
number of Z or Y failures is
4
number of X failures is
0
average trial time
314.43386459224615
mu is
0.0001639344262295082
number of trials is
24400
number of Z or Y failures is
4
number of X failures is
0
average trial time
316.9868094452162
mu is
0.00016260162601626016
number of trials is
24600
number of Z or Y failures is
4
number of X failures is
0
average trial time
319.5331408781159
mu is
0.00016129032258064516
number of trials is
24800
number of Z or Y failures is
4
number of X failures is
0
average trial time
322.0950417663361
mu is
0.00016
number of trials is
25000
number of Z or Y failures is
4
number of X failures is
0
average trial time
324.6638544903562
mu is
0.00015873015873015873
number of trials is
25200
number of Z or Y failures is
4
number of X failures is
0
average trial time
327.2197893372364
mu is
0.00015748031496062991
number of trials is
25400
number of Z or Y failures is
4
number of X failures is
0
average trial time
329.78919670032616
mu is
0.00015625
number of trials is
25600
number of Z or Y failures is
4
number of X failures is
0
average trial time
332.35582188674596
mu is
0.0001550387596899225
number of trials is
25800
number of Z or Y failures is
4
number of X failures is
0
average trial time
334.8973935045958
mu is
0.00015384615384615385
number of trials is
26000
number of Z or Y failures is
4
number of X failures is
0
average trial time
337.418402138196
mu is
0.00015267175572519084
number of trials is
26200
number of Z or Y failures is
4
number of X failures is
0
average trial time
339.99924174158105
mu is
0.00015151515151515152
number of trials is
26400
number of Z or Y failures is
4
number of X failures is
0
average trial time
342.54183038847134
mu is
0.00015037593984962405
number of trials is
26600
number of Z or Y failures is
4
number of X failures is
0
average trial time
345.07885661850617
mu is
0.00014925373134328358
number of trials is
26800
number of Z or Y failures is
4
number of X failures is
0
average trial time
347.6097528241413
mu is
0.00014814814814814815
number of trials is
27000
number of Z or Y failures is
4
number of X failures is
0
average trial time
350.12487816171665
mu is
0.00014705882352941175
number of trials is
27200
number of Z or Y failures is
4
number of X failures is
0
average trial time
352.66126665200665
mu is
0.00014598540145985403
number of trials is
27400
number of Z or Y failures is
4
number of X failures is
0
average trial time
355.2080372324565
mu is
0.00014492753623188405
number of trials is
27600
number of Z or Y failures is
4
number of X failures is
0
average trial time
357.75718748358145
mu is
0.00014388489208633093
number of trials is
27800
number of Z or Y failures is
4
number of X failures is
0
average trial time
360.3095072961916
mu is
0.00014285714285714287
number of trials is
28000
number of Z or Y failures is
4
number of X failures is
0
average trial time
362.8424958334765
mu is
0.00014184397163120567
number of trials is
28200
number of Z or Y failures is
4
number of X failures is
0
average trial time
365.38075984186617
mu is
0.00014084507042253522
number of trials is
28400
number of Z or Y failures is
4
number of X failures is
0
average trial time
367.9254569911617
mu is
0.00013986013986013986
number of trials is
28600
number of Z or Y failures is
4
number of X failures is
0
average trial time
370.46021029947656
mu is
0.0001388888888888889
number of trials is
28800
number of Z or Y failures is
4
number of X failures is
0
average trial time
372.9950316188562
mu is
0.00013793103448275863
number of trials is
29000
number of Z or Y failures is
4
number of X failures is
0
average trial time
375.5245957208862
mu is
0.000136986301369863
number of trials is
29200
number of Z or Y failures is
4
number of X failures is
0
average trial time
378.0530047736366
mu is
0.00013605442176870748
number of trials is
29400
number of Z or Y failures is
4
number of X failures is
0
average trial time
380.54633070148634
mu is
0.00013513513513513514
number of trials is
29600
number of Z or Y failures is
4
number of X failures is
0
average trial time
383.05611920071647
mu is
0.00013422818791946307
number of trials is
29800
number of Z or Y failures is
4
number of X failures is
0
average trial time
385.6045292530811
mu is
0.00013333333333333334
number of trials is
30000
number of Z or Y failures is
4
number of X failures is
0
average trial time
388.13439011711597
mu is
0.00013245033112582781
number of trials is
30200
number of Z or Y failures is
4
number of X failures is
0
average trial time
390.65693953445634
mu is
0.00013157894736842105
number of trials is
30400
number of Z or Y failures is
4
number of X failures is
0
average trial time
393.1710950221266
mu is
0.00013071895424836603
number of trials is
30600
number of Z or Y failures is
4
number of X failures is
0
average trial time
395.69976690001124
mu is
0.00012987012987012987
number of trials is
30800
number of Z or Y failures is
4
number of X failures is
0
average trial time
398.2509342149912
mu is
0.00012903225806451613
number of trials is
31000
number of Z or Y failures is
4
number of X failures is
0
average trial time
400.7983206845815
mu is
0.0001282051282051282
number of trials is
31200
number of Z or Y failures is
4
number of X failures is
0
average trial time
403.3160339136413
mu is
0.00012738853503184712
number of trials is
31400
number of Z or Y failures is
4
number of X failures is
0
average trial time
405.8649479954368
mu is
0.00012658227848101267
number of trials is
31600
number of Z or Y failures is
4
number of X failures is
0
average trial time
408.3889681678768
mu is
0.00012578616352201257
number of trials is
31800
number of Z or Y failures is
4
number of X failures is
0
average trial time
410.8910085443364
mu is
0.000125
number of trials is
32000
number of Z or Y failures is
4
number of X failures is
0
average trial time
413.447406850607
mu is
0.00012422360248447205
number of trials is
32200
number of Z or Y failures is
4
number of X failures is
0
average trial time
415.98098129585736
mu is
0.0001234567901234568
number of trials is
32400
number of Z or Y failures is
4
number of X failures is
0
average trial time
418.4983798293124
mu is
0.0001226993865030675
number of trials is
32600
number of Z or Y failures is
4
number of X failures is
0
average trial time
421.0404268169924
mu is
0.00012195121951219512
number of trials is
32800
number of Z or Y failures is
4
number of X failures is
0
average trial time
423.5988963070077
mu is
0.00012121212121212121
number of trials is
33000
number of Z or Y failures is
4
number of X failures is
0
average trial time
426.1450016151178
mu is
0.00012048192771084337
number of trials is
33200
number of Z or Y failures is
4
number of X failures is
0
average trial time
428.7189533072524
mu is
0.00011976047904191617
number of trials is
33400
number of Z or Y failures is
4
number of X failures is
0
average trial time
431.27955511890264
mu is
0.00011904761904761905
number of trials is
33600
number of Z or Y failures is
4
number of X failures is
0
average trial time
433.82695399316276
mu is
0.00014792899408284024
number of trials is
33800
number of Z or Y failures is
5
number of X failures is
0
average trial time
436.3977174784531
stderr is
6.615194254306124e-5
target is
1.4792899408284025e-5
mu is
0.00014705882352941175
number of trials is
34000
number of Z or Y failures is
5
number of X failures is
0
average trial time
438.9525422921731
stderr is
6.576283636328001e-5
target is
1.4705882352941175e-5
mu is
0.00017543859649122806
number of trials is
34200
number of Z or Y failures is
6
number of X failures is
0
average trial time
441.4915023048483
stderr is
7.161727119106429e-5
target is
1.7543859649122806e-5
mu is
0.0001744186046511628
number of trials is
34400
number of Z or Y failures is
6
number of X failures is
0
average trial time
444.0318621003682
stderr is
7.120092197371535e-5
target is
1.744186046511628e-5
mu is
0.00017341040462427745
number of trials is
34600
number of Z or Y failures is
6
number of X failures is
0
average trial time
446.5630032689534
stderr is
7.078938569421635e-5
target is
1.7341040462427746e-5
mu is
0.00017241379310344826
number of trials is
34800
number of Z or Y failures is
6
number of X failures is
0
average trial time
449.0952011625379
stderr is
7.038257937684444e-5
target is
1.7241379310344828e-5
mu is
0.00017142857142857143
number of trials is
35000
number of Z or Y failures is
6
number of X failures is
0
average trial time
451.6333579274326
stderr is
6.99804219423291e-5
target is
1.7142857142857142e-5
mu is
0.00017045454545454547
number of trials is
35200
number of Z or Y failures is
6
number of X failures is
0
average trial time
454.18988942114294
stderr is
6.958283415397963e-5
target is
1.7045454545454546e-5
mu is
0.00016949152542372882
number of trials is
35400
number of Z or Y failures is
6
number of X failures is
0
average trial time
456.7100449541982
stderr is
6.918973856563837e-5
target is
1.6949152542372885e-5
mu is
0.00016853932584269662
number of trials is
35600
number of Z or Y failures is
6
number of X failures is
0
average trial time
459.240103719788
stderr is
6.880105947138857e-5
target is
1.685393258426966e-5
mu is
0.0001675977653631285
number of trials is
35800
number of Z or Y failures is
6
number of X failures is
0
average trial time
461.74534807792327
stderr is
6.841672285694752e-5
target is
1.675977653631285e-5
mu is
0.00016666666666666666
number of trials is
36000
number of Z or Y failures is
6
number of X failures is
0
average trial time
464.27842318958835
stderr is
6.803665635268008e-5
target is
1.6666666666666667e-5
mu is
0.00016574585635359117
number of trials is
36200
number of Z or Y failures is
6
number of X failures is
0
average trial time
466.8372288181082
stderr is
6.766078918816955e-5
target is
1.6574585635359117e-5
mu is
0.00016483516483516484
number of trials is
36400
number of Z or Y failures is
6
number of X failures is
0
average trial time
469.4001698627131
stderr is
6.728905214828614e-5
target is
1.6483516483516486e-5
mu is
0.0001639344262295082
number of trials is
36600
number of Z or Y failures is
6
number of X failures is
0
average trial time
471.9282321921629
stderr is
6.692137753069561e-5
target is
1.639344262295082e-5
mu is
0.00016304347826086958
number of trials is
36800
number of Z or Y failures is
6
number of X failures is
0
average trial time
474.4414786459681
stderr is
6.655769910475361e-5
target is
1.630434782608696e-5
mu is
0.00016216216216216215
number of trials is
37000
number of Z or Y failures is
6
number of X failures is
0
average trial time
476.98069552824296
stderr is
6.619795207173291e-5
target is
1.6216216216216215e-5
mu is
0.00016129032258064516
number of trials is
37200
number of Z or Y failures is
6
number of X failures is
0
average trial time
479.5134407921981
stderr is
6.584207302633353e-5
target is
1.6129032258064517e-5
mu is
0.00016042780748663101
number of trials is
37400
number of Z or Y failures is
6
number of X failures is
0
average trial time
482.03652936032273
stderr is
6.548999991942793e-5
target is
1.60427807486631e-5
mu is
0.00015957446808510637
number of trials is
37600
number of Z or Y failures is
6
number of X failures is
0
average trial time
484.5125939161579
stderr is
6.514167202199494e-5
target is
1.5957446808510637e-5
mu is
0.00015873015873015873
number of trials is
37800
number of Z or Y failures is
6
number of X failures is
0
average trial time
487.02542226321304
stderr is
6.47970298901986e-5
target is
1.5873015873015872e-5
mu is
0.00015789473684210527
number of trials is
38000
number of Z or Y failures is
6
number of X failures is
0
average trial time
489.5494732967329
stderr is
6.445601533156978e-5
target is
1.5789473684210526e-5
mu is
0.00015706806282722512
number of trials is
38200
number of Z or Y failures is
6
number of X failures is
0
average trial time
492.07175298442814
stderr is
6.411857137225e-5
target is
1.570680628272251e-5
mu is
0.00015625
number of trials is
38400
number of Z or Y failures is
6
number of X failures is
0
average trial time
494.58780079622784
stderr is
6.378464222525878e-5
target is
1.5625e-5
mu is
0.000155440414507772
number of trials is
38600
number of Z or Y failures is
6
number of X failures is
0
average trial time
497.10979934171803
stderr is
6.345417325974767e-5
target is
1.55440414507772e-5
mu is
0.00015463917525773195
number of trials is
38800
number of Z or Y failures is
6
number of X failures is
0
average trial time
499.6447254634636
stderr is
6.312711097120478e-5
target is
1.5463917525773194e-5
mu is
0.00015384615384615385
number of trials is
39000
number of Z or Y failures is
6
number of X failures is
0
average trial time
502.17428082406775
stderr is
6.280340295257628e-5
target is
1.5384615384615387e-5
mu is
0.0001530612244897959
number of trials is
39200
number of Z or Y failures is
6
number of X failures is
0
average trial time
504.677735010358
stderr is
6.248299786627182e-5
target is
1.530612244897959e-5
mu is
0.00015228426395939087
number of trials is
39400
number of Z or Y failures is
6
number of X failures is
0
average trial time
507.2276257426878
stderr is
6.21658454170225e-5
target is
1.5228426395939088e-5
mu is
0.00015151515151515152
number of trials is
39600
number of Z or Y failures is
6
number of X failures is
0
average trial time
509.77235669562293
stderr is
6.185189632556126e-5
target is
1.5151515151515153e-5
mu is
0.00015075376884422112
number of trials is
39800
number of Z or Y failures is
6
number of X failures is
0
average trial time
512.3187154437478
stderr is
6.15411023030968e-5
target is
1.5075376884422112e-5
mu is
0.00015
number of trials is
40000
number of Z or Y failures is
6
number of X failures is
0
average trial time
514.8424230311879
stderr is
6.123341602655332e-5
target is
1.4999999999999999e-5
mu is
0.00014925373134328358
number of trials is
40200
number of Z or Y failures is
6
number of X failures is
0
average trial time
517.3742490773283
stderr is
6.0928791114549104e-5
target is
1.4925373134328359e-5
mu is
0.0001485148514851485
number of trials is
40400
number of Z or Y failures is
6
number of X failures is
0
average trial time
519.8025980486433
stderr is
6.062718210408881e-5
target is
1.4851485148514851e-5
mu is
0.00014778325123152708
number of trials is
40600
number of Z or Y failures is
6
number of X failures is
0
average trial time
522.1649277951435
stderr is
6.032854442794444e-5
target is
1.477832512315271e-5
mu is
0.00014705882352941175
number of trials is
40800
number of Z or Y failures is
6
number of X failures is
0
average trial time
524.5171400022887
stderr is
6.00328343927017e-5
target is
1.4705882352941175e-5
mu is
0.00014634146341463414
number of trials is
41000
number of Z or Y failures is
6
number of X failures is
0
average trial time
526.8693449886384
stderr is
5.974000915744863e-5
target is
1.4634146341463415e-5
mu is
0.00014563106796116506
number of trials is
41200
number of Z or Y failures is
6
number of X failures is
0
average trial time
529.2368300064636
stderr is
5.945002671308522e-5
target is
1.4563106796116507e-5
mu is
0.00014492753623188405
number of trials is
41400
number of Z or Y failures is
6
number of X failures is
0
average trial time
531.5933116087733
stderr is
ERROR: LoadError: MethodError: no method matching iterate(::Nothing)
Closest candidates are:
  iterate(!Matched::Union{LinRange, StepRangeLen}) at range.jl:664
  iterate(!Matched::Union{LinRange, StepRangeLen}, !Matched::Int64) at range.jl:664
  iterate(!Matched::T) where T<:Union{Base.KeySet{var"#s79", var"#s78"} where {var"#s79", var"#s78"<:Dict}, Base.ValueIterator{var"#s77"} where var"#s77"<:Dict} at dict.jl:693
  ...
Stacktrace:
  [1] indexed_iterate(I::Nothing, i::Int64)
    @ Base ./tuple.jl:89
  [2] MPS(A::ITensor{4}, sites::Vector{IndexSet{1, Index{Int64}, Tuple{Index{Int64}}}}; leftinds::Index{Int64}, orthocenter::Int64, kwargs::Base.Iterators.Pairs{Symbol, Any, NTuple{4, Symbol}, NamedTuple{(:ortho, :cutoff, :maxdim, :svd_alg), Tuple{String, Float64, Int64, String}}})
    @ ITensors ~/.julia/packages/ITensors/Ligbx/src/mps/abstractmps.jl:1388
  [3] setindex!(ψ::MPS, A::ITensor{4}, r::UnitRange{Int64}; orthocenter::Int64, perm::Vector{Int64}, kwargs::Base.Iterators.Pairs{Symbol, Any, NTuple{4, Symbol}, NamedTuple{(:ortho, :cutoff, :maxdim, :svd_alg), Tuple{String, Float64, Int64, String}}})
    @ ITensors ~/.julia/packages/ITensors/Ligbx/src/mps/abstractmps.jl:1328
  [4] setindex!(::MPS, ::ITensor{4}, ::UnitRange{Int64}, ::Pair{Symbol, Any}, ::Vararg{Pair{Symbol, Any}, N} where N; kwargs::Base.Iterators.Pairs{Symbol, Any, Tuple{Symbol, Symbol}, NamedTuple{(:orthocenter, :perm), Tuple{Int64, Vector{Int64}}}})
    @ ITensors ~/.julia/packages/ITensors/Ligbx/src/mps/abstractmps.jl:1340
  [5] swapbondsites(ψ::MPS, b::Int64; kwargs::Base.Iterators.Pairs{Symbol, Any, NTuple{4, Symbol}, NamedTuple{(:ortho, :cutoff, :maxdim, :svd_alg), Tuple{String, Float64, Int64, String}}})
    @ ITensors ~/.julia/packages/ITensors/Ligbx/src/mps/abstractmps.jl:1419
  [6] movesite(ψ::MPS, n1n2::Pair{Int64, Int64}; orthocenter::Int64, kwargs::Base.Iterators.Pairs{Symbol, Any, Tuple{Symbol, Symbol, Symbol}, NamedTuple{(:cutoff, :maxdim, :svd_alg), Tuple{Float64, Int64, String}}})
    @ ITensors ~/.julia/packages/ITensors/Ligbx/src/mps/abstractmps.jl:1447
  [7] _movesites(ψ::MPS, ns::Vector{Int64}, ns′::Vector{Int64}; kwargs::Base.Iterators.Pairs{Symbol, Any, Tuple{Symbol, Symbol, Symbol}, NamedTuple{(:cutoff, :maxdim, :svd_alg), Tuple{Float64, Int64, String}}})
    @ ITensors ~/.julia/packages/ITensors/Ligbx/src/mps/abstractmps.jl:1474
  [8] movesites(ψ::MPS, nsns′::Vector{Pair{Int64, Int64}}; kwargs::Base.Iterators.Pairs{Symbol, Any, Tuple{Symbol, Symbol, Symbol}, NamedTuple{(:cutoff, :maxdim, :svd_alg), Tuple{Float64, Int64, String}}})
    @ ITensors ~/.julia/packages/ITensors/Ligbx/src/mps/abstractmps.jl:1495
  [9] product(o::ITensor{4}, ψ::MPS, ns::Vector{Int64}; move_sites_back::Bool, apply_dag::Bool, kwargs::Base.Iterators.Pairs{Symbol, Any, Tuple{Symbol, Symbol, Symbol}, NamedTuple{(:cutoff, :maxdim, :svd_alg), Tuple{Float64, Int64, String}}})
    @ ITensors ~/.julia/packages/ITensors/Ligbx/src/mps/abstractmps.jl:1548
 [10] product(As::Vector{ITensor}, ψ::MPS; move_sites_back::Bool, kwargs::Base.Iterators.Pairs{Symbol, Any, Tuple{Symbol, Symbol, Symbol}, NamedTuple{(:cutoff, :maxdim, :svd_alg), Tuple{Float64, Int64, String}}})
    @ ITensors ~/.julia/packages/ITensors/Ligbx/src/mps/abstractmps.jl:1650
 [11] runcircuit(M::MPS, circuit_tensors::Vector{ITensor}; apply_dag::Nothing, cutoff::Float64, maxdim::Int64, svd_alg::String, move_sites_back::Bool, kwargs::Base.Iterators.Pairs{Union{}, Union{}, Tuple{}, NamedTuple{(), Tuple{}}})
    @ PastaQ ~/.julia/packages/PastaQ/9VxGO/src/circuits/runcircuit.jl:86
 [12] #runcircuit#99
    @ ~/.julia/packages/PastaQ/9VxGO/src/circuits/runcircuit.jl:188 [inlined]
 [13] SurfCirc(dz::Int64, dx::Int64, nr::Int64, PEZ::Matrix{Int64}, PEX::Matrix{Int64}, Synz::Matrix{Int64}, Synx::Matrix{Int64}, zsch::Vector{Any}, xsch::Vector{Any}, bsch::Array{Int64, 3}, layout::Vector{Any}, ql::Matrix{Int64}, zl::Vector{Int64}, xl::Vector{Int64}, p::Float64, al2::Int64, tmeas::Float64, k2::Float64, nth::Int64, pmz::Float64, pmx::Float64, acc::Float64, bd::Int64)
    @ Main /shared/JuliaCLTNDecoder/experiment/d9/2e5/mlsurfnc.jl:1337
 [14] macro expansion
    @ /shared/JuliaCLTNDecoder/experiment/d9/2e5/mlsurfnc.jl:1432 [inlined]
 [15] macro expansion
    @ ./timing.jl:287 [inlined]
 [16] SurfMC(dz::Int64, dx::Int64, nr::Int64, p::Float64, al2::Int64, tmeas::Float64, k2::Float64, nth::Int64, acc::Float64, bd::Int64, err::Float64, nt::Int64; sim_id::Int64)
    @ Main /shared/JuliaCLTNDecoder/experiment/d9/2e5/mlsurfnc.jl:1431
 [17] top-level scope
    @ /shared/JuliaCLTNDecoder/experiment/d9/2e5/mlsurfnc.jl:1514
in expression starting at /shared/JuliaCLTNDecoder/experiment/d9/2e5/mlsurfnc.jl:1512
5.9162845862232396e-5
target is
1.4492753623188407e-5
mu is
0.00014423076923076924
number of trials is
41600
number of Z or Y failures is
6
number of X failures is
0
average trial time
533.9303913003183
stderr is
5.887842619972075e-5
target is
1.4423076923076924e-5
The SVD algorithm `"divide_and_conquer"` has thrown an error,
likely because of a convergance failure. You can try
other SVD algorithms that may converge better using the
`alg` (or `svd_alg` if called through `factorize` or MPS/MPO functionality) keyword argument:

 - "divide_and_conquer" is a divide-and-conquer algorithm
   (LAPACK's `gesdd`). It is fast, but may lead to some innacurate
   singular values for very ill-conditioned matrices.
   It also may sometimes fail to converge, leading to errors
   (in which case `"qr_iteration"` or `"recursive"` can be tried).

 - `"qr_iteration"` (LAPACK's `gesvd`) is typically slower 
   than "divide_and_conquer", especially for large matrices,
   but is more accurate for very ill-conditioned matrices 
   compared to `"divide_and_conquer"`.

 - `"recursive"` is ITensor's custom SVD algorithm. It is very
   reliable, but may be slow if high precision is needed.
   To get an `svd` of a matrix `A`, an eigendecomposition of
   ``A^{\dagger} A`` is used to compute `U` and then a `qr` of
   ``A^{\dagger} U`` is used to compute `V`. This is performed
   recursively to compute small singular values.

Returning `nothing`. For an output `F = svd(A, ...)` you can check if
`isnothing(F)` in your code and try a different algorithm.

To suppress this message in the future, you can wrap the `svd` call in the
`@suppress` macro from the `Suppressor` package.

