mu is
0.0
number of trials is
200
number of Z or Y failures is
0
number of X failures is
0
average trial time
2.4430117792699986
mu is
0.0
number of trials is
400
number of Z or Y failures is
0
number of X failures is
0
average trial time
4.775761604939999
mu is
0.0
number of trials is
600
number of Z or Y failures is
0
number of X failures is
0
average trial time
7.050507355825005
mu is
0.0
number of trials is
800
number of Z or Y failures is
0
number of X failures is
0
average trial time
9.386405583759995
mu is
0.0
number of trials is
1000
number of Z or Y failures is
0
number of X failures is
0
average trial time
11.760140342659998
mu is
0.0
number of trials is
1200
number of Z or Y failures is
0
number of X failures is
0
average trial time
14.181749283440006
mu is
0.0
number of trials is
1400
number of Z or Y failures is
0
number of X failures is
0
average trial time
16.682093047940008
mu is
0.0
number of trials is
1600
number of Z or Y failures is
0
number of X failures is
0
average trial time
19.234759421060012
mu is
0.0
number of trials is
1800
number of Z or Y failures is
0
number of X failures is
0
average trial time
21.81953940993002
mu is
0.0
number of trials is
2000
number of Z or Y failures is
0
number of X failures is
0
average trial time
24.45382937909002
mu is
0.0
number of trials is
2200
number of Z or Y failures is
0
number of X failures is
0
average trial time
27.176466447555036
mu is
0.0
number of trials is
2400
number of Z or Y failures is
0
number of X failures is
0
average trial time
29.893543471270032
mu is
0.0
number of trials is
2600
number of Z or Y failures is
0
number of X failures is
0
average trial time
32.65796379906501
mu is
0.0
number of trials is
2800
number of Z or Y failures is
0
number of X failures is
0
average trial time
35.41439205369004
mu is
0.0
number of trials is
3000
number of Z or Y failures is
0
number of X failures is
0
average trial time
38.20717376926003
mu is
0.0
number of trials is
3200
number of Z or Y failures is
0
number of X failures is
0
average trial time
41.009421274605
mu is
0.0
number of trials is
3400
number of Z or Y failures is
0
number of X failures is
0
average trial time
43.78610527895999
mu is
0.0
number of trials is
3600
number of Z or Y failures is
0
number of X failures is
0
average trial time
46.55320548802002
mu is
0.0
number of trials is
3800
number of Z or Y failures is
0
number of X failures is
0
average trial time
49.32605779879497
mu is
0.0
number of trials is
4000
number of Z or Y failures is
0
number of X failures is
0
average trial time
52.131853465005015
mu is
0.0
number of trials is
4200
number of Z or Y failures is
0
number of X failures is
0
average trial time
54.91522730626008
mu is
0.0
number of trials is
4400
number of Z or Y failures is
0
number of X failures is
0
average trial time
57.662602027020036
mu is
0.0
number of trials is
4600
number of Z or Y failures is
0
number of X failures is
0
average trial time
60.37947886078004
mu is
0.0
number of trials is
4800
number of Z or Y failures is
0
number of X failures is
0
average trial time
63.097767625295035
mu is
0.0
number of trials is
5000
number of Z or Y failures is
0
number of X failures is
0
average trial time
65.84126322606005
mu is
0.0
number of trials is
5200
number of Z or Y failures is
0
number of X failures is
0
average trial time
68.59627463874
mu is
0.0
number of trials is
5400
number of Z or Y failures is
0
number of X failures is
0
average trial time
71.27489962018001
mu is
0.0
number of trials is
5600
number of Z or Y failures is
0
number of X failures is
0
average trial time
74.01705363122002
mu is
0.0
number of trials is
5800
number of Z or Y failures is
0
number of X failures is
0
average trial time
76.74309775839005
mu is
0.0
number of trials is
6000
number of Z or Y failures is
0
number of X failures is
0
average trial time
79.43708314278499
mu is
0.0
number of trials is
6200
number of Z or Y failures is
0
number of X failures is
0
average trial time
82.07385890930996
mu is
0.0
number of trials is
6400
number of Z or Y failures is
0
number of X failures is
0
average trial time
84.80608117344482
mu is
0.0
number of trials is
6600
number of Z or Y failures is
0
number of X failures is
0
average trial time
87.46773260969984
mu is
0.0
number of trials is
6800
number of Z or Y failures is
0
number of X failures is
0
average trial time
90.14635414046482
mu is
0.0
number of trials is
7000
number of Z or Y failures is
0
number of X failures is
0
average trial time
92.82639612173467
mu is
0.0
number of trials is
7200
number of Z or Y failures is
0
number of X failures is
0
average trial time
95.48749086883461
mu is
0.0
number of trials is
7400
number of Z or Y failures is
0
number of X failures is
0
average trial time
98.17291031708471
mu is
0.0
number of trials is
7600
number of Z or Y failures is
0
number of X failures is
0
average trial time
100.87592310821975
mu is
0.0
number of trials is
7800
number of Z or Y failures is
0
number of X failures is
0
average trial time
103.56218969299472
mu is
0.0
number of trials is
8000
number of Z or Y failures is
0
number of X failures is
0
average trial time
106.2621822693298
mu is
0.0
number of trials is
8200
number of Z or Y failures is
0
number of X failures is
0
average trial time
108.90643811565478
mu is
0.0
number of trials is
8400
number of Z or Y failures is
0
number of X failures is
0
average trial time
111.56301928260993
mu is
0.0
number of trials is
8600
number of Z or Y failures is
0
number of X failures is
0
average trial time
114.22556220667482
mu is
0.0
number of trials is
8800
number of Z or Y failures is
0
number of X failures is
0
average trial time
116.88467347065469
mu is
0.0
number of trials is
9000
number of Z or Y failures is
0
number of X failures is
0
average trial time
119.51039498642466
mu is
0.0
number of trials is
9200
number of Z or Y failures is
0
number of X failures is
0
average trial time
122.20773296359977
mu is
0.0
number of trials is
9400
number of Z or Y failures is
0
number of X failures is
0
average trial time
124.81907944059971
mu is
0.0
number of trials is
9600
number of Z or Y failures is
0
number of X failures is
0
average trial time
127.47243778822471
mu is
0.0
number of trials is
9800
number of Z or Y failures is
0
number of X failures is
0
average trial time
130.11640601131975
mu is
0.0
number of trials is
10000
number of Z or Y failures is
0
number of X failures is
0
average trial time
132.75156489830485
mu is
0.0
number of trials is
10200
number of Z or Y failures is
0
number of X failures is
0
average trial time
135.37372085620476
mu is
0.0
number of trials is
10400
number of Z or Y failures is
0
number of X failures is
0
average trial time
137.97375148934978
mu is
0.0
number of trials is
10600
number of Z or Y failures is
0
number of X failures is
0
average trial time
140.61108827717496
mu is
0.0
number of trials is
10800
number of Z or Y failures is
0
number of X failures is
0
average trial time
143.22846024442006
mu is
0.0
number of trials is
11000
number of Z or Y failures is
0
number of X failures is
0
average trial time
145.88788176495
mu is
0.0
number of trials is
11200
number of Z or Y failures is
0
number of X failures is
0
average trial time
148.4522635912799
mu is
0.0
number of trials is
11400
number of Z or Y failures is
0
number of X failures is
0
average trial time
151.04998232083977
mu is
0.0
number of trials is
11600
number of Z or Y failures is
0
number of X failures is
0
average trial time
153.6918181830198
mu is
0.0
number of trials is
11800
number of Z or Y failures is
0
number of X failures is
0
average trial time
156.25673386274474
mu is
0.0
number of trials is
12000
number of Z or Y failures is
0
number of X failures is
0
average trial time
158.84598982837474
mu is
0.0
number of trials is
12200
number of Z or Y failures is
0
number of X failures is
0
average trial time
161.48850718017476
mu is
0.0
number of trials is
12400
number of Z or Y failures is
0
number of X failures is
0
average trial time
164.09494810823472
mu is
0.0
number of trials is
12600
number of Z or Y failures is
0
number of X failures is
0
average trial time
166.69566346322495
mu is
0.0
number of trials is
12800
number of Z or Y failures is
0
number of X failures is
0
average trial time
169.337033176185
mu is
0.0
number of trials is
13000
number of Z or Y failures is
0
number of X failures is
0
average trial time
171.96383278719009
mu is
0.0
number of trials is
13200
number of Z or Y failures is
0
number of X failures is
0
average trial time
174.52947000494518
mu is
0.0
number of trials is
13400
number of Z or Y failures is
0
number of X failures is
0
average trial time
177.0831392085455
mu is
0.0
number of trials is
13600
number of Z or Y failures is
0
number of X failures is
0
average trial time
179.67461957835064
mu is
0.0
number of trials is
13800
number of Z or Y failures is
0
number of X failures is
0
average trial time
182.2641175637057
mu is
0.0
number of trials is
14000
number of Z or Y failures is
0
number of X failures is
0
average trial time
184.87082973896568
mu is
0.0
number of trials is
14200
number of Z or Y failures is
0
number of X failures is
0
average trial time
187.46287321571566
mu is
0.0
number of trials is
14400
number of Z or Y failures is
0
number of X failures is
0
average trial time
190.0278417659206
mu is
0.0
number of trials is
14600
number of Z or Y failures is
0
number of X failures is
0
average trial time
192.60825978014054
mu is
0.0
number of trials is
14800
number of Z or Y failures is
0
number of X failures is
0
average trial time
195.1970702210604
mu is
0.0
number of trials is
15000
number of Z or Y failures is
0
number of X failures is
0
average trial time
197.76128340107059
mu is
0.0
number of trials is
15200
number of Z or Y failures is
0
number of X failures is
0
average trial time
200.3476289782001
mu is
0.0
number of trials is
15400
number of Z or Y failures is
0
number of X failures is
0
average trial time
202.92478656413016
mu is
6.41025641025641e-5
number of trials is
15600
number of Z or Y failures is
1
number of X failures is
0
average trial time
205.5012591835553
mu is
6.329113924050633e-5
number of trials is
15800
number of Z or Y failures is
1
number of X failures is
0
average trial time
208.0390875910953
mu is
6.25e-5
number of trials is
16000
number of Z or Y failures is
1
number of X failures is
0
average trial time
210.6041048127255
mu is
6.17283950617284e-5
number of trials is
16200
number of Z or Y failures is
1
number of X failures is
0
average trial time
213.1683454098106
mu is
6.097560975609756e-5
number of trials is
16400
number of Z or Y failures is
1
number of X failures is
0
average trial time
215.79326411749076
mu is
6.0240963855421684e-5
number of trials is
16600
number of Z or Y failures is
1
number of X failures is
0
average trial time
218.3594052644359
mu is
5.9523809523809524e-5
number of trials is
16800
number of Z or Y failures is
1
number of X failures is
0
average trial time
220.94729938516585
mu is
5.882352941176471e-5
number of trials is
17000
number of Z or Y failures is
1
number of X failures is
0
average trial time
223.49973479408087
mu is
5.8139534883720933e-5
number of trials is
17200
number of Z or Y failures is
1
number of X failures is
0
average trial time
226.03796572939086
mu is
5.747126436781609e-5
number of trials is
17400
number of Z or Y failures is
1
number of X failures is
0
average trial time
228.59394862478607
mu is
5.681818181818182e-5
number of trials is
17600
number of Z or Y failures is
1
number of X failures is
0
average trial time
231.14470611206613
mu is
5.617977528089888e-5
number of trials is
17800
number of Z or Y failures is
1
number of X failures is
0
average trial time
233.70748397965116
mu is
5.555555555555556e-5
number of trials is
18000
number of Z or Y failures is
1
number of X failures is
0
average trial time
236.2470466362361
mu is
5.4945054945054945e-5
number of trials is
18200
number of Z or Y failures is
1
number of X failures is
0
average trial time
238.81699720120602
mu is
5.4347826086956524e-5
number of trials is
18400
number of Z or Y failures is
1
number of X failures is
0
average trial time
241.38147834229093
mu is
5.3763440860215054e-5
number of trials is
18600
number of Z or Y failures is
1
number of X failures is
0
average trial time
243.9387313165609
mu is
0.00010638297872340425
number of trials is
18800
number of Z or Y failures is
2
number of X failures is
0
average trial time
246.48515023051107
mu is
0.00010526315789473685
number of trials is
19000
number of Z or Y failures is
2
number of X failures is
0
average trial time
249.03385989190602
mu is
0.00010416666666666667
number of trials is
19200
number of Z or Y failures is
2
number of X failures is
0
average trial time
251.608051639781
mu is
0.00010309278350515464
number of trials is
19400
number of Z or Y failures is
2
number of X failures is
0
average trial time
254.1884065734262
mu is
0.00010204081632653062
number of trials is
19600
number of Z or Y failures is
2
number of X failures is
0
average trial time
256.72187531749125
mu is
0.00010101010101010101
number of trials is
19800
number of Z or Y failures is
2
number of X failures is
0
average trial time
259.2589969433314
mu is
0.0001
number of trials is
20000
number of Z or Y failures is
2
number of X failures is
0
average trial time
261.78895967716136
mu is
9.900990099009902e-5
number of trials is
20200
number of Z or Y failures is
2
number of X failures is
0
average trial time
264.35214106101637
mu is
9.80392156862745e-5
number of trials is
20400
number of Z or Y failures is
2
number of X failures is
0
average trial time
266.88224911023127
mu is
9.70873786407767e-5
number of trials is
20600
number of Z or Y failures is
2
number of X failures is
0
average trial time
269.4167400330811
mu is
0.00014423076923076924
number of trials is
20800
number of Z or Y failures is
3
number of X failures is
0
average trial time
271.963307494876
mu is
0.00014285714285714287
number of trials is
21000
number of Z or Y failures is
3
number of X failures is
0
average trial time
274.512151850636
mu is
0.00014150943396226416
number of trials is
21200
number of Z or Y failures is
3
number of X failures is
0
average trial time
277.0796625060958
mu is
0.00014018691588785047
number of trials is
21400
number of Z or Y failures is
3
number of X failures is
0
average trial time
279.664614049021
mu is
0.0001388888888888889
number of trials is
21600
number of Z or Y failures is
3
number of X failures is
0
average trial time
282.20148524395614
mu is
0.00013761467889908258
number of trials is
21800
number of Z or Y failures is
3
number of X failures is
0
average trial time
284.7418554071313
mu is
0.00013636363636363637
number of trials is
22000
number of Z or Y failures is
3
number of X failures is
0
average trial time
287.2747375058065
mu is
0.00013513513513513514
number of trials is
22200
number of Z or Y failures is
3
number of X failures is
0
average trial time
289.8034163595866
mu is
0.00013392857142857144
number of trials is
22400
number of Z or Y failures is
3
number of X failures is
0
average trial time
292.32333970311197
mu is
0.00013274336283185842
number of trials is
22600
number of Z or Y failures is
3
number of X failures is
0
average trial time
294.918762129322
mu is
0.00013157894736842105
number of trials is
22800
number of Z or Y failures is
3
number of X failures is
0
average trial time
297.5016271296518
mu is
0.00013043478260869564
number of trials is
23000
number of Z or Y failures is
3
number of X failures is
0
average trial time
300.06066312371667
mu is
0.0001293103448275862
number of trials is
23200
number of Z or Y failures is
3
number of X failures is
0
average trial time
302.57917774200666
mu is
0.0001282051282051282
number of trials is
23400
number of Z or Y failures is
3
number of X failures is
0
average trial time
305.1379735822269
mu is
0.00016949152542372882
number of trials is
23600
number of Z or Y failures is
4
number of X failures is
0
average trial time
307.6734457849418
mu is
0.0001680672268907563
number of trials is
23800
number of Z or Y failures is
4
number of X failures is
0
average trial time
310.19224477869693
mu is
0.00016666666666666666
number of trials is
24000
number of Z or Y failures is
4
number of X failures is
0
average trial time
312.73148029436186
mu is
0.00016528925619834712
number of trials is
24200
number of Z or Y failures is
4
number of X failures is
0
average trial time
315.2566216547721
mu is
0.0001639344262295082
number of trials is
24400
number of Z or Y failures is
4
number of X failures is
0
average trial time
317.7949007195021
mu is
0.00016260162601626016
number of trials is
24600
number of Z or Y failures is
4
number of X failures is
0
average trial time
320.3289239834271
mu is
0.00016129032258064516
number of trials is
24800
number of Z or Y failures is
4
number of X failures is
0
average trial time
322.8563554947121
mu is
0.00016
number of trials is
25000
number of Z or Y failures is
4
number of X failures is
0
average trial time
325.37498681641193
mu is
0.00015873015873015873
number of trials is
25200
number of Z or Y failures is
4
number of X failures is
0
average trial time
327.8924170436666
mu is
0.00015748031496062991
number of trials is
25400
number of Z or Y failures is
4
number of X failures is
0
average trial time
330.40269536238696
mu is
0.00015625
number of trials is
25600
number of Z or Y failures is
4
number of X failures is
0
average trial time
332.9368500999467
mu is
0.0001550387596899225
number of trials is
25800
number of Z or Y failures is
4
number of X failures is
0
average trial time
335.4262759967618
mu is
0.00015384615384615385
number of trials is
26000
number of Z or Y failures is
4
number of X failures is
0
average trial time
337.9587463744166
mu is
0.00015267175572519084
number of trials is
26200
number of Z or Y failures is
4
number of X failures is
0
average trial time
340.44844719171647
mu is
0.00015151515151515152
number of trials is
26400
number of Z or Y failures is
4
number of X failures is
0
average trial time
342.96274626227654
mu is
0.00015037593984962405
number of trials is
26600
number of Z or Y failures is
4
number of X failures is
0
average trial time
345.459949726412
mu is
0.00014925373134328358
number of trials is
26800
number of Z or Y failures is
4
number of X failures is
0
average trial time
348.02542598554203
mu is
0.00014814814814814815
number of trials is
27000
number of Z or Y failures is
4
number of X failures is
0
average trial time
350.6220973622774
mu is
0.00014705882352941175
number of trials is
27200
number of Z or Y failures is
4
number of X failures is
0
average trial time
353.1843949098274
mu is
0.00014598540145985403
number of trials is
27400
number of Z or Y failures is
4
number of X failures is
0
average trial time
355.7899469173125
mu is
0.00014492753623188405
number of trials is
27600
number of Z or Y failures is
4
number of X failures is
0
average trial time
358.3508374355631
mu is
0.00014388489208633093
number of trials is
27800
number of Z or Y failures is
4
number of X failures is
0
average trial time
360.897799322993
mu is
0.00014285714285714287
number of trials is
28000
number of Z or Y failures is
4
number of X failures is
0
average trial time
363.45469780843314
mu is
0.00014184397163120567
number of trials is
28200
number of Z or Y failures is
4
number of X failures is
0
average trial time
366.00683591638256
mu is
0.00014084507042253522
number of trials is
28400
number of Z or Y failures is
4
number of X failures is
0
average trial time
368.5540728305927
mu is
0.00013986013986013986
number of trials is
28600
number of Z or Y failures is
4
number of X failures is
0
average trial time
371.1161819391174
mu is
0.0001388888888888889
number of trials is
28800
number of Z or Y failures is
4
number of X failures is
0
average trial time
373.6622661062525
mu is
0.00013793103448275863
number of trials is
29000
number of Z or Y failures is
4
number of X failures is
0
average trial time
376.2117752832875
mu is
0.000136986301369863
number of trials is
29200
number of Z or Y failures is
4
number of X failures is
0
average trial time
378.7691471542823
mu is
0.00013605442176870748
number of trials is
29400
number of Z or Y failures is
4
number of X failures is
0
average trial time
381.2922789368422
mu is
0.00013513513513513514
number of trials is
29600
number of Z or Y failures is
4
number of X failures is
0
average trial time
383.8311542543225
mu is
0.00013422818791946307
number of trials is
29800
number of Z or Y failures is
4
number of X failures is
0
average trial time
386.3595098576779
mu is
0.00013333333333333334
number of trials is
30000
number of Z or Y failures is
4
number of X failures is
0
average trial time
388.87250868502275
mu is
0.00013245033112582781
number of trials is
30200
number of Z or Y failures is
4
number of X failures is
0
average trial time
391.42274636654804
mu is
0.00013157894736842105
number of trials is
30400
number of Z or Y failures is
4
number of X failures is
0
average trial time
393.95246802511303
mu is
0.00013071895424836603
number of trials is
30600
number of Z or Y failures is
4
number of X failures is
0
average trial time
396.51258499504814
mu is
0.00012987012987012987
number of trials is
30800
number of Z or Y failures is
4
number of X failures is
0
average trial time
399.04229814124335
mu is
0.00012903225806451613
number of trials is
31000
number of Z or Y failures is
4
number of X failures is
0
average trial time
401.5934405387637
mu is
0.0001282051282051282
number of trials is
31200
number of Z or Y failures is
4
number of X failures is
0
average trial time
404.1334883480637
mu is
0.00012738853503184712
number of trials is
31400
number of Z or Y failures is
4
number of X failures is
0
average trial time
406.66905435036807
mu is
0.00012658227848101267
number of trials is
31600
number of Z or Y failures is
4
number of X failures is
0
average trial time
409.26256012172814
mu is
0.00012578616352201257
number of trials is
31800
number of Z or Y failures is
4
number of X failures is
0
average trial time
411.83171104453317
mu is
0.000125
number of trials is
32000
number of Z or Y failures is
4
number of X failures is
0
average trial time
414.36664062178323
mu is
0.00015527950310559007
number of trials is
32200
number of Z or Y failures is
5
number of X failures is
0
average trial time
416.97906479401803
stderr is
6.943879138704549e-5
target is
1.5527950310559007e-5
mu is
0.00015432098765432098
number of trials is
32400
number of Z or Y failures is
5
number of X failures is
0
average trial time
419.523462738148
stderr is
6.901018333615219e-5
target is
1.54320987654321e-5
mu is
0.00015337423312883436
number of trials is
32600
number of Z or Y failures is
5
number of X failures is
0
average trial time
422.0617599656378
stderr is
6.858683395701093e-5
target is
1.5337423312883436e-5
mu is
0.0001524390243902439
number of trials is
32800
number of Z or Y failures is
5
number of X failures is
0
average trial time
424.5991660831431
stderr is
6.816864706027484e-5
target is
1.524390243902439e-5
mu is
0.00015151515151515152
number of trials is
33000
number of Z or Y failures is
5
number of X failures is
0
average trial time
427.154556549358
stderr is
6.775552878831862e-5
target is
1.5151515151515153e-5
mu is
0.00015060240963855423
number of trials is
33200
number of Z or Y failures is
5
number of X failures is
0
average trial time
429.6804305894831
stderr is
6.734738754501011e-5
target is
1.5060240963855424e-5
mu is
0.0001497005988023952
number of trials is
33400
number of Z or Y failures is
5
number of X failures is
0
average trial time
432.20613507544783
stderr is
6.69441339280051e-5
target is
1.497005988023952e-5
mu is
0.00014880952380952382
number of trials is
33600
number of Z or Y failures is
5
number of X failures is
0
average trial time
434.7441941891726
stderr is
6.65456806634598e-5
target is
1.4880952380952383e-5
mu is
0.00014792899408284024
number of trials is
33800
number of Z or Y failures is
5
number of X failures is
0
average trial time
437.27730469568263
stderr is
6.615194254306124e-5
target is
1.4792899408284025e-5
mu is
0.00014705882352941175
number of trials is
34000
number of Z or Y failures is
5
number of X failures is
0
average trial time
439.8408061481174
stderr is
6.576283636328001e-5
target is
1.4705882352941175e-5
mu is
0.00014619883040935673
number of trials is
34200
number of Z or Y failures is
5
number of X failures is
0
average trial time
442.38430544971277
stderr is
6.53782808667541e-5
target is
1.4619883040935673e-5
mu is
0.00014534883720930232
number of trials is
34400
number of Z or Y failures is
5
number of X failures is
0
average trial time
444.8914549458473
stderr is
6.499819668571776e-5
target is
1.4534883720930233e-5
mu is
0.00014450867052023122
number of trials is
34600
number of Z or Y failures is
5
number of X failures is
0
average trial time
447.4209238180522
stderr is
6.462250628739189e-5
target is
1.4450867052023123e-5
mu is
0.00014367816091954023
number of trials is
34800
number of Z or Y failures is
5
number of X failures is
0
average trial time
450.0134158151172
stderr is
6.425113392125769e-5
target is
1.4367816091954024e-5
mu is
0.00014285714285714287
number of trials is
35000
number of Z or Y failures is
5
number of X failures is
0
average trial time
452.5406068896271
stderr is
6.388400556813776e-5
target is
1.4285714285714287e-5
mu is
0.00014204545454545454
number of trials is
35200
number of Z or Y failures is
5
number of X failures is
0
average trial time
455.11583397689225
stderr is
6.352104889101312e-5
target is
1.4204545454545455e-5
mu is
0.00014124293785310735
number of trials is
35400
number of Z or Y failures is
5
number of X failures is
0
average trial time
457.6856128763626
stderr is
6.316219318750731e-5
target is
1.4124293785310736e-5
mu is
0.0001404494382022472
number of trials is
35600
number of Z or Y failures is
5
number of X failures is
0
average trial time
460.21664823139247
stderr is
6.280736934397193e-5
target is
1.4044943820224721e-5
mu is
0.00013966480446927373
number of trials is
35800
number of Z or Y failures is
5
number of X failures is
0
average trial time
462.7484750903328
stderr is
6.245650979111141e-5
target is
1.3966480446927374e-5
mu is
0.0001388888888888889
number of trials is
36000
number of Z or Y failures is
5
number of X failures is
0
average trial time
465.33059641493327
stderr is
6.210954846108655e-5
target is
1.388888888888889e-5
mu is
0.00013812154696132598
number of trials is
36200
number of Z or Y failures is
5
number of X failures is
0
average trial time
467.8637805404285
stderr is
6.176642074604025e-5
target is
1.3812154696132598e-5
mu is
0.00013736263736263736
number of trials is
36400
number of Z or Y failures is
5
number of X failures is
0
average trial time
470.43597817769364
stderr is
6.142706345799021e-5
target is
1.3736263736263736e-5
mu is
0.0001366120218579235
number of trials is
36600
number of Z or Y failures is
5
number of X failures is
0
average trial time
472.9618419660936
stderr is
6.109141479003672e-5
target is
1.366120218579235e-5
mu is
0.0001358695652173913
number of trials is
36800
number of Z or Y failures is
5
number of X failures is
0
average trial time
475.51366920561867
stderr is
6.0759414278835275e-5
target is
1.3586956521739131e-5
mu is
0.00013513513513513514
number of trials is
37000
number of Z or Y failures is
5
number of X failures is
0
average trial time
478.0414204600292
stderr is
6.04310027682862e-5
target is
1.3513513513513515e-5
mu is
0.00013440860215053763
number of trials is
37200
number of Z or Y failures is
5
number of X failures is
0
average trial time
480.58566242782916
stderr is
6.0106122374395594e-5
target is
1.3440860215053763e-5
mu is
0.00013368983957219252
number of trials is
37400
number of Z or Y failures is
5
number of X failures is
0
average trial time
483.1133527081539
stderr is
5.978471645126361e-5
target is
1.3368983957219252e-5
mu is
0.00013297872340425532
number of trials is
37600
number of Z or Y failures is
5
number of X failures is
0
average trial time
485.6631625518088
stderr is
5.946672955815818e-5
target is
1.3297872340425533e-5
mu is
0.00013227513227513228
number of trials is
37800
number of Z or Y failures is
5
number of X failures is
0
average trial time
488.1929665253083
stderr is
5.9152107427633926e-5
target is
1.322751322751323e-5
mu is
0.00013157894736842105
number of trials is
38000
number of Z or Y failures is
5
number of X failures is
0
average trial time
490.7546693622582
stderr is
5.884079693465786e-5
target is
1.3157894736842106e-5
mu is
0.00013089005235602096
number of trials is
38200
number of Z or Y failures is
5
number of X failures is
0
average trial time
493.2841363519928
stderr is
5.853274606670486e-5
target is
1.3089005235602096e-5
mu is
0.00013020833333333333
number of trials is
38400
number of Z or Y failures is
5
number of X failures is
0
average trial time
495.81418863898796
stderr is
5.822790389478761e-5
target is
1.3020833333333334e-5
mu is
0.00012953367875647668
number of trials is
38600
number of Z or Y failures is
5
number of X failures is
0
average trial time
498.3556617841378
stderr is
5.792622054538712e-5
target is
1.2953367875647668e-5
mu is
0.0001288659793814433
number of trials is
38800
number of Z or Y failures is
5
number of X failures is
0
average trial time
500.9057624464027
stderr is
5.7627647173251345e-5
target is
1.288659793814433e-5
mu is
0.0001282051282051282
number of trials is
39000
number of Z or Y failures is
5
number of X failures is
0
average trial time
503.42268904669766
stderr is
5.7332135935030775e-5
target is
1.2820512820512822e-5
mu is
0.00012755102040816328
number of trials is
39200
number of Z or Y failures is
5
number of X failures is
0
average trial time
505.9699112977921
stderr is
5.703963996372085e-5
target is
1.2755102040816329e-5
mu is
0.0001269035532994924
number of trials is
39400
number of Z or Y failures is
5
number of X failures is
0
average trial time
508.50631544835187
stderr is
5.675011334388308e-5
target is
1.269035532994924e-5
mu is
0.00012626262626262626
number of trials is
39600
number of Z or Y failures is
5
number of X failures is
0
average trial time
511.04081055331665
stderr is
5.646351108761668e-5
target is
1.2626262626262626e-5
mu is
0.0001256281407035176
number of trials is
39800
number of Z or Y failures is
5
number of X failures is
0
average trial time
513.5816361200718
stderr is
5.6179789111254807e-5
target is
1.256281407035176e-5
mu is
0.000125
number of trials is
40000
number of Z or Y failures is
5
number of X failures is
0
average trial time
516.1124994274064
stderr is
5.589890421275988e-5
target is
1.25e-5
mu is
0.0001243781094527363
number of trials is
40200
number of Z or Y failures is
5
number of X failures is
0
average trial time
518.6421132207412
stderr is
5.5620814049793556e-5
target is
1.2437810945273631e-5
mu is
0.0001485148514851485
number of trials is
40400
number of Z or Y failures is
6
number of X failures is
0
average trial time
521.1016146073963
stderr is
6.062718210408881e-5
target is
1.4851485148514851e-5
mu is
0.00014778325123152708
number of trials is
40600
number of Z or Y failures is
6
number of X failures is
0
average trial time
523.4741840294967
stderr is
6.032854442794444e-5
target is
1.477832512315271e-5
mu is
0.00014705882352941175
number of trials is
40800
number of Z or Y failures is
6
number of X failures is
0
average trial time
525.836133709647
stderr is
6.00328343927017e-5
target is
1.4705882352941175e-5
mu is
0.00014634146341463414
number of trials is
41000
number of Z or Y failures is
6
number of X failures is
0
average trial time
528.2052473602668
stderr is
5.974000915744863e-5
target is
1.4634146341463415e-5
mu is
0.00014563106796116506
number of trials is
41200
number of Z or Y failures is
6
number of X failures is
0
average trial time
530.5894389098863
stderr is
5.945002671308522e-5
target is
1.4563106796116507e-5
mu is
0.00014492753623188405
number of trials is
41400
number of Z or Y failures is
6
number of X failures is
0
average trial time
532.9239135204763
stderr is
5.9162845862232396e-5
target is
1.4492753623188407e-5
mu is
0.00014423076923076924
number of trials is
41600
number of Z or Y failures is
6
number of X failures is
0
average trial time
535.2795808692865
stderr is
5.887842619972075e-5
target is
1.4423076923076924e-5
mu is
0.00014354066985645933
number of trials is
41800
number of Z or Y failures is
6
number of X failures is
0
average trial time
537.6576605097363
stderr is
5.8596728093639314e-5
target is
1.4354066985645934e-5
mu is
0.00014285714285714287
number of trials is
42000
number of Z or Y failures is
6
number of X failures is
0
average trial time
540.0110979554362
stderr is
5.831771266692566e-5
target is
1.4285714285714287e-5
mu is
0.00014218009478672987
number of trials is
42200
number of Z or Y failures is
6
number of X failures is
0
average trial time
542.3643577600559
stderr is
5.804134177947961e-5
target is
1.4218009478672987e-5
mu is
0.00014150943396226416
number of trials is
42400
number of Z or Y failures is
6
number of X failures is
0
average trial time
544.7429288850611
stderr is
5.77675780107831e-5
target is
1.4150943396226417e-5
mu is
0.00014084507042253522
number of trials is
42600
number of Z or Y failures is
6
number of X failures is
0
average trial time
547.0891606880311
stderr is
5.74963846430095e-5
target is
1.4084507042253523e-5
mu is
0.00014018691588785047
number of trials is
42800
number of Z or Y failures is
6
number of X failures is
0
average trial time
549.4544120738215
stderr is
5.7227725644606604e-5
target is
1.4018691588785047e-5
mu is
0.00013953488372093022
number of trials is
43000
number of Z or Y failures is
6
number of X failures is
0
average trial time
551.8208562936863
stderr is
5.696156565433766e-5
target is
1.3953488372093024e-5
mu is
0.0001388888888888889
number of trials is
43200
number of Z or Y failures is
6
number of X failures is
0
average trial time
554.1906824020862
stderr is
5.669786996576572e-5
target is
1.388888888888889e-5
mu is
0.00013824884792626728
number of trials is
43400
number of Z or Y failures is
6
number of X failures is
0
average trial time
556.570764753251
stderr is
5.643660451216698e-5
target is
1.3824884792626728e-5
mu is
0.00013761467889908258
number of trials is
43600
number of Z or Y failures is
6
number of X failures is
0
average trial time
558.9396037893011
stderr is
5.617773585185926e-5
target is
1.376146788990826e-5
mu is
0.000136986301369863
number of trials is
43800
number of Z or Y failures is
6
number of X failures is
0
average trial time
561.2911847368063
stderr is
5.592123115393248e-5
target is
1.3698630136986302e-5
mu is
0.00013636363636363637
number of trials is
44000
number of Z or Y failures is
6
number of X failures is
0
average trial time
563.6558854851211
stderr is
5.566705818436825e-5
target is
1.3636363636363638e-5
mu is
0.00013574660633484164
number of trials is
44200
number of Z or Y failures is
6
number of X failures is
0
average trial time
565.9941947523406
stderr is
5.541518529253634e-5
target is
1.3574660633484165e-5
mu is
0.00013513513513513514
number of trials is
44400
number of Z or Y failures is
6
number of X failures is
0
average trial time
568.3574559857408
stderr is
5.516558139805601e-5
target is
1.3513513513513515e-5
mu is
0.0001345291479820628
number of trials is
44600
number of Z or Y failures is
6
number of X failures is
0
average trial time
570.7671777841308
stderr is
5.491821597801087e-5
target is
1.345291479820628e-5
mu is
0.00013392857142857144
number of trials is
44800
number of Z or Y failures is
6
number of X failures is
0
average trial time
573.143889992781
stderr is
5.467305905450618e-5
target is
1.3392857142857144e-5
mu is
0.00013333333333333334
number of trials is
45000
number of Z or Y failures is
6
number of X failures is
0
average trial time
575.5008515793256
stderr is
5.443008118255793e-5
target is
1.3333333333333335e-5
mu is
0.00013274336283185842
number of trials is
45200
number of Z or Y failures is
6
number of X failures is
0
average trial time
577.8951795633453
stderr is
5.4189253438303424e-5
target is
1.3274336283185843e-5
mu is
0.00013215859030837003
number of trials is
45400
number of Z or Y failures is
6
number of X failures is
0
average trial time
580.2333252834555
stderr is
5.395054740752348e-5
target is
1.3215859030837005e-5
mu is
0.00013157894736842105
number of trials is
45600
number of Z or Y failures is
6
number of X failures is
0
average trial time
582.6333844405007
stderr is
5.3713935174466666e-5
target is
1.3157894736842106e-5
mu is
0.00013100436681222707
number of trials is
45800
number of Z or Y failures is
6
number of X failures is
0
average trial time
584.9896266848206
stderr is
5.3479389310966264e-5
target is
1.3100436681222708e-5
mu is
0.00013043478260869564
number of trials is
46000
number of Z or Y failures is
6
number of X failures is
0
average trial time
587.3800675753408
stderr is
5.3246882865841244e-5
target is
1.3043478260869564e-5
6
0
46000
0.00013043478260869564
