mu is
0.0
number of trials is
200
number of Z or Y failures is
0
number of X failures is
0
average trial time
2.474165717815
mu is
0.0025
number of trials is
400
number of Z or Y failures is
1
number of X failures is
0
average trial time
4.785373537600001
mu is
0.0016666666666666668
number of trials is
600
number of Z or Y failures is
1
number of X failures is
0
average trial time
7.070741367884998
mu is
0.00125
number of trials is
800
number of Z or Y failures is
1
number of X failures is
0
average trial time
9.431971604469997
mu is
0.001
number of trials is
1000
number of Z or Y failures is
1
number of X failures is
0
average trial time
11.786237875959994
mu is
0.0008333333333333334
number of trials is
1200
number of Z or Y failures is
1
number of X failures is
0
average trial time
14.237979303499996
mu is
0.0007142857142857143
number of trials is
1400
number of Z or Y failures is
1
number of X failures is
0
average trial time
16.739747934884985
mu is
0.000625
number of trials is
1600
number of Z or Y failures is
1
number of X failures is
0
average trial time
19.275994427834984
mu is
0.0005555555555555556
number of trials is
1800
number of Z or Y failures is
1
number of X failures is
0
average trial time
21.89362575361497
mu is
0.0005
number of trials is
2000
number of Z or Y failures is
1
number of X failures is
0
average trial time
24.538500643594944
mu is
0.00045454545454545455
number of trials is
2200
number of Z or Y failures is
1
number of X failures is
0
average trial time
27.240562823379957
mu is
0.0004166666666666667
number of trials is
2400
number of Z or Y failures is
1
number of X failures is
0
average trial time
30.01671508265995
mu is
0.0003846153846153846
number of trials is
2600
number of Z or Y failures is
1
number of X failures is
0
average trial time
32.74394607285497
mu is
0.00035714285714285714
number of trials is
2800
number of Z or Y failures is
1
number of X failures is
0
average trial time
35.514301194845004
mu is
0.0003333333333333333
number of trials is
3000
number of Z or Y failures is
1
number of X failures is
0
average trial time
38.29456215480501
mu is
0.0003125
number of trials is
3200
number of Z or Y failures is
1
number of X failures is
0
average trial time
41.04663328501002
mu is
0.0002941176470588235
number of trials is
3400
number of Z or Y failures is
1
number of X failures is
0
average trial time
43.790412586370024
mu is
0.0002777777777777778
number of trials is
3600
number of Z or Y failures is
1
number of X failures is
0
average trial time
46.636590363620044
mu is
0.0002631578947368421
number of trials is
3800
number of Z or Y failures is
1
number of X failures is
0
average trial time
49.44139029506001
mu is
0.00025
number of trials is
4000
number of Z or Y failures is
1
number of X failures is
0
average trial time
52.23033525780998
mu is
0.0002380952380952381
number of trials is
4200
number of Z or Y failures is
1
number of X failures is
0
average trial time
55.01316595976499
mu is
0.00022727272727272727
number of trials is
4400
number of Z or Y failures is
1
number of X failures is
0
average trial time
57.774347222015
mu is
0.0002173913043478261
number of trials is
4600
number of Z or Y failures is
1
number of X failures is
0
average trial time
60.542276717620034
mu is
0.00020833333333333335
number of trials is
4800
number of Z or Y failures is
1
number of X failures is
0
average trial time
63.27119773637996
mu is
0.0004
number of trials is
5000
number of Z or Y failures is
2
number of X failures is
0
average trial time
65.97434960173
mu is
0.0003846153846153846
number of trials is
5200
number of Z or Y failures is
2
number of X failures is
0
average trial time
68.70912246363001
mu is
0.00037037037037037035
number of trials is
5400
number of Z or Y failures is
2
number of X failures is
0
average trial time
71.44991103966
mu is
0.00035714285714285714
number of trials is
5600
number of Z or Y failures is
2
number of X failures is
0
average trial time
74.13853152832499
mu is
0.0003448275862068965
number of trials is
5800
number of Z or Y failures is
2
number of X failures is
0
average trial time
76.86047670346501
mu is
0.0003333333333333333
number of trials is
6000
number of Z or Y failures is
2
number of X failures is
0
average trial time
79.57366825573996
mu is
0.0003225806451612903
number of trials is
6200
number of Z or Y failures is
2
number of X failures is
0
average trial time
82.25853283612994
mu is
0.0003125
number of trials is
6400
number of Z or Y failures is
2
number of X failures is
0
average trial time
84.9793937990599
mu is
0.00030303030303030303
number of trials is
6600
number of Z or Y failures is
2
number of X failures is
0
average trial time
87.68189935829506
mu is
0.0004411764705882353
number of trials is
6800
number of Z or Y failures is
3
number of X failures is
0
average trial time
90.34792996042499
mu is
0.00042857142857142855
number of trials is
7000
number of Z or Y failures is
3
number of X failures is
0
average trial time
93.04710888330506
mu is
0.0004166666666666667
number of trials is
7200
number of Z or Y failures is
3
number of X failures is
0
average trial time
95.73501881015513
mu is
0.0004054054054054054
number of trials is
7400
number of Z or Y failures is
3
number of X failures is
0
average trial time
98.37110233881015
mu is
0.00039473684210526315
number of trials is
7600
number of Z or Y failures is
3
number of X failures is
0
average trial time
101.01838605197507
mu is
0.0003846153846153846
number of trials is
7800
number of Z or Y failures is
3
number of X failures is
0
average trial time
103.63851325696004
mu is
0.000375
number of trials is
8000
number of Z or Y failures is
3
number of X failures is
0
average trial time
106.32957678254498
mu is
0.00036585365853658537
number of trials is
8200
number of Z or Y failures is
3
number of X failures is
0
average trial time
109.00195514521991
mu is
0.00035714285714285714
number of trials is
8400
number of Z or Y failures is
3
number of X failures is
0
average trial time
111.68529204969995
mu is
0.0003488372093023256
number of trials is
8600
number of Z or Y failures is
3
number of X failures is
0
average trial time
114.35507688611497
mu is
0.00034090909090909094
number of trials is
8800
number of Z or Y failures is
3
number of X failures is
0
average trial time
116.97326419376495
mu is
0.00044444444444444447
number of trials is
9000
number of Z or Y failures is
4
number of X failures is
0
average trial time
119.59886441851995
mu is
0.0004347826086956522
number of trials is
9200
number of Z or Y failures is
4
number of X failures is
0
average trial time
122.21995372995997
mu is
0.000425531914893617
number of trials is
9400
number of Z or Y failures is
4
number of X failures is
0
average trial time
124.82195522926497
mu is
0.0004166666666666667
number of trials is
9600
number of Z or Y failures is
4
number of X failures is
0
average trial time
127.47947954242996
mu is
0.00040816326530612246
number of trials is
9800
number of Z or Y failures is
4
number of X failures is
0
average trial time
130.07433211068494
mu is
0.0004
number of trials is
10000
number of Z or Y failures is
4
number of X failures is
0
average trial time
132.72319957610492
mu is
0.000392156862745098
number of trials is
10200
number of Z or Y failures is
4
number of X failures is
0
average trial time
135.36666234495993
mu is
0.0003846153846153846
number of trials is
10400
number of Z or Y failures is
4
number of X failures is
0
average trial time
138.04268730163975
mu is
0.0003773584905660377
number of trials is
10600
number of Z or Y failures is
4
number of X failures is
0
average trial time
140.63852529208452
mu is
0.00037037037037037035
number of trials is
10800
number of Z or Y failures is
4
number of X failures is
0
average trial time
143.24407949469452
mu is
0.0003636363636363636
number of trials is
11000
number of Z or Y failures is
4
number of X failures is
0
average trial time
145.9175260243393
mu is
0.00035714285714285714
number of trials is
11200
number of Z or Y failures is
4
number of X failures is
0
average trial time
148.53552890633924
mu is
0.0003508771929824561
number of trials is
11400
number of Z or Y failures is
4
number of X failures is
0
average trial time
151.16724239940922
mu is
0.0003448275862068965
number of trials is
11600
number of Z or Y failures is
4
number of X failures is
0
average trial time
153.7655483273691
mu is
0.00033898305084745765
number of trials is
11800
number of Z or Y failures is
4
number of X failures is
0
average trial time
156.32769743614904
mu is
0.0003333333333333333
number of trials is
12000
number of Z or Y failures is
4
number of X failures is
0
average trial time
158.9538787959841
mu is
0.0003278688524590164
number of trials is
12200
number of Z or Y failures is
4
number of X failures is
0
average trial time
161.57010544962407
mu is
0.0003225806451612903
number of trials is
12400
number of Z or Y failures is
4
number of X failures is
0
average trial time
164.14208825265897
mu is
0.00031746031746031746
number of trials is
12600
number of Z or Y failures is
4
number of X failures is
0
average trial time
166.803952647794
mu is
0.0003125
number of trials is
12800
number of Z or Y failures is
4
number of X failures is
0
average trial time
169.3929207378991
mu is
0.0003076923076923077
number of trials is
13000
number of Z or Y failures is
4
number of X failures is
0
average trial time
171.98467960259933
mu is
0.00030303030303030303
number of trials is
13200
number of Z or Y failures is
4
number of X failures is
0
average trial time
174.55676835172457
mu is
0.00029850746268656717
number of trials is
13400
number of Z or Y failures is
4
number of X failures is
0
average trial time
177.17150763265454
mu is
0.0002941176470588235
number of trials is
13600
number of Z or Y failures is
4
number of X failures is
0
average trial time
179.77600148569454
mu is
0.0002898550724637681
number of trials is
13800
number of Z or Y failures is
4
number of X failures is
0
average trial time
182.34912547984968
mu is
0.00028571428571428574
number of trials is
14000
number of Z or Y failures is
4
number of X failures is
0
average trial time
184.90473719834958
mu is
0.00028169014084507044
number of trials is
14200
number of Z or Y failures is
4
number of X failures is
0
average trial time
187.46144238426461
mu is
0.0002777777777777778
number of trials is
14400
number of Z or Y failures is
4
number of X failures is
0
average trial time
190.06322037027462
mu is
0.000273972602739726
number of trials is
14600
number of Z or Y failures is
4
number of X failures is
0
average trial time
192.68370348887467
mu is
0.0002702702702702703
number of trials is
14800
number of Z or Y failures is
4
number of X failures is
0
average trial time
195.23334693375958
mu is
0.0002666666666666667
number of trials is
15000
number of Z or Y failures is
4
number of X failures is
0
average trial time
197.80037105063974
mu is
0.0002631578947368421
number of trials is
15200
number of Z or Y failures is
4
number of X failures is
0
average trial time
200.3564455784747
mu is
0.00025974025974025974
number of trials is
15400
number of Z or Y failures is
4
number of X failures is
0
average trial time
202.9160140377896
mu is
0.0002564102564102564
number of trials is
15600
number of Z or Y failures is
4
number of X failures is
0
average trial time
205.44441843484944
mu is
0.00025316455696202533
number of trials is
15800
number of Z or Y failures is
4
number of X failures is
0
average trial time
208.00796297128934
mu is
0.00025
number of trials is
16000
number of Z or Y failures is
4
number of X failures is
0
average trial time
210.59709006970945
mu is
0.0002469135802469136
number of trials is
16200
number of Z or Y failures is
4
number of X failures is
0
average trial time
213.16360820046444
mu is
0.00024390243902439024
number of trials is
16400
number of Z or Y failures is
4
number of X failures is
0
average trial time
215.7203943278594
mu is
0.00024096385542168674
number of trials is
16600
number of Z or Y failures is
4
number of X failures is
0
average trial time
218.29795362284443
mu is
0.0002380952380952381
number of trials is
16800
number of Z or Y failures is
4
number of X failures is
0
average trial time
220.86666522545445
mu is
0.00023529411764705883
number of trials is
17000
number of Z or Y failures is
4
number of X failures is
0
average trial time
223.40296818773953
mu is
0.00023255813953488373
number of trials is
17200
number of Z or Y failures is
4
number of X failures is
0
average trial time
225.9403051268946
mu is
0.00022988505747126436
number of trials is
17400
number of Z or Y failures is
4
number of X failures is
0
average trial time
228.4902946568548
mu is
0.00022727272727272727
number of trials is
17600
number of Z or Y failures is
4
number of X failures is
0
average trial time
231.05130439104997
mu is
0.00022471910112359551
number of trials is
17800
number of Z or Y failures is
4
number of X failures is
0
average trial time
233.57727368143992
mu is
0.00022222222222222223
number of trials is
18000
number of Z or Y failures is
4
number of X failures is
0
average trial time
236.11800650808473
mu is
0.00021978021978021978
number of trials is
18200
number of Z or Y failures is
4
number of X failures is
0
average trial time
238.6984176075147
mu is
0.0002173913043478261
number of trials is
18400
number of Z or Y failures is
4
number of X failures is
0
average trial time
241.2434358940097
mu is
0.00021505376344086021
number of trials is
18600
number of Z or Y failures is
4
number of X failures is
0
average trial time
243.8008846481549
mu is
0.0002127659574468085
number of trials is
18800
number of Z or Y failures is
4
number of X failures is
0
average trial time
246.41810023562502
mu is
0.0002631578947368421
number of trials is
19000
number of Z or Y failures is
5
number of X failures is
0
average trial time
249.00335998377514
stderr is
0.00011767539879703019
target is
2.6315789473684212e-5
mu is
0.00026041666666666666
number of trials is
19200
number of Z or Y failures is
5
number of X failures is
0
average trial time
251.57629122340026
stderr is
0.00011644974111906683
target is
2.604166666666667e-5
mu is
0.0002577319587628866
number of trials is
19400
number of Z or Y failures is
5
number of X failures is
0
average trial time
254.17029411283002
stderr is
0.00011524935212678434
target is
2.577319587628866e-5
mu is
0.00025510204081632655
number of trials is
19600
number of Z or Y failures is
5
number of X failures is
0
average trial time
256.71606573807475
stderr is
0.00011407345836797756
target is
2.5510204081632657e-5
mu is
0.0002525252525252525
number of trials is
19800
number of Z or Y failures is
5
number of X failures is
0
average trial time
259.26127970576965
stderr is
0.00011292131763787595
target is
2.5252525252525253e-5
mu is
0.00025
number of trials is
20000
number of Z or Y failures is
5
number of X failures is
0
average trial time
261.8259113627096
stderr is
0.00011179221741692823
target is
2.5e-5
mu is
0.00024752475247524753
number of trials is
20200
number of Z or Y failures is
5
number of X failures is
0
average trial time
264.3406881050346
stderr is
0.00011068547340138274
target is
2.4752475247524754e-5
mu is
0.00024509803921568627
number of trials is
20400
number of Z or Y failures is
5
number of X failures is
0
average trial time
266.90574621029964
stderr is
0.00010960042812029573
target is
2.450980392156863e-5
mu is
0.00024271844660194174
number of trials is
20600
number of Z or Y failures is
5
number of X failures is
0
average trial time
269.4739787982199
stderr is
0.00010853644963309456
target is
2.4271844660194176e-5
mu is
0.0002403846153846154
number of trials is
20800
number of Z or Y failures is
5
number of X failures is
0
average trial time
272.03190617913003
stderr is
0.00010749293030227409
target is
2.4038461538461542e-5
mu is
0.0002380952380952381
number of trials is
21000
number of Z or Y failures is
5
number of X failures is
0
average trial time
274.55771229904514
stderr is
0.00010646928563621805
target is
2.380952380952381e-5
mu is
0.0002358490566037736
number of trials is
21200
number of Z or Y failures is
5
number of X failures is
0
average trial time
277.105552917815
stderr is
0.00010546495319751504
target is
2.358490566037736e-5
mu is
0.00023364485981308412
number of trials is
21400
number of Z or Y failures is
5
number of X failures is
0
average trial time
279.64594093681
stderr is
0.00010447939157248457
target is
2.3364485981308414e-5
mu is
0.0002314814814814815
number of trials is
21600
number of Z or Y failures is
5
number of X failures is
0
average trial time
282.18790649272
stderr is
0.00010351207939794636
target is
2.314814814814815e-5
mu is
0.00022935779816513763
number of trials is
21800
number of Z or Y failures is
5
number of X failures is
0
average trial time
284.72071543154993
stderr is
0.00010256251444155724
target is
2.2935779816513765e-5
mu is
0.00022727272727272727
number of trials is
22000
number of Z or Y failures is
5
number of X failures is
0
average trial time
287.2746132332348
stderr is
0.00010163021273230652
target is
2.272727272727273e-5
mu is
0.00022522522522522523
number of trials is
22200
number of Z or Y failures is
5
number of X failures is
0
average trial time
289.8203778909145
stderr is
0.00010071470773800791
target is
2.2522522522522523e-5
mu is
0.0002232142857142857
number of trials is
22400
number of Z or Y failures is
5
number of X failures is
0
average trial time
292.3810335628443
stderr is
9.981554958685002e-5
target is
2.232142857142857e-5
mu is
0.00022123893805309734
number of trials is
22600
number of Z or Y failures is
5
number of X failures is
0
average trial time
294.93281081375386
stderr is
9.893230433027687e-5
target is
2.2123893805309735e-5
mu is
0.0002192982456140351
number of trials is
22800
number of Z or Y failures is
5
number of X failures is
0
average trial time
297.46120028644873
stderr is
9.806455324466098e-5
target is
2.192982456140351e-5
mu is
0.0002173913043478261
number of trials is
23000
number of Z or Y failures is
5
number of X failures is
0
average trial time
299.99616890597366
stderr is
9.721189216940736e-5
target is
2.173913043478261e-5
mu is
0.00021551724137931034
number of trials is
23200
number of Z or Y failures is
5
number of X failures is
0
average trial time
302.53161530068866
stderr is
9.637393087929103e-5
target is
2.1551724137931036e-5
mu is
0.00021367521367521368
number of trials is
23400
number of Z or Y failures is
5
number of X failures is
0
average trial time
305.0891398142835
stderr is
9.555029248897909e-5
target is
2.1367521367521368e-5
mu is
0.000211864406779661
number of trials is
23600
number of Z or Y failures is
5
number of X failures is
0
average trial time
307.6299131255585
stderr is
9.474061288782913e-5
target is
2.1186440677966103e-5
mu is
0.0002100840336134454
number of trials is
23800
number of Z or Y failures is
5
number of X failures is
0
average trial time
310.17428821475335
stderr is
9.394454020318264e-5
target is
2.1008403361344542e-5
mu is
0.00020833333333333335
number of trials is
24000
number of Z or Y failures is
5
number of X failures is
0
average trial time
312.7224355376682
stderr is
9.316173429049154e-5
target is
2.0833333333333336e-5
mu is
0.00020661157024793388
number of trials is
24200
number of Z or Y failures is
5
number of X failures is
0
average trial time
315.28730605323835
stderr is
9.239186624872568e-5
target is
2.066115702479339e-5
mu is
0.00020491803278688525
number of trials is
24400
number of Z or Y failures is
5
number of X failures is
0
average trial time
317.85889839603834
stderr is
9.163461795961063e-5
target is
2.0491803278688525e-5
mu is
0.0002032520325203252
number of trials is
24600
number of Z or Y failures is
5
number of X failures is
0
average trial time
320.36809021190834
stderr is
9.088968164933998e-5
target is
2.032520325203252e-5
mu is
0.00020161290322580645
number of trials is
24800
number of Z or Y failures is
5
number of X failures is
0
average trial time
322.9213214016236
stderr is
9.01567594714934e-5
target is
2.0161290322580645e-5
mu is
0.0002
number of trials is
25000
number of Z or Y failures is
5
number of X failures is
0
average trial time
325.4705597591837
stderr is
8.943556310997293e-5
target is
2.0e-5
mu is
0.0001984126984126984
number of trials is
25200
number of Z or Y failures is
5
number of X failures is
0
average trial time
327.9848576244287
stderr is
8.872581340084572e-5
target is
1.984126984126984e-5
mu is
0.0001968503937007874
number of trials is
25400
number of Z or Y failures is
5
number of X failures is
0
average trial time
330.51297544500335
stderr is
8.80272399720508e-5
target is
1.9685039370078743e-5
mu is
0.0001953125
number of trials is
25600
number of Z or Y failures is
5
number of X failures is
0
average trial time
333.0886643148187
stderr is
8.73395808999937e-5
target is
1.9531250000000004e-5
mu is
0.0001937984496124031
number of trials is
25800
number of Z or Y failures is
5
number of X failures is
0
average trial time
335.6244202521731
stderr is
8.66625823821116e-5
target is
1.937984496124031e-5
mu is
0.0001923076923076923
number of trials is
26000
number of Z or Y failures is
5
number of X failures is
0
average trial time
338.174251176578
stderr is
8.599599842455029e-5
target is
1.923076923076923e-5
mu is
0.00019083969465648855
number of trials is
26200
number of Z or Y failures is
5
number of X failures is
0
average trial time
340.72840269275827
stderr is
8.53395905441444e-5
target is
1.9083969465648855e-5
mu is
0.0001893939393939394
number of trials is
26400
number of Z or Y failures is
5
number of X failures is
0
average trial time
343.2702306740286
stderr is
8.469312748394337e-5
target is
1.893939393939394e-5
mu is
0.00018796992481203009
number of trials is
26600
number of Z or Y failures is
5
number of X failures is
0
average trial time
345.811464329013
stderr is
8.405638494156958e-5
target is
1.879699248120301e-5
mu is
0.00018656716417910448
number of trials is
26800
number of Z or Y failures is
5
number of X failures is
0
average trial time
348.3762372082329
stderr is
8.342914530973873e-5
target is
1.8656716417910448e-5
mu is
0.00018518518518518518
number of trials is
27000
number of Z or Y failures is
5
number of X failures is
0
average trial time
350.9435341210337
stderr is
8.281119742831181e-5
target is
1.8518518518518518e-5
mu is
0.0001838235294117647
number of trials is
27200
number of Z or Y failures is
5
number of X failures is
0
average trial time
353.49089897764867
stderr is
8.220233634728525e-5
target is
1.8382352941176472e-5
mu is
0.0001824817518248175
number of trials is
27400
number of Z or Y failures is
5
number of X failures is
0
average trial time
356.0680220504086
stderr is
8.160236310016006e-5
target is
1.824817518248175e-5
mu is
0.00018115942028985507
number of trials is
27600
number of Z or Y failures is
5
number of X failures is
0
average trial time
358.6178739137989
stderr is
8.101108448716397e-5
target is
1.8115942028985507e-5
mu is
0.00017985611510791367
number of trials is
27800
number of Z or Y failures is
5
number of X failures is
0
average trial time
361.181493083539
stderr is
8.04283128678301e-5
target is
1.7985611510791367e-5
mu is
0.00017857142857142857
number of trials is
28000
number of Z or Y failures is
5
number of X failures is
0
average trial time
363.7280765321141
stderr is
7.985386596246467e-5
target is
1.785714285714286e-5
mu is
0.0001773049645390071
number of trials is
28200
number of Z or Y failures is
5
number of X failures is
0
average trial time
366.25872817456906
stderr is
7.928756666206199e-5
target is
1.7730496453900712e-5
mu is
0.00017605633802816902
number of trials is
28400
number of Z or Y failures is
5
number of X failures is
0
average trial time
368.80773987193857
stderr is
7.872924284625093e-5
target is
1.7605633802816902e-5
mu is
0.00017482517482517483
number of trials is
28600
number of Z or Y failures is
5
number of X failures is
0
average trial time
371.37663415186364
stderr is
7.817872720887925e-5
target is
1.7482517482517483e-5
mu is
0.00017361111111111112
number of trials is
28800
number of Z or Y failures is
5
number of X failures is
0
average trial time
373.9192351031987
stderr is
7.76358570908649e-5
target is
1.736111111111111e-5
mu is
0.00017241379310344826
number of trials is
29000
number of Z or Y failures is
5
number of X failures is
0
average trial time
376.46863149259394
stderr is
7.710047431996331e-5
target is
1.7241379310344828e-5
mu is
0.00017123287671232877
number of trials is
29200
number of Z or Y failures is
5
number of X failures is
0
average trial time
379.0147919499989
stderr is
7.657242505711902e-5
target is
1.712328767123288e-5
mu is
0.00017006802721088434
number of trials is
29400
number of Z or Y failures is
5
number of X failures is
0
average trial time
381.5730758360834
stderr is
7.605155964908836e-5
target is
1.7006802721088435e-5
mu is
0.00016891891891891893
number of trials is
29600
number of Z or Y failures is
5
number of X failures is
0
average trial time
384.14304222545826
stderr is
7.55377324870365e-5
target is
1.6891891891891892e-5
mu is
0.00016778523489932885
number of trials is
29800
number of Z or Y failures is
5
number of X failures is
0
average trial time
386.6985569809978
stderr is
7.503080187082811e-5
target is
1.6778523489932884e-5
mu is
0.00016666666666666666
number of trials is
30000
number of Z or Y failures is
5
number of X failures is
0
average trial time
389.2145524678976
stderr is
7.453062987874605e-5
target is
1.6666666666666667e-5
mu is
0.00016556291390728477
number of trials is
30200
number of Z or Y failures is
5
number of X failures is
0
average trial time
391.7479646796775
stderr is
7.403708224238651e-5
target is
1.6556291390728477e-5
mu is
0.0001644736842105263
number of trials is
30400
number of Z or Y failures is
5
number of X failures is
0
average trial time
394.32684264920783
stderr is
7.355002822649209e-5
target is
1.644736842105263e-5
mu is
0.0001633986928104575
number of trials is
30600
number of Z or Y failures is
5
number of X failures is
0
average trial time
396.87061791954807
stderr is
7.306934051349717e-5
target is
1.633986928104575e-5
mu is
0.00016233766233766234
number of trials is
30800
number of Z or Y failures is
5
number of X failures is
0
average trial time
399.41265153937803
stderr is
7.259489509257096e-5
target is
1.6233766233766234e-5
mu is
0.00016129032258064516
number of trials is
31000
number of Z or Y failures is
5
number of X failures is
0
average trial time
401.9368666137432
stderr is
7.212657115295557e-5
target is
1.6129032258064517e-5
mu is
0.00016025641025641026
number of trials is
31200
number of Z or Y failures is
5
number of X failures is
0
average trial time
404.47404163914297
stderr is
7.166425098140624e-5
target is
1.6025641025641026e-5
mu is
0.0001592356687898089
number of trials is
31400
number of Z or Y failures is
5
number of X failures is
0
average trial time
407.0199046135484
stderr is
7.120781986355054e-5
target is
1.592356687898089e-5
mu is
0.00015822784810126583
number of trials is
31600
number of Z or Y failures is
5
number of X failures is
0
average trial time
409.5608015740234
stderr is
7.075716598899352e-5
target is
1.5822784810126583e-5
mu is
0.00015723270440251572
number of trials is
31800
number of Z or Y failures is
5
number of X failures is
0
average trial time
412.09813420439326
stderr is
7.031218036000334e-5
target is
1.572327044025157e-5
mu is
0.00015625
number of trials is
32000
number of Z or Y failures is
5
number of X failures is
0
average trial time
414.6284017359733
stderr is
6.987275670362103e-5
target is
1.5625e-5
mu is
0.00015527950310559007
number of trials is
32200
number of Z or Y failures is
5
number of X failures is
0
average trial time
417.1510716773031
stderr is
6.943879138704549e-5
target is
1.5527950310559007e-5
mu is
0.00015432098765432098
number of trials is
32400
number of Z or Y failures is
5
number of X failures is
0
average trial time
419.67374164861826
stderr is
6.901018333615219e-5
target is
1.54320987654321e-5
mu is
0.00015337423312883436
number of trials is
32600
number of Z or Y failures is
5
number of X failures is
0
average trial time
422.2138236529583
stderr is
6.858683395701093e-5
target is
1.5337423312883436e-5
mu is
0.0001524390243902439
number of trials is
32800
number of Z or Y failures is
5
number of X failures is
0
average trial time
424.73704155766796
stderr is
6.816864706027484e-5
target is
1.524390243902439e-5
mu is
0.00015151515151515152
number of trials is
33000
number of Z or Y failures is
5
number of X failures is
0
average trial time
427.22433588495835
stderr is
6.775552878831862e-5
target is
1.5151515151515153e-5
mu is
0.00015060240963855423
number of trials is
33200
number of Z or Y failures is
5
number of X failures is
0
average trial time
429.73655832172363
stderr is
6.734738754501011e-5
target is
1.5060240963855424e-5
mu is
0.0001497005988023952
number of trials is
33400
number of Z or Y failures is
5
number of X failures is
0
average trial time
432.31353440252394
stderr is
6.69441339280051e-5
target is
1.497005988023952e-5
mu is
0.00014880952380952382
number of trials is
33600
number of Z or Y failures is
5
number of X failures is
0
average trial time
434.8361843773539
stderr is
6.65456806634598e-5
target is
1.4880952380952383e-5
mu is
0.00014792899408284024
number of trials is
33800
number of Z or Y failures is
5
number of X failures is
0
average trial time
437.37339458948367
stderr is
6.615194254306124e-5
target is
1.4792899408284025e-5
mu is
0.00014705882352941175
number of trials is
34000
number of Z or Y failures is
5
number of X failures is
0
average trial time
439.93227272577906
stderr is
6.576283636328001e-5
target is
1.4705882352941175e-5
mu is
0.00014619883040935673
number of trials is
34200
number of Z or Y failures is
5
number of X failures is
0
average trial time
442.45678217113897
stderr is
6.53782808667541e-5
target is
1.4619883040935673e-5
mu is
0.00014534883720930232
number of trials is
34400
number of Z or Y failures is
5
number of X failures is
0
average trial time
444.978056256749
stderr is
6.499819668571776e-5
target is
1.4534883720930233e-5
mu is
0.00014450867052023122
number of trials is
34600
number of Z or Y failures is
5
number of X failures is
0
average trial time
447.5194461543441
stderr is
6.462250628739189e-5
target is
1.4450867052023123e-5
mu is
0.00014367816091954023
number of trials is
34800
number of Z or Y failures is
5
number of X failures is
0
average trial time
450.03796346380875
stderr is
6.425113392125769e-5
target is
1.4367816091954024e-5
mu is
0.00014285714285714287
number of trials is
35000
number of Z or Y failures is
5
number of X failures is
0
average trial time
452.566054844514
stderr is
6.388400556813776e-5
target is
1.4285714285714287e-5
mu is
0.00014204545454545454
number of trials is
35200
number of Z or Y failures is
5
number of X failures is
0
average trial time
455.08169473991387
stderr is
6.352104889101312e-5
target is
1.4204545454545455e-5
mu is
0.00014124293785310735
number of trials is
35400
number of Z or Y failures is
5
number of X failures is
0
average trial time
457.59965947812395
stderr is
6.316219318750731e-5
target is
1.4124293785310736e-5
mu is
0.0001404494382022472
number of trials is
35600
number of Z or Y failures is
5
number of X failures is
0
average trial time
460.1315587489586
stderr is
6.280736934397193e-5
target is
1.4044943820224721e-5
mu is
0.00013966480446927373
number of trials is
35800
number of Z or Y failures is
5
number of X failures is
0
average trial time
462.6616026043186
stderr is
6.245650979111141e-5
target is
1.3966480446927374e-5
mu is
0.0001388888888888889
number of trials is
36000
number of Z or Y failures is
5
number of X failures is
0
average trial time
465.1871374754084
stderr is
6.210954846108655e-5
target is
1.388888888888889e-5
mu is
0.00013812154696132598
number of trials is
36200
number of Z or Y failures is
5
number of X failures is
0
average trial time
467.7182076412133
stderr is
6.176642074604025e-5
target is
1.3812154696132598e-5
mu is
0.00013736263736263736
number of trials is
36400
number of Z or Y failures is
5
number of X failures is
0
average trial time
470.2615804022334
stderr is
6.142706345799021e-5
target is
1.3736263736263736e-5
mu is
0.0001366120218579235
number of trials is
36600
number of Z or Y failures is
5
number of X failures is
0
average trial time
472.7857118337137
stderr is
6.109141479003672e-5
target is
1.366120218579235e-5
ERROR: LoadError: MethodError: no method matching iterate(::Nothing)
Closest candidates are:
  iterate(!Matched::Union{LinRange, StepRangeLen}) at range.jl:664
  iterate(!Matched::Union{LinRange, StepRangeLen}, !Matched::Int64) at range.jl:664
  iterate(!Matched::T) where T<:Union{Base.KeySet{var"#s79", var"#s78"} where {var"#s79", var"#s78"<:Dict}, Base.ValueIterator{var"#s77"} where var"#s77"<:Dict} at dict.jl:693
  ...
Stacktrace:
  [1] indexed_iterate(I::Nothing, i::Int64)
    @ Base ./tuple.jl:89
  [2] MPS(A::ITensor{4}, sites::Vector{IndexSet{1, Index{Int64}, Tuple{Index{Int64}}}}; leftinds::Index{Int64}, orthocenter::Int64, kwargs::Base.Iterators.Pairs{Symbol, Any, NTuple{4, Symbol}, NamedTuple{(:ortho, :cutoff, :maxdim, :svd_alg), Tuple{String, Float64, Int64, String}}})
    @ ITensors ~/.julia/packages/ITensors/Ligbx/src/mps/abstractmps.jl:1388
  [3] setindex!(ψ::MPS, A::ITensor{4}, r::UnitRange{Int64}; orthocenter::Int64, perm::Vector{Int64}, kwargs::Base.Iterators.Pairs{Symbol, Any, NTuple{4, Symbol}, NamedTuple{(:ortho, :cutoff, :maxdim, :svd_alg), Tuple{String, Float64, Int64, String}}})
    @ ITensors ~/.julia/packages/ITensors/Ligbx/src/mps/abstractmps.jl:1328
  [4] setindex!(::MPS, ::ITensor{4}, ::UnitRange{Int64}, ::Pair{Symbol, Any}, ::Vararg{Pair{Symbol, Any}, N} where N; kwargs::Base.Iterators.Pairs{Symbol, Any, Tuple{Symbol, Symbol}, NamedTuple{(:orthocenter, :perm), Tuple{Int64, Vector{Int64}}}})
    @ ITensors ~/.julia/packages/ITensors/Ligbx/src/mps/abstractmps.jl:1340
  [5] swapbondsites(ψ::MPS, b::Int64; kwargs::Base.Iterators.Pairs{Symbol, Any, NTuple{4, Symbol}, NamedTuple{(:ortho, :cutoff, :maxdim, :svd_alg), Tuple{String, Float64, Int64, String}}})
    @ ITensors ~/.julia/packages/ITensors/Ligbx/src/mps/abstractmps.jl:1419
  [6] movesite(ψ::MPS, n1n2::Pair{Int64, Int64}; orthocenter::Int64, kwargs::Base.Iterators.Pairs{Symbol, Any, Tuple{Symbol, Symbol, Symbol}, NamedTuple{(:cutoff, :maxdim, :svd_alg), Tuple{Float64, Int64, String}}})
    @ ITensors ~/.julia/packages/ITensors/Ligbx/src/mps/abstractmps.jl:1447
  [7] _movesites(ψ::MPS, ns::Vector{Int64}, ns′::Vector{Int64}; kwargs::Base.Iterators.Pairs{Symbol, Any, Tuple{Symbol, Symbol, Symbol}, NamedTuple{(:cutoff, :maxdim, :svd_alg), Tuple{Float64, Int64, String}}})
    @ ITensors ~/.julia/packages/ITensors/Ligbx/src/mps/abstractmps.jl:1474
  [8] movesites(ψ::MPS, nsns′::Vector{Pair{Int64, Int64}}; kwargs::Base.Iterators.Pairs{Symbol, Any, Tuple{Symbol, Symbol, Symbol}, NamedTuple{(:cutoff, :maxdim, :svd_alg), Tuple{Float64, Int64, String}}})
    @ ITensors ~/.julia/packages/ITensors/Ligbx/src/mps/abstractmps.jl:1495
  [9] product(o::ITensor{4}, ψ::MPS, ns::Vector{Int64}; move_sites_back::Bool, apply_dag::Bool, kwargs::Base.Iterators.Pairs{Symbol, Any, Tuple{Symbol, Symbol, Symbol}, NamedTuple{(:cutoff, :maxdim, :svd_alg), Tuple{Float64, Int64, String}}})
    @ ITensors ~/.julia/packages/ITensors/Ligbx/src/mps/abstractmps.jl:1548
 [10] product(As::Vector{ITensor}, ψ::MPS; move_sites_back::Bool, kwargs::Base.Iterators.Pairs{Symbol, Any, Tuple{Symbol, Symbol, Symbol}, NamedTuple{(:cutoff, :maxdim, :svd_alg), Tuple{Float64, Int64, String}}})
    @ ITensors ~/.julia/packages/ITensors/Ligbx/src/mps/abstractmps.jl:1650
 [11] runcircuit(M::MPS, circuit_tensors::Vector{ITensor}; apply_dag::Nothing, cutoff::Float64, maxdim::Int64, svd_alg::String, move_sites_back::Bool, kwargs::Base.Iterators.Pairs{Union{}, Union{}, Tuple{}, NamedTuple{(), Tuple{}}})
    @ PastaQ ~/.julia/packages/PastaQ/9VxGO/src/circuits/runcircuit.jl:86
 [12] #runcircuit#99
    @ ~/.julia/packages/PastaQ/9VxGO/src/circuits/runcircuit.jl:188 [inlined]
 [13] SurfCirc(dz::Int64, dx::Int64, nr::Int64, PEZ::Matrix{Int64}, PEX::Matrix{Int64}, Synz::Matrix{Int64}, Synx::Matrix{Int64}, zsch::Vector{Any}, xsch::Vector{Any}, bsch::Array{Int64, 3}, layout::Vector{Any}, ql::Matrix{Int64}, zl::Vector{Int64}, xl::Vector{Int64}, p::Float64, al2::Int64, tmeas::Float64, k2::Float64, nth::Int64, pmz::Float64, pmx::Float64, acc::Float64, bd::Int64)
    @ Main /shared/JuliaCLTNDecoder/experiment/d9/2e5/mlsurfnc.jl:1337
 [14] macro expansion
    @ /shared/JuliaCLTNDecoder/experiment/d9/2e5/mlsurfnc.jl:1432 [inlined]
 [15] macro expansion
    @ ./timing.jl:287 [inlined]
 [16] SurfMC(dz::Int64, dx::Int64, nr::Int64, p::Float64, al2::Int64, tmeas::Float64, k2::Float64, nth::Int64, acc::Float64, bd::Int64, err::Float64, nt::Int64; sim_id::Int64)
    @ Main /shared/JuliaCLTNDecoder/experiment/d9/2e5/mlsurfnc.jl:1431
 [17] top-level scope
    @ /shared/JuliaCLTNDecoder/experiment/d9/2e5/mlsurfnc.jl:1514
in expression starting at /shared/JuliaCLTNDecoder/experiment/d9/2e5/mlsurfnc.jl:1512
The SVD algorithm `"divide_and_conquer"` has thrown an error,
likely because of a convergance failure. You can try
other SVD algorithms that may converge better using the
`alg` (or `svd_alg` if called through `factorize` or MPS/MPO functionality) keyword argument:

 - "divide_and_conquer" is a divide-and-conquer algorithm
   (LAPACK's `gesdd`). It is fast, but may lead to some innacurate
   singular values for very ill-conditioned matrices.
   It also may sometimes fail to converge, leading to errors
   (in which case `"qr_iteration"` or `"recursive"` can be tried).

 - `"qr_iteration"` (LAPACK's `gesvd`) is typically slower 
   than "divide_and_conquer", especially for large matrices,
   but is more accurate for very ill-conditioned matrices 
   compared to `"divide_and_conquer"`.

 - `"recursive"` is ITensor's custom SVD algorithm. It is very
   reliable, but may be slow if high precision is needed.
   To get an `svd` of a matrix `A`, an eigendecomposition of
   ``A^{\dagger} A`` is used to compute `U` and then a `qr` of
   ``A^{\dagger} U`` is used to compute `V`. This is performed
   recursively to compute small singular values.

Returning `nothing`. For an output `F = svd(A, ...)` you can check if
`isnothing(F)` in your code and try a different algorithm.

To suppress this message in the future, you can wrap the `svd` call in the
`@suppress` macro from the `Suppressor` package.

