mu is
0.005
number of trials is
200
number of Z or Y failures is
1
number of X failures is
0
average trial time
3.8647100932999985
mu is
0.0025
number of trials is
400
number of Z or Y failures is
1
number of X failures is
0
average trial time
7.662972217424997
mu is
0.0016666666666666668
number of trials is
600
number of Z or Y failures is
1
number of X failures is
0
average trial time
11.719646644514999
mu is
0.0025
number of trials is
800
number of Z or Y failures is
2
number of X failures is
0
average trial time
15.942564368415
mu is
0.002
number of trials is
1000
number of Z or Y failures is
2
number of X failures is
0
average trial time
20.140945911175002
mu is
0.0025
number of trials is
1200
number of Z or Y failures is
3
number of X failures is
0
average trial time
24.310045935390022
mu is
0.0035714285714285713
number of trials is
1400
number of Z or Y failures is
5
number of X failures is
0
average trial time
28.511419846195
stderr is
0.00159490644507451
target is
0.00035714285714285714
mu is
0.003125
number of trials is
1600
number of Z or Y failures is
5
number of X failures is
0
average trial time
32.73032074357999
stderr is
0.0013957933707514326
target is
0.00031250000000000006
mu is
0.0038888888888888888
number of trials is
1800
number of Z or Y failures is
7
number of X failures is
0
average trial time
36.94377554913
stderr is
0.001467408660847924
target is
0.0003888888888888889
mu is
0.004
number of trials is
2000
number of Z or Y failures is
8
number of X failures is
0
average trial time
41.06432642688006
stderr is
0.0014117352790977227
target is
0.0004
mu is
0.004545454545454545
number of trials is
2200
number of Z or Y failures is
10
number of X failures is
0
average trial time
45.15731292703008
stderr is
0.0014344544493539604
target is
0.00045454545454545455
mu is
0.004583333333333333
number of trials is
2400
number of Z or Y failures is
11
number of X failures is
0
average trial time
49.1727632784301
stderr is
0.0013790437735707655
target is
0.0004583333333333334
mu is
0.004230769230769231
number of trials is
2600
number of Z or Y failures is
11
number of X failures is
0
average trial time
53.20018593592506
stderr is
0.0012731684855082702
target is
0.0004230769230769231
mu is
0.003928571428571429
number of trials is
2800
number of Z or Y failures is
11
number of X failures is
0
average trial time
57.15480922949003
stderr is
0.001182391010320572
target is
0.00039285714285714293
mu is
0.0036666666666666666
number of trials is
3000
number of Z or Y failures is
11
number of X failures is
0
average trial time
61.188320543875015
stderr is
0.0011036968739969461
target is
0.00036666666666666667
mu is
0.0034375
number of trials is
3200
number of Z or Y failures is
11
number of X failures is
0
average trial time
65.14390375706508
stderr is
0.0010348240270870086
target is
0.00034375000000000003
mu is
0.0035294117647058825
number of trials is
3400
number of Z or Y failures is
12
number of X failures is
0
average trial time
69.21525669938002
stderr is
0.0010172034500878185
target is
0.00035294117647058826
mu is
0.0033333333333333335
number of trials is
3600
number of Z or Y failures is
12
number of X failures is
0
average trial time
73.364291025075
stderr is
0.0009607788099800323
target is
0.0003333333333333334
mu is
0.0034210526315789475
number of trials is
3800
number of Z or Y failures is
13
number of X failures is
0
average trial time
77.34647821619501
stderr is
0.0009473295519165618
target is
0.00034210526315789477
mu is
0.00375
number of trials is
4000
number of Z or Y failures is
15
number of X failures is
0
average trial time
81.34855849870506
stderr is
0.0009665494966541396
target is
0.000375
mu is
0.0038095238095238095
number of trials is
4200
number of Z or Y failures is
16
number of X failures is
0
average trial time
85.31145727730014
stderr is
0.0009506783451811155
target is
0.00038095238095238096
mu is
0.004090909090909091
number of trials is
4400
number of Z or Y failures is
18
number of X failures is
0
average trial time
89.2291385362652
stderr is
0.000962371563183254
target is
0.00040909090909090913
mu is
0.004130434782608695
number of trials is
4600
number of Z or Y failures is
19
number of X failures is
0
average trial time
93.12355230390521
stderr is
0.0009457305316818256
target is
0.0004130434782608696
mu is
0.003958333333333334
number of trials is
4800
number of Z or Y failures is
19
number of X failures is
0
average trial time
97.24535978969024
stderr is
0.0009063992969254111
target is
0.0003958333333333334
mu is
0.0046
number of trials is
5000
number of Z or Y failures is
23
number of X failures is
0
average trial time
101.18477718366029
stderr is
0.0009570533894397153
target is
0.00046
mu is
0.004615384615384616
number of trials is
5200
number of Z or Y failures is
24
number of X failures is
0
average trial time
105.28766524609037
stderr is
0.0009400252132091332
target is
0.0004615384615384616
mu is
0.004629629629629629
number of trials is
5400
number of Z or Y failures is
25
number of X failures is
0
average trial time
109.17035423063025
stderr is
0.0009238656394657891
target is
0.000462962962962963
mu is
0.004464285714285714
number of trials is
5600
number of Z or Y failures is
25
number of X failures is
0
average trial time
113.15922383701542
stderr is
0.000890941480769189
target is
0.0004464285714285714
mu is
0.004482758620689655
number of trials is
5800
number of Z or Y failures is
26
number of X failures is
0
average trial time
117.11128547867537
stderr is
0.0008772442208279744
target is
0.0004482758620689655
mu is
0.004333333333333333
number of trials is
6000
number of Z or Y failures is
26
number of X failures is
0
average trial time
121.09054237271546
stderr is
0.0008480639488482862
target is
0.0004333333333333333
26
0
6000
0.004333333333333333
