mu is
0.0
number of trials is
200
number of Z or Y failures is
0
number of X failures is
0
average trial time
2.27313275259
mu is
0.0
number of trials is
400
number of Z or Y failures is
0
number of X failures is
0
average trial time
4.3555461545249985
mu is
0.0
number of trials is
600
number of Z or Y failures is
0
number of X failures is
0
average trial time
6.430538771974999
mu is
0.0
number of trials is
800
number of Z or Y failures is
0
number of X failures is
0
average trial time
8.511781528614996
mu is
0.0
number of trials is
1000
number of Z or Y failures is
0
number of X failures is
0
average trial time
10.601474866724995
mu is
0.0
number of trials is
1200
number of Z or Y failures is
0
number of X failures is
0
average trial time
12.688784944964986
mu is
0.0
number of trials is
1400
number of Z or Y failures is
0
number of X failures is
0
average trial time
14.793369340214978
mu is
0.0
number of trials is
1600
number of Z or Y failures is
0
number of X failures is
0
average trial time
16.886310690724983
mu is
0.0
number of trials is
1800
number of Z or Y failures is
0
number of X failures is
0
average trial time
19.006836277874974
mu is
0.0
number of trials is
2000
number of Z or Y failures is
0
number of X failures is
0
average trial time
21.153564115674953
mu is
0.0
number of trials is
2200
number of Z or Y failures is
0
number of X failures is
0
average trial time
23.308560130809962
mu is
0.0
number of trials is
2400
number of Z or Y failures is
0
number of X failures is
0
average trial time
25.453208986394962
mu is
0.0
number of trials is
2600
number of Z or Y failures is
0
number of X failures is
0
average trial time
27.62198876659995
mu is
0.00035714285714285714
number of trials is
2800
number of Z or Y failures is
1
number of X failures is
0
average trial time
29.85440957109996
mu is
0.0003333333333333333
number of trials is
3000
number of Z or Y failures is
1
number of X failures is
0
average trial time
32.06823998192995
mu is
0.0003125
number of trials is
3200
number of Z or Y failures is
1
number of X failures is
0
average trial time
34.31213885460998
mu is
0.0002941176470588235
number of trials is
3400
number of Z or Y failures is
1
number of X failures is
0
average trial time
36.612183670460006
mu is
0.0002777777777777778
number of trials is
3600
number of Z or Y failures is
1
number of X failures is
0
average trial time
38.930921432779996
mu is
0.0002631578947368421
number of trials is
3800
number of Z or Y failures is
1
number of X failures is
0
average trial time
41.27278590198998
mu is
0.00025
number of trials is
4000
number of Z or Y failures is
1
number of X failures is
0
average trial time
43.62672015719494
mu is
0.0002380952380952381
number of trials is
4200
number of Z or Y failures is
1
number of X failures is
0
average trial time
46.01474195859
mu is
0.00022727272727272727
number of trials is
4400
number of Z or Y failures is
1
number of X failures is
0
average trial time
48.37993619982502
mu is
0.0002173913043478261
number of trials is
4600
number of Z or Y failures is
1
number of X failures is
0
average trial time
50.75793647083002
mu is
0.00020833333333333335
number of trials is
4800
number of Z or Y failures is
1
number of X failures is
0
average trial time
53.169534561300026
mu is
0.0002
number of trials is
5000
number of Z or Y failures is
1
number of X failures is
0
average trial time
55.599290950935085
mu is
0.0001923076923076923
number of trials is
5200
number of Z or Y failures is
1
number of X failures is
0
average trial time
58.039107608735115
mu is
0.00018518518518518518
number of trials is
5400
number of Z or Y failures is
1
number of X failures is
0
average trial time
60.49962646431013
mu is
0.00017857142857142857
number of trials is
5600
number of Z or Y failures is
1
number of X failures is
0
average trial time
62.9219599290101
mu is
0.00017241379310344826
number of trials is
5800
number of Z or Y failures is
1
number of X failures is
0
average trial time
65.39003135820013
mu is
0.00016666666666666666
number of trials is
6000
number of Z or Y failures is
1
number of X failures is
0
average trial time
67.84680328957508
mu is
0.00016129032258064516
number of trials is
6200
number of Z or Y failures is
1
number of X failures is
0
average trial time
70.30204686513508
mu is
0.00015625
number of trials is
6400
number of Z or Y failures is
1
number of X failures is
0
average trial time
72.77998945950006
mu is
0.00015151515151515152
number of trials is
6600
number of Z or Y failures is
1
number of X failures is
0
average trial time
75.26175358308997
mu is
0.00014705882352941175
number of trials is
6800
number of Z or Y failures is
1
number of X failures is
0
average trial time
77.74309455686998
mu is
0.00014285714285714287
number of trials is
7000
number of Z or Y failures is
1
number of X failures is
0
average trial time
80.255255549245
mu is
0.0001388888888888889
number of trials is
7200
number of Z or Y failures is
1
number of X failures is
0
average trial time
82.71546204775503
mu is
0.00013513513513513514
number of trials is
7400
number of Z or Y failures is
1
number of X failures is
0
average trial time
85.19216304944516
mu is
0.00013157894736842105
number of trials is
7600
number of Z or Y failures is
1
number of X failures is
0
average trial time
87.69107186561509
mu is
0.0001282051282051282
number of trials is
7800
number of Z or Y failures is
1
number of X failures is
0
average trial time
90.17873984076017
mu is
0.000125
number of trials is
8000
number of Z or Y failures is
1
number of X failures is
0
average trial time
92.65723565623513
mu is
0.00012195121951219512
number of trials is
8200
number of Z or Y failures is
1
number of X failures is
0
average trial time
95.1653244759352
mu is
0.00011904761904761905
number of trials is
8400
number of Z or Y failures is
1
number of X failures is
0
average trial time
97.63288849910515
mu is
0.00011627906976744187
number of trials is
8600
number of Z or Y failures is
1
number of X failures is
0
average trial time
100.10538956059509
mu is
0.00011363636363636364
number of trials is
8800
number of Z or Y failures is
1
number of X failures is
0
average trial time
102.60499799724514
mu is
0.00011111111111111112
number of trials is
9000
number of Z or Y failures is
1
number of X failures is
0
average trial time
105.06443736725527
mu is
0.00010869565217391305
number of trials is
9200
number of Z or Y failures is
1
number of X failures is
0
average trial time
107.57262312188035
mu is
0.00010638297872340425
number of trials is
9400
number of Z or Y failures is
1
number of X failures is
0
average trial time
110.00134073141042
mu is
0.00010416666666666667
number of trials is
9600
number of Z or Y failures is
1
number of X failures is
0
average trial time
112.48058017033537
mu is
0.00010204081632653062
number of trials is
9800
number of Z or Y failures is
1
number of X failures is
0
average trial time
114.95364222959043
mu is
0.0001
number of trials is
10000
number of Z or Y failures is
1
number of X failures is
0
average trial time
117.43123121526038
mu is
9.80392156862745e-5
number of trials is
10200
number of Z or Y failures is
1
number of X failures is
0
average trial time
119.9101401743054
mu is
9.615384615384615e-5
number of trials is
10400
number of Z or Y failures is
1
number of X failures is
0
average trial time
122.36633354695032
mu is
9.433962264150943e-5
number of trials is
10600
number of Z or Y failures is
1
number of X failures is
0
average trial time
124.82812097540534
mu is
9.259259259259259e-5
number of trials is
10800
number of Z or Y failures is
1
number of X failures is
0
average trial time
127.28646878096536
mu is
9.09090909090909e-5
number of trials is
11000
number of Z or Y failures is
1
number of X failures is
0
average trial time
129.75269175637035
mu is
8.928571428571429e-5
number of trials is
11200
number of Z or Y failures is
1
number of X failures is
0
average trial time
132.19789781583543
mu is
8.771929824561403e-5
number of trials is
11400
number of Z or Y failures is
1
number of X failures is
0
average trial time
134.65933594596544
mu is
8.620689655172413e-5
number of trials is
11600
number of Z or Y failures is
1
number of X failures is
0
average trial time
137.09190067427045
mu is
8.474576271186441e-5
number of trials is
11800
number of Z or Y failures is
1
number of X failures is
0
average trial time
139.53516529535048
mu is
8.333333333333333e-5
number of trials is
12000
number of Z or Y failures is
1
number of X failures is
0
average trial time
141.9983189148855
mu is
8.19672131147541e-5
number of trials is
12200
number of Z or Y failures is
1
number of X failures is
0
average trial time
144.45548094008035
mu is
8.064516129032258e-5
number of trials is
12400
number of Z or Y failures is
1
number of X failures is
0
average trial time
146.8951161739854
mu is
7.936507936507937e-5
number of trials is
12600
number of Z or Y failures is
1
number of X failures is
0
average trial time
149.35903471190022
mu is
7.8125e-5
number of trials is
12800
number of Z or Y failures is
1
number of X failures is
0
average trial time
151.79572629851017
mu is
7.692307692307693e-5
number of trials is
13000
number of Z or Y failures is
1
number of X failures is
0
average trial time
154.2511211837251
mu is
7.575757575757576e-5
number of trials is
13200
number of Z or Y failures is
1
number of X failures is
0
average trial time
156.70283798798008
mu is
7.462686567164179e-5
number of trials is
13400
number of Z or Y failures is
1
number of X failures is
0
average trial time
159.11820582699016
mu is
7.352941176470588e-5
number of trials is
13600
number of Z or Y failures is
1
number of X failures is
0
average trial time
161.58367030822532
mu is
7.246376811594203e-5
number of trials is
13800
number of Z or Y failures is
1
number of X failures is
0
average trial time
164.00378389315534
mu is
7.142857142857143e-5
number of trials is
14000
number of Z or Y failures is
1
number of X failures is
0
average trial time
166.42341291188546
mu is
7.042253521126761e-5
number of trials is
14200
number of Z or Y failures is
1
number of X failures is
0
average trial time
168.82255244984555
mu is
6.944444444444444e-5
number of trials is
14400
number of Z or Y failures is
1
number of X failures is
0
average trial time
171.26456959755066
mu is
6.84931506849315e-5
number of trials is
14600
number of Z or Y failures is
1
number of X failures is
0
average trial time
173.7118502459956
mu is
6.756756756756757e-5
number of trials is
14800
number of Z or Y failures is
1
number of X failures is
0
average trial time
176.1183700498455
mu is
6.666666666666667e-5
number of trials is
15000
number of Z or Y failures is
1
number of X failures is
0
average trial time
178.56623302720033
mu is
6.578947368421052e-5
number of trials is
15200
number of Z or Y failures is
1
number of X failures is
0
average trial time
180.97305639033542
mu is
6.493506493506494e-5
number of trials is
15400
number of Z or Y failures is
1
number of X failures is
0
average trial time
183.41791054004042
mu is
6.41025641025641e-5
number of trials is
15600
number of Z or Y failures is
1
number of X failures is
0
average trial time
185.81710171193524
mu is
6.329113924050633e-5
number of trials is
15800
number of Z or Y failures is
1
number of X failures is
0
average trial time
188.2039654751851
mu is
6.25e-5
number of trials is
16000
number of Z or Y failures is
1
number of X failures is
0
average trial time
190.62275047760028
mu is
6.17283950617284e-5
number of trials is
16200
number of Z or Y failures is
1
number of X failures is
0
average trial time
193.02956499299006
mu is
6.097560975609756e-5
number of trials is
16400
number of Z or Y failures is
1
number of X failures is
0
average trial time
195.45042307703972
mu is
6.0240963855421684e-5
number of trials is
16600
number of Z or Y failures is
1
number of X failures is
0
average trial time
197.85515667372476
mu is
5.9523809523809524e-5
number of trials is
16800
number of Z or Y failures is
1
number of X failures is
0
average trial time
200.23039524209992
mu is
5.882352941176471e-5
number of trials is
17000
number of Z or Y failures is
1
number of X failures is
0
average trial time
202.63804741189492
mu is
5.8139534883720933e-5
number of trials is
17200
number of Z or Y failures is
1
number of X failures is
0
average trial time
205.02185670902475
mu is
5.747126436781609e-5
number of trials is
17400
number of Z or Y failures is
1
number of X failures is
0
average trial time
207.44154007293506
mu is
5.681818181818182e-5
number of trials is
17600
number of Z or Y failures is
1
number of X failures is
0
average trial time
209.82927792765514
mu is
5.617977528089888e-5
number of trials is
17800
number of Z or Y failures is
1
number of X failures is
0
average trial time
212.20982866968538
mu is
5.555555555555556e-5
number of trials is
18000
number of Z or Y failures is
1
number of X failures is
0
average trial time
214.59857253794064
mu is
5.4945054945054945e-5
number of trials is
18200
number of Z or Y failures is
1
number of X failures is
0
average trial time
217.00738842754038
mu is
5.4347826086956524e-5
number of trials is
18400
number of Z or Y failures is
1
number of X failures is
0
average trial time
219.44236810418056
mu is
5.3763440860215054e-5
number of trials is
18600
number of Z or Y failures is
1
number of X failures is
0
average trial time
221.81910878293064
mu is
5.319148936170213e-5
number of trials is
18800
number of Z or Y failures is
1
number of X failures is
0
average trial time
224.2624853140457
mu is
5.2631578947368424e-5
number of trials is
19000
number of Z or Y failures is
1
number of X failures is
0
average trial time
226.64173127928606
mu is
5.208333333333334e-5
number of trials is
19200
number of Z or Y failures is
1
number of X failures is
0
average trial time
229.05173638422133
mu is
5.154639175257732e-5
number of trials is
19400
number of Z or Y failures is
1
number of X failures is
0
average trial time
231.4345079824214
mu is
5.102040816326531e-5
number of trials is
19600
number of Z or Y failures is
1
number of X failures is
0
average trial time
233.83054471359665
mu is
5.0505050505050505e-5
number of trials is
19800
number of Z or Y failures is
1
number of X failures is
0
average trial time
236.1953559613919
mu is
5.0e-5
number of trials is
20000
number of Z or Y failures is
1
number of X failures is
0
average trial time
238.5863255825022
mu is
4.950495049504951e-5
number of trials is
20200
number of Z or Y failures is
1
number of X failures is
0
average trial time
240.9814941843171
mu is
4.901960784313725e-5
number of trials is
20400
number of Z or Y failures is
1
number of X failures is
0
average trial time
243.37848764365208
mu is
4.854368932038835e-5
number of trials is
20600
number of Z or Y failures is
1
number of X failures is
0
average trial time
245.76108403716714
mu is
4.807692307692308e-5
number of trials is
20800
number of Z or Y failures is
1
number of X failures is
0
average trial time
248.1477345061971
mu is
4.761904761904762e-5
number of trials is
21000
number of Z or Y failures is
1
number of X failures is
0
average trial time
250.51753432019225
mu is
4.7169811320754715e-5
number of trials is
21200
number of Z or Y failures is
1
number of X failures is
0
average trial time
252.92715114651736
mu is
4.672897196261682e-5
number of trials is
21400
number of Z or Y failures is
1
number of X failures is
0
average trial time
255.28486162636744
mu is
4.6296296296296294e-5
number of trials is
21600
number of Z or Y failures is
1
number of X failures is
0
average trial time
257.6911360650573
mu is
4.587155963302752e-5
number of trials is
21800
number of Z or Y failures is
1
number of X failures is
0
average trial time
260.04998895783757
mu is
4.545454545454545e-5
number of trials is
22000
number of Z or Y failures is
1
number of X failures is
0
average trial time
262.4304797877874
mu is
4.5045045045045046e-5
number of trials is
22200
number of Z or Y failures is
1
number of X failures is
0
average trial time
264.77922699367286
mu is
4.464285714285714e-5
number of trials is
22400
number of Z or Y failures is
1
number of X failures is
0
average trial time
267.1531677212226
mu is
4.424778761061947e-5
number of trials is
22600
number of Z or Y failures is
1
number of X failures is
0
average trial time
269.52093249626273
mu is
4.3859649122807014e-5
number of trials is
22800
number of Z or Y failures is
1
number of X failures is
0
average trial time
271.92865623983295
mu is
4.347826086956522e-5
number of trials is
23000
number of Z or Y failures is
1
number of X failures is
0
average trial time
274.306328538363
mu is
4.3103448275862066e-5
number of trials is
23200
number of Z or Y failures is
1
number of X failures is
0
average trial time
276.6616417603932
mu is
4.2735042735042735e-5
number of trials is
23400
number of Z or Y failures is
1
number of X failures is
0
average trial time
279.0389895401383
mu is
4.2372881355932206e-5
number of trials is
23600
number of Z or Y failures is
1
number of X failures is
0
average trial time
281.40173615740326
mu is
4.201680672268908e-5
number of trials is
23800
number of Z or Y failures is
1
number of X failures is
0
average trial time
283.77978971422834
mu is
4.1666666666666665e-5
number of trials is
24000
number of Z or Y failures is
1
number of X failures is
0
average trial time
286.16725942619837
mu is
4.132231404958678e-5
number of trials is
24200
number of Z or Y failures is
1
number of X failures is
0
average trial time
288.5484183764832
mu is
4.098360655737705e-5
number of trials is
24400
number of Z or Y failures is
1
number of X failures is
0
average trial time
290.92419065825817
mu is
4.065040650406504e-5
number of trials is
24600
number of Z or Y failures is
1
number of X failures is
0
average trial time
293.2840849732881
mu is
4.032258064516129e-5
number of trials is
24800
number of Z or Y failures is
1
number of X failures is
0
average trial time
295.6355198928132
mu is
4.0e-5
number of trials is
25000
number of Z or Y failures is
1
number of X failures is
0
average trial time
297.99431401045814
mu is
3.968253968253968e-5
number of trials is
25200
number of Z or Y failures is
1
number of X failures is
0
average trial time
300.35944510116826
mu is
3.937007874015748e-5
number of trials is
25400
number of Z or Y failures is
1
number of X failures is
0
average trial time
302.73603200480824
mu is
3.90625e-5
number of trials is
25600
number of Z or Y failures is
1
number of X failures is
0
average trial time
305.11191033217347
mu is
3.875968992248062e-5
number of trials is
25800
number of Z or Y failures is
1
number of X failures is
0
average trial time
307.4666283949586
mu is
3.846153846153846e-5
number of trials is
26000
number of Z or Y failures is
1
number of X failures is
0
average trial time
309.8602486395185
mu is
3.816793893129771e-5
number of trials is
26200
number of Z or Y failures is
1
number of X failures is
0
average trial time
312.2138723938935
mu is
3.787878787878788e-5
number of trials is
26400
number of Z or Y failures is
1
number of X failures is
0
average trial time
314.55086818959825
mu is
3.759398496240601e-5
number of trials is
26600
number of Z or Y failures is
1
number of X failures is
0
average trial time
316.9337552706231
mu is
3.7313432835820896e-5
number of trials is
26800
number of Z or Y failures is
1
number of X failures is
0
average trial time
319.29039764997316
mu is
3.7037037037037037e-5
number of trials is
27000
number of Z or Y failures is
1
number of X failures is
0
average trial time
321.6385471364533
mu is
3.676470588235294e-5
number of trials is
27200
number of Z or Y failures is
1
number of X failures is
0
average trial time
324.02488961827805
mu is
3.649635036496351e-5
number of trials is
27400
number of Z or Y failures is
1
number of X failures is
0
average trial time
326.37397348401805
mu is
3.6231884057971014e-5
number of trials is
27600
number of Z or Y failures is
1
number of X failures is
0
average trial time
328.7332193271636
mu is
3.597122302158273e-5
number of trials is
27800
number of Z or Y failures is
1
number of X failures is
0
average trial time
331.09463451066335
mu is
3.571428571428572e-5
number of trials is
28000
number of Z or Y failures is
1
number of X failures is
0
average trial time
333.4512096553632
mu is
3.546099290780142e-5
number of trials is
28200
number of Z or Y failures is
1
number of X failures is
0
average trial time
335.8068305154778
mu is
3.5211267605633805e-5
number of trials is
28400
number of Z or Y failures is
1
number of X failures is
0
average trial time
338.15553837027824
mu is
3.4965034965034965e-5
number of trials is
28600
number of Z or Y failures is
1
number of X failures is
0
average trial time
340.5232127377983
mu is
3.472222222222222e-5
number of trials is
28800
number of Z or Y failures is
1
number of X failures is
0
average trial time
342.8901452783885
mu is
3.4482758620689657e-5
number of trials is
29000
number of Z or Y failures is
1
number of X failures is
0
average trial time
345.24392090099855
mu is
3.424657534246575e-5
number of trials is
29200
number of Z or Y failures is
1
number of X failures is
0
average trial time
347.57144945685366
mu is
3.401360544217687e-5
number of trials is
29400
number of Z or Y failures is
1
number of X failures is
0
average trial time
349.9165577740386
mu is
3.3783783783783784e-5
number of trials is
29600
number of Z or Y failures is
1
number of X failures is
0
average trial time
352.2918296442186
mu is
3.355704697986577e-5
number of trials is
29800
number of Z or Y failures is
1
number of X failures is
0
average trial time
354.63666161970855
mu is
3.3333333333333335e-5
number of trials is
30000
number of Z or Y failures is
1
number of X failures is
0
average trial time
356.9989125240387
mu is
3.3112582781456954e-5
number of trials is
30200
number of Z or Y failures is
1
number of X failures is
0
average trial time
359.3409671831338
mu is
3.289473684210526e-5
number of trials is
30400
number of Z or Y failures is
1
number of X failures is
0
average trial time
361.6842697509187
mu is
3.2679738562091506e-5
number of trials is
30600
number of Z or Y failures is
1
number of X failures is
0
average trial time
364.0501559169887
mu is
3.246753246753247e-5
number of trials is
30800
number of Z or Y failures is
1
number of X failures is
0
average trial time
366.3956647784833
mu is
3.2258064516129034e-5
number of trials is
31000
number of Z or Y failures is
1
number of X failures is
0
average trial time
368.740268061643
mu is
3.205128205128205e-5
number of trials is
31200
number of Z or Y failures is
1
number of X failures is
0
average trial time
371.0686830015087
mu is
3.184713375796178e-5
number of trials is
31400
number of Z or Y failures is
1
number of X failures is
0
average trial time
373.4261840556434
mu is
3.1645569620253167e-5
number of trials is
31600
number of Z or Y failures is
1
number of X failures is
0
average trial time
375.7525542180985
mu is
3.144654088050314e-5
number of trials is
31800
number of Z or Y failures is
1
number of X failures is
0
average trial time
378.1085925447685
mu is
3.125e-5
number of trials is
32000
number of Z or Y failures is
1
number of X failures is
0
average trial time
380.4566711090389
mu is
3.1055900621118014e-5
number of trials is
32200
number of Z or Y failures is
1
number of X failures is
0
average trial time
382.778927151039
mu is
3.08641975308642e-5
number of trials is
32400
number of Z or Y failures is
1
number of X failures is
0
average trial time
385.09247433900373
mu is
3.067484662576687e-5
number of trials is
32600
number of Z or Y failures is
1
number of X failures is
0
average trial time
387.41893441810385
mu is
3.048780487804878e-5
number of trials is
32800
number of Z or Y failures is
1
number of X failures is
0
average trial time
389.75480144755363
mu is
3.0303030303030302e-5
number of trials is
33000
number of Z or Y failures is
1
number of X failures is
0
average trial time
392.09790089611835
mu is
3.0120481927710842e-5
number of trials is
33200
number of Z or Y failures is
1
number of X failures is
0
average trial time
394.4124565110587
mu is
2.994011976047904e-5
number of trials is
33400
number of Z or Y failures is
1
number of X failures is
0
average trial time
396.73554633105874
mu is
2.9761904761904762e-5
number of trials is
33600
number of Z or Y failures is
1
number of X failures is
0
average trial time
399.10099749812855
mu is
2.9585798816568047e-5
number of trials is
33800
number of Z or Y failures is
1
number of X failures is
0
average trial time
401.4426130047182
mu is
2.9411764705882354e-5
number of trials is
34000
number of Z or Y failures is
1
number of X failures is
0
average trial time
403.79739008517333
mu is
2.9239766081871346e-5
number of trials is
34200
number of Z or Y failures is
1
number of X failures is
0
average trial time
406.12780891147867
mu is
2.9069767441860467e-5
number of trials is
34400
number of Z or Y failures is
1
number of X failures is
0
average trial time
408.459545007344
mu is
2.8901734104046242e-5
number of trials is
34600
number of Z or Y failures is
1
number of X failures is
0
average trial time
410.78778924383886
mu is
2.8735632183908045e-5
number of trials is
34800
number of Z or Y failures is
1
number of X failures is
0
average trial time
413.1107860366787
mu is
2.857142857142857e-5
number of trials is
35000
number of Z or Y failures is
1
number of X failures is
0
average trial time
415.44278749283416
mu is
2.840909090909091e-5
number of trials is
35200
number of Z or Y failures is
1
number of X failures is
0
average trial time
417.7580564754791
mu is
2.824858757062147e-5
number of trials is
35400
number of Z or Y failures is
1
number of X failures is
0
average trial time
420.08191725426883
mu is
2.808988764044944e-5
number of trials is
35600
number of Z or Y failures is
1
number of X failures is
0
average trial time
422.4147670270839
mu is
2.793296089385475e-5
number of trials is
35800
number of Z or Y failures is
1
number of X failures is
0
average trial time
424.7484815709341
mu is
2.777777777777778e-5
number of trials is
36000
number of Z or Y failures is
1
number of X failures is
0
average trial time
427.09385952294883
mu is
2.7624309392265193e-5
number of trials is
36200
number of Z or Y failures is
1
number of X failures is
0
average trial time
429.4349420337037
mu is
2.7472527472527473e-5
number of trials is
36400
number of Z or Y failures is
1
number of X failures is
0
average trial time
431.7591321729181
mu is
2.73224043715847e-5
number of trials is
36600
number of Z or Y failures is
1
number of X failures is
0
average trial time
434.118947166323
mu is
2.7173913043478262e-5
number of trials is
36800
number of Z or Y failures is
1
number of X failures is
0
average trial time
436.45797952454814
mu is
2.7027027027027027e-5
number of trials is
37000
number of Z or Y failures is
1
number of X failures is
0
average trial time
438.79860664195354
mu is
2.6881720430107527e-5
number of trials is
37200
number of Z or Y failures is
1
number of X failures is
0
average trial time
441.1381154049035
mu is
2.67379679144385e-5
number of trials is
37400
number of Z or Y failures is
1
number of X failures is
0
average trial time
443.4765099060784
mu is
2.6595744680851064e-5
number of trials is
37600
number of Z or Y failures is
1
number of X failures is
0
average trial time
445.8079996066684
mu is
2.6455026455026456e-5
number of trials is
37800
number of Z or Y failures is
1
number of X failures is
0
average trial time
448.13694665827853
mu is
2.6315789473684212e-5
number of trials is
38000
number of Z or Y failures is
1
number of X failures is
0
average trial time
450.46863952691325
mu is
2.6178010471204188e-5
number of trials is
38200
number of Z or Y failures is
1
number of X failures is
0
average trial time
452.7964630163182
mu is
2.604166666666667e-5
number of trials is
38400
number of Z or Y failures is
1
number of X failures is
0
average trial time
455.1224557052876
mu is
2.5906735751295337e-5
number of trials is
38600
number of Z or Y failures is
1
number of X failures is
0
average trial time
457.44749797800773
mu is
2.577319587628866e-5
number of trials is
38800
number of Z or Y failures is
1
number of X failures is
0
average trial time
459.766794558608
mu is
2.564102564102564e-5
number of trials is
39000
number of Z or Y failures is
1
number of X failures is
0
average trial time
462.0846461923282
mu is
2.5510204081632654e-5
number of trials is
39200
number of Z or Y failures is
1
number of X failures is
0
average trial time
464.4073886106934
mu is
2.5380710659898476e-5
number of trials is
39400
number of Z or Y failures is
1
number of X failures is
0
average trial time
466.7258197954086
mu is
2.5252525252525253e-5
number of trials is
39600
number of Z or Y failures is
1
number of X failures is
0
average trial time
469.0436127217435
mu is
2.5125628140703518e-5
number of trials is
39800
number of Z or Y failures is
1
number of X failures is
0
average trial time
471.3837885052932
mu is
2.5e-5
number of trials is
40000
number of Z or Y failures is
1
number of X failures is
0
average trial time
473.6991764249334
mu is
2.4875621890547263e-5
number of trials is
40200
number of Z or Y failures is
1
number of X failures is
0
average trial time
475.99165518121305
mu is
2.4752475247524754e-5
number of trials is
40400
number of Z or Y failures is
1
number of X failures is
0
average trial time
478.2919321873727
mu is
2.4630541871921184e-5
number of trials is
40600
number of Z or Y failures is
1
number of X failures is
0
average trial time
480.6118017273527
mu is
2.4509803921568626e-5
number of trials is
40800
number of Z or Y failures is
1
number of X failures is
0
average trial time
482.93461633258795
mu is
2.4390243902439026e-5
number of trials is
41000
number of Z or Y failures is
1
number of X failures is
0
average trial time
485.25257187997306
mu is
2.4271844660194176e-5
number of trials is
41200
number of Z or Y failures is
1
number of X failures is
0
average trial time
487.56374439727836
mu is
2.4154589371980676e-5
number of trials is
41400
number of Z or Y failures is
1
number of X failures is
0
average trial time
489.8710982417537
mu is
2.403846153846154e-5
number of trials is
41600
number of Z or Y failures is
1
number of X failures is
0
average trial time
492.18654371931376
mu is
2.3923444976076556e-5
number of trials is
41800
number of Z or Y failures is
1
number of X failures is
0
average trial time
494.5025474395835
mu is
2.380952380952381e-5
number of trials is
42000
number of Z or Y failures is
1
number of X failures is
0
average trial time
496.8152995865234
mu is
2.3696682464454976e-5
number of trials is
42200
number of Z or Y failures is
1
number of X failures is
0
average trial time
499.1242691746584
mu is
2.3584905660377357e-5
number of trials is
42400
number of Z or Y failures is
1
number of X failures is
0
average trial time
501.43802028672303
mu is
2.347417840375587e-5
number of trials is
42600
number of Z or Y failures is
1
number of X failures is
0
average trial time
503.7582608764629
mu is
2.336448598130841e-5
number of trials is
42800
number of Z or Y failures is
1
number of X failures is
0
average trial time
506.07678651610286
mu is
2.325581395348837e-5
number of trials is
43000
number of Z or Y failures is
1
number of X failures is
0
average trial time
508.4006214103975
mu is
2.3148148148148147e-5
number of trials is
43200
number of Z or Y failures is
1
number of X failures is
0
average trial time
510.7135598791273
mu is
2.304147465437788e-5
number of trials is
43400
number of Z or Y failures is
1
number of X failures is
0
average trial time
513.0349491777324
mu is
2.293577981651376e-5
number of trials is
43600
number of Z or Y failures is
1
number of X failures is
0
average trial time
515.343966181362
mu is
2.2831050228310503e-5
number of trials is
43800
number of Z or Y failures is
1
number of X failures is
0
average trial time
517.663459986002
mu is
2.2727272727272726e-5
number of trials is
44000
number of Z or Y failures is
1
number of X failures is
0
average trial time
520.0290154612466
mu is
2.262443438914027e-5
number of trials is
44200
number of Z or Y failures is
1
number of X failures is
0
average trial time
522.368105458161
mu is
2.2522522522522523e-5
number of trials is
44400
number of Z or Y failures is
1
number of X failures is
0
average trial time
524.697199850066
mu is
2.242152466367713e-5
number of trials is
44600
number of Z or Y failures is
1
number of X failures is
0
average trial time
527.0148926431511
mu is
2.232142857142857e-5
number of trials is
44800
number of Z or Y failures is
1
number of X failures is
0
average trial time
529.347700661631
mu is
2.2222222222222223e-5
number of trials is
45000
number of Z or Y failures is
1
number of X failures is
0
average trial time
531.6854510207716
mu is
2.2123893805309735e-5
number of trials is
45200
number of Z or Y failures is
1
number of X failures is
0
average trial time
534.0141938886517
mu is
2.2026431718061676e-5
number of trials is
45400
number of Z or Y failures is
1
number of X failures is
0
average trial time
536.3428825311464
mu is
2.1929824561403507e-5
number of trials is
45600
number of Z or Y failures is
1
number of X failures is
0
average trial time
538.6756254900014
mu is
2.1834061135371177e-5
number of trials is
45800
number of Z or Y failures is
1
number of X failures is
0
average trial time
541.0026774520558
mu is
2.173913043478261e-5
number of trials is
46000
number of Z or Y failures is
1
number of X failures is
0
average trial time
543.3422715992308
mu is
2.1645021645021645e-5
number of trials is
46200
number of Z or Y failures is
1
number of X failures is
0
average trial time
545.682721345136
mu is
2.1551724137931033e-5
number of trials is
46400
number of Z or Y failures is
1
number of X failures is
0
average trial time
548.0334452360719
mu is
2.145922746781116e-5
number of trials is
46600
number of Z or Y failures is
1
number of X failures is
0
average trial time
550.3472916568369
mu is
2.1367521367521368e-5
number of trials is
46800
number of Z or Y failures is
1
number of X failures is
0
average trial time
552.683892133857
mu is
2.1276595744680852e-5
number of trials is
47000
number of Z or Y failures is
1
number of X failures is
0
average trial time
555.0207665095322
mu is
2.1186440677966103e-5
number of trials is
47200
number of Z or Y failures is
1
number of X failures is
0
average trial time
557.3405613619126
mu is
2.109704641350211e-5
number of trials is
47400
number of Z or Y failures is
1
number of X failures is
0
average trial time
559.658788852953
mu is
2.100840336134454e-5
number of trials is
47600
number of Z or Y failures is
1
number of X failures is
0
average trial time
561.9833667302529
mu is
2.092050209205021e-5
number of trials is
47800
number of Z or Y failures is
1
number of X failures is
0
average trial time
564.3008316092225
mu is
2.0833333333333333e-5
number of trials is
48000
number of Z or Y failures is
1
number of X failures is
0
average trial time
566.6352333710275
mu is
2.074688796680498e-5
number of trials is
48200
number of Z or Y failures is
1
number of X failures is
0
average trial time
568.9527297078976
mu is
2.066115702479339e-5
number of trials is
48400
number of Z or Y failures is
1
number of X failures is
0
average trial time
571.2911490259577
mu is
2.05761316872428e-5
number of trials is
48600
number of Z or Y failures is
1
number of X failures is
0
average trial time
573.6003862845279
mu is
2.0491803278688525e-5
number of trials is
48800
number of Z or Y failures is
1
number of X failures is
0
average trial time
575.9062672668226
mu is
2.0408163265306123e-5
number of trials is
49000
number of Z or Y failures is
1
number of X failures is
0
average trial time
578.2296740563379
mu is
2.032520325203252e-5
number of trials is
49200
number of Z or Y failures is
1
number of X failures is
0
average trial time
580.5639129070022
mu is
2.0242914979757085e-5
number of trials is
49400
number of Z or Y failures is
1
number of X failures is
0
average trial time
582.9118668777071
mu is
2.0161290322580645e-5
number of trials is
49600
number of Z or Y failures is
1
number of X failures is
0
average trial time
585.2257645128722
mu is
2.0080321285140562e-5
number of trials is
49800
number of Z or Y failures is
1
number of X failures is
0
average trial time
587.5517116479324
mu is
2.0e-5
number of trials is
50000
number of Z or Y failures is
1
number of X failures is
0
average trial time
589.8665935060772
mu is
1.9920318725099602e-5
number of trials is
50200
number of Z or Y failures is
1
number of X failures is
0
average trial time
592.2112562756677
mu is
1.984126984126984e-5
number of trials is
50400
number of Z or Y failures is
1
number of X failures is
0
average trial time
594.5492165059422
mu is
1.9762845849802372e-5
number of trials is
50600
number of Z or Y failures is
1
number of X failures is
0
average trial time
596.8884151638622
mu is
1.968503937007874e-5
number of trials is
50800
number of Z or Y failures is
1
number of X failures is
0
average trial time
599.2031763054722
mu is
1.9607843137254903e-5
number of trials is
51000
number of Z or Y failures is
1
number of X failures is
0
average trial time
601.5274241975819
mu is
1.953125e-5
number of trials is
51200
number of Z or Y failures is
1
number of X failures is
0
average trial time
603.8363107926972
mu is
1.945525291828794e-5
number of trials is
51400
number of Z or Y failures is
1
number of X failures is
0
average trial time
606.1609517753375
mu is
1.937984496124031e-5
number of trials is
51600
number of Z or Y failures is
1
number of X failures is
0
average trial time
608.4899169676972
mu is
1.9305019305019306e-5
number of trials is
51800
number of Z or Y failures is
1
number of X failures is
0
average trial time
610.7993446736474
mu is
1.923076923076923e-5
number of trials is
52000
number of Z or Y failures is
1
number of X failures is
0
average trial time
613.1194544658275
mu is
1.9157088122605363e-5
number of trials is
52200
number of Z or Y failures is
1
number of X failures is
0
average trial time
615.4423077431419
mu is
1.9083969465648855e-5
number of trials is
52400
number of Z or Y failures is
1
number of X failures is
0
average trial time
617.7671017045366
mu is
1.9011406844106464e-5
number of trials is
52600
number of Z or Y failures is
1
number of X failures is
0
average trial time
620.0774907356664
mu is
1.893939393939394e-5
number of trials is
52800
number of Z or Y failures is
1
number of X failures is
0
average trial time
622.3755795827215
mu is
1.8867924528301888e-5
number of trials is
53000
number of Z or Y failures is
1
number of X failures is
0
average trial time
624.6873052086468
mu is
1.8796992481203007e-5
number of trials is
53200
number of Z or Y failures is
1
number of X failures is
0
average trial time
627.0096360547667
mu is
1.8726591760299626e-5
number of trials is
53400
number of Z or Y failures is
1
number of X failures is
0
average trial time
629.340371518022
mu is
1.8656716417910448e-5
number of trials is
53600
number of Z or Y failures is
1
number of X failures is
0
average trial time
631.6625987822576
mu is
1.858736059479554e-5
number of trials is
53800
number of Z or Y failures is
1
number of X failures is
0
average trial time
634.0099125252176
mu is
1.8518518518518518e-5
number of trials is
54000
number of Z or Y failures is
1
number of X failures is
0
average trial time
636.329805742908
mu is
1.845018450184502e-5
number of trials is
54200
number of Z or Y failures is
1
number of X failures is
0
average trial time
638.6514750553124
mu is
1.838235294117647e-5
number of trials is
54400
number of Z or Y failures is
1
number of X failures is
0
average trial time
640.9819415887123
mu is
1.8315018315018315e-5
number of trials is
54600
number of Z or Y failures is
1
number of X failures is
0
average trial time
643.3092432799616
mu is
1.8248175182481753e-5
number of trials is
54800
number of Z or Y failures is
1
number of X failures is
0
average trial time
645.6481102026065
mu is
1.8181818181818182e-5
number of trials is
55000
number of Z or Y failures is
1
number of X failures is
0
average trial time
647.9668384480863
mu is
1.8115942028985507e-5
number of trials is
55200
number of Z or Y failures is
1
number of X failures is
0
average trial time
650.2902602399314
mu is
1.805054151624549e-5
number of trials is
55400
number of Z or Y failures is
1
number of X failures is
0
average trial time
652.5999366602917
mu is
1.7985611510791367e-5
number of trials is
55600
number of Z or Y failures is
1
number of X failures is
0
average trial time
654.9329390151115
mu is
1.7921146953405018e-5
number of trials is
55800
number of Z or Y failures is
1
number of X failures is
0
average trial time
657.2381313293822
mu is
1.785714285714286e-5
number of trials is
56000
number of Z or Y failures is
1
number of X failures is
0
average trial time
659.580032317897
mu is
1.779359430604982e-5
number of trials is
56200
number of Z or Y failures is
1
number of X failures is
0
average trial time
661.9133629056518
mu is
1.773049645390071e-5
number of trials is
56400
number of Z or Y failures is
1
number of X failures is
0
average trial time
664.2306800222472
mu is
1.76678445229682e-5
number of trials is
56600
number of Z or Y failures is
1
number of X failures is
0
average trial time
666.5465381565127
mu is
1.7605633802816902e-5
number of trials is
56800
number of Z or Y failures is
1
number of X failures is
0
average trial time
668.8556282513633
mu is
1.7543859649122806e-5
number of trials is
57000
number of Z or Y failures is
1
number of X failures is
0
average trial time
671.1750969503638
mu is
1.7482517482517483e-5
number of trials is
57200
number of Z or Y failures is
1
number of X failures is
0
average trial time
673.4796627477496
mu is
1.7421602787456446e-5
number of trials is
57400
number of Z or Y failures is
1
number of X failures is
0
average trial time
675.7817125519643
mu is
1.736111111111111e-5
number of trials is
57600
number of Z or Y failures is
1
number of X failures is
0
average trial time
678.077879381729
mu is
1.730103806228374e-5
number of trials is
57800
number of Z or Y failures is
1
number of X failures is
0
average trial time
680.4056579511498
mu is
1.7241379310344828e-5
number of trials is
58000
number of Z or Y failures is
1
number of X failures is
0
average trial time
682.7150368979787
mu is
1.718213058419244e-5
number of trials is
58200
number of Z or Y failures is
1
number of X failures is
0
average trial time
685.0230272017029
mu is
1.7123287671232875e-5
number of trials is
58400
number of Z or Y failures is
1
number of X failures is
0
average trial time
687.322592787888
mu is
1.7064846416382253e-5
number of trials is
58600
number of Z or Y failures is
1
number of X failures is
0
average trial time
689.6576214103837
mu is
1.7006802721088435e-5
number of trials is
58800
number of Z or Y failures is
1
number of X failures is
0
average trial time
691.9709337184534
mu is
1.694915254237288e-5
number of trials is
59000
number of Z or Y failures is
1
number of X failures is
0
average trial time
694.2845794523935
mu is
1.6891891891891892e-5
number of trials is
59200
number of Z or Y failures is
1
number of X failures is
0
average trial time
696.6025650054023
mu is
1.6835016835016834e-5
number of trials is
59400
number of Z or Y failures is
1
number of X failures is
0
average trial time
698.922445329472
mu is
1.6778523489932884e-5
number of trials is
59600
number of Z or Y failures is
1
number of X failures is
0
average trial time
701.2357041220015
mu is
1.6722408026755853e-5
number of trials is
59800
number of Z or Y failures is
1
number of X failures is
0
average trial time
703.5510289174525
mu is
1.6666666666666667e-5
number of trials is
60000
number of Z or Y failures is
1
number of X failures is
0
average trial time
705.8457433537374
mu is
1.6611295681063124e-5
number of trials is
60200
number of Z or Y failures is
1
number of X failures is
0
average trial time
708.1448980784127
mu is
1.6556291390728477e-5
number of trials is
60400
number of Z or Y failures is
1
number of X failures is
0
average trial time
710.421616186428
mu is
1.65016501650165e-5
number of trials is
60600
number of Z or Y failures is
1
number of X failures is
0
average trial time
712.7492936803969
mu is
1.644736842105263e-5
number of trials is
60800
number of Z or Y failures is
1
number of X failures is
0
average trial time
715.0606698696909
mu is
1.639344262295082e-5
number of trials is
61000
number of Z or Y failures is
1
number of X failures is
0
average trial time
717.3622465025712
mu is
1.6339869281045753e-5
number of trials is
61200
number of Z or Y failures is
1
number of X failures is
0
average trial time
719.6614663532564
mu is
1.6286644951140064e-5
number of trials is
61400
number of Z or Y failures is
1
number of X failures is
0
average trial time
721.9742928723812
mu is
1.6233766233766234e-5
number of trials is
61600
number of Z or Y failures is
1
number of X failures is
0
average trial time
724.290604468301
mu is
1.6181229773462782e-5
number of trials is
61800
number of Z or Y failures is
1
number of X failures is
0
average trial time
726.6054895230216
mu is
1.6129032258064517e-5
number of trials is
62000
number of Z or Y failures is
1
number of X failures is
0
average trial time
728.8916289423864
mu is
1.607717041800643e-5
number of trials is
62200
number of Z or Y failures is
1
number of X failures is
0
average trial time
731.2001377786407
mu is
1.6025641025641026e-5
number of trials is
62400
number of Z or Y failures is
1
number of X failures is
0
average trial time
733.5282042410706
mu is
1.597444089456869e-5
number of trials is
62600
number of Z or Y failures is
1
number of X failures is
0
average trial time
735.8230199189908
mu is
1.592356687898089e-5
number of trials is
62800
number of Z or Y failures is
1
number of X failures is
0
average trial time
738.1137060474958
mu is
1.5873015873015872e-5
number of trials is
63000
number of Z or Y failures is
1
number of X failures is
0
average trial time
740.4295540686705
mu is
1.5822784810126583e-5
number of trials is
63200
number of Z or Y failures is
1
number of X failures is
0
average trial time
742.7417258186562
mu is
1.577287066246057e-5
number of trials is
63400
number of Z or Y failures is
1
number of X failures is
0
average trial time
745.057622658656
mu is
1.572327044025157e-5
number of trials is
63600
number of Z or Y failures is
1
number of X failures is
0
average trial time
747.3670689120072
mu is
1.567398119122257e-5
number of trials is
63800
number of Z or Y failures is
1
number of X failures is
0
average trial time
749.7073740834672
mu is
1.5625e-5
number of trials is
64000
number of Z or Y failures is
1
number of X failures is
0
average trial time
752.0546741768169
mu is
1.557632398753894e-5
number of trials is
64200
number of Z or Y failures is
1
number of X failures is
0
average trial time
754.3891703237672
mu is
1.5527950310559007e-5
number of trials is
64400
number of Z or Y failures is
1
number of X failures is
0
average trial time
756.7218816331023
mu is
1.5479876160990712e-5
number of trials is
64600
number of Z or Y failures is
1
number of X failures is
0
average trial time
759.0669991310222
mu is
1.54320987654321e-5
number of trials is
64800
number of Z or Y failures is
1
number of X failures is
0
average trial time
761.429149152722
mu is
1.5384615384615384e-5
number of trials is
65000
number of Z or Y failures is
1
number of X failures is
0
average trial time
763.7880209922063
mu is
1.5337423312883436e-5
number of trials is
65200
number of Z or Y failures is
1
number of X failures is
0
average trial time
766.1483596650363
mu is
1.5290519877675842e-5
number of trials is
65400
number of Z or Y failures is
1
number of X failures is
0
average trial time
768.4939558104113
mu is
1.524390243902439e-5
number of trials is
65600
number of Z or Y failures is
1
number of X failures is
0
average trial time
770.8094663038106
mu is
1.5197568389057751e-5
number of trials is
65800
number of Z or Y failures is
1
number of X failures is
0
average trial time
773.164590044336
mu is
1.5151515151515151e-5
number of trials is
66000
number of Z or Y failures is
1
number of X failures is
0
average trial time
775.5157283310724
mu is
1.5105740181268882e-5
number of trials is
66200
number of Z or Y failures is
1
number of X failures is
0
average trial time
777.856658121782
mu is
1.5060240963855421e-5
number of trials is
66400
number of Z or Y failures is
1
number of X failures is
0
average trial time
780.199144568037
mu is
1.5015015015015015e-5
number of trials is
66600
number of Z or Y failures is
1
number of X failures is
0
average trial time
782.5324560569265
mu is
1.497005988023952e-5
number of trials is
66800
number of Z or Y failures is
1
number of X failures is
0
average trial time
784.867843448247
mu is
1.4925373134328359e-5
number of trials is
67000
number of Z or Y failures is
1
number of X failures is
0
average trial time
787.2262558162323
mu is
1.4880952380952381e-5
number of trials is
67200
number of Z or Y failures is
1
number of X failures is
0
average trial time
789.5234204189114
mu is
1.483679525222552e-5
number of trials is
67400
number of Z or Y failures is
1
number of X failures is
0
average trial time
791.826028163607
mu is
1.4792899408284024e-5
number of trials is
67600
number of Z or Y failures is
1
number of X failures is
0
average trial time
794.1201416764873
mu is
1.4749262536873157e-5
number of trials is
67800
number of Z or Y failures is
1
number of X failures is
0
average trial time
796.4182675152623
mu is
1.4705882352941177e-5
number of trials is
68000
number of Z or Y failures is
1
number of X failures is
0
average trial time
798.7265453273928
mu is
1.466275659824047e-5
number of trials is
68200
number of Z or Y failures is
1
number of X failures is
0
average trial time
801.0285243184785
mu is
1.4619883040935673e-5
number of trials is
68400
number of Z or Y failures is
1
number of X failures is
0
average trial time
803.3434769460088
mu is
1.457725947521866e-5
number of trials is
68600
number of Z or Y failures is
1
number of X failures is
0
average trial time
805.658281235474
mu is
1.4534883720930233e-5
number of trials is
68800
number of Z or Y failures is
1
number of X failures is
0
average trial time
807.9654857303295
mu is
1.4492753623188405e-5
number of trials is
69000
number of Z or Y failures is
1
number of X failures is
0
average trial time
810.2552961589093
mu is
1.4450867052023121e-5
number of trials is
69200
number of Z or Y failures is
1
number of X failures is
0
average trial time
812.5523514324688
mu is
1.4409221902017291e-5
number of trials is
69400
number of Z or Y failures is
1
number of X failures is
0
average trial time
814.85841489529
mu is
1.4367816091954022e-5
number of trials is
69600
number of Z or Y failures is
1
number of X failures is
0
average trial time
817.18163733587
mu is
1.4326647564469915e-5
number of trials is
69800
number of Z or Y failures is
1
number of X failures is
0
average trial time
819.4916895796886
mu is
1.4285714285714285e-5
number of trials is
70000
number of Z or Y failures is
1
number of X failures is
0
average trial time
821.8092999033438
mu is
1.4245014245014244e-5
number of trials is
70200
number of Z or Y failures is
1
number of X failures is
0
average trial time
824.1132594662631
mu is
1.4204545454545455e-5
number of trials is
70400
number of Z or Y failures is
1
number of X failures is
0
average trial time
826.4140963250677
mu is
1.4164305949008499e-5
number of trials is
70600
number of Z or Y failures is
1
number of X failures is
0
average trial time
828.7267608585429
mu is
1.4124293785310734e-5
number of trials is
70800
number of Z or Y failures is
1
number of X failures is
0
average trial time
831.0410898226168
mu is
1.4084507042253522e-5
number of trials is
71000
number of Z or Y failures is
1
number of X failures is
0
average trial time
833.3433936257956
mu is
1.404494382022472e-5
number of trials is
71200
number of Z or Y failures is
1
number of X failures is
0
average trial time
835.6700371240211
mu is
1.4005602240896359e-5
number of trials is
71400
number of Z or Y failures is
1
number of X failures is
0
average trial time
837.971381611091
mu is
1.3966480446927374e-5
number of trials is
71600
number of Z or Y failures is
1
number of X failures is
0
average trial time
840.2784857004306
mu is
1.3927576601671309e-5
number of trials is
71800
number of Z or Y failures is
1
number of X failures is
0
average trial time
842.5766068117109
mu is
1.388888888888889e-5
number of trials is
72000
number of Z or Y failures is
1
number of X failures is
0
average trial time
844.8932821897162
mu is
1.3850415512465373e-5
number of trials is
72200
number of Z or Y failures is
1
number of X failures is
0
average trial time
847.1997787394972
mu is
1.3812154696132597e-5
number of trials is
72400
number of Z or Y failures is
1
number of X failures is
0
average trial time
849.5023429099768
mu is
1.3774104683195593e-5
number of trials is
72600
number of Z or Y failures is
1
number of X failures is
0
average trial time
851.8107956925377
mu is
1.3736263736263736e-5
number of trials is
72800
number of Z or Y failures is
1
number of X failures is
0
average trial time
854.1201087140928
mu is
1.3698630136986302e-5
number of trials is
73000
number of Z or Y failures is
1
number of X failures is
0
average trial time
856.4553763579788
mu is
1.366120218579235e-5
number of trials is
73200
number of Z or Y failures is
1
number of X failures is
0
average trial time
858.7616386730534
mu is
1.3623978201634877e-5
number of trials is
73400
number of Z or Y failures is
1
number of X failures is
0
average trial time
861.0543257650181
mu is
1.3586956521739131e-5
number of trials is
73600
number of Z or Y failures is
1
number of X failures is
0
average trial time
863.3833466262936
mu is
1.3550135501355014e-5
number of trials is
73800
number of Z or Y failures is
1
number of X failures is
0
average trial time
865.7067603010287
mu is
1.3513513513513513e-5
number of trials is
74000
number of Z or Y failures is
1
number of X failures is
0
average trial time
868.0155303635938
mu is
1.3477088948787062e-5
number of trials is
74200
number of Z or Y failures is
1
number of X failures is
0
average trial time
870.3300528640984
mu is
1.3440860215053763e-5
number of trials is
74400
number of Z or Y failures is
1
number of X failures is
0
average trial time
872.642907491513
mu is
1.3404825737265415e-5
number of trials is
74600
number of Z or Y failures is
1
number of X failures is
0
average trial time
874.9435460319186
mu is
1.336898395721925e-5
number of trials is
74800
number of Z or Y failures is
1
number of X failures is
0
average trial time
877.260178753444
mu is
1.3333333333333333e-5
number of trials is
75000
number of Z or Y failures is
1
number of X failures is
0
average trial time
879.5604401121487
mu is
1.3297872340425532e-5
number of trials is
75200
number of Z or Y failures is
1
number of X failures is
0
average trial time
881.8734181380486
mu is
1.3262599469496022e-5
number of trials is
75400
number of Z or Y failures is
1
number of X failures is
0
average trial time
884.1999492537684
mu is
1.3227513227513228e-5
number of trials is
75600
number of Z or Y failures is
1
number of X failures is
0
average trial time
886.5226598917978
mu is
1.3192612137203167e-5
number of trials is
75800
number of Z or Y failures is
1
number of X failures is
0
average trial time
888.8371795116032
mu is
1.3157894736842106e-5
number of trials is
76000
number of Z or Y failures is
1
number of X failures is
0
average trial time
891.1381722932223
mu is
1.3123359580052494e-5
number of trials is
76200
number of Z or Y failures is
1
number of X failures is
0
average trial time
893.4640667189574
mu is
1.3089005235602094e-5
number of trials is
76400
number of Z or Y failures is
1
number of X failures is
0
average trial time
895.7863037876627
mu is
1.3054830287206266e-5
number of trials is
76600
number of Z or Y failures is
1
number of X failures is
0
average trial time
898.0999277676925
mu is
1.3020833333333334e-5
number of trials is
76800
number of Z or Y failures is
1
number of X failures is
0
average trial time
900.4091701882667
mu is
1.2987012987012988e-5
number of trials is
77000
number of Z or Y failures is
1
number of X failures is
0
average trial time
902.724325938652
mu is
1.2953367875647668e-5
number of trials is
77200
number of Z or Y failures is
1
number of X failures is
0
average trial time
905.0345694540227
mu is
1.2919896640826873e-5
number of trials is
77400
number of Z or Y failures is
1
number of X failures is
0
average trial time
907.3458281469985
mu is
1.288659793814433e-5
number of trials is
77600
number of Z or Y failures is
1
number of X failures is
0
average trial time
909.688208981169
mu is
1.2853470437017995e-5
number of trials is
77800
number of Z or Y failures is
1
number of X failures is
0
average trial time
911.983053064234
mu is
1.282051282051282e-5
number of trials is
78000
number of Z or Y failures is
1
number of X failures is
0
average trial time
914.2847480426485
mu is
1.2787723785166241e-5
number of trials is
78200
number of Z or Y failures is
1
number of X failures is
0
average trial time
916.5688240892031
mu is
1.2755102040816327e-5
number of trials is
78400
number of Z or Y failures is
1
number of X failures is
0
average trial time
918.8741376951486
mu is
1.272264631043257e-5
number of trials is
78600
number of Z or Y failures is
1
number of X failures is
0
average trial time
921.1553218058071
mu is
1.2690355329949238e-5
number of trials is
78800
number of Z or Y failures is
1
number of X failures is
0
average trial time
923.4473129023073
mu is
1.2658227848101267e-5
number of trials is
79000
number of Z or Y failures is
1
number of X failures is
0
average trial time
925.7469141538874
mu is
1.2626262626262626e-5
number of trials is
79200
number of Z or Y failures is
1
number of X failures is
0
average trial time
928.0571371089926
mu is
1.2594458438287154e-5
number of trials is
79400
number of Z or Y failures is
1
number of X failures is
0
average trial time
930.3557190257774
mu is
1.2562814070351759e-5
number of trials is
79600
number of Z or Y failures is
1
number of X failures is
0
average trial time
932.6653872552674
mu is
1.2531328320802006e-5
number of trials is
79800
number of Z or Y failures is
1
number of X failures is
0
average trial time
934.9600818405679
mu is
1.25e-5
number of trials is
80000
number of Z or Y failures is
1
number of X failures is
0
average trial time
937.2326714734481
mu is
1.2468827930174564e-5
number of trials is
80200
number of Z or Y failures is
1
number of X failures is
0
average trial time
939.5141675456834
mu is
1.2437810945273631e-5
number of trials is
80400
number of Z or Y failures is
1
number of X failures is
0
average trial time
941.8095599041732
mu is
1.2406947890818859e-5
number of trials is
80600
number of Z or Y failures is
1
number of X failures is
0
average trial time
944.1043116392182
mu is
1.2376237623762377e-5
number of trials is
80800
number of Z or Y failures is
1
number of X failures is
0
average trial time
946.4045261088828
mu is
1.2345679012345678e-5
number of trials is
81000
number of Z or Y failures is
1
number of X failures is
0
average trial time
948.6859720000633
mu is
1.2315270935960592e-5
number of trials is
81200
number of Z or Y failures is
1
number of X failures is
0
average trial time
950.9652103826579
mu is
1.2285012285012285e-5
number of trials is
81400
number of Z or Y failures is
1
number of X failures is
0
average trial time
953.2503415137121
mu is
1.2254901960784313e-5
number of trials is
81600
number of Z or Y failures is
1
number of X failures is
0
average trial time
955.5384052549825
mu is
1.2224938875305624e-5
number of trials is
81800
number of Z or Y failures is
1
number of X failures is
0
average trial time
957.8201851282773
mu is
1.2195121951219513e-5
number of trials is
82000
number of Z or Y failures is
1
number of X failures is
0
average trial time
960.1115289548476
mu is
1.2165450121654501e-5
number of trials is
82200
number of Z or Y failures is
1
number of X failures is
0
average trial time
962.4001749310634
mu is
1.2135922330097088e-5
number of trials is
82400
number of Z or Y failures is
1
number of X failures is
0
average trial time
964.6875293375466
mu is
1.2106537530266343e-5
number of trials is
82600
number of Z or Y failures is
1
number of X failures is
0
average trial time
966.9741826661916
mu is
1.2077294685990338e-5
number of trials is
82800
number of Z or Y failures is
1
number of X failures is
0
average trial time
969.2709920371376
mu is
1.2048192771084337e-5
number of trials is
83000
number of Z or Y failures is
1
number of X failures is
0
average trial time
971.5549496513677
mu is
1.201923076923077e-5
number of trials is
83200
number of Z or Y failures is
1
number of X failures is
0
average trial time
973.845500844746
mu is
1.199040767386091e-5
number of trials is
83400
number of Z or Y failures is
1
number of X failures is
0
average trial time
976.1425093794347
mu is
1.1961722488038278e-5
number of trials is
83600
number of Z or Y failures is
1
number of X failures is
0
average trial time
978.4303895175494
mu is
1.1933174224343676e-5
number of trials is
83800
number of Z or Y failures is
1
number of X failures is
0
average trial time
980.7391671317789
mu is
1.1904761904761905e-5
number of trials is
84000
number of Z or Y failures is
1
number of X failures is
0
average trial time
983.020624811169
mu is
1.187648456057007e-5
number of trials is
84200
number of Z or Y failures is
1
number of X failures is
0
average trial time
985.2982040608279
mu is
1.1848341232227488e-5
number of trials is
84400
number of Z or Y failures is
1
number of X failures is
0
average trial time
987.5870763309835
mu is
1.182033096926714e-5
number of trials is
84600
number of Z or Y failures is
1
number of X failures is
0
average trial time
989.8763242443134
mu is
1.1792452830188679e-5
number of trials is
84800
number of Z or Y failures is
1
number of X failures is
0
average trial time
992.1587038896978
mu is
1.1764705882352942e-5
number of trials is
85000
number of Z or Y failures is
1
number of X failures is
0
average trial time
994.454100993268
mu is
1.1737089201877934e-5
number of trials is
85200
number of Z or Y failures is
1
number of X failures is
0
average trial time
996.7435661979038
mu is
1.17096018735363e-5
number of trials is
85400
number of Z or Y failures is
1
number of X failures is
0
average trial time
999.0337589924632
mu is
1.1682242990654205e-5
number of trials is
85600
number of Z or Y failures is
1
number of X failures is
0
average trial time
1001.3152367592833
mu is
1.1655011655011655e-5
number of trials is
85800
number of Z or Y failures is
1
number of X failures is
0
average trial time
1003.5963230091834
mu is
1.1627906976744185e-5
number of trials is
86000
number of Z or Y failures is
1
number of X failures is
0
average trial time
1005.8960590345785
mu is
2.320185614849188e-5
number of trials is
86200
number of Z or Y failures is
2
number of X failures is
0
average trial time
1008.1821772514542
mu is
2.3148148148148147e-5
number of trials is
86400
number of Z or Y failures is
2
number of X failures is
0
average trial time
1010.4678246341941
mu is
2.309468822170901e-5
number of trials is
86600
number of Z or Y failures is
2
number of X failures is
0
average trial time
1012.7619354012442
mu is
2.304147465437788e-5
number of trials is
86800
number of Z or Y failures is
2
number of X failures is
0
average trial time
1015.0451592904534
mu is
2.2988505747126437e-5
number of trials is
87000
number of Z or Y failures is
2
number of X failures is
0
average trial time
1017.3562037739397
mu is
2.293577981651376e-5
number of trials is
87200
number of Z or Y failures is
2
number of X failures is
0
average trial time
1019.6512272919354
mu is
2.288329519450801e-5
number of trials is
87400
number of Z or Y failures is
2
number of X failures is
0
average trial time
1021.9348558337649
mu is
2.2831050228310503e-5
number of trials is
87600
number of Z or Y failures is
2
number of X failures is
0
average trial time
1024.2225783311749
mu is
2.2779043280182233e-5
number of trials is
87800
number of Z or Y failures is
2
number of X failures is
0
average trial time
1026.5366021334803
mu is
2.2727272727272726e-5
number of trials is
88000
number of Z or Y failures is
2
number of X failures is
0
average trial time
1028.807675169721
mu is
2.2675736961451248e-5
number of trials is
88200
number of Z or Y failures is
2
number of X failures is
0
average trial time
1031.108385267501
mu is
2.262443438914027e-5
number of trials is
88400
number of Z or Y failures is
2
number of X failures is
0
average trial time
1033.3855514797913
mu is
2.257336343115124e-5
number of trials is
88600
number of Z or Y failures is
2
number of X failures is
0
average trial time
1035.6903635821416
mu is
2.2522522522522523e-5
number of trials is
88800
number of Z or Y failures is
2
number of X failures is
0
average trial time
1037.970390825122
mu is
2.2471910112359552e-5
number of trials is
89000
number of Z or Y failures is
2
number of X failures is
0
average trial time
1040.2640164481215
mu is
2.242152466367713e-5
number of trials is
89200
number of Z or Y failures is
2
number of X failures is
0
average trial time
1042.548664647697
mu is
2.237136465324385e-5
number of trials is
89400
number of Z or Y failures is
2
slurmstepd: error: *** JOB 448 ON cpu96-dy-c5a24xlarge-10 CANCELLED AT 2021-06-21T17:10:18 ***
