mu is
0.0
number of trials is
200
number of Z or Y failures is
0
number of X failures is
0
average trial time
1.69435659131
mu is
0.0
number of trials is
400
number of Z or Y failures is
0
number of X failures is
0
average trial time
3.0588800971249994
mu is
0.0016666666666666668
number of trials is
600
number of Z or Y failures is
1
number of X failures is
0
average trial time
4.396748989414995
mu is
0.00125
number of trials is
800
number of Z or Y failures is
1
number of X failures is
0
average trial time
5.777390105674997
mu is
0.002
number of trials is
1000
number of Z or Y failures is
2
number of X failures is
0
average trial time
7.141712174065008
mu is
0.0016666666666666668
number of trials is
1200
number of Z or Y failures is
2
number of X failures is
0
average trial time
8.497688089830001
mu is
0.0014285714285714286
number of trials is
1400
number of Z or Y failures is
2
number of X failures is
0
average trial time
9.876341551145002
mu is
0.00125
number of trials is
1600
number of Z or Y failures is
2
number of X failures is
0
average trial time
11.23683230682999
mu is
0.0011111111111111111
number of trials is
1800
number of Z or Y failures is
2
number of X failures is
0
average trial time
12.619535580269982
mu is
0.001
number of trials is
2000
number of Z or Y failures is
2
number of X failures is
0
average trial time
13.996897692949993
mu is
0.0009090909090909091
number of trials is
2200
number of Z or Y failures is
2
number of X failures is
0
average trial time
15.428000343809991
mu is
0.0008333333333333334
number of trials is
2400
number of Z or Y failures is
2
number of X failures is
0
average trial time
16.892688541259982
mu is
0.0007692307692307692
number of trials is
2600
number of Z or Y failures is
2
number of X failures is
0
average trial time
18.368928980819973
mu is
0.0007142857142857143
number of trials is
2800
number of Z or Y failures is
2
number of X failures is
0
average trial time
19.888687639679983
mu is
0.0006666666666666666
number of trials is
3000
number of Z or Y failures is
2
number of X failures is
0
average trial time
21.40213893524499
mu is
0.000625
number of trials is
3200
number of Z or Y failures is
2
number of X failures is
0
average trial time
22.94749491422497
mu is
0.000588235294117647
number of trials is
3400
number of Z or Y failures is
2
number of X failures is
0
average trial time
24.522653024989985
mu is
0.0005555555555555556
number of trials is
3600
number of Z or Y failures is
2
number of X failures is
0
average trial time
26.09366485008499
mu is
0.0005263157894736842
number of trials is
3800
number of Z or Y failures is
2
number of X failures is
0
average trial time
27.66306470549001
mu is
0.0005
number of trials is
4000
number of Z or Y failures is
2
number of X failures is
0
average trial time
29.264844401655008
mu is
0.0004761904761904762
number of trials is
4200
number of Z or Y failures is
2
number of X failures is
0
average trial time
30.868572199619994
mu is
0.00045454545454545455
number of trials is
4400
number of Z or Y failures is
2
number of X failures is
0
average trial time
32.47010221749998
mu is
0.0004347826086956522
number of trials is
4600
number of Z or Y failures is
2
number of X failures is
0
average trial time
34.052593377279955
mu is
0.0004166666666666667
number of trials is
4800
number of Z or Y failures is
2
number of X failures is
0
average trial time
35.66805105151994
mu is
0.0004
number of trials is
5000
number of Z or Y failures is
2
number of X failures is
0
average trial time
37.276851298644935
mu is
0.000576923076923077
number of trials is
5200
number of Z or Y failures is
3
number of X failures is
0
average trial time
38.88585133690494
mu is
0.0005555555555555556
number of trials is
5400
number of Z or Y failures is
3
number of X failures is
0
average trial time
40.52718847844992
mu is
0.0005357142857142857
number of trials is
5600
number of Z or Y failures is
3
number of X failures is
0
average trial time
42.158841752609945
mu is
0.0005172413793103448
number of trials is
5800
number of Z or Y failures is
3
number of X failures is
0
average trial time
43.79944978884493
mu is
0.0005
number of trials is
6000
number of Z or Y failures is
3
number of X failures is
0
average trial time
45.44182718677998
mu is
0.0004838709677419355
number of trials is
6200
number of Z or Y failures is
3
number of X failures is
0
average trial time
47.11798083632003
mu is
0.00046875
number of trials is
6400
number of Z or Y failures is
3
number of X failures is
0
average trial time
48.787274385654975
mu is
0.00045454545454545455
number of trials is
6600
number of Z or Y failures is
3
number of X failures is
0
average trial time
50.43621912990995
mu is
0.0004411764705882353
number of trials is
6800
number of Z or Y failures is
3
number of X failures is
0
average trial time
52.09887326436991
mu is
0.0005714285714285715
number of trials is
7000
number of Z or Y failures is
4
number of X failures is
0
average trial time
53.739020975634965
mu is
0.0005555555555555556
number of trials is
7200
number of Z or Y failures is
4
number of X failures is
0
average trial time
55.38071729306496
mu is
0.0005405405405405405
number of trials is
7400
number of Z or Y failures is
4
number of X failures is
0
average trial time
56.978480707969986
mu is
0.0005263157894736842
number of trials is
7600
number of Z or Y failures is
4
number of X failures is
0
average trial time
58.621655130364985
mu is
0.0005128205128205128
number of trials is
7800
number of Z or Y failures is
4
number of X failures is
0
average trial time
60.264354524595
mu is
0.0005
number of trials is
8000
number of Z or Y failures is
4
number of X failures is
0
average trial time
61.928979262325
mu is
0.0004878048780487805
number of trials is
8200
number of Z or Y failures is
4
number of X failures is
0
average trial time
63.52765155240002
mu is
0.0004761904761904762
number of trials is
8400
number of Z or Y failures is
4
number of X failures is
0
average trial time
65.14145454861999
mu is
0.00046511627906976747
number of trials is
8600
number of Z or Y failures is
4
number of X failures is
0
average trial time
66.7180848203
mu is
0.00045454545454545455
number of trials is
8800
number of Z or Y failures is
4
number of X failures is
0
average trial time
68.37649928750497
mu is
0.00044444444444444447
number of trials is
9000
number of Z or Y failures is
4
number of X failures is
0
average trial time
69.96118159861506
mu is
0.0004347826086956522
number of trials is
9200
number of Z or Y failures is
4
number of X failures is
0
average trial time
71.58911417133007
mu is
0.000425531914893617
number of trials is
9400
number of Z or Y failures is
4
number of X failures is
0
average trial time
73.18606552784003
mu is
0.0004166666666666667
number of trials is
9600
number of Z or Y failures is
4
number of X failures is
0
average trial time
74.81639242755
mu is
0.00040816326530612246
number of trials is
9800
number of Z or Y failures is
4
number of X failures is
0
average trial time
76.44247396648501
mu is
0.0004
number of trials is
10000
number of Z or Y failures is
4
number of X failures is
0
average trial time
78.03104325806002
mu is
0.000392156862745098
number of trials is
10200
number of Z or Y failures is
4
number of X failures is
0
average trial time
79.64635783404499
mu is
0.0003846153846153846
number of trials is
10400
number of Z or Y failures is
4
number of X failures is
0
average trial time
81.24465849475003
mu is
0.0003773584905660377
number of trials is
10600
number of Z or Y failures is
4
number of X failures is
0
average trial time
82.82692020635508
mu is
0.00037037037037037035
number of trials is
10800
number of Z or Y failures is
4
number of X failures is
0
average trial time
84.43831275942013
mu is
0.0003636363636363636
number of trials is
11000
number of Z or Y failures is
4
number of X failures is
0
average trial time
86.0463227914351
mu is
0.0004464285714285714
number of trials is
11200
number of Z or Y failures is
5
number of X failures is
0
average trial time
87.61307394103004
stderr is
0.00019961326860067468
target is
4.464285714285714e-5
mu is
0.0004385964912280702
number of trials is
11400
number of Z or Y failures is
5
number of X failures is
0
average trial time
89.2226563971
stderr is
0.00019611189614331524
target is
4.385964912280702e-5
mu is
0.0004310344827586207
number of trials is
11600
number of Z or Y failures is
5
number of X failures is
0
average trial time
90.79647038568505
stderr is
0.00019273123983218208
target is
4.310344827586207e-5
mu is
0.0005084745762711864
number of trials is
11800
number of Z or Y failures is
6
number of X failures is
0
average trial time
92.34387781126499
stderr is
0.00020753988848415527
target is
5.084745762711865e-5
mu is
0.0005
number of trials is
12000
number of Z or Y failures is
6
number of X failures is
0
average trial time
93.87604219249006
stderr is
0.000204081611392785
target is
5.0e-5
mu is
0.0004918032786885246
number of trials is
12200
number of Z or Y failures is
6
number of X failures is
0
average trial time
95.49331857385509
stderr is
0.0002007366971778404
target is
4.918032786885246e-5
mu is
0.0004838709677419355
number of trials is
12400
number of Z or Y failures is
6
number of X failures is
0
average trial time
97.06650070523996
stderr is
0.00019749966164627253
target is
4.8387096774193554e-5
mu is
0.0004761904761904762
number of trials is
12600
number of Z or Y failures is
6
number of X failures is
0
average trial time
98.6193308923701
stderr is
0.00019436536873855667
target is
4.761904761904762e-5
mu is
0.00046875
number of trials is
12800
number of Z or Y failures is
6
number of X failures is
0
average trial time
100.14002684007022
stderr is
0.00019132900333608465
target is
4.6875e-5
mu is
0.00046153846153846153
number of trials is
13000
number of Z or Y failures is
6
number of X failures is
0
average trial time
101.72651358800522
stderr is
0.00018838604657815894
target is
4.615384615384616e-5
mu is
0.00045454545454545455
number of trials is
13200
number of Z or Y failures is
6
number of X failures is
0
average trial time
103.31362923139521
stderr is
0.0001855322534224715
target is
4.545454545454546e-5
mu is
0.00044776119402985075
number of trials is
13400
number of Z or Y failures is
6
number of X failures is
0
average trial time
104.88353090502513
stderr is
0.0001827636322147156
target is
4.477611940298508e-5
mu is
0.0004411764705882353
number of trials is
13600
number of Z or Y failures is
6
number of X failures is
0
average trial time
106.43521317078516
stderr is
0.00018007642606054659
target is
4.411764705882353e-5
mu is
0.0004347826086956522
number of trials is
13800
number of Z or Y failures is
6
number of X failures is
0
average trial time
107.98598140228009
stderr is
0.00017746709581707883
target is
4.347826086956522e-5
mu is
0.00042857142857142855
number of trials is
14000
number of Z or Y failures is
6
number of X failures is
0
average trial time
109.52560394744016
stderr is
0.00017493230454199238
target is
4.2857142857142856e-5
mu is
0.00042253521126760566
number of trials is
14200
number of Z or Y failures is
6
number of X failures is
0
average trial time
111.08267721565522
stderr is
0.00017246890325656858
target is
4.225352112676057e-5
mu is
0.0004166666666666667
number of trials is
14400
number of Z or Y failures is
6
number of X failures is
0
average trial time
112.6352954158502
stderr is
0.00017007391789493242
target is
4.166666666666667e-5
mu is
0.00041095890410958907
number of trials is
14600
number of Z or Y failures is
6
number of X failures is
0
average trial time
114.16494434896032
stderr is
0.00016774453732577608
target is
4.109589041095891e-5
mu is
0.0004054054054054054
number of trials is
14800
number of Z or Y failures is
6
number of X failures is
0
average trial time
115.69765449564525
stderr is
0.0001654781023451297
target is
4.054054054054054e-5
mu is
0.0004
number of trials is
15000
number of Z or Y failures is
6
number of X failures is
0
average trial time
117.22872843338024
stderr is
0.00016327209554956317
target is
4.0e-5
mu is
0.00039473684210526315
number of trials is
15200
number of Z or Y failures is
6
number of X failures is
0
average trial time
118.74659227636013
stderr is
0.0001611241320087403
target is
3.9473684210526316e-5
mu is
0.0003896103896103896
number of trials is
15400
number of Z or Y failures is
6
number of X failures is
0
average trial time
120.27600707329512
stderr is
0.00015903195066466894
target is
3.8961038961038966e-5
mu is
0.0003846153846153846
number of trials is
15600
number of Z or Y failures is
6
number of X failures is
0
average trial time
121.82711781558521
stderr is
0.00015699340639244082
target is
3.846153846153846e-5
mu is
0.00037974683544303797
number of trials is
15800
number of Z or Y failures is
6
number of X failures is
0
average trial time
123.36360258364525
stderr is
0.00015500646266385735
target is
3.79746835443038e-5
mu is
0.000375
number of trials is
16000
number of Z or Y failures is
6
number of X failures is
0
average trial time
124.88596527013515
stderr is
0.0001530691847611978
target is
3.7500000000000003e-5
mu is
0.00037037037037037035
number of trials is
16200
number of Z or Y failures is
6
number of X failures is
0
average trial time
126.46518198960511
stderr is
0.00015117973349359332
target is
3.7037037037037037e-5
mu is
0.00036585365853658537
number of trials is
16400
number of Z or Y failures is
6
number of X failures is
0
average trial time
127.99926219307507
stderr is
0.0001493363593731082
target is
3.6585365853658535e-5
mu is
0.00036144578313253013
number of trials is
16600
number of Z or Y failures is
6
number of X failures is
0
average trial time
129.54557203808008
stderr is
0.0001475373972117639
target is
3.614457831325302e-5
mu is
0.00035714285714285714
number of trials is
16800
number of Z or Y failures is
6
number of X failures is
0
average trial time
131.05250885294507
stderr is
0.00014578126110443242
target is
3.571428571428572e-5
mu is
0.00035294117647058826
number of trials is
17000
number of Z or Y failures is
6
number of X failures is
0
average trial time
132.56177300886006
stderr is
0.00014406643976582606
target is
3.529411764705883e-5
mu is
0.0003488372093023256
number of trials is
17200
number of Z or Y failures is
6
number of X failures is
0
average trial time
134.06603459786
stderr is
0.00014239149219276618
target is
3.488372093023256e-5
mu is
0.0003448275862068965
number of trials is
17400
number of Z or Y failures is
6
number of X failures is
0
average trial time
135.5788861344349
stderr is
0.00014075504362556286
target is
3.4482758620689657e-5
mu is
0.00034090909090909094
number of trials is
17600
number of Z or Y failures is
6
number of X failures is
0
average trial time
137.12725419556494
stderr is
0.00013915578178471552
target is
3.409090909090909e-5
mu is
0.00033707865168539324
number of trials is
17800
number of Z or Y failures is
6
number of X failures is
0
average trial time
138.66262854390487
stderr is
0.0001375924533612841
target is
3.370786516853932e-5
mu is
0.0003333333333333333
number of trials is
18000
number of Z or Y failures is
6
number of X failures is
0
average trial time
140.21353051399498
stderr is
0.00013606386074120207
target is
3.3333333333333335e-5
mu is
0.00032967032967032967
number of trials is
18200
number of Z or Y failures is
6
number of X failures is
0
average trial time
141.7672285891249
stderr is
0.0001345688589455396
target is
3.296703296703297e-5
mu is
0.00038043478260869565
number of trials is
18400
number of Z or Y failures is
7
number of X failures is
0
average trial time
143.25040044660983
stderr is
0.00014376738477972799
target is
3.804347826086957e-5
mu is
0.0003763440860215054
number of trials is
18600
number of Z or Y failures is
7
number of X failures is
0
average trial time
144.75759345719476
stderr is
0.00014222174836639473
target is
3.763440860215054e-5
mu is
0.0003723404255319149
number of trials is
18800
number of Z or Y failures is
7
number of X failures is
0
average trial time
146.26531603473978
stderr is
0.0001407089925826287
target is
3.7234042553191496e-5
mu is
0.00036842105263157896
number of trials is
19000
number of Z or Y failures is
7
number of X failures is
0
average trial time
147.77876514538477
stderr is
0.00013922807925687418
target is
3.68421052631579e-5
mu is
0.00036458333333333335
number of trials is
19200
number of Z or Y failures is
7
number of X failures is
0
average trial time
149.2660339603147
stderr is
0.00013777801346795594
target is
3.6458333333333336e-5
mu is
0.00036082474226804123
number of trials is
19400
number of Z or Y failures is
7
number of X failures is
0
average trial time
150.77671810469462
stderr is
0.00013635784131602337
target is
3.6082474226804125e-5
mu is
0.00035714285714285714
number of trials is
19600
number of Z or Y failures is
7
number of X failures is
0
average trial time
152.27819323117967
stderr is
0.00013496664782994662
target is
3.571428571428572e-5
mu is
0.00035353535353535354
number of trials is
19800
number of Z or Y failures is
7
number of X failures is
0
average trial time
153.7773526975498
stderr is
0.00013360355500151785
target is
3.535353535353535e-5
mu is
0.00035
number of trials is
20000
number of Z or Y failures is
7
number of X failures is
0
average trial time
155.31273357225487
stderr is
0.00013226771993758295
target is
3.5000000000000004e-5
mu is
0.0003465346534653465
number of trials is
20200
number of Z or Y failures is
7
number of X failures is
0
average trial time
156.85059001024496
stderr is
0.00013095833312193106
target is
3.465346534653465e-5
mu is
0.0003431372549019608
number of trials is
20400
number of Z or Y failures is
7
number of X failures is
0
average trial time
158.4312059188799
stderr is
0.00012967461677941086
target is
3.431372549019608e-5
mu is
0.0003883495145631068
number of trials is
20600
number of Z or Y failures is
8
number of X failures is
0
average trial time
159.98143633092
stderr is
0.0001372789564356972
target is
3.8834951456310685e-5
mu is
0.0003846153846153846
number of trials is
20800
number of Z or Y failures is
8
number of X failures is
0
average trial time
161.52338298036003
stderr is
0.00013595918868045836
target is
3.846153846153846e-5
mu is
0.00038095238095238096
number of trials is
21000
number of Z or Y failures is
8
number of X failures is
0
average trial time
163.08463627624988
stderr is
0.00013466455516583306
target is
3.80952380952381e-5
mu is
0.0003773584905660377
number of trials is
21200
number of Z or Y failures is
8
number of X failures is
0
average trial time
164.65399730174977
stderr is
0.00013339434466294928
target is
3.7735849056603776e-5
mu is
0.00037383177570093456
number of trials is
21400
number of Z or Y failures is
8
number of X failures is
0
average trial time
166.20607133342983
stderr is
0.00013214787252657605
target is
3.738317757009346e-5
mu is
0.00037037037037037035
number of trials is
21600
number of Z or Y failures is
8
number of X failures is
0
average trial time
167.7378749988598
stderr is
0.00013092447946459884
target is
3.7037037037037037e-5
mu is
0.0003669724770642202
number of trials is
21800
number of Z or Y failures is
8
number of X failures is
0
average trial time
169.27103011540987
stderr is
0.00012972353037521984
target is
3.669724770642202e-5
mu is
0.0003636363636363636
number of trials is
22000
number of Z or Y failures is
8
number of X failures is
0
average trial time
170.80743595664993
stderr is
0.000128544413247573
target is
3.6363636363636364e-5
mu is
0.00036036036036036037
number of trials is
22200
number of Z or Y failures is
8
number of X failures is
0
average trial time
172.3246003699248
stderr is
0.00012738653812175668
target is
3.603603603603604e-5
mu is
0.00035714285714285714
number of trials is
22400
number of Z or Y failures is
8
number of X failures is
0
average trial time
173.8423718559047
stderr is
0.0001262493361045691
target is
3.571428571428572e-5
mu is
0.00035398230088495576
number of trials is
22600
number of Z or Y failures is
8
number of X failures is
0
average trial time
175.31127685700483
stderr is
0.00012513225843749855
target is
3.5398230088495574e-5
mu is
0.0003508771929824561
number of trials is
22800
number of Z or Y failures is
8
number of X failures is
0
average trial time
176.81230053715976
stderr is
0.0001240347756137583
target is
3.508771929824561e-5
mu is
0.00034782608695652176
number of trials is
23000
number of Z or Y failures is
8
number of X failures is
0
average trial time
178.30402446452965
stderr is
0.00012295637654138303
target is
3.478260869565218e-5
mu is
0.0003448275862068965
number of trials is
23200
number of Z or Y failures is
8
number of X failures is
0
average trial time
179.82567397308986
stderr is
0.00012189656774960617
target is
3.4482758620689657e-5
mu is
0.0003418803418803419
number of trials is
23400
number of Z or Y failures is
8
number of X failures is
0
average trial time
181.3316826104201
stderr is
0.00012085487263593017
target is
3.418803418803419e-5
mu is
0.00038135593220338984
number of trials is
23600
number of Z or Y failures is
9
number of X failures is
0
average trial time
182.85444945741997
stderr is
0.00012709709579556186
target is
3.813559322033899e-5
mu is
0.00037815126050420167
number of trials is
23800
number of Z or Y failures is
9
number of X failures is
0
average trial time
184.35503934874498
stderr is
0.00012602923255264367
target is
3.781512605042017e-5
mu is
0.000375
number of trials is
24000
number of Z or Y failures is
9
number of X failures is
0
average trial time
185.87537683858997
stderr is
0.0001249791640620297
target is
3.7500000000000003e-5
mu is
0.00037190082644628097
number of trials is
24200
number of Z or Y failures is
9
number of X failures is
0
average trial time
187.42293166653025
stderr is
0.00012394644920451172
target is
3.71900826446281e-5
mu is
0.00036885245901639344
number of trials is
24400
number of Z or Y failures is
9
number of X failures is
0
average trial time
188.96240062205518
stderr is
0.00012293066132143256
target is
3.6885245901639346e-5
mu is
0.0004065040650406504
number of trials is
24600
number of Z or Y failures is
10
number of X failures is
0
average trial time
190.49995728256008
stderr is
0.0001285243544026228
target is
4.065040650406504e-5
mu is
0.0004435483870967742
number of trials is
24800
number of Z or Y failures is
11
number of X failures is
0
average trial time
192.00761619708007
stderr is
0.00013370790409729928
target is
4.435483870967742e-5
mu is
0.00044
number of trials is
25000
number of Z or Y failures is
11
number of X failures is
0
average trial time
193.53733283908002
stderr is
0.0001326384549004878
target is
4.4000000000000006e-5
mu is
0.0004365079365079365
number of trials is
25200
number of Z or Y failures is
11
number of X failures is
0
average trial time
195.05921560321997
stderr is
0.00013158597771685155
target is
4.3650793650793655e-5
mu is
0.0004330708661417323
number of trials is
25400
number of Z or Y failures is
11
number of X failures is
0
average trial time
196.58604899311987
stderr is
0.000130550071711705
target is
4.3307086614173235e-5
mu is
0.0004296875
number of trials is
25600
number of Z or Y failures is
11
number of X failures is
0
average trial time
198.1221853329197
stderr is
0.00012953034857399632
target is
4.2968750000000004e-5
mu is
0.0004263565891472868
number of trials is
25800
number of Z or Y failures is
11
number of X failures is
0
average trial time
199.6408516493196
stderr is
0.0001285264320309896
target is
4.263565891472868e-5
mu is
0.0004230769230769231
number of trials is
26000
number of Z or Y failures is
11
number of X failures is
0
average trial time
201.1327676637099
stderr is
0.00012753795738534182
target is
4.2307692307692314e-5
mu is
0.0004198473282442748
number of trials is
26200
number of Z or Y failures is
11
number of X failures is
0
average trial time
202.66339514024978
stderr is
0.00012656457107337833
target is
4.198473282442748e-5
mu is
0.0004166666666666667
number of trials is
26400
number of Z or Y failures is
11
number of X failures is
0
average trial time
204.21427710014981
stderr is
0.00012560593024344333
target is
4.166666666666667e-5
mu is
0.0004135338345864662
number of trials is
26600
number of Z or Y failures is
11
number of X failures is
0
average trial time
205.71050336068478
stderr is
0.00012466170235326784
target is
4.135338345864662e-5
mu is
0.00041044776119402983
number of trials is
26800
number of Z or Y failures is
11
number of X failures is
0
average trial time
207.2265977282148
stderr is
0.00012373156478536312
target is
4.104477611940299e-5
mu is
0.0004074074074074074
number of trials is
27000
number of Z or Y failures is
11
number of X failures is
0
average trial time
208.75543800267482
stderr is
0.0001228152044795046
target is
4.074074074074074e-5
mu is
0.00040441176470588236
number of trials is
27200
number of Z or Y failures is
11
number of X failures is
0
average trial time
210.25742884393966
stderr is
0.00012191231758142633
target is
4.044117647058824e-5
mu is
0.0004014598540145985
number of trials is
27400
number of Z or Y failures is
11
number of X failures is
0
average trial time
211.74914500572947
stderr is
0.00012102260910689857
target is
4.0145985401459855e-5
mu is
0.00039855072463768114
number of trials is
27600
number of Z or Y failures is
11
number of X failures is
0
average trial time
213.2462222630396
stderr is
0.00012014579262040805
target is
3.985507246376812e-5
mu is
0.0003956834532374101
number of trials is
27800
number of Z or Y failures is
11
number of X failures is
0
average trial time
214.75625520947952
stderr is
0.00011928158992770549
target is
3.956834532374101e-5
mu is
0.0003928571428571429
number of trials is
28000
number of Z or Y failures is
11
number of X failures is
0
average trial time
216.24182204571468
stderr is
0.00011842973078152743
target is
3.928571428571429e-5
mu is
0.0003900709219858156
number of trials is
28200
number of Z or Y failures is
11
number of X failures is
0
average trial time
217.70982660934953
stderr is
0.00011758995259983838
target is
3.900709219858156e-5
mu is
0.00042253521126760566
number of trials is
28400
number of Z or Y failures is
12
number of X failures is
0
average trial time
219.19001904475442
stderr is
0.00012195178386576971
target is
4.225352112676057e-5
mu is
0.0004195804195804196
number of trials is
28600
number of Z or Y failures is
12
number of X failures is
0
average trial time
220.6857744713443
stderr is
0.00012109913826519937
target is
4.195804195804196e-5
mu is
0.0004166666666666667
number of trials is
28800
number of Z or Y failures is
12
number of X failures is
0
average trial time
222.16378405056946
stderr is
0.00012025833270132293
target is
4.166666666666667e-5
mu is
0.00041379310344827585
number of trials is
29000
number of Z or Y failures is
12
number of X failures is
0
average trial time
223.64978034902927
stderr is
0.00011942912225437413
target is
4.1379310344827587e-5
mu is
0.0004452054794520548
number of trials is
29200
number of Z or Y failures is
13
number of X failures is
0
average trial time
225.14290551815918
stderr is
0.000123452407782645
target is
4.452054794520548e-5
mu is
0.0004421768707482993
number of trials is
29400
number of Z or Y failures is
13
number of X failures is
0
average trial time
226.6483057287941
stderr is
0.0001226127669571191
target is
4.421768707482993e-5
mu is
0.00047297297297297297
number of trials is
29600
number of Z or Y failures is
14
number of X failures is
0
average trial time
228.1389101809242
stderr is
0.0001263795817917925
target is
4.72972972972973e-5
mu is
0.0004697986577181208
number of trials is
29800
number of Z or Y failures is
14
number of X failures is
0
average trial time
229.63345132768413
stderr is
0.0001255315817795354
target is
4.697986577181208e-5
mu is
0.00046666666666666666
number of trials is
30000
number of Z or Y failures is
14
number of X failures is
0
average trial time
231.16790275416898
stderr is
0.00012469488598220845
target is
4.666666666666667e-5
mu is
0.0004966887417218543
number of trials is
30200
number of Z or Y failures is
15
number of X failures is
0
average trial time
232.64802366818424
stderr is
0.00012821475169002785
target is
4.966887417218543e-5
mu is
0.000493421052631579
number of trials is
30400
number of Z or Y failures is
15
number of X failures is
0
average trial time
234.15426829170937
stderr is
0.00012737142792071084
target is
4.93421052631579e-5
mu is
0.0004901960784313725
number of trials is
30600
number of Z or Y failures is
15
number of X failures is
0
average trial time
235.6662993710845
stderr is
0.0001265391254674352
target is
4.901960784313726e-5
mu is
0.000487012987012987
number of trials is
30800
number of Z or Y failures is
15
number of X failures is
0
average trial time
237.1724646485097
stderr is
0.0001257176296780973
target is
4.87012987012987e-5
mu is
0.0005161290322580645
number of trials is
31000
number of Z or Y failures is
16
number of X failures is
0
average trial time
238.68403455092448
stderr is
0.00012900103579821238
target is
5.161290322580646e-5
mu is
0.0005448717948717948
number of trials is
31200
number of Z or Y failures is
17
number of X failures is
0
average trial time
240.18741950556938
stderr is
0.0001321169310762281
target is
5.448717948717949e-5
mu is
0.0005414012738853503
number of trials is
31400
number of Z or Y failures is
17
number of X failures is
0
average trial time
241.67053757973952
stderr is
0.00013127563648185898
target is
5.414012738853504e-5
mu is
0.0005379746835443038
number of trials is
31600
number of Z or Y failures is
17
number of X failures is
0
average trial time
243.1993969205544
stderr is
0.00013044498848745924
target is
5.3797468354430386e-5
mu is
0.0005345911949685534
number of trials is
31800
number of Z or Y failures is
17
number of X failures is
0
average trial time
244.7476290443496
stderr is
0.00012962478626439073
target is
5.345911949685534e-5
mu is
0.00053125
number of trials is
32000
number of Z or Y failures is
17
number of X failures is
0
average trial time
246.23700298474967
stderr is
0.00012881483400347367
target is
5.3125000000000004e-5
mu is
0.0005590062111801242
number of trials is
32200
number of Z or Y failures is
18
number of X failures is
0
average trial time
247.77240403722968
stderr is
0.00013172424076816715
target is
5.590062111801242e-5
mu is
0.0005555555555555556
number of trials is
32400
number of Z or Y failures is
18
number of X failures is
0
average trial time
249.26820827909444
stderr is
0.00013091134161313496
target is
5.555555555555556e-5
mu is
0.0005521472392638037
number of trials is
32600
number of Z or Y failures is
18
number of X failures is
0
average trial time
250.7644049277993
stderr is
0.00013010841407758763
target is
5.5214723926380366e-5
mu is
0.0005487804878048781
number of trials is
32800
number of Z or Y failures is
18
number of X failures is
0
average trial time
252.24131320840414
stderr is
0.00012931527580118966
target is
5.487804878048781e-5
mu is
0.0005454545454545455
number of trials is
33000
number of Z or Y failures is
18
number of X failures is
0
average trial time
253.75304981913914
stderr is
0.00012853174884332161
target is
5.454545454545455e-5
mu is
0.0005421686746987952
number of trials is
33200
number of Z or Y failures is
18
number of X failures is
0
average trial time
255.23275996454907
stderr is
0.00012775765954998975
target is
5.421686746987952e-5
mu is
0.0005389221556886227
number of trials is
33400
number of Z or Y failures is
18
number of X failures is
0
average trial time
256.72274871704417
stderr is
0.0001269928384255172
target is
5.389221556886228e-5
mu is
0.0005654761904761905
number of trials is
33600
number of Z or Y failures is
19
number of X failures is
0
average trial time
258.2304744644991
stderr is
0.0001296943806593034
target is
5.6547619047619046e-5
mu is
0.0005621301775147929
number of trials is
33800
number of Z or Y failures is
19
number of X failures is
0
average trial time
259.73953910428406
stderr is
0.00012892716275327682
target is
5.6213017751479294e-5
mu is
0.0005588235294117647
number of trials is
34000
number of Z or Y failures is
19
number of X failures is
0
average trial time
261.24986162659434
stderr is
0.0001281689685485576
target is
5.588235294117647e-5
mu is
0.0005847953216374269
number of trials is
34200
number of Z or Y failures is
20
number of X failures is
0
average trial time
262.7642052587494
stderr is
0.00013072787971033563
target is
5.847953216374269e-5
mu is
0.0005813953488372093
number of trials is
34400
number of Z or Y failures is
20
number of X failures is
0
average trial time
264.2795866913144
stderr is
0.00012996804392319277
target is
5.8139534883720933e-5
mu is
0.0005780346820809249
number of trials is
34600
number of Z or Y failures is
20
number of X failures is
0
average trial time
265.78611901582417
stderr is
0.00012921698995040033
target is
5.780346820809249e-5
mu is
0.0005747126436781609
number of trials is
34800
number of Z or Y failures is
20
number of X failures is
0
average trial time
267.302709136809
stderr is
0.00012847456642276137
target is
5.7471264367816097e-5
mu is
0.0005714285714285715
number of trials is
35000
number of Z or Y failures is
20
number of X failures is
0
average trial time
268.830104807459
stderr is
0.00012774062543000528
target is
5.714285714285715e-5
20
0
35000
0.0005714285714285715
