mu is
0.0
number of trials is
200
number of Z or Y failures is
0
number of X failures is
0
average trial time
1.5323727793450006
mu is
0.0
number of trials is
400
number of Z or Y failures is
0
number of X failures is
0
average trial time
2.8594156434300033
mu is
0.0
number of trials is
600
number of Z or Y failures is
0
number of X failures is
0
average trial time
4.183358313975001
mu is
0.0
number of trials is
800
number of Z or Y failures is
0
number of X failures is
0
average trial time
5.505663824755003
mu is
0.0
number of trials is
1000
number of Z or Y failures is
0
number of X failures is
0
average trial time
6.85723278864501
mu is
0.0
number of trials is
1200
number of Z or Y failures is
0
number of X failures is
0
average trial time
8.207842625245007
mu is
0.0
number of trials is
1400
number of Z or Y failures is
0
number of X failures is
0
average trial time
9.540702182595012
mu is
0.0
number of trials is
1600
number of Z or Y failures is
0
number of X failures is
0
average trial time
10.909877086340007
mu is
0.0
number of trials is
1800
number of Z or Y failures is
0
number of X failures is
0
average trial time
12.288854233985013
mu is
0.0005
number of trials is
2000
number of Z or Y failures is
1
number of X failures is
0
average trial time
13.672472378050026
mu is
0.00045454545454545455
number of trials is
2200
number of Z or Y failures is
1
number of X failures is
0
average trial time
15.104402979430045
mu is
0.0004166666666666667
number of trials is
2400
number of Z or Y failures is
1
number of X failures is
0
average trial time
16.55934480046502
mu is
0.0003846153846153846
number of trials is
2600
number of Z or Y failures is
1
number of X failures is
0
average trial time
18.003105105335017
mu is
0.00035714285714285714
number of trials is
2800
number of Z or Y failures is
1
number of X failures is
0
average trial time
19.464181087040014
mu is
0.0003333333333333333
number of trials is
3000
number of Z or Y failures is
1
number of X failures is
0
average trial time
20.95387591802502
mu is
0.000625
number of trials is
3200
number of Z or Y failures is
2
number of X failures is
0
average trial time
22.47932835317499
mu is
0.000588235294117647
number of trials is
3400
number of Z or Y failures is
2
number of X failures is
0
average trial time
24.02638330658998
mu is
0.0005555555555555556
number of trials is
3600
number of Z or Y failures is
2
number of X failures is
0
average trial time
25.575925259419954
mu is
0.0005263157894736842
number of trials is
3800
number of Z or Y failures is
2
number of X failures is
0
average trial time
27.123682967754917
mu is
0.00075
number of trials is
4000
number of Z or Y failures is
3
number of X failures is
0
average trial time
28.70787655496989
mu is
0.0007142857142857143
number of trials is
4200
number of Z or Y failures is
3
number of X failures is
0
average trial time
30.301135937299886
mu is
0.0006818181818181819
number of trials is
4400
number of Z or Y failures is
3
number of X failures is
0
average trial time
31.88980622062489
mu is
0.0006521739130434783
number of trials is
4600
number of Z or Y failures is
3
number of X failures is
0
average trial time
33.482060518229865
mu is
0.000625
number of trials is
4800
number of Z or Y failures is
3
number of X failures is
0
average trial time
35.08845246360487
mu is
0.0006
number of trials is
5000
number of Z or Y failures is
3
number of X failures is
0
average trial time
36.68403661104486
mu is
0.000576923076923077
number of trials is
5200
number of Z or Y failures is
3
number of X failures is
0
average trial time
38.28141164201489
mu is
0.0005555555555555556
number of trials is
5400
number of Z or Y failures is
3
number of X failures is
0
average trial time
39.88366361957489
mu is
0.0005357142857142857
number of trials is
5600
number of Z or Y failures is
3
number of X failures is
0
average trial time
41.498953084569884
mu is
0.0005172413793103448
number of trials is
5800
number of Z or Y failures is
3
number of X failures is
0
average trial time
43.117684115614864
mu is
0.0005
number of trials is
6000
number of Z or Y failures is
3
number of X failures is
0
average trial time
44.73900742092486
mu is
0.0004838709677419355
number of trials is
6200
number of Z or Y failures is
3
number of X failures is
0
average trial time
46.34889862015487
mu is
0.00046875
number of trials is
6400
number of Z or Y failures is
3
number of X failures is
0
average trial time
47.966063901509806
mu is
0.0006060606060606061
number of trials is
6600
number of Z or Y failures is
4
number of X failures is
0
average trial time
49.58493253152981
mu is
0.000588235294117647
number of trials is
6800
number of Z or Y failures is
4
number of X failures is
0
average trial time
51.21308228243977
mu is
0.0005714285714285715
number of trials is
7000
number of Z or Y failures is
4
number of X failures is
0
average trial time
52.84261715197977
mu is
0.0005555555555555556
number of trials is
7200
number of Z or Y failures is
4
number of X failures is
0
average trial time
54.44074401537478
mu is
0.0005405405405405405
number of trials is
7400
number of Z or Y failures is
4
number of X failures is
0
average trial time
56.03772411935479
mu is
0.0006578947368421052
number of trials is
7600
number of Z or Y failures is
5
number of X failures is
0
average trial time
57.66811448973982
stderr is
0.0002941420241651356
target is
6.578947368421052e-5
mu is
0.000641025641025641
number of trials is
7800
number of Z or Y failures is
5
number of X failures is
0
average trial time
59.25594744131977
stderr is
0.00028660185636874034
target is
6.41025641025641e-5
mu is
0.000625
number of trials is
8000
number of Z or Y failures is
5
number of X failures is
0
average trial time
60.85103689440482
stderr is
0.0002794386025884345
target is
6.25e-5
mu is
0.0006097560975609756
number of trials is
8200
number of Z or Y failures is
5
number of X failures is
0
average trial time
62.46744845472478
stderr is
0.0002726246904884851
target is
6.097560975609756e-5
mu is
0.0005952380952380953
number of trials is
8400
number of Z or Y failures is
5
number of X failures is
0
average trial time
64.09653662125976
stderr is
0.0002661351730432532
target is
5.952380952380953e-5
mu is
0.0005813953488372093
number of trials is
8600
number of Z or Y failures is
5
number of X failures is
0
average trial time
65.69549926122471
stderr is
0.00025994742333976657
target is
5.8139534883720933e-5
mu is
0.0005681818181818182
number of trials is
8800
number of Z or Y failures is
5
number of X failures is
0
average trial time
67.30880236829977
stderr is
0.00025404087098863335
target is
5.681818181818182e-5
mu is
0.0005555555555555556
number of trials is
9000
number of Z or Y failures is
5
number of X failures is
0
average trial time
68.87704859163483
stderr is
0.00024839677367233297
target is
5.555555555555556e-5
mu is
0.0005434782608695652
number of trials is
9200
number of Z or Y failures is
5
number of X failures is
0
average trial time
70.47939928358475
stderr is
0.0002429980184850582
target is
5.4347826086956524e-5
mu is
0.0005319148936170213
number of trials is
9400
number of Z or Y failures is
5
number of X failures is
0
average trial time
72.07344757929974
stderr is
0.0002378289486280171
target is
5.3191489361702134e-5
mu is
0.0005208333333333333
number of trials is
9600
number of Z or Y failures is
5
number of X failures is
0
average trial time
73.63752051101974
stderr is
0.00023287521176329522
target is
5.208333333333334e-5
mu is
0.0005102040816326531
number of trials is
9800
number of Z or Y failures is
5
number of X failures is
0
average trial time
75.2165173328997
stderr is
0.0002281236269328325
target is
5.1020408163265315e-5
mu is
0.0005
number of trials is
10000
number of Z or Y failures is
5
number of X failures is
0
average trial time
76.7945461215247
stderr is
0.00022356206744392033
target is
5.0e-5
mu is
0.0004901960784313725
number of trials is
10200
number of Z or Y failures is
5
number of X failures is
0
average trial time
78.39426744488968
stderr is
0.00021917935753016596
target is
4.901960784313726e-5
mu is
0.0004807692307692308
number of trials is
10400
number of Z or Y failures is
5
number of X failures is
0
average trial time
79.97211115438962
stderr is
0.00021496518093389304
target is
4.8076923076923084e-5
mu is
0.0005660377358490566
number of trials is
10600
number of Z or Y failures is
6
number of X failures is
0
average trial time
81.54798552907455
stderr is
0.00023102942549783187
target is
5.660377358490567e-5
mu is
0.0005555555555555556
number of trials is
10800
number of Z or Y failures is
6
number of X failures is
0
average trial time
83.18358038021456
stderr is
0.00022675209380639165
target is
5.555555555555556e-5
mu is
0.0005454545454545455
number of trials is
11000
number of Z or Y failures is
6
number of X failures is
0
average trial time
84.72782121999971
stderr is
0.00022263026606068285
target is
5.454545454545455e-5
mu is
0.000625
number of trials is
11200
number of Z or Y failures is
7
number of X failures is
0
average trial time
86.29239826152981
stderr is
0.00023616450620012524
target is
6.25e-5
mu is
0.0006140350877192983
number of trials is
11400
number of Z or Y failures is
7
number of X failures is
0
average trial time
87.87157486543987
stderr is
0.00023202236034978416
target is
6.140350877192983e-5
mu is
0.000603448275862069
number of trials is
11600
number of Z or Y failures is
7
number of X failures is
0
average trial time
89.40481092777476
stderr is
0.0002280230101315355
target is
6.0344827586206904e-5
mu is
0.0005932203389830508
number of trials is
11800
number of Z or Y failures is
7
number of X failures is
0
average trial time
90.9460558470497
stderr is
0.00022415919659955953
target is
5.932203389830509e-5
mu is
0.0005833333333333334
number of trials is
12000
number of Z or Y failures is
7
number of X failures is
0
average trial time
92.50643955871965
stderr is
0.0002204241446165183
target is
5.833333333333334e-5
mu is
0.0005737704918032787
number of trials is
12200
number of Z or Y failures is
7
number of X failures is
0
average trial time
94.09464420315958
stderr is
0.00021681152320689938
target is
5.737704918032787e-5
mu is
0.0005645161290322581
number of trials is
12400
number of Z or Y failures is
7
number of X failures is
0
average trial time
95.63545544817457
stderr is
0.00021331540974620184
target is
5.645161290322582e-5
mu is
0.0005555555555555556
number of trials is
12600
number of Z or Y failures is
7
number of X failures is
0
average trial time
97.1675090519795
stderr is
0.00020993025755986126
target is
5.555555555555556e-5
mu is
0.000546875
number of trials is
12800
number of Z or Y failures is
7
number of X failures is
0
average trial time
98.73370352313455
stderr is
0.00020665086655906212
target is
5.468750000000001e-5
mu is
0.0005384615384615384
number of trials is
13000
number of Z or Y failures is
7
number of X failures is
0
average trial time
100.3162903138196
stderr is
0.00020347235658646246
target is
5.384615384615385e-5
mu is
0.0005303030303030304
number of trials is
13200
number of Z or Y failures is
7
number of X failures is
0
average trial time
101.85279915346959
stderr is
0.0002003901431844828
target is
5.303030303030304e-5
mu is
0.0005223880597014925
number of trials is
13400
number of Z or Y failures is
7
number of X failures is
0
average trial time
103.37857911560951
stderr is
0.00019739991553311157
target is
5.223880597014925e-5
mu is
0.0005147058823529412
number of trials is
13600
number of Z or Y failures is
7
number of X failures is
0
average trial time
104.8911501062396
stderr is
0.00019449761633394424
target is
5.147058823529413e-5
mu is
0.0005072463768115942
number of trials is
13800
number of Z or Y failures is
7
number of X failures is
0
average trial time
106.4248861575745
stderr is
0.00019167942344305538
target is
5.072463768115943e-5
mu is
0.0005
number of trials is
14000
number of Z or Y failures is
7
number of X failures is
0
average trial time
107.99036098428462
stderr is
0.00018894173307785702
target is
5.0e-5
mu is
0.0004929577464788732
number of trials is
14200
number of Z or Y failures is
7
number of X failures is
0
average trial time
109.52820606479955
stderr is
0.0001862811444427963
target is
4.929577464788732e-5
mu is
0.0004861111111111111
number of trials is
14400
number of Z or Y failures is
7
number of X failures is
0
average trial time
111.0493228027446
stderr is
0.000183694445635976
target is
4.8611111111111115e-5
mu is
0.00047945205479452054
number of trials is
14600
number of Z or Y failures is
7
number of X failures is
0
average trial time
112.57641381151463
stderr is
0.0001811786007138976
target is
4.794520547945206e-5
mu is
0.00047297297297297297
number of trials is
14800
number of Z or Y failures is
7
number of X failures is
0
average trial time
114.08457214286963
stderr is
0.00017873073780479498
target is
4.72972972972973e-5
mu is
0.00046666666666666666
number of trials is
15000
number of Z or Y failures is
7
number of X failures is
0
average trial time
115.58703042168963
stderr is
0.00017634813817271142
target is
4.666666666666667e-5
mu is
0.0004605263157894737
number of trials is
15200
number of Z or Y failures is
7
number of X failures is
0
average trial time
117.06475167545472
stderr is
0.00017402822614476753
target is
4.605263157894737e-5
mu is
0.00045454545454545455
number of trials is
15400
number of Z or Y failures is
7
number of X failures is
0
average trial time
118.61974885753476
stderr is
0.00017176855982316448
target is
4.545454545454546e-5
mu is
0.0004487179487179487
number of trials is
15600
number of Z or Y failures is
7
number of X failures is
0
average trial time
120.1552448909048
stderr is
0.00016956682251151092
target is
4.4871794871794874e-5
mu is
0.0004430379746835443
number of trials is
15800
number of Z or Y failures is
7
number of X failures is
0
average trial time
121.69069604719489
stderr is
0.00016742081479219034
target is
4.430379746835443e-5
mu is
0.0005
number of trials is
16000
number of Z or Y failures is
8
number of X failures is
0
average trial time
123.22161338260494
stderr is
0.0001767380187465459
target is
5.0e-5
mu is
0.0004938271604938272
number of trials is
16200
number of Z or Y failures is
8
number of X failures is
0
average trial time
124.76501444284494
stderr is
0.00017455653957125795
target is
4.938271604938272e-5
mu is
0.0004878048780487805
number of trials is
16400
number of Z or Y failures is
8
number of X failures is
0
average trial time
126.28112551471492
stderr is
0.00017242825583928256
target is
4.878048780487805e-5
mu is
0.00048192771084337347
number of trials is
16600
number of Z or Y failures is
8
number of X failures is
0
average trial time
127.77420240188984
stderr is
0.00017035124522968414
target is
4.819277108433735e-5
mu is
0.0004761904761904762
number of trials is
16800
number of Z or Y failures is
8
number of X failures is
0
average trial time
129.2609228142298
stderr is
0.00016832367694151633
target is
4.761904761904762e-5
mu is
0.00047058823529411766
number of trials is
17000
number of Z or Y failures is
8
number of X failures is
0
average trial time
130.79015270363956
stderr is
0.00016634380631140374
target is
4.705882352941177e-5
mu is
0.00046511627906976747
number of trials is
17200
number of Z or Y failures is
8
number of X failures is
0
average trial time
132.30991224235964
stderr is
0.00016440996980656482
target is
4.651162790697675e-5
mu is
0.0004597701149425287
number of trials is
17400
number of Z or Y failures is
8
number of X failures is
0
average trial time
133.8449307084746
stderr is
0.00016252058036307385
target is
4.597701149425287e-5
mu is
0.00045454545454545455
number of trials is
17600
number of Z or Y failures is
8
number of X failures is
0
average trial time
135.3601583564246
stderr is
0.00016067412304190533
target is
4.545454545454546e-5
mu is
0.00044943820224719103
number of trials is
17800
number of Z or Y failures is
8
number of X failures is
0
average trial time
136.8924810782846
stderr is
0.0001588691509777716
target is
4.4943820224719104e-5
mu is
0.0005
number of trials is
18000
number of Z or Y failures is
9
number of X failures is
0
average trial time
138.43113389753955
stderr is
0.00016662962345530364
target is
5.0e-5
mu is
0.0004945054945054945
number of trials is
18200
number of Z or Y failures is
9
number of X failures is
0
average trial time
139.96668612385454
stderr is
0.00016479893135342024
target is
4.945054945054945e-5
mu is
0.0004891304347826087
number of trials is
18400
number of Z or Y failures is
9
number of X failures is
0
average trial time
141.5243765158446
stderr is
0.00016300802824615237
target is
4.891304347826088e-5
mu is
0.0005376344086021505
number of trials is
18600
number of Z or Y failures is
10
number of X failures is
0
average trial time
143.05613932291965
stderr is
0.0001699737881331653
target is
5.3763440860215054e-5
mu is
0.0005319148936170213
number of trials is
18800
number of Z or Y failures is
10
number of X failures is
0
average trial time
144.6019275608447
stderr is
0.00016816598942125664
target is
5.3191489361702134e-5
mu is
0.0005263157894736842
number of trials is
19000
number of Z or Y failures is
10
number of X failures is
0
average trial time
146.12643676944975
stderr is
0.00016639624060662246
target is
5.2631578947368424e-5
mu is
0.0005208333333333333
number of trials is
19200
number of Z or Y failures is
10
number of X failures is
0
average trial time
147.64944109051459
stderr is
0.00016466335290905108
target is
5.208333333333334e-5
mu is
0.0005154639175257732
number of trials is
19400
number of Z or Y failures is
10
number of X failures is
0
average trial time
149.16453826985475
stderr is
0.0001629661865588035
target is
5.154639175257732e-5
mu is
0.0005612244897959184
number of trials is
19600
number of Z or Y failures is
11
number of X failures is
0
average trial time
150.6788005132246
stderr is
0.00016917237558554526
target is
5.612244897959184e-5
mu is
0.0006060606060606061
number of trials is
19800
number of Z or Y failures is
12
number of X failures is
0
average trial time
152.1922884286345
stderr is
0.0001749060193127073
target is
6.060606060606061e-5
mu is
0.0006
number of trials is
20000
number of Z or Y failures is
12
number of X failures is
0
average trial time
153.67618575258447
stderr is
0.00017315744042621658
target is
5.9999999999999995e-5
mu is
0.000594059405940594
number of trials is
20200
number of Z or Y failures is
12
number of X failures is
0
average trial time
155.17140237977947
stderr is
0.0001714434774259983
target is
5.9405940594059404e-5
mu is
0.000588235294117647
number of trials is
20400
number of Z or Y failures is
12
number of X failures is
0
average trial time
156.66882162963446
stderr is
0.0001697631124726738
target is
5.88235294117647e-5
mu is
0.0005825242718446602
number of trials is
20600
number of Z or Y failures is
12
number of X failures is
0
average trial time
158.15492017190448
stderr is
0.00016811536724403245
target is
5.825242718446603e-5
mu is
0.000625
number of trials is
20800
number of Z or Y failures is
13
number of X failures is
0
average trial time
159.6441012642595
stderr is
0.00017329379867903145
target is
6.25e-5
mu is
0.000619047619047619
number of trials is
21000
number of Z or Y failures is
13
number of X failures is
0
average trial time
161.13806876521932
stderr is
0.00017164385341322927
target is
6.19047619047619e-5
mu is
0.0006132075471698114
number of trials is
21200
number of Z or Y failures is
13
number of X failures is
0
average trial time
162.62320345702426
stderr is
0.00017002503036940155
target is
6.132075471698113e-5
mu is
0.0006074766355140187
number of trials is
21400
number of Z or Y failures is
13
number of X failures is
0
average trial time
164.13140669232925
stderr is
0.00016843645720693136
target is
6.0747663551401874e-5
mu is
0.0006018518518518519
number of trials is
21600
number of Z or Y failures is
13
number of X failures is
0
average trial time
165.62435073214922
stderr is
0.0001668772938851202
target is
6.0185185185185194e-5
mu is
0.0005963302752293578
number of trials is
21800
number of Z or Y failures is
13
number of X failures is
0
average trial time
167.13191789324904
stderr is
0.00016534673118194913
target is
5.9633027522935784e-5
mu is
0.0005909090909090909
number of trials is
22000
number of Z or Y failures is
13
number of X failures is
0
average trial time
168.65659845847887
stderr is
0.00016384398929361258
target is
5.90909090909091e-5
mu is
0.0005855855855855856
number of trials is
22200
number of Z or Y failures is
13
number of X failures is
0
average trial time
170.1674290148437
stderr is
0.0001623683165097328
target is
5.855855855855856e-5
mu is
0.0005803571428571429
number of trials is
22400
number of Z or Y failures is
13
number of X failures is
0
average trial time
171.64737181105386
stderr is
0.00016091898795952581
target is
5.803571428571429e-5
mu is
0.000575221238938053
number of trials is
22600
number of Z or Y failures is
13
number of X failures is
0
average trial time
173.12547499863405
stderr is
0.00015949530442452446
target is
5.7522123893805306e-5
mu is
0.0005701754385964912
number of trials is
22800
number of Z or Y failures is
13
number of X failures is
0
average trial time
174.64059098798415
stderr is
0.00015809659121377405
target is
5.701754385964912e-5
mu is
0.0005652173913043478
number of trials is
23000
number of Z or Y failures is
13
number of X failures is
0
average trial time
176.1524514033043
stderr is
0.00015672219709769728
target is
5.652173913043478e-5
mu is
0.0005603448275862069
number of trials is
23200
number of Z or Y failures is
13
number of X failures is
0
average trial time
177.68708972427928
stderr is
0.00015537149329709047
target is
5.603448275862069e-5
mu is
0.0005555555555555556
number of trials is
23400
number of Z or Y failures is
13
number of X failures is
0
average trial time
179.17872796948427
stderr is
0.0001540438725239521
target is
5.555555555555556e-5
mu is
0.0005508474576271186
number of trials is
23600
number of Z or Y failures is
13
number of X failures is
0
average trial time
180.68268738442436
stderr is
0.00015273874807107094
target is
5.508474576271187e-5
mu is
0.000546218487394958
number of trials is
23800
number of Z or Y failures is
13
number of X failures is
0
average trial time
182.22336366827443
stderr is
0.00015145555294750548
target is
5.4621848739495796e-5
mu is
0.0005416666666666666
number of trials is
24000
number of Z or Y failures is
13
number of X failures is
0
average trial time
183.75668049482954
stderr is
0.00015019373905727853
target is
5.4166666666666664e-5
mu is
0.0005371900826446281
number of trials is
24200
number of Z or Y failures is
13
number of X failures is
0
average trial time
185.27308510882463
stderr is
0.00014895277641878736
target is
5.3719008264462816e-5
mu is
0.0005327868852459017
number of trials is
24400
number of Z or Y failures is
13
number of X failures is
0
average trial time
186.79713675224997
stderr is
0.00014773215242259468
target is
5.327868852459017e-5
mu is
0.0005284552845528455
number of trials is
24600
number of Z or Y failures is
13
number of X failures is
0
average trial time
188.31095910837487
stderr is
0.00014653137112541538
target is
5.284552845528456e-5
mu is
0.0005241935483870967
number of trials is
24800
number of Z or Y failures is
13
number of X failures is
0
average trial time
189.85256853412986
stderr is
0.0001453499525782573
target is
5.241935483870968e-5
mu is
0.00052
number of trials is
25000
number of Z or Y failures is
13
number of X failures is
0
average trial time
191.384232322685
stderr is
0.00014418743218680337
target is
5.2e-5
mu is
0.0005158730158730159
number of trials is
25200
number of Z or Y failures is
13
number of X failures is
0
average trial time
192.90434395137984
stderr is
0.00014304336010224471
target is
5.158730158730159e-5
mu is
0.0005118110236220473
number of trials is
25400
number of Z or Y failures is
13
number of X failures is
0
average trial time
194.44791392522478
stderr is
0.0001419173006408858
target is
5.118110236220473e-5
mu is
0.0005078125
number of trials is
25600
number of Z or Y failures is
13
number of X failures is
0
average trial time
195.96384920796993
stderr is
0.0001408088317309502
target is
5.0781250000000004e-5
mu is
0.0005038759689922481
number of trials is
25800
number of Z or Y failures is
13
number of X failures is
0
average trial time
197.48717137920968
stderr is
0.00013971754438510937
target is
5.038759689922481e-5
mu is
0.0005
number of trials is
26000
number of Z or Y failures is
13
number of X failures is
0
average trial time
199.01004425698994
stderr is
0.0001386430421973513
target is
5.0e-5
mu is
0.0004961832061068703
number of trials is
26200
number of Z or Y failures is
13
number of X failures is
0
average trial time
200.530267412145
stderr is
0.00013758494086288755
target is
4.961832061068703e-5
mu is
0.0005303030303030304
number of trials is
26400
number of Z or Y failures is
14
number of X failures is
0
average trial time
202.05078750807976
stderr is
0.00014169454534197494
target is
5.303030303030304e-5
mu is
0.0005263157894736842
number of trials is
26600
number of Z or Y failures is
14
number of X failures is
0
average trial time
203.56352606414973
stderr is
0.00014062943330367853
target is
5.2631578947368424e-5
mu is
0.0005223880597014925
number of trials is
26800
number of Z or Y failures is
14
number of X failures is
0
average trial time
205.0740342755549
stderr is
0.0001395802146005778
target is
5.223880597014925e-5
mu is
0.0005185185185185185
number of trials is
27000
number of Z or Y failures is
14
number of X failures is
0
average trial time
206.6131917965648
stderr is
0.00013854653613258887
target is
5.1851851851851857e-5
mu is
0.0005147058823529412
number of trials is
27200
number of Z or Y failures is
14
number of X failures is
0
average trial time
208.10865567462005
stderr is
0.00013752805518243822
target is
5.147058823529413e-5
mu is
0.0005109489051094891
number of trials is
27400
number of Z or Y failures is
14
number of X failures is
0
average trial time
209.62257526614007
stderr is
0.00013652443903681828
target is
5.109489051094891e-5
mu is
0.0005072463768115942
number of trials is
27600
number of Z or Y failures is
14
number of X failures is
0
average trial time
211.14360302585519
stderr is
0.00013553536462401018
target is
5.072463768115943e-5
mu is
0.0005035971223021583
number of trials is
27800
number of Z or Y failures is
14
number of X failures is
0
average trial time
212.67525085872032
stderr is
0.0001345605181671454
target is
5.035971223021583e-5
mu is
0.0005
number of trials is
28000
number of Z or Y failures is
14
number of X failures is
0
average trial time
214.1723678668604
stderr is
0.0001335995948523242
target is
5.0e-5
mu is
0.0004964539007092199
number of trials is
28200
number of Z or Y failures is
14
number of X failures is
0
average trial time
215.70368574907033
stderr is
0.0001326522985108529
target is
4.964539007092199e-5
mu is
0.0004929577464788732
number of trials is
28400
number of Z or Y failures is
14
number of X failures is
0
average trial time
217.2015712793705
stderr is
0.00013171834131490553
target is
4.929577464788732e-5
mu is
0.0004895104895104895
number of trials is
28600
number of Z or Y failures is
14
number of X failures is
0
average trial time
218.71019330465572
stderr is
0.00013079744348595094
target is
4.8951048951048956e-5
mu is
0.0004861111111111111
number of trials is
28800
number of Z or Y failures is
14
number of X failures is
0
average trial time
220.20928525557062
stderr is
0.00012988933301532712
target is
4.8611111111111115e-5
mu is
0.0004827586206896552
number of trials is
29000
number of Z or Y failures is
14
number of X failures is
0
average trial time
221.7038204820705
stderr is
0.00012899374539637455
target is
4.827586206896552e-5
mu is
0.00047945205479452054
number of trials is
29200
number of Z or Y failures is
14
number of X failures is
0
average trial time
223.22364388472062
stderr is
0.00012811042336757574
target is
4.794520547945206e-5
mu is
0.0004761904761904762
number of trials is
29400
number of Z or Y failures is
14
number of X failures is
0
average trial time
224.71832560632546
stderr is
0.00012723911666617633
target is
4.761904761904762e-5
mu is
0.00047297297297297297
number of trials is
29600
number of Z or Y failures is
14
number of X failures is
0
average trial time
226.2232550324705
stderr is
0.0001263795817917925
target is
4.72972972972973e-5
mu is
0.0004697986577181208
number of trials is
29800
number of Z or Y failures is
14
number of X failures is
0
average trial time
227.7110925073357
stderr is
0.0001255315817795354
target is
4.697986577181208e-5
mu is
0.0005
number of trials is
30000
number of Z or Y failures is
15
number of X failures is
0
average trial time
229.2219580605457
stderr is
0.00012906931715020808
target is
5.0e-5
mu is
0.0005298013245033113
number of trials is
30200
number of Z or Y failures is
16
number of X failures is
0
average trial time
230.73446255314082
stderr is
0.00013241743265673858
target is
5.298013245033113e-5
mu is
0.0005263157894736842
number of trials is
30400
number of Z or Y failures is
16
number of X failures is
0
average trial time
232.22858751574577
stderr is
0.00013154648038360317
target is
5.2631578947368424e-5
mu is
0.0005555555555555556
number of trials is
30600
number of Z or Y failures is
17
number of X failures is
0
average trial time
233.72422049785553
stderr is
0.00013470678148123599
target is
5.555555555555556e-5
mu is
0.000551948051948052
number of trials is
30800
number of Z or Y failures is
17
number of X failures is
0
average trial time
235.24038751572573
stderr is
0.00013383228945428225
target is
5.51948051948052e-5
mu is
0.0005483870967741936
number of trials is
31000
number of Z or Y failures is
17
number of X failures is
0
average trial time
236.733699327231
stderr is
0.00013296907828053956
target is
5.483870967741936e-5
mu is
0.0005448717948717948
number of trials is
31200
number of Z or Y failures is
17
number of X failures is
0
average trial time
238.23035960197583
stderr is
0.0001321169310762281
target is
5.448717948717949e-5
mu is
0.0005414012738853503
number of trials is
31400
number of Z or Y failures is
17
number of X failures is
0
average trial time
239.76337932682063
stderr is
0.00013127563648185898
target is
5.414012738853504e-5
mu is
0.0005379746835443038
number of trials is
31600
number of Z or Y failures is
17
number of X failures is
0
average trial time
241.24781774352047
stderr is
0.00013044498848745924
target is
5.3797468354430386e-5
mu is
0.0005345911949685534
number of trials is
31800
number of Z or Y failures is
17
number of X failures is
0
average trial time
242.7493290030805
stderr is
0.00012962478626439073
target is
5.345911949685534e-5
mu is
0.00053125
number of trials is
32000
number of Z or Y failures is
17
number of X failures is
0
average trial time
244.2619829138004
stderr is
0.00012881483400347367
target is
5.3125000000000004e-5
mu is
0.0005279503105590063
number of trials is
32200
number of Z or Y failures is
17
number of X failures is
0
average trial time
245.75776289985552
stderr is
0.00012801494075914186
target is
5.279503105590063e-5
mu is
0.0005246913580246914
number of trials is
32400
number of Z or Y failures is
17
number of X failures is
0
average trial time
247.2821222972655
stderr is
0.00012722492029936815
target is
5.246913580246914e-5
mu is
0.0005521472392638037
number of trials is
32600
number of Z or Y failures is
18
number of X failures is
0
average trial time
248.79674312671054
stderr is
0.00013010841407758763
target is
5.5214723926380366e-5
mu is
0.0005487804878048781
number of trials is
32800
number of Z or Y failures is
18
number of X failures is
0
average trial time
250.30522987843554
stderr is
0.00012931527580118966
target is
5.487804878048781e-5
mu is
0.0005454545454545455
number of trials is
33000
number of Z or Y failures is
18
number of X failures is
0
average trial time
251.81407357369008
stderr is
0.00012853174884332161
target is
5.454545454545455e-5
mu is
0.0005722891566265061
number of trials is
33200
number of Z or Y failures is
19
number of X failures is
0
average trial time
253.33067306437997
stderr is
0.0001312565397139459
target is
5.722891566265061e-5
mu is
0.0005688622754491018
number of trials is
33400
number of Z or Y failures is
19
number of X failures is
0
average trial time
254.81532735268974
stderr is
0.00013047078432531218
target is
5.6886227544910184e-5
mu is
0.0005654761904761905
number of trials is
33600
number of Z or Y failures is
19
number of X failures is
0
average trial time
256.2888048802299
stderr is
0.0001296943806593034
target is
5.6547619047619046e-5
mu is
0.0005621301775147929
number of trials is
33800
number of Z or Y failures is
19
number of X failures is
0
average trial time
257.78118832360485
stderr is
0.00012892716275327682
target is
5.6213017751479294e-5
mu is
0.0005588235294117647
number of trials is
34000
number of Z or Y failures is
19
number of X failures is
0
average trial time
259.25151544157995
stderr is
0.0001281689685485576
target is
5.588235294117647e-5
mu is
0.0005555555555555556
number of trials is
34200
number of Z or Y failures is
19
number of X failures is
0
average trial time
260.73835551377
stderr is
0.00012741963977631762
target is
5.555555555555556e-5
mu is
0.0005523255813953489
number of trials is
34400
number of Z or Y failures is
19
number of X failures is
0
average trial time
262.2077262765348
stderr is
0.00012667902184743422
target is
5.523255813953489e-5
mu is
0.0005491329479768787
number of trials is
34600
number of Z or Y failures is
19
number of X failures is
0
average trial time
263.6977884909996
stderr is
0.00012594696374616842
target is
5.491329479768787e-5
mu is
0.0005459770114942528
number of trials is
34800
number of Z or Y failures is
19
number of X failures is
0
average trial time
265.18073293445957
stderr is
0.0001252233179275079
target is
5.459770114942528e-5
mu is
0.0005714285714285715
number of trials is
35000
number of Z or Y failures is
20
number of X failures is
0
average trial time
266.6745374503846
stderr is
0.00012774062543000528
target is
5.714285714285715e-5
20
0
35000
0.0005714285714285715
