mu is
0.0
number of trials is
200
number of Z or Y failures is
0
number of X failures is
0
average trial time
1.5296575407549995
mu is
0.0
number of trials is
400
number of Z or Y failures is
0
number of X failures is
0
average trial time
2.8806447141099976
mu is
0.0
number of trials is
600
number of Z or Y failures is
0
number of X failures is
0
average trial time
4.253014687954999
mu is
0.0
number of trials is
800
number of Z or Y failures is
0
number of X failures is
0
average trial time
5.6112895311049975
mu is
0.0
number of trials is
1000
number of Z or Y failures is
0
number of X failures is
0
average trial time
6.982152179609996
mu is
0.0
number of trials is
1200
number of Z or Y failures is
0
number of X failures is
0
average trial time
8.33491018139999
mu is
0.0
number of trials is
1400
number of Z or Y failures is
0
number of X failures is
0
average trial time
9.711588929985
mu is
0.0
number of trials is
1600
number of Z or Y failures is
0
number of X failures is
0
average trial time
11.103682206490005
mu is
0.0
number of trials is
1800
number of Z or Y failures is
0
number of X failures is
0
average trial time
12.53015460222
mu is
0.0
number of trials is
2000
number of Z or Y failures is
0
number of X failures is
0
average trial time
13.95845902294499
mu is
0.0
number of trials is
2200
number of Z or Y failures is
0
number of X failures is
0
average trial time
15.406306252595007
mu is
0.0004166666666666667
number of trials is
2400
number of Z or Y failures is
1
number of X failures is
0
average trial time
16.907565796210015
mu is
0.0003846153846153846
number of trials is
2600
number of Z or Y failures is
1
number of X failures is
0
average trial time
18.387421342070002
mu is
0.00035714285714285714
number of trials is
2800
number of Z or Y failures is
1
number of X failures is
0
average trial time
19.859739508829993
mu is
0.001
number of trials is
3000
number of Z or Y failures is
3
number of X failures is
0
average trial time
21.375595925995007
mu is
0.00125
number of trials is
3200
number of Z or Y failures is
4
number of X failures is
0
average trial time
22.906841886005022
mu is
0.001176470588235294
number of trials is
3400
number of Z or Y failures is
4
number of X failures is
0
average trial time
24.434633702930014
mu is
0.0011111111111111111
number of trials is
3600
number of Z or Y failures is
4
number of X failures is
0
average trial time
25.989517669315006
mu is
0.0010526315789473684
number of trials is
3800
number of Z or Y failures is
4
number of X failures is
0
average trial time
27.567509590964995
mu is
0.001
number of trials is
4000
number of Z or Y failures is
4
number of X failures is
0
average trial time
29.136133223684993
mu is
0.0009523809523809524
number of trials is
4200
number of Z or Y failures is
4
number of X failures is
0
average trial time
30.714234638939946
mu is
0.0009090909090909091
number of trials is
4400
number of Z or Y failures is
4
number of X failures is
0
average trial time
32.28127035545494
mu is
0.0008695652173913044
number of trials is
4600
number of Z or Y failures is
4
number of X failures is
0
average trial time
33.88556967004496
mu is
0.0008333333333333334
number of trials is
4800
number of Z or Y failures is
4
number of X failures is
0
average trial time
35.50513470642496
mu is
0.0008
number of trials is
5000
number of Z or Y failures is
4
number of X failures is
0
average trial time
37.13457533750996
mu is
0.0009615384615384616
number of trials is
5200
number of Z or Y failures is
5
number of X failures is
0
average trial time
38.76684224937994
stderr is
0.0004298476193108059
target is
9.615384615384617e-5
mu is
0.000925925925925926
number of trials is
5400
number of Z or Y failures is
5
number of X failures is
0
average trial time
40.422238089109925
stderr is
0.00041393324024108235
target is
9.25925925925926e-5
mu is
0.0008928571428571428
number of trials is
5600
number of Z or Y failures is
5
number of X failures is
0
average trial time
42.06140387032494
stderr is
0.0003991551957952486
target is
8.928571428571429e-5
mu is
0.0008620689655172414
number of trials is
5800
number of Z or Y failures is
5
number of X failures is
0
average trial time
43.71815882436001
stderr is
0.00038539597475513925
target is
8.620689655172414e-5
mu is
0.0008333333333333334
number of trials is
6000
number of Z or Y failures is
5
number of X failures is
0
average trial time
45.34194930258504
stderr is
0.00037255372882528644
target is
8.333333333333334e-5
mu is
0.0008064516129032258
number of trials is
6200
number of Z or Y failures is
5
number of X failures is
0
average trial time
46.972870649445014
stderr is
0.0003605397471731845
target is
8.064516129032258e-5
mu is
0.00078125
number of trials is
6400
number of Z or Y failures is
5
number of X failures is
0
average trial time
48.61663766387001
stderr is
0.00034927640434460444
target is
7.812500000000002e-5
mu is
0.0007575757575757576
number of trials is
6600
number of Z or Y failures is
5
number of X failures is
0
average trial time
50.248410792155035
stderr is
0.000338695481171656
target is
7.575757575757576e-5
mu is
0.0007352941176470588
number of trials is
6800
number of Z or Y failures is
5
number of X failures is
0
average trial time
51.883927862540105
stderr is
0.0003287367819036694
target is
7.352941176470589e-5
mu is
0.0008571428571428571
number of trials is
7000
number of Z or Y failures is
6
number of X failures is
0
average trial time
53.55991407871508
stderr is
0.0003498020919583048
target is
8.571428571428571e-5
mu is
0.0008333333333333334
number of trials is
7200
number of Z or Y failures is
6
number of X failures is
0
average trial time
55.17945887021013
stderr is
0.0003400887443911087
target is
8.333333333333334e-5
mu is
0.0008108108108108108
number of trials is
7400
number of Z or Y failures is
6
number of X failures is
0
average trial time
56.824543023105115
stderr is
0.00033090026496629144
target is
8.108108108108108e-5
mu is
0.0007894736842105263
number of trials is
7600
number of Z or Y failures is
6
number of X failures is
0
average trial time
58.47686421090008
stderr is
0.0003221952303869073
target is
7.894736842105263e-5
mu is
0.0008974358974358974
number of trials is
7800
number of Z or Y failures is
7
number of X failures is
0
average trial time
60.10588147989008
stderr is
0.00033906838309121385
target is
8.974358974358975e-5
mu is
0.000875
number of trials is
8000
number of Z or Y failures is
7
number of X failures is
0
average trial time
61.76720783839507
stderr is
0.0003305948555177649
target is
8.750000000000001e-5
mu is
0.0008536585365853659
number of trials is
8200
number of Z or Y failures is
7
number of X failures is
0
average trial time
63.3768968410301
stderr is
0.00032253451927272554
target is
8.53658536585366e-5
mu is
0.0008333333333333334
number of trials is
8400
number of Z or Y failures is
7
number of X failures is
0
average trial time
64.99582033002517
stderr is
0.00031485787125531137
target is
8.333333333333334e-5
mu is
0.0008139534883720931
number of trials is
8600
number of Z or Y failures is
7
number of X failures is
0
average trial time
66.5921683814002
stderr is
0.00030753815187896665
target is
8.139534883720931e-5
mu is
0.0009090909090909091
number of trials is
8800
number of Z or Y failures is
8
number of X failures is
0
average trial time
68.21601262197527
stderr is
0.00032128429891372295
target is
9.090909090909092e-5
mu is
0.0008888888888888889
number of trials is
9000
number of Z or Y failures is
8
number of X failures is
0
average trial time
69.83142446846027
stderr is
0.0003141474271806689
target is
8.888888888888889e-5
mu is
0.0008695652173913044
number of trials is
9200
number of Z or Y failures is
8
number of X failures is
0
average trial time
71.40971651700028
stderr is
0.0003073207359687715
target is
8.695652173913044e-5
mu is
0.000851063829787234
number of trials is
9400
number of Z or Y failures is
8
number of X failures is
0
average trial time
73.02597637170521
stderr is
0.0003007844339107938
target is
8.510638297872341e-5
mu is
0.0008333333333333334
number of trials is
9600
number of Z or Y failures is
8
number of X failures is
0
average trial time
74.63140441545023
stderr is
0.00029452037831697176
target is
8.333333333333334e-5
mu is
0.0008163265306122449
number of trials is
9800
number of Z or Y failures is
8
number of X failures is
0
average trial time
76.27687690828522
stderr is
0.00028851190700292397
target is
8.16326530612245e-5
mu is
0.0008
number of trials is
10000
number of Z or Y failures is
8
number of X failures is
0
average trial time
77.85004082522028
stderr is
0.00028274369029111855
target is
8.0e-5
mu is
0.0008823529411764706
number of trials is
10200
number of Z or Y failures is
9
number of X failures is
0
average trial time
79.45828589591028
stderr is
0.00029400227286705124
target is
8.823529411764706e-5
mu is
0.0008653846153846154
number of trials is
10400
number of Z or Y failures is
9
number of X failures is
0
average trial time
81.08212709576031
stderr is
0.00028835055969876546
target is
8.653846153846155e-5
mu is
0.0008490566037735849
number of trials is
10600
number of Z or Y failures is
9
number of X failures is
0
average trial time
82.6886981273153
stderr is
0.0002829120381130694
target is
8.49056603773585e-5
mu is
0.000925925925925926
number of trials is
10800
number of Z or Y failures is
10
number of X failures is
0
average trial time
84.31087986636535
stderr is
0.0002926814488699365
target is
9.25925925925926e-5
mu is
0.0009090909090909091
number of trials is
11000
number of Z or Y failures is
10
number of X failures is
0
average trial time
85.90023257336038
stderr is
0.00028736214715827216
target is
9.090909090909092e-5
mu is
0.0008928571428571428
number of trials is
11200
number of Z or Y failures is
10
number of X failures is
0
average trial time
87.47683832514048
stderr is
0.0002822327440475775
target is
8.928571428571429e-5
mu is
0.0008771929824561404
number of trials is
11400
number of Z or Y failures is
10
number of X failures is
0
average trial time
89.0408777168255
stderr is
0.00027728324882939054
target is
8.771929824561404e-5
mu is
0.0008620689655172414
number of trials is
11600
number of Z or Y failures is
10
number of X failures is
0
average trial time
90.63532790677549
stderr is
0.0002725043595415118
target is
8.620689655172414e-5
mu is
0.000847457627118644
number of trials is
11800
number of Z or Y failures is
10
number of X failures is
0
average trial time
92.16883070615546
stderr is
0.00026788740462201994
target is
8.474576271186441e-5
mu is
0.0008333333333333334
number of trials is
12000
number of Z or Y failures is
10
number of X failures is
0
average trial time
93.73908305569039
stderr is
0.0002634242903956877
target is
8.333333333333334e-5
mu is
0.000819672131147541
number of trials is
12200
number of Z or Y failures is
10
number of X failures is
0
average trial time
95.33937458242039
stderr is
0.0002591074537237551
target is
8.19672131147541e-5
mu is
0.0008064516129032258
number of trials is
12400
number of Z or Y failures is
10
number of X failures is
0
average trial time
96.92499743423025
stderr is
0.0002549298192343125
target is
8.064516129032258e-5
mu is
0.0007936507936507937
number of trials is
12600
number of Z or Y failures is
10
number of X failures is
0
average trial time
98.48765893954518
stderr is
0.0002508847606245198
target is
7.936507936507937e-5
mu is
0.00078125
number of trials is
12800
number of Z or Y failures is
10
number of X failures is
0
average trial time
100.02557453384019
stderr is
0.0002469660655894621
target is
7.812500000000002e-5
mu is
0.0007692307692307692
number of trials is
13000
number of Z or Y failures is
10
number of X failures is
0
average trial time
101.63089382268022
stderr is
0.0002431679039872161
target is
7.692307692307693e-5
mu is
0.0008333333333333334
number of trials is
13200
number of Z or Y failures is
11
number of X failures is
0
average trial time
103.22187675784025
stderr is
0.00025116425453361707
target is
8.333333333333334e-5
mu is
0.0008955223880597015
number of trials is
13400
number of Z or Y failures is
12
number of X failures is
0
average trial time
104.79111406506529
stderr is
0.00025840890927708853
target is
8.955223880597016e-5
mu is
0.0008823529411764706
number of trials is
13600
number of Z or Y failures is
12
number of X failures is
0
average trial time
106.32926152646529
stderr is
0.0002546103165619513
target is
8.823529411764706e-5
mu is
0.0008695652173913044
number of trials is
13800
number of Z or Y failures is
12
number of X failures is
0
average trial time
107.84623188263038
stderr is
0.00025092178402923415
target is
8.695652173913044e-5
mu is
0.0008571428571428571
number of trials is
14000
number of Z or Y failures is
12
number of X failures is
0
average trial time
109.37203417130534
stderr is
0.00024733859667131695
target is
8.571428571428571e-5
mu is
0.0009154929577464789
number of trials is
14200
number of Z or Y failures is
13
number of X failures is
0
average trial time
110.96242849540029
stderr is
0.00025380474463084066
target is
9.15492957746479e-5
mu is
0.0009722222222222222
number of trials is
14400
number of Z or Y failures is
14
number of X failures is
0
average trial time
112.52195968657044
stderr is
0.00025971999621511105
target is
9.722222222222223e-5
mu is
0.0009589041095890411
number of trials is
14600
number of Z or Y failures is
14
number of X failures is
0
average trial time
114.06095769041043
stderr is
0.00025616377364862314
target is
9.589041095890412e-5
mu is
0.0009459459459459459
number of trials is
14800
number of Z or Y failures is
14
number of X failures is
0
average trial time
115.6066888406755
stderr is
0.0002527036229184366
target is
9.45945945945946e-5
mu is
0.0010666666666666667
number of trials is
15000
number of Z or Y failures is
16
number of X failures is
0
average trial time
117.1100407912906
stderr is
0.00026653329108939315
target is
0.00010666666666666668
mu is
0.0011184210526315789
number of trials is
15200
number of Z or Y failures is
17
number of X failures is
0
average trial time
118.64351800181055
stderr is
0.0002711141352503812
target is
0.0001118421052631579
mu is
0.001103896103896104
number of trials is
15400
number of Z or Y failures is
17
number of X failures is
0
average trial time
120.15972419887065
stderr is
0.0002675950036871121
target is
0.0001103896103896104
mu is
0.0010897435897435897
number of trials is
15600
number of Z or Y failures is
17
number of X failures is
0
average trial time
121.6903975144607
stderr is
0.0002641660598989317
target is
0.00010897435897435898
mu is
0.0010759493670886076
number of trials is
15800
number of Z or Y failures is
17
number of X failures is
0
average trial time
123.19638548940573
stderr is
0.00026082388077267705
target is
0.00010759493670886077
mu is
0.0010625
number of trials is
16000
number of Z or Y failures is
17
number of X failures is
0
average trial time
124.75931468264076
stderr is
0.0002575652142649507
target is
0.00010625000000000001
mu is
0.0010493827160493827
number of trials is
16200
number of Z or Y failures is
17
number of X failures is
0
average trial time
126.34281921264562
stderr is
0.00025438696884749664
target is
0.00010493827160493828
mu is
0.0010365853658536586
number of trials is
16400
number of Z or Y failures is
17
number of X failures is
0
average trial time
127.87085659090555
stderr is
0.0002512862037244874
target is
0.00010365853658536586
mu is
0.0010240963855421687
number of trials is
16600
number of Z or Y failures is
17
number of X failures is
0
average trial time
129.4084560831205
stderr is
0.0002482601197566523
target is
0.00010240963855421687
mu is
0.0010119047619047618
number of trials is
16800
number of Z or Y failures is
17
number of X failures is
0
average trial time
130.94890636817036
stderr is
0.00024530605103337245
target is
0.00010119047619047618
mu is
0.001
number of trials is
17000
number of Z or Y failures is
17
number of X failures is
0
average trial time
132.47977672398537
stderr is
0.00024242145703940452
target is
0.0001
mu is
0.0009883720930232557
number of trials is
17200
number of Z or Y failures is
17
number of X failures is
0
average trial time
134.0086622332603
stderr is
0.00023960391536785762
target is
9.883720930232558e-5
mu is
0.0009770114942528735
number of trials is
17400
number of Z or Y failures is
17
number of X failures is
0
average trial time
135.49853890810036
stderr is
0.0002368511149354905
target is
9.770114942528736e-5
mu is
0.000965909090909091
number of trials is
17600
number of Z or Y failures is
17
number of X failures is
0
average trial time
137.03776991905528
stderr is
0.00023416084966039122
target is
9.65909090909091e-5
mu is
0.000955056179775281
number of trials is
17800
number of Z or Y failures is
17
number of X failures is
0
average trial time
138.5623471549503
stderr is
0.00023153101256568828
target is
9.55056179775281e-5
mu is
0.0009444444444444445
number of trials is
18000
number of Z or Y failures is
17
number of X failures is
0
average trial time
140.07728231543027
stderr is
0.00022895959027617152
target is
9.444444444444446e-5
mu is
0.000989010989010989
number of trials is
18200
number of Z or Y failures is
18
number of X failures is
0
average trial time
141.56923451721028
stderr is
0.00023300322319807872
target is
9.89010989010989e-5
mu is
0.0009782608695652175
number of trials is
18400
number of Z or Y failures is
18
number of X failures is
0
average trial time
143.09023977284536
stderr is
0.00023047175065788925
target is
9.782608695652176e-5
mu is
0.000967741935483871
number of trials is
18600
number of Z or Y failures is
18
number of X failures is
0
average trial time
144.58823966551532
stderr is
0.00022799469346428285
target is
9.677419354838711e-5
mu is
0.0009574468085106382
number of trials is
18800
number of Z or Y failures is
18
number of X failures is
0
average trial time
146.0967325074304
stderr is
0.00022557031574443816
target is
9.574468085106382e-5
mu is
0.0009473684210526315
number of trials is
19000
number of Z or Y failures is
18
number of X failures is
0
average trial time
147.6224893404554
stderr is
0.00022319695468211163
target is
9.473684210526316e-5
mu is
0.0009375
number of trials is
19200
number of Z or Y failures is
18
number of X failures is
0
average trial time
149.14637130639028
stderr is
0.00022087301671429806
target is
9.375e-5
mu is
0.0009278350515463917
number of trials is
19400
number of Z or Y failures is
18
number of X failures is
0
average trial time
150.6318780338504
stderr is
0.00021859697396304687
target is
9.278350515463918e-5
mu is
0.0009693877551020408
number of trials is
19600
number of Z or Y failures is
19
number of X failures is
0
average trial time
152.13778945984546
stderr is
0.00022229065542821085
target is
9.69387755102041e-5
mu is
0.0009595959595959596
number of trials is
19800
number of Z or Y failures is
19
number of X failures is
0
average trial time
153.64412762794046
stderr is
0.0002200463169301851
target is
9.595959595959597e-5
mu is
0.00095
number of trials is
20000
number of Z or Y failures is
19
number of X failures is
0
average trial time
155.1811073973106
stderr is
0.00021784684496772754
target is
9.5e-5
mu is
0.0009405940594059406
number of trials is
20200
number of Z or Y failures is
19
number of X failures is
0
average trial time
156.70777630103558
stderr is
0.00021569090746669797
target is
9.405940594059406e-5
mu is
0.0009313725490196079
number of trials is
20400
number of Z or Y failures is
19
number of X failures is
0
average trial time
158.25155853462562
stderr is
0.00021357722456803773
target is
9.313725490196079e-5
mu is
0.000970873786407767
number of trials is
20600
number of Z or Y failures is
20
number of X failures is
0
average trial time
159.79926140525058
stderr is
0.000216993834284777
target is
9.70873786407767e-5
mu is
0.0009615384615384616
number of trials is
20800
number of Z or Y failures is
20
number of X failures is
0
average trial time
161.34070818734054
stderr is
0.000214908309038048
target is
9.615384615384617e-5
mu is
0.0009523809523809524
number of trials is
21000
number of Z or Y failures is
20
number of X failures is
0
average trial time
162.85967151366063
stderr is
0.00021286249007977152
target is
9.523809523809524e-5
mu is
0.0009433962264150943
number of trials is
21200
number of Z or Y failures is
20
number of X failures is
0
average trial time
164.39572494830568
stderr is
0.0002108552541518868
target is
9.433962264150944e-5
mu is
0.0009813084112149533
number of trials is
21400
number of Z or Y failures is
21
number of X failures is
0
average trial time
165.91602570403046
stderr is
0.00021403895812004256
target is
9.813084112149534e-5
mu is
0.0009722222222222222
number of trials is
21600
number of Z or Y failures is
21
number of X failures is
0
average trial time
167.4232908745853
stderr is
0.00021205803437655309
target is
9.722222222222223e-5
mu is
0.0010091743119266055
number of trials is
21800
number of Z or Y failures is
22
number of X failures is
0
average trial time
168.9430154895855
stderr is
0.00021505302599130206
target is
0.00010091743119266055
mu is
0.001
number of trials is
22000
number of Z or Y failures is
22
number of X failures is
0
average trial time
170.48073141853058
stderr is
0.00021309893254660471
target is
0.0001
mu is
0.000990990990990991
number of trials is
22200
number of Z or Y failures is
22
number of X failures is
0
average trial time
172.0316158835256
stderr is
0.00021118003130973705
target is
9.90990990990991e-5
mu is
0.0009821428571428572
number of trials is
22400
number of Z or Y failures is
22
number of X failures is
0
average trial time
173.54756655582588
stderr is
0.0002092953800752767
target is
9.821428571428573e-5
mu is
0.0009734513274336283
number of trials is
22600
number of Z or Y failures is
22
number of X failures is
0
average trial time
175.06663912186573
stderr is
0.0002074440699746586
target is
9.734513274336283e-5
mu is
0.0009649122807017544
number of trials is
22800
number of Z or Y failures is
22
number of X failures is
0
average trial time
176.55806649908564
stderr is
0.0002056252240147083
target is
9.649122807017545e-5
mu is
0.0009565217391304348
number of trials is
23000
number of Z or Y failures is
22
number of X failures is
0
average trial time
178.09960556572582
stderr is
0.00020383799569239052
target is
9.565217391304348e-5
mu is
0.0009482758620689655
number of trials is
23200
number of Z or Y failures is
22
number of X failures is
0
average trial time
179.63152214962594
stderr is
0.00020208156768117638
target is
9.482758620689656e-5
mu is
0.0009401709401709402
number of trials is
23400
number of Z or Y failures is
22
number of X failures is
0
average trial time
181.14122686455562
stderr is
0.00020035515058474556
target is
9.401709401709403e-5
mu is
0.0009322033898305085
number of trials is
23600
number of Z or Y failures is
22
number of X failures is
0
average trial time
182.64697539255064
stderr is
0.0001986579817540318
target is
9.322033898305086e-5
mu is
0.0009243697478991597
number of trials is
23800
number of Z or Y failures is
22
number of X failures is
0
average trial time
184.16039821980553
stderr is
0.00019698932416388625
target is
9.243697478991598e-5
mu is
0.0009166666666666666
number of trials is
24000
number of Z or Y failures is
22
number of X failures is
0
average trial time
185.66580331611553
stderr is
0.00019534846534588322
target is
9.166666666666667e-5
mu is
0.0009090909090909091
number of trials is
24200
number of Z or Y failures is
22
number of X failures is
0
average trial time
187.19515929143537
stderr is
0.0001937347163740215
target is
9.090909090909092e-5
mu is
0.0009016393442622951
number of trials is
24400
number of Z or Y failures is
22
number of X failures is
0
average trial time
188.72153167269545
stderr is
0.00019214741090028763
target is
9.016393442622952e-5
mu is
0.0009349593495934959
number of trials is
24600
number of Z or Y failures is
23
number of X failures is
0
average trial time
190.2226327130004
stderr is
0.00019486530402093474
target is
9.34959349593496e-5
mu is
0.0009274193548387097
number of trials is
24800
number of Z or Y failures is
23
number of X failures is
0
average trial time
191.72125524321572
stderr is
0.00019329450734665253
target is
9.274193548387098e-5
mu is
0.00092
number of trials is
25000
number of Z or Y failures is
23
number of X failures is
0
average trial time
193.24118989277068
stderr is
0.00019174883234217665
target is
9.200000000000001e-5
mu is
0.0009126984126984128
number of trials is
25200
number of Z or Y failures is
23
number of X failures is
0
average trial time
194.76038763653068
stderr is
0.00019022768113422395
target is
9.126984126984128e-5
mu is
0.0009055118110236221
number of trials is
25400
number of Z or Y failures is
23
number of X failures is
0
average trial time
196.25712632450555
stderr is
0.00018873047467198544
target is
9.055118110236221e-5
mu is
0.0008984375
number of trials is
25600
number of Z or Y failures is
23
number of X failures is
0
average trial time
197.7427997567706
stderr is
0.00018725665199219112
target is
8.984375000000001e-5
mu is
0.0008914728682170543
number of trials is
25800
number of Z or Y failures is
23
number of X failures is
0
average trial time
199.27146647903058
stderr is
0.00018580566951834218
target is
8.914728682170543e-5
mu is
0.0008846153846153846
number of trials is
26000
number of Z or Y failures is
23
number of X failures is
0
average trial time
200.77832836069064
stderr is
0.0001843770003922732
target is
8.846153846153847e-5
mu is
0.0008778625954198473
number of trials is
26200
number of Z or Y failures is
23
number of X failures is
0
average trial time
202.2821636156059
stderr is
0.00018297013383631661
target is
8.778625954198474e-5
mu is
0.0008712121212121212
number of trials is
26400
number of Z or Y failures is
23
number of X failures is
0
average trial time
203.79156568181116
stderr is
0.00018158457454444784
target is
8.712121212121212e-5
mu is
0.0008646616541353383
number of trials is
26600
number of Z or Y failures is
23
number of X failures is
0
average trial time
205.31029251326098
stderr is
0.00018021984210088568
target is
8.646616541353383e-5
mu is
0.0008582089552238806
number of trials is
26800
number of Z or Y failures is
23
number of X failures is
0
average trial time
206.7927543731411
stderr is
0.00017887547042471532
target is
8.582089552238807e-5
mu is
0.0008518518518518519
number of trials is
27000
number of Z or Y failures is
23
number of X failures is
0
average trial time
208.31083451708605
stderr is
0.00017755100723918434
target is
8.51851851851852e-5
mu is
0.0008455882352941176
number of trials is
27200
number of Z or Y failures is
23
number of X failures is
0
average trial time
209.80815843723096
stderr is
0.00017624601356440277
target is
8.455882352941176e-5
mu is
0.0008759124087591241
number of trials is
27400
number of Z or Y failures is
24
number of X failures is
0
average trial time
211.30886815982606
stderr is
0.00017871981159835214
target is
8.75912408759124e-5
mu is
0.0008695652173913044
number of trials is
27600
number of Z or Y failures is
24
number of X failures is
0
average trial time
212.83416478201113
stderr is
0.00017742528060458613
target is
8.695652173913044e-5
mu is
0.0008633093525179857
number of trials is
27800
number of Z or Y failures is
24
number of X failures is
0
average trial time
214.33337171212628
stderr is
0.00017614936823879624
target is
8.633093525179857e-5
mu is
0.0008571428571428571
number of trials is
28000
number of Z or Y failures is
24
number of X failures is
0
average trial time
215.85156752452625
stderr is
0.00017489167569461117
target is
8.571428571428571e-5
mu is
0.000851063829787234
number of trials is
28200
number of Z or Y failures is
24
number of X failures is
0
average trial time
217.36580621179124
stderr is
0.0001736518154746886
target is
8.510638297872341e-5
mu is
0.0008802816901408451
number of trials is
28400
number of Z or Y failures is
25
number of X failures is
0
average trial time
218.86480492797114
stderr is
0.0001759819296827775
target is
8.802816901408451e-5
mu is
0.0008741258741258741
number of trials is
28600
number of Z or Y failures is
25
number of X failures is
0
average trial time
220.35614950065607
stderr is
0.0001747518036437563
target is
8.741258741258741e-5
mu is
0.0008680555555555555
number of trials is
28800
number of Z or Y failures is
25
number of X failures is
0
average trial time
221.87472748255092
stderr is
0.00017353875555858726
target is
8.680555555555556e-5
mu is
0.0008620689655172414
number of trials is
29000
number of Z or Y failures is
25
number of X failures is
0
average trial time
223.36372549194112
stderr is
0.00017234243223682988
target is
8.620689655172414e-5
mu is
0.0008561643835616438
number of trials is
29200
number of Z or Y failures is
25
number of X failures is
0
average trial time
224.8614427647963
stderr is
0.00017116249016050592
target is
8.561643835616438e-5
mu is
0.0008503401360544217
number of trials is
29400
number of Z or Y failures is
25
number of X failures is
0
average trial time
226.40011932059133
stderr is
0.00016999859515523887
target is
8.503401360544218e-5
mu is
0.0008445945945945946
number of trials is
29600
number of Z or Y failures is
25
number of X failures is
0
average trial time
227.9655729210813
stderr is
0.00016885042207472026
target is
8.445945945945946e-5
mu is
0.0008389261744966443
number of trials is
29800
number of Z or Y failures is
25
number of X failures is
0
average trial time
229.50746628018126
stderr is
0.00016771765449787656
target is
8.389261744966444e-5
mu is
0.0008333333333333334
number of trials is
30000
number of Z or Y failures is
25
number of X failures is
0
average trial time
231.06429530124603
stderr is
0.0001665999844381449
target is
8.333333333333334e-5
mu is
0.0008278145695364238
number of trials is
30200
number of Z or Y failures is
25
number of X failures is
0
average trial time
232.60540103882104
stderr is
0.00016549711206429599
target is
8.278145695364238e-5
mu is
0.0008223684210526315
number of trials is
30400
number of Z or Y failures is
25
number of X failures is
0
average trial time
234.14669904856112
stderr is
0.00016440874543227274
target is
8.223684210526316e-5
mu is
0.0008169934640522876
number of trials is
30600
number of Z or Y failures is
25
number of X failures is
0
average trial time
235.68310830812607
stderr is
0.00016333460022754112
target is
8.169934640522877e-5
mu is
0.0008116883116883117
number of trials is
30800
number of Z or Y failures is
25
number of X failures is
0
average trial time
237.2514861792259
stderr is
0.00016227439951747505
target is
8.116883116883118e-5
mu is
0.0008064516129032258
number of trials is
31000
number of Z or Y failures is
25
number of X failures is
0
average trial time
238.7885867149457
stderr is
0.00016122787351332288
target is
8.064516129032258e-5
mu is
0.0008012820512820513
number of trials is
31200
number of Z or Y failures is
25
number of X failures is
0
average trial time
240.33696142118566
stderr is
0.00016019475934132542
target is
8.012820512820513e-5
mu is
0.0007961783439490446
number of trials is
31400
number of Z or Y failures is
25
number of X failures is
0
average trial time
241.86778918384564
stderr is
0.00015917480082257765
target is
7.961783439490447e-5
mu is
0.0007911392405063291
number of trials is
31600
number of Z or Y failures is
25
number of X failures is
0
average trial time
243.4153163334308
stderr is
0.0001581677482612471
target is
7.911392405063291e-5
mu is
0.0008176100628930818
number of trials is
31800
number of Z or Y failures is
26
number of X failures is
0
average trial time
244.96048808790067
stderr is
0.00016028348191443059
target is
8.176100628930818e-5
mu is
0.0008125
number of trials is
32000
number of Z or Y failures is
26
number of X failures is
0
average trial time
246.48094879663583
stderr is
0.00015928210180152406
target is
8.125e-5
mu is
0.0008074534161490683
number of trials is
32200
number of Z or Y failures is
26
number of X failures is
0
average trial time
248.0263786728358
stderr is
0.00015829315635704924
target is
8.074534161490684e-5
mu is
0.0008333333333333334
number of trials is
32400
number of Z or Y failures is
27
number of X failures is
0
average trial time
249.5478184173709
stderr is
0.00016031071184964974
target is
8.333333333333334e-5
mu is
0.0008282208588957055
number of trials is
32600
number of Z or Y failures is
27
number of X failures is
0
average trial time
251.07616814190087
stderr is
0.0001593276030823866
target is
8.282208588957055e-5
mu is
0.0008536585365853659
number of trials is
32800
number of Z or Y failures is
28
number of X failures is
0
average trial time
252.60298653882094
stderr is
0.00016125988421573575
target is
8.53658536585366e-5
mu is
0.0008484848484848485
number of trials is
33000
number of Z or Y failures is
28
number of X failures is
0
average trial time
254.15242888412106
stderr is
0.00016028295175524643
target is
8.484848484848486e-5
mu is
0.0008433734939759036
number of trials is
33200
number of Z or Y failures is
28
number of X failures is
0
average trial time
255.68168105745102
stderr is
0.00015931778477195125
target is
8.433734939759037e-5
mu is
0.0008383233532934132
number of trials is
33400
number of Z or Y failures is
28
number of X failures is
0
average trial time
257.195535562691
stderr is
0.00015836417199558602
target is
8.383233532934133e-5
mu is
0.0008333333333333334
number of trials is
33600
number of Z or Y failures is
28
number of X failures is
0
average trial time
258.7185397966361
stderr is
0.00015742190718410405
target is
8.333333333333334e-5
mu is
0.0008284023668639054
number of trials is
33800
number of Z or Y failures is
28
number of X failures is
0
average trial time
260.2222738405408
stderr is
0.0001564907889749722
target is
8.284023668639054e-5
mu is
0.0008235294117647059
number of trials is
34000
number of Z or Y failures is
28
number of X failures is
0
average trial time
261.7408609817809
stderr is
0.00015557062074171278
target is
8.23529411764706e-5
mu is
0.0008187134502923977
number of trials is
34200
number of Z or Y failures is
28
number of X failures is
0
average trial time
263.2599825518708
stderr is
0.0001546612104554773
target is
8.187134502923977e-5
mu is
0.0008139534883720931
number of trials is
34400
number of Z or Y failures is
28
number of X failures is
0
average trial time
264.7815500693858
stderr is
0.00015376237055144705
target is
8.139534883720931e-5
mu is
0.0008092485549132948
number of trials is
34600
number of Z or Y failures is
28
number of X failures is
0
average trial time
266.3095647246007
stderr is
0.0001528739177998655
target is
8.092485549132948e-5
mu is
0.0008045977011494253
number of trials is
34800
number of Z or Y failures is
28
number of X failures is
0
average trial time
267.79449633271577
stderr is
0.0001519956731815159
target is
8.045977011494253e-5
mu is
0.0008285714285714286
number of trials is
35000
number of Z or Y failures is
29
number of X failures is
0
average trial time
269.2994068716258
stderr is
0.00015380029281871204
target is
8.285714285714287e-5
29
0
35000
0.0008285714285714286
