mu is
0.01
number of trials is
200
number of Z or Y failures is
2
number of X failures is
0
average trial time
2.7279199942449996
mu is
0.01
number of trials is
400
number of Z or Y failures is
4
number of X failures is
0
average trial time
5.3552606113100065
mu is
0.018333333333333333
number of trials is
600
number of Z or Y failures is
11
number of X failures is
0
average trial time
7.9533715655400075
stderr is
0.005481372648697909
target is
0.0018333333333333335
mu is
0.0175
number of trials is
800
number of Z or Y failures is
14
number of X failures is
0
average trial time
10.710089199839997
stderr is
0.004638866926087386
target is
0.0017500000000000003
mu is
0.022
number of trials is
1000
number of Z or Y failures is
22
number of X failures is
0
average trial time
13.620477264945002
stderr is
0.004640855259274689
target is
0.0022
mu is
0.020833333333333332
number of trials is
1200
number of Z or Y failures is
25
number of X failures is
0
average trial time
16.499904647869993
stderr is
0.00412475445277769
target is
0.0020833333333333333
mu is
0.020714285714285713
number of trials is
1400
number of Z or Y failures is
29
number of X failures is
0
average trial time
19.327530914299977
stderr is
0.0038078587787168435
target is
0.0020714285714285713
mu is
0.020625
number of trials is
1600
number of Z or Y failures is
33
number of X failures is
0
average trial time
22.351880653319963
stderr is
0.0035542441202619317
target is
0.0020625
mu is
0.020555555555555556
number of trials is
1800
number of Z or Y failures is
37
number of X failures is
0
average trial time
25.13025920528994
stderr is
0.003345329739803606
target is
0.0020555555555555557
mu is
0.021
number of trials is
2000
number of Z or Y failures is
42
number of X failures is
0
average trial time
28.051939216134954
stderr is
0.0032069677767574438
target is
0.0021000000000000003
mu is
0.022272727272727274
number of trials is
2200
number of Z or Y failures is
49
number of X failures is
0
average trial time
30.940105097064976
stderr is
0.0031469000527578382
target is
0.0022272727272727275
mu is
0.02125
number of trials is
2400
number of Z or Y failures is
51
number of X failures is
0
average trial time
33.70098648003498
stderr is
0.0029444231981811814
target is
0.002125
mu is
0.02
number of trials is
2600
number of Z or Y failures is
52
number of X failures is
0
average trial time
36.47378278674995
stderr is
0.0027461540492717566
target is
0.002
mu is
0.019642857142857142
number of trials is
2800
number of Z or Y failures is
55
number of X failures is
0
average trial time
39.403609435644924
stderr is
0.0026229682796348993
target is
0.0019642857142857144
mu is
0.020666666666666667
number of trials is
3000
number of Z or Y failures is
62
number of X failures is
0
average trial time
42.271101011599924
stderr is
0.002597839122787979
target is
0.0020666666666666667
mu is
0.02
number of trials is
3200
number of Z or Y failures is
64
number of X failures is
0
average trial time
45.13320561251996
stderr is
0.002475260523830069
target is
0.002
mu is
0.02
number of trials is
3400
number of Z or Y failures is
68
number of X failures is
0
average trial time
47.91154670888998
stderr is
0.0024013333552230388
target is
0.002
mu is
0.020833333333333332
number of trials is
3600
number of Z or Y failures is
75
number of X failures is
0
average trial time
50.77131138078998
stderr is
0.002380766310092592
target is
0.0020833333333333333
mu is
0.020526315789473684
number of trials is
3800
number of Z or Y failures is
78
number of X failures is
0
average trial time
53.62854603614996
stderr is
0.002300473539815792
target is
0.0020526315789473684
mu is
0.02125
number of trials is
4000
number of Z or Y failures is
85
number of X failures is
0
average trial time
56.47009950735995
stderr is
0.0022805502849971536
target is
0.002125
85
0
4000
0.02125
