mu is
0.0
number of trials is
200
number of Z or Y failures is
0
number of X failures is
0
average trial time
0.8121720562649992
mu is
0.0
number of trials is
400
number of Z or Y failures is
0
number of X failures is
0
average trial time
1.4287499530349992
mu is
0.0
number of trials is
600
number of Z or Y failures is
0
number of X failures is
0
average trial time
2.0480393534250005
mu is
0.0
number of trials is
800
number of Z or Y failures is
0
number of X failures is
0
average trial time
2.661966252275
mu is
0.0
number of trials is
1000
number of Z or Y failures is
0
number of X failures is
0
average trial time
3.2929888875050026
mu is
0.0
number of trials is
1200
number of Z or Y failures is
0
number of X failures is
0
average trial time
3.9103554770200035
mu is
0.0007142857142857143
number of trials is
1400
number of Z or Y failures is
1
number of X failures is
0
average trial time
4.538131816185004
mu is
0.000625
number of trials is
1600
number of Z or Y failures is
1
number of X failures is
0
average trial time
5.151074360125005
mu is
0.0005555555555555556
number of trials is
1800
number of Z or Y failures is
1
number of X failures is
0
average trial time
5.766908953950013
mu is
0.0005
number of trials is
2000
number of Z or Y failures is
1
number of X failures is
0
average trial time
6.3715849704400105
mu is
0.0009090909090909091
number of trials is
2200
number of Z or Y failures is
2
number of X failures is
0
average trial time
6.992589728540008
mu is
0.0008333333333333334
number of trials is
2400
number of Z or Y failures is
2
number of X failures is
0
average trial time
7.606505262100009
mu is
0.0007692307692307692
number of trials is
2600
number of Z or Y failures is
2
number of X failures is
0
average trial time
8.22466706326
mu is
0.0007142857142857143
number of trials is
2800
number of Z or Y failures is
2
number of X failures is
0
average trial time
8.840798791449995
mu is
0.0006666666666666666
number of trials is
3000
number of Z or Y failures is
2
number of X failures is
0
average trial time
9.460249310619986
mu is
0.0009375
number of trials is
3200
number of Z or Y failures is
3
number of X failures is
0
average trial time
10.073456240744981
mu is
0.0008823529411764706
number of trials is
3400
number of Z or Y failures is
3
number of X failures is
0
average trial time
10.690623153779969
mu is
0.0008333333333333334
number of trials is
3600
number of Z or Y failures is
3
number of X failures is
0
average trial time
11.30755008488497
mu is
0.0010526315789473684
number of trials is
3800
number of Z or Y failures is
4
number of X failures is
0
average trial time
11.937885654224957
mu is
0.001
number of trials is
4000
number of Z or Y failures is
4
number of X failures is
0
average trial time
12.552897360569945
mu is
0.0009523809523809524
number of trials is
4200
number of Z or Y failures is
4
number of X failures is
0
average trial time
13.166639551204938
mu is
0.0009090909090909091
number of trials is
4400
number of Z or Y failures is
4
number of X failures is
0
average trial time
13.773690641314932
mu is
0.0008695652173913044
number of trials is
4600
number of Z or Y failures is
4
number of X failures is
0
average trial time
14.379207240119934
mu is
0.0010416666666666667
number of trials is
4800
number of Z or Y failures is
5
number of X failures is
0
average trial time
14.990731643559918
stderr is
0.0004656533112709585
target is
0.00010416666666666667
mu is
0.001
number of trials is
5000
number of Z or Y failures is
5
number of X failures is
0
average trial time
15.59766115986992
stderr is
0.0004470346384717841
target is
0.0001
mu is
0.0009615384615384616
number of trials is
5200
number of Z or Y failures is
5
number of X failures is
0
average trial time
16.210560443589923
stderr is
0.0004298476193108059
target is
9.615384615384617e-5
mu is
0.000925925925925926
number of trials is
5400
number of Z or Y failures is
5
number of X failures is
0
average trial time
16.82611845350492
stderr is
0.00041393324024108235
target is
9.25925925925926e-5
mu is
0.0008928571428571428
number of trials is
5600
number of Z or Y failures is
5
number of X failures is
0
average trial time
17.436774890349927
stderr is
0.0003991551957952486
target is
8.928571428571429e-5
mu is
0.0008620689655172414
number of trials is
5800
number of Z or Y failures is
5
number of X failures is
0
average trial time
18.056302658064933
stderr is
0.00038539597475513925
target is
8.620689655172414e-5
mu is
0.0008333333333333334
number of trials is
6000
number of Z or Y failures is
5
number of X failures is
0
average trial time
18.678286007394924
stderr is
0.00037255372882528644
target is
8.333333333333334e-5
mu is
0.0008064516129032258
number of trials is
6200
number of Z or Y failures is
5
number of X failures is
0
average trial time
19.28499213884992
stderr is
0.0003605397471731845
target is
8.064516129032258e-5
mu is
0.00078125
number of trials is
6400
number of Z or Y failures is
5
number of X failures is
0
average trial time
19.911111461769913
stderr is
0.00034927640434460444
target is
7.812500000000002e-5
mu is
0.0010606060606060607
number of trials is
6600
number of Z or Y failures is
7
number of X failures is
0
average trial time
20.527851664389917
stderr is
0.0004006891274336021
target is
0.00010606060606060608
mu is
0.0010294117647058824
number of trials is
6800
number of Z or Y failures is
7
number of X failures is
0
average trial time
21.158866403959887
stderr is
0.00038890935860160035
target is
0.00010294117647058825
mu is
0.001
number of trials is
7000
number of Z or Y failures is
7
number of X failures is
0
average trial time
21.79291933171488
stderr is
0.000377802430355259
target is
0.0001
mu is
0.0009722222222222222
number of trials is
7200
number of Z or Y failures is
7
number of X failures is
0
average trial time
22.409600791869906
stderr is
0.00036731229607327745
target is
9.722222222222223e-5
mu is
0.001081081081081081
number of trials is
7400
number of Z or Y failures is
8
number of X failures is
0
average trial time
23.031410382069875
stderr is
0.0003820390348319355
target is
0.00010810810810810812
mu is
0.0010526315789473684
number of trials is
7600
number of Z or Y failures is
8
number of X failures is
0
average trial time
23.65961016131486
stderr is
0.00037199001158687956
target is
0.00010526315789473685
mu is
0.001153846153846154
number of trials is
7800
number of Z or Y failures is
9
number of X failures is
0
average trial time
24.29304423142984
stderr is
0.00038441807005341037
target is
0.0001153846153846154
mu is
0.001125
number of trials is
8000
number of Z or Y failures is
9
number of X failures is
0
average trial time
24.917313683369816
stderr is
0.000374812429649388
target is
0.0001125
mu is
0.0010975609756097562
number of trials is
8200
number of Z or Y failures is
9
number of X failures is
0
average trial time
25.54251052256482
stderr is
0.0003656751280106261
target is
0.00010975609756097563
mu is
0.0010714285714285715
number of trials is
8400
number of Z or Y failures is
9
number of X failures is
0
average trial time
26.178002341399825
stderr is
0.0003569727283457114
target is
0.00010714285714285715
mu is
0.0011627906976744186
number of trials is
8600
number of Z or Y failures is
10
number of X failures is
0
average trial time
26.829580806904836
stderr is
0.00036751422724794886
target is
0.00011627906976744187
mu is
0.00125
number of trials is
8800
number of Z or Y failures is
11
number of X failures is
0
average trial time
27.44960987065982
stderr is
0.0003766749539211058
target is
0.000125
mu is
0.0013333333333333333
number of trials is
9000
number of Z or Y failures is
12
number of X failures is
0
average trial time
28.091903799719816
stderr is
0.0003846648646135756
target is
0.00013333333333333334
mu is
0.0014130434782608696
number of trials is
9200
number of Z or Y failures is
13
number of X failures is
0
average trial time
28.755297709099843
stderr is
0.00039165204412139234
target is
0.00014130434782608697
mu is
0.0013829787234042553
number of trials is
9400
number of Z or Y failures is
13
number of X failures is
0
average trial time
29.38314808671989
stderr is
0.00038332434891262914
target is
0.00013829787234042554
mu is
0.0013541666666666667
number of trials is
9600
number of Z or Y failures is
13
number of X failures is
0
average trial time
30.02443249626492
stderr is
0.000375343423579102
target is
0.0001354166666666667
mu is
0.001326530612244898
number of trials is
9800
number of Z or Y failures is
13
number of X failures is
0
average trial time
30.693344635389913
stderr is
0.00036768805035752725
target is
0.0001326530612244898
mu is
0.0013
number of trials is
10000
number of Z or Y failures is
13
number of X failures is
0
average trial time
31.33170004108493
stderr is
0.0003603387078825141
target is
0.00013
mu is
0.0012745098039215687
number of trials is
10200
number of Z or Y failures is
13
number of X failures is
0
average trial time
31.995495387294937
stderr is
0.000353277404971429
target is
0.00012745098039215687
mu is
0.00125
number of trials is
10400
number of Z or Y failures is
13
number of X failures is
0
average trial time
32.67055551448994
stderr is
0.0003464875335767902
target is
0.000125
mu is
0.0012264150943396227
number of trials is
10600
number of Z or Y failures is
13
number of X failures is
0
average trial time
33.30700527463993
stderr is
0.0003399537383760784
target is
0.00012264150943396227
mu is
0.0012037037037037038
number of trials is
10800
number of Z or Y failures is
13
number of X failures is
0
average trial time
33.98450655689993
stderr is
0.0003336618008434666
target is
0.00012037037037037039
mu is
0.0011818181818181819
number of trials is
11000
number of Z or Y failures is
13
number of X failures is
0
average trial time
34.62796949795495
stderr is
0.00032759853596132926
target is
0.0001181818181818182
mu is
0.0011607142857142858
number of trials is
11200
number of Z or Y failures is
13
number of X failures is
0
average trial time
35.283429781379944
stderr is
0.00032175169999241104
target is
0.00011607142857142858
mu is
0.0011403508771929824
number of trials is
11400
number of Z or Y failures is
13
number of X failures is
0
average trial time
35.95952547173992
stderr is
0.00031610990795504765
target is
0.00011403508771929824
mu is
0.001206896551724138
number of trials is
11600
number of Z or Y failures is
14
number of X failures is
0
average trial time
36.60597764270492
stderr is
0.0003223758620523042
target is
0.00012068965517241381
mu is
0.0013559322033898306
number of trials is
11800
number of Z or Y failures is
16
number of X failures is
0
average trial time
37.30173997965491
stderr is
0.0003387675087319102
target is
0.00013559322033898308
mu is
0.0014166666666666668
number of trials is
12000
number of Z or Y failures is
17
number of X failures is
0
average trial time
37.94733892470488
stderr is
0.0003433629785369573
target is
0.00014166666666666668
mu is
0.0013934426229508198
number of trials is
12200
number of Z or Y failures is
17
number of X failures is
0
average trial time
38.62643320379486
stderr is
0.0003377377738515016
target is
0.000139344262295082
mu is
0.0013709677419354838
number of trials is
12400
number of Z or Y failures is
17
number of X failures is
0
average trial time
39.29549978617988
stderr is
0.0003322939100124253
target is
0.0001370967741935484
mu is
0.0013492063492063493
number of trials is
12600
number of Z or Y failures is
17
number of X failures is
0
average trial time
39.95853988976986
stderr is
0.000327022757243814
target is
0.00013492063492063494
mu is
0.001328125
number of trials is
12800
number of Z or Y failures is
17
number of X failures is
0
average trial time
40.64354794438985
stderr is
0.00032191622479208387
target is
0.0001328125
mu is
0.0013076923076923077
number of trials is
13000
number of Z or Y failures is
17
number of X failures is
0
average trial time
41.31139561675982
stderr is
0.0003169667194883853
target is
0.00013076923076923077
mu is
0.0013636363636363637
number of trials is
13200
number of Z or Y failures is
18
number of X failures is
0
average trial time
42.006444108414804
stderr is
0.0003212051209347158
target is
0.00013636363636363637
mu is
0.0013432835820895521
number of trials is
13400
number of Z or Y failures is
18
number of X failures is
0
average trial time
42.65983507855979
stderr is
0.00031641406005482157
target is
0.00013432835820895522
mu is
0.0013970588235294118
number of trials is
13600
number of Z or Y failures is
19
number of X failures is
0
average trial time
43.37738110322478
stderr is
0.00032029508902373956
target is
0.00013970588235294118
mu is
0.0013768115942028986
number of trials is
13800
number of Z or Y failures is
19
number of X failures is
0
average trial time
44.04229823063975
stderr is
0.00031565616301605095
target is
0.00013768115942028986
mu is
0.0013571428571428571
number of trials is
14000
number of Z or Y failures is
19
number of X failures is
0
average trial time
44.75303891628976
stderr is
0.0003111496923323473
target is
0.00013571428571428572
mu is
0.0013380281690140844
number of trials is
14200
number of Z or Y failures is
19
number of X failures is
0
average trial time
45.41796344768981
stderr is
0.00030677008382860144
target is
0.00013380281690140845
mu is
0.0013194444444444445
number of trials is
14400
number of Z or Y failures is
19
number of X failures is
0
average trial time
46.145802262984816
stderr is
0.0003025120548959149
target is
0.00013194444444444446
mu is
0.0013013698630136986
number of trials is
14600
number of Z or Y failures is
19
number of X failures is
0
average trial time
46.820610354214836
stderr is
0.0002983706122041739
target is
0.00013013698630136986
mu is
0.0012837837837837837
number of trials is
14800
number of Z or Y failures is
19
number of X failures is
0
average trial time
47.537590785629845
stderr is
0.0002943410321681361
target is
0.00012837837837837836
mu is
0.0012666666666666666
number of trials is
15000
number of Z or Y failures is
19
number of X failures is
0
average trial time
48.20505038438486
stderr is
0.0002904188429752883
target is
0.00012666666666666666
mu is
0.00125
number of trials is
15200
number of Z or Y failures is
19
number of X failures is
0
average trial time
48.92550168174985
stderr is
0.0002865998080317107
target is
0.000125
mu is
0.0012337662337662339
number of trials is
15400
number of Z or Y failures is
19
number of X failures is
0
average trial time
49.589507338639805
stderr is
0.00028287991069711596
target is
0.0001233766233766234
mu is
0.001217948717948718
number of trials is
15600
number of Z or Y failures is
19
number of X failures is
0
average trial time
50.323177244624766
stderr is
0.0002792553401934343
target is
0.0001217948717948718
mu is
0.0012025316455696203
number of trials is
15800
number of Z or Y failures is
19
number of X failures is
0
average trial time
51.0023681805648
stderr is
0.0002757224785830188
target is
0.00012025316455696204
mu is
0.0011875
number of trials is
16000
number of Z or Y failures is
19
number of X failures is
0
average trial time
51.724604507979755
stderr is
0.00027227788872293316
target is
0.00011875
mu is
0.0012345679012345679
number of trials is
16200
number of Z or Y failures is
20
number of X failures is
0
average trial time
52.42456794490479
stderr is
0.0002758958317739406
target is
0.0001234567901234568
mu is
0.0012195121951219512
number of trials is
16400
number of Z or Y failures is
20
number of X failures is
0
average trial time
53.132938205374785
stderr is
0.0002725331999772073
target is
0.00012195121951219512
mu is
0.0012048192771084338
number of trials is
16600
number of Z or Y failures is
20
number of X failures is
0
average trial time
53.856629248599745
stderr is
0.0002692515489786153
target is
0.0001204819277108434
mu is
0.0011904761904761906
number of trials is
16800
number of Z or Y failures is
20
number of X failures is
0
average trial time
54.56282820965468
stderr is
0.0002660479882473933
target is
0.00011904761904761906
mu is
0.001176470588235294
number of trials is
17000
number of Z or Y failures is
20
number of X failures is
0
average trial time
55.29515787643468
stderr is
0.00026291976320142564
target is
0.0001176470588235294
mu is
0.0011627906976744186
number of trials is
17200
number of Z or Y failures is
20
number of X failures is
0
average trial time
55.981302078149646
stderr is
0.0002598642473076477
target is
0.00011627906976744187
mu is
0.0011494252873563218
number of trials is
17400
number of Z or Y failures is
20
number of X failures is
0
average trial time
56.70831517975459
stderr is
0.0002568789347269431
target is
0.00011494252873563219
mu is
0.0011363636363636363
number of trials is
17600
number of Z or Y failures is
20
number of X failures is
0
average trial time
57.43341941641963
stderr is
0.00025396143346025177
target is
0.00011363636363636364
mu is
0.0011235955056179776
number of trials is
17800
number of Z or Y failures is
20
number of X failures is
0
average trial time
58.13482314744459
stderr is
0.00025110945895649153
target is
0.00011235955056179777
mu is
0.0011666666666666668
number of trials is
18000
number of Z or Y failures is
21
number of X failures is
0
average trial time
58.87013201400461
stderr is
0.00025444605391472015
target is
0.00011666666666666668
mu is
0.001153846153846154
number of trials is
18200
number of Z or Y failures is
21
number of X failures is
0
average trial time
59.566493514409615
stderr is
0.00025165148163086944
target is
0.0001153846153846154
mu is
0.001141304347826087
number of trials is
18400
number of Z or Y failures is
21
number of X failures is
0
average trial time
60.291336204084615
stderr is
0.000248917627831976
target is
0.00011413043478260871
mu is
0.0011290322580645162
number of trials is
18600
number of Z or Y failures is
21
number of X failures is
0
average trial time
61.01372024319464
stderr is
0.0002462425349134037
target is
0.00011290322580645163
mu is
0.001170212765957447
number of trials is
18800
number of Z or Y failures is
22
number of X failures is
0
average trial time
61.72835069400462
stderr is
0.0002493508107093637
target is
0.0001170212765957447
mu is
0.0011578947368421054
number of trials is
19000
number of Z or Y failures is
22
number of X failures is
0
average trial time
62.45561092965461
stderr is
0.0002467275176222217
target is
0.00011578947368421055
mu is
0.0011458333333333333
number of trials is
19200
number of Z or Y failures is
22
number of X failures is
0
average trial time
63.175322111914674
stderr is
0.00024415884652379005
target is
0.00011458333333333334
mu is
0.001134020618556701
number of trials is
19400
number of Z or Y failures is
22
number of X failures is
0
average trial time
63.8716504420946
stderr is
0.00024164310899126533
target is
0.0001134020618556701
mu is
0.0011224489795918367
number of trials is
19600
number of Z or Y failures is
22
number of X failures is
0
average trial time
64.60771776581457
stderr is
0.0002391786854799999
target is
0.00011224489795918369
mu is
0.0011111111111111111
number of trials is
19800
number of Z or Y failures is
22
number of X failures is
0
average trial time
65.32770027863961
stderr is
0.0002367640218466605
target is
0.00011111111111111112
mu is
0.00115
number of trials is
20000
number of Z or Y failures is
23
number of X failures is
0
average trial time
66.03221453377459
stderr is
0.0002396596479120794
target is
0.000115
mu is
0.0011386138613861385
number of trials is
20200
number of Z or Y failures is
23
number of X failures is
0
average trial time
66.76060049103458
stderr is
0.00023728807381491118
target is
0.00011386138613861385
mu is
0.0011274509803921569
number of trials is
20400
number of Z or Y failures is
23
number of X failures is
0
average trial time
67.47983702578959
stderr is
0.00023496297604456686
target is
0.0001127450980392157
mu is
0.001116504854368932
number of trials is
20600
number of Z or Y failures is
23
number of X failures is
0
average trial time
68.20128947836956
stderr is
0.0002326830016465751
target is
0.00011165048543689321
mu is
0.0011057692307692307
number of trials is
20800
number of Z or Y failures is
23
number of X failures is
0
average trial time
68.92205828772458
stderr is
0.00023044684967555218
target is
0.00011057692307692308
mu is
0.0010952380952380953
number of trials is
21000
number of Z or Y failures is
23
number of X failures is
0
average trial time
69.6608019179896
stderr is
0.0002282532687198811
target is
0.00010952380952380953
mu is
0.0010849056603773584
number of trials is
21200
number of Z or Y failures is
23
number of X failures is
0
average trial time
70.3651050812796
stderr is
0.00022610105456643195
target is
0.00010849056603773585
mu is
0.001074766355140187
number of trials is
21400
number of Z or Y failures is
23
number of X failures is
0
average trial time
71.07487489890963
stderr is
0.00022398904799616316
target is
0.0001074766355140187
mu is
0.0010648148148148149
number of trials is
21600
number of Z or Y failures is
23
number of X failures is
0
average trial time
71.79319243775967
stderr is
0.00022191613270212794
target is
0.00010648148148148149
mu is
0.001055045871559633
number of trials is
21800
number of Z or Y failures is
23
number of X failures is
0
average trial time
72.53247180280971
stderr is
0.0002198812333220274
target is
0.0001055045871559633
mu is
0.0010454545454545454
number of trials is
22000
number of Z or Y failures is
23
number of X failures is
0
average trial time
73.24873246717469
stderr is
0.00021788331357802397
target is
0.00010454545454545455
mu is
0.001081081081081081
number of trials is
22200
number of Z or Y failures is
24
number of X failures is
0
average trial time
73.9770460808997
stderr is
0.00022056040332890512
target is
0.00010810810810810812
mu is
0.0011160714285714285
number of trials is
22400
number of Z or Y failures is
25
number of X failures is
0
average trial time
74.70014193501967
stderr is
0.0002230946692439189
target is
0.00011160714285714285
mu is
0.0011061946902654867
number of trials is
22600
number of Z or Y failures is
25
number of X failures is
0
average trial time
75.43664874340962
stderr is
0.00022112142964589483
target is
0.00011061946902654867
mu is
0.0010964912280701754
number of trials is
22800
number of Z or Y failures is
25
number of X failures is
0
average trial time
76.16888896277965
stderr is
0.00021918279002987459
target is
0.00010964912280701755
mu is
0.0010869565217391304
number of trials is
23000
number of Z or Y failures is
25
number of X failures is
0
average trial time
76.87991135696467
stderr is
0.00021727784825989244
target is
0.00010869565217391305
mu is
0.0011637931034482758
number of trials is
23200
number of Z or Y failures is
27
number of X failures is
0
average trial time
77.59475309418465
stderr is
0.0002238465449904306
target is
0.00011637931034482759
mu is
0.0011965811965811966
number of trials is
23400
number of Z or Y failures is
28
number of X failures is
0
average trial time
78.31149263368462
stderr is
0.00022600208634580978
target is
0.00011965811965811966
mu is
0.0011864406779661016
number of trials is
23600
number of Z or Y failures is
28
number of X failures is
0
average trial time
79.05804220091962
stderr is
0.00022408791138442852
target is
0.00011864406779661017
mu is
0.001176470588235294
number of trials is
23800
number of Z or Y failures is
28
number of X failures is
0
average trial time
79.78103338055449
stderr is
0.00022220588914351988
target is
0.0001176470588235294
mu is
0.0012083333333333334
number of trials is
24000
number of Z or Y failures is
29
number of X failures is
0
average trial time
80.4979523648295
stderr is
0.00022425093388603733
target is
0.00012083333333333335
mu is
0.0011983471074380166
number of trials is
24200
number of Z or Y failures is
29
number of X failures is
0
average trial time
81.22411464431951
stderr is
0.00022239869388655223
target is
0.00011983471074380167
mu is
0.0011885245901639345
number of trials is
24400
number of Z or Y failures is
29
number of X failures is
0
average trial time
81.93310755287952
stderr is
0.0002205768010173217
target is
0.00011885245901639345
mu is
0.0011788617886178863
number of trials is
24600
number of Z or Y failures is
29
number of X failures is
0
average trial time
82.64514392583459
stderr is
0.0002187845155269636
target is
0.00011788617886178864
mu is
0.0012096774193548388
number of trials is
24800
number of Z or Y failures is
30
number of X failures is
0
average trial time
83.38369142956967
stderr is
0.00022072669753995117
target is
0.00012096774193548388
mu is
0.00124
number of trials is
25000
number of Z or Y failures is
31
number of X failures is
0
average trial time
84.12077794098481
stderr is
0.000222576902708041
target is
0.000124
mu is
0.0012301587301587302
number of trials is
25200
number of Z or Y failures is
31
number of X failures is
0
average trial time
84.84472818677477
stderr is
0.00022081147217612327
target is
0.00012301587301587303
mu is
0.001220472440944882
number of trials is
25400
number of Z or Y failures is
31
number of X failures is
0
average trial time
85.5802571742549
stderr is
0.00021907382724497732
target is
0.0001220472440944882
mu is
0.0012109375
number of trials is
25600
number of Z or Y failures is
31
number of X failures is
0
average trial time
86.29379291982981
stderr is
0.00021736331707236
target is
0.00012109375
mu is
0.00124031007751938
number of trials is
25800
number of Z or Y failures is
32
number of X failures is
0
average trial time
87.00989643576982
stderr is
0.00021912614722848775
target is
0.00012403100775193799
mu is
0.0012307692307692308
number of trials is
26000
number of Z or Y failures is
32
number of X failures is
0
average trial time
87.72624544047487
stderr is
0.0002174415676332696
target is
0.0001230769230769231
mu is
0.0012213740458015267
number of trials is
26200
number of Z or Y failures is
32
number of X failures is
0
average trial time
88.43182122386489
stderr is
0.00021578269156155124
target is
0.0001221374045801527
mu is
0.0012121212121212121
number of trials is
26400
number of Z or Y failures is
32
number of X failures is
0
average trial time
89.13896403091996
stderr is
0.00021414893518639991
target is
0.00012121212121212122
mu is
0.0012406015037593986
number of trials is
26600
number of Z or Y failures is
33
number of X failures is
0
average trial time
89.84867298575
stderr is
0.0002158310564168869
target is
0.00012406015037593986
mu is
0.0012313432835820896
number of trials is
26800
number of Z or Y failures is
33
number of X failures is
0
average trial time
90.57940281776
stderr is
0.00021422133971931112
target is
0.00012313432835820898
mu is
0.0012222222222222222
number of trials is
27000
number of Z or Y failures is
33
number of X failures is
0
average trial time
91.30200757213996
stderr is
0.0002126354565133321
target is
0.00012222222222222221
mu is
0.0012132352941176471
number of trials is
27200
number of Z or Y failures is
33
number of X failures is
0
average trial time
92.01690579050975
stderr is
0.0002110728813703934
target is
0.00012132352941176472
mu is
0.0012043795620437956
number of trials is
27400
number of Z or Y failures is
33
number of X failures is
0
average trial time
92.75065981016475
stderr is
0.0002095331041939235
target is
0.00012043795620437956
mu is
0.0011956521739130434
number of trials is
27600
number of Z or Y failures is
33
number of X failures is
0
average trial time
93.46182043721961
stderr is
0.00020801562966415313
target is
0.00011956521739130435
mu is
0.0011870503597122303
number of trials is
27800
number of Z or Y failures is
33
number of X failures is
0
average trial time
94.1783397118746
stderr is
0.00020651997670688272
target is
0.00011870503597122304
mu is
0.0011785714285714286
number of trials is
28000
number of Z or Y failures is
33
number of X failures is
0
average trial time
94.88777131767966
stderr is
0.00020504567798500448
target is
0.00011785714285714286
mu is
0.001170212765957447
number of trials is
28200
number of Z or Y failures is
33
number of X failures is
0
average trial time
95.60190478545486
stderr is
0.000203592279411649
target is
0.0001170212765957447
mu is
0.0011619718309859154
number of trials is
28400
number of Z or Y failures is
33
number of X failures is
0
average trial time
96.30411249946488
stderr is
0.00020215933968389192
target is
0.00011619718309859154
mu is
0.001153846153846154
number of trials is
28600
number of Z or Y failures is
33
number of X failures is
0
average trial time
97.01951413940493
stderr is
0.00020074642983601378
target is
0.0001153846153846154
mu is
0.0011458333333333333
number of trials is
28800
number of Z or Y failures is
33
number of X failures is
0
average trial time
97.71926694122983
stderr is
0.00019935313281136432
target is
0.00011458333333333334
mu is
0.0011724137931034483
number of trials is
29000
number of Z or Y failures is
34
number of X failures is
0
average trial time
98.43226857836477
stderr is
0.00020095286984395184
target is
0.00011724137931034484
mu is
0.0011643835616438356
number of trials is
29200
number of Z or Y failures is
34
number of X failures is
0
average trial time
99.15519867630472
stderr is
0.00019957725901689326
target is
0.00011643835616438356
mu is
0.0011564625850340137
number of trials is
29400
number of Z or Y failures is
34
number of X failures is
0
average trial time
99.87661380793458
stderr is
0.00019822035345770227
target is
0.00011564625850340137
mu is
0.0011486486486486486
number of trials is
29600
number of Z or Y failures is
34
number of X failures is
0
average trial time
100.61428342399955
stderr is
0.00019688177421752726
target is
0.00011486486486486487
mu is
0.0011409395973154361
number of trials is
29800
number of Z or Y failures is
34
number of X failures is
0
average trial time
101.33584253034945
stderr is
0.00019556115251498566
target is
0.00011409395973154362
mu is
0.0011666666666666668
number of trials is
30000
number of Z or Y failures is
35
number of X failures is
0
average trial time
102.05168110694949
stderr is
0.00019709087585586006
target is
0.00011666666666666668
mu is
0.0011589403973509935
number of trials is
30200
number of Z or Y failures is
35
number of X failures is
0
average trial time
102.76943785184953
stderr is
0.00019578637388497147
target is
0.00011589403973509935
mu is
0.0011842105263157896
number of trials is
30400
number of Z or Y failures is
36
number of X failures is
0
average trial time
103.4802286444795
stderr is
0.0001972547679022024
target is
0.00011842105263157896
mu is
0.001176470588235294
number of trials is
30600
number of Z or Y failures is
36
number of X failures is
0
average trial time
104.1886204091094
stderr is
0.00019596625926444758
target is
0.0001176470588235294
mu is
0.0012012987012987014
number of trials is
30800
number of Z or Y failures is
37
number of X failures is
0
average trial time
104.89790731186945
stderr is
0.00019737683487742604
target is
0.00012012987012987014
mu is
0.0011935483870967741
number of trials is
31000
number of Z or Y failures is
37
number of X failures is
0
average trial time
105.61475278085945
stderr is
0.00019610417624744633
target is
0.00011935483870967742
mu is
0.001217948717948718
number of trials is
31200
number of Z or Y failures is
38
number of X failures is
0
average trial time
106.33855065556942
stderr is
0.00019746018012986808
target is
0.0001217948717948718
mu is
0.0012101910828025478
number of trials is
31400
number of Z or Y failures is
38
number of X failures is
0
average trial time
107.04400253254937
stderr is
0.00019620321390840495
target is
0.00012101910828025479
mu is
0.0012025316455696203
number of trials is
31600
number of Z or Y failures is
38
number of X failures is
0
average trial time
107.74865902488938
stderr is
0.00019496214931663295
target is
0.00012025316455696204
mu is
0.0011949685534591195
number of trials is
31800
number of Z or Y failures is
38
number of X failures is
0
average trial time
108.45994106464437
stderr is
0.00019373668649888662
target is
0.00011949685534591196
mu is
0.00121875
number of trials is
32000
number of Z or Y failures is
39
number of X failures is
0
average trial time
109.17415375607442
stderr is
0.00019504027541979434
target is
0.00012187500000000001
mu is
0.0012111801242236024
number of trials is
32200
number of Z or Y failures is
39
number of X failures is
0
average trial time
109.87731282493446
stderr is
0.000193829560849949
target is
0.00012111801242236025
mu is
0.0012345679012345679
number of trials is
32400
number of Z or Y failures is
40
number of X failures is
0
average trial time
110.58632745688939
stderr is
0.00019508480281789484
target is
0.0001234567901234568
mu is
0.001226993865030675
number of trials is
32600
number of Z or Y failures is
40
number of X failures is
0
average trial time
111.2835986336895
stderr is
0.000193888680343184
target is
0.0001226993865030675
mu is
0.00125
number of trials is
32800
number of Z or Y failures is
41
number of X failures is
0
average trial time
111.99321580888949
stderr is
0.0001950981275365641
target is
0.000125
mu is
0.0012424242424242424
number of trials is
33000
number of Z or Y failures is
41
number of X failures is
0
average trial time
112.69469685290449
stderr is
0.00019391643217358268
target is
0.00012424242424242425
mu is
0.0012650602409638553
number of trials is
33200
number of Z or Y failures is
42
number of X failures is
0
average trial time
113.39086900383934
stderr is
0.00019508246022298585
target is
0.00012650602409638553
mu is
0.0012574850299401199
number of trials is
33400
number of Z or Y failures is
42
number of X failures is
0
average trial time
114.08318285416937
stderr is
0.00019391501969035483
target is
0.000125748502994012
mu is
0.00125
number of trials is
33600
number of Z or Y failures is
42
number of X failures is
0
average trial time
114.79174729670433
stderr is
0.0001927614687607581
target is
0.000125
mu is
0.001242603550295858
number of trials is
33800
number of Z or Y failures is
42
number of X failures is
0
average trial time
115.48888036240925
stderr is
0.00019162156102321405
target is
0.00012426035502958581
mu is
0.0012352941176470588
number of trials is
34000
number of Z or Y failures is
42
number of X failures is
0
average trial time
116.19290139951434
stderr is
0.0001904950558611363
target is
0.0001235294117647059
mu is
0.0012865497076023392
number of trials is
34200
number of Z or Y failures is
44
number of X failures is
0
average trial time
116.8986404870945
stderr is
0.0001938326936198977
target is
0.00012865497076023394
mu is
0.0012790697674418604
number of trials is
34400
number of Z or Y failures is
44
number of X failures is
0
average trial time
117.59713207191946
stderr is
0.0001927064646151207
target is
0.00012790697674418605
mu is
0.0012716763005780347
number of trials is
34600
number of Z or Y failures is
44
number of X failures is
0
average trial time
118.29569719434954
stderr is
0.0001915932474899109
target is
0.00012716763005780348
mu is
0.001264367816091954
number of trials is
34800
number of Z or Y failures is
44
number of X failures is
0
average trial time
118.99228356244448
stderr is
0.00019049281804056983
target is
0.0001264367816091954
mu is
0.001257142857142857
number of trials is
35000
number of Z or Y failures is
44
number of X failures is
0
average trial time
119.69060060339956
stderr is
0.00018940495718489358
target is
0.00012571428571428572
mu is
0.00125
number of trials is
35200
number of Z or Y failures is
44
number of X failures is
0
average trial time
120.38643160979947
stderr is
0.00018832945081676542
target is
0.000125
mu is
0.0012429378531073447
number of trials is
35400
number of Z or Y failures is
44
number of X failures is
0
average trial time
121.10453746056959
stderr is
0.0001872660896656739
target is
0.00012429378531073448
mu is
0.0012640449438202246
number of trials is
35600
number of Z or Y failures is
45
number of X failures is
0
average trial time
121.84128864610449
stderr is
0.00018831620828600265
target is
0.00012640449438202248
mu is
0.0012569832402234637
number of trials is
35800
number of Z or Y failures is
45
number of X failures is
0
average trial time
122.55613402741442
stderr is
0.00018726480977349677
target is
0.00012569832402234638
mu is
0.00125
number of trials is
36000
number of Z or Y failures is
45
number of X failures is
0
average trial time
123.27116377398438
stderr is
0.00018622508631154842
target is
0.000125
mu is
0.0012430939226519336
number of trials is
36200
number of Z or Y failures is
45
number of X failures is
0
average trial time
123.98510027475938
stderr is
0.0001851968445090098
target is
0.00012430939226519336
mu is
0.0012362637362637362
number of trials is
36400
number of Z or Y failures is
45
number of X failures is
0
average trial time
124.69525909156928
stderr is
0.00018417989522250837
target is
0.00012362637362637363
mu is
0.0012295081967213116
number of trials is
36600
number of Z or Y failures is
45
number of X failures is
0
average trial time
125.40547074868928
stderr is
0.0001831740534404577
target is
0.00012295081967213117
mu is
0.0012228260869565218
number of trials is
36800
number of Z or Y failures is
45
number of X failures is
0
average trial time
126.10856719540939
stderr is
0.00018217913817084806
target is
0.00012228260869565218
mu is
0.0012162162162162162
number of trials is
37000
number of Z or Y failures is
45
number of X failures is
0
average trial time
126.82544292834946
stderr is
0.00018119497233267423
target is
0.00012162162162162162
mu is
0.0012096774193548388
number of trials is
37200
number of Z or Y failures is
45
number of X failures is
0
average trial time
127.53233189190456
stderr is
0.00018022138265086325
target is
0.00012096774193548388
mu is
0.0012032085561497327
number of trials is
37400
number of Z or Y failures is
45
number of X failures is
0
average trial time
128.2498556083396
stderr is
0.00017925819955457196
target is
0.00012032085561497328
mu is
0.0011968085106382979
number of trials is
37600
number of Z or Y failures is
45
number of X failures is
0
average trial time
128.95601277864952
stderr is
0.00017830525707872793
target is
0.0001196808510638298
mu is
0.0011904761904761906
number of trials is
37800
number of Z or Y failures is
45
number of X failures is
0
average trial time
129.66042601062446
stderr is
0.0001773623927686947
target is
0.00011904761904761906
mu is
0.0011842105263157896
number of trials is
38000
number of Z or Y failures is
45
number of X failures is
0
average trial time
130.36946510872937
stderr is
0.00017642944758794544
target is
0.00011842105263157896
mu is
0.0011780104712041885
number of trials is
38200
number of Z or Y failures is
45
number of X failures is
0
average trial time
131.07971258041928
stderr is
0.00017550626582863558
target is
0.00011780104712041885
mu is
0.0012239583333333334
number of trials is
38400
number of Z or Y failures is
47
number of X failures is
0
average trial time
131.78697368945927
stderr is
0.00017842570342378324
target is
0.00012239583333333335
mu is
0.0012694300518134715
number of trials is
38600
number of Z or Y failures is
49
number of X failures is
0
average trial time
132.50828204733935
stderr is
0.00018123435755615518
target is
0.00012694300518134715
mu is
0.0012628865979381443
number of trials is
38800
number of Z or Y failures is
49
number of X failures is
0
average trial time
133.22476752744444
stderr is
0.00018030073843951496
target is
0.00012628865979381443
mu is
0.0012564102564102564
number of trials is
39000
number of Z or Y failures is
49
number of X failures is
0
average trial time
133.92949706458458
stderr is
0.0001793766889976338
target is
0.00012564102564102564
mu is
0.00125
number of trials is
39200
number of Z or Y failures is
49
number of X failures is
0
average trial time
134.64957613418972
stderr is
0.00017846206284586341
target is
0.000125
mu is
0.0012436548223350254
number of trials is
39400
number of Z or Y failures is
49
number of X failures is
0
average trial time
135.3429670246097
stderr is
0.00017755671657001474
target is
0.00012436548223350254
mu is
0.0012373737373737373
number of trials is
39600
number of Z or Y failures is
49
number of X failures is
0
average trial time
136.0480095075147
stderr is
0.0001766605096513919
target is
0.00012373737373737374
mu is
0.0012311557788944724
number of trials is
39800
number of Z or Y failures is
49
number of X failures is
0
average trial time
136.74502385035962
stderr is
0.0001757733043940851
target is
0.00012311557788944724
mu is
0.00125
number of trials is
40000
number of Z or Y failures is
50
number of X failures is
0
average trial time
137.4530897351497
stderr is
0.00017666838368238054
target is
0.000125
mu is
0.0012686567164179104
number of trials is
40200
number of Z or Y failures is
51
number of X failures is
0
average trial time
138.15853183135968
stderr is
0.00017753695893867765
target is
0.00012686567164179105
mu is
0.0012623762376237624
number of trials is
40400
number of Z or Y failures is
51
number of X failures is
0
average trial time
138.86887436826464
stderr is
0.00017665860767703597
target is
0.00012623762376237624
mu is
0.0012561576354679803
number of trials is
40600
number of Z or Y failures is
51
number of X failures is
0
average trial time
139.56590152212482
stderr is
0.0001757889047817902
target is
0.00012561576354679804
mu is
0.0012745098039215687
number of trials is
40800
number of Z or Y failures is
52
number of X failures is
0
average trial time
140.2645103119248
stderr is
0.00017663220813721138
target is
0.00012745098039215687
mu is
0.0012682926829268293
number of trials is
41000
number of Z or Y failures is
52
number of X failures is
0
average trial time
140.96782732685998
stderr is
0.0001757711241917824
target is
0.00012682926829268293
mu is
0.001262135922330097
number of trials is
41200
number of Z or Y failures is
52
number of X failures is
0
average trial time
141.6746824240449
stderr is
0.00017491839509868075
target is
0.0001262135922330097
mu is
0.001256038647342995
number of trials is
41400
number of Z or Y failures is
52
number of X failures is
0
average trial time
142.37960116378486
stderr is
0.0001740738998479108
target is
0.0001256038647342995
mu is
0.00125
number of trials is
41600
number of Z or Y failures is
52
number of X failures is
0
average trial time
143.07994621647492
stderr is
0.00017323751975516013
target is
0.000125
mu is
0.001244019138755981
number of trials is
41800
number of Z or Y failures is
52
number of X failures is
0
average trial time
143.77446717707497
stderr is
0.0001724091384061947
target is
0.0001244019138755981
mu is
0.001238095238095238
number of trials is
42000
number of Z or Y failures is
52
number of X failures is
0
average trial time
144.47463893278993
stderr is
0.0001715886416028428
target is
0.0001238095238095238
mu is
0.0012322274881516589
number of trials is
42200
number of Z or Y failures is
52
number of X failures is
0
average trial time
145.172269457975
stderr is
0.00017077591731051335
target is
0.0001232227488151659
mu is
0.0012264150943396227
number of trials is
42400
number of Z or Y failures is
52
number of X failures is
0
average trial time
145.86519312445998
stderr is
0.00016997085560719892
target is
0.00012264150943396227
mu is
0.0012206572769953052
number of trials is
42600
number of Z or Y failures is
52
number of X failures is
0
average trial time
146.5739966911301
stderr is
0.0001691733486339146
target is
0.00012206572769953052
mu is
0.0012149532710280374
number of trials is
42800
number of Z or Y failures is
52
number of X failures is
0
average trial time
147.2699864561601
stderr is
0.0001683832905465251
target is
0.00012149532710280375
mu is
0.0012325581395348838
number of trials is
43000
number of Z or Y failures is
53
number of X failures is
0
average trial time
147.96510159872503
stderr is
0.00016920247740268813
target is
0.0001232558139534884
mu is
0.0012268518518518518
number of trials is
43200
number of Z or Y failures is
53
number of X failures is
0
average trial time
148.664609328555
stderr is
0.00016841960464949958
target is
0.00012268518518518517
mu is
0.0012211981566820278
number of trials is
43400
number of Z or Y failures is
53
number of X failures is
0
average trial time
149.3693043951349
stderr is
0.0001676439429813542
target is
0.00012211981566820278
mu is
0.0012155963302752293
number of trials is
43600
number of Z or Y failures is
53
number of X failures is
0
average trial time
150.0761893561849
stderr is
0.0001668753932224975
target is
0.00012155963302752293
mu is
0.0012100456621004566
number of trials is
43800
number of Z or Y failures is
53
number of X failures is
0
average trial time
150.77317891159993
stderr is
0.00016611385800752472
target is
0.00012100456621004567
mu is
0.0012045454545454545
number of trials is
44000
number of Z or Y failures is
53
number of X failures is
0
average trial time
151.4763236383349
stderr is
0.00016535924174026088
target is
0.00012045454545454545
mu is
0.0011990950226244343
number of trials is
44200
number of Z or Y failures is
53
number of X failures is
0
average trial time
152.1647554877348
stderr is
0.00016461145055375668
target is
0.00011990950226244343
mu is
0.0011936936936936936
number of trials is
44400
number of Z or Y failures is
53
number of X failures is
0
average trial time
152.85035984897496
stderr is
0.0001638703922713649
target is
0.00011936936936936938
mu is
0.0011883408071748879
number of trials is
44600
number of Z or Y failures is
53
number of X failures is
0
average trial time
153.54508053752497
stderr is
0.00016313597636886335
target is
0.0001188340807174888
mu is
0.0011830357142857144
number of trials is
44800
number of Z or Y failures is
53
number of X failures is
0
average trial time
154.2533812141549
stderr is
0.00016240811393759206
target is
0.00011830357142857145
mu is
0.0012
number of trials is
45000
number of Z or Y failures is
54
number of X failures is
0
average trial time
154.9475330220349
stderr is
0.00016320312056238804
target is
0.00011999999999999999
mu is
0.0011946902654867257
number of trials is
45200
number of Z or Y failures is
54
number of X failures is
0
average trial time
155.64874619555493
stderr is
0.00016248140675546516
target is
0.00011946902654867258
mu is
0.0011894273127753304
number of trials is
45400
number of Z or Y failures is
54
number of X failures is
0
average trial time
156.34830931052983
stderr is
0.00016176604794102686
target is
0.00011894273127753305
mu is
0.0011842105263157896
number of trials is
45600
number of Z or Y failures is
54
number of X failures is
0
average trial time
157.04560054260486
stderr is
0.0001610569605494921
target is
0.00011842105263157896
mu is
0.0011790393013100438
number of trials is
45800
number of Z or Y failures is
54
number of X failures is
0
average trial time
157.73697097945993
stderr is
0.00016035406247016235
target is
0.00011790393013100438
mu is
0.0011739130434782609
number of trials is
46000
number of Z or Y failures is
54
number of X failures is
0
average trial time
158.44018445695986
stderr is
0.00015965727301952553
target is
0.00011739130434782609
mu is
0.0011904761904761906
number of trials is
46200
number of Z or Y failures is
55
number of X failures is
0
average trial time
159.13351779730482
stderr is
0.00016042993471953335
target is
0.00011904761904761906
mu is
0.0011853448275862069
number of trials is
46400
number of Z or Y failures is
55
number of X failures is
0
average trial time
159.83584337410488
stderr is
0.00015973882925432
target is
0.00011853448275862069
mu is
0.0011802575107296136
number of trials is
46600
number of Z or Y failures is
55
number of X failures is
0
average trial time
160.53402376363
stderr is
0.00015905365258048204
target is
0.00011802575107296138
mu is
0.0011965811965811966
number of trials is
46800
number of Z or Y failures is
56
number of X failures is
0
average trial time
161.242947620375
stderr is
0.0001598059004255889
target is
0.00011965811965811966
mu is
0.0012127659574468084
number of trials is
47000
number of Z or Y failures is
57
number of X failures is
0
average trial time
161.96397830821493
stderr is
0.00016053904734568267
target is
0.00012127659574468085
mu is
0.0012076271186440678
number of trials is
47200
number of Z or Y failures is
57
number of X failures is
0
average trial time
162.6772624785249
stderr is
0.00015985920118136122
target is
0.00012076271186440678
mu is
0.0012025316455696203
number of trials is
47400
number of Z or Y failures is
57
number of X failures is
0
average trial time
163.39947678782494
stderr is
0.00015918508871919462
target is
0.00012025316455696204
mu is
0.0011974789915966387
number of trials is
47600
number of Z or Y failures is
57
number of X failures is
0
average trial time
164.1237843525201
stderr is
0.00015851663772827013
target is
0.00011974789915966387
mu is
0.0011924686192468618
number of trials is
47800
number of Z or Y failures is
57
number of X failures is
0
average trial time
164.84775252164474
stderr is
0.00015785377718584962
target is
0.00011924686192468618
mu is
0.0011875
number of trials is
48000
number of Z or Y failures is
57
number of X failures is
0
average trial time
165.5706319057046
stderr is
0.00015719643725221403
target is
0.00011875
mu is
0.001182572614107884
number of trials is
48200
number of Z or Y failures is
57
number of X failures is
0
average trial time
166.28002397528974
stderr is
0.00015654454924613373
target is
0.00011825726141078839
mu is
0.001177685950413223
number of trials is
48400
number of Z or Y failures is
57
number of X failures is
0
average trial time
167.01109894823472
stderr is
0.0001558980456209468
target is
0.00011776859504132231
mu is
0.0011728395061728395
number of trials is
48600
number of Z or Y failures is
57
number of X failures is
0
average trial time
167.73199083247957
stderr is
0.00015525685994122724
target is
0.00011728395061728395
mu is
0.0011680327868852458
number of trials is
48800
number of Z or Y failures is
57
number of X failures is
0
average trial time
168.47402635935964
stderr is
0.00015462092686002724
target is
0.00011680327868852458
mu is
0.001163265306122449
number of trials is
49000
number of Z or Y failures is
57
number of X failures is
0
average trial time
169.21871243348969
stderr is
0.00015399018209667594
target is
0.0001163265306122449
mu is
0.0011585365853658536
number of trials is
49200
number of Z or Y failures is
57
number of X failures is
0
average trial time
169.95200387129967
stderr is
0.00015336456241511938
target is
0.00011585365853658536
mu is
0.001153846153846154
number of trials is
49400
number of Z or Y failures is
57
number of X failures is
0
average trial time
170.69757939585477
stderr is
0.0001527440056027867
target is
0.0001153846153846154
mu is
0.001189516129032258
number of trials is
49600
number of Z or Y failures is
59
number of X failures is
0
average trial time
171.42912431052955
stderr is
0.00015477123691808297
target is
0.0001189516129032258
mu is
0.0011847389558232932
number of trials is
49800
number of Z or Y failures is
59
number of X failures is
0
average trial time
172.16433825329966
stderr is
0.00015415002808255183
target is
0.00011847389558232933
mu is
0.0012
number of trials is
50000
number of Z or Y failures is
60
number of X failures is
0
average trial time
172.88291519322473
stderr is
0.00015482790263253156
target is
0.00011999999999999999
60
0
50000
0.0012
