mu is
0.0
number of trials is
200
number of Z or Y failures is
0
number of X failures is
0
average trial time
2.4772037512000002
mu is
0.0
number of trials is
400
number of Z or Y failures is
0
number of X failures is
0
average trial time
4.736813092424995
mu is
0.0
number of trials is
600
number of Z or Y failures is
0
number of X failures is
0
average trial time
7.015534975724997
mu is
0.0
number of trials is
800
number of Z or Y failures is
0
number of X failures is
0
average trial time
9.336205326725
mu is
0.0
number of trials is
1000
number of Z or Y failures is
0
number of X failures is
0
average trial time
11.69629165631
mu is
0.0
number of trials is
1200
number of Z or Y failures is
0
number of X failures is
0
average trial time
14.071347436410003
mu is
0.0
number of trials is
1400
number of Z or Y failures is
0
number of X failures is
0
average trial time
16.54356204345
mu is
0.0
number of trials is
1600
number of Z or Y failures is
0
number of X failures is
0
average trial time
19.073496119010002
mu is
0.0
number of trials is
1800
number of Z or Y failures is
0
number of X failures is
0
average trial time
21.655039163034996
mu is
0.0
number of trials is
2000
number of Z or Y failures is
0
number of X failures is
0
average trial time
24.300832142615015
mu is
0.0
number of trials is
2200
number of Z or Y failures is
0
number of X failures is
0
average trial time
27.004882436590034
mu is
0.0
number of trials is
2400
number of Z or Y failures is
0
number of X failures is
0
average trial time
29.729948989410037
mu is
0.0
number of trials is
2600
number of Z or Y failures is
0
number of X failures is
0
average trial time
32.49250180091001
mu is
0.0
number of trials is
2800
number of Z or Y failures is
0
number of X failures is
0
average trial time
35.190057505985
mu is
0.0
number of trials is
3000
number of Z or Y failures is
0
number of X failures is
0
average trial time
37.96175855142499
mu is
0.0
number of trials is
3200
number of Z or Y failures is
0
number of X failures is
0
average trial time
40.733197485119994
mu is
0.0
number of trials is
3400
number of Z or Y failures is
0
number of X failures is
0
average trial time
43.525324588085
mu is
0.0
number of trials is
3600
number of Z or Y failures is
0
number of X failures is
0
average trial time
46.32249279707503
mu is
0.0
number of trials is
3800
number of Z or Y failures is
0
number of X failures is
0
average trial time
49.08802116265997
mu is
0.0
number of trials is
4000
number of Z or Y failures is
0
number of X failures is
0
average trial time
51.883780762700006
mu is
0.0
number of trials is
4200
number of Z or Y failures is
0
number of X failures is
0
average trial time
54.652249229510005
mu is
0.0
number of trials is
4400
number of Z or Y failures is
0
number of X failures is
0
average trial time
57.414635013659996
mu is
0.0
number of trials is
4600
number of Z or Y failures is
0
number of X failures is
0
average trial time
60.14597957754995
mu is
0.0
number of trials is
4800
number of Z or Y failures is
0
number of X failures is
0
average trial time
62.90326720713495
mu is
0.0
number of trials is
5000
number of Z or Y failures is
0
number of X failures is
0
average trial time
65.65263569153997
mu is
0.0
number of trials is
5200
number of Z or Y failures is
0
number of X failures is
0
average trial time
68.39256926506499
mu is
0.0
number of trials is
5400
number of Z or Y failures is
0
number of X failures is
0
average trial time
71.09706871574
mu is
0.0
number of trials is
5600
number of Z or Y failures is
0
number of X failures is
0
average trial time
73.85280233358995
mu is
0.0
number of trials is
5800
number of Z or Y failures is
0
number of X failures is
0
average trial time
76.56584237032494
mu is
0.0
number of trials is
6000
number of Z or Y failures is
0
number of X failures is
0
average trial time
79.25930922572493
mu is
0.0
number of trials is
6200
number of Z or Y failures is
0
number of X failures is
0
average trial time
81.94790636920996
mu is
0.0
number of trials is
6400
number of Z or Y failures is
0
number of X failures is
0
average trial time
84.67982677787494
mu is
0.0
number of trials is
6600
number of Z or Y failures is
0
number of X failures is
0
average trial time
87.33580597265997
mu is
0.0
number of trials is
6800
number of Z or Y failures is
0
number of X failures is
0
average trial time
89.97136645944994
mu is
0.0
number of trials is
7000
number of Z or Y failures is
0
number of X failures is
0
average trial time
92.66340312553493
mu is
0.0
number of trials is
7200
number of Z or Y failures is
0
number of X failures is
0
average trial time
95.34472498068503
mu is
0.0
number of trials is
7400
number of Z or Y failures is
0
number of X failures is
0
average trial time
98.02003061167494
mu is
0.0
number of trials is
7600
number of Z or Y failures is
0
number of X failures is
0
average trial time
100.71995611825487
mu is
0.0
number of trials is
7800
number of Z or Y failures is
0
number of X failures is
0
average trial time
103.34156194849481
mu is
0.0
number of trials is
8000
number of Z or Y failures is
0
number of X failures is
0
average trial time
106.02078348210989
mu is
0.0
number of trials is
8200
number of Z or Y failures is
0
number of X failures is
0
average trial time
108.67932121010985
mu is
0.0
number of trials is
8400
number of Z or Y failures is
0
number of X failures is
0
average trial time
111.36454899472474
mu is
0.0
number of trials is
8600
number of Z or Y failures is
0
number of X failures is
0
average trial time
113.99267811429483
mu is
0.0
number of trials is
8800
number of Z or Y failures is
0
number of X failures is
0
average trial time
116.67277832509485
mu is
0.0
number of trials is
9000
number of Z or Y failures is
0
number of X failures is
0
average trial time
119.27304867058983
mu is
0.0
number of trials is
9200
number of Z or Y failures is
0
number of X failures is
0
average trial time
121.96295912527985
mu is
0.0
number of trials is
9400
number of Z or Y failures is
0
number of X failures is
0
average trial time
124.54442358322979
mu is
0.0
number of trials is
9600
number of Z or Y failures is
0
number of X failures is
0
average trial time
127.23354315157972
mu is
0.0
number of trials is
9800
number of Z or Y failures is
0
number of X failures is
0
average trial time
129.8496002521847
mu is
0.0
number of trials is
10000
number of Z or Y failures is
0
number of X failures is
0
average trial time
132.49230891300476
mu is
0.0
number of trials is
10200
number of Z or Y failures is
0
number of X failures is
0
average trial time
135.11383907130983
mu is
0.0
number of trials is
10400
number of Z or Y failures is
0
number of X failures is
0
average trial time
137.70555446668482
mu is
0.0
number of trials is
10600
number of Z or Y failures is
0
number of X failures is
0
average trial time
140.36497229779988
mu is
0.0
number of trials is
10800
number of Z or Y failures is
0
number of X failures is
0
average trial time
142.94517815903998
mu is
0.0
number of trials is
11000
number of Z or Y failures is
0
number of X failures is
0
average trial time
145.56887824051003
mu is
0.0
number of trials is
11200
number of Z or Y failures is
0
number of X failures is
0
average trial time
148.17478573791513
mu is
0.0
number of trials is
11400
number of Z or Y failures is
0
number of X failures is
0
average trial time
150.75868112248511
mu is
0.0
number of trials is
11600
number of Z or Y failures is
0
number of X failures is
0
average trial time
153.3891370903202
mu is
0.0
number of trials is
11800
number of Z or Y failures is
0
number of X failures is
0
average trial time
156.04197825606016
mu is
0.0
number of trials is
12000
number of Z or Y failures is
0
number of X failures is
0
average trial time
158.5939852263203
mu is
0.0
number of trials is
12200
number of Z or Y failures is
0
number of X failures is
0
average trial time
161.23790396179535
mu is
0.0
number of trials is
12400
number of Z or Y failures is
0
number of X failures is
0
average trial time
163.8407410009303
mu is
0.0
number of trials is
12600
number of Z or Y failures is
0
number of X failures is
0
average trial time
166.40627087867034
mu is
0.0
number of trials is
12800
number of Z or Y failures is
0
number of X failures is
0
average trial time
168.99723388758505
mu is
0.0
number of trials is
13000
number of Z or Y failures is
0
number of X failures is
0
average trial time
171.60430561746998
mu is
0.0
number of trials is
13200
number of Z or Y failures is
0
number of X failures is
0
average trial time
174.15733363804011
mu is
0.0
number of trials is
13400
number of Z or Y failures is
0
number of X failures is
0
average trial time
176.71000649208526
mu is
0.0
number of trials is
13600
number of Z or Y failures is
0
number of X failures is
0
average trial time
179.30329641075045
mu is
0.0
number of trials is
13800
number of Z or Y failures is
0
number of X failures is
0
average trial time
181.8768521610803
mu is
0.0
number of trials is
14000
number of Z or Y failures is
0
number of X failures is
0
average trial time
184.44688706304555
mu is
0.0
number of trials is
14200
number of Z or Y failures is
0
number of X failures is
0
average trial time
187.0112632135256
mu is
0.0
number of trials is
14400
number of Z or Y failures is
0
number of X failures is
0
average trial time
189.61367923886573
mu is
0.0
number of trials is
14600
number of Z or Y failures is
0
number of X failures is
0
average trial time
192.2056404997806
mu is
0.0
number of trials is
14800
number of Z or Y failures is
0
number of X failures is
0
average trial time
194.82407718865588
mu is
0.0
number of trials is
15000
number of Z or Y failures is
0
number of X failures is
0
average trial time
197.39013132608576
mu is
0.0
number of trials is
15200
number of Z or Y failures is
0
number of X failures is
0
average trial time
199.95272857142587
mu is
0.0
number of trials is
15400
number of Z or Y failures is
0
number of X failures is
0
average trial time
202.51301521410082
mu is
0.0
number of trials is
15600
number of Z or Y failures is
0
number of X failures is
0
average trial time
205.0438802900406
mu is
0.0
number of trials is
15800
number of Z or Y failures is
0
number of X failures is
0
average trial time
207.5673104838057
mu is
0.0
number of trials is
16000
number of Z or Y failures is
0
number of X failures is
0
average trial time
210.15050131001578
mu is
0.0
number of trials is
16200
number of Z or Y failures is
0
number of X failures is
0
average trial time
212.6909363616659
mu is
0.0
number of trials is
16400
number of Z or Y failures is
0
number of X failures is
0
average trial time
215.31812705658092
mu is
0.0
number of trials is
16600
number of Z or Y failures is
0
number of X failures is
0
average trial time
217.91174581295084
mu is
0.0
number of trials is
16800
number of Z or Y failures is
0
number of X failures is
0
average trial time
220.48783929929075
mu is
0.0
number of trials is
17000
number of Z or Y failures is
0
number of X failures is
0
average trial time
223.05647865743063
mu is
5.8139534883720933e-5
number of trials is
17200
number of Z or Y failures is
1
number of X failures is
0
average trial time
225.58984902837562
mu is
5.747126436781609e-5
number of trials is
17400
number of Z or Y failures is
1
number of X failures is
0
average trial time
228.15862646502055
mu is
5.681818181818182e-5
number of trials is
17600
number of Z or Y failures is
1
number of X failures is
0
average trial time
230.68973113620575
mu is
5.617977528089888e-5
number of trials is
17800
number of Z or Y failures is
1
number of X failures is
0
average trial time
233.19986044800575
mu is
5.555555555555556e-5
number of trials is
18000
number of Z or Y failures is
1
number of X failures is
0
average trial time
235.75251760859584
mu is
5.4945054945054945e-5
number of trials is
18200
number of Z or Y failures is
1
number of X failures is
0
average trial time
238.24590812427584
mu is
5.4347826086956524e-5
number of trials is
18400
number of Z or Y failures is
1
number of X failures is
0
average trial time
240.80036583247093
mu is
5.3763440860215054e-5
number of trials is
18600
number of Z or Y failures is
1
number of X failures is
0
average trial time
243.35497253321603
mu is
5.319148936170213e-5
number of trials is
18800
number of Z or Y failures is
1
number of X failures is
0
average trial time
245.87531903571104
mu is
5.2631578947368424e-5
number of trials is
19000
number of Z or Y failures is
1
number of X failures is
0
average trial time
248.3896007414063
mu is
5.208333333333334e-5
number of trials is
19200
number of Z or Y failures is
1
number of X failures is
0
average trial time
250.90601242944632
mu is
5.154639175257732e-5
number of trials is
19400
number of Z or Y failures is
1
number of X failures is
0
average trial time
253.45205795290624
mu is
5.102040816326531e-5
number of trials is
19600
number of Z or Y failures is
1
number of X failures is
0
average trial time
256.01434969189626
mu is
5.0505050505050505e-5
number of trials is
19800
number of Z or Y failures is
1
number of X failures is
0
average trial time
258.5700779346561
mu is
5.0e-5
number of trials is
20000
number of Z or Y failures is
1
number of X failures is
0
average trial time
261.15644441647635
mu is
9.900990099009902e-5
number of trials is
20200
number of Z or Y failures is
2
number of X failures is
0
average trial time
263.7389813033662
mu is
9.80392156862745e-5
number of trials is
20400
number of Z or Y failures is
2
number of X failures is
0
average trial time
266.28053869387605
mu is
9.70873786407767e-5
number of trials is
20600
number of Z or Y failures is
2
number of X failures is
0
average trial time
268.823423933831
mu is
9.615384615384615e-5
number of trials is
20800
number of Z or Y failures is
2
number of X failures is
0
average trial time
271.36591363334077
mu is
0.00014285714285714287
number of trials is
21000
number of Z or Y failures is
3
number of X failures is
0
average trial time
273.90343565581566
mu is
0.00014150943396226416
number of trials is
21200
number of Z or Y failures is
3
number of X failures is
0
average trial time
276.47749797685066
mu is
0.00014018691588785047
number of trials is
21400
number of Z or Y failures is
3
number of X failures is
0
average trial time
279.01791327600046
mu is
0.0001388888888888889
number of trials is
21600
number of Z or Y failures is
3
number of X failures is
0
average trial time
281.5182720107653
mu is
0.00013761467889908258
number of trials is
21800
number of Z or Y failures is
3
number of X failures is
0
average trial time
284.05529939285526
mu is
0.00013636363636363637
number of trials is
22000
number of Z or Y failures is
3
number of X failures is
0
average trial time
286.5751516448354
mu is
0.00013513513513513514
number of trials is
22200
number of Z or Y failures is
3
number of X failures is
0
average trial time
289.10033889000056
mu is
0.00013392857142857144
number of trials is
22400
number of Z or Y failures is
3
number of X failures is
0
average trial time
291.6577245757958
mu is
0.00013274336283185842
number of trials is
22600
number of Z or Y failures is
3
number of X failures is
0
average trial time
294.21159986856566
mu is
0.00013157894736842105
number of trials is
22800
number of Z or Y failures is
3
number of X failures is
0
average trial time
296.7435110993055
mu is
0.00013043478260869564
number of trials is
23000
number of Z or Y failures is
3
number of X failures is
0
average trial time
299.2987369869554
mu is
0.0001293103448275862
number of trials is
23200
number of Z or Y failures is
3
number of X failures is
0
average trial time
301.8457879985653
mu is
0.0001282051282051282
number of trials is
23400
number of Z or Y failures is
3
number of X failures is
0
average trial time
304.3669300641054
mu is
0.00016949152542372882
number of trials is
23600
number of Z or Y failures is
4
number of X failures is
0
average trial time
306.92170386458537
mu is
0.0001680672268907563
number of trials is
23800
number of Z or Y failures is
4
number of X failures is
0
average trial time
309.4554054801304
mu is
0.00016666666666666666
number of trials is
24000
number of Z or Y failures is
4
number of X failures is
0
average trial time
311.9812179664004
mu is
0.00020661157024793388
number of trials is
24200
number of Z or Y failures is
5
number of X failures is
0
average trial time
314.52502590735025
stderr is
9.239186624872568e-5
target is
2.066115702479339e-5
mu is
0.00020491803278688525
number of trials is
24400
number of Z or Y failures is
5
number of X failures is
0
average trial time
317.04110606773514
stderr is
9.163461795961063e-5
target is
2.0491803278688525e-5
mu is
0.00024390243902439024
number of trials is
24600
number of Z or Y failures is
6
number of X failures is
0
average trial time
319.5872224477999
stderr is
9.956263366373427e-5
target is
2.4390243902439026e-5
mu is
0.00024193548387096774
number of trials is
24800
number of Z or Y failures is
6
number of X failures is
0
average trial time
322.09699273209486
stderr is
9.875979016164812e-5
target is
2.4193548387096777e-5
mu is
0.00024
number of trials is
25000
number of Z or Y failures is
6
number of X failures is
0
average trial time
324.62136800244474
stderr is
9.796979087043579e-5
target is
2.4e-5
mu is
0.0002380952380952381
number of trials is
25200
number of Z or Y failures is
6
number of X failures is
0
average trial time
327.13647552870464
stderr is
9.719233000591164e-5
target is
2.380952380952381e-5
mu is
0.00023622047244094488
number of trials is
25400
number of Z or Y failures is
6
number of X failures is
0
average trial time
329.68258793967505
stderr is
9.642711141393913e-5
target is
2.362204724409449e-5
mu is
0.000234375
number of trials is
25600
number of Z or Y failures is
6
number of X failures is
0
average trial time
332.1756901657657
stderr is
9.567384819429402e-5
target is
2.34375e-5
mu is
0.00023255813953488373
number of trials is
25800
number of Z or Y failures is
6
number of X failures is
0
average trial time
334.734449894486
stderr is
9.493226234202022e-5
target is
2.3255813953488374e-5
mu is
0.00023076923076923076
number of trials is
26000
number of Z or Y failures is
6
number of X failures is
0
average trial time
337.24483285674114
stderr is
9.420208440533723e-5
target is
2.307692307692308e-5
mu is
0.00022900763358778625
number of trials is
26200
number of Z or Y failures is
6
number of X failures is
0
average trial time
339.7297132536915
stderr is
9.348305315921397e-5
target is
2.2900763358778628e-5
mu is
0.00022727272727272727
number of trials is
26400
number of Z or Y failures is
6
number of X failures is
0
average trial time
342.2426940416166
stderr is
9.277491529377926e-5
target is
2.272727272727273e-5
mu is
0.0002255639097744361
number of trials is
26600
number of Z or Y failures is
6
number of X failures is
0
average trial time
344.7446656355865
stderr is
9.207742511678732e-5
target is
2.255639097744361e-5
mu is
0.00022388059701492538
number of trials is
26800
number of Z or Y failures is
6
number of X failures is
0
average trial time
347.28867375595144
stderr is
9.139034426940448e-5
target is
2.238805970149254e-5
mu is
0.00022222222222222223
number of trials is
27000
number of Z or Y failures is
6
number of X failures is
0
average trial time
349.81072713347623
stderr is
9.071344145462666e-5
target is
2.2222222222222223e-5
mu is
0.00022058823529411765
number of trials is
27200
number of Z or Y failures is
6
number of X failures is
0
average trial time
352.34552302185625
stderr is
9.0046492177677e-5
target is
2.2058823529411766e-5
mu is
0.00021897810218978101
number of trials is
27400
number of Z or Y failures is
6
number of X failures is
0
average trial time
354.8707163042511
stderr is
8.938927849777226e-5
target is
2.18978102189781e-5
mu is
0.0002173913043478261
number of trials is
27600
number of Z or Y failures is
6
number of X failures is
0
average trial time
357.3865641392008
stderr is
8.874158879068058e-5
target is
2.173913043478261e-5
mu is
0.0002158273381294964
number of trials is
27800
number of Z or Y failures is
6
number of X failures is
0
average trial time
359.91043232034065
stderr is
8.810321752152803e-5
target is
2.1582733812949642e-5
mu is
0.00021428571428571427
number of trials is
28000
number of Z or Y failures is
6
number of X failures is
0
average trial time
362.4570752534149
stderr is
8.747396502734092e-5
target is
2.1428571428571428e-5
mu is
0.0002127659574468085
number of trials is
28200
number of Z or Y failures is
6
number of X failures is
0
average trial time
365.03776978
stderr is
8.685363730884086e-5
target is
2.1276595744680852e-5
mu is
0.00021126760563380283
number of trials is
28400
number of Z or Y failures is
6
number of X failures is
0
average trial time
367.60204715667015
stderr is
8.624204583103647e-5
target is
2.1126760563380285e-5
mu is
0.0002097902097902098
number of trials is
28600
number of Z or Y failures is
6
number of X failures is
0
average trial time
370.1360077570996
stderr is
8.563900733218103e-5
target is
2.097902097902098e-5
mu is
0.00020833333333333335
number of trials is
28800
number of Z or Y failures is
6
number of X failures is
0
average trial time
372.70066438847925
stderr is
8.504434364068971e-5
target is
2.0833333333333336e-5
mu is
0.00020689655172413793
number of trials is
29000
number of Z or Y failures is
6
number of X failures is
0
average trial time
375.2393109616941
stderr is
8.445788149963188e-5
target is
2.0689655172413793e-5
mu is
0.00020547945205479453
number of trials is
29200
number of Z or Y failures is
6
number of X failures is
0
average trial time
377.78127000218427
stderr is
8.387945239843536e-5
target is
2.0547945205479456e-5
mu is
0.00020408163265306123
number of trials is
29400
number of Z or Y failures is
6
number of X failures is
0
average trial time
380.3323511444939
stderr is
8.330889241145953e-5
target is
2.0408163265306126e-5
mu is
0.0002027027027027027
number of trials is
29600
number of Z or Y failures is
6
number of X failures is
0
average trial time
382.87096425991894
stderr is
8.274604204311199e-5
target is
2.027027027027027e-5
mu is
0.00020134228187919463
number of trials is
29800
number of Z or Y failures is
6
number of X failures is
0
average trial time
385.41572918899845
stderr is
8.219074607920175e-5
target is
2.0134228187919465e-5
mu is
0.0002
number of trials is
30000
number of Z or Y failures is
6
number of X failures is
0
average trial time
387.9513141737789
stderr is
8.164285344423777e-5
target is
2.0e-5
mu is
0.00019867549668874172
number of trials is
30200
number of Z or Y failures is
6
number of X failures is
0
average trial time
390.504925350269
stderr is
8.110221706439717e-5
target is
1.9867549668874173e-5
mu is
0.00019736842105263157
number of trials is
30400
number of Z or Y failures is
6
number of X failures is
0
average trial time
393.07291711039926
stderr is
8.056869373590242e-5
target is
1.9736842105263158e-5
mu is
0.000196078431372549
number of trials is
30600
number of Z or Y failures is
6
number of X failures is
0
average trial time
395.6001396068543
stderr is
8.004214399855942e-5
target is
1.9607843137254903e-5
mu is
0.0001948051948051948
number of trials is
30800
number of Z or Y failures is
6
number of X failures is
0
average trial time
398.11508417449426
stderr is
7.952243201422264e-5
target is
1.9480519480519483e-5
mu is
0.0001935483870967742
number of trials is
31000
number of Z or Y failures is
6
number of X failures is
0
average trial time
400.63797222963444
stderr is
7.900942544996408e-5
target is
1.935483870967742e-5
mu is
0.0001923076923076923
number of trials is
31200
number of Z or Y failures is
6
number of X failures is
0
average trial time
403.18319073937425
stderr is
7.850299536573573e-5
target is
1.923076923076923e-5
mu is
0.0001910828025477707
number of trials is
31400
number of Z or Y failures is
6
number of X failures is
0
average trial time
405.7233014945346
stderr is
7.800301610632459e-5
target is
1.910828025477707e-5
mu is
0.00018987341772151899
number of trials is
31600
number of Z or Y failures is
6
number of X failures is
0
average trial time
408.24331451029974
stderr is
7.750936519741043e-5
target is
1.89873417721519e-5
mu is
0.00018867924528301886
number of trials is
31800
number of Z or Y failures is
6
number of X failures is
0
average trial time
410.7645068255692
stderr is
7.702192324554567e-5
target is
1.8867924528301888e-5
mu is
0.0001875
number of trials is
32000
number of Z or Y failures is
6
number of X failures is
0
average trial time
413.30718590925886
stderr is
7.654057384188549e-5
target is
1.8750000000000002e-5
mu is
0.00018633540372670808
number of trials is
32200
number of Z or Y failures is
6
number of X failures is
0
average trial time
415.8508745869135
stderr is
7.606520346950566e-5
target is
1.863354037267081e-5
mu is
0.00018518518518518518
number of trials is
32400
number of Z or Y failures is
6
number of X failures is
0
average trial time
418.3620702409534
stderr is
7.559570141415249e-5
target is
1.8518518518518518e-5
mu is
0.00018404907975460124
number of trials is
32600
number of Z or Y failures is
6
number of X failures is
0
average trial time
420.90393905213335
stderr is
7.513195967827806e-5
target is
1.8404907975460126e-5
mu is
0.00018292682926829268
number of trials is
32800
number of Z or Y failures is
6
number of X failures is
0
average trial time
423.4322034546731
stderr is
7.467387289822e-5
target is
1.8292682926829268e-5
mu is
0.0001818181818181818
number of trials is
33000
number of Z or Y failures is
6
number of X failures is
0
average trial time
426.00228384097335
stderr is
7.422133826439302e-5
target is
1.8181818181818182e-5
mu is
0.00018072289156626507
number of trials is
33200
number of Z or Y failures is
6
number of X failures is
0
average trial time
428.53121752672314
stderr is
7.377425544436449e-5
target is
1.807228915662651e-5
mu is
0.00017964071856287425
number of trials is
33400
number of Z or Y failures is
6
number of X failures is
0
average trial time
431.0843639272933
stderr is
7.333252650869382e-5
target is
1.7964071856287426e-5
mu is
0.00017857142857142857
number of trials is
33600
number of Z or Y failures is
6
number of X failures is
0
average trial time
433.62682562802314
stderr is
7.289605585942024e-5
target is
1.785714285714286e-5
mu is
0.00017751479289940828
number of trials is
33800
number of Z or Y failures is
6
number of X failures is
0
average trial time
436.1519437003683
stderr is
7.246475016108905e-5
target is
1.7751479289940828e-5
mu is
0.00017647058823529413
number of trials is
34000
number of Z or Y failures is
6
number of X failures is
0
average trial time
438.6967784636432
stderr is
7.203851827421238e-5
target is
1.7647058823529414e-5
mu is
0.00017543859649122806
number of trials is
34200
number of Z or Y failures is
6
number of X failures is
0
average trial time
441.2841109187382
stderr is
7.161727119106429e-5
target is
1.7543859649122806e-5
mu is
0.0001744186046511628
number of trials is
34400
number of Z or Y failures is
6
number of X failures is
0
average trial time
443.82050537442797
stderr is
7.120092197371535e-5
target is
1.744186046511628e-5
mu is
0.00017341040462427745
number of trials is
34600
number of Z or Y failures is
6
number of X failures is
0
average trial time
446.3683792820025
stderr is
7.078938569421635e-5
target is
1.7341040462427746e-5
mu is
0.00017241379310344826
number of trials is
34800
number of Z or Y failures is
6
number of X failures is
0
average trial time
448.9062518343026
stderr is
7.038257937684444e-5
target is
1.7241379310344828e-5
mu is
0.00017142857142857143
number of trials is
35000
number of Z or Y failures is
6
number of X failures is
0
average trial time
451.4245050191829
stderr is
6.99804219423291e-5
target is
1.7142857142857142e-5
mu is
0.00017045454545454547
number of trials is
35200
number of Z or Y failures is
6
number of X failures is
0
average trial time
453.9542864793082
stderr is
6.958283415397963e-5
target is
1.7045454545454546e-5
mu is
0.00016949152542372882
number of trials is
35400
number of Z or Y failures is
6
number of X failures is
0
average trial time
456.49259496400316
stderr is
6.918973856563837e-5
target is
1.6949152542372885e-5
mu is
0.00016853932584269662
number of trials is
35600
number of Z or Y failures is
6
number of X failures is
0
average trial time
459.0152934437382
stderr is
6.880105947138857e-5
target is
1.685393258426966e-5
mu is
0.0001675977653631285
number of trials is
35800
number of Z or Y failures is
6
number of X failures is
0
average trial time
461.5765498346986
stderr is
6.841672285694752e-5
target is
1.675977653631285e-5
mu is
0.00019444444444444443
number of trials is
36000
number of Z or Y failures is
7
number of X failures is
0
average trial time
464.1204719596436
stderr is
7.348696712433782e-5
target is
1.9444444444444445e-5
mu is
0.00019337016574585636
number of trials is
36200
number of Z or Y failures is
7
number of X failures is
0
average trial time
466.6543817036243
stderr is
7.308099543542673e-5
target is
1.933701657458564e-5
mu is
0.0001923076923076923
number of trials is
36400
number of Z or Y failures is
7
number of X failures is
0
average trial time
469.17719861843915
stderr is
7.26794846060454e-5
target is
1.923076923076923e-5
mu is
0.0001912568306010929
number of trials is
36600
number of Z or Y failures is
7
number of X failures is
0
average trial time
471.71476350011426
stderr is
7.22823615133464e-5
target is
1.9125683060109292e-5
mu is
0.00019021739130434782
number of trials is
36800
number of Z or Y failures is
7
number of X failures is
0
average trial time
474.2645783362095
stderr is
7.188955462397972e-5
target is
1.9021739130434784e-5
mu is
0.0001891891891891892
number of trials is
37000
number of Z or Y failures is
7
number of X failures is
0
average trial time
476.84082971647416
stderr is
7.150099395113691e-5
target is
1.891891891891892e-5
mu is
0.0001881720430107527
number of trials is
37200
number of Z or Y failures is
7
number of X failures is
0
average trial time
479.3685858898342
stderr is
7.11166110129807e-5
target is
1.881720430107527e-5
mu is
0.0001871657754010695
number of trials is
37400
number of Z or Y failures is
7
number of X failures is
0
average trial time
481.9148020750293
stderr is
7.073633879240837e-5
target is
1.8716577540106954e-5
mu is
0.00018617021276595746
number of trials is
37600
number of Z or Y failures is
7
number of X failures is
0
average trial time
484.48266887676954
stderr is
7.03601116980992e-5
target is
1.8617021276595748e-5
mu is
0.00018518518518518518
number of trials is
37800
number of Z or Y failures is
7
number of X failures is
0
average trial time
487.02012610761926
stderr is
6.998786552679828e-5
target is
1.8518518518518518e-5
mu is
0.00018421052631578948
number of trials is
38000
number of Z or Y failures is
7
number of X failures is
0
average trial time
489.5472093090295
stderr is
6.961953742679138e-5
target is
1.842105263157895e-5
mu is
0.0001832460732984293
number of trials is
38200
number of Z or Y failures is
7
number of X failures is
0
average trial time
492.0610990869942
stderr is
6.925506586252716e-5
target is
1.8324607329842934e-5
mu is
0.00018229166666666667
number of trials is
38400
number of Z or Y failures is
7
number of X failures is
0
average trial time
494.59539443256404
stderr is
6.889439058034466e-5
target is
1.8229166666666668e-5
mu is
0.00018134715025906737
number of trials is
38600
number of Z or Y failures is
7
number of X failures is
0
average trial time
497.13259199416416
stderr is
6.853745257526636e-5
target is
1.813471502590674e-5
mu is
0.00018041237113402062
number of trials is
38800
number of Z or Y failures is
7
number of X failures is
0
average trial time
499.66408549988375
stderr is
6.81841940588181e-5
target is
1.8041237113402062e-5
mu is
0.0001794871794871795
number of trials is
39000
number of Z or Y failures is
7
number of X failures is
0
average trial time
502.19078956751434
stderr is
6.783455842783903e-5
target is
1.794871794871795e-5
mu is
0.00017857142857142857
number of trials is
39200
number of Z or Y failures is
7
number of X failures is
0
average trial time
504.71799478503965
stderr is
6.748849023424643e-5
target is
1.785714285714286e-5
mu is
0.00017766497461928934
number of trials is
39400
number of Z or Y failures is
7
number of X failures is
0
average trial time
507.23161548506454
stderr is
6.714593515572119e-5
target is
1.7766497461928935e-5
mu is
0.00020202020202020202
number of trials is
39600
number of Z or Y failures is
8
number of X failures is
0
average trial time
509.76629290784444
stderr is
7.141861414490901e-5
target is
2.0202020202020203e-5
mu is
0.00020100502512562814
number of trials is
39800
number of Z or Y failures is
8
number of X failures is
0
average trial time
512.3018628406851
stderr is
7.105975820426569e-5
target is
2.0100502512562815e-5
mu is
0.0002
number of trials is
40000
number of Z or Y failures is
8
number of X failures is
0
average trial time
514.8706588250005
stderr is
7.070449050890936e-5
target is
2.0e-5
mu is
0.0001990049751243781
number of trials is
40200
number of Z or Y failures is
8
number of X failures is
0
average trial time
517.2250476748002
stderr is
7.035275750760556e-5
target is
1.990049751243781e-5
mu is
0.00019801980198019803
number of trials is
40400
number of Z or Y failures is
8
number of X failures is
0
average trial time
519.5826799395752
stderr is
7.000450670944838e-5
target is
1.9801980198019806e-5
mu is
0.00019704433497536947
number of trials is
40600
number of Z or Y failures is
8
number of X failures is
0
average trial time
521.9383951239206
stderr is
6.965968665774624e-5
target is
1.970443349753695e-5
mu is
0.000196078431372549
number of trials is
40800
number of Z or Y failures is
8
number of X failures is
0
average trial time
524.2770570753758
stderr is
6.93182469046757e-5
target is
1.9607843137254903e-5
mu is
0.0001951219512195122
number of trials is
41000
number of Z or Y failures is
8
number of X failures is
0
average trial time
526.6368139233505
stderr is
6.898013798667702e-5
target is
1.9512195121951222e-5
mu is
0.0001941747572815534
number of trials is
41200
number of Z or Y failures is
8
number of X failures is
0
average trial time
528.9787661970761
stderr is
6.864531140056625e-5
target is
1.9417475728155343e-5
mu is
0.0001932367149758454
number of trials is
41400
number of Z or Y failures is
8
number of X failures is
0
average trial time
531.3140017431062
stderr is
6.831371958033977e-5
target is
1.932367149758454e-5
mu is
0.0001923076923076923
number of trials is
41600
number of Z or Y failures is
8
number of X failures is
0
average trial time
533.6895327876114
stderr is
6.798531587464772e-5
target is
1.923076923076923e-5
mu is
0.00019138755980861245
number of trials is
41800
number of Z or Y failures is
8
number of X failures is
0
average trial time
536.048011748206
stderr is
6.766005452491435e-5
target is
1.9138755980861247e-5
mu is
0.00019047619047619048
number of trials is
42000
number of Z or Y failures is
8
number of X failures is
0
average trial time
538.3816142468208
stderr is
6.733789064408306e-5
target is
1.904761904761905e-5
mu is
0.0001895734597156398
number of trials is
42200
number of Z or Y failures is
8
number of X failures is
0
average trial time
540.7367850651958
stderr is
6.701878019596612e-5
target is
1.895734597156398e-5
mu is
0.00018867924528301886
number of trials is
42400
number of Z or Y failures is
8
number of X failures is
0
average trial time
543.0825629032508
stderr is
6.670267997517857e-5
target is
1.8867924528301888e-5
mu is
0.00021126760563380283
number of trials is
42600
number of Z or Y failures is
9
number of X failures is
0
average trial time
545.4638261127958
stderr is
7.041592230093434e-5
target is
2.1126760563380285e-5
mu is
0.0002102803738317757
number of trials is
42800
number of Z or Y failures is
9
number of X failures is
0
average trial time
547.8002572526805
stderr is
7.008690669424915e-5
target is
2.102803738317757e-5
mu is
0.00020930232558139534
number of trials is
43000
number of Z or Y failures is
9
number of X failures is
0
average trial time
550.110129388906
stderr is
6.976095141303749e-5
target is
2.0930232558139536e-5
mu is
0.00020833333333333335
number of trials is
43200
number of Z or Y failures is
9
number of X failures is
0
average trial time
552.4318989590408
stderr is
6.943801395671673e-5
target is
2.0833333333333336e-5
mu is
0.00020737327188940092
number of trials is
43400
number of Z or Y failures is
9
number of X failures is
0
average trial time
554.8108497610306
stderr is
6.911805260805288e-5
target is
2.0737327188940094e-5
mu is
0.00020642201834862386
number of trials is
43600
number of Z or Y failures is
9
number of X failures is
0
average trial time
557.1439508294006
stderr is
6.880102641519541e-5
target is
2.0642201834862388e-5
mu is
0.00020547945205479453
number of trials is
43800
number of Z or Y failures is
9
number of X failures is
0
average trial time
559.4945029345006
stderr is
6.848689517420449e-5
target is
2.0547945205479456e-5
mu is
0.00020454545454545454
number of trials is
44000
number of Z or Y failures is
9
number of X failures is
0
average trial time
561.8124823546508
stderr is
6.817561941205454e-5
target is
2.0454545454545454e-5
mu is
0.00020361990950226245
number of trials is
44200
number of Z or Y failures is
9
number of X failures is
0
average trial time
564.1637350088106
stderr is
6.786716037009915e-5
target is
2.0361990950226245e-5
mu is
0.00022522522522522523
number of trials is
44400
number of Z or Y failures is
10
number of X failures is
0
average trial time
566.5381611132952
stderr is
7.1215250801611e-5
target is
2.2522522522522523e-5
mu is
0.0002242152466367713
number of trials is
44600
number of Z or Y failures is
10
number of X failures is
0
average trial time
568.8755186822355
stderr is
7.089593213063279e-5
target is
2.2421524663677132e-5
mu is
0.0002232142857142857
number of trials is
44800
number of Z or Y failures is
10
number of X failures is
0
average trial time
571.2213537678202
stderr is
7.057946423271758e-5
target is
2.232142857142857e-5
mu is
0.00022222222222222223
number of trials is
45000
number of Z or Y failures is
10
number of X failures is
0
average trial time
573.5866091037003
stderr is
7.026580910136111e-5
target is
2.2222222222222223e-5
mu is
0.00022123893805309734
number of trials is
45200
number of Z or Y failures is
10
number of X failures is
0
average trial time
575.9447815838
stderr is
6.995492940267368e-5
target is
2.2123893805309735e-5
mu is
0.00022026431718061675
number of trials is
45400
number of Z or Y failures is
10
number of X failures is
0
average trial time
578.2791810143998
stderr is
6.964678846056614e-5
target is
2.2026431718061676e-5
mu is
0.0002192982456140351
number of trials is
45600
number of Z or Y failures is
10
number of X failures is
0
average trial time
580.6416907157799
stderr is
6.934135024232603e-5
target is
2.192982456140351e-5
mu is
0.0002183406113537118
number of trials is
45800
number of Z or Y failures is
10
number of X failures is
0
average trial time
582.9773567375747
stderr is
6.90385793445713e-5
target is
2.183406113537118e-5
mu is
0.0002173913043478261
number of trials is
46000
number of Z or Y failures is
10
number of X failures is
0
average trial time
585.3065037353698
stderr is
6.873844097957067e-5
target is
2.173913043478261e-5
10
0
46000
0.0002173913043478261
