mu is
0.01
number of trials is
200
number of Z or Y failures is
2
number of X failures is
0
average trial time
0.3839498642949999
mu is
0.01
number of trials is
400
number of Z or Y failures is
4
number of X failures is
0
average trial time
0.5921723988100002
mu is
0.006666666666666667
number of trials is
600
number of Z or Y failures is
4
number of X failures is
0
average trial time
0.8033681193599999
mu is
0.00875
number of trials is
800
number of Z or Y failures is
7
number of X failures is
0
average trial time
1.012615178689999
stderr is
0.003294748257849642
target is
0.0008750000000000001
mu is
0.01
number of trials is
1000
number of Z or Y failures is
10
number of X failures is
0
average trial time
1.2228908361749993
stderr is
0.003148000938676784
target is
0.001
mu is
0.01
number of trials is
1200
number of Z or Y failures is
12
number of X failures is
0
average trial time
1.4293234098399994
stderr is
0.0028734788556634538
target is
0.001
mu is
0.01
number of trials is
1400
number of Z or Y failures is
14
number of X failures is
0
average trial time
1.6372985658300003
stderr is
0.002660166010287205
target is
0.001
mu is
0.011875
number of trials is
1600
number of Z or Y failures is
19
number of X failures is
0
average trial time
1.8469632992049998
stderr is
0.0027089346039643235
target is
0.0011875000000000002
mu is
0.012222222222222223
number of trials is
1800
number of Z or Y failures is
22
number of X failures is
0
average trial time
2.0546642048600012
stderr is
0.002590533017599114
target is
0.0012222222222222224
mu is
0.011
number of trials is
2000
number of Z or Y failures is
22
number of X failures is
0
average trial time
2.263420613255
stderr is
0.002332856855993371
target is
0.0011
mu is
0.01
number of trials is
2200
number of Z or Y failures is
22
number of X failures is
0
average trial time
2.467915528144999
stderr is
0.0021218026262403216
target is
0.001
mu is
0.01125
number of trials is
2400
number of Z or Y failures is
27
number of X failures is
0
average trial time
2.6802718502
stderr is
0.002153299231952208
target is
0.001125
mu is
0.011538461538461539
number of trials is
2600
number of Z or Y failures is
30
number of X failures is
0
average trial time
2.8898486318
stderr is
0.0020948392443598785
target is
0.001153846153846154
mu is
0.011428571428571429
number of trials is
2800
number of Z or Y failures is
32
number of X failures is
0
average trial time
3.103386415075001
stderr is
0.002009086111597339
target is
0.001142857142857143
mu is
0.011666666666666667
number of trials is
3000
number of Z or Y failures is
35
number of X failures is
0
average trial time
3.3127824833949995
stderr is
0.0019608161868359913
target is
0.0011666666666666668
mu is
0.011875
number of trials is
3200
number of Z or Y failures is
38
number of X failures is
0
average trial time
3.5260577006799996
stderr is
0.001915206613476427
target is
0.0011875000000000002
mu is
0.011176470588235295
number of trials is
3400
number of Z or Y failures is
38
number of X failures is
0
average trial time
3.735791261760001
stderr is
0.0018031678421512524
target is
0.0011176470588235294
mu is
0.010833333333333334
number of trials is
3600
number of Z or Y failures is
39
number of X failures is
0
average trial time
3.9426290026000017
stderr is
0.001725539344689098
target is
0.0010833333333333335
mu is
0.010789473684210526
number of trials is
3800
number of Z or Y failures is
41
number of X failures is
0
average trial time
4.153402315360001
stderr is
0.0016761382920431234
target is
0.0010789473684210526
mu is
0.01125
number of trials is
4000
number of Z or Y failures is
45
number of X failures is
0
average trial time
4.3625938366
stderr is
0.0016677993775304398
target is
0.001125
mu is
0.01119047619047619
number of trials is
4200
number of Z or Y failures is
47
number of X failures is
0
average trial time
4.575982184579999
stderr is
0.0016233331849811244
target is
0.0011190476190476191
mu is
0.011136363636363637
number of trials is
4400
number of Z or Y failures is
49
number of X failures is
0
average trial time
4.786279168484996
stderr is
0.0015822056250662973
target is
0.0011136363636363637
mu is
0.010869565217391304
number of trials is
4600
number of Z or Y failures is
50
number of X failures is
0
average trial time
5.003231071579997
stderr is
0.001528977744763685
target is
0.0010869565217391304
mu is
0.010833333333333334
number of trials is
4800
number of Z or Y failures is
52
number of X failures is
0
average trial time
5.213054551739997
stderr is
0.0014943090084854063
target is
0.0010833333333333335
mu is
0.0106
number of trials is
5000
number of Z or Y failures is
53
number of X failures is
0
average trial time
5.423916853600008
stderr is
0.0014484293526154126
target is
0.00106
mu is
0.010769230769230769
number of trials is
5200
number of Z or Y failures is
56
number of X failures is
0
average trial time
5.632747158004995
stderr is
0.0014314666721921302
target is
0.0010769230769230769
mu is
0.010555555555555556
number of trials is
5400
number of Z or Y failures is
57
number of X failures is
0
average trial time
5.843024903664992
stderr is
0.0013908477470742822
target is
0.0010555555555555557
mu is
0.01107142857142857
number of trials is
5600
number of Z or Y failures is
62
number of X failures is
0
average trial time
6.053817120214996
stderr is
0.0013983924151735256
target is
0.001107142857142857
mu is
0.010862068965517242
number of trials is
5800
number of Z or Y failures is
63
number of X failures is
0
average trial time
6.265944615260001
stderr is
0.0013611567830781304
target is
0.0010862068965517243
mu is
0.010833333333333334
number of trials is
6000
number of Z or Y failures is
65
number of X failures is
0
average trial time
6.477918690270007
stderr is
0.0013365227592093912
target is
0.0010833333333333335
mu is
0.010806451612903226
number of trials is
6200
number of Z or Y failures is
67
number of X failures is
0
average trial time
6.69251765366501
stderr is
0.0013131712805790553
target is
0.0010806451612903228
mu is
0.0109375
number of trials is
6400
number of Z or Y failures is
70
number of X failures is
0
average trial time
6.9028340356150055
stderr is
0.0013002140238640675
target is
0.0010937499999999999
mu is
0.010757575757575757
number of trials is
6600
number of Z or Y failures is
71
number of X failures is
0
average trial time
7.115745033505005
stderr is
0.0012698999583181149
target is
0.0010757575757575758
mu is
0.01088235294117647
number of trials is
6800
number of Z or Y failures is
74
number of X failures is
0
average trial time
7.325746784850009
stderr is
0.0012582381764471074
target is
0.001088235294117647
mu is
0.011428571428571429
number of trials is
7000
number of Z or Y failures is
80
number of X failures is
0
average trial time
7.538419901590007
stderr is
0.001270521456975504
target is
0.001142857142857143
mu is
0.011527777777777777
number of trials is
7200
number of Z or Y failures is
83
number of X failures is
0
average trial time
7.746545502920007
stderr is
0.001258110960509672
target is
0.0011527777777777777
mu is
0.011756756756756756
number of trials is
7400
number of Z or Y failures is
87
number of X failures is
0
average trial time
7.958538298705003
stderr is
0.0012531099535391002
target is
0.0011756756756756757
mu is
0.011842105263157895
number of trials is
7600
number of Z or Y failures is
90
number of X failures is
0
average trial time
8.167638335320008
stderr is
0.0012409360711526385
target is
0.0011842105263157896
mu is
0.011666666666666667
number of trials is
7800
number of Z or Y failures is
91
number of X failures is
0
average trial time
8.379222143130008
stderr is
0.0012159218314458516
target is
0.0011666666666666668
mu is
0.012
number of trials is
8000
number of Z or Y failures is
96
number of X failures is
0
average trial time
8.589471716345011
stderr is
0.001217450316505419
target is
0.0012000000000000001
mu is
0.012073170731707317
number of trials is
8200
number of Z or Y failures is
99
number of X failures is
0
average trial time
8.800851128565018
stderr is
0.0012061258286755019
target is
0.001207317073170732
mu is
0.012261904761904762
number of trials is
8400
number of Z or Y failures is
103
number of X failures is
0
average trial time
9.013631881660023
stderr is
0.00120084258496297
target is
0.0012261904761904762
mu is
0.012093023255813953
number of trials is
8600
number of Z or Y failures is
104
number of X failures is
0
average trial time
9.22558915308502
stderr is
0.0011786951480048855
target is
0.0012093023255813954
mu is
0.012045454545454545
number of trials is
8800
number of Z or Y failures is
106
number of X failures is
0
average trial time
9.436747147590026
stderr is
0.0011629563638804448
target is
0.0012045454545454547
mu is
0.012222222222222223
number of trials is
9000
number of Z or Y failures is
110
number of X failures is
0
average trial time
9.647600230655025
stderr is
0.0011582640785938912
target is
0.0012222222222222224
mu is
0.01217391304347826
number of trials is
9200
number of Z or Y failures is
112
number of X failures is
0
average trial time
9.85951501471502
stderr is
0.0011433653686383689
target is
0.0012173913043478262
mu is
0.012127659574468085
number of trials is
9400
number of Z or Y failures is
114
number of X failures is
0
average trial time
10.067704455485018
stderr is
0.0011290107754910969
target is
0.0012127659574468087
mu is
0.012291666666666666
number of trials is
9600
number of Z or Y failures is
118
number of X failures is
0
average trial time
10.279426796355015
stderr is
0.0011246224539116665
target is
0.0012291666666666666
mu is
0.012551020408163265
number of trials is
9800
number of Z or Y failures is
123
number of X failures is
0
average trial time
10.486616072645022
stderr is
0.001124620437829723
target is
0.0012551020408163266
mu is
0.0124
number of trials is
10000
number of Z or Y failures is
124
number of X failures is
0
average trial time
10.698081709130024
stderr is
0.0011066826440526952
target is
0.00124
mu is
0.012254901960784314
number of trials is
10200
number of Z or Y failures is
125
number of X failures is
0
average trial time
10.905658578575016
stderr is
0.00108942808310654
target is
0.0012254901960784314
mu is
0.012307692307692308
number of trials is
10400
number of Z or Y failures is
128
number of X failures is
0
average trial time
11.118145331155016
stderr is
0.001081193339857793
target is
0.0012307692307692308
mu is
0.012075471698113207
number of trials is
10600
number of Z or Y failures is
128
number of X failures is
0
average trial time
11.331849535995012
stderr is
0.001060917199598682
target is
0.0012075471698113208
mu is
0.012037037037037037
number of trials is
10800
number of Z or Y failures is
130
number of X failures is
0
average trial time
11.543891827840023
stderr is
0.0010493934757521614
target is
0.0012037037037037038
mu is
0.012
number of trials is
11000
number of Z or Y failures is
132
number of X failures is
0
average trial time
11.756077191175036
stderr is
0.0010382274193054498
target is
0.0012000000000000001
mu is
0.011964285714285714
number of trials is
11200
number of Z or Y failures is
134
number of X failures is
0
average trial time
11.965228433575044
stderr is
0.0010274012437311829
target is
0.0011964285714285714
mu is
0.011929824561403509
number of trials is
11400
number of Z or Y failures is
136
number of X failures is
0
average trial time
12.175824624265033
stderr is
0.0010168983599787068
target is
0.001192982456140351
mu is
0.01206896551724138
number of trials is
11600
number of Z or Y failures is
140
number of X failures is
0
average trial time
12.385449168970037
stderr is
0.0010138835182864465
target is
0.001206896551724138
mu is
0.011864406779661017
number of trials is
11800
number of Z or Y failures is
140
number of X failures is
0
average trial time
12.595515098275039
stderr is
0.0009968015053528104
target is
0.0011864406779661019
mu is
0.011833333333333333
number of trials is
12000
number of Z or Y failures is
142
number of X failures is
0
average trial time
12.804584747310027
stderr is
0.000987179487179487
target is
0.0011833333333333333
mu is
0.011967213114754098
number of trials is
12200
number of Z or Y failures is
146
number of X failures is
0
average trial time
13.013989642325027
stderr is
0.0009845098715965729
target is
0.00119672131147541
mu is
0.012096774193548387
number of trials is
12400
number of Z or Y failures is
150
number of X failures is
0
average trial time
13.223226513455035
stderr is
0.0009817449109723326
target is
0.0012096774193548388
mu is
0.012063492063492064
number of trials is
12600
number of Z or Y failures is
152
number of X failures is
0
average trial time
13.436773384325017
stderr is
0.0009725971681157568
target is
0.0012063492063492066
mu is
0.011875
number of trials is
12800
number of Z or Y failures is
152
number of X failures is
0
average trial time
13.64575273278502
stderr is
0.0009574910722557616
target is
0.0011875000000000002
mu is
0.011846153846153847
number of trials is
13000
number of Z or Y failures is
154
number of X failures is
0
average trial time
13.858788691555015
stderr is
0.0009489558230116823
target is
0.0011846153846153847
mu is
0.011666666666666667
number of trials is
13200
number of Z or Y failures is
154
number of X failures is
0
average trial time
14.067852253545029
stderr is
0.0009346620337446595
target is
0.0011666666666666668
mu is
0.011791044776119404
number of trials is
13400
number of Z or Y failures is
158
number of X failures is
0
average trial time
14.277929856070035
stderr is
0.0009325332876912273
target is
0.0011791044776119405
mu is
0.011691176470588236
number of trials is
13600
number of Z or Y failures is
159
number of X failures is
0
average trial time
14.491035652075036
stderr is
0.0009217687010842451
target is
0.0011691176470588237
mu is
0.011739130434782608
number of trials is
13800
number of Z or Y failures is
162
number of X failures is
0
average trial time
14.701044912400041
stderr is
0.0009169168560262804
target is
0.0011739130434782609
mu is
0.011785714285714287
number of trials is
14000
number of Z or Y failures is
165
number of X failures is
0
average trial time
14.912780375925049
stderr is
0.0009121263696520193
target is
0.0011785714285714288
mu is
0.011830985915492958
number of trials is
14200
number of Z or Y failures is
168
number of X failures is
0
average trial time
15.123138324795052
stderr is
0.0009073967196328763
target is
0.001183098591549296
mu is
0.011875
number of trials is
14400
number of Z or Y failures is
171
number of X failures is
0
average trial time
15.33327521796506
stderr is
0.0009027273217718824
target is
0.0011875000000000002
mu is
0.011986301369863013
number of trials is
14600
number of Z or Y failures is
175
number of X failures is
0
average trial time
15.54304952744507
stderr is
0.0009006634215396461
target is
0.0011986301369863014
mu is
0.011959459459459459
number of trials is
14800
number of Z or Y failures is
177
number of X failures is
0
average trial time
15.754211030605077
stderr is
0.0008935666935563903
target is
0.001195945945945946
mu is
0.012
number of trials is
15000
number of Z or Y failures is
180
number of X failures is
0
average trial time
15.96524593852507
stderr is
0.0008890740671318989
target is
0.0012000000000000001
mu is
0.011973684210526315
number of trials is
15200
number of Z or Y failures is
182
number of X failures is
0
average trial time
16.174151016935078
stderr is
0.000882247930989082
target is
0.0011973684210526316
mu is
0.012012987012987014
number of trials is
15400
number of Z or Y failures is
185
number of X failures is
0
average trial time
16.383561273185077
stderr is
0.0008779198370074773
target is
0.0012012987012987014
mu is
0.011987179487179487
number of trials is
15600
number of Z or Y failures is
187
number of X failures is
0
average trial time
16.59267297407506
stderr is
0.0008713475513454414
target is
0.0011987179487179488
mu is
0.01189873417721519
number of trials is
15800
number of Z or Y failures is
188
number of X failures is
0
average trial time
16.804080793205053
stderr is
0.0008626533425596891
target is
0.001189873417721519
mu is
0.0118125
number of trials is
16000
number of Z or Y failures is
189
number of X failures is
0
average trial time
17.014423500160053
stderr is
0.0008541697156322735
target is
0.00118125
mu is
0.011790123456790123
number of trials is
16200
number of Z or Y failures is
191
number of X failures is
0
average trial time
17.223137904375065
stderr is
0.0008480855599299952
target is
0.0011790123456790124
mu is
0.01176829268292683
number of trials is
16400
number of Z or Y failures is
193
number of X failures is
0
average trial time
17.435189115260062
stderr is
0.0008421267048677376
target is
0.001176829268292683
mu is
0.011867469879518072
number of trials is
16600
number of Z or Y failures is
197
number of X failures is
0
average trial time
17.645173548605047
stderr is
0.0008405154580408041
target is
0.0011867469879518072
mu is
0.011904761904761904
number of trials is
16800
number of Z or Y failures is
200
number of X failures is
0
average trial time
17.853825847605048
stderr is
0.0008367930125847369
target is
0.0011904761904761906
mu is
0.011823529411764707
number of trials is
17000
number of Z or Y failures is
201
number of X failures is
0
average trial time
18.064954354365046
stderr is
0.0008290469681894247
target is
0.0011823529411764708
mu is
0.011744186046511628
number of trials is
17200
number of Z or Y failures is
202
number of X failures is
0
average trial time
18.278576736350043
stderr is
0.0008214753801182999
target is
0.001174418604651163
mu is
0.01160919540229885
number of trials is
17400
number of Z or Y failures is
202
number of X failures is
0
average trial time
18.48777936464004
stderr is
0.0008120883208807879
target is
0.001160919540229885
mu is
0.011534090909090909
number of trials is
17600
number of Z or Y failures is
203
number of X failures is
0
average trial time
18.69893440998006
stderr is
0.0008048751837189749
target is
0.001153409090909091
mu is
0.011685393258426966
number of trials is
17800
number of Z or Y failures is
208
number of X failures is
0
average trial time
18.908479579970045
stderr is
0.0008055109931939787
target is
0.0011685393258426967
mu is
0.011666666666666667
number of trials is
18000
number of Z or Y failures is
210
number of X failures is
0
average trial time
19.11830181439505
stderr is
0.0008003886617542414
target is
0.0011666666666666668
mu is
0.011703296703296704
number of trials is
18200
number of Z or Y failures is
213
number of X failures is
0
average trial time
19.32671443507506
stderr is
0.0007972123511385898
target is
0.0011703296703296704
mu is
0.011739130434782608
number of trials is
18400
number of Z or Y failures is
216
number of X failures is
0
average trial time
19.53677699338506
stderr is
0.000794066097360561
target is
0.0011739130434782609
mu is
0.011612903225806452
number of trials is
18600
number of Z or Y failures is
216
number of X failures is
0
average trial time
19.74723207428005
stderr is
0.0007855776874711736
target is
0.0011612903225806453
mu is
0.011542553191489361
number of trials is
18800
number of Z or Y failures is
217
number of X failures is
0
average trial time
19.955660714275066
stderr is
0.0007790450226132108
target is
0.001154255319148936
mu is
0.011631578947368422
number of trials is
19000
number of Z or Y failures is
221
number of X failures is
0
average trial time
20.16571866382006
stderr is
0.0007778814149258987
target is
0.0011631578947368423
mu is
0.011666666666666667
number of trials is
19200
number of Z or Y failures is
224
number of X failures is
0
average trial time
20.37391700173505
stderr is
0.0007749716438563902
target is
0.0011666666666666668
mu is
0.011649484536082473
number of trials is
19400
number of Z or Y failures is
226
number of X failures is
0
average trial time
20.584029346565035
stderr is
0.0007704051541611881
target is
0.0011649484536082474
mu is
0.01173469387755102
number of trials is
19600
number of Z or Y failures is
230
number of X failures is
0
average trial time
20.794838363515055
stderr is
0.0007692290916469893
target is
0.0011734693877551022
mu is
0.011616161616161616
number of trials is
19800
number of Z or Y failures is
230
number of X failures is
0
average trial time
21.005446011235062
stderr is
0.0007615045678141398
target is
0.0011616161616161617
mu is
0.01155
number of trials is
20000
number of Z or Y failures is
231
number of X failures is
0
average trial time
21.217946839210093
stderr is
0.000755551730803984
target is
0.001155
231
0
20000
0.01155
