mu is
0.0
number of trials is
200
number of Z or Y failures is
0
number of X failures is
0
average trial time
2.2794507187399997
mu is
0.0
number of trials is
400
number of Z or Y failures is
0
number of X failures is
0
average trial time
4.360833513095
mu is
0.0
number of trials is
600
number of Z or Y failures is
0
number of X failures is
0
average trial time
6.44222119614
mu is
0.0
number of trials is
800
number of Z or Y failures is
0
number of X failures is
0
average trial time
8.51124148573
mu is
0.0
number of trials is
1000
number of Z or Y failures is
0
number of X failures is
0
average trial time
10.593501316074999
mu is
0.0
number of trials is
1200
number of Z or Y failures is
0
number of X failures is
0
average trial time
12.671320076524994
mu is
0.0
number of trials is
1400
number of Z or Y failures is
0
number of X failures is
0
average trial time
14.750586236804994
mu is
0.0
number of trials is
1600
number of Z or Y failures is
0
number of X failures is
0
average trial time
16.84747539114997
mu is
0.0
number of trials is
1800
number of Z or Y failures is
0
number of X failures is
0
average trial time
18.962506765219963
mu is
0.0
number of trials is
2000
number of Z or Y failures is
0
number of X failures is
0
average trial time
21.07577355481497
mu is
0.0
number of trials is
2200
number of Z or Y failures is
0
number of X failures is
0
average trial time
23.222871442704967
mu is
0.0
number of trials is
2400
number of Z or Y failures is
0
number of X failures is
0
average trial time
25.395525484654932
mu is
0.0
number of trials is
2600
number of Z or Y failures is
0
number of X failures is
0
average trial time
27.58045749197493
mu is
0.0
number of trials is
2800
number of Z or Y failures is
0
number of X failures is
0
average trial time
29.812587213859942
mu is
0.0
number of trials is
3000
number of Z or Y failures is
0
number of X failures is
0
average trial time
32.02626989057994
mu is
0.0
number of trials is
3200
number of Z or Y failures is
0
number of X failures is
0
average trial time
34.26741606507997
mu is
0.0
number of trials is
3400
number of Z or Y failures is
0
number of X failures is
0
average trial time
36.54303340251997
mu is
0.0
number of trials is
3600
number of Z or Y failures is
0
number of X failures is
0
average trial time
38.82577390115994
mu is
0.0
number of trials is
3800
number of Z or Y failures is
0
number of X failures is
0
average trial time
41.12738041808496
mu is
0.0
number of trials is
4000
number of Z or Y failures is
0
number of X failures is
0
average trial time
43.484740817054984
mu is
0.0
number of trials is
4200
number of Z or Y failures is
0
number of X failures is
0
average trial time
45.85019138791503
mu is
0.0
number of trials is
4400
number of Z or Y failures is
0
number of X failures is
0
average trial time
48.21954570447003
mu is
0.0
number of trials is
4600
number of Z or Y failures is
0
number of X failures is
0
average trial time
50.588038801050054
mu is
0.0
number of trials is
4800
number of Z or Y failures is
0
number of X failures is
0
average trial time
53.010305781315
mu is
0.0
number of trials is
5000
number of Z or Y failures is
0
number of X failures is
0
average trial time
55.42278858146499
mu is
0.0
number of trials is
5200
number of Z or Y failures is
0
number of X failures is
0
average trial time
57.81578719218003
mu is
0.0
number of trials is
5400
number of Z or Y failures is
0
number of X failures is
0
average trial time
60.25567443695009
mu is
0.0
number of trials is
5600
number of Z or Y failures is
0
number of X failures is
0
average trial time
62.67963394033512
mu is
0.0
number of trials is
5800
number of Z or Y failures is
0
number of X failures is
0
average trial time
65.13307658912511
mu is
0.0
number of trials is
6000
number of Z or Y failures is
0
number of X failures is
0
average trial time
67.59011868327006
mu is
0.0
number of trials is
6200
number of Z or Y failures is
0
number of X failures is
0
average trial time
70.06222233516506
mu is
0.0
number of trials is
6400
number of Z or Y failures is
0
number of X failures is
0
average trial time
72.51394722817003
mu is
0.0
number of trials is
6600
number of Z or Y failures is
0
number of X failures is
0
average trial time
74.98304231991999
mu is
0.0
number of trials is
6800
number of Z or Y failures is
0
number of X failures is
0
average trial time
77.46143188319503
mu is
0.0
number of trials is
7000
number of Z or Y failures is
0
number of X failures is
0
average trial time
79.98054090464501
mu is
0.0
number of trials is
7200
number of Z or Y failures is
0
number of X failures is
0
average trial time
82.46091562145006
mu is
0.0
number of trials is
7400
number of Z or Y failures is
0
number of X failures is
0
average trial time
84.949992153295
mu is
0.0
number of trials is
7600
number of Z or Y failures is
0
number of X failures is
0
average trial time
87.45929652747496
mu is
0.0
number of trials is
7800
number of Z or Y failures is
0
number of X failures is
0
average trial time
89.93899694170996
mu is
0.0
number of trials is
8000
number of Z or Y failures is
0
number of X failures is
0
average trial time
92.44382178985498
mu is
0.0
number of trials is
8200
number of Z or Y failures is
0
number of X failures is
0
average trial time
94.92651818611503
mu is
0.0
number of trials is
8400
number of Z or Y failures is
0
number of X failures is
0
average trial time
97.42932497122
mu is
0.0
number of trials is
8600
number of Z or Y failures is
0
number of X failures is
0
average trial time
99.91208875967988
mu is
0.0
number of trials is
8800
number of Z or Y failures is
0
number of X failures is
0
average trial time
102.39164947787995
mu is
0.0
number of trials is
9000
number of Z or Y failures is
0
number of X failures is
0
average trial time
104.86904120490993
mu is
0.0
number of trials is
9200
number of Z or Y failures is
0
number of X failures is
0
average trial time
107.35352686711985
mu is
0.0
number of trials is
9400
number of Z or Y failures is
0
number of X failures is
0
average trial time
109.82951979677487
mu is
0.0
number of trials is
9600
number of Z or Y failures is
0
number of X failures is
0
average trial time
112.342249470765
mu is
0.0
number of trials is
9800
number of Z or Y failures is
0
number of X failures is
0
average trial time
114.79582877695509
mu is
0.0
number of trials is
10000
number of Z or Y failures is
0
number of X failures is
0
average trial time
117.27609370202018
mu is
0.0
number of trials is
10200
number of Z or Y failures is
0
number of X failures is
0
average trial time
119.73512285373508
mu is
0.0
number of trials is
10400
number of Z or Y failures is
0
number of X failures is
0
average trial time
122.19660995083527
mu is
0.0
number of trials is
10600
number of Z or Y failures is
0
number of X failures is
0
average trial time
124.66529384784528
mu is
0.0
number of trials is
10800
number of Z or Y failures is
0
number of X failures is
0
average trial time
127.13972629145013
mu is
0.0
number of trials is
11000
number of Z or Y failures is
0
number of X failures is
0
average trial time
129.59322521790023
mu is
0.0
number of trials is
11200
number of Z or Y failures is
0
number of X failures is
0
average trial time
132.03212156248532
mu is
0.0
number of trials is
11400
number of Z or Y failures is
0
number of X failures is
0
average trial time
134.49478008454037
mu is
0.0
number of trials is
11600
number of Z or Y failures is
0
number of X failures is
0
average trial time
136.95511394865537
mu is
0.0
number of trials is
11800
number of Z or Y failures is
0
number of X failures is
0
average trial time
139.38414142683033
mu is
0.0
number of trials is
12000
number of Z or Y failures is
0
number of X failures is
0
average trial time
141.84855131641024
mu is
0.0
number of trials is
12200
number of Z or Y failures is
0
number of X failures is
0
average trial time
144.27558387033528
mu is
0.0
number of trials is
12400
number of Z or Y failures is
0
number of X failures is
0
average trial time
146.73020081295033
mu is
0.0
number of trials is
12600
number of Z or Y failures is
0
number of X failures is
0
average trial time
149.17972273886534
mu is
0.0
number of trials is
12800
number of Z or Y failures is
0
number of X failures is
0
average trial time
151.64854261357038
mu is
0.0
number of trials is
13000
number of Z or Y failures is
0
number of X failures is
0
average trial time
154.07292896059033
mu is
0.0
number of trials is
13200
number of Z or Y failures is
0
number of X failures is
0
average trial time
156.5426035333654
mu is
0.0
number of trials is
13400
number of Z or Y failures is
0
number of X failures is
0
average trial time
158.9736098652103
mu is
0.0
number of trials is
13600
number of Z or Y failures is
0
number of X failures is
0
average trial time
161.3989925525603
mu is
0.0
number of trials is
13800
number of Z or Y failures is
0
number of X failures is
0
average trial time
163.8094004391453
mu is
0.0
number of trials is
14000
number of Z or Y failures is
0
number of X failures is
0
average trial time
166.26914307393056
mu is
0.0
number of trials is
14200
number of Z or Y failures is
0
number of X failures is
0
average trial time
168.70543982147063
mu is
0.0
number of trials is
14400
number of Z or Y failures is
0
number of X failures is
0
average trial time
171.10786985434567
mu is
0.0
number of trials is
14600
number of Z or Y failures is
0
number of X failures is
0
average trial time
173.55589156015557
mu is
0.0
number of trials is
14800
number of Z or Y failures is
0
number of X failures is
0
average trial time
175.96387002370548
mu is
0.0
number of trials is
15000
number of Z or Y failures is
0
number of X failures is
0
average trial time
178.37452858648058
mu is
0.0
number of trials is
15200
number of Z or Y failures is
0
number of X failures is
0
average trial time
180.8200038026106
mu is
0.0
number of trials is
15400
number of Z or Y failures is
0
number of X failures is
0
average trial time
183.26294415456556
mu is
0.0
number of trials is
15600
number of Z or Y failures is
0
number of X failures is
0
average trial time
185.66794464391535
mu is
0.0
number of trials is
15800
number of Z or Y failures is
0
number of X failures is
0
average trial time
188.11237710566493
mu is
0.0
number of trials is
16000
number of Z or Y failures is
0
number of X failures is
0
average trial time
190.5478915967749
mu is
0.0
number of trials is
16200
number of Z or Y failures is
0
number of X failures is
0
average trial time
192.96323223619476
mu is
0.0
number of trials is
16400
number of Z or Y failures is
0
number of X failures is
0
average trial time
195.39422562828975
mu is
0.0
number of trials is
16600
number of Z or Y failures is
0
number of X failures is
0
average trial time
197.80443842061976
mu is
0.0
number of trials is
16800
number of Z or Y failures is
0
number of X failures is
0
average trial time
200.2105089381597
mu is
0.0
number of trials is
17000
number of Z or Y failures is
0
number of X failures is
0
average trial time
202.63729807174965
mu is
0.0
number of trials is
17200
number of Z or Y failures is
0
number of X failures is
0
average trial time
205.05665914711443
mu is
0.0
number of trials is
17400
number of Z or Y failures is
0
number of X failures is
0
average trial time
207.49303631462953
mu is
0.0
number of trials is
17600
number of Z or Y failures is
0
number of X failures is
0
average trial time
209.90139093621966
mu is
0.0
number of trials is
17800
number of Z or Y failures is
0
number of X failures is
0
average trial time
212.32181944576445
mu is
0.0
number of trials is
18000
number of Z or Y failures is
0
number of X failures is
0
average trial time
214.7352500450594
mu is
0.0
number of trials is
18200
number of Z or Y failures is
0
number of X failures is
0
average trial time
217.15150987384942
mu is
0.0
number of trials is
18400
number of Z or Y failures is
0
number of X failures is
0
average trial time
219.54981727262958
mu is
0.0
number of trials is
18600
number of Z or Y failures is
0
number of X failures is
0
average trial time
221.94320938693443
mu is
0.0
number of trials is
18800
number of Z or Y failures is
0
number of X failures is
0
average trial time
224.36065677979929
mu is
0.0
number of trials is
19000
number of Z or Y failures is
0
number of X failures is
0
average trial time
226.74388119072398
mu is
0.0
number of trials is
19200
number of Z or Y failures is
0
number of X failures is
0
average trial time
229.15258253916895
mu is
0.0
number of trials is
19400
number of Z or Y failures is
0
number of X failures is
0
average trial time
231.5427314026039
mu is
0.0
number of trials is
19600
number of Z or Y failures is
0
number of X failures is
0
average trial time
233.961809492644
mu is
0.0
number of trials is
19800
number of Z or Y failures is
0
number of X failures is
0
average trial time
236.33941188142398
mu is
0.0
number of trials is
20000
number of Z or Y failures is
0
number of X failures is
0
average trial time
238.7728922864842
mu is
0.0
number of trials is
20200
number of Z or Y failures is
0
number of X failures is
0
average trial time
241.15689486926448
mu is
0.0
number of trials is
20400
number of Z or Y failures is
0
number of X failures is
0
average trial time
243.58842336265454
mu is
0.0
number of trials is
20600
number of Z or Y failures is
0
number of X failures is
0
average trial time
245.9763242208246
mu is
0.0
number of trials is
20800
number of Z or Y failures is
0
number of X failures is
0
average trial time
248.38006361306944
mu is
0.0
number of trials is
21000
number of Z or Y failures is
0
number of X failures is
0
average trial time
250.7524463114195
mu is
0.0
number of trials is
21200
number of Z or Y failures is
0
number of X failures is
0
average trial time
253.1630166220647
mu is
0.0
number of trials is
21400
number of Z or Y failures is
0
number of X failures is
0
average trial time
255.54724844555486
mu is
0.0
number of trials is
21600
number of Z or Y failures is
0
number of X failures is
0
average trial time
257.95587449331
mu is
0.0
number of trials is
21800
number of Z or Y failures is
0
number of X failures is
0
average trial time
260.3348502976349
mu is
0.0
number of trials is
22000
number of Z or Y failures is
0
number of X failures is
0
average trial time
262.72036453264514
mu is
0.0
number of trials is
22200
number of Z or Y failures is
0
number of X failures is
0
average trial time
265.11118897376025
mu is
0.0
number of trials is
22400
number of Z or Y failures is
0
number of X failures is
0
average trial time
267.5167473863101
mu is
0.0
number of trials is
22600
number of Z or Y failures is
0
number of X failures is
0
average trial time
269.91764624589524
mu is
0.0
number of trials is
22800
number of Z or Y failures is
0
number of X failures is
0
average trial time
272.2890280554903
mu is
0.0
number of trials is
23000
number of Z or Y failures is
0
number of X failures is
0
average trial time
274.6830242046956
mu is
0.0
number of trials is
23200
number of Z or Y failures is
0
number of X failures is
0
average trial time
277.042323489906
mu is
0.0
number of trials is
23400
number of Z or Y failures is
0
number of X failures is
0
average trial time
279.448688024966
mu is
0.0
number of trials is
23600
number of Z or Y failures is
0
number of X failures is
0
average trial time
281.82116279409115
mu is
0.0
number of trials is
23800
number of Z or Y failures is
0
number of X failures is
0
average trial time
284.2149293349161
mu is
0.0
number of trials is
24000
number of Z or Y failures is
0
number of X failures is
0
average trial time
286.60634535269133
mu is
0.0
number of trials is
24200
number of Z or Y failures is
0
number of X failures is
0
average trial time
288.98140021752124
mu is
0.0
number of trials is
24400
number of Z or Y failures is
0
number of X failures is
0
average trial time
291.3753790043663
mu is
0.0
number of trials is
24600
number of Z or Y failures is
0
number of X failures is
0
average trial time
293.73996665181147
mu is
0.0
number of trials is
24800
number of Z or Y failures is
0
number of X failures is
0
average trial time
296.1177806631464
mu is
0.0
number of trials is
25000
number of Z or Y failures is
0
number of X failures is
0
average trial time
298.4872023432215
mu is
0.0
number of trials is
25200
number of Z or Y failures is
0
number of X failures is
0
average trial time
300.83359904331667
mu is
0.0
number of trials is
25400
number of Z or Y failures is
0
number of X failures is
0
average trial time
303.2314045334018
mu is
0.0
number of trials is
25600
number of Z or Y failures is
0
number of X failures is
0
average trial time
305.5981134442521
mu is
0.0
number of trials is
25800
number of Z or Y failures is
0
number of X failures is
0
average trial time
307.97229818754704
mu is
0.0
number of trials is
26000
number of Z or Y failures is
0
number of X failures is
0
average trial time
310.3491435622422
mu is
0.0
number of trials is
26200
number of Z or Y failures is
0
number of X failures is
0
average trial time
312.6962842945224
mu is
0.0
number of trials is
26400
number of Z or Y failures is
0
number of X failures is
0
average trial time
315.0523647444276
mu is
0.0
number of trials is
26600
number of Z or Y failures is
0
number of X failures is
0
average trial time
317.44634491047776
mu is
0.0
number of trials is
26800
number of Z or Y failures is
0
number of X failures is
0
average trial time
319.82895735689766
mu is
0.0
number of trials is
27000
number of Z or Y failures is
0
number of X failures is
0
average trial time
322.1738617518876
mu is
0.0
number of trials is
27200
number of Z or Y failures is
0
number of X failures is
0
average trial time
324.5621740452526
mu is
0.0
number of trials is
27400
number of Z or Y failures is
0
number of X failures is
0
average trial time
326.9385242193927
mu is
0.0
number of trials is
27600
number of Z or Y failures is
0
number of X failures is
0
average trial time
329.3043704503876
mu is
0.0
number of trials is
27800
number of Z or Y failures is
0
number of X failures is
0
average trial time
331.6682121005026
mu is
0.0
number of trials is
28000
number of Z or Y failures is
0
number of X failures is
0
average trial time
334.0373248647879
mu is
0.0
number of trials is
28200
number of Z or Y failures is
0
number of X failures is
0
average trial time
336.3837641518128
mu is
0.0
number of trials is
28400
number of Z or Y failures is
0
number of X failures is
0
average trial time
338.7162005293232
mu is
0.0
number of trials is
28600
number of Z or Y failures is
0
number of X failures is
0
average trial time
341.0993610517789
mu is
0.0
number of trials is
28800
number of Z or Y failures is
0
number of X failures is
0
average trial time
343.4734197666037
mu is
0.0
number of trials is
29000
number of Z or Y failures is
0
number of X failures is
0
average trial time
345.8187516635639
mu is
0.0
number of trials is
29200
number of Z or Y failures is
0
number of X failures is
0
average trial time
348.15356234826874
mu is
0.0
number of trials is
29400
number of Z or Y failures is
0
number of X failures is
0
average trial time
350.5334469726637
mu is
0.0
number of trials is
29600
number of Z or Y failures is
0
number of X failures is
0
average trial time
352.90173172965865
mu is
0.0
number of trials is
29800
number of Z or Y failures is
0
number of X failures is
0
average trial time
355.2386293299537
mu is
0.0
number of trials is
30000
number of Z or Y failures is
0
number of X failures is
0
average trial time
357.59862422072865
mu is
0.0
number of trials is
30200
number of Z or Y failures is
0
number of X failures is
0
average trial time
359.94864700205375
mu is
0.0
number of trials is
30400
number of Z or Y failures is
0
number of X failures is
0
average trial time
362.33921303389894
mu is
0.0
number of trials is
30600
number of Z or Y failures is
0
number of X failures is
0
average trial time
364.727715249024
mu is
3.246753246753247e-5
number of trials is
30800
number of Z or Y failures is
1
number of X failures is
0
average trial time
367.0726108304737
mu is
3.2258064516129034e-5
number of trials is
31000
number of Z or Y failures is
1
number of X failures is
0
average trial time
369.42233532170417
mu is
3.205128205128205e-5
number of trials is
31200
number of Z or Y failures is
1
number of X failures is
0
average trial time
371.7660661996846
mu is
3.184713375796178e-5
number of trials is
31400
number of Z or Y failures is
1
number of X failures is
0
average trial time
374.15653405426986
mu is
3.1645569620253167e-5
number of trials is
31600
number of Z or Y failures is
1
number of X failures is
0
average trial time
376.52183948119017
mu is
3.144654088050314e-5
number of trials is
31800
number of Z or Y failures is
1
number of X failures is
0
average trial time
378.86835196916485
mu is
3.125e-5
number of trials is
32000
number of Z or Y failures is
1
number of X failures is
0
average trial time
381.2256867091552
mu is
3.1055900621118014e-5
number of trials is
32200
number of Z or Y failures is
1
number of X failures is
0
average trial time
383.5429329863251
mu is
3.08641975308642e-5
number of trials is
32400
number of Z or Y failures is
1
number of X failures is
0
average trial time
385.8839049601553
mu is
3.067484662576687e-5
number of trials is
32600
number of Z or Y failures is
1
number of X failures is
0
average trial time
388.22336691821033
mu is
3.048780487804878e-5
number of trials is
32800
number of Z or Y failures is
1
number of X failures is
0
average trial time
390.56534582457056
mu is
3.0303030303030302e-5
number of trials is
33000
number of Z or Y failures is
1
number of X failures is
0
average trial time
392.94566321477527
mu is
3.0120481927710842e-5
number of trials is
33200
number of Z or Y failures is
1
number of X failures is
0
average trial time
395.31446653040524
mu is
2.994011976047904e-5
number of trials is
33400
number of Z or Y failures is
1
number of X failures is
0
average trial time
397.63934730187066
mu is
2.9761904761904762e-5
number of trials is
33600
number of Z or Y failures is
1
number of X failures is
0
average trial time
399.97888709218546
mu is
2.9585798816568047e-5
number of trials is
33800
number of Z or Y failures is
1
number of X failures is
0
average trial time
402.33556361382546
mu is
2.9411764705882354e-5
number of trials is
34000
number of Z or Y failures is
1
number of X failures is
0
average trial time
404.6706043160356
mu is
2.9239766081871346e-5
number of trials is
34200
number of Z or Y failures is
1
number of X failures is
0
average trial time
407.0335364699705
mu is
2.9069767441860467e-5
number of trials is
34400
number of Z or Y failures is
1
number of X failures is
0
average trial time
409.40006230687067
mu is
2.8901734104046242e-5
number of trials is
34600
number of Z or Y failures is
1
number of X failures is
0
average trial time
411.73708175890044
mu is
2.8735632183908045e-5
number of trials is
34800
number of Z or Y failures is
1
number of X failures is
0
average trial time
414.08565976729506
mu is
2.857142857142857e-5
number of trials is
35000
number of Z or Y failures is
1
number of X failures is
0
average trial time
416.4448721165154
mu is
2.840909090909091e-5
number of trials is
35200
number of Z or Y failures is
1
number of X failures is
0
average trial time
418.81832793880045
mu is
2.824858757062147e-5
number of trials is
35400
number of Z or Y failures is
1
number of X failures is
0
average trial time
421.16650279345026
mu is
2.808988764044944e-5
number of trials is
35600
number of Z or Y failures is
1
number of X failures is
0
average trial time
423.52946335539013
mu is
2.793296089385475e-5
number of trials is
35800
number of Z or Y failures is
1
number of X failures is
0
average trial time
425.8941439618
mu is
2.777777777777778e-5
number of trials is
36000
number of Z or Y failures is
1
number of X failures is
0
average trial time
428.24268343331494
mu is
2.7624309392265193e-5
number of trials is
36200
number of Z or Y failures is
1
number of X failures is
0
average trial time
430.59050131068483
mu is
2.7472527472527473e-5
number of trials is
36400
number of Z or Y failures is
1
number of X failures is
0
average trial time
432.9262869990905
mu is
2.73224043715847e-5
number of trials is
36600
number of Z or Y failures is
1
number of X failures is
0
average trial time
435.26119799177536
mu is
2.7173913043478262e-5
number of trials is
36800
number of Z or Y failures is
1
number of X failures is
0
average trial time
437.58595207151075
mu is
2.7027027027027027e-5
number of trials is
37000
number of Z or Y failures is
1
number of X failures is
0
average trial time
439.92561108835054
mu is
2.6881720430107527e-5
number of trials is
37200
number of Z or Y failures is
1
number of X failures is
0
average trial time
442.2480314093256
mu is
2.67379679144385e-5
number of trials is
37400
number of Z or Y failures is
1
number of X failures is
0
average trial time
444.573539257686
mu is
2.6595744680851064e-5
number of trials is
37600
number of Z or Y failures is
1
number of X failures is
0
average trial time
446.91603843686084
mu is
2.6455026455026456e-5
number of trials is
37800
number of Z or Y failures is
1
number of X failures is
0
average trial time
449.24302007619065
mu is
2.6315789473684212e-5
number of trials is
38000
number of Z or Y failures is
1
number of X failures is
0
average trial time
451.555562997516
mu is
2.6178010471204188e-5
number of trials is
38200
number of Z or Y failures is
1
number of X failures is
0
average trial time
453.8768009137208
mu is
2.604166666666667e-5
number of trials is
38400
number of Z or Y failures is
1
number of X failures is
0
average trial time
456.2091924509711
mu is
2.5906735751295337e-5
number of trials is
38600
number of Z or Y failures is
1
number of X failures is
0
average trial time
458.54154945023134
mu is
2.577319587628866e-5
number of trials is
38800
number of Z or Y failures is
1
number of X failures is
0
average trial time
460.8751596627368
mu is
2.564102564102564e-5
number of trials is
39000
number of Z or Y failures is
1
number of X failures is
0
average trial time
463.22753379536147
mu is
2.5510204081632654e-5
number of trials is
39200
number of Z or Y failures is
1
number of X failures is
0
average trial time
465.5895553077712
mu is
2.5380710659898476e-5
number of trials is
39400
number of Z or Y failures is
1
number of X failures is
0
average trial time
467.955516976881
mu is
2.5252525252525253e-5
number of trials is
39600
number of Z or Y failures is
1
number of X failures is
0
average trial time
470.31085241999057
mu is
2.5125628140703518e-5
number of trials is
39800
number of Z or Y failures is
1
number of X failures is
0
average trial time
472.66327575582085
mu is
2.5e-5
number of trials is
40000
number of Z or Y failures is
1
number of X failures is
0
average trial time
475.01660783530593
mu is
2.4875621890547263e-5
number of trials is
40200
number of Z or Y failures is
1
number of X failures is
0
average trial time
477.3578702628112
mu is
2.4752475247524754e-5
number of trials is
40400
number of Z or Y failures is
1
number of X failures is
0
average trial time
479.6945337032459
mu is
2.4630541871921184e-5
number of trials is
40600
number of Z or Y failures is
1
number of X failures is
0
average trial time
482.04568775579077
mu is
2.4509803921568626e-5
number of trials is
40800
number of Z or Y failures is
1
number of X failures is
0
average trial time
484.3761238099601
mu is
2.4390243902439026e-5
number of trials is
41000
number of Z or Y failures is
1
number of X failures is
0
average trial time
486.7409155602649
mu is
2.4271844660194176e-5
number of trials is
41200
number of Z or Y failures is
1
number of X failures is
0
average trial time
489.1054325946897
mu is
2.4154589371980676e-5
number of trials is
41400
number of Z or Y failures is
1
number of X failures is
0
average trial time
491.44093618753965
mu is
2.403846153846154e-5
number of trials is
41600
number of Z or Y failures is
1
number of X failures is
0
average trial time
493.76809494294497
mu is
4.784688995215311e-5
number of trials is
41800
number of Z or Y failures is
2
number of X failures is
0
average trial time
496.12637001787044
mu is
4.761904761904762e-5
number of trials is
42000
number of Z or Y failures is
2
number of X failures is
0
average trial time
498.4508069148708
mu is
4.739336492890995e-5
number of trials is
42200
number of Z or Y failures is
2
number of X failures is
0
average trial time
500.78046671822574
mu is
4.7169811320754715e-5
number of trials is
42400
number of Z or Y failures is
2
number of X failures is
0
average trial time
503.129687498091
mu is
4.694835680751174e-5
number of trials is
42600
number of Z or Y failures is
2
number of X failures is
0
average trial time
505.4753921166511
mu is
4.672897196261682e-5
number of trials is
42800
number of Z or Y failures is
2
number of X failures is
0
average trial time
507.8038124637713
mu is
4.651162790697674e-5
number of trials is
43000
number of Z or Y failures is
2
number of X failures is
0
average trial time
510.13290514333136
mu is
4.6296296296296294e-5
number of trials is
43200
number of Z or Y failures is
2
number of X failures is
0
average trial time
512.4877137700961
mu is
4.608294930875576e-5
number of trials is
43400
number of Z or Y failures is
2
number of X failures is
0
average trial time
514.835522097061
mu is
4.587155963302752e-5
number of trials is
43600
number of Z or Y failures is
2
number of X failures is
0
average trial time
517.1817400819162
mu is
4.5662100456621006e-5
number of trials is
43800
number of Z or Y failures is
2
number of X failures is
0
average trial time
519.5227106967112
mu is
4.545454545454545e-5
number of trials is
44000
number of Z or Y failures is
2
number of X failures is
0
average trial time
521.8647506423765
mu is
4.524886877828054e-5
number of trials is
44200
number of Z or Y failures is
2
number of X failures is
0
average trial time
524.2148010621913
mu is
4.5045045045045046e-5
number of trials is
44400
number of Z or Y failures is
2
number of X failures is
0
average trial time
526.5488356371309
mu is
4.484304932735426e-5
number of trials is
44600
number of Z or Y failures is
2
number of X failures is
0
average trial time
528.8885928170062
mu is
4.464285714285714e-5
number of trials is
44800
number of Z or Y failures is
2
number of X failures is
0
average trial time
531.2435063645061
mu is
4.4444444444444447e-5
number of trials is
45000
number of Z or Y failures is
2
number of X failures is
0
average trial time
533.5744927498666
mu is
4.424778761061947e-5
number of trials is
45200
number of Z or Y failures is
2
number of X failures is
0
average trial time
535.9183984834668
mu is
4.405286343612335e-5
number of trials is
45400
number of Z or Y failures is
2
number of X failures is
0
average trial time
538.2688260241717
mu is
4.3859649122807014e-5
number of trials is
45600
number of Z or Y failures is
2
number of X failures is
0
average trial time
540.6121607456319
mu is
4.3668122270742355e-5
number of trials is
45800
number of Z or Y failures is
2
number of X failures is
0
average trial time
542.9398306195969
mu is
4.347826086956522e-5
number of trials is
46000
number of Z or Y failures is
2
number of X failures is
0
average trial time
545.2776856883172
mu is
4.329004329004329e-5
number of trials is
46200
number of Z or Y failures is
2
number of X failures is
0
average trial time
547.622549050712
mu is
4.3103448275862066e-5
number of trials is
46400
number of Z or Y failures is
2
number of X failures is
0
average trial time
549.9476709953673
mu is
4.291845493562232e-5
number of trials is
46600
number of Z or Y failures is
2
number of X failures is
0
average trial time
552.2958621188418
mu is
4.2735042735042735e-5
number of trials is
46800
number of Z or Y failures is
2
number of X failures is
0
average trial time
554.6450086394066
mu is
4.2553191489361704e-5
number of trials is
47000
number of Z or Y failures is
2
number of X failures is
0
average trial time
556.9693167297314
mu is
4.2372881355932206e-5
number of trials is
47200
number of Z or Y failures is
2
number of X failures is
0
average trial time
559.3007008952363
mu is
4.219409282700422e-5
number of trials is
47400
number of Z or Y failures is
2
number of X failures is
0
average trial time
561.6377068358212
mu is
4.201680672268908e-5
number of trials is
47600
number of Z or Y failures is
2
number of X failures is
0
average trial time
563.9687474551957
mu is
4.184100418410042e-5
number of trials is
47800
number of Z or Y failures is
2
number of X failures is
0
average trial time
566.2868727536262
mu is
4.1666666666666665e-5
number of trials is
48000
number of Z or Y failures is
2
number of X failures is
0
average trial time
568.6329103088913
mu is
4.149377593360996e-5
number of trials is
48200
number of Z or Y failures is
2
number of X failures is
0
average trial time
570.955969796566
mu is
4.132231404958678e-5
number of trials is
48400
number of Z or Y failures is
2
number of X failures is
0
average trial time
573.2896997866261
mu is
4.11522633744856e-5
number of trials is
48600
number of Z or Y failures is
2
number of X failures is
0
average trial time
575.6288505228212
mu is
4.098360655737705e-5
number of trials is
48800
number of Z or Y failures is
2
number of X failures is
0
average trial time
577.9661311802012
mu is
4.0816326530612245e-5
number of trials is
49000
number of Z or Y failures is
2
number of X failures is
0
average trial time
580.3057153067962
mu is
4.065040650406504e-5
number of trials is
49200
number of Z or Y failures is
2
number of X failures is
0
average trial time
582.6380902533712
mu is
4.048582995951417e-5
number of trials is
49400
number of Z or Y failures is
2
number of X failures is
0
average trial time
584.960072954316
mu is
4.032258064516129e-5
number of trials is
49600
number of Z or Y failures is
2
number of X failures is
0
average trial time
587.2970811839208
mu is
4.0160642570281125e-5
number of trials is
49800
number of Z or Y failures is
2
number of X failures is
0
average trial time
589.6223565010506
mu is
4.0e-5
number of trials is
50000
number of Z or Y failures is
2
number of X failures is
0
average trial time
591.9353969426505
mu is
3.9840637450199205e-5
number of trials is
50200
number of Z or Y failures is
2
number of X failures is
0
average trial time
594.2821636883402
mu is
3.968253968253968e-5
number of trials is
50400
number of Z or Y failures is
2
number of X failures is
0
average trial time
596.5988948008502
mu is
3.9525691699604744e-5
number of trials is
50600
number of Z or Y failures is
2
number of X failures is
0
average trial time
598.9244274233255
mu is
3.937007874015748e-5
number of trials is
50800
number of Z or Y failures is
2
number of X failures is
0
average trial time
601.2498574726106
mu is
3.9215686274509805e-5
number of trials is
51000
number of Z or Y failures is
2
number of X failures is
0
average trial time
603.5953539805811
mu is
3.90625e-5
number of trials is
51200
number of Z or Y failures is
2
number of X failures is
0
average trial time
605.9741881678706
mu is
3.891050583657588e-5
number of trials is
51400
number of Z or Y failures is
2
number of X failures is
0
average trial time
608.3174765399358
mu is
3.875968992248062e-5
number of trials is
51600
number of Z or Y failures is
2
number of X failures is
0
average trial time
610.6825299993607
mu is
3.861003861003861e-5
number of trials is
51800
number of Z or Y failures is
2
number of X failures is
0
average trial time
613.0171475640108
mu is
3.846153846153846e-5
number of trials is
52000
number of Z or Y failures is
2
number of X failures is
0
average trial time
615.3767883325805
mu is
3.8314176245210727e-5
number of trials is
52200
number of Z or Y failures is
2
number of X failures is
0
average trial time
617.7173709740549
mu is
3.816793893129771e-5
number of trials is
52400
number of Z or Y failures is
2
number of X failures is
0
average trial time
620.068565781665
mu is
3.802281368821293e-5
number of trials is
52600
number of Z or Y failures is
2
number of X failures is
0
average trial time
622.4347630766547
mu is
3.787878787878788e-5
number of trials is
52800
number of Z or Y failures is
2
number of X failures is
0
average trial time
624.7737630939147
mu is
3.7735849056603776e-5
number of trials is
53000
number of Z or Y failures is
2
number of X failures is
0
average trial time
627.1094073744702
mu is
3.759398496240601e-5
number of trials is
53200
number of Z or Y failures is
2
number of X failures is
0
average trial time
629.44722044507
mu is
3.745318352059925e-5
number of trials is
53400
number of Z or Y failures is
2
number of X failures is
0
average trial time
631.7806230999053
mu is
3.7313432835820896e-5
number of trials is
53600
number of Z or Y failures is
2
number of X failures is
0
average trial time
634.1242389963958
mu is
3.717472118959108e-5
number of trials is
53800
number of Z or Y failures is
2
number of X failures is
0
average trial time
636.4706984311406
mu is
3.7037037037037037e-5
number of trials is
54000
number of Z or Y failures is
2
number of X failures is
0
average trial time
638.7840482634608
mu is
3.690036900369004e-5
number of trials is
54200
number of Z or Y failures is
2
number of X failures is
0
average trial time
641.1045797972956
mu is
3.676470588235294e-5
number of trials is
54400
number of Z or Y failures is
2
number of X failures is
0
average trial time
643.453599475956
mu is
3.663003663003663e-5
number of trials is
54600
number of Z or Y failures is
2
number of X failures is
0
average trial time
645.7907474633813
mu is
3.649635036496351e-5
number of trials is
54800
number of Z or Y failures is
2
number of X failures is
0
average trial time
648.1375419486417
mu is
3.6363636363636364e-5
number of trials is
55000
number of Z or Y failures is
2
number of X failures is
0
average trial time
650.4873272043466
mu is
3.6231884057971014e-5
number of trials is
55200
number of Z or Y failures is
2
number of X failures is
0
average trial time
652.8138713516918
mu is
3.610108303249098e-5
number of trials is
55400
number of Z or Y failures is
2
number of X failures is
0
average trial time
655.1432031254318
mu is
3.597122302158273e-5
number of trials is
55600
number of Z or Y failures is
2
number of X failures is
0
average trial time
657.491841494136
mu is
3.5842293906810036e-5
number of trials is
55800
number of Z or Y failures is
2
number of X failures is
0
average trial time
659.8291491219055
mu is
3.571428571428572e-5
number of trials is
56000
number of Z or Y failures is
2
number of X failures is
0
average trial time
662.1482437342805
mu is
3.558718861209964e-5
number of trials is
56200
number of Z or Y failures is
2
number of X failures is
0
average trial time
664.4775051318346
mu is
3.546099290780142e-5
number of trials is
56400
number of Z or Y failures is
2
number of X failures is
0
average trial time
666.8140775175847
mu is
3.53356890459364e-5
number of trials is
56600
number of Z or Y failures is
2
number of X failures is
0
average trial time
669.1509045363892
mu is
3.5211267605633805e-5
number of trials is
56800
number of Z or Y failures is
2
number of X failures is
0
average trial time
671.4987862461796
mu is
3.508771929824561e-5
number of trials is
57000
number of Z or Y failures is
2
number of X failures is
0
average trial time
673.8519534625094
mu is
3.4965034965034965e-5
number of trials is
57200
number of Z or Y failures is
2
number of X failures is
0
average trial time
676.1879415695034
mu is
3.484320557491289e-5
number of trials is
57400
number of Z or Y failures is
2
number of X failures is
0
average trial time
678.5258639059125
mu is
3.472222222222222e-5
number of trials is
57600
number of Z or Y failures is
2
number of X failures is
0
average trial time
680.8784813920378
mu is
3.460207612456748e-5
number of trials is
57800
number of Z or Y failures is
2
number of X failures is
0
average trial time
683.2203665389327
mu is
3.4482758620689657e-5
number of trials is
58000
number of Z or Y failures is
2
number of X failures is
0
average trial time
685.5585192393077
mu is
3.436426116838488e-5
number of trials is
58200
number of Z or Y failures is
2
number of X failures is
0
average trial time
687.906805140883
mu is
3.424657534246575e-5
number of trials is
58400
number of Z or Y failures is
2
number of X failures is
0
average trial time
690.2570437517236
mu is
3.4129692832764505e-5
number of trials is
58600
number of Z or Y failures is
2
number of X failures is
0
average trial time
692.5901180117138
mu is
3.401360544217687e-5
number of trials is
58800
number of Z or Y failures is
2
number of X failures is
0
average trial time
694.9307704130046
mu is
3.389830508474576e-5
number of trials is
59000
number of Z or Y failures is
2
number of X failures is
0
average trial time
697.2659657796153
mu is
3.3783783783783784e-5
number of trials is
59200
number of Z or Y failures is
2
number of X failures is
0
average trial time
699.6018720534144
mu is
3.367003367003367e-5
number of trials is
59400
number of Z or Y failures is
2
number of X failures is
0
average trial time
701.9411273311638
mu is
3.355704697986577e-5
number of trials is
59600
number of Z or Y failures is
2
number of X failures is
0
average trial time
704.2770687993382
mu is
3.3444816053511705e-5
number of trials is
59800
number of Z or Y failures is
2
number of X failures is
0
average trial time
706.6173428434278
mu is
3.3333333333333335e-5
number of trials is
60000
number of Z or Y failures is
2
number of X failures is
0
average trial time
708.9544070744379
mu is
3.322259136212625e-5
number of trials is
60200
number of Z or Y failures is
2
number of X failures is
0
average trial time
711.2915326224379
mu is
3.3112582781456954e-5
number of trials is
60400
number of Z or Y failures is
2
number of X failures is
0
average trial time
713.6182106124572
mu is
3.3003300330033e-5
number of trials is
60600
number of Z or Y failures is
2
number of X failures is
0
average trial time
715.9248317325815
mu is
3.289473684210526e-5
number of trials is
60800
number of Z or Y failures is
2
number of X failures is
0
average trial time
718.2839003657062
mu is
3.278688524590164e-5
number of trials is
61000
number of Z or Y failures is
2
number of X failures is
0
average trial time
720.6111549740806
mu is
3.2679738562091506e-5
number of trials is
61200
number of Z or Y failures is
2
number of X failures is
0
average trial time
722.9616475887515
mu is
3.257328990228013e-5
number of trials is
61400
number of Z or Y failures is
2
number of X failures is
0
average trial time
725.327614245692
mu is
3.246753246753247e-5
number of trials is
61600
number of Z or Y failures is
2
number of X failures is
0
average trial time
727.6592068483781
mu is
3.2362459546925564e-5
number of trials is
61800
number of Z or Y failures is
2
number of X failures is
0
average trial time
729.999160246173
mu is
3.2258064516129034e-5
number of trials is
62000
number of Z or Y failures is
2
number of X failures is
0
average trial time
732.3222526554133
mu is
3.215434083601286e-5
number of trials is
62200
number of Z or Y failures is
2
number of X failures is
0
average trial time
734.6617913801128
mu is
3.205128205128205e-5
number of trials is
62400
number of Z or Y failures is
2
number of X failures is
0
average trial time
736.982726948128
mu is
3.194888178913738e-5
number of trials is
62600
number of Z or Y failures is
2
number of X failures is
0
average trial time
739.3346547056021
mu is
3.184713375796178e-5
number of trials is
62800
number of Z or Y failures is
2
number of X failures is
0
average trial time
741.6580140288124
mu is
3.1746031746031745e-5
number of trials is
63000
number of Z or Y failures is
2
number of X failures is
0
average trial time
744.0055939574765
mu is
3.1645569620253167e-5
number of trials is
63200
number of Z or Y failures is
2
number of X failures is
0
average trial time
746.3264402277765
mu is
3.154574132492114e-5
number of trials is
63400
number of Z or Y failures is
2
number of X failures is
0
average trial time
748.6706740215507
mu is
3.144654088050314e-5
number of trials is
63600
number of Z or Y failures is
2
number of X failures is
0
average trial time
750.9941835548511
mu is
3.134796238244514e-5
number of trials is
63800
number of Z or Y failures is
2
number of X failures is
0
average trial time
753.3239590973168
mu is
3.125e-5
number of trials is
64000
number of Z or Y failures is
2
number of X failures is
0
average trial time
755.6567455612526
mu is
3.115264797507788e-5
number of trials is
64200
number of Z or Y failures is
2
number of X failures is
0
average trial time
757.9880059719574
mu is
3.1055900621118014e-5
number of trials is
64400
number of Z or Y failures is
2
number of X failures is
0
average trial time
760.3204327597467
mu is
3.0959752321981425e-5
number of trials is
64600
number of Z or Y failures is
2
number of X failures is
0
average trial time
762.6520247518071
mu is
3.08641975308642e-5
number of trials is
64800
number of Z or Y failures is
2
number of X failures is
0
average trial time
764.9853099801217
mu is
3.076923076923077e-5
number of trials is
65000
number of Z or Y failures is
2
number of X failures is
0
average trial time
767.3113839117773
mu is
3.067484662576687e-5
number of trials is
65200
number of Z or Y failures is
2
number of X failures is
0
average trial time
769.634379933152
mu is
3.0581039755351684e-5
number of trials is
65400
number of Z or Y failures is
2
number of X failures is
0
average trial time
771.9790874577416
mu is
3.048780487804878e-5
number of trials is
65600
number of Z or Y failures is
2
number of X failures is
0
average trial time
774.3246109387629
mu is
3.0395136778115502e-5
number of trials is
65800
number of Z or Y failures is
2
number of X failures is
0
average trial time
776.6654676842533
mu is
3.0303030303030302e-5
number of trials is
66000
number of Z or Y failures is
2
number of X failures is
0
average trial time
779.0119855518693
mu is
3.0211480362537764e-5
number of trials is
66200
number of Z or Y failures is
2
number of X failures is
0
average trial time
781.3500328714592
mu is
3.0120481927710842e-5
number of trials is
66400
number of Z or Y failures is
2
number of X failures is
0
average trial time
783.6884190973537
mu is
3.003003003003003e-5
number of trials is
66600
number of Z or Y failures is
2
number of X failures is
0
average trial time
786.0119601256744
mu is
2.994011976047904e-5
number of trials is
66800
number of Z or Y failures is
2
number of X failures is
0
average trial time
788.3322944086599
mu is
2.9850746268656717e-5
number of trials is
67000
number of Z or Y failures is
2
number of X failures is
0
average trial time
790.6636596513598
mu is
2.9761904761904762e-5
number of trials is
67200
number of Z or Y failures is
2
number of X failures is
0
average trial time
792.9792921968088
mu is
2.967359050445104e-5
number of trials is
67400
number of Z or Y failures is
2
number of X failures is
0
average trial time
795.3081090983237
mu is
2.9585798816568047e-5
number of trials is
67600
number of Z or Y failures is
2
number of X failures is
0
average trial time
797.6310765069985
mu is
2.9498525073746314e-5
number of trials is
67800
number of Z or Y failures is
2
number of X failures is
0
average trial time
799.9434717481782
mu is
2.9411764705882354e-5
number of trials is
68000
number of Z or Y failures is
2
number of X failures is
0
average trial time
802.2574785469329
mu is
2.932551319648094e-5
number of trials is
68200
number of Z or Y failures is
2
number of X failures is
0
average trial time
804.5817154272382
mu is
2.9239766081871346e-5
number of trials is
68400
number of Z or Y failures is
2
number of X failures is
0
average trial time
806.8877613728728
mu is
2.915451895043732e-5
number of trials is
68600
number of Z or Y failures is
2
number of X failures is
0
average trial time
809.2029215505468
mu is
2.9069767441860467e-5
number of trials is
68800
number of Z or Y failures is
2
number of X failures is
0
average trial time
811.5287044344316
mu is
2.898550724637681e-5
number of trials is
69000
number of Z or Y failures is
2
number of X failures is
0
average trial time
813.822305616281
mu is
2.8901734104046242e-5
number of trials is
69200
number of Z or Y failures is
2
number of X failures is
0
average trial time
816.1387622688214
mu is
2.8818443804034583e-5
number of trials is
69400
number of Z or Y failures is
2
number of X failures is
0
average trial time
818.4655596139668
mu is
2.8735632183908045e-5
number of trials is
69600
number of Z or Y failures is
2
number of X failures is
0
average trial time
820.7893159707315
mu is
2.865329512893983e-5
number of trials is
69800
number of Z or Y failures is
2
number of X failures is
0
average trial time
823.1116060485167
mu is
2.857142857142857e-5
number of trials is
70000
number of Z or Y failures is
2
number of X failures is
0
average trial time
825.4190600067412
mu is
2.849002849002849e-5
number of trials is
70200
number of Z or Y failures is
2
number of X failures is
0
average trial time
827.7251378557017
mu is
2.840909090909091e-5
number of trials is
70400
number of Z or Y failures is
2
number of X failures is
0
average trial time
830.0402986115564
mu is
2.8328611898016997e-5
number of trials is
70600
number of Z or Y failures is
2
number of X failures is
0
average trial time
832.3587390617332
mu is
2.824858757062147e-5
number of trials is
70800
number of Z or Y failures is
2
number of X failures is
0
average trial time
834.6714912536704
mu is
2.8169014084507043e-5
number of trials is
71000
number of Z or Y failures is
2
number of X failures is
0
average trial time
836.9985699643797
mu is
2.808988764044944e-5
number of trials is
71200
number of Z or Y failures is
2
number of X failures is
0
average trial time
839.3055538399594
mu is
2.8011204481792718e-5
number of trials is
71400
number of Z or Y failures is
2
number of X failures is
0
average trial time
841.6242030189235
mu is
2.793296089385475e-5
number of trials is
71600
number of Z or Y failures is
2
number of X failures is
0
average trial time
843.9500666802444
mu is
2.7855153203342618e-5
number of trials is
71800
number of Z or Y failures is
2
number of X failures is
0
average trial time
846.2589486968894
mu is
2.777777777777778e-5
number of trials is
72000
number of Z or Y failures is
2
number of X failures is
0
average trial time
848.5764651364453
mu is
2.7700831024930747e-5
number of trials is
72200
number of Z or Y failures is
2
number of X failures is
0
average trial time
850.881565161545
mu is
2.7624309392265193e-5
number of trials is
72400
number of Z or Y failures is
2
number of X failures is
0
average trial time
853.1978674199795
mu is
2.7548209366391185e-5
number of trials is
72600
number of Z or Y failures is
2
number of X failures is
0
average trial time
855.516460322594
mu is
2.7472527472527473e-5
number of trials is
72800
number of Z or Y failures is
2
number of X failures is
0
average trial time
857.8151842395833
mu is
2.7397260273972603e-5
number of trials is
73000
number of Z or Y failures is
2
number of X failures is
0
average trial time
860.1061852280991
mu is
2.73224043715847e-5
number of trials is
73200
number of Z or Y failures is
2
number of X failures is
0
average trial time
862.4123622840993
mu is
2.7247956403269754e-5
number of trials is
73400
number of Z or Y failures is
2
number of X failures is
0
average trial time
864.7472903091686
mu is
2.7173913043478262e-5
number of trials is
73600
number of Z or Y failures is
2
number of X failures is
0
average trial time
867.0757083479391
mu is
2.7100271002710027e-5
number of trials is
73800
number of Z or Y failures is
2
number of X failures is
0
average trial time
869.3967886175343
mu is
2.7027027027027027e-5
number of trials is
74000
number of Z or Y failures is
2
number of X failures is
0
average trial time
871.715188837895
mu is
2.6954177897574123e-5
number of trials is
74200
number of Z or Y failures is
2
number of X failures is
0
average trial time
874.0260012755094
mu is
2.6881720430107527e-5
number of trials is
74400
number of Z or Y failures is
2
number of X failures is
0
average trial time
876.3399356052995
mu is
2.680965147453083e-5
number of trials is
74600
number of Z or Y failures is
2
number of X failures is
0
average trial time
878.6383821516855
mu is
2.67379679144385e-5
number of trials is
74800
number of Z or Y failures is
2
number of X failures is
0
average trial time
880.956331416751
mu is
2.6666666666666667e-5
number of trials is
75000
number of Z or Y failures is
2
number of X failures is
0
average trial time
883.2581399375562
mu is
2.6595744680851064e-5
number of trials is
75200
number of Z or Y failures is
2
number of X failures is
0
average trial time
885.5700825371752
mu is
2.6525198938992044e-5
number of trials is
75400
number of Z or Y failures is
2
number of X failures is
0
average trial time
887.8580201310351
mu is
2.6455026455026456e-5
number of trials is
75600
number of Z or Y failures is
2
number of X failures is
0
average trial time
890.1610257085304
mu is
2.6385224274406334e-5
number of trials is
75800
number of Z or Y failures is
2
number of X failures is
0
average trial time
892.4728662616352
mu is
2.6315789473684212e-5
number of trials is
76000
number of Z or Y failures is
2
number of X failures is
0
average trial time
894.790674001695
mu is
2.6246719160104988e-5
number of trials is
76200
number of Z or Y failures is
2
number of X failures is
0
average trial time
897.0972276674053
mu is
2.6178010471204188e-5
number of trials is
76400
number of Z or Y failures is
2
number of X failures is
0
average trial time
899.3861747649203
mu is
2.6109660574412533e-5
number of trials is
76600
number of Z or Y failures is
2
number of X failures is
0
average trial time
901.7003522387491
mu is
2.604166666666667e-5
number of trials is
76800
number of Z or Y failures is
2
number of X failures is
0
average trial time
904.0281456177287
mu is
2.5974025974025975e-5
number of trials is
77000
number of Z or Y failures is
2
number of X failures is
0
average trial time
906.3342082580192
mu is
2.5906735751295337e-5
number of trials is
77200
number of Z or Y failures is
2
number of X failures is
0
average trial time
908.6519736066541
mu is
2.5839793281653746e-5
number of trials is
77400
number of Z or Y failures is
2
number of X failures is
0
average trial time
910.9568786020285
mu is
2.577319587628866e-5
number of trials is
77600
number of Z or Y failures is
2
number of X failures is
0
average trial time
913.2825708014487
mu is
2.570694087403599e-5
number of trials is
77800
number of Z or Y failures is
2
number of X failures is
0
average trial time
915.5889948865328
mu is
2.564102564102564e-5
number of trials is
78000
number of Z or Y failures is
2
number of X failures is
0
average trial time
917.9288876490242
mu is
2.5575447570332482e-5
number of trials is
78200
number of Z or Y failures is
2
number of X failures is
0
average trial time
920.2718609949349
mu is
2.5510204081632654e-5
number of trials is
78400
number of Z or Y failures is
2
number of X failures is
0
average trial time
922.6288484331794
mu is
2.544529262086514e-5
number of trials is
78600
number of Z or Y failures is
2
number of X failures is
0
average trial time
924.9658757551898
mu is
2.5380710659898476e-5
number of trials is
78800
number of Z or Y failures is
2
number of X failures is
0
average trial time
927.2914101806201
mu is
2.5316455696202533e-5
number of trials is
79000
number of Z or Y failures is
2
number of X failures is
0
average trial time
929.6561460096399
mu is
2.5252525252525253e-5
number of trials is
79200
number of Z or Y failures is
2
number of X failures is
0
average trial time
932.0027919935101
mu is
2.5188916876574308e-5
number of trials is
79400
number of Z or Y failures is
2
number of X failures is
0
average trial time
934.3307544404062
mu is
2.5125628140703518e-5
number of trials is
79600
number of Z or Y failures is
2
number of X failures is
0
average trial time
936.6650789982509
mu is
2.506265664160401e-5
number of trials is
79800
number of Z or Y failures is
2
number of X failures is
0
average trial time
939.0029610263449
mu is
2.5e-5
number of trials is
80000
number of Z or Y failures is
2
number of X failures is
0
average trial time
941.3285896704245
mu is
2.493765586034913e-5
number of trials is
80200
number of Z or Y failures is
2
number of X failures is
0
average trial time
943.6731036129001
mu is
2.4875621890547263e-5
number of trials is
80400
number of Z or Y failures is
2
number of X failures is
0
average trial time
946.0085270844797
mu is
2.4813895781637717e-5
number of trials is
80600
number of Z or Y failures is
2
number of X failures is
0
average trial time
948.3521869504142
mu is
2.4752475247524754e-5
number of trials is
80800
number of Z or Y failures is
2
number of X failures is
0
average trial time
950.6929847824795
mu is
2.4691358024691357e-5
number of trials is
81000
number of Z or Y failures is
2
number of X failures is
0
average trial time
953.0057697184956
mu is
2.4630541871921184e-5
number of trials is
81200
number of Z or Y failures is
2
number of X failures is
0
average trial time
955.3401274678804
mu is
2.457002457002457e-5
number of trials is
81400
number of Z or Y failures is
2
number of X failures is
0
average trial time
957.6863306882108
mu is
2.4509803921568626e-5
number of trials is
81600
number of Z or Y failures is
2
number of X failures is
0
average trial time
960.0071501025963
mu is
2.4449877750611248e-5
number of trials is
81800
number of Z or Y failures is
2
number of X failures is
0
average trial time
962.3618090523009
mu is
2.4390243902439026e-5
number of trials is
82000
number of Z or Y failures is
2
number of X failures is
0
average trial time
964.6985182108551
mu is
2.4330900243309002e-5
number of trials is
82200
number of Z or Y failures is
2
number of X failures is
0
average trial time
967.03728006148
mu is
2.4271844660194176e-5
number of trials is
82400
number of Z or Y failures is
2
number of X failures is
0
average trial time
969.3754793698449
mu is
2.4213075060532686e-5
number of trials is
82600
number of Z or Y failures is
2
number of X failures is
0
average trial time
971.7221976974896
mu is
2.4154589371980676e-5
number of trials is
82800
number of Z or Y failures is
2
number of X failures is
0
average trial time
974.0343753543434
mu is
2.4096385542168674e-5
number of trials is
83000
number of Z or Y failures is
2
number of X failures is
0
average trial time
976.3723930978689
mu is
2.403846153846154e-5
number of trials is
83200
number of Z or Y failures is
2
number of X failures is
0
average trial time
978.7085610261486
mu is
2.398081534772182e-5
number of trials is
83400
number of Z or Y failures is
2
number of X failures is
0
average trial time
981.038511625768
mu is
2.3923444976076556e-5
number of trials is
83600
number of Z or Y failures is
2
number of X failures is
0
average trial time
983.3608129111386
mu is
2.3866348448687352e-5
number of trials is
83800
number of Z or Y failures is
2
number of X failures is
0
average trial time
985.6940549479646
mu is
2.380952380952381e-5
number of trials is
84000
number of Z or Y failures is
2
number of X failures is
0
average trial time
988.0306568670557
mu is
2.375296912114014e-5
number of trials is
84200
number of Z or Y failures is
2
number of X failures is
0
average trial time
990.3447605374255
mu is
2.3696682464454976e-5
number of trials is
84400
number of Z or Y failures is
2
number of X failures is
0
average trial time
992.6652964004319
mu is
2.364066193853428e-5
number of trials is
84600
number of Z or Y failures is
2
number of X failures is
0
average trial time
994.9914179929675
mu is
2.3584905660377357e-5
number of trials is
84800
number of Z or Y failures is
2
number of X failures is
0
average trial time
997.3179030691364
mu is
2.3529411764705884e-5
number of trials is
85000
number of Z or Y failures is
2
number of X failures is
0
average trial time
999.6505880885859
mu is
2.347417840375587e-5
number of trials is
85200
number of Z or Y failures is
2
number of X failures is
0
average trial time
1001.998658893936
mu is
2.34192037470726e-5
number of trials is
85400
number of Z or Y failures is
2
number of X failures is
0
average trial time
1004.3218146829514
mu is
2.336448598130841e-5
number of trials is
85600
number of Z or Y failures is
2
number of X failures is
0
average trial time
1006.6607543778214
mu is
2.331002331002331e-5
number of trials is
85800
number of Z or Y failures is
2
number of X failures is
0
average trial time
1009.0183852552362
mu is
2.325581395348837e-5
number of trials is
86000
number of Z or Y failures is
2
number of X failures is
0
average trial time
1011.3579965098864
mu is
2.320185614849188e-5
number of trials is
86200
number of Z or Y failures is
2
number of X failures is
0
average trial time
1013.6676968348621
mu is
2.3148148148148147e-5
number of trials is
86400
number of Z or Y failures is
2
number of X failures is
0
average trial time
1015.9987467446088
mu is
2.309468822170901e-5
number of trials is
86600
number of Z or Y failures is
2
number of X failures is
0
average trial time
1018.3463452292084
mu is
2.304147465437788e-5
number of trials is
86800
number of Z or Y failures is
2
number of X failures is
0
average trial time
1020.6889755333484
mu is
2.2988505747126437e-5
number of trials is
87000
number of Z or Y failures is
2
number of X failures is
0
average trial time
1023.002282194648
mu is
2.293577981651376e-5
number of trials is
87200
number of Z or Y failures is
2
number of X failures is
0
average trial time
1025.3343380364233
mu is
2.288329519450801e-5
number of trials is
87400
number of Z or Y failures is
2
number of X failures is
0
average trial time
1027.6536996019124
mu is
2.2831050228310503e-5
number of trials is
87600
number of Z or Y failures is
2
number of X failures is
0
average trial time
1029.980128518388
mu is
2.2779043280182233e-5
number of trials is
87800
number of Z or Y failures is
2
number of X failures is
0
average trial time
1032.281431448764
mu is
2.2727272727272726e-5
number of trials is
88000
number of Z or Y failures is
2
number of X failures is
0
average trial time
1034.5925367114296
mu is
2.2675736961451248e-5
number of trials is
88200
number of Z or Y failures is
2
number of X failures is
0
average trial time
1036.9335875158445
mu is
2.262443438914027e-5
number of trials is
88400
number of Z or Y failures is
2
number of X failures is
0
average trial time
1039.2662497372194
mu is
2.257336343115124e-5
number of trials is
88600
number of Z or Y failures is
2
number of X failures is
0
average trial time
1041.591338870399
mu is
2.2522522522522523e-5
number of trials is
88800
number of Z or Y failures is
2
number of X failures is
0
average trial time
1043.9230545862142
mu is
2.2471910112359552e-5
number of trials is
89000
number of Z or Y failures is
2
number of X failures is
0
average trial time
1046.2538045878239
mu is
2.242152466367713e-5
number of trials is
89200
number of Z or Y failures is
2
number of X failures is
0
average trial time
1048.5473054243691
mu is
2.237136465324385e-5
number of trials is
89400
number of Z or Y failures is
2
number of X failures is
0
average trial time
1050.865253197459
mu is
2.232142857142857e-5
number of trials is
89600
number of Z or Y failures is
2
number of X failures is
0
average trial time
1053.1924388163193
mu is
2.2271714922048998e-5
number of trials is
89800
number of Z or Y failures is
2
number of X failures is
0
average trial time
1055.5076257877436
mu is
2.2222222222222223e-5
number of trials is
90000
number of Z or Y failures is
2
number of X failures is
0
average trial time
1057.8314764647594
mu is
2.2172949002217295e-5
number of trials is
90200
number of Z or Y failures is
2
number of X failures is
0
average trial time
1060.1600519601384
mu is
2.2123893805309735e-5
number of trials is
90400
number of Z or Y failures is
2
number of X failures is
0
average trial time
1062.4745350073488
mu is
2.207505518763797e-5
number of trials is
90600
number of Z or Y failures is
2
number of X failures is
0
average trial time
1064.798592482028
mu is
2.2026431718061676e-5
number of trials is
90800
number of Z or Y failures is
2
number of X failures is
0
average trial time
1067.116300225277
mu is
2.1978021978021977e-5
number of trials is
91000
number of Z or Y failures is
2
number of X failures is
0
average trial time
1069.4349520029314
mu is
2.1929824561403507e-5
number of trials is
91200
number of Z or Y failures is
2
number of X failures is
0
average trial time
1071.7437866218563
mu is
2.188183807439825e-5
number of trials is
91400
number of Z or Y failures is
2
number of X failures is
0
average trial time
1074.0669143918915
mu is
2.1834061135371177e-5
number of trials is
91600
number of Z or Y failures is
2
number of X failures is
0
average trial time
1076.3845661860698
mu is
2.1786492374727668e-5
number of trials is
91800
number of Z or Y failures is
2
number of X failures is
0
average trial time
1078.7075276471398
mu is
2.173913043478261e-5
number of trials is
92000
number of Z or Y failures is
2
number of X failures is
0
average trial time
1081.0204962673947
mu is
2.1691973969631237e-5
number of trials is
92200
number of Z or Y failures is
2
number of X failures is
0
average trial time
1083.343646137714
mu is
2.1645021645021645e-5
number of trials is
92400
number of Z or Y failures is
2
number of X failures is
0
average trial time
1085.6548450148687
mu is
2.1598272138228943e-5
number of trials is
92600
number of Z or Y failures is
2
number of X failures is
0
slurmstepd: error: *** JOB 465 ON cpu96-dy-c5a24xlarge-27 CANCELLED AT 2021-06-21T17:10:18 ***
