mu is
0.005
number of trials is
200
number of Z or Y failures is
1
number of X failures is
0
average trial time
1.0153850375849998
mu is
0.01
number of trials is
400
number of Z or Y failures is
4
number of X failures is
0
average trial time
1.832368929560001
mu is
0.008333333333333333
number of trials is
600
number of Z or Y failures is
5
number of X failures is
0
average trial time
2.6215934555000007
stderr is
0.003714315780554692
target is
0.0008333333333333334
mu is
0.0075
number of trials is
800
number of Z or Y failures is
6
number of X failures is
0
average trial time
3.416966951274999
stderr is
0.003052266848777345
target is
0.00075
mu is
0.007
number of trials is
1000
number of Z or Y failures is
7
number of X failures is
0
average trial time
4.216482442039996
stderr is
0.002637794146243781
target is
0.0007000000000000001
mu is
0.0075
number of trials is
1200
number of Z or Y failures is
9
number of X failures is
0
average trial time
5.0363507297049965
stderr is
0.0024916457577576698
target is
0.00075
mu is
0.007857142857142858
number of trials is
1400
number of Z or Y failures is
11
number of X failures is
0
average trial time
5.835904938879993
stderr is
0.002360535697682283
target is
0.0007857142857142859
mu is
0.00875
number of trials is
1600
number of Z or Y failures is
14
number of X failures is
0
average trial time
6.63845279514
stderr is
0.00232901022279555
target is
0.0008750000000000001
mu is
0.008888888888888889
number of trials is
1800
number of Z or Y failures is
16
number of X failures is
0
average trial time
7.475376689435003
stderr is
0.002212938423564214
target is
0.0008888888888888889
mu is
0.01
number of trials is
2000
number of Z or Y failures is
20
number of X failures is
0
average trial time
8.325235702710009
stderr is
0.00222541596968276
target is
0.001
mu is
0.009545454545454546
number of trials is
2200
number of Z or Y failures is
21
number of X failures is
0
average trial time
9.148814906105008
stderr is
0.0020734948784365916
target is
0.0009545454545454547
mu is
0.009166666666666667
number of trials is
2400
number of Z or Y failures is
22
number of X failures is
0
average trial time
10.008617190640008
stderr is
0.0019457672971589278
target is
0.0009166666666666668
mu is
0.009615384615384616
number of trials is
2600
number of Z or Y failures is
25
number of X failures is
0
average trial time
10.923012919575008
stderr is
0.001914177174938048
target is
0.0009615384615384616
mu is
0.009285714285714286
number of trials is
2800
number of Z or Y failures is
26
number of X failures is
0
average trial time
11.795143328715005
stderr is
0.0018129274374624705
target is
0.0009285714285714287
mu is
0.009666666666666667
number of trials is
3000
number of Z or Y failures is
29
number of X failures is
0
average trial time
12.708098390940018
stderr is
0.0017866555684054248
target is
0.0009666666666666668
mu is
0.0103125
number of trials is
3200
number of Z or Y failures is
33
number of X failures is
0
average trial time
13.61628040596502
stderr is
0.0017861745753288253
target is
0.00103125
mu is
0.010294117647058823
number of trials is
3400
number of Z or Y failures is
35
number of X failures is
0
average trial time
14.554392952835029
stderr is
0.001731298916052547
target is
0.0010294117647058824
mu is
0.01
number of trials is
3600
number of Z or Y failures is
36
number of X failures is
0
average trial time
15.479917703185016
stderr is
0.0016585427643383832
target is
0.001
mu is
0.009736842105263158
number of trials is
3800
number of Z or Y failures is
37
number of X failures is
0
average trial time
16.42409514094502
stderr is
0.001593124541410169
target is
0.0009736842105263158
mu is
0.00925
number of trials is
4000
number of Z or Y failures is
37
number of X failures is
0
average trial time
17.339543224390027
stderr is
0.0015138303390981084
target is
0.000925
mu is
0.008809523809523809
number of trials is
4200
number of Z or Y failures is
37
number of X failures is
0
average trial time
18.267382716470028
stderr is
0.0014420550500142328
target is
0.0008809523809523809
mu is
0.008636363636363636
number of trials is
4400
number of Z or Y failures is
38
number of X failures is
0
average trial time
19.231005347300016
stderr is
0.0013950988202390377
target is
0.0008636363636363637
mu is
0.00826086956521739
number of trials is
4600
number of Z or Y failures is
38
number of X failures is
0
average trial time
20.192808201520005
stderr is
0.0013346884502533926
target is
0.0008260869565217392
mu is
0.008333333333333333
number of trials is
4800
number of Z or Y failures is
40
number of X failures is
0
average trial time
21.158455847205
stderr is
0.0013122508407279552
target is
0.0008333333333333334
mu is
0.008
number of trials is
5000
number of Z or Y failures is
40
number of X failures is
0
average trial time
22.122616306835013
stderr is
0.0012599672628686432
target is
0.0008
mu is
0.007884615384615384
number of trials is
5200
number of Z or Y failures is
41
number of X failures is
0
average trial time
23.091352028284987
stderr is
0.0012266239495810126
target is
0.0007884615384615384
mu is
0.0077777777777777776
number of trials is
5400
number of Z or Y failures is
42
number of X failures is
0
average trial time
24.05169538350497
stderr is
0.0011955715619005637
target is
0.0007777777777777778
mu is
0.007857142857142858
number of trials is
5600
number of Z or Y failures is
44
number of X failures is
0
average trial time
24.97579313570996
stderr is
0.0011799516068360435
target is
0.0007857142857142859
mu is
0.008103448275862069
number of trials is
5800
number of Z or Y failures is
47
number of X failures is
0
average trial time
25.930835685269926
stderr is
0.0011773119928560098
target is
0.0008103448275862069
mu is
0.008
number of trials is
6000
number of Z or Y failures is
48
number of X failures is
0
average trial time
26.88011221781488
stderr is
0.0011501683128385934
target is
0.0008
mu is
0.008387096774193548
number of trials is
6200
number of Z or Y failures is
52
number of X failures is
0
average trial time
27.839317254399894
stderr is
0.0011582867639056053
target is
0.0008387096774193549
mu is
0.0084375
number of trials is
6400
number of Z or Y failures is
54
number of X failures is
0
average trial time
28.789822185149916
stderr is
0.0011434334284400913
target is
0.0008437500000000001
mu is
0.008787878787878787
number of trials is
6600
number of Z or Y failures is
58
number of X failures is
0
average trial time
29.75282944863493
stderr is
0.0011489106810525227
target is
0.0008787878787878787
mu is
0.008970588235294117
number of trials is
6800
number of Z or Y failures is
61
number of X failures is
0
average trial time
30.69454723246991
stderr is
0.0011434869494619433
target is
0.0008970588235294118
mu is
0.009142857142857144
number of trials is
7000
number of Z or Y failures is
64
number of X failures is
0
average trial time
31.63124797974988
stderr is
0.0011377019237913547
target is
0.0009142857142857144
mu is
0.009027777777777777
number of trials is
7200
number of Z or Y failures is
65
number of X failures is
0
average trial time
32.56388750912487
stderr is
0.0011147695151193986
target is
0.0009027777777777777
mu is
0.00891891891891892
number of trials is
7400
number of Z or Y failures is
66
number of X failures is
0
average trial time
33.50568236142984
stderr is
0.0010930101304754182
target is
0.0008918918918918921
mu is
0.008947368421052631
number of trials is
7600
number of Z or Y failures is
68
number of X failures is
0
average trial time
34.47488520058484
stderr is
0.0010802338882124594
target is
0.0008947368421052632
mu is
0.008846153846153846
number of trials is
7800
number of Z or Y failures is
69
number of X failures is
0
average trial time
35.443478420494856
stderr is
0.0010602989202424084
target is
0.0008846153846153846
mu is
0.008875
number of trials is
8000
number of Z or Y failures is
71
number of X failures is
0
average trial time
36.38193831242489
stderr is
0.0010486499679203747
target is
0.0008874999999999999
mu is
0.00878048780487805
number of trials is
8200
number of Z or Y failures is
72
number of X failures is
0
average trial time
37.30254937532489
stderr is
0.0010303002378756684
target is
0.000878048780487805
mu is
0.008571428571428572
number of trials is
8400
number of Z or Y failures is
72
number of X failures is
0
average trial time
38.230348659749865
stderr is
0.0010058738777048376
target is
0.0008571428571428572
mu is
0.008604651162790697
number of trials is
8600
number of Z or Y failures is
74
number of X failures is
0
average trial time
39.152575696309874
stderr is
0.0009960155030571557
target is
0.0008604651162790697
mu is
0.008636363636363636
number of trials is
8800
number of Z or Y failures is
76
number of X failures is
0
average trial time
40.06695219899489
stderr is
0.000986427778035554
target is
0.0008636363636363637
mu is
0.008666666666666666
number of trials is
9000
number of Z or Y failures is
78
number of X failures is
0
average trial time
40.9945524235199
stderr is
0.0009770994649084765
target is
0.0008666666666666666
mu is
0.008695652173913044
number of trials is
9200
number of Z or Y failures is
80
number of X failures is
0
average trial time
41.922433784644966
stderr is
0.0009680198788421697
target is
0.0008695652173913044
mu is
0.008617021276595745
number of trials is
9400
number of Z or Y failures is
81
number of X failures is
0
average trial time
42.842949080849934
stderr is
0.0009533634257551842
target is
0.0008617021276595745
mu is
0.008854166666666666
number of trials is
9600
number of Z or Y failures is
85
number of X failures is
0
average trial time
43.77440273397494
stderr is
0.0009561579278816321
target is
0.0008854166666666667
mu is
0.008877551020408164
number of trials is
9800
number of Z or Y failures is
87
number of X failures is
0
average trial time
44.71417618732496
stderr is
0.0009475875938476087
target is
0.0008877551020408164
mu is
0.0092
number of trials is
10000
number of Z or Y failures is
92
number of X failures is
0
average trial time
45.641446740029934
stderr is
0.0009547916855085572
target is
0.00092
mu is
0.009215686274509804
number of trials is
10200
number of Z or Y failures is
94
number of X failures is
0
average trial time
46.57197728284993
stderr is
0.0009461818349610383
target is
0.0009215686274509805
mu is
0.009326923076923076
number of trials is
10400
number of Z or Y failures is
97
number of X failures is
0
average trial time
47.515774298159876
stderr is
0.0009426242074469908
target is
0.0009326923076923077
mu is
0.009339622641509435
number of trials is
10600
number of Z or Y failures is
99
number of X failures is
0
average trial time
48.4544885543249
stderr is
0.0009343177836091637
target is
0.0009339622641509435
mu is
0.009444444444444445
number of trials is
10800
number of Z or Y failures is
102
number of X failures is
0
average trial time
49.4178937981099
stderr is
0.0009307560258536899
target is
0.0009444444444444445
mu is
0.009363636363636364
number of trials is
11000
number of Z or Y failures is
103
number of X failures is
0
average trial time
50.36647272383993
stderr is
0.0009183385206360667
target is
0.0009363636363636364
mu is
0.009375
number of trials is
11200
number of Z or Y failures is
105
number of X failures is
0
average trial time
51.323717057389985
stderr is
0.000910648251013935
target is
0.0009375
mu is
0.009649122807017544
number of trials is
11400
number of Z or Y failures is
110
number of X failures is
0
average trial time
52.28796521677002
stderr is
0.0009155985271239442
target is
0.0009649122807017544
mu is
0.009655172413793104
number of trials is
11600
number of Z or Y failures is
112
number of X failures is
0
average trial time
53.206522624475035
stderr is
0.0009079521499506284
target is
0.0009655172413793105
mu is
0.009576271186440678
number of trials is
11800
number of Z or Y failures is
113
number of X failures is
0
average trial time
54.124692691030106
stderr is
0.0008965739905151225
target is
0.0009576271186440678
mu is
0.009583333333333333
number of trials is
12000
number of Z or Y failures is
115
number of X failures is
0
average trial time
55.05577630448015
stderr is
0.000889395116508444
target is
0.0009583333333333333
mu is
0.009672131147540983
number of trials is
12200
number of Z or Y failures is
118
number of X failures is
0
average trial time
55.99394698229515
stderr is
0.0008861117043041329
target is
0.0009672131147540983
mu is
0.00967741935483871
number of trials is
12400
number of Z or Y failures is
120
number of X failures is
0
average trial time
56.92512042182012
stderr is
0.0008791739091893861
target is
0.0009677419354838711
mu is
0.009682539682539683
number of trials is
12600
number of Z or Y failures is
122
number of X failures is
0
average trial time
57.85922261898014
stderr is
0.000872396315900886
target is
0.0009682539682539684
mu is
0.009765625
number of trials is
12800
number of Z or Y failures is
125
number of X failures is
0
average trial time
58.771452323200165
stderr is
0.000869222583523772
target is
0.0009765625
mu is
0.00976923076923077
number of trials is
13000
number of Z or Y failures is
127
number of X failures is
0
average trial time
59.69030182250015
stderr is
0.0008626674684492998
target is
0.000976923076923077
mu is
0.009772727272727273
number of trials is
13200
number of Z or Y failures is
129
number of X failures is
0
average trial time
60.6196703537102
stderr is
0.0008562583444730603
target is
0.0009772727272727275
mu is
0.009776119402985074
number of trials is
13400
number of Z or Y failures is
131
number of X failures is
0
average trial time
61.548296266985204
stderr is
0.0008499898759358821
target is
0.0009776119402985074
mu is
0.009779411764705882
number of trials is
13600
number of Z or Y failures is
133
number of X failures is
0
average trial time
62.46101910057025
stderr is
0.0008438569960425753
target is
0.0009779411764705883
mu is
0.009855072463768115
number of trials is
13800
number of Z or Y failures is
136
number of X failures is
0
average trial time
63.38788968448028
stderr is
0.0008409215596797176
target is
0.0009855072463768116
mu is
0.009857142857142858
number of trials is
14000
number of Z or Y failures is
138
number of X failures is
0
average trial time
64.29116073966523
stderr is
0.0008349797595081282
target is
0.0009857142857142857
mu is
0.009859154929577466
number of trials is
14200
number of Z or Y failures is
140
number of X failures is
0
average trial time
65.19281096019023
stderr is
0.0008291621217762349
target is
0.0009859154929577466
mu is
0.009722222222222222
number of trials is
14400
number of Z or Y failures is
140
number of X failures is
0
average trial time
66.11388240679024
stderr is
0.0008177021179822261
target is
0.0009722222222222223
mu is
0.009657534246575342
number of trials is
14600
number of Z or Y failures is
141
number of X failures is
0
average trial time
67.02240732545016
stderr is
0.0008094020036149054
target is
0.0009657534246575343
mu is
0.009594594594594594
number of trials is
14800
number of Z or Y failures is
142
number of X failures is
0
average trial time
67.9384400288602
stderr is
0.0008013156603761233
target is
0.0009594594594594594
mu is
0.009533333333333333
number of trials is
15000
number of Z or Y failures is
143
number of X failures is
0
average trial time
68.84816842109524
stderr is
0.0007934346613490289
target is
0.0009533333333333334
mu is
0.009473684210526316
number of trials is
15200
number of Z or Y failures is
144
number of X failures is
0
average trial time
69.74764762666024
stderr is
0.0007857510203399233
target is
0.0009473684210526316
mu is
0.009415584415584415
number of trials is
15400
number of Z or Y failures is
145
number of X failures is
0
average trial time
70.66887675374521
stderr is
0.0007782571633668411
target is
0.0009415584415584416
mu is
0.00935897435897436
number of trials is
15600
number of Z or Y failures is
146
number of X failures is
0
average trial time
71.5885645140502
stderr is
0.000770945902335148
target is
0.000935897435897436
mu is
0.00930379746835443
number of trials is
15800
number of Z or Y failures is
147
number of X failures is
0
average trial time
72.46446051848518
stderr is
0.0007638104107068475
target is
0.0009303797468354432
mu is
0.0095625
number of trials is
16000
number of Z or Y failures is
153
number of X failures is
0
average trial time
73.38411953533021
stderr is
0.0007694011702255343
target is
0.0009562500000000001
mu is
0.009506172839506173
number of trials is
16200
number of Z or Y failures is
154
number of X failures is
0
average trial time
74.27863753681522
stderr is
0.0007624030711877114
target is
0.0009506172839506173
mu is
0.009390243902439024
number of trials is
16400
number of Z or Y failures is
154
number of X failures is
0
average trial time
75.18497469429022
stderr is
0.0007531492602893471
target is
0.0009390243902439024
mu is
0.009397590361445784
number of trials is
16600
number of Z or Y failures is
156
number of X failures is
0
average trial time
76.10056056293521
stderr is
0.0007488881915988061
target is
0.0009397590361445784
mu is
0.009345238095238096
number of trials is
16800
number of Z or Y failures is
157
number of X failures is
0
average trial time
77.02177725405018
stderr is
0.0007423601246609844
target is
0.0009345238095238096
mu is
0.009294117647058824
number of trials is
17000
number of Z or Y failures is
158
number of X failures is
0
average trial time
77.92303841006517
stderr is
0.0007359778884016138
target is
0.0009294117647058825
mu is
0.00936046511627907
number of trials is
17200
number of Z or Y failures is
161
number of X failures is
0
average trial time
78.84255488902016
stderr is
0.0007342685792532812
target is
0.000936046511627907
mu is
0.009482758620689655
number of trials is
17400
number of Z or Y failures is
165
number of X failures is
0
average trial time
79.77212481070514
stderr is
0.0007347442967053048
target is
0.0009482758620689655
mu is
0.009602272727272727
number of trials is
17600
number of Z or Y failures is
169
number of X failures is
0
average trial time
80.68512274805511
stderr is
0.0007351023993790288
target is
0.0009602272727272728
mu is
0.009550561797752809
number of trials is
17800
number of Z or Y failures is
170
number of X failures is
0
average trial time
81.6193648270151
stderr is
0.0007290088708417397
target is
0.000955056179775281
mu is
0.009611111111111112
number of trials is
18000
number of Z or Y failures is
173
number of X failures is
0
average trial time
82.53445394634015
stderr is
0.0007272194572655193
target is
0.0009611111111111113
mu is
0.00956043956043956
number of trials is
18200
number of Z or Y failures is
174
number of X failures is
0
average trial time
83.45386318611514
stderr is
0.0007213219648607234
target is
0.000956043956043956
mu is
0.00967391304347826
number of trials is
18400
number of Z or Y failures is
178
number of X failures is
0
average trial time
84.3879004945252
stderr is
0.000721594292711148
target is
0.0009673913043478261
mu is
0.009623655913978495
number of trials is
18600
number of Z or Y failures is
179
number of X failures is
0
average trial time
85.31930737924027
stderr is
0.0007158555153201911
target is
0.0009623655913978496
mu is
0.009680851063829788
number of trials is
18800
number of Z or Y failures is
182
number of X failures is
0
average trial time
86.21411264430014
stderr is
0.000714129516513014
target is
0.0009680851063829789
mu is
0.009578947368421053
number of trials is
19000
number of Z or Y failures is
182
number of X failures is
0
average trial time
87.13919150060521
stderr is
0.0007066485200863749
target is
0.0009578947368421054
mu is
0.0096875
number of trials is
19200
number of Z or Y failures is
186
number of X failures is
0
average trial time
88.04915333153026
stderr is
0.0007068913768795764
target is
0.00096875
mu is
0.009587628865979381
number of trials is
19400
number of Z or Y failures is
186
number of X failures is
0
average trial time
88.9536001854202
stderr is
0.0006996389250388649
target is
0.0009587628865979381
mu is
0.009795918367346938
number of trials is
19600
number of Z or Y failures is
192
number of X failures is
0
average trial time
89.89156070539022
stderr is
0.0007035062794989934
target is
0.0009795918367346938
mu is
0.009696969696969697
number of trials is
19800
number of Z or Y failures is
192
number of X failures is
0
average trial time
90.8135415933403
stderr is
0.0006964347699103813
target is
0.0009696969696969698
mu is
0.0096
number of trials is
20000
number of Z or Y failures is
192
number of X failures is
0
average trial time
91.73286045222031
stderr is
0.0006895040034608495
target is
0.0009599999999999999
mu is
0.009554455445544554
number of trials is
20200
number of Z or Y failures is
193
number of X failures is
0
average trial time
92.64052064511543
stderr is
0.0006844682956131513
target is
0.0009554455445544554
mu is
0.009509803921568628
number of trials is
20400
number of Z or Y failures is
194
number of X failures is
0
average trial time
93.54797377763043
stderr is
0.0006795265547365924
target is
0.0009509803921568628
mu is
0.009514563106796117
number of trials is
20600
number of Z or Y failures is
196
number of X failures is
0
average trial time
94.45383510336531
stderr is
0.0006763872366849726
target is
0.0009514563106796117
mu is
0.00951923076923077
number of trials is
20800
number of Z or Y failures is
198
number of X failures is
0
average trial time
95.35845831207521
stderr is
0.0006732908680855558
target is
0.000951923076923077
mu is
0.009571428571428571
number of trials is
21000
number of Z or Y failures is
201
number of X failures is
0
average trial time
96.27083381893533
stderr is
0.0006718938325946363
target is
0.0009571428571428571
mu is
0.009669811320754717
number of trials is
21200
number of Z or Y failures is
205
number of X failures is
0
average trial time
97.16063639387028
stderr is
0.0006721114927316741
target is
0.0009669811320754717
mu is
0.0097196261682243
number of trials is
21400
number of Z or Y failures is
208
number of X failures is
0
average trial time
98.0681603496703
stderr is
0.0006706672932415507
target is
0.00097196261682243
mu is
0.009675925925925926
number of trials is
21600
number of Z or Y failures is
209
number of X failures is
0
average trial time
98.95823480620531
stderr is
0.0006660673010237936
target is
0.0009675925925925927
mu is
0.009678899082568807
number of trials is
21800
number of Z or Y failures is
211
number of X failures is
0
average trial time
99.89167785377032
stderr is
0.0006631056243159271
target is
0.0009678899082568807
mu is
0.009636363636363636
number of trials is
22000
number of Z or Y failures is
212
number of X failures is
0
average trial time
100.79910614316027
stderr is
0.0006586466133323786
target is
0.0009636363636363636
mu is
0.00963963963963964
number of trials is
22200
number of Z or Y failures is
214
number of X failures is
0
average trial time
101.70589591352532
stderr is
0.0006557832480477736
target is
0.0009639639639639641
mu is
0.0096875
number of trials is
22400
number of Z or Y failures is
217
number of X failures is
0
average trial time
102.63491788779034
stderr is
0.0006544518102321645
target is
0.00096875
mu is
0.009690265486725663
number of trials is
22600
number of Z or Y failures is
219
number of X failures is
0
average trial time
103.5412890281003
stderr is
0.0006516415241729772
target is
0.0009690265486725664
mu is
0.009649122807017544
number of trials is
22800
number of Z or Y failures is
220
number of X failures is
0
average trial time
104.41774526386048
stderr is
0.000647411728658312
target is
0.0009649122807017544
mu is
0.009652173913043478
number of trials is
23000
number of Z or Y failures is
222
number of X failures is
0
average trial time
105.30625692551044
stderr is
0.0006446915365868085
target is
0.0009652173913043478
mu is
0.009741379310344828
number of trials is
23200
number of Z or Y failures is
226
number of X failures is
0
average trial time
106.21098945436538
stderr is
0.0006448369432414472
target is
0.0009741379310344828
mu is
0.009871794871794872
number of trials is
23400
number of Z or Y failures is
231
number of X failures is
0
average trial time
107.12999994390528
stderr is
0.0006463163293210825
target is
0.0009871794871794872
mu is
0.009872881355932204
number of trials is
23600
number of Z or Y failures is
233
number of X failures is
0
average trial time
108.0358710685853
stderr is
0.0006436068188442076
target is
0.0009872881355932205
mu is
0.009831932773109243
number of trials is
23800
number of Z or Y failures is
234
number of X failures is
0
average trial time
108.91803852237543
stderr is
0.0006395795274834038
target is
0.0009831932773109243
mu is
0.009875
number of trials is
24000
number of Z or Y failures is
237
number of X failures is
0
average trial time
109.79970004696042
stderr is
0.0006382884597094339
target is
0.0009875
mu is
0.009793388429752066
number of trials is
24200
number of Z or Y failures is
237
number of X failures is
0
average trial time
110.67179282642546
stderr is
0.0006330393271636264
target is
0.0009793388429752065
mu is
0.00987704918032787
number of trials is
24400
number of Z or Y failures is
241
number of X failures is
0
average trial time
111.56341129105554
stderr is
0.0006330997737887333
target is
0.000987704918032787
mu is
0.009959349593495936
number of trials is
24600
number of Z or Y failures is
245
number of X failures is
0
average trial time
112.48433227502557
stderr is
0.0006331159806222907
target is
0.0009959349593495937
mu is
0.01
number of trials is
24800
number of Z or Y failures is
248
number of X failures is
0
average trial time
113.37789931459552
stderr is
0.0006318303930250774
target is
0.001
mu is
0.00996
number of trials is
25000
number of Z or Y failures is
249
number of X failures is
0
average trial time
114.27362129138051
stderr is
0.0006280507255855664
target is
0.0009960000000000001
mu is
0.010079365079365079
number of trials is
25200
number of Z or Y failures is
254
number of X failures is
0
average trial time
115.1482063649604
stderr is
0.0006292527515370554
target is
0.0010079365079365078
mu is
0.010039370078740157
number of trials is
25400
number of Z or Y failures is
255
number of X failures is
0
average trial time
116.03611000769033
stderr is
0.0006255382697964139
target is
0.0010039370078740158
mu is
0.01
number of trials is
25600
number of Z or Y failures is
256
number of X failures is
0
average trial time
116.95247934525543
stderr is
0.0006218792943902225
target is
0.001
mu is
0.00992248062015504
number of trials is
25800
number of Z or Y failures is
256
number of X failures is
0
average trial time
117.8440401905504
stderr is
0.0006170825893432201
target is
0.0009922480620155039
mu is
0.009846153846153846
number of trials is
26000
number of Z or Y failures is
256
number of X failures is
0
average trial time
118.72802551400045
stderr is
0.0006123593114566129
target is
0.0009846153846153848
mu is
0.009961832061068703
number of trials is
26200
number of Z or Y failures is
261
number of X failures is
0
average trial time
119.64507304019543
stderr is
0.0006135546042351679
target is
0.0009961832061068704
mu is
0.009962121212121212
number of trials is
26400
number of Z or Y failures is
263
number of X failures is
0
average trial time
120.53810037502544
stderr is
0.0006112348083588776
target is
0.0009962121212121213
mu is
0.009924812030075189
number of trials is
26600
number of Z or Y failures is
264
number of X failures is
0
average trial time
121.42086715976046
stderr is
0.0006078026354169522
target is
0.000992481203007519
mu is
0.009925373134328359
number of trials is
26800
number of Z or Y failures is
266
number of X failures is
0
average trial time
122.30755399157046
stderr is
0.0006055473282845188
target is
0.0009925373134328358
mu is
0.009851851851851851
number of trials is
27000
number of Z or Y failures is
266
number of X failures is
0
average trial time
123.19295621966546
stderr is
0.0006010840259541974
target is
0.000985185185185185
mu is
0.009852941176470589
number of trials is
27200
number of Z or Y failures is
268
number of X failures is
0
average trial time
124.09258189441056
stderr is
0.0005989027777325496
target is
0.0009852941176470588
mu is
0.00978102189781022
number of trials is
27400
number of Z or Y failures is
268
number of X failures is
0
average trial time
124.96973347162053
stderr is
0.0005945527363115168
target is
0.000978102189781022
mu is
0.009746376811594203
number of trials is
27600
number of Z or Y failures is
269
number of X failures is
0
average trial time
125.86167389310563
stderr is
0.0005913548265124297
target is
0.0009746376811594203
mu is
0.00974820143884892
number of trials is
27800
number of Z or Y failures is
271
number of X failures is
0
average trial time
126.7678451465107
stderr is
0.0005892783434523658
target is
0.0009748201438848921
mu is
0.009714285714285713
number of trials is
28000
number of Z or Y failures is
272
number of X failures is
0
average trial time
127.66443244024076
stderr is
0.0005861576442065858
target is
0.0009714285714285714
mu is
0.009716312056737588
number of trials is
28200
number of Z or Y failures is
274
number of X failures is
0
average trial time
128.54014085620076
stderr is
0.000584135614997211
target is
0.0009716312056737589
mu is
0.009753521126760563
number of trials is
28400
number of Z or Y failures is
277
number of X failures is
0
average trial time
129.45241974581583
stderr is
0.0005831776131411204
target is
0.0009753521126760564
mu is
0.00972027972027972
number of trials is
28600
number of Z or Y failures is
278
number of X failures is
0
average trial time
130.3476419743208
stderr is
0.0005801534780205546
target is
0.000972027972027972
mu is
0.009722222222222222
number of trials is
28800
number of Z or Y failures is
280
number of X failures is
0
average trial time
131.23482101323566
stderr is
0.0005781926739385886
target is
0.0009722222222222223
mu is
0.009689655172413793
number of trials is
29000
number of Z or Y failures is
281
number of X failures is
0
average trial time
132.10086132830568
stderr is
0.0005752389804707605
target is
0.0009689655172413794
mu is
0.009657534246575342
number of trials is
29200
number of Z or Y failures is
282
number of X failures is
0
average trial time
132.9798126791207
stderr is
0.0005723238448088738
target is
0.0009657534246575343
mu is
0.009659863945578231
number of trials is
29400
number of Z or Y failures is
284
number of X failures is
0
average trial time
133.8620581348708
stderr is
0.0005704418975131659
target is
0.0009659863945578232
mu is
0.009662162162162162
number of trials is
29600
number of Z or Y failures is
286
number of X failures is
0
average trial time
134.76151848304585
stderr is
0.0005685783618610679
target is
0.0009662162162162163
mu is
0.009630872483221477
number of trials is
29800
number of Z or Y failures is
287
number of X failures is
0
average trial time
135.67330634659086
stderr is
0.000565757758187021
target is
0.0009630872483221477
mu is
0.009566666666666666
number of trials is
30000
number of Z or Y failures is
287
number of X failures is
0
average trial time
136.57678166733078
stderr is
0.0005620041934680153
target is
0.0009566666666666666
mu is
0.00956953642384106
number of trials is
30200
number of Z or Y failures is
289
number of X failures is
0
average trial time
137.48243229135082
stderr is
0.0005602232953174767
target is
0.000956953642384106
mu is
0.009671052631578947
number of trials is
30400
number of Z or Y failures is
294
number of X failures is
0
average trial time
138.37867313304093
stderr is
0.0005613024806389267
target is
0.0009671052631578947
mu is
0.009673202614379085
number of trials is
30600
number of Z or Y failures is
296
number of X failures is
0
average trial time
139.255052053286
stderr is
0.0005595266684157209
target is
0.0009673202614379085
mu is
0.009675324675324675
number of trials is
30800
number of Z or Y failures is
298
number of X failures is
0
average trial time
140.1355830377661
stderr is
0.0005577675781027094
target is
0.0009675324675324676
mu is
0.009645161290322581
number of trials is
31000
number of Z or Y failures is
299
number of X failures is
0
average trial time
141.01168119540108
stderr is
0.0005551065081539682
target is
0.0009645161290322582
mu is
0.009583333333333333
number of trials is
31200
number of Z or Y failures is
299
number of X failures is
0
average trial time
141.889654024591
stderr is
0.0005515652924081954
target is
0.0009583333333333333
mu is
0.009554140127388535
number of trials is
31400
number of Z or Y failures is
300
number of X failures is
0
average trial time
142.77564038884591
stderr is
0.0005489758823242588
target is
0.0009554140127388535
mu is
0.009525316455696202
number of trials is
31600
number of Z or Y failures is
301
number of X failures is
0
average trial time
143.66083974653588
stderr is
0.0005464176595633719
target is
0.0009525316455696203
mu is
0.009528301886792453
number of trials is
31800
number of Z or Y failures is
303
number of X failures is
0
average trial time
144.5635449942759
stderr is
0.0005447811324537934
target is
0.0009528301886792454
mu is
0.0095
number of trials is
32000
number of Z or Y failures is
304
number of X failures is
0
average trial time
145.47773514311083
stderr is
0.000542276568732373
target is
0.00095
304
0
32000
0.0095
