mu is
0.0
number of trials is
200
number of Z or Y failures is
0
number of X failures is
0
average trial time
2.504172766024999
mu is
0.0
number of trials is
400
number of Z or Y failures is
0
number of X failures is
0
average trial time
4.818085723279995
mu is
0.0
number of trials is
600
number of Z or Y failures is
0
number of X failures is
0
average trial time
7.104175114849994
mu is
0.0
number of trials is
800
number of Z or Y failures is
0
number of X failures is
0
average trial time
9.397279229789998
mu is
0.0
number of trials is
1000
number of Z or Y failures is
0
number of X failures is
0
average trial time
11.717817728549994
mu is
0.0
number of trials is
1200
number of Z or Y failures is
0
number of X failures is
0
average trial time
14.112487196704985
mu is
0.0
number of trials is
1400
number of Z or Y failures is
0
number of X failures is
0
average trial time
16.571822128609984
mu is
0.0
number of trials is
1600
number of Z or Y failures is
0
number of X failures is
0
average trial time
19.07894628439999
mu is
0.0
number of trials is
1800
number of Z or Y failures is
0
number of X failures is
0
average trial time
21.670565381824996
mu is
0.0
number of trials is
2000
number of Z or Y failures is
0
number of X failures is
0
average trial time
24.305023693619997
mu is
0.0
number of trials is
2200
number of Z or Y failures is
0
number of X failures is
0
average trial time
26.986288489104986
mu is
0.0
number of trials is
2400
number of Z or Y failures is
0
number of X failures is
0
average trial time
29.650657004715004
mu is
0.0
number of trials is
2600
number of Z or Y failures is
0
number of X failures is
0
average trial time
32.40437730020999
mu is
0.0
number of trials is
2800
number of Z or Y failures is
0
number of X failures is
0
average trial time
35.159403016394975
mu is
0.0
number of trials is
3000
number of Z or Y failures is
0
number of X failures is
0
average trial time
37.895906154094966
mu is
0.0
number of trials is
3200
number of Z or Y failures is
0
number of X failures is
0
average trial time
40.68742859842995
mu is
0.0
number of trials is
3400
number of Z or Y failures is
0
number of X failures is
0
average trial time
43.49499910544491
mu is
0.0
number of trials is
3600
number of Z or Y failures is
0
number of X failures is
0
average trial time
46.26733785856491
mu is
0.0
number of trials is
3800
number of Z or Y failures is
0
number of X failures is
0
average trial time
49.076719281624854
mu is
0.0
number of trials is
4000
number of Z or Y failures is
0
number of X failures is
0
average trial time
51.830893831589876
mu is
0.0
number of trials is
4200
number of Z or Y failures is
0
number of X failures is
0
average trial time
54.59049329685483
mu is
0.0
number of trials is
4400
number of Z or Y failures is
0
number of X failures is
0
average trial time
57.34221997502486
mu is
0.0
number of trials is
4600
number of Z or Y failures is
0
number of X failures is
0
average trial time
60.09570373155992
mu is
0.0
number of trials is
4800
number of Z or Y failures is
0
number of X failures is
0
average trial time
62.79625381685994
mu is
0.0
number of trials is
5000
number of Z or Y failures is
0
number of X failures is
0
average trial time
65.55810852656995
mu is
0.0
number of trials is
5200
number of Z or Y failures is
0
number of X failures is
0
average trial time
68.26049225777993
mu is
0.0
number of trials is
5400
number of Z or Y failures is
0
number of X failures is
0
average trial time
70.96442070914495
mu is
0.0
number of trials is
5600
number of Z or Y failures is
0
number of X failures is
0
average trial time
73.70578105247496
mu is
0.0
number of trials is
5800
number of Z or Y failures is
0
number of X failures is
0
average trial time
76.44376184996996
mu is
0.0
number of trials is
6000
number of Z or Y failures is
0
number of X failures is
0
average trial time
79.18626842819498
mu is
0.0
number of trials is
6200
number of Z or Y failures is
0
number of X failures is
0
average trial time
81.88819566324493
mu is
0.0
number of trials is
6400
number of Z or Y failures is
0
number of X failures is
0
average trial time
84.60900992737984
mu is
0.00015151515151515152
number of trials is
6600
number of Z or Y failures is
1
number of X failures is
0
average trial time
87.28580962767987
mu is
0.00014705882352941175
number of trials is
6800
number of Z or Y failures is
1
number of X failures is
0
average trial time
89.98143973898986
mu is
0.00014285714285714287
number of trials is
7000
number of Z or Y failures is
1
number of X failures is
0
average trial time
92.7250061247148
mu is
0.0001388888888888889
number of trials is
7200
number of Z or Y failures is
1
number of X failures is
0
average trial time
95.35719535996485
mu is
0.00013513513513513514
number of trials is
7400
number of Z or Y failures is
1
number of X failures is
0
average trial time
98.06058506274496
mu is
0.00013157894736842105
number of trials is
7600
number of Z or Y failures is
1
number of X failures is
0
average trial time
100.75666681043998
mu is
0.0001282051282051282
number of trials is
7800
number of Z or Y failures is
1
number of X failures is
0
average trial time
103.43280813397487
mu is
0.000125
number of trials is
8000
number of Z or Y failures is
1
number of X failures is
0
average trial time
106.11627539860983
mu is
0.00012195121951219512
number of trials is
8200
number of Z or Y failures is
1
number of X failures is
0
average trial time
108.78491275462983
mu is
0.00011904761904761905
number of trials is
8400
number of Z or Y failures is
1
number of X failures is
0
average trial time
111.44201162142969
mu is
0.00011627906976744187
number of trials is
8600
number of Z or Y failures is
1
number of X failures is
0
average trial time
114.12477472233972
mu is
0.00011363636363636364
number of trials is
8800
number of Z or Y failures is
1
number of X failures is
0
average trial time
116.82419367651471
mu is
0.00011111111111111112
number of trials is
9000
number of Z or Y failures is
1
number of X failures is
0
average trial time
119.45369300170466
mu is
0.00010869565217391305
number of trials is
9200
number of Z or Y failures is
1
number of X failures is
0
average trial time
122.12878906721963
mu is
0.00010638297872340425
number of trials is
9400
number of Z or Y failures is
1
number of X failures is
0
average trial time
124.75456951469461
mu is
0.00010416666666666667
number of trials is
9600
number of Z or Y failures is
1
number of X failures is
0
average trial time
127.39732001456957
mu is
0.00010204081632653062
number of trials is
9800
number of Z or Y failures is
1
number of X failures is
0
average trial time
130.0251609423095
mu is
0.0001
number of trials is
10000
number of Z or Y failures is
1
number of X failures is
0
average trial time
132.7014812853645
mu is
9.80392156862745e-5
number of trials is
10200
number of Z or Y failures is
1
number of X failures is
0
average trial time
135.28430067884443
mu is
9.615384615384615e-5
number of trials is
10400
number of Z or Y failures is
1
number of X failures is
0
average trial time
137.95180844965938
mu is
9.433962264150943e-5
number of trials is
10600
number of Z or Y failures is
1
number of X failures is
0
average trial time
140.6057140310394
mu is
9.259259259259259e-5
number of trials is
10800
number of Z or Y failures is
1
number of X failures is
0
average trial time
143.24321366060934
mu is
9.09090909090909e-5
number of trials is
11000
number of Z or Y failures is
1
number of X failures is
0
average trial time
145.86115435745427
mu is
8.928571428571429e-5
number of trials is
11200
number of Z or Y failures is
1
number of X failures is
0
average trial time
148.48598763070413
mu is
8.771929824561403e-5
number of trials is
11400
number of Z or Y failures is
1
number of X failures is
0
average trial time
151.16067449799917
mu is
8.620689655172413e-5
number of trials is
11600
number of Z or Y failures is
1
number of X failures is
0
average trial time
153.80296793663908
mu is
8.474576271186441e-5
number of trials is
11800
number of Z or Y failures is
1
number of X failures is
0
average trial time
156.38487394182914
mu is
8.333333333333333e-5
number of trials is
12000
number of Z or Y failures is
1
number of X failures is
0
average trial time
159.03225412766403
mu is
8.19672131147541e-5
number of trials is
12200
number of Z or Y failures is
1
number of X failures is
0
average trial time
161.64197895146907
mu is
8.064516129032258e-5
number of trials is
12400
number of Z or Y failures is
1
number of X failures is
0
average trial time
164.1988058933141
mu is
7.936507936507937e-5
number of trials is
12600
number of Z or Y failures is
1
number of X failures is
0
average trial time
166.83714117256403
mu is
7.8125e-5
number of trials is
12800
number of Z or Y failures is
1
number of X failures is
0
average trial time
169.44055386181412
mu is
7.692307692307693e-5
number of trials is
13000
number of Z or Y failures is
1
number of X failures is
0
average trial time
172.00390746458922
mu is
7.575757575757576e-5
number of trials is
13200
number of Z or Y failures is
1
number of X failures is
0
average trial time
174.55232694938425
mu is
7.462686567164179e-5
number of trials is
13400
number of Z or Y failures is
1
number of X failures is
0
average trial time
177.23030521172439
mu is
7.352941176470588e-5
number of trials is
13600
number of Z or Y failures is
1
number of X failures is
0
average trial time
179.88099579710456
mu is
7.246376811594203e-5
number of trials is
13800
number of Z or Y failures is
1
number of X failures is
0
average trial time
182.48543797914945
mu is
0.00014285714285714287
number of trials is
14000
number of Z or Y failures is
2
number of X failures is
0
average trial time
185.0856762526144
mu is
0.00014084507042253522
number of trials is
14200
number of Z or Y failures is
2
number of X failures is
0
average trial time
187.7003666274446
mu is
0.0001388888888888889
number of trials is
14400
number of Z or Y failures is
2
number of X failures is
0
average trial time
190.30241131265458
mu is
0.000136986301369863
number of trials is
14600
number of Z or Y failures is
2
number of X failures is
0
average trial time
192.8678394888496
mu is
0.00013513513513513514
number of trials is
14800
number of Z or Y failures is
2
number of X failures is
0
average trial time
195.41915270246466
mu is
0.00013333333333333334
number of trials is
15000
number of Z or Y failures is
2
number of X failures is
0
average trial time
198.00976951630983
mu is
0.00013157894736842105
number of trials is
15200
number of Z or Y failures is
2
number of X failures is
0
average trial time
200.57167629256998
mu is
0.00012987012987012987
number of trials is
15400
number of Z or Y failures is
2
number of X failures is
0
average trial time
203.15072502854517
mu is
0.0001282051282051282
number of trials is
15600
number of Z or Y failures is
2
number of X failures is
0
average trial time
205.76216630582007
mu is
0.00012658227848101267
number of trials is
15800
number of Z or Y failures is
2
number of X failures is
0
average trial time
208.3601274789252
mu is
0.000125
number of trials is
16000
number of Z or Y failures is
2
number of X failures is
0
average trial time
210.94129596739515
mu is
0.0001234567901234568
number of trials is
16200
number of Z or Y failures is
2
number of X failures is
0
average trial time
213.52040034539522
mu is
0.00012195121951219512
number of trials is
16400
number of Z or Y failures is
2
number of X failures is
0
average trial time
216.08432819963517
mu is
0.00012048192771084337
number of trials is
16600
number of Z or Y failures is
2
number of X failures is
0
average trial time
218.67656556048522
mu is
0.00011904761904761905
number of trials is
16800
number of Z or Y failures is
2
number of X failures is
0
average trial time
221.26831584213042
mu is
0.00011764705882352942
number of trials is
17000
number of Z or Y failures is
2
number of X failures is
0
average trial time
223.8431947180003
mu is
0.00011627906976744187
number of trials is
17200
number of Z or Y failures is
2
number of X failures is
0
average trial time
226.45177454679546
mu is
0.00011494252873563218
number of trials is
17400
number of Z or Y failures is
2
number of X failures is
0
average trial time
229.05207404154044
mu is
0.00011363636363636364
number of trials is
17600
number of Z or Y failures is
2
number of X failures is
0
average trial time
231.63992657053538
mu is
0.00011235955056179776
number of trials is
17800
number of Z or Y failures is
2
number of X failures is
0
average trial time
234.23977628030548
mu is
0.00011111111111111112
number of trials is
18000
number of Z or Y failures is
2
number of X failures is
0
average trial time
236.8360267928557
mu is
0.00010989010989010989
number of trials is
18200
number of Z or Y failures is
2
number of X failures is
0
average trial time
239.47061389049588
mu is
0.00010869565217391305
number of trials is
18400
number of Z or Y failures is
2
number of X failures is
0
average trial time
242.0527686633808
mu is
0.00010752688172043011
number of trials is
18600
number of Z or Y failures is
2
number of X failures is
0
average trial time
244.62089444255074
mu is
0.00010638297872340425
number of trials is
18800
number of Z or Y failures is
2
number of X failures is
0
average trial time
247.16236694173585
mu is
0.00010526315789473685
number of trials is
19000
number of Z or Y failures is
2
number of X failures is
0
average trial time
249.78039512241568
mu is
0.00010416666666666667
number of trials is
19200
number of Z or Y failures is
2
number of X failures is
0
average trial time
252.34964811105567
mu is
0.00015463917525773195
number of trials is
19400
number of Z or Y failures is
3
number of X failures is
0
average trial time
254.92513024308565
mu is
0.0001530612244897959
number of trials is
19600
number of Z or Y failures is
3
number of X failures is
0
average trial time
257.5085766786256
mu is
0.00015151515151515152
number of trials is
19800
number of Z or Y failures is
3
number of X failures is
0
average trial time
260.0573272037458
mu is
0.00015
number of trials is
20000
number of Z or Y failures is
3
number of X failures is
0
average trial time
262.6031632899408
mu is
0.0001485148514851485
number of trials is
20200
number of Z or Y failures is
3
number of X failures is
0
average trial time
265.17716185139574
mu is
0.00014705882352941175
number of trials is
20400
number of Z or Y failures is
3
number of X failures is
0
average trial time
267.7532532410756
mu is
0.00014563106796116506
number of trials is
20600
number of Z or Y failures is
3
number of X failures is
0
average trial time
270.2945034117607
mu is
0.00014423076923076924
number of trials is
20800
number of Z or Y failures is
3
number of X failures is
0
average trial time
272.8417029436407
mu is
0.00014285714285714287
number of trials is
21000
number of Z or Y failures is
3
number of X failures is
0
average trial time
275.4156281308754
mu is
0.00014150943396226416
number of trials is
21200
number of Z or Y failures is
3
number of X failures is
0
average trial time
277.97974951898027
mu is
0.00014018691588785047
number of trials is
21400
number of Z or Y failures is
3
number of X failures is
0
average trial time
280.5163954732805
mu is
0.00018518518518518518
number of trials is
21600
number of Z or Y failures is
4
number of X failures is
0
average trial time
283.0711850385257
mu is
0.00022935779816513763
number of trials is
21800
number of Z or Y failures is
5
number of X failures is
0
average trial time
285.66713542953073
stderr is
0.00010256251444155724
target is
2.2935779816513765e-5
mu is
0.00022727272727272727
number of trials is
22000
number of Z or Y failures is
5
number of X failures is
0
average trial time
288.2149973148708
stderr is
0.00010163021273230652
target is
2.272727272727273e-5
mu is
0.00022522522522522523
number of trials is
22200
number of Z or Y failures is
5
number of X failures is
0
average trial time
290.7606100443407
stderr is
0.00010071470773800791
target is
2.2522522522522523e-5
mu is
0.0002232142857142857
number of trials is
22400
number of Z or Y failures is
5
number of X failures is
0
average trial time
293.28836475081573
stderr is
9.981554958685002e-5
target is
2.232142857142857e-5
mu is
0.00022123893805309734
number of trials is
22600
number of Z or Y failures is
5
number of X failures is
0
average trial time
295.83581785239096
stderr is
9.893230433027687e-5
target is
2.2123893805309735e-5
mu is
0.0002192982456140351
number of trials is
22800
number of Z or Y failures is
5
number of X failures is
0
average trial time
298.45005870303595
stderr is
9.806455324466098e-5
target is
2.192982456140351e-5
mu is
0.0002173913043478261
number of trials is
23000
number of Z or Y failures is
5
number of X failures is
0
average trial time
301.0328810489859
stderr is
9.721189216940736e-5
target is
2.173913043478261e-5
mu is
0.00021551724137931034
number of trials is
23200
number of Z or Y failures is
5
number of X failures is
0
average trial time
303.6203050968461
stderr is
9.637393087929103e-5
target is
2.1551724137931036e-5
mu is
0.00021367521367521368
number of trials is
23400
number of Z or Y failures is
5
number of X failures is
0
average trial time
306.168294414726
stderr is
9.555029248897909e-5
target is
2.1367521367521368e-5
mu is
0.000211864406779661
number of trials is
23600
number of Z or Y failures is
5
number of X failures is
0
average trial time
308.76064268101607
stderr is
9.474061288782913e-5
target is
2.1186440677966103e-5
mu is
0.0002100840336134454
number of trials is
23800
number of Z or Y failures is
5
number of X failures is
0
average trial time
311.3439159913859
stderr is
9.394454020318264e-5
target is
2.1008403361344542e-5
mu is
0.00020833333333333335
number of trials is
24000
number of Z or Y failures is
5
number of X failures is
0
average trial time
313.89778321382136
stderr is
9.316173429049154e-5
target is
2.0833333333333336e-5
mu is
0.00020661157024793388
number of trials is
24200
number of Z or Y failures is
5
number of X failures is
0
average trial time
316.44756115573654
stderr is
9.239186624872568e-5
target is
2.066115702479339e-5
mu is
0.00020491803278688525
number of trials is
24400
number of Z or Y failures is
5
number of X failures is
0
average trial time
319.0141075156415
stderr is
9.163461795961063e-5
target is
2.0491803278688525e-5
mu is
0.0002032520325203252
number of trials is
24600
number of Z or Y failures is
5
number of X failures is
0
average trial time
321.5604562737965
stderr is
9.088968164933998e-5
target is
2.032520325203252e-5
mu is
0.00024193548387096774
number of trials is
24800
number of Z or Y failures is
6
number of X failures is
0
average trial time
324.13050372846646
stderr is
9.875979016164812e-5
target is
2.4193548387096777e-5
mu is
0.00024
number of trials is
25000
number of Z or Y failures is
6
number of X failures is
0
average trial time
326.6962237094265
stderr is
9.796979087043579e-5
target is
2.4e-5
mu is
0.0002380952380952381
number of trials is
25200
number of Z or Y failures is
6
number of X failures is
0
average trial time
329.2859375287163
stderr is
9.719233000591164e-5
target is
2.380952380952381e-5
mu is
0.00023622047244094488
number of trials is
25400
number of Z or Y failures is
6
number of X failures is
0
average trial time
331.8364641826661
stderr is
9.642711141393913e-5
target is
2.362204724409449e-5
mu is
0.000234375
number of trials is
25600
number of Z or Y failures is
6
number of X failures is
0
average trial time
334.41570638126655
stderr is
9.567384819429402e-5
target is
2.34375e-5
mu is
0.00023255813953488373
number of trials is
25800
number of Z or Y failures is
6
number of X failures is
0
average trial time
336.9579014993767
stderr is
9.493226234202022e-5
target is
2.3255813953488374e-5
mu is
0.00023076923076923076
number of trials is
26000
number of Z or Y failures is
6
number of X failures is
0
average trial time
339.5031828910319
stderr is
9.420208440533723e-5
target is
2.307692307692308e-5
mu is
0.00022900763358778625
number of trials is
26200
number of Z or Y failures is
6
number of X failures is
0
average trial time
342.04016787460233
stderr is
9.348305315921397e-5
target is
2.2900763358778628e-5
mu is
0.00022727272727272727
number of trials is
26400
number of Z or Y failures is
6
number of X failures is
0
average trial time
344.6056645480272
stderr is
9.277491529377926e-5
target is
2.272727272727273e-5
mu is
0.0002255639097744361
number of trials is
26600
number of Z or Y failures is
6
number of X failures is
0
average trial time
347.20413887873224
stderr is
9.207742511678732e-5
target is
2.255639097744361e-5
mu is
0.00022388059701492538
number of trials is
26800
number of Z or Y failures is
6
number of X failures is
0
average trial time
349.7375354162471
stderr is
9.139034426940448e-5
target is
2.238805970149254e-5
mu is
0.00022222222222222223
number of trials is
27000
number of Z or Y failures is
6
number of X failures is
0
average trial time
352.308040601207
stderr is
9.071344145462666e-5
target is
2.2222222222222223e-5
mu is
0.00022058823529411765
number of trials is
27200
number of Z or Y failures is
6
number of X failures is
0
average trial time
354.85663647862157
stderr is
9.0046492177677e-5
target is
2.2058823529411766e-5
mu is
0.00021897810218978101
number of trials is
27400
number of Z or Y failures is
6
number of X failures is
0
average trial time
357.41225611339144
stderr is
8.938927849777226e-5
target is
2.18978102189781e-5
mu is
0.0002173913043478261
number of trials is
27600
number of Z or Y failures is
6
number of X failures is
0
average trial time
359.9467764394316
stderr is
8.874158879068058e-5
target is
2.173913043478261e-5
mu is
0.0002158273381294964
number of trials is
27800
number of Z or Y failures is
6
number of X failures is
0
average trial time
362.45729286976115
stderr is
8.810321752152803e-5
target is
2.1582733812949642e-5
mu is
0.00021428571428571427
number of trials is
28000
number of Z or Y failures is
6
number of X failures is
0
average trial time
365.054543749186
stderr is
8.747396502734092e-5
target is
2.1428571428571428e-5
mu is
0.0002127659574468085
number of trials is
28200
number of Z or Y failures is
6
number of X failures is
0
average trial time
367.6370758727963
stderr is
8.685363730884086e-5
target is
2.1276595744680852e-5
mu is
0.00021126760563380283
number of trials is
28400
number of Z or Y failures is
6
number of X failures is
0
average trial time
370.19109431256686
stderr is
8.624204583103647e-5
target is
2.1126760563380285e-5
mu is
0.0002097902097902098
number of trials is
28600
number of Z or Y failures is
6
number of X failures is
0
average trial time
372.7497743759625
stderr is
8.563900733218103e-5
target is
2.097902097902098e-5
mu is
0.00020833333333333335
number of trials is
28800
number of Z or Y failures is
6
number of X failures is
0
average trial time
375.29338541549737
stderr is
8.504434364068971e-5
target is
2.0833333333333336e-5
mu is
0.00020689655172413793
number of trials is
29000
number of Z or Y failures is
6
number of X failures is
0
average trial time
377.876059359822
stderr is
8.445788149963188e-5
target is
2.0689655172413793e-5
mu is
0.00020547945205479453
number of trials is
29200
number of Z or Y failures is
6
number of X failures is
0
average trial time
380.39825228946165
stderr is
8.387945239843536e-5
target is
2.0547945205479456e-5
mu is
0.00020408163265306123
number of trials is
29400
number of Z or Y failures is
6
number of X failures is
0
average trial time
382.96490142733643
stderr is
8.330889241145953e-5
target is
2.0408163265306126e-5
mu is
0.0002027027027027027
number of trials is
29600
number of Z or Y failures is
6
number of X failures is
0
average trial time
385.50006154470685
stderr is
8.274604204311199e-5
target is
2.027027027027027e-5
mu is
0.00020134228187919463
number of trials is
29800
number of Z or Y failures is
6
number of X failures is
0
average trial time
388.04176951736207
stderr is
8.219074607920175e-5
target is
2.0134228187919465e-5
mu is
0.0002
number of trials is
30000
number of Z or Y failures is
6
number of X failures is
0
average trial time
390.5693381611621
stderr is
8.164285344423777e-5
target is
2.0e-5
mu is
0.00019867549668874172
number of trials is
30200
number of Z or Y failures is
6
number of X failures is
0
average trial time
393.13414806749756
stderr is
8.110221706439717e-5
target is
1.9867549668874173e-5
mu is
0.00019736842105263157
number of trials is
30400
number of Z or Y failures is
6
number of X failures is
0
average trial time
395.6964910347028
stderr is
8.056869373590242e-5
target is
1.9736842105263158e-5
mu is
0.000196078431372549
number of trials is
30600
number of Z or Y failures is
6
number of X failures is
0
average trial time
398.23824014462787
stderr is
8.004214399855942e-5
target is
1.9607843137254903e-5
mu is
0.0001948051948051948
number of trials is
30800
number of Z or Y failures is
6
number of X failures is
0
average trial time
400.8155885267827
stderr is
7.952243201422264e-5
target is
1.9480519480519483e-5
mu is
0.0001935483870967742
number of trials is
31000
number of Z or Y failures is
6
number of X failures is
0
average trial time
403.3872456249626
stderr is
7.900942544996408e-5
target is
1.935483870967742e-5
mu is
0.0001923076923076923
number of trials is
31200
number of Z or Y failures is
6
number of X failures is
0
average trial time
405.9687423271677
stderr is
7.850299536573573e-5
target is
1.923076923076923e-5
mu is
0.0001910828025477707
number of trials is
31400
number of Z or Y failures is
6
number of X failures is
0
average trial time
408.52273169998256
stderr is
7.800301610632459e-5
target is
1.910828025477707e-5
mu is
0.00018987341772151899
number of trials is
31600
number of Z or Y failures is
6
number of X failures is
0
average trial time
411.10346314143237
stderr is
7.750936519741043e-5
target is
1.89873417721519e-5
mu is
0.00018867924528301886
number of trials is
31800
number of Z or Y failures is
6
number of X failures is
0
average trial time
413.6340400025271
stderr is
7.702192324554567e-5
target is
1.8867924528301888e-5
mu is
0.0001875
number of trials is
32000
number of Z or Y failures is
6
number of X failures is
0
average trial time
416.1719552294669
stderr is
7.654057384188549e-5
target is
1.8750000000000002e-5
mu is
0.00018633540372670808
number of trials is
32200
number of Z or Y failures is
6
number of X failures is
0
average trial time
418.73984658366186
stderr is
7.606520346950566e-5
target is
1.863354037267081e-5
mu is
0.00018518518518518518
number of trials is
32400
number of Z or Y failures is
6
number of X failures is
0
average trial time
421.30742775956736
stderr is
7.559570141415249e-5
target is
1.8518518518518518e-5
mu is
0.00018404907975460124
number of trials is
32600
number of Z or Y failures is
6
number of X failures is
0
average trial time
423.84604825886777
stderr is
7.513195967827806e-5
target is
1.8404907975460126e-5
mu is
0.00018292682926829268
number of trials is
32800
number of Z or Y failures is
6
number of X failures is
0
average trial time
426.4152650126727
stderr is
7.467387289822e-5
target is
1.8292682926829268e-5
mu is
0.0001818181818181818
number of trials is
33000
number of Z or Y failures is
6
number of X failures is
0
average trial time
428.9943915475924
stderr is
7.422133826439302e-5
target is
1.8181818181818182e-5
mu is
0.00018072289156626507
number of trials is
33200
number of Z or Y failures is
6
number of X failures is
0
average trial time
431.5988856329927
stderr is
7.377425544436449e-5
target is
1.807228915662651e-5
mu is
0.00017964071856287425
number of trials is
33400
number of Z or Y failures is
6
number of X failures is
0
average trial time
434.1429718255072
stderr is
7.333252650869382e-5
target is
1.7964071856287426e-5
mu is
0.00017857142857142857
number of trials is
33600
number of Z or Y failures is
6
number of X failures is
0
average trial time
436.6762491158473
stderr is
7.289605585942024e-5
target is
1.785714285714286e-5
mu is
0.00017751479289940828
number of trials is
33800
number of Z or Y failures is
6
number of X failures is
0
average trial time
439.2286861884477
stderr is
7.246475016108905e-5
target is
1.7751479289940828e-5
mu is
0.00017647058823529413
number of trials is
34000
number of Z or Y failures is
6
number of X failures is
0
average trial time
441.7936514131127
stderr is
7.203851827421238e-5
target is
1.7647058823529414e-5
mu is
0.00017543859649122806
number of trials is
34200
number of Z or Y failures is
6
number of X failures is
0
average trial time
444.30875741220257
stderr is
7.161727119106429e-5
target is
1.7543859649122806e-5
mu is
0.0001744186046511628
number of trials is
34400
number of Z or Y failures is
6
number of X failures is
0
average trial time
446.83430364166765
stderr is
7.120092197371535e-5
target is
1.744186046511628e-5
mu is
0.00017341040462427745
number of trials is
34600
number of Z or Y failures is
6
number of X failures is
0
average trial time
449.42225547573776
stderr is
7.078938569421635e-5
target is
1.7341040462427746e-5
mu is
0.00017241379310344826
number of trials is
34800
number of Z or Y failures is
6
number of X failures is
0
average trial time
451.9554887202883
stderr is
7.038257937684444e-5
target is
1.7241379310344828e-5
mu is
0.00017142857142857143
number of trials is
35000
number of Z or Y failures is
6
number of X failures is
0
average trial time
454.5295844884429
stderr is
6.99804219423291e-5
target is
1.7142857142857142e-5
mu is
0.00017045454545454547
number of trials is
35200
number of Z or Y failures is
6
number of X failures is
0
average trial time
457.07474693550773
stderr is
6.958283415397963e-5
target is
1.7045454545454546e-5
mu is
0.00016949152542372882
number of trials is
35400
number of Z or Y failures is
6
number of X failures is
0
average trial time
459.6911849486925
stderr is
6.918973856563837e-5
target is
1.6949152542372885e-5
mu is
0.00016853932584269662
number of trials is
35600
number of Z or Y failures is
6
number of X failures is
0
average trial time
462.24126730303243
stderr is
6.880105947138857e-5
target is
1.685393258426966e-5
mu is
0.0001675977653631285
number of trials is
35800
number of Z or Y failures is
6
number of X failures is
0
average trial time
464.79706446547715
stderr is
6.841672285694752e-5
target is
1.675977653631285e-5
mu is
0.00016666666666666666
number of trials is
36000
number of Z or Y failures is
6
number of X failures is
0
average trial time
467.33657954698225
stderr is
6.803665635268008e-5
target is
1.6666666666666667e-5
mu is
0.00016574585635359117
number of trials is
36200
number of Z or Y failures is
6
number of X failures is
0
average trial time
469.88432256486675
stderr is
6.766078918816955e-5
target is
1.6574585635359117e-5
mu is
0.00016483516483516484
number of trials is
36400
number of Z or Y failures is
6
number of X failures is
0
average trial time
472.4446306688863
stderr is
6.728905214828614e-5
target is
1.6483516483516486e-5
mu is
0.0001912568306010929
number of trials is
36600
number of Z or Y failures is
7
number of X failures is
0
average trial time
474.9935424725856
stderr is
7.22823615133464e-5
target is
1.9125683060109292e-5
mu is
0.0002173913043478261
number of trials is
36800
number of Z or Y failures is
8
number of X failures is
0
average trial time
477.5327552414608
stderr is
7.685212219095099e-5
target is
2.173913043478261e-5
mu is
0.00021621621621621621
number of trials is
37000
number of Z or Y failures is
8
number of X failures is
0
average trial time
480.07797778284584
stderr is
7.64367446200309e-5
target is
2.1621621621621624e-5
mu is
0.00021505376344086021
number of trials is
37200
number of Z or Y failures is
8
number of X failures is
0
average trial time
482.6130789946708
stderr is
7.60258330542029e-5
target is
2.1505376344086024e-5
mu is
0.000213903743315508
number of trials is
37400
number of Z or Y failures is
8
number of X failures is
0
average trial time
485.18333954265586
stderr is
7.561931585303529e-5
target is
2.1390374331550803e-5
mu is
0.0002127659574468085
number of trials is
37600
number of Z or Y failures is
8
number of X failures is
0
average trial time
487.6989123219508
stderr is
7.521712290021893e-5
target is
2.1276595744680852e-5
mu is
0.00021164021164021165
number of trials is
37800
number of Z or Y failures is
8
number of X failures is
0
average trial time
490.2555815199362
stderr is
7.481918556325018e-5
target is
2.1164021164021168e-5
mu is
0.0002105263157894737
number of trials is
38000
number of Z or Y failures is
8
number of X failures is
0
average trial time
492.81881685225585
stderr is
7.442543665438708e-5
target is
2.1052631578947372e-5
mu is
0.0002094240837696335
number of trials is
38200
number of Z or Y failures is
8
number of X failures is
0
average trial time
495.3793348143962
stderr is
7.403581039283173e-5
target is
2.0942408376963353e-5
mu is
0.00020833333333333335
number of trials is
38400
number of Z or Y failures is
8
number of X failures is
0
average trial time
497.9250948153613
stderr is
7.365024236809458e-5
target is
2.0833333333333336e-5
mu is
0.0002072538860103627
number of trials is
38600
number of Z or Y failures is
8
number of X failures is
0
average trial time
500.4782141832761
stderr is
7.326866950449731e-5
target is
2.072538860103627e-5
mu is
0.0002061855670103093
number of trials is
38800
number of Z or Y failures is
8
number of X failures is
0
average trial time
503.03840964625635
stderr is
7.289103002677371e-5
target is
2.061855670103093e-5
mu is
0.00020512820512820512
number of trials is
39000
number of Z or Y failures is
8
number of X failures is
0
average trial time
505.61481120671124
stderr is
7.251726342672868e-5
target is
2.0512820512820512e-5
mu is
0.00020408163265306123
number of trials is
39200
number of Z or Y failures is
8
number of X failures is
0
average trial time
508.188070364501
stderr is
7.214731043091792e-5
target is
2.0408163265306126e-5
mu is
0.0002030456852791878
number of trials is
39400
number of Z or Y failures is
8
number of X failures is
0
average trial time
510.7654153015311
stderr is
7.178111296931183e-5
target is
2.030456852791878e-5
mu is
0.00020202020202020202
number of trials is
39600
number of Z or Y failures is
8
number of X failures is
0
average trial time
513.2951530638907
stderr is
7.141861414490901e-5
target is
2.0202020202020203e-5
mu is
0.00020100502512562814
number of trials is
39800
number of Z or Y failures is
8
number of X failures is
0
average trial time
515.75753898934
stderr is
7.105975820426569e-5
target is
2.0100502512562815e-5
mu is
0.0002
number of trials is
40000
number of Z or Y failures is
8
number of X failures is
0
average trial time
518.1025343290456
stderr is
7.070449050890936e-5
target is
2.0e-5
mu is
0.00022388059701492538
number of trials is
40200
number of Z or Y failures is
9
number of X failures is
0
average trial time
520.5079283050804
stderr is
7.461943955866256e-5
target is
2.238805970149254e-5
mu is
0.00022277227722772278
number of trials is
40400
number of Z or Y failures is
9
number of X failures is
0
average trial time
522.8781775638698
stderr is
7.425007297618818e-5
target is
2.227722772277228e-5
mu is
0.00022167487684729065
number of trials is
40600
number of Z or Y failures is
9
number of X failures is
0
average trial time
525.2773646298499
stderr is
7.388434511466296e-5
target is
2.2167487684729066e-5
mu is
0.00022058823529411765
number of trials is
40800
number of Z or Y failures is
9
number of X failures is
0
average trial time
527.6602343874852
stderr is
7.352220246873398e-5
target is
2.2058823529411766e-5
mu is
0.00021951219512195122
number of trials is
41000
number of Z or Y failures is
9
number of X failures is
0
average trial time
530.0128965231052
stderr is
7.316359257695324e-5
target is
2.1951219512195124e-5
mu is
0.00021844660194174757
number of trials is
41200
number of Z or Y failures is
9
number of X failures is
0
average trial time
532.3958917766454
stderr is
7.280846399644269e-5
target is
2.184466019417476e-5
mu is
0.0002173913043478261
number of trials is
41400
number of Z or Y failures is
9
number of X failures is
0
average trial time
534.7924210759246
stderr is
7.24567662782934e-5
target is
2.173913043478261e-5
mu is
0.00021634615384615385
number of trials is
41600
number of Z or Y failures is
9
number of X failures is
0
average trial time
537.1587944356049
stderr is
7.210844994367444e-5
target is
2.1634615384615387e-5
mu is
0.000215311004784689
number of trials is
41800
number of Z or Y failures is
9
number of X failures is
0
average trial time
539.5357979021097
stderr is
7.176346646062743e-5
target is
2.15311004784689e-5
mu is
0.00021428571428571427
number of trials is
42000
number of Z or Y failures is
9
number of X failures is
0
average trial time
541.8922261082598
stderr is
7.142176822152419e-5
target is
2.1428571428571428e-5
mu is
0.0002132701421800948
number of trials is
42200
number of Z or Y failures is
9
number of X failures is
0
average trial time
544.2429162427302
stderr is
7.10833085211652e-5
target is
2.132701421800948e-5
mu is
0.00021226415094339622
number of trials is
42400
number of Z or Y failures is
9
number of X failures is
0
average trial time
546.62414964938
stderr is
7.074804153549784e-5
target is
2.1226415094339624e-5
mu is
0.00021126760563380283
number of trials is
42600
number of Z or Y failures is
9
number of X failures is
0
average trial time
549.0033943817748
stderr is
7.041592230093434e-5
target is
2.1126760563380285e-5
mu is
0.0002102803738317757
number of trials is
42800
number of Z or Y failures is
9
number of X failures is
0
average trial time
551.3644411321903
stderr is
7.008690669424915e-5
target is
2.102803738317757e-5
mu is
0.00020930232558139534
number of trials is
43000
number of Z or Y failures is
9
number of X failures is
0
average trial time
553.7225999286053
stderr is
6.976095141303749e-5
target is
2.0930232558139536e-5
mu is
0.00020833333333333335
number of trials is
43200
number of Z or Y failures is
9
number of X failures is
0
average trial time
556.0954325474451
stderr is
6.943801395671673e-5
target is
2.0833333333333336e-5
mu is
0.00020737327188940092
number of trials is
43400
number of Z or Y failures is
9
number of X failures is
0
average trial time
558.476956162865
stderr is
6.911805260805288e-5
target is
2.0737327188940094e-5
mu is
0.00020642201834862386
number of trials is
43600
number of Z or Y failures is
9
number of X failures is
0
average trial time
560.833905306535
stderr is
6.880102641519541e-5
target is
2.0642201834862388e-5
mu is
0.00020547945205479453
number of trials is
43800
number of Z or Y failures is
9
number of X failures is
0
average trial time
563.2038206991449
stderr is
6.848689517420449e-5
target is
2.0547945205479456e-5
mu is
0.00020454545454545454
number of trials is
44000
number of Z or Y failures is
9
number of X failures is
0
average trial time
565.5726867767648
stderr is
6.817561941205454e-5
target is
2.0454545454545454e-5
mu is
0.00020361990950226245
number of trials is
44200
number of Z or Y failures is
9
number of X failures is
0
average trial time
567.9298234009202
stderr is
6.786716037009915e-5
target is
2.0361990950226245e-5
mu is
0.0002027027027027027
number of trials is
44400
number of Z or Y failures is
9
number of X failures is
0
average trial time
570.3057277027798
stderr is
6.756147998798294e-5
target is
2.027027027027027e-5
mu is
0.00020179372197309418
number of trials is
44600
number of Z or Y failures is
9
number of X failures is
0
average trial time
572.7039559818849
stderr is
6.725854088798623e-5
target is
2.017937219730942e-5
mu is
0.00020089285714285714
number of trials is
44800
number of Z or Y failures is
9
number of X failures is
0
average trial time
575.0673103199998
stderr is
6.695830635978897e-5
target is
2.0089285714285717e-5
mu is
0.0002
number of trials is
45000
number of Z or Y failures is
9
number of X failures is
0
average trial time
577.43005839519
stderr is
6.666074034564097e-5
target is
2.0e-5
mu is
0.00019911504424778762
number of trials is
45200
number of Z or Y failures is
9
number of X failures is
0
average trial time
579.8291520752849
stderr is
6.636580742592581e-5
target is
1.9911504424778764e-5
mu is
0.00019823788546255506
number of trials is
45400
number of Z or Y failures is
9
number of X failures is
0
average trial time
582.162651895975
stderr is
6.607347280510623e-5
target is
1.9823788546255507e-5
mu is
0.00019736842105263157
number of trials is
45600
number of Z or Y failures is
9
number of X failures is
0
average trial time
584.5434250058703
stderr is
6.578370229803944e-5
target is
1.9736842105263158e-5
mu is
0.0001965065502183406
number of trials is
45800
number of Z or Y failures is
9
number of X failures is
0
average trial time
586.9447055977748
stderr is
6.549646231665082e-5
target is
1.965065502183406e-5
mu is
0.0001956521739130435
number of trials is
46000
number of Z or Y failures is
9
number of X failures is
0
average trial time
589.3375769330049
stderr is
6.521171985695539e-5
target is
1.956521739130435e-5
9
0
46000
0.0001956521739130435
