mu is
0.0
number of trials is
200
number of Z or Y failures is
0
number of X failures is
0
average trial time
2.45940299144
mu is
0.0
number of trials is
400
number of Z or Y failures is
0
number of X failures is
0
average trial time
4.726731470014998
mu is
0.0
number of trials is
600
number of Z or Y failures is
0
number of X failures is
0
average trial time
7.032827500440001
mu is
0.0
number of trials is
800
number of Z or Y failures is
0
number of X failures is
0
average trial time
9.368836399374997
mu is
0.0
number of trials is
1000
number of Z or Y failures is
0
number of X failures is
0
average trial time
11.721093480000002
mu is
0.0
number of trials is
1200
number of Z or Y failures is
0
number of X failures is
0
average trial time
14.10409169371
mu is
0.0
number of trials is
1400
number of Z or Y failures is
0
number of X failures is
0
average trial time
16.569231893034996
mu is
0.0
number of trials is
1600
number of Z or Y failures is
0
number of X failures is
0
average trial time
19.114890204679988
mu is
0.0
number of trials is
1800
number of Z or Y failures is
0
number of X failures is
0
average trial time
21.692117704229982
mu is
0.0
number of trials is
2000
number of Z or Y failures is
0
number of X failures is
0
average trial time
24.349472379619947
mu is
0.0
number of trials is
2200
number of Z or Y failures is
0
number of X failures is
0
average trial time
27.020034512454977
mu is
0.0
number of trials is
2400
number of Z or Y failures is
0
number of X failures is
0
average trial time
29.715528510194964
mu is
0.0
number of trials is
2600
number of Z or Y failures is
0
number of X failures is
0
average trial time
32.43407192163497
mu is
0.0
number of trials is
2800
number of Z or Y failures is
0
number of X failures is
0
average trial time
35.150006795679936
mu is
0.0
number of trials is
3000
number of Z or Y failures is
0
number of X failures is
0
average trial time
37.913977451699935
mu is
0.0
number of trials is
3200
number of Z or Y failures is
0
number of X failures is
0
average trial time
40.68620368559992
mu is
0.0
number of trials is
3400
number of Z or Y failures is
0
number of X failures is
0
average trial time
43.48447549803992
mu is
0.0002777777777777778
number of trials is
3600
number of Z or Y failures is
1
number of X failures is
0
average trial time
46.29038726861991
mu is
0.0002631578947368421
number of trials is
3800
number of Z or Y failures is
1
number of X failures is
0
average trial time
49.06186816924995
mu is
0.00025
number of trials is
4000
number of Z or Y failures is
1
number of X failures is
0
average trial time
51.81170443809999
mu is
0.0002380952380952381
number of trials is
4200
number of Z or Y failures is
1
number of X failures is
0
average trial time
54.58706493833992
mu is
0.00022727272727272727
number of trials is
4400
number of Z or Y failures is
1
number of X failures is
0
average trial time
57.359701114659956
mu is
0.0002173913043478261
number of trials is
4600
number of Z or Y failures is
1
number of X failures is
0
average trial time
60.135803073820014
mu is
0.00020833333333333335
number of trials is
4800
number of Z or Y failures is
1
number of X failures is
0
average trial time
62.88775919580501
mu is
0.0002
number of trials is
5000
number of Z or Y failures is
1
number of X failures is
0
average trial time
65.63936117190495
mu is
0.0001923076923076923
number of trials is
5200
number of Z or Y failures is
1
number of X failures is
0
average trial time
68.38264737432993
mu is
0.00037037037037037035
number of trials is
5400
number of Z or Y failures is
2
number of X failures is
0
average trial time
71.15086936888997
mu is
0.0005357142857142857
number of trials is
5600
number of Z or Y failures is
3
number of X failures is
0
average trial time
73.85078967703996
mu is
0.0005172413793103448
number of trials is
5800
number of Z or Y failures is
3
number of X failures is
0
average trial time
76.55863204364996
mu is
0.0005
number of trials is
6000
number of Z or Y failures is
3
number of X failures is
0
average trial time
79.25494953858997
mu is
0.0004838709677419355
number of trials is
6200
number of Z or Y failures is
3
number of X failures is
0
average trial time
81.93676670222494
mu is
0.00046875
number of trials is
6400
number of Z or Y failures is
3
number of X failures is
0
average trial time
84.6856468156999
mu is
0.00045454545454545455
number of trials is
6600
number of Z or Y failures is
3
number of X failures is
0
average trial time
87.43140161565478
mu is
0.0004411764705882353
number of trials is
6800
number of Z or Y failures is
3
number of X failures is
0
average trial time
90.07351761568967
mu is
0.00042857142857142855
number of trials is
7000
number of Z or Y failures is
3
number of X failures is
0
average trial time
92.77431858062457
mu is
0.0004166666666666667
number of trials is
7200
number of Z or Y failures is
3
number of X failures is
0
average trial time
95.46652805223455
mu is
0.0005405405405405405
number of trials is
7400
number of Z or Y failures is
4
number of X failures is
0
average trial time
98.15016277858956
mu is
0.0005263157894736842
number of trials is
7600
number of Z or Y failures is
4
number of X failures is
0
average trial time
100.82768066857943
mu is
0.0005128205128205128
number of trials is
7800
number of Z or Y failures is
4
number of X failures is
0
average trial time
103.46185097774452
mu is
0.000625
number of trials is
8000
number of Z or Y failures is
5
number of X failures is
0
average trial time
106.20502951145453
stderr is
0.0002794386025884345
target is
6.25e-5
mu is
0.0006097560975609756
number of trials is
8200
number of Z or Y failures is
5
number of X failures is
0
average trial time
108.85036733705446
stderr is
0.0002726246904884851
target is
6.097560975609756e-5
mu is
0.0005952380952380953
number of trials is
8400
number of Z or Y failures is
5
number of X failures is
0
average trial time
111.52313853365942
stderr is
0.0002661351730432532
target is
5.952380952380953e-5
mu is
0.0005813953488372093
number of trials is
8600
number of Z or Y failures is
5
number of X failures is
0
average trial time
114.17314415768429
stderr is
0.00025994742333976657
target is
5.8139534883720933e-5
mu is
0.0005681818181818182
number of trials is
8800
number of Z or Y failures is
5
number of X failures is
0
average trial time
116.84425705230926
stderr is
0.00025404087098863335
target is
5.681818181818182e-5
mu is
0.0005555555555555556
number of trials is
9000
number of Z or Y failures is
5
number of X failures is
0
average trial time
119.46877696672438
stderr is
0.00024839677367233297
target is
5.555555555555556e-5
mu is
0.0005434782608695652
number of trials is
9200
number of Z or Y failures is
5
number of X failures is
0
average trial time
122.12469906990935
stderr is
0.0002429980184850582
target is
5.4347826086956524e-5
mu is
0.0005319148936170213
number of trials is
9400
number of Z or Y failures is
5
number of X failures is
0
average trial time
124.77227497626926
stderr is
0.0002378289486280171
target is
5.3191489361702134e-5
mu is
0.0005208333333333333
number of trials is
9600
number of Z or Y failures is
5
number of X failures is
0
average trial time
127.41759434558422
stderr is
0.00023287521176329522
target is
5.208333333333334e-5
mu is
0.0005102040816326531
number of trials is
9800
number of Z or Y failures is
5
number of X failures is
0
average trial time
130.02314249036922
stderr is
0.0002281236269328325
target is
5.1020408163265315e-5
mu is
0.0005
number of trials is
10000
number of Z or Y failures is
5
number of X failures is
0
average trial time
132.67266392601425
stderr is
0.00022356206744392033
target is
5.0e-5
mu is
0.0004901960784313725
number of trials is
10200
number of Z or Y failures is
5
number of X failures is
0
average trial time
135.27886226818924
stderr is
0.00021917935753016596
target is
4.901960784313726e-5
mu is
0.0004807692307692308
number of trials is
10400
number of Z or Y failures is
5
number of X failures is
0
average trial time
137.92828330151423
stderr is
0.00021496518093389304
target is
4.8076923076923084e-5
mu is
0.0004716981132075472
number of trials is
10600
number of Z or Y failures is
5
number of X failures is
0
average trial time
140.57478885941435
stderr is
0.00021090999983574643
target is
4.716981132075472e-5
mu is
0.000462962962962963
number of trials is
10800
number of Z or Y failures is
5
number of X failures is
0
average trial time
143.20398598850446
stderr is
0.0002070049827904462
target is
4.62962962962963e-5
mu is
0.00045454545454545455
number of trials is
11000
number of Z or Y failures is
5
number of X failures is
0
average trial time
145.85457985484948
stderr is
0.0002032419405226629
target is
4.545454545454546e-5
mu is
0.0004464285714285714
number of trials is
11200
number of Z or Y failures is
5
number of X failures is
0
average trial time
148.4850576909095
stderr is
0.00019961326860067468
target is
4.464285714285714e-5
mu is
0.0004385964912280702
number of trials is
11400
number of Z or Y failures is
5
number of X failures is
0
average trial time
151.1164599344496
stderr is
0.00019611189614331524
target is
4.385964912280702e-5
mu is
0.0004310344827586207
number of trials is
11600
number of Z or Y failures is
5
number of X failures is
0
average trial time
153.75872136259454
stderr is
0.00019273123983218208
target is
4.310344827586207e-5
mu is
0.000423728813559322
number of trials is
11800
number of Z or Y failures is
5
number of X failures is
0
average trial time
156.33880980157946
stderr is
0.0001894651625997755
target is
4.2372881355932206e-5
mu is
0.0004166666666666667
number of trials is
12000
number of Z or Y failures is
5
number of X failures is
0
average trial time
158.96152857213946
stderr is
0.00018630793644813307
target is
4.166666666666667e-5
mu is
0.0004098360655737705
number of trials is
12200
number of Z or Y failures is
5
number of X failures is
0
average trial time
161.5432492144795
stderr is
0.00018325420892404678
target is
4.098360655737705e-5
mu is
0.0004032258064516129
number of trials is
12400
number of Z or Y failures is
5
number of X failures is
0
average trial time
164.12730102713448
stderr is
0.00018029897283808975
target is
4.032258064516129e-5
mu is
0.0003968253968253968
number of trials is
12600
number of Z or Y failures is
5
number of X failures is
0
average trial time
166.7477319184545
stderr is
0.0001774375388670863
target is
3.968253968253968e-5
mu is
0.000390625
number of trials is
12800
number of Z or Y failures is
5
number of X failures is
0
average trial time
169.4115666235545
stderr is
0.00017466551072469822
target is
3.906250000000001e-5
mu is
0.0003846153846153846
number of trials is
13000
number of Z or Y failures is
5
number of X failures is
0
average trial time
172.04325541707462
stderr is
0.00017197876262360358
target is
3.846153846153846e-5
mu is
0.0003787878787878788
number of trials is
13200
number of Z or Y failures is
5
number of X failures is
0
average trial time
174.6367362160797
stderr is
0.00016937341878625752
target is
3.787878787878788e-5
mu is
0.00037313432835820896
number of trials is
13400
number of Z or Y failures is
5
number of X failures is
0
average trial time
177.1996687167597
stderr is
0.0001668458347902353
target is
3.7313432835820896e-5
mu is
0.0003676470588235294
number of trials is
13600
number of Z or Y failures is
5
number of X failures is
0
average trial time
179.8407602574849
stderr is
0.00016439258055933264
target is
3.6764705882352945e-5
mu is
0.00036231884057971015
number of trials is
13800
number of Z or Y failures is
5
number of X failures is
0
average trial time
182.44709550162028
stderr is
0.00016201042483348567
target is
3.6231884057971014e-5
mu is
0.00035714285714285714
number of trials is
14000
number of Z or Y failures is
5
number of X failures is
0
average trial time
184.99318655759012
stderr is
0.00015969632096964992
target is
3.571428571428572e-5
mu is
0.00035211267605633805
number of trials is
14200
number of Z or Y failures is
5
number of X failures is
0
average trial time
187.56809885550004
stderr is
0.00015744739394243598
target is
3.5211267605633805e-5
mu is
0.0004166666666666667
number of trials is
14400
number of Z or Y failures is
6
number of X failures is
0
average trial time
190.13481360226004
stderr is
0.00017007391789493242
target is
4.166666666666667e-5
mu is
0.00041095890410958907
number of trials is
14600
number of Z or Y failures is
6
number of X failures is
0
average trial time
192.72118154047985
stderr is
0.00016774453732577608
target is
4.109589041095891e-5
mu is
0.0004054054054054054
number of trials is
14800
number of Z or Y failures is
6
number of X failures is
0
average trial time
195.30529285651954
stderr is
0.0001654781023451297
target is
4.054054054054054e-5
mu is
0.0004
number of trials is
15000
number of Z or Y failures is
6
number of X failures is
0
average trial time
197.86760377506445
stderr is
0.00016327209554956317
target is
4.0e-5
mu is
0.00039473684210526315
number of trials is
15200
number of Z or Y failures is
6
number of X failures is
0
average trial time
200.45590890833444
stderr is
0.0001611241320087403
target is
3.9473684210526316e-5
mu is
0.0003896103896103896
number of trials is
15400
number of Z or Y failures is
6
number of X failures is
0
average trial time
203.01800392497444
stderr is
0.00015903195066466894
target is
3.8961038961038966e-5
mu is
0.0003846153846153846
number of trials is
15600
number of Z or Y failures is
6
number of X failures is
0
average trial time
205.57943433851463
stderr is
0.00015699340639244082
target is
3.846153846153846e-5
mu is
0.00037974683544303797
number of trials is
15800
number of Z or Y failures is
6
number of X failures is
0
average trial time
208.1494991757746
stderr is
0.00015500646266385735
target is
3.79746835443038e-5
mu is
0.000375
number of trials is
16000
number of Z or Y failures is
6
number of X failures is
0
average trial time
210.81931042057468
stderr is
0.0001530691847611978
target is
3.7500000000000003e-5
mu is
0.00037037037037037035
number of trials is
16200
number of Z or Y failures is
6
number of X failures is
0
average trial time
213.44284047628977
stderr is
0.00015117973349359332
target is
3.7037037037037037e-5
mu is
0.0004268292682926829
number of trials is
16400
number of Z or Y failures is
7
number of X failures is
0
average trial time
216.0291881194596
stderr is
0.0001612967840471741
target is
4.26829268292683e-5
mu is
0.0004216867469879518
number of trials is
16600
number of Z or Y failures is
7
number of X failures is
0
average trial time
218.56334990240967
stderr is
0.00015935380067544109
target is
4.2168674698795186e-5
mu is
0.0004166666666666667
number of trials is
16800
number of Z or Y failures is
7
number of X failures is
0
average trial time
221.14537545563928
stderr is
0.00015745707054483365
target is
4.166666666666667e-5
mu is
0.00041176470588235296
number of trials is
17000
number of Z or Y failures is
7
number of X failures is
0
average trial time
223.69256112659914
stderr is
0.00015560496147642948
target is
4.11764705882353e-5
mu is
0.00040697674418604653
number of trials is
17200
number of Z or Y failures is
7
number of X failures is
0
average trial time
226.24854974943915
stderr is
0.00015379591719334447
target is
4.0697674418604655e-5
mu is
0.00040229885057471265
number of trials is
17400
number of Z or Y failures is
7
number of X failures is
0
average trial time
228.7921379749444
stderr is
0.00015202845295930024
target is
4.0229885057471265e-5
mu is
0.00039772727272727274
number of trials is
17600
number of Z or Y failures is
7
number of X failures is
0
average trial time
231.3137495659841
stderr is
0.00015030115151451088
target is
3.9772727272727275e-5
mu is
0.00039325842696629214
number of trials is
17800
number of Z or Y failures is
7
number of X failures is
0
average trial time
233.88519407011924
stderr is
0.00014861265928550903
target is
3.9325842696629214e-5
mu is
0.00038888888888888887
number of trials is
18000
number of Z or Y failures is
7
number of X failures is
0
average trial time
236.43474355591422
stderr is
0.00014696168284760737
target is
3.888888888888889e-5
mu is
0.0003846153846153846
number of trials is
18200
number of Z or Y failures is
7
number of X failures is
0
average trial time
238.96169577693905
stderr is
0.00014534698562056664
target is
3.846153846153846e-5
mu is
0.00038043478260869565
number of trials is
18400
number of Z or Y failures is
7
number of X failures is
0
average trial time
241.51755745765408
stderr is
0.00014376738477972799
target is
3.804347826086957e-5
mu is
0.0003763440860215054
number of trials is
18600
number of Z or Y failures is
7
number of X failures is
0
average trial time
244.09221204802918
stderr is
0.00014222174836639473
target is
3.763440860215054e-5
mu is
0.0003723404255319149
number of trials is
18800
number of Z or Y failures is
7
number of X failures is
0
average trial time
246.6777096479041
stderr is
0.0001407089925826287
target is
3.7234042553191496e-5
mu is
0.00036842105263157896
number of trials is
19000
number of Z or Y failures is
7
number of X failures is
0
average trial time
249.2608975366141
stderr is
0.00013922807925687418
target is
3.68421052631579e-5
mu is
0.00036458333333333335
number of trials is
19200
number of Z or Y failures is
7
number of X failures is
0
average trial time
251.8167987810241
stderr is
0.00013777801346795594
target is
3.6458333333333336e-5
mu is
0.00036082474226804123
number of trials is
19400
number of Z or Y failures is
7
number of X failures is
0
average trial time
254.37625892484385
stderr is
0.00013635784131602337
target is
3.6082474226804125e-5
mu is
0.00035714285714285714
number of trials is
19600
number of Z or Y failures is
7
number of X failures is
0
average trial time
256.9701423151988
stderr is
0.00013496664782994662
target is
3.571428571428572e-5
mu is
0.00035353535353535354
number of trials is
19800
number of Z or Y failures is
7
number of X failures is
0
average trial time
259.5339720059039
stderr is
0.00013360355500151785
target is
3.535353535353535e-5
mu is
0.00035
number of trials is
20000
number of Z or Y failures is
7
number of X failures is
0
average trial time
262.10380440657883
stderr is
0.00013226771993758295
target is
3.5000000000000004e-5
mu is
0.0003465346534653465
number of trials is
20200
number of Z or Y failures is
7
number of X failures is
0
average trial time
264.6670956085138
stderr is
0.00013095833312193106
target is
3.465346534653465e-5
mu is
0.000392156862745098
number of trials is
20400
number of Z or Y failures is
8
number of X failures is
0
average trial time
267.22728068866377
stderr is
0.0001386245975469582
target is
3.9215686274509805e-5
mu is
0.0003883495145631068
number of trials is
20600
number of Z or Y failures is
8
number of X failures is
0
average trial time
269.7769327379189
stderr is
0.0001372789564356972
target is
3.8834951456310685e-5
mu is
0.0003846153846153846
number of trials is
20800
number of Z or Y failures is
8
number of X failures is
0
average trial time
272.3120186587789
stderr is
0.00013595918868045836
target is
3.846153846153846e-5
mu is
0.00038095238095238096
number of trials is
21000
number of Z or Y failures is
8
number of X failures is
0
average trial time
274.8375482233139
stderr is
0.00013466455516583306
target is
3.80952380952381e-5
mu is
0.0003773584905660377
number of trials is
21200
number of Z or Y failures is
8
number of X failures is
0
average trial time
277.35332495291857
stderr is
0.00013339434466294928
target is
3.7735849056603776e-5
mu is
0.00037383177570093456
number of trials is
21400
number of Z or Y failures is
8
number of X failures is
0
average trial time
279.91557007781864
stderr is
0.00013214787252657605
target is
3.738317757009346e-5
mu is
0.00037037037037037035
number of trials is
21600
number of Z or Y failures is
8
number of X failures is
0
average trial time
282.4672512129136
stderr is
0.00013092447946459884
target is
3.7037037037037037e-5
mu is
0.0003669724770642202
number of trials is
21800
number of Z or Y failures is
8
number of X failures is
0
average trial time
285.0223322530583
stderr is
0.00012972353037521984
target is
3.669724770642202e-5
mu is
0.0003636363636363636
number of trials is
22000
number of Z or Y failures is
8
number of X failures is
0
average trial time
287.55908578076856
stderr is
0.000128544413247573
target is
3.6363636363636364e-5
mu is
0.00036036036036036037
number of trials is
22200
number of Z or Y failures is
8
number of X failures is
0
average trial time
290.10606349802873
stderr is
0.00012738653812175668
target is
3.603603603603604e-5
mu is
0.00035714285714285714
number of trials is
22400
number of Z or Y failures is
8
number of X failures is
0
average trial time
292.6346941812787
stderr is
0.0001262493361045691
target is
3.571428571428572e-5
mu is
0.00035398230088495576
number of trials is
22600
number of Z or Y failures is
8
number of X failures is
0
average trial time
295.16141549345366
stderr is
0.00012513225843749855
target is
3.5398230088495574e-5
mu is
0.0003508771929824561
number of trials is
22800
number of Z or Y failures is
8
number of X failures is
0
average trial time
297.7153628285082
stderr is
0.0001240347756137583
target is
3.508771929824561e-5
mu is
0.00034782608695652176
number of trials is
23000
number of Z or Y failures is
8
number of X failures is
0
average trial time
300.2631480414983
stderr is
0.00012295637654138303
target is
3.478260869565218e-5
mu is
0.0003448275862068965
number of trials is
23200
number of Z or Y failures is
8
number of X failures is
0
average trial time
302.79261163568333
stderr is
0.00012189656774960617
target is
3.4482758620689657e-5
mu is
0.0003418803418803419
number of trials is
23400
number of Z or Y failures is
8
number of X failures is
0
average trial time
305.33580712647324
stderr is
0.00012085487263593017
target is
3.418803418803419e-5
mu is
0.00033898305084745765
number of trials is
23600
number of Z or Y failures is
8
number of X failures is
0
average trial time
307.89659428184825
stderr is
0.00011983083075147542
target is
3.389830508474577e-5
mu is
0.0003361344537815126
number of trials is
23800
number of Z or Y failures is
8
number of X failures is
0
average trial time
310.46814287987297
stderr is
0.00011882399712235678
target is
3.361344537815126e-5
mu is
0.0003333333333333333
number of trials is
24000
number of Z or Y failures is
8
number of X failures is
0
average trial time
312.98322293269814
stderr is
0.00011783394160498643
target is
3.3333333333333335e-5
mu is
0.00033057851239669424
number of trials is
24200
number of Z or Y failures is
8
number of X failures is
0
average trial time
315.53117146091813
stderr is
0.00011686024827334018
target is
3.305785123966942e-5
mu is
0.0003278688524590164
number of trials is
24400
number of Z or Y failures is
8
number of X failures is
0
average trial time
318.0648741669831
stderr is
0.0001159025148363544
target is
3.278688524590164e-5
mu is
0.0003252032520325203
number of trials is
24600
number of Z or Y failures is
8
number of X failures is
0
average trial time
320.60737191030825
stderr is
0.00011496035208373812
target is
3.2520325203252037e-5
mu is
0.0003225806451612903
number of trials is
24800
number of Z or Y failures is
8
number of X failures is
0
average trial time
323.1443379007583
stderr is
0.00011403338335859717
target is
3.2258064516129034e-5
mu is
0.00032
number of trials is
25000
number of Z or Y failures is
8
number of X failures is
0
average trial time
325.67934203868316
stderr is
0.00011312124405536858
target is
3.2000000000000005e-5
mu is
0.00031746031746031746
number of trials is
25200
number of Z or Y failures is
8
number of X failures is
0
average trial time
328.2236619545632
stderr is
0.00011222358114165989
target is
3.1746031746031745e-5
mu is
0.00031496062992125983
number of trials is
25400
number of Z or Y failures is
8
number of X failures is
0
average trial time
330.7627497102736
stderr is
0.00011134005270267503
target is
3.1496062992125985e-5
mu is
0.0003125
number of trials is
25600
number of Z or Y failures is
8
number of X failures is
0
average trial time
333.3219660735634
stderr is
0.00011047032750699313
target is
3.125e-5
mu is
0.000310077519379845
number of trials is
25800
number of Z or Y failures is
8
number of X failures is
0
average trial time
335.88113827772787
stderr is
0.00010961408459253999
target is
3.1007751937984497e-5
mu is
0.0003076923076923077
number of trials is
26000
number of Z or Y failures is
8
number of X failures is
0
average trial time
338.44602654747274
stderr is
0.00010877101287166678
target is
3.0769230769230774e-5
mu is
0.0003053435114503817
number of trials is
26200
number of Z or Y failures is
8
number of X failures is
0
average trial time
341.0227769787574
stderr is
0.00010794081075431382
target is
3.053435114503817e-5
mu is
0.00030303030303030303
number of trials is
26400
number of Z or Y failures is
8
number of X failures is
0
average trial time
343.59714575425744
stderr is
0.00010712318578830131
target is
3.0303030303030306e-5
mu is
0.0003007518796992481
number of trials is
26600
number of Z or Y failures is
8
number of X failures is
0
average trial time
346.22002429899237
stderr is
0.00010631785431584508
target is
3.007518796992481e-5
mu is
0.00029850746268656717
number of trials is
26800
number of Z or Y failures is
8
number of X failures is
0
average trial time
348.7705825592173
stderr is
0.0001055245411454506
target is
2.9850746268656717e-5
mu is
0.0002962962962962963
number of trials is
27000
number of Z or Y failures is
8
number of X failures is
0
average trial time
351.31069944295785
stderr is
0.00010474297923838727
target is
2.962962962962963e-5
mu is
0.0002941176470588235
number of trials is
27200
number of Z or Y failures is
8
number of X failures is
0
average trial time
353.8890655107427
stderr is
0.00010397290940899319
target is
2.941176470588235e-5
mu is
0.00029197080291970805
number of trials is
27400
number of Z or Y failures is
8
number of X failures is
0
average trial time
356.47600536349245
stderr is
0.00010321408003810327
target is
2.9197080291970807e-5
mu is
0.0002898550724637681
number of trials is
27600
number of Z or Y failures is
8
number of X failures is
0
average trial time
359.04594708701717
stderr is
0.0001024662467989359
target is
2.8985507246376814e-5
mu is
0.00028776978417266187
number of trials is
27800
number of Z or Y failures is
8
number of X failures is
0
average trial time
361.63470493861706
stderr is
0.00010172917239480977
target is
2.877697841726619e-5
mu is
0.00028571428571428574
number of trials is
28000
number of Z or Y failures is
8
number of X failures is
0
average trial time
364.1994529187471
stderr is
0.00010100262630810037
target is
2.8571428571428574e-5
mu is
0.00028368794326241134
number of trials is
28200
number of Z or Y failures is
8
number of X failures is
0
average trial time
366.7786580482072
stderr is
0.00010028638455987798
target is
2.8368794326241135e-5
mu is
0.00028169014084507044
number of trials is
28400
number of Z or Y failures is
8
number of X failures is
0
average trial time
369.3420229501072
stderr is
9.958022947970009e-5
target is
2.8169014084507046e-5
mu is
0.0002797202797202797
number of trials is
28600
number of Z or Y failures is
8
number of X failures is
0
average trial time
371.9037039323319
stderr is
9.888394948506198e-5
target is
2.7972027972027973e-5
mu is
0.0002777777777777778
number of trials is
28800
number of Z or Y failures is
8
number of X failures is
0
average trial time
374.4567925956118
stderr is
9.819733887003587e-5
target is
2.777777777777778e-5
mu is
0.00027586206896551725
number of trials is
29000
number of Z or Y failures is
8
number of X failures is
0
average trial time
377.0142652644166
stderr is
9.75201976026547e-5
target is
2.7586206896551727e-5
mu is
0.000273972602739726
number of trials is
29200
number of Z or Y failures is
8
number of X failures is
0
average trial time
379.5619789479368
stderr is
9.685233113062173e-5
target is
2.7397260273972603e-5
mu is
0.00027210884353741496
number of trials is
29400
number of Z or Y failures is
8
number of X failures is
0
average trial time
382.09133765271196
stderr is
9.619355019494945e-5
target is
2.7210884353741498e-5
mu is
0.0002702702702702703
number of trials is
29600
number of Z or Y failures is
8
number of X failures is
0
average trial time
384.67228514621667
stderr is
9.554367065115271e-5
target is
2.702702702702703e-5
mu is
0.00026845637583892615
number of trials is
29800
number of Z or Y failures is
8
number of X failures is
0
average trial time
387.2112515775269
stderr is
9.490251329764131e-5
target is
2.6845637583892615e-5
mu is
0.0002666666666666667
number of trials is
30000
number of Z or Y failures is
8
number of X failures is
0
average trial time
389.751111600427
stderr is
9.426990371097612e-5
target is
2.666666666666667e-5
mu is
0.00026490066225165563
number of trials is
30200
number of Z or Y failures is
8
number of X failures is
0
average trial time
392.3101939119069
stderr is
9.364567208767039e-5
target is
2.6490066225165565e-5
mu is
0.0002631578947368421
number of trials is
30400
number of Z or Y failures is
8
number of X failures is
0
average trial time
394.8901945667221
stderr is
9.302965309223533e-5
target is
2.6315789473684212e-5
mu is
0.00026143790849673205
number of trials is
30600
number of Z or Y failures is
8
number of X failures is
0
average trial time
397.4171803312223
stderr is
9.242168571118368e-5
target is
2.6143790849673208e-5
mu is
0.00025974025974025974
number of trials is
30800
number of Z or Y failures is
8
number of X failures is
0
average trial time
399.96089520743175
stderr is
9.182161311272102e-5
target is
2.5974025974025975e-5
mu is
0.00025806451612903227
number of trials is
31000
number of Z or Y failures is
8
number of X failures is
0
average trial time
402.5144853455216
stderr is
9.122928251186764e-5
target is
2.580645161290323e-5
mu is
0.0002564102564102564
number of trials is
31200
number of Z or Y failures is
8
number of X failures is
0
average trial time
405.0512943003115
stderr is
9.064454504076761e-5
target is
2.5641025641025643e-5
mu is
0.00025477707006369424
number of trials is
31400
number of Z or Y failures is
8
number of X failures is
0
average trial time
407.6449401997519
stderr is
9.006725562395338e-5
target is
2.5477707006369424e-5
mu is
0.00025316455696202533
number of trials is
31600
number of Z or Y failures is
8
number of X failures is
0
average trial time
410.16816679323193
stderr is
8.9497272858347e-5
target is
2.5316455696202533e-5
mu is
0.00025157232704402514
number of trials is
31800
number of Z or Y failures is
8
number of X failures is
0
average trial time
412.71594558495707
stderr is
8.893445889778865e-5
target is
2.5157232704402517e-5
mu is
0.00025
number of trials is
32000
number of Z or Y failures is
8
number of X failures is
0
average trial time
415.25516103206195
stderr is
8.83786793418954e-5
target is
2.5e-5
mu is
0.0002484472049689441
number of trials is
32200
number of Z or Y failures is
8
number of X failures is
0
average trial time
417.8008493822412
stderr is
8.78298031290609e-5
target is
2.4844720496894414e-5
mu is
0.0002469135802469136
number of trials is
32400
number of Z or Y failures is
8
number of X failures is
0
average trial time
420.33864162688667
stderr is
8.728770243341794e-5
target is
2.469135802469136e-5
mu is
0.000245398773006135
number of trials is
32600
number of Z or Y failures is
8
number of X failures is
0
average trial time
422.8754101160266
stderr is
8.675225256559347e-5
target is
2.45398773006135e-5
mu is
0.00024390243902439024
number of trials is
32800
number of Z or Y failures is
8
number of X failures is
0
average trial time
425.42394425166634
stderr is
8.622333187709371e-5
target is
2.4390243902439026e-5
mu is
0.00024242424242424242
number of trials is
33000
number of Z or Y failures is
8
number of X failures is
0
average trial time
427.959452157631
stderr is
8.570082166816635e-5
target is
2.4242424242424244e-5
mu is
0.0002710843373493976
number of trials is
33200
number of Z or Y failures is
9
number of X failures is
0
average trial time
430.53000239131563
stderr is
9.035055787806747e-5
target is
2.710843373493976e-5
mu is
0.0002694610778443114
number of trials is
33400
number of Z or Y failures is
9
number of X failures is
0
average trial time
433.069614584416
stderr is
8.980960138586523e-5
target is
2.694610778443114e-5
mu is
0.00026785714285714287
number of trials is
33600
number of Z or Y failures is
9
number of X failures is
0
average trial time
435.58059726650566
stderr is
8.927508408485086e-5
target is
2.6785714285714288e-5
mu is
0.0002662721893491124
number of trials is
33800
number of Z or Y failures is
9
number of X failures is
0
average trial time
438.13134822661135
stderr is
8.874689168339226e-5
target is
2.6627218934911244e-5
mu is
0.00026470588235294115
number of trials is
34000
number of Z or Y failures is
9
number of X failures is
0
average trial time
440.6566005430509
stderr is
8.822491257875562e-5
target is
2.6470588235294115e-5
mu is
0.0002631578947368421
number of trials is
34200
number of Z or Y failures is
9
number of X failures is
0
average trial time
443.20687845914557
stderr is
8.770903777849169e-5
target is
2.6315789473684212e-5
mu is
0.0002616279069767442
number of trials is
34400
number of Z or Y failures is
9
number of X failures is
0
average trial time
445.77136404242066
stderr is
8.71991608245644e-5
target is
2.616279069767442e-5
mu is
0.00026011560693641616
number of trials is
34600
number of Z or Y failures is
9
number of X failures is
0
average trial time
448.3569568692912
stderr is
8.66951777201103e-5
target is
2.6011560693641617e-5
mu is
0.0002586206896551724
number of trials is
34800
number of Z or Y failures is
9
number of X failures is
0
average trial time
450.90420926449093
stderr is
8.619698685872341e-5
target is
2.5862068965517244e-5
mu is
0.00025714285714285715
number of trials is
35000
number of Z or Y failures is
9
number of X failures is
0
average trial time
453.48446653182594
stderr is
8.570448895616423e-5
target is
2.5714285714285718e-5
mu is
0.0002556818181818182
number of trials is
35200
number of Z or Y failures is
9
number of X failures is
0
average trial time
456.0427900817062
stderr is
8.521758698439663e-5
target is
2.556818181818182e-5
mu is
0.0002824858757062147
number of trials is
35400
number of Z or Y failures is
10
number of X failures is
0
average trial time
458.5916267839319
stderr is
8.931852087033017e-5
target is
2.8248587570621472e-5
mu is
0.0002808988764044944
number of trials is
35600
number of Z or Y failures is
10
number of X failures is
0
average trial time
461.15923227387214
stderr is
8.881679487536155e-5
target is
2.8089887640449443e-5
mu is
0.00027932960893854746
number of trials is
35800
number of Z or Y failures is
10
number of X failures is
0
average trial time
463.699490113717
stderr is
8.832067405241055e-5
target is
2.793296089385475e-5
mu is
0.0002777777777777778
number of trials is
36000
number of Z or Y failures is
10
number of X failures is
0
average trial time
466.26096355162224
stderr is
8.783006499362965e-5
target is
2.777777777777778e-5
mu is
0.00027624309392265195
number of trials is
36200
number of Z or Y failures is
10
number of X failures is
0
average trial time
468.806401591332
stderr is
8.734487635517632e-5
target is
2.7624309392265197e-5
mu is
0.0002747252747252747
number of trials is
36400
number of Z or Y failures is
10
number of X failures is
0
average trial time
471.3527165119515
stderr is
8.686501880051657e-5
target is
2.7472527472527473e-5
mu is
0.000273224043715847
number of trials is
36600
number of Z or Y failures is
10
number of X failures is
0
average trial time
473.90664550490123
stderr is
8.639040494558727e-5
target is
2.73224043715847e-5
mu is
0.0002717391304347826
number of trials is
36800
number of Z or Y failures is
10
number of X failures is
0
average trial time
476.444602074711
stderr is
8.592094930574625e-5
target is
2.7173913043478262e-5
mu is
0.0002702702702702703
number of trials is
37000
number of Z or Y failures is
10
number of X failures is
0
average trial time
478.98828634663107
stderr is
8.545656824444301e-5
target is
2.702702702702703e-5
mu is
0.00026881720430107527
number of trials is
37200
number of Z or Y failures is
10
number of X failures is
0
average trial time
481.52125753575564
stderr is
8.499717992354469e-5
target is
2.6881720430107527e-5
mu is
0.00026737967914438503
number of trials is
37400
number of Z or Y failures is
10
number of X failures is
0
average trial time
484.07760715324605
stderr is
8.454270425525594e-5
target is
2.6737967914438505e-5
mu is
0.00026595744680851064
number of trials is
37600
number of Z or Y failures is
10
number of X failures is
0
average trial time
486.6771123504906
stderr is
8.40930628555729e-5
target is
2.6595744680851067e-5
mu is
0.00026455026455026457
number of trials is
37800
number of Z or Y failures is
10
number of X failures is
0
average trial time
489.2123814186907
stderr is
8.364817899921478e-5
target is
2.645502645502646e-5
mu is
0.0002631578947368421
number of trials is
38000
number of Z or Y failures is
10
number of X failures is
0
average trial time
491.7499135294955
stderr is
8.320797757597841e-5
target is
2.6315789473684212e-5
mu is
0.0002617801047120419
number of trials is
38200
number of Z or Y failures is
10
number of X failures is
0
average trial time
494.28601305464593
stderr is
8.277238504846371e-5
target is
2.617801047120419e-5
mu is
0.00026041666666666666
number of trials is
38400
number of Z or Y failures is
10
number of X failures is
0
average trial time
496.82688981246145
stderr is
8.234132941112001e-5
target is
2.604166666666667e-5
mu is
0.00025906735751295336
number of trials is
38600
number of Z or Y failures is
10
number of X failures is
0
average trial time
499.3608913115458
stderr is
8.191474015056557e-5
target is
2.5906735751295337e-5
mu is
0.0002577319587628866
number of trials is
38800
number of Z or Y failures is
10
number of X failures is
0
average trial time
501.9040327672309
stderr is
8.149254820713404e-5
target is
2.577319587628866e-5
mu is
0.0002564102564102564
number of trials is
39000
number of Z or Y failures is
10
number of X failures is
0
average trial time
504.4887450363708
stderr is
8.107468593760402e-5
target is
2.5641025641025643e-5
mu is
0.00025510204081632655
number of trials is
39200
number of Z or Y failures is
10
number of X failures is
0
average trial time
507.04092535212027
stderr is
8.066108707906937e-5
target is
2.5510204081632657e-5
mu is
0.0002538071065989848
number of trials is
39400
number of Z or Y failures is
10
number of X failures is
0
average trial time
509.60827472276543
stderr is
8.025168671390989e-5
target is
2.538071065989848e-5
mu is
0.0002525252525252525
number of trials is
39600
number of Z or Y failures is
10
number of X failures is
0
average trial time
512.1664552370854
stderr is
7.984642123582325e-5
target is
2.5252525252525253e-5
mu is
0.0002512562814070352
number of trials is
39800
number of Z or Y failures is
10
number of X failures is
0
average trial time
514.7193377972153
stderr is
7.944522831688121e-5
target is
2.512562814070352e-5
mu is
0.00025
number of trials is
40000
number of Z or Y failures is
10
number of X failures is
0
average trial time
517.280289564075
stderr is
7.904804687557354e-5
target is
2.5e-5
mu is
0.0002487562189054726
number of trials is
40200
number of Z or Y failures is
10
number of X failures is
0
average trial time
519.7766965917501
stderr is
7.865481704580641e-5
target is
2.4875621890547263e-5
mu is
0.00024752475247524753
number of trials is
40400
number of Z or Y failures is
10
number of X failures is
0
average trial time
522.1338368074202
stderr is
7.8265480146821e-5
target is
2.4752475247524754e-5
mu is
0.0002463054187192118
number of trials is
40600
number of Z or Y failures is
10
number of X failures is
0
average trial time
524.4922906861902
stderr is
7.787997865400131e-5
target is
2.463054187192118e-5
mu is
0.00024509803921568627
number of trials is
40800
number of Z or Y failures is
10
number of X failures is
0
average trial time
526.8356317842249
stderr is
7.749825617054049e-5
target is
2.450980392156863e-5
mu is
0.00024390243902439024
number of trials is
41000
number of Z or Y failures is
10
number of X failures is
0
average trial time
529.1765953353597
stderr is
7.71202573999363e-5
target is
2.4390243902439026e-5
mu is
0.00024271844660194174
number of trials is
41200
number of Z or Y failures is
10
number of X failures is
0
average trial time
531.5501588269792
stderr is
7.674592811928765e-5
target is
2.4271844660194176e-5
mu is
0.00024154589371980676
number of trials is
41400
number of Z or Y failures is
10
number of X failures is
0
average trial time
533.906762695854
stderr is
7.637521515336497e-5
target is
2.4154589371980676e-5
mu is
0.0002403846153846154
number of trials is
41600
number of Z or Y failures is
10
number of X failures is
0
average trial time
536.2843011693743
stderr is
7.600806634942855e-5
target is
2.4038461538461542e-5
mu is
0.00023923444976076556
number of trials is
41800
number of Z or Y failures is
10
number of X failures is
0
average trial time
538.6465290038643
stderr is
7.564443055276969e-5
target is
2.3923444976076556e-5
mu is
0.0002380952380952381
number of trials is
42000
number of Z or Y failures is
10
number of X failures is
0
average trial time
541.0323226193843
stderr is
7.52842575829506e-5
target is
2.380952380952381e-5
mu is
0.00023696682464454977
number of trials is
42200
number of Z or Y failures is
10
number of X failures is
0
average trial time
543.4029182086546
stderr is
7.492749821071991e-5
target is
2.369668246445498e-5
mu is
0.0002358490566037736
number of trials is
42400
number of Z or Y failures is
10
number of X failures is
0
average trial time
545.7607692145098
stderr is
7.457410413558138e-5
target is
2.358490566037736e-5
mu is
0.00023474178403755868
number of trials is
42600
number of Z or Y failures is
10
number of X failures is
0
average trial time
548.0997800044495
stderr is
7.422402796399444e-5
target is
2.347417840375587e-5
mu is
0.00023364485981308412
number of trials is
42800
number of Z or Y failures is
10
number of X failures is
0
average trial time
550.4856730046843
stderr is
7.387722318818591e-5
target is
2.3364485981308414e-5
mu is
0.00023255813953488373
number of trials is
43000
number of Z or Y failures is
10
number of X failures is
0
average trial time
552.8067611611685
stderr is
7.353364416555282e-5
target is
2.3255813953488374e-5
mu is
0.0002314814814814815
number of trials is
43200
number of Z or Y failures is
10
number of X failures is
0
average trial time
555.1976259014032
stderr is
7.319324609863754e-5
target is
2.314814814814815e-5
mu is
0.0002304147465437788
number of trials is
43400
number of Z or Y failures is
10
number of X failures is
0
average trial time
557.5638690998279
stderr is
7.285598501565629e-5
target is
2.304147465437788e-5
mu is
0.00022935779816513763
number of trials is
43600
number of Z or Y failures is
10
number of X failures is
0
average trial time
559.9185823141025
stderr is
7.25218177515637e-5
target is
2.2935779816513765e-5
mu is
0.00022831050228310502
number of trials is
43800
number of Z or Y failures is
10
number of X failures is
0
average trial time
562.3157514491926
stderr is
7.219070192963597e-5
target is
2.2831050228310503e-5
mu is
0.00022727272727272727
number of trials is
44000
number of Z or Y failures is
10
number of X failures is
0
average trial time
564.6540784970476
stderr is
7.186259594355635e-5
target is
2.272727272727273e-5
mu is
0.00022624434389140272
number of trials is
44200
number of Z or Y failures is
10
number of X failures is
0
average trial time
567.0137609385621
stderr is
7.153745893998686e-5
target is
2.2624434389140274e-5
mu is
0.00022522522522522523
number of trials is
44400
number of Z or Y failures is
10
number of X failures is
0
average trial time
569.3941279622271
stderr is
7.1215250801611e-5
target is
2.2522522522522523e-5
mu is
0.0002242152466367713
number of trials is
44600
number of Z or Y failures is
10
number of X failures is
0
average trial time
571.7817925543472
stderr is
7.089593213063279e-5
target is
2.2421524663677132e-5
mu is
0.0002232142857142857
number of trials is
44800
number of Z or Y failures is
10
number of X failures is
0
average trial time
574.1597492434524
stderr is
7.057946423271758e-5
target is
2.232142857142857e-5
mu is
0.00022222222222222223
number of trials is
45000
number of Z or Y failures is
10
number of X failures is
0
average trial time
576.5417106943773
stderr is
7.026580910136111e-5
target is
2.2222222222222223e-5
mu is
0.00022123893805309734
number of trials is
45200
number of Z or Y failures is
10
number of X failures is
0
average trial time
578.9101785651924
stderr is
6.995492940267368e-5
target is
2.2123893805309735e-5
mu is
0.00022026431718061675
number of trials is
45400
number of Z or Y failures is
10
number of X failures is
0
average trial time
581.2858189812331
stderr is
6.964678846056614e-5
target is
2.2026431718061676e-5
mu is
0.0002192982456140351
number of trials is
45600
number of Z or Y failures is
10
number of X failures is
0
average trial time
583.6727136198231
stderr is
6.934135024232603e-5
target is
2.192982456140351e-5
mu is
0.0002183406113537118
number of trials is
45800
number of Z or Y failures is
10
number of X failures is
0
average trial time
586.0517466859333
stderr is
6.90385793445713e-5
target is
2.183406113537118e-5
mu is
0.0002173913043478261
number of trials is
46000
number of Z or Y failures is
10
number of X failures is
0
average trial time
588.4420115306484
stderr is
6.873844097957067e-5
target is
2.173913043478261e-5
10
0
46000
0.0002173913043478261
