mu is
0.0
number of trials is
200
number of Z or Y failures is
0
number of X failures is
0
average trial time
2.4743271513650003
mu is
0.0
number of trials is
400
number of Z or Y failures is
0
number of X failures is
0
average trial time
4.7463622120100055
mu is
0.0
number of trials is
600
number of Z or Y failures is
0
number of X failures is
0
average trial time
7.04298796702501
mu is
0.0
number of trials is
800
number of Z or Y failures is
0
number of X failures is
0
average trial time
9.337246663805008
mu is
0.0
number of trials is
1000
number of Z or Y failures is
0
number of X failures is
0
average trial time
11.687030801505013
mu is
0.0
number of trials is
1200
number of Z or Y failures is
0
number of X failures is
0
average trial time
14.08278745680502
mu is
0.0
number of trials is
1400
number of Z or Y failures is
0
number of X failures is
0
average trial time
16.539196736960026
mu is
0.0
number of trials is
1600
number of Z or Y failures is
0
number of X failures is
0
average trial time
19.071467922835016
mu is
0.0
number of trials is
1800
number of Z or Y failures is
0
number of X failures is
0
average trial time
21.651516521700028
mu is
0.0005
number of trials is
2000
number of Z or Y failures is
1
number of X failures is
0
average trial time
24.26461015781501
mu is
0.00045454545454545455
number of trials is
2200
number of Z or Y failures is
1
number of X failures is
0
average trial time
26.954709903585034
mu is
0.0004166666666666667
number of trials is
2400
number of Z or Y failures is
1
number of X failures is
0
average trial time
29.668420405280028
mu is
0.0003846153846153846
number of trials is
2600
number of Z or Y failures is
1
number of X failures is
0
average trial time
32.40401952320499
mu is
0.00035714285714285714
number of trials is
2800
number of Z or Y failures is
1
number of X failures is
0
average trial time
35.15647831038498
mu is
0.0003333333333333333
number of trials is
3000
number of Z or Y failures is
1
number of X failures is
0
average trial time
37.91215748628
mu is
0.0003125
number of trials is
3200
number of Z or Y failures is
1
number of X failures is
0
average trial time
40.70525728704497
mu is
0.0002941176470588235
number of trials is
3400
number of Z or Y failures is
1
number of X failures is
0
average trial time
43.514172411584966
mu is
0.0002777777777777778
number of trials is
3600
number of Z or Y failures is
1
number of X failures is
0
average trial time
46.27727116906996
mu is
0.0002631578947368421
number of trials is
3800
number of Z or Y failures is
1
number of X failures is
0
average trial time
49.041059923459954
mu is
0.00025
number of trials is
4000
number of Z or Y failures is
1
number of X failures is
0
average trial time
51.825765644735014
mu is
0.0002380952380952381
number of trials is
4200
number of Z or Y failures is
1
number of X failures is
0
average trial time
54.60207012920997
mu is
0.00022727272727272727
number of trials is
4400
number of Z or Y failures is
1
number of X failures is
0
average trial time
57.35393267866999
mu is
0.0002173913043478261
number of trials is
4600
number of Z or Y failures is
1
number of X failures is
0
average trial time
60.08852018505997
mu is
0.00020833333333333335
number of trials is
4800
number of Z or Y failures is
1
number of X failures is
0
average trial time
62.825250195869955
mu is
0.0002
number of trials is
5000
number of Z or Y failures is
1
number of X failures is
0
average trial time
65.55360112730494
mu is
0.0001923076923076923
number of trials is
5200
number of Z or Y failures is
1
number of X failures is
0
average trial time
68.26920008082998
mu is
0.00018518518518518518
number of trials is
5400
number of Z or Y failures is
1
number of X failures is
0
average trial time
70.99131859197992
mu is
0.00017857142857142857
number of trials is
5600
number of Z or Y failures is
1
number of X failures is
0
average trial time
73.67273848675485
mu is
0.00017241379310344826
number of trials is
5800
number of Z or Y failures is
1
number of X failures is
0
average trial time
76.32691579247978
mu is
0.00016666666666666666
number of trials is
6000
number of Z or Y failures is
1
number of X failures is
0
average trial time
79.08806561543975
mu is
0.00016129032258064516
number of trials is
6200
number of Z or Y failures is
1
number of X failures is
0
average trial time
81.81038446408981
mu is
0.00015625
number of trials is
6400
number of Z or Y failures is
1
number of X failures is
0
average trial time
84.46268527278973
mu is
0.00015151515151515152
number of trials is
6600
number of Z or Y failures is
1
number of X failures is
0
average trial time
87.23442711443977
mu is
0.00014705882352941175
number of trials is
6800
number of Z or Y failures is
1
number of X failures is
0
average trial time
89.92626533440489
mu is
0.00014285714285714287
number of trials is
7000
number of Z or Y failures is
1
number of X failures is
0
average trial time
92.5494615640449
mu is
0.0001388888888888889
number of trials is
7200
number of Z or Y failures is
1
number of X failures is
0
average trial time
95.25808952505987
mu is
0.00013513513513513514
number of trials is
7400
number of Z or Y failures is
1
number of X failures is
0
average trial time
97.94739707072989
mu is
0.00013157894736842105
number of trials is
7600
number of Z or Y failures is
1
number of X failures is
0
average trial time
100.65060152552495
mu is
0.0002564102564102564
number of trials is
7800
number of Z or Y failures is
2
number of X failures is
0
average trial time
103.31338632943992
mu is
0.00025
number of trials is
8000
number of Z or Y failures is
2
number of X failures is
0
average trial time
105.9560149613648
mu is
0.00024390243902439024
number of trials is
8200
number of Z or Y failures is
2
number of X failures is
0
average trial time
108.62211477178477
mu is
0.0002380952380952381
number of trials is
8400
number of Z or Y failures is
2
number of X failures is
0
average trial time
111.24833541668971
mu is
0.00023255813953488373
number of trials is
8600
number of Z or Y failures is
2
number of X failures is
0
average trial time
113.93952016265465
mu is
0.00022727272727272727
number of trials is
8800
number of Z or Y failures is
2
number of X failures is
0
average trial time
116.52734057457955
mu is
0.00022222222222222223
number of trials is
9000
number of Z or Y failures is
2
number of X failures is
0
average trial time
119.2153306083097
mu is
0.00032608695652173916
number of trials is
9200
number of Z or Y failures is
3
number of X failures is
0
average trial time
121.84417855299478
mu is
0.00031914893617021275
number of trials is
9400
number of Z or Y failures is
3
number of X failures is
0
average trial time
124.49083206687486
mu is
0.0003125
number of trials is
9600
number of Z or Y failures is
3
number of X failures is
0
average trial time
127.15240546863987
mu is
0.0003061224489795918
number of trials is
9800
number of Z or Y failures is
3
number of X failures is
0
average trial time
129.78748863686965
mu is
0.0003
number of trials is
10000
number of Z or Y failures is
3
number of X failures is
0
average trial time
132.4189772662246
mu is
0.0002941176470588235
number of trials is
10200
number of Z or Y failures is
3
number of X failures is
0
average trial time
135.03153685241452
mu is
0.0002884615384615385
number of trials is
10400
number of Z or Y failures is
3
number of X failures is
0
average trial time
137.66067341017958
mu is
0.0002830188679245283
number of trials is
10600
number of Z or Y failures is
3
number of X failures is
0
average trial time
140.25428150131955
mu is
0.0002777777777777778
number of trials is
10800
number of Z or Y failures is
3
number of X failures is
0
average trial time
142.9411927687745
mu is
0.00027272727272727274
number of trials is
11000
number of Z or Y failures is
3
number of X failures is
0
average trial time
145.5352249962044
mu is
0.00026785714285714287
number of trials is
11200
number of Z or Y failures is
3
number of X failures is
0
average trial time
148.19655100744944
mu is
0.0002631578947368421
number of trials is
11400
number of Z or Y failures is
3
number of X failures is
0
average trial time
150.81009236778957
mu is
0.0002586206896551724
number of trials is
11600
number of Z or Y failures is
3
number of X failures is
0
average trial time
153.4088267925695
mu is
0.0002542372881355932
number of trials is
11800
number of Z or Y failures is
3
number of X failures is
0
average trial time
156.05152389111458
mu is
0.00025
number of trials is
12000
number of Z or Y failures is
3
number of X failures is
0
average trial time
158.64172584860458
mu is
0.0002459016393442623
number of trials is
12200
number of Z or Y failures is
3
number of X failures is
0
average trial time
161.19527084166958
mu is
0.00024193548387096774
number of trials is
12400
number of Z or Y failures is
3
number of X failures is
0
average trial time
163.83191242960464
mu is
0.0002380952380952381
number of trials is
12600
number of Z or Y failures is
3
number of X failures is
0
average trial time
166.45475962279946
mu is
0.000234375
number of trials is
12800
number of Z or Y failures is
3
number of X failures is
0
average trial time
169.04155848794952
mu is
0.00023076923076923076
number of trials is
13000
number of Z or Y failures is
3
number of X failures is
0
average trial time
171.61148219495945
mu is
0.00022727272727272727
number of trials is
13200
number of Z or Y failures is
3
number of X failures is
0
average trial time
174.25219327679974
mu is
0.00022388059701492538
number of trials is
13400
number of Z or Y failures is
3
number of X failures is
0
average trial time
176.80828669619459
mu is
0.00022058823529411765
number of trials is
13600
number of Z or Y failures is
3
number of X failures is
0
average trial time
179.39561032573963
mu is
0.0002173913043478261
number of trials is
13800
number of Z or Y failures is
3
number of X failures is
0
average trial time
181.9821451350296
mu is
0.00021428571428571427
number of trials is
14000
number of Z or Y failures is
3
number of X failures is
0
average trial time
184.6221359322796
mu is
0.00021126760563380283
number of trials is
14200
number of Z or Y failures is
3
number of X failures is
0
average trial time
187.24561924264933
mu is
0.00020833333333333335
number of trials is
14400
number of Z or Y failures is
3
number of X failures is
0
average trial time
189.8407658356546
mu is
0.00020547945205479453
number of trials is
14600
number of Z or Y failures is
3
number of X failures is
0
average trial time
192.3955045053444
mu is
0.0002027027027027027
number of trials is
14800
number of Z or Y failures is
3
number of X failures is
0
average trial time
194.95278414322453
mu is
0.0002
number of trials is
15000
number of Z or Y failures is
3
number of X failures is
0
average trial time
197.5582674660247
mu is
0.00019736842105263157
number of trials is
15200
number of Z or Y failures is
3
number of X failures is
0
average trial time
200.19225362956976
mu is
0.0001948051948051948
number of trials is
15400
number of Z or Y failures is
3
number of X failures is
0
average trial time
202.7833305892148
mu is
0.0001923076923076923
number of trials is
15600
number of Z or Y failures is
3
number of X failures is
0
average trial time
205.36666674100485
mu is
0.00018987341772151899
number of trials is
15800
number of Z or Y failures is
3
number of X failures is
0
average trial time
207.93621394149486
mu is
0.0001875
number of trials is
16000
number of Z or Y failures is
3
number of X failures is
0
average trial time
210.47496814671985
mu is
0.00018518518518518518
number of trials is
16200
number of Z or Y failures is
3
number of X failures is
0
average trial time
213.07028583642006
mu is
0.00024390243902439024
number of trials is
16400
number of Z or Y failures is
4
number of X failures is
0
average trial time
215.62260896638014
mu is
0.00024096385542168674
number of trials is
16600
number of Z or Y failures is
4
number of X failures is
0
average trial time
218.17106869904018
mu is
0.0002380952380952381
number of trials is
16800
number of Z or Y failures is
4
number of X failures is
0
average trial time
220.7579560287851
mu is
0.00023529411764705883
number of trials is
17000
number of Z or Y failures is
4
number of X failures is
0
average trial time
223.36144953475505
mu is
0.00023255813953488373
number of trials is
17200
number of Z or Y failures is
4
number of X failures is
0
average trial time
225.96907919173998
mu is
0.00022988505747126436
number of trials is
17400
number of Z or Y failures is
4
number of X failures is
0
average trial time
228.5439821490401
mu is
0.00022727272727272727
number of trials is
17600
number of Z or Y failures is
4
number of X failures is
0
average trial time
231.12600729694523
mu is
0.00022471910112359551
number of trials is
17800
number of Z or Y failures is
4
number of X failures is
0
average trial time
233.71474769405035
mu is
0.00022222222222222223
number of trials is
18000
number of Z or Y failures is
4
number of X failures is
0
average trial time
236.24837281513032
mu is
0.00021978021978021978
number of trials is
18200
number of Z or Y failures is
4
number of X failures is
0
average trial time
238.85753161809535
mu is
0.0002173913043478261
number of trials is
18400
number of Z or Y failures is
4
number of X failures is
0
average trial time
241.40548412287018
mu is
0.00021505376344086021
number of trials is
18600
number of Z or Y failures is
4
number of X failures is
0
average trial time
243.95475655889032
mu is
0.0002127659574468085
number of trials is
18800
number of Z or Y failures is
4
number of X failures is
0
average trial time
246.50171206579031
mu is
0.0002105263157894737
number of trials is
19000
number of Z or Y failures is
4
number of X failures is
0
average trial time
249.05856628861017
mu is
0.00020833333333333335
number of trials is
19200
number of Z or Y failures is
4
number of X failures is
0
average trial time
251.64021557279494
mu is
0.0002061855670103093
number of trials is
19400
number of Z or Y failures is
4
number of X failures is
0
average trial time
254.18839237853473
mu is
0.00020408163265306123
number of trials is
19600
number of Z or Y failures is
4
number of X failures is
0
average trial time
256.7197017937148
mu is
0.00020202020202020202
number of trials is
19800
number of Z or Y failures is
4
number of X failures is
0
average trial time
259.2895548379398
mu is
0.0002
number of trials is
20000
number of Z or Y failures is
4
number of X failures is
0
average trial time
261.8516619210797
mu is
0.00019801980198019803
number of trials is
20200
number of Z or Y failures is
4
number of X failures is
0
average trial time
264.41501987227474
mu is
0.000196078431372549
number of trials is
20400
number of Z or Y failures is
4
number of X failures is
0
average trial time
266.98846242319013
mu is
0.0001941747572815534
number of trials is
20600
number of Z or Y failures is
4
number of X failures is
0
average trial time
269.5551530985554
mu is
0.0001923076923076923
number of trials is
20800
number of Z or Y failures is
4
number of X failures is
0
average trial time
272.06773847085066
mu is
0.00019047619047619048
number of trials is
21000
number of Z or Y failures is
4
number of X failures is
0
average trial time
274.62728629031585
mu is
0.00018867924528301886
number of trials is
21200
number of Z or Y failures is
4
number of X failures is
0
average trial time
277.2046438940257
mu is
0.00018691588785046728
number of trials is
21400
number of Z or Y failures is
4
number of X failures is
0
average trial time
279.7685886883659
mu is
0.00018518518518518518
number of trials is
21600
number of Z or Y failures is
4
number of X failures is
0
average trial time
282.3317247182208
mu is
0.0001834862385321101
number of trials is
21800
number of Z or Y failures is
4
number of X failures is
0
average trial time
284.89061880015555
mu is
0.0001818181818181818
number of trials is
22000
number of Z or Y failures is
4
number of X failures is
0
average trial time
287.4529407162156
mu is
0.00018018018018018018
number of trials is
22200
number of Z or Y failures is
4
number of X failures is
0
average trial time
290.00925913869537
mu is
0.00017857142857142857
number of trials is
22400
number of Z or Y failures is
4
number of X failures is
0
average trial time
292.56910863564025
mu is
0.00017699115044247788
number of trials is
22600
number of Z or Y failures is
4
number of X failures is
0
average trial time
295.1358592461052
mu is
0.00017543859649122806
number of trials is
22800
number of Z or Y failures is
4
number of X failures is
0
average trial time
297.6958413065303
mu is
0.00017391304347826088
number of trials is
23000
number of Z or Y failures is
4
number of X failures is
0
average trial time
300.2388701097105
mu is
0.00017241379310344826
number of trials is
23200
number of Z or Y failures is
4
number of X failures is
0
average trial time
302.7875052903805
mu is
0.00017094017094017094
number of trials is
23400
number of Z or Y failures is
4
number of X failures is
0
average trial time
305.3199163201805
mu is
0.00016949152542372882
number of trials is
23600
number of Z or Y failures is
4
number of X failures is
0
average trial time
307.9163919262205
mu is
0.0001680672268907563
number of trials is
23800
number of Z or Y failures is
4
number of X failures is
0
average trial time
310.4598474031458
mu is
0.00016666666666666666
number of trials is
24000
number of Z or Y failures is
4
number of X failures is
0
average trial time
313.0044666697559
mu is
0.00016528925619834712
number of trials is
24200
number of Z or Y failures is
4
number of X failures is
0
average trial time
315.55448908437086
mu is
0.0001639344262295082
number of trials is
24400
number of Z or Y failures is
4
number of X failures is
0
average trial time
318.0824401878658
mu is
0.00016260162601626016
number of trials is
24600
number of Z or Y failures is
4
number of X failures is
0
average trial time
320.6087572494509
mu is
0.00016129032258064516
number of trials is
24800
number of Z or Y failures is
4
number of X failures is
0
average trial time
323.15395343656115
mu is
0.00016
number of trials is
25000
number of Z or Y failures is
4
number of X failures is
0
average trial time
325.709261117791
mu is
0.00015873015873015873
number of trials is
25200
number of Z or Y failures is
4
number of X failures is
0
average trial time
328.2555312237107
mu is
0.00015748031496062991
number of trials is
25400
number of Z or Y failures is
4
number of X failures is
0
average trial time
330.81109341405545
mu is
0.00015625
number of trials is
25600
number of Z or Y failures is
4
number of X failures is
0
average trial time
333.3724791309859
mu is
0.0001550387596899225
number of trials is
25800
number of Z or Y failures is
4
number of X failures is
0
average trial time
335.89730408893104
mu is
0.00015384615384615385
number of trials is
26000
number of Z or Y failures is
4
number of X failures is
0
average trial time
338.40794326385634
mu is
0.00015267175572519084
number of trials is
26200
number of Z or Y failures is
4
number of X failures is
0
average trial time
340.9781974032713
mu is
0.00015151515151515152
number of trials is
26400
number of Z or Y failures is
4
number of X failures is
0
average trial time
343.51356572722136
mu is
0.00015037593984962405
number of trials is
26600
number of Z or Y failures is
4
number of X failures is
0
average trial time
346.0361119864615
mu is
0.00014925373134328358
number of trials is
26800
number of Z or Y failures is
4
number of X failures is
0
average trial time
348.56678140246186
mu is
0.00014814814814814815
number of trials is
27000
number of Z or Y failures is
4
number of X failures is
0
average trial time
351.07803547361175
mu is
0.00014705882352941175
number of trials is
27200
number of Z or Y failures is
4
number of X failures is
0
average trial time
353.6151523619924
mu is
0.00014598540145985403
number of trials is
27400
number of Z or Y failures is
4
number of X failures is
0
average trial time
356.15579930348684
mu is
0.00014492753623188405
number of trials is
27600
number of Z or Y failures is
4
number of X failures is
0
average trial time
358.69525986694686
mu is
0.00014388489208633093
number of trials is
27800
number of Z or Y failures is
4
number of X failures is
0
average trial time
361.244148202907
mu is
0.00014285714285714287
number of trials is
28000
number of Z or Y failures is
4
number of X failures is
0
average trial time
363.768542053022
mu is
0.00014184397163120567
number of trials is
28200
number of Z or Y failures is
4
number of X failures is
0
average trial time
366.3041778754073
mu is
0.00014084507042253522
number of trials is
28400
number of Z or Y failures is
4
number of X failures is
0
average trial time
368.8408198272573
mu is
0.00013986013986013986
number of trials is
28600
number of Z or Y failures is
4
number of X failures is
0
average trial time
371.3733594584516
mu is
0.0001388888888888889
number of trials is
28800
number of Z or Y failures is
4
number of X failures is
0
average trial time
373.90281665436174
mu is
0.00013793103448275863
number of trials is
29000
number of Z or Y failures is
4
number of X failures is
0
average trial time
376.423964268692
mu is
0.000136986301369863
number of trials is
29200
number of Z or Y failures is
4
number of X failures is
0
average trial time
378.94963114559664
mu is
0.00013605442176870748
number of trials is
29400
number of Z or Y failures is
4
number of X failures is
0
average trial time
381.450343925687
mu is
0.00013513513513513514
number of trials is
29600
number of Z or Y failures is
4
number of X failures is
0
average trial time
383.98856029574716
mu is
0.00013422818791946307
number of trials is
29800
number of Z or Y failures is
4
number of X failures is
0
average trial time
386.5740676835717
mu is
0.00013333333333333334
number of trials is
30000
number of Z or Y failures is
4
number of X failures is
0
average trial time
389.12795250764697
mu is
0.00013245033112582781
number of trials is
30200
number of Z or Y failures is
4
number of X failures is
0
average trial time
391.67685131198186
mu is
0.00013157894736842105
number of trials is
30400
number of Z or Y failures is
4
number of X failures is
0
average trial time
394.2134723723265
mu is
0.00013071895424836603
number of trials is
30600
number of Z or Y failures is
4
number of X failures is
0
average trial time
396.76175878406167
mu is
0.00012987012987012987
number of trials is
30800
number of Z or Y failures is
4
number of X failures is
0
average trial time
399.330040309967
mu is
0.00012903225806451613
number of trials is
31000
number of Z or Y failures is
4
number of X failures is
0
average trial time
401.8793934062421
mu is
0.0001282051282051282
number of trials is
31200
number of Z or Y failures is
4
number of X failures is
0
average trial time
404.41309654631755
mu is
0.00012738853503184712
number of trials is
31400
number of Z or Y failures is
4
number of X failures is
0
average trial time
406.97771815980747
mu is
0.00012658227848101267
number of trials is
31600
number of Z or Y failures is
4
number of X failures is
0
average trial time
409.50621852028263
mu is
0.00012578616352201257
number of trials is
31800
number of Z or Y failures is
4
number of X failures is
0
average trial time
412.0191638377979
mu is
0.000125
number of trials is
32000
number of Z or Y failures is
4
number of X failures is
0
average trial time
414.5846031885583
mu is
0.00012422360248447205
number of trials is
32200
number of Z or Y failures is
4
number of X failures is
0
average trial time
417.1152435651979
mu is
0.0001234567901234568
number of trials is
32400
number of Z or Y failures is
4
number of X failures is
0
average trial time
419.6405632081385
mu is
0.0001226993865030675
number of trials is
32600
number of Z or Y failures is
4
number of X failures is
0
average trial time
422.17381249521384
mu is
0.00012195121951219512
number of trials is
32800
number of Z or Y failures is
4
number of X failures is
0
average trial time
424.70614918005833
mu is
0.00012121212121212121
number of trials is
33000
number of Z or Y failures is
4
number of X failures is
0
average trial time
427.2361316499482
mu is
0.00012048192771084337
number of trials is
33200
number of Z or Y failures is
4
number of X failures is
0
average trial time
429.7885578796681
mu is
0.00011976047904191617
number of trials is
33400
number of Z or Y failures is
4
number of X failures is
0
average trial time
432.33409778940796
mu is
0.00011904761904761905
number of trials is
33600
number of Z or Y failures is
4
number of X failures is
0
average trial time
434.8814066967375
mu is
0.00014792899408284024
number of trials is
33800
number of Z or Y failures is
5
number of X failures is
0
average trial time
437.4462982714675
stderr is
6.615194254306124e-5
target is
1.4792899408284025e-5
mu is
0.00014705882352941175
number of trials is
34000
number of Z or Y failures is
5
number of X failures is
0
average trial time
439.9994408799474
stderr is
6.576283636328001e-5
target is
1.4705882352941175e-5
mu is
0.00017543859649122806
number of trials is
34200
number of Z or Y failures is
6
number of X failures is
0
average trial time
442.539908282357
stderr is
7.161727119106429e-5
target is
1.7543859649122806e-5
mu is
0.0001744186046511628
number of trials is
34400
number of Z or Y failures is
6
number of X failures is
0
average trial time
445.0743463631871
stderr is
7.120092197371535e-5
target is
1.744186046511628e-5
mu is
0.00017341040462427745
number of trials is
34600
number of Z or Y failures is
6
number of X failures is
0
average trial time
447.6122345851468
stderr is
7.078938569421635e-5
target is
1.7341040462427746e-5
mu is
0.00017241379310344826
number of trials is
34800
number of Z or Y failures is
6
number of X failures is
0
average trial time
450.1418015480417
stderr is
7.038257937684444e-5
target is
1.7241379310344828e-5
mu is
0.00017142857142857143
number of trials is
35000
number of Z or Y failures is
6
number of X failures is
0
average trial time
452.6793589984667
stderr is
6.99804219423291e-5
target is
1.7142857142857142e-5
mu is
0.00017045454545454547
number of trials is
35200
number of Z or Y failures is
6
number of X failures is
0
average trial time
455.2356581785665
stderr is
6.958283415397963e-5
target is
1.7045454545454546e-5
mu is
0.00016949152542372882
number of trials is
35400
number of Z or Y failures is
6
number of X failures is
0
average trial time
457.7608810722665
stderr is
6.918973856563837e-5
target is
1.6949152542372885e-5
mu is
0.00016853932584269662
number of trials is
35600
number of Z or Y failures is
6
number of X failures is
0
average trial time
460.2910585050517
stderr is
6.880105947138857e-5
target is
1.685393258426966e-5
mu is
0.0001675977653631285
number of trials is
35800
number of Z or Y failures is
6
number of X failures is
0
average trial time
462.8064251581461
stderr is
6.841672285694752e-5
target is
1.675977653631285e-5
mu is
0.00016666666666666666
number of trials is
36000
number of Z or Y failures is
6
number of X failures is
0
average trial time
465.34558378176155
stderr is
6.803665635268008e-5
target is
1.6666666666666667e-5
mu is
0.00016574585635359117
number of trials is
36200
number of Z or Y failures is
6
number of X failures is
0
average trial time
467.90116414457646
stderr is
6.766078918816955e-5
target is
1.6574585635359117e-5
mu is
0.00016483516483516484
number of trials is
36400
number of Z or Y failures is
6
number of X failures is
0
average trial time
470.4588707188317
stderr is
6.728905214828614e-5
target is
1.6483516483516486e-5
mu is
0.0001639344262295082
number of trials is
36600
number of Z or Y failures is
6
number of X failures is
0
average trial time
472.9943122482865
stderr is
6.692137753069561e-5
target is
1.639344262295082e-5
mu is
0.00016304347826086958
number of trials is
36800
number of Z or Y failures is
6
number of X failures is
0
average trial time
475.5142578978563
stderr is
6.655769910475361e-5
target is
1.630434782608696e-5
mu is
0.00016216216216216215
number of trials is
37000
number of Z or Y failures is
6
number of X failures is
0
average trial time
478.0603267900107
stderr is
6.619795207173291e-5
target is
1.6216216216216215e-5
mu is
0.00016129032258064516
number of trials is
37200
number of Z or Y failures is
6
number of X failures is
0
average trial time
480.6012392310162
stderr is
6.584207302633353e-5
target is
1.6129032258064517e-5
mu is
0.00016042780748663101
number of trials is
37400
number of Z or Y failures is
6
number of X failures is
0
average trial time
483.1522396127509
stderr is
6.548999991942793e-5
target is
1.60427807486631e-5
mu is
0.00015957446808510637
number of trials is
37600
number of Z or Y failures is
6
number of X failures is
0
average trial time
485.66152235093614
stderr is
6.514167202199494e-5
target is
1.5957446808510637e-5
mu is
0.00015873015873015873
number of trials is
37800
number of Z or Y failures is
6
number of X failures is
0
average trial time
488.2022852868865
stderr is
6.47970298901986e-5
target is
1.5873015873015872e-5
mu is
0.00015789473684210527
number of trials is
38000
number of Z or Y failures is
6
number of X failures is
0
average trial time
490.7567560632613
stderr is
6.445601533156978e-5
target is
1.5789473684210526e-5
mu is
0.00015706806282722512
number of trials is
38200
number of Z or Y failures is
6
number of X failures is
0
average trial time
493.30768659546607
stderr is
6.411857137225e-5
target is
1.570680628272251e-5
mu is
0.00015625
number of trials is
38400
number of Z or Y failures is
6
number of X failures is
0
average trial time
495.8509021773463
stderr is
6.378464222525878e-5
target is
1.5625e-5
mu is
0.000155440414507772
number of trials is
38600
number of Z or Y failures is
6
number of X failures is
0
average trial time
498.3956762941563
stderr is
6.345417325974767e-5
target is
1.55440414507772e-5
mu is
0.00015463917525773195
number of trials is
38800
number of Z or Y failures is
6
number of X failures is
0
average trial time
500.9606173128411
stderr is
6.312711097120478e-5
target is
1.5463917525773194e-5
mu is
0.00015384615384615385
number of trials is
39000
number of Z or Y failures is
6
number of X failures is
0
average trial time
503.4940013660713
stderr is
6.280340295257628e-5
target is
1.5384615384615387e-5
mu is
0.0001530612244897959
number of trials is
39200
number of Z or Y failures is
6
number of X failures is
0
average trial time
506.00062557364123
stderr is
6.248299786627182e-5
target is
1.530612244897959e-5
mu is
0.00015228426395939087
number of trials is
39400
number of Z or Y failures is
6
number of X failures is
0
average trial time
508.55279406623106
stderr is
6.21658454170225e-5
target is
1.5228426395939088e-5
mu is
0.00015151515151515152
number of trials is
39600
number of Z or Y failures is
6
number of X failures is
0
average trial time
511.1045587823959
stderr is
6.185189632556126e-5
target is
1.5151515151515153e-5
mu is
0.00015075376884422112
number of trials is
39800
number of Z or Y failures is
6
number of X failures is
0
average trial time
513.6585162557012
stderr is
6.15411023030968e-5
target is
1.5075376884422112e-5
mu is
0.00015
number of trials is
40000
number of Z or Y failures is
6
number of X failures is
0
average trial time
516.1916264869712
stderr is
6.123341602655332e-5
target is
1.4999999999999999e-5
mu is
0.00014925373134328358
number of trials is
40200
number of Z or Y failures is
6
number of X failures is
0
average trial time
518.7344376788164
stderr is
6.0928791114549104e-5
target is
1.4925373134328359e-5
mu is
0.0001485148514851485
number of trials is
40400
number of Z or Y failures is
6
number of X failures is
0
average trial time
521.1707658908414
stderr is
6.062718210408881e-5
target is
1.4851485148514851e-5
mu is
0.00014778325123152708
number of trials is
40600
number of Z or Y failures is
6
number of X failures is
0
average trial time
523.5442357809512
stderr is
6.032854442794444e-5
target is
1.477832512315271e-5
mu is
0.00014705882352941175
number of trials is
40800
number of Z or Y failures is
6
number of X failures is
0
average trial time
525.903033029341
stderr is
6.00328343927017e-5
target is
1.4705882352941175e-5
mu is
0.00014634146341463414
number of trials is
41000
number of Z or Y failures is
6
number of X failures is
0
average trial time
528.2646810802005
stderr is
5.974000915744863e-5
target is
1.4634146341463415e-5
mu is
0.00014563106796116506
number of trials is
41200
number of Z or Y failures is
6
number of X failures is
0
average trial time
530.6373805479202
stderr is
5.945002671308522e-5
target is
1.4563106796116507e-5
mu is
0.00014492753623188405
number of trials is
41400
number of Z or Y failures is
6
number of X failures is
0
average trial time
532.9966984117204
stderr is
ERROR: LoadError: MethodError: no method matching iterate(::Nothing)
Closest candidates are:
  iterate(!Matched::Union{LinRange, StepRangeLen}) at range.jl:664
  iterate(!Matched::Union{LinRange, StepRangeLen}, !Matched::Int64) at range.jl:664
  iterate(!Matched::T) where T<:Union{Base.KeySet{var"#s79", var"#s78"} where {var"#s79", var"#s78"<:Dict}, Base.ValueIterator{var"#s77"} where var"#s77"<:Dict} at dict.jl:693
  ...
Stacktrace:
  [1] indexed_iterate(I::Nothing, i::Int64)
    @ Base ./tuple.jl:89
  [2] MPS(A::ITensor{4}, sites::Vector{IndexSet{1, Index{Int64}, Tuple{Index{Int64}}}}; leftinds::Index{Int64}, orthocenter::Int64, kwargs::Base.Iterators.Pairs{Symbol, Any, NTuple{4, Symbol}, NamedTuple{(:ortho, :cutoff, :maxdim, :svd_alg), Tuple{String, Float64, Int64, String}}})
    @ ITensors ~/.julia/packages/ITensors/Ligbx/src/mps/abstractmps.jl:1388
  [3] setindex!(ψ::MPS, A::ITensor{4}, r::UnitRange{Int64}; orthocenter::Int64, perm::Vector{Int64}, kwargs::Base.Iterators.Pairs{Symbol, Any, NTuple{4, Symbol}, NamedTuple{(:ortho, :cutoff, :maxdim, :svd_alg), Tuple{String, Float64, Int64, String}}})
    @ ITensors ~/.julia/packages/ITensors/Ligbx/src/mps/abstractmps.jl:1328
  [4] setindex!(::MPS, ::ITensor{4}, ::UnitRange{Int64}, ::Pair{Symbol, Any}, ::Vararg{Pair{Symbol, Any}, N} where N; kwargs::Base.Iterators.Pairs{Symbol, Any, Tuple{Symbol, Symbol}, NamedTuple{(:orthocenter, :perm), Tuple{Int64, Vector{Int64}}}})
    @ ITensors ~/.julia/packages/ITensors/Ligbx/src/mps/abstractmps.jl:1340
  [5] swapbondsites(ψ::MPS, b::Int64; kwargs::Base.Iterators.Pairs{Symbol, Any, NTuple{4, Symbol}, NamedTuple{(:ortho, :cutoff, :maxdim, :svd_alg), Tuple{String, Float64, Int64, String}}})
    @ ITensors ~/.julia/packages/ITensors/Ligbx/src/mps/abstractmps.jl:1419
  [6] movesite(ψ::MPS, n1n2::Pair{Int64, Int64}; orthocenter::Int64, kwargs::Base.Iterators.Pairs{Symbol, Any, Tuple{Symbol, Symbol, Symbol}, NamedTuple{(:cutoff, :maxdim, :svd_alg), Tuple{Float64, Int64, String}}})
    @ ITensors ~/.julia/packages/ITensors/Ligbx/src/mps/abstractmps.jl:1447
  [7] _movesites(ψ::MPS, ns::Vector{Int64}, ns′::Vector{Int64}; kwargs::Base.Iterators.Pairs{Symbol, Any, Tuple{Symbol, Symbol, Symbol}, NamedTuple{(:cutoff, :maxdim, :svd_alg), Tuple{Float64, Int64, String}}})
    @ ITensors ~/.julia/packages/ITensors/Ligbx/src/mps/abstractmps.jl:1474
  [8] movesites(ψ::MPS, nsns′::Vector{Pair{Int64, Int64}}; kwargs::Base.Iterators.Pairs{Symbol, Any, Tuple{Symbol, Symbol, Symbol}, NamedTuple{(:cutoff, :maxdim, :svd_alg), Tuple{Float64, Int64, String}}})
    @ ITensors ~/.julia/packages/ITensors/Ligbx/src/mps/abstractmps.jl:1495
  [9] product(o::ITensor{4}, ψ::MPS, ns::Vector{Int64}; move_sites_back::Bool, apply_dag::Bool, kwargs::Base.Iterators.Pairs{Symbol, Any, Tuple{Symbol, Symbol, Symbol}, NamedTuple{(:cutoff, :maxdim, :svd_alg), Tuple{Float64, Int64, String}}})
    @ ITensors ~/.julia/packages/ITensors/Ligbx/src/mps/abstractmps.jl:1548
 [10] product(As::Vector{ITensor}, ψ::MPS; move_sites_back::Bool, kwargs::Base.Iterators.Pairs{Symbol, Any, Tuple{Symbol, Symbol, Symbol}, NamedTuple{(:cutoff, :maxdim, :svd_alg), Tuple{Float64, Int64, String}}})
    @ ITensors ~/.julia/packages/ITensors/Ligbx/src/mps/abstractmps.jl:1650
 [11] runcircuit(M::MPS, circuit_tensors::Vector{ITensor}; apply_dag::Nothing, cutoff::Float64, maxdim::Int64, svd_alg::String, move_sites_back::Bool, kwargs::Base.Iterators.Pairs{Union{}, Union{}, Tuple{}, NamedTuple{(), Tuple{}}})
    @ PastaQ ~/.julia/packages/PastaQ/9VxGO/src/circuits/runcircuit.jl:86
 [12] #runcircuit#99
    @ ~/.julia/packages/PastaQ/9VxGO/src/circuits/runcircuit.jl:188 [inlined]
 [13] SurfCirc(dz::Int64, dx::Int64, nr::Int64, PEZ::Matrix{Int64}, PEX::Matrix{Int64}, Synz::Matrix{Int64}, Synx::Matrix{Int64}, zsch::Vector{Any}, xsch::Vector{Any}, bsch::Array{Int64, 3}, layout::Vector{Any}, ql::Matrix{Int64}, zl::Vector{Int64}, xl::Vector{Int64}, p::Float64, al2::Int64, tmeas::Float64, k2::Float64, nth::Int64, pmz::Float64, pmx::Float64, acc::Float64, bd::Int64)
    @ Main /shared/MLSurface/JuliaCLTNDecoder/experiment/d9/2e5/supp/mlsurfnc.jl:1337
 [14] macro expansion
    @ /shared/MLSurface/JuliaCLTNDecoder/experiment/d9/2e5/supp/mlsurfnc.jl:1432 [inlined]
 [15] macro expansion
    @ ./timing.jl:287 [inlined]
 [16] SurfMC(dz::Int64, dx::Int64, nr::Int64, p::Float64, al2::Int64, tmeas::Float64, k2::Float64, nth::Int64, acc::Float64, bd::Int64, err::Float64, nt::Int64; sim_id::Int64)
    @ Main /shared/MLSurface/JuliaCLTNDecoder/experiment/d9/2e5/supp/mlsurfnc.jl:1431
 [17] top-level scope
    @ /shared/MLSurface/JuliaCLTNDecoder/experiment/d9/2e5/supp/mlsurfnc.jl:1514
in expression starting at /shared/MLSurface/JuliaCLTNDecoder/experiment/d9/2e5/supp/mlsurfnc.jl:1512
5.9162845862232396e-5
target is
1.4492753623188407e-5
mu is
0.00014423076923076924
number of trials is
41600
number of Z or Y failures is
6
number of X failures is
0
average trial time
535.340926509336
stderr is
5.887842619972075e-5
target is
1.4423076923076924e-5
The SVD algorithm `"divide_and_conquer"` has thrown an error,
likely because of a convergance failure. You can try
other SVD algorithms that may converge better using the
`alg` (or `svd_alg` if called through `factorize` or MPS/MPO functionality) keyword argument:

 - "divide_and_conquer" is a divide-and-conquer algorithm
   (LAPACK's `gesdd`). It is fast, but may lead to some innacurate
   singular values for very ill-conditioned matrices.
   It also may sometimes fail to converge, leading to errors
   (in which case `"qr_iteration"` or `"recursive"` can be tried).

 - `"qr_iteration"` (LAPACK's `gesvd`) is typically slower 
   than "divide_and_conquer", especially for large matrices,
   but is more accurate for very ill-conditioned matrices 
   compared to `"divide_and_conquer"`.

 - `"recursive"` is ITensor's custom SVD algorithm. It is very
   reliable, but may be slow if high precision is needed.
   To get an `svd` of a matrix `A`, an eigendecomposition of
   ``A^{\dagger} A`` is used to compute `U` and then a `qr` of
   ``A^{\dagger} U`` is used to compute `V`. This is performed
   recursively to compute small singular values.

Returning `nothing`. For an output `F = svd(A, ...)` you can check if
`isnothing(F)` in your code and try a different algorithm.

To suppress this message in the future, you can wrap the `svd` call in the
`@suppress` macro from the `Suppressor` package.

