ERROR: LoadError: MethodError: no method matching iterate(::Nothing)
Closest candidates are:
  iterate(!Matched::Union{LinRange, StepRangeLen}) at range.jl:664
  iterate(!Matched::Union{LinRange, StepRangeLen}, !Matched::Int64) at range.jl:664
  iterate(!Matched::T) where T<:Union{Base.KeySet{var"#s79", var"#s78"} where {var"#s79", var"#s78"<:Dict}, Base.ValueIterator{var"#s77"} where var"#s77"<:Dict} at dict.jl:693
  ...
Stacktrace:
  [1] indexed_iterate(I::Nothing, i::Int64)
    @ Base ./tuple.jl:89
  [2] MPS(A::ITensor{4}, sites::Vector{IndexSet{1, Index{Int64}, Tuple{Index{Int64}}}}; leftinds::Index{Int64}, orthocenter::Int64, kwargs::Base.Iterators.Pairs{Symbol, Any, NTuple{4, Symbol}, NamedTuple{(:ortho, :cutoff, :maxdim, :svd_alg), Tuple{String, Float64, Int64, String}}})
    @ ITensors ~/.julia/packages/ITensors/Ligbx/src/mps/abstractmps.jl:1388
  [3] setindex!(ψ::MPS, A::ITensor{4}, r::UnitRange{Int64}; orthocenter::Int64, perm::Vector{Int64}, kwargs::Base.Iterators.Pairs{Symbol, Any, NTuple{4, Symbol}, NamedTuple{(:ortho, :cutoff, :maxdim, :svd_alg), Tuple{String, Float64, Int64, String}}})
    @ ITensors ~/.julia/packages/ITensors/Ligbx/src/mps/abstractmps.jl:1328
  [4] setindex!(::MPS, ::ITensor{4}, ::UnitRange{Int64}, ::Pair{Symbol, Any}, ::Vararg{Pair{Symbol, Any}, N} where N; kwargs::Base.Iterators.Pairs{Symbol, Any, Tuple{Symbol, Symbol}, NamedTuple{(:orthocenter, :perm), Tuple{Int64, Vector{Int64}}}})
    @ ITensors ~/.julia/packages/ITensors/Ligbx/src/mps/abstractmps.jl:1340
  [5] swapbondsites(ψ::MPS, b::Int64; kwargs::Base.Iterators.Pairs{Symbol, Any, NTuple{4, Symbol}, NamedTuple{(:ortho, :cutoff, :maxdim, :svd_alg), Tuple{String, Float64, Int64, String}}})
    @ ITensors ~/.julia/packages/ITensors/Ligbx/src/mps/abstractmps.jl:1419
  [6] movesite(ψ::MPS, n1n2::Pair{Int64, Int64}; orthocenter::Int64, kwargs::Base.Iterators.Pairs{Symbol, Any, Tuple{Symbol, Symbol, Symbol}, NamedTuple{(:cutoff, :maxdim, :svd_alg), Tuple{Float64, Int64, String}}})
    @ ITensors ~/.julia/packages/ITensors/Ligbx/src/mps/abstractmps.jl:1447
  [7] _movesites(ψ::MPS, ns::Vector{Int64}, ns′::Vector{Int64}; kwargs::Base.Iterators.Pairs{Symbol, Any, Tuple{Symbol, Symbol, Symbol}, NamedTuple{(:cutoff, :maxdim, :svd_alg), Tuple{Float64, Int64, String}}})
    @ ITensors ~/.julia/packages/ITensors/Ligbx/src/mps/abstractmps.jl:1474
  [8] movesites(ψ::MPS, nsns′::Vector{Pair{Int64, Int64}}; kwargs::Base.Iterators.Pairs{Symbol, Any, Tuple{Symbol, Symbol, Symbol}, NamedTuple{(:cutoff, :maxdim, :svd_alg), Tuple{Float64, Int64, String}}})
    @ ITensors ~/.julia/packages/ITensors/Ligbx/src/mps/abstractmps.jl:1495
  [9] product(As::Vector{ITensor}, ψ::MPS; move_sites_back::Bool, kwargs::Base.Iterators.Pairs{Symbol, Any, Tuple{Symbol, Symbol, Symbol}, NamedTuple{(:cutoff, :maxdim, :svd_alg), Tuple{Float64, Int64, String}}})
    @ ITensors ~/.julia/packages/ITensors/Ligbx/src/mps/abstractmps.jl:1656
 [10] runcircuit(M::MPS, circuit_tensors::Vector{ITensor}; apply_dag::Nothing, cutoff::Float64, maxdim::Int64, svd_alg::String, move_sites_back::Bool, kwargs::Base.Iterators.Pairs{Union{}, Union{}, Tuple{}, NamedTuple{(), Tuple{}}})
    @ PastaQ ~/.julia/packages/PastaQ/9VxGO/src/circuits/runcircuit.jl:86
 [11] #runcircuit#99
    @ ~/.julia/packages/PastaQ/9VxGO/src/circuits/runcircuit.jl:188 [inlined]
 [12] SurfCirc(dz::Int64, dx::Int64, nr::Int64, PEZ::Matrix{Int64}, PEX::Matrix{Int64}, Synz::Matrix{Int64}, Synx::Matrix{Int64}, zsch::Vector{Any}, xsch::Vector{Any}, bsch::Array{Int64, 3}, layout::Vector{Any}, ql::Matrix{Int64}, zl::Vector{Int64}, xl::Vector{Int64}, p::Float64, al2::Int64, tmeas::Float64, k2::Float64, nth::Int64, pmz::Float64, pmx::Float64, acc::Float64, bd::Int64)
    @ Main /shared/MLSurface/JuliaCLTNDecoder/experiment/d9/2e5/supp/mlsurfnc.jl:1337
 [13] macro expansion
    @ /shared/MLSurface/JuliaCLTNDecoder/experiment/d9/2e5/supp/mlsurfnc.jl:1432 [inlined]
 [14] macro expansion
    @ ./timing.jl:287 [inlined]
 [15] SurfMC(dz::Int64, dx::Int64, nr::Int64, p::Float64, al2::Int64, tmeas::Float64, k2::Float64, nth::Int64, acc::Float64, bd::Int64, err::Float64, nt::Int64; sim_id::Int64)
    @ Main /shared/MLSurface/JuliaCLTNDecoder/experiment/d9/2e5/supp/mlsurfnc.jl:1431
 [16] top-level scope
    @ /shared/MLSurface/JuliaCLTNDecoder/experiment/d9/2e5/supp/mlsurfnc.jl:1514
in expression starting at /shared/MLSurface/JuliaCLTNDecoder/experiment/d9/2e5/supp/mlsurfnc.jl:1512
mu is
0.0
number of trials is
200
number of Z or Y failures is
0
number of X failures is
0
average trial time
2.470576820159999
mu is
0.0
number of trials is
400
number of Z or Y failures is
0
number of X failures is
0
average trial time
4.743332101104997
mu is
0.0
number of trials is
600
number of Z or Y failures is
0
number of X failures is
0
average trial time
7.057525592164995
mu is
0.0
number of trials is
800
number of Z or Y failures is
0
number of X failures is
0
average trial time
9.358503166309992
mu is
0.0
number of trials is
1000
number of Z or Y failures is
0
number of X failures is
0
average trial time
11.696864743314988
mu is
0.0
number of trials is
1200
number of Z or Y failures is
0
number of X failures is
0
average trial time
14.101762796119983
mu is
0.0
number of trials is
1400
number of Z or Y failures is
0
number of X failures is
0
average trial time
16.557991759180002
mu is
0.0
number of trials is
1600
number of Z or Y failures is
0
number of X failures is
0
average trial time
19.069840816875
mu is
0.0
number of trials is
1800
number of Z or Y failures is
0
number of X failures is
0
average trial time
21.601895459079987
mu is
0.0
number of trials is
2000
number of Z or Y failures is
0
number of X failures is
0
average trial time
24.22022211963999
mu is
0.0
number of trials is
2200
number of Z or Y failures is
0
number of X failures is
0
average trial time
26.869568949969974
mu is
0.0
number of trials is
2400
number of Z or Y failures is
0
number of X failures is
0
average trial time
29.568803598129993
mu is
0.0
number of trials is
2600
number of Z or Y failures is
0
number of X failures is
0
average trial time
32.31348571138499
mu is
0.0
number of trials is
2800
number of Z or Y failures is
0
number of X failures is
0
average trial time
35.080614481159984
mu is
0.0
number of trials is
3000
number of Z or Y failures is
0
number of X failures is
0
average trial time
37.84161725792997
mu is
0.0
number of trials is
3200
number of Z or Y failures is
0
number of X failures is
0
average trial time
40.57529312614496
mu is
0.0
number of trials is
3400
number of Z or Y failures is
0
number of X failures is
0
average trial time
43.327547826494936
mu is
0.0
number of trials is
3600
number of Z or Y failures is
0
number of X failures is
0
average trial time
46.10734911864492
mu is
0.0
number of trials is
3800
number of Z or Y failures is
0
number of X failures is
0
average trial time
48.908161198839906
mu is
0.0
number of trials is
4000
number of Z or Y failures is
0
number of X failures is
0
average trial time
51.68751002444492
mu is
0.0
number of trials is
4200
number of Z or Y failures is
0
number of X failures is
0
average trial time
54.42269681663989
mu is
0.0
number of trials is
4400
number of Z or Y failures is
0
number of X failures is
0
average trial time
57.18404795356489
mu is
0.0
number of trials is
4600
number of Z or Y failures is
0
number of X failures is
0
average trial time
59.94482502139489
mu is
0.0
number of trials is
4800
number of Z or Y failures is
0
number of X failures is
0
average trial time
62.691996783689916
mu is
0.0
number of trials is
5000
number of Z or Y failures is
0
number of X failures is
0
average trial time
65.37196880074002
mu is
0.0
number of trials is
5200
number of Z or Y failures is
0
number of X failures is
0
average trial time
68.04710244612998
mu is
0.0
number of trials is
5400
number of Z or Y failures is
0
number of X failures is
0
average trial time
70.77719994656498
mu is
0.0
number of trials is
5600
number of Z or Y failures is
0
number of X failures is
0
average trial time
73.46376905957493
mu is
0.0
number of trials is
5800
number of Z or Y failures is
0
number of X failures is
0
average trial time
76.18547123865494
mu is
0.0
number of trials is
6000
number of Z or Y failures is
0
number of X failures is
0
average trial time
78.86369208694992
mu is
0.0
number of trials is
6200
number of Z or Y failures is
0
number of X failures is
0
average trial time
81.57918100416991
mu is
0.0
number of trials is
6400
number of Z or Y failures is
0
number of X failures is
0
average trial time
84.28200376362976
mu is
0.0
number of trials is
6600
number of Z or Y failures is
0
number of X failures is
0
average trial time
86.94057234614978
mu is
0.0
number of trials is
6800
number of Z or Y failures is
0
number of X failures is
0
average trial time
89.6222255992398
mu is
0.0
number of trials is
7000
number of Z or Y failures is
0
number of X failures is
0
average trial time
92.2913194067898
mu is
0.0
number of trials is
7200
number of Z or Y failures is
0
number of X failures is
0
average trial time
94.9242978696447
mu is
0.0
number of trials is
7400
number of Z or Y failures is
0
number of X failures is
0
average trial time
97.6375836121847
mu is
0.0
number of trials is
7600
number of Z or Y failures is
0
number of X failures is
0
average trial time
100.29278514872468
mu is
0.0
number of trials is
7800
number of Z or Y failures is
0
number of X failures is
0
average trial time
103.01683088518476
mu is
0.0
number of trials is
8000
number of Z or Y failures is
0
number of X failures is
0
average trial time
105.68939543882988
mu is
0.0
number of trials is
8200
number of Z or Y failures is
0
number of X failures is
0
average trial time
108.33994233795482
mu is
0.0
number of trials is
8400
number of Z or Y failures is
0
number of X failures is
0
average trial time
110.95605609639485
mu is
0.0
number of trials is
8600
number of Z or Y failures is
0
number of X failures is
0
average trial time
113.57557126690986
mu is
0.0
number of trials is
8800
number of Z or Y failures is
0
number of X failures is
0
average trial time
116.23496016245997
mu is
0.0
number of trials is
9000
number of Z or Y failures is
0
number of X failures is
0
average trial time
118.81766682913506
mu is
0.0
number of trials is
9200
number of Z or Y failures is
0
number of X failures is
0
average trial time
121.47415484885012
mu is
0.0
number of trials is
9400
number of Z or Y failures is
0
number of X failures is
0
average trial time
124.08766288856512
mu is
0.0
number of trials is
9600
number of Z or Y failures is
0
number of X failures is
0
average trial time
126.75537819061012
mu is
0.0
number of trials is
9800
number of Z or Y failures is
0
number of X failures is
0
average trial time
129.38085557290518
mu is
0.0
number of trials is
10000
number of Z or Y failures is
0
number of X failures is
0
average trial time
132.03814307881012
mu is
0.0
number of trials is
10200
number of Z or Y failures is
0
number of X failures is
0
average trial time
134.62894386347998
mu is
0.0
number of trials is
10400
number of Z or Y failures is
0
number of X failures is
0
average trial time
137.24033042576986
mu is
0.0
number of trials is
10600
number of Z or Y failures is
0
number of X failures is
0
average trial time
139.93535352782487
mu is
0.0
number of trials is
10800
number of Z or Y failures is
0
number of X failures is
0
average trial time
142.52643667130488
mu is
0.0
number of trials is
11000
number of Z or Y failures is
0
number of X failures is
0
average trial time
145.14344105037986
mu is
0.0
number of trials is
11200
number of Z or Y failures is
0
number of X failures is
0
average trial time
147.76823569449493
mu is
0.0
number of trials is
11400
number of Z or Y failures is
0
number of X failures is
0
average trial time
150.34253544928492
mu is
0.0
number of trials is
11600
number of Z or Y failures is
0
number of X failures is
0
average trial time
152.97676985155488
mu is
0.0
number of trials is
11800
number of Z or Y failures is
0
number of X failures is
0
average trial time
155.5994045871301
mu is
0.0
number of trials is
12000
number of Z or Y failures is
0
number of X failures is
0
average trial time
158.16837244019518
mu is
0.0
number of trials is
12200
number of Z or Y failures is
0
number of X failures is
0
average trial time
160.7957135551252
mu is
0.0
number of trials is
12400
number of Z or Y failures is
0
number of X failures is
0
average trial time
163.40808205744008
mu is
0.0
number of trials is
12600
number of Z or Y failures is
0
number of X failures is
0
average trial time
166.00070986610024
mu is
0.0
number of trials is
12800
number of Z or Y failures is
0
number of X failures is
0
average trial time
168.63758856987508
mu is
0.0
number of trials is
13000
number of Z or Y failures is
0
number of X failures is
0
average trial time
171.29377725273517
mu is
0.0
number of trials is
13200
number of Z or Y failures is
0
number of X failures is
0
average trial time
173.88175322942007
mu is
0.0
number of trials is
13400
number of Z or Y failures is
0
number of X failures is
0
average trial time
176.47379840715521
mu is
0.0
number of trials is
13600
number of Z or Y failures is
0
number of X failures is
0
average trial time
179.09173644887505
mu is
0.0
number of trials is
13800
number of Z or Y failures is
0
number of X failures is
0
average trial time
181.67437440035027
mu is
0.0
number of trials is
14000
number of Z or Y failures is
0
number of X failures is
0
average trial time
184.2294687569953
mu is
0.0
number of trials is
14200
number of Z or Y failures is
0
number of X failures is
0
average trial time
186.8212674503954
mu is
0.0
number of trials is
14400
number of Z or Y failures is
0
number of X failures is
0
average trial time
189.39893865967548
mu is
0.0
number of trials is
14600
number of Z or Y failures is
0
number of X failures is
0
average trial time
192.0328037646104
mu is
0.0
number of trials is
14800
number of Z or Y failures is
0
number of X failures is
0
average trial time
194.61130005190043
mu is
0.0
number of trials is
15000
number of Z or Y failures is
0
number of X failures is
0
average trial time
197.19401086203027
mu is
0.0
number of trials is
15200
number of Z or Y failures is
0
number of X failures is
0
average trial time
199.73094442323534
mu is
0.0
number of trials is
15400
number of Z or Y failures is
0
number of X failures is
0
average trial time
202.2959177122003
mu is
0.0
number of trials is
15600
number of Z or Y failures is
0
number of X failures is
0
average trial time
204.86395503842513
mu is
0.0
number of trials is
15800
number of Z or Y failures is
0
number of X failures is
0
average trial time
207.43127655182016
mu is
0.0
number of trials is
16000
number of Z or Y failures is
0
number of X failures is
0
average trial time
210.05099377532014
mu is
0.0
number of trials is
16200
number of Z or Y failures is
0
number of X failures is
0
average trial time
212.67957472308507
mu is
0.0
number of trials is
16400
number of Z or Y failures is
0
number of X failures is
0
average trial time
215.33890095441507
mu is
0.0
number of trials is
16600
number of Z or Y failures is
0
number of X failures is
0
average trial time
217.88284305628028
mu is
0.0
number of trials is
16800
number of Z or Y failures is
0
number of X failures is
0
average trial time
220.43723072837514
mu is
0.0
number of trials is
17000
number of Z or Y failures is
0
number of X failures is
0
average trial time
222.99777965346001
mu is
0.0
number of trials is
17200
number of Z or Y failures is
0
number of X failures is
0
average trial time
225.54178322291511
mu is
0.0
number of trials is
17400
number of Z or Y failures is
0
number of X failures is
0
average trial time
228.0993911653003
mu is
0.0
number of trials is
17600
number of Z or Y failures is
0
number of X failures is
0
average trial time
230.62632659955048
mu is
0.0
number of trials is
17800
number of Z or Y failures is
0
number of X failures is
0
average trial time
233.17034525266527
mu is
0.0
number of trials is
18000
number of Z or Y failures is
0
number of X failures is
0
average trial time
235.70130786558548
mu is
0.0
number of trials is
18200
number of Z or Y failures is
0
number of X failures is
0
average trial time
238.26576975072038
mu is
0.0
number of trials is
18400
number of Z or Y failures is
0
number of X failures is
0
average trial time
240.82634865639557
mu is
0.0
number of trials is
18600
number of Z or Y failures is
0
number of X failures is
0
average trial time
243.39693534988558
mu is
0.0
number of trials is
18800
number of Z or Y failures is
0
number of X failures is
0
average trial time
245.96922181654566
mu is
5.2631578947368424e-5
number of trials is
19000
number of Z or Y failures is
1
number of X failures is
0
average trial time
248.5572693707157
mu is
0.00010416666666666667
number of trials is
19200
number of Z or Y failures is
2
number of X failures is
0
average trial time
251.15217589345062
mu is
0.00010309278350515464
number of trials is
19400
number of Z or Y failures is
2
number of X failures is
0
average trial time
253.73682253267572
mu is
0.00010204081632653062
number of trials is
19600
number of Z or Y failures is
2
number of X failures is
0
average trial time
256.305112597516
mu is
0.00010101010101010101
number of trials is
19800
number of Z or Y failures is
2
number of X failures is
0
average trial time
258.882744926096
mu is
0.0001
number of trials is
20000
number of Z or Y failures is
2
number of X failures is
0
average trial time
261.48728383162575
mu is
9.900990099009902e-5
number of trials is
20200
number of Z or Y failures is
2
number of X failures is
0
average trial time
264.02357728230555
mu is
9.80392156862745e-5
number of trials is
20400
number of Z or Y failures is
2
number of X failures is
0
average trial time
266.5592039860556
mu is
9.70873786407767e-5
number of trials is
20600
number of Z or Y failures is
2
number of X failures is
0
average trial time
269.0950813620808
mu is
9.615384615384615e-5
number of trials is
20800
number of Z or Y failures is
2
number of X failures is
0
average trial time
271.60600030784605
mu is
9.523809523809524e-5
number of trials is
21000
number of Z or Y failures is
2
number of X failures is
0
average trial time
274.1513090699112
mu is
9.433962264150943e-5
number of trials is
21200
number of Z or Y failures is
2
number of X failures is
0
average trial time
276.71990390539116
mu is
9.345794392523364e-5
number of trials is
21400
number of Z or Y failures is
2
number of X failures is
0
average trial time
279.2530749413664
mu is
9.259259259259259e-5
number of trials is
21600
number of Z or Y failures is
2
number of X failures is
0
average trial time
281.77750698947153
mu is
9.174311926605505e-5
number of trials is
21800
number of Z or Y failures is
2
number of X failures is
0
average trial time
284.3428579353665
mu is
9.09090909090909e-5
number of trials is
22000
number of Z or Y failures is
2
number of X failures is
0
average trial time
286.90901388196664
mu is
9.009009009009009e-5
number of trials is
22200
number of Z or Y failures is
2
number of X failures is
0
average trial time
289.4633116624065
mu is
8.928571428571429e-5
number of trials is
22400
number of Z or Y failures is
2
number of X failures is
0
average trial time
292.02250185013656
mu is
8.849557522123894e-5
number of trials is
22600
number of Z or Y failures is
2
number of X failures is
0
average trial time
294.56205766701146
mu is
0.00013157894736842105
number of trials is
22800
number of Z or Y failures is
3
number of X failures is
0
average trial time
297.08376317401166
mu is
0.00013043478260869564
number of trials is
23000
number of Z or Y failures is
3
number of X failures is
0
average trial time
299.6363030894667
mu is
0.0001293103448275862
number of trials is
23200
number of Z or Y failures is
3
number of X failures is
0
average trial time
302.1787945274868
mu is
0.0001282051282051282
number of trials is
23400
number of Z or Y failures is
3
number of X failures is
0
average trial time
304.68995649911676
mu is
0.0001271186440677966
number of trials is
23600
number of Z or Y failures is
3
number of X failures is
0
average trial time
307.2511595437167
mu is
0.00012605042016806722
number of trials is
23800
number of Z or Y failures is
3
number of X failures is
0
average trial time
309.7661458936368
mu is
0.000125
number of trials is
24000
number of Z or Y failures is
3
number of X failures is
0
average trial time
312.26315557904195
mu is
0.00012396694214876033
number of trials is
24200
number of Z or Y failures is
3
number of X failures is
0
average trial time
314.80524966047193
mu is
0.00012295081967213115
number of trials is
24400
number of Z or Y failures is
3
number of X failures is
0
average trial time
317.30606450131165
mu is
0.00012195121951219512
number of trials is
24600
number of Z or Y failures is
3
number of X failures is
0
average trial time
319.83721936307165
mu is
0.00012096774193548387
number of trials is
24800
number of Z or Y failures is
3
number of X failures is
0
average trial time
322.3886892982771
mu is
0.00012
number of trials is
25000
number of Z or Y failures is
3
number of X failures is
0
average trial time
324.9463774530222
mu is
0.00011904761904761905
number of trials is
25200
number of Z or Y failures is
3
number of X failures is
0
average trial time
327.44771577844216
mu is
0.00011811023622047244
number of trials is
25400
number of Z or Y failures is
3
number of X failures is
0
average trial time
330.01399320688705
mu is
0.0001171875
number of trials is
25600
number of Z or Y failures is
3
number of X failures is
0
average trial time
332.53918914268223
mu is
0.00011627906976744187
number of trials is
25800
number of Z or Y failures is
3
number of X failures is
0
average trial time
335.1202063941323
mu is
0.00011538461538461538
number of trials is
26000
number of Z or Y failures is
3
number of X failures is
0
average trial time
337.6847612449725
mu is
0.00011450381679389313
number of trials is
26200
number of Z or Y failures is
3
number of X failures is
0
average trial time
340.2587724603475
mu is
0.00011363636363636364
number of trials is
26400
number of Z or Y failures is
3
number of X failures is
0
average trial time
342.8366804347772
mu is
0.00011278195488721805
number of trials is
26600
number of Z or Y failures is
3
number of X failures is
0
average trial time
345.4137174835971
mu is
0.00011194029850746269
number of trials is
26800
number of Z or Y failures is
3
number of X failures is
0
average trial time
347.96388393840226
mu is
0.00011111111111111112
number of trials is
27000
number of Z or Y failures is
3
number of X failures is
0
average trial time
350.55091212829234
mu is
0.00011029411764705883
number of trials is
27200
number of Z or Y failures is
3
number of X failures is
0
average trial time
353.1230062096323
mu is
0.00010948905109489051
number of trials is
27400
number of Z or Y failures is
3
number of X failures is
0
average trial time
355.6602811290125
mu is
0.00010869565217391305
number of trials is
27600
number of Z or Y failures is
3
number of X failures is
0
average trial time
358.186612690018
mu is
0.00014388489208633093
number of trials is
27800
number of Z or Y failures is
4
number of X failures is
0
average trial time
360.75107183607776
mu is
0.00014285714285714287
number of trials is
28000
number of Z or Y failures is
4
number of X failures is
0
average trial time
363.2894091651878
mu is
0.00014184397163120567
number of trials is
28200
number of Z or Y failures is
4
number of X failures is
0
average trial time
365.83632583110267
mu is
0.00014084507042253522
number of trials is
28400
number of Z or Y failures is
4
number of X failures is
0
average trial time
368.3487537241579
mu is
0.00013986013986013986
number of trials is
28600
number of Z or Y failures is
4
number of X failures is
0
average trial time
370.89905191643794
mu is
0.0001388888888888889
number of trials is
28800
number of Z or Y failures is
4
number of X failures is
0
average trial time
373.44670876169323
mu is
0.00013793103448275863
number of trials is
29000
number of Z or Y failures is
4
number of X failures is
0
average trial time
376.0047957939434
mu is
0.000136986301369863
number of trials is
29200
number of Z or Y failures is
4
number of X failures is
0
average trial time
378.54418103217364
mu is
0.00013605442176870748
number of trials is
29400
number of Z or Y failures is
4
number of X failures is
0
average trial time
381.0993750981737
mu is
0.00013513513513513514
number of trials is
29600
number of Z or Y failures is
4
number of X failures is
0
average trial time
383.6556891102035
mu is
0.00013422818791946307
number of trials is
29800
number of Z or Y failures is
4
number of X failures is
0
average trial time
386.21145572818847
mu is
0.00013333333333333334
number of trials is
30000
number of Z or Y failures is
4
number of X failures is
0
average trial time
388.7719580759783
mu is
0.00013245033112582781
number of trials is
30200
number of Z or Y failures is
4
number of X failures is
0
average trial time
391.3043036887232
mu is
0.00013157894736842105
number of trials is
30400
number of Z or Y failures is
4
number of X failures is
0
average trial time
393.8400907656932
mu is
0.00013071895424836603
number of trials is
30600
number of Z or Y failures is
4
number of X failures is
0
average trial time
396.36182572884326
mu is
0.00012987012987012987
number of trials is
30800
number of Z or Y failures is
4
number of X failures is
0
average trial time
398.88735306241813
mu is
0.00012903225806451613
number of trials is
31000
number of Z or Y failures is
4
number of X failures is
0
average trial time
401.42422992846843
mu is
0.0001282051282051282
number of trials is
31200
number of Z or Y failures is
4
number of X failures is
0
average trial time
403.9520169789732
mu is
0.00012738853503184712
number of trials is
31400
number of Z or Y failures is
4
number of X failures is
0
average trial time
406.4949717343429
mu is
0.00012658227848101267
number of trials is
31600
number of Z or Y failures is
4
number of X failures is
0
average trial time
409.01257119522313
mu is
0.00012578616352201257
number of trials is
31800
number of Z or Y failures is
4
number of X failures is
0
average trial time
411.5396019567232
mu is
0.000125
number of trials is
32000
number of Z or Y failures is
4
number of X failures is
0
average trial time
414.0521621628284
mu is
0.00012422360248447205
number of trials is
32200
number of Z or Y failures is
4
number of X failures is
0
average trial time
416.59209057666317
mu is
0.0001234567901234568
number of trials is
32400
number of Z or Y failures is
4
number of X failures is
0
average trial time
419.1285134373431
mu is
0.0001226993865030675
number of trials is
32600
number of Z or Y failures is
4
number of X failures is
0
average trial time
421.666501357528
mu is
0.00012195121951219512
number of trials is
32800
number of Z or Y failures is
4
number of X failures is
0
average trial time
424.21346756287784
mu is
0.00012121212121212121
number of trials is
33000
number of Z or Y failures is
4
number of X failures is
0
average trial time
426.76563573868776
mu is
0.00012048192771084337
number of trials is
33200
number of Z or Y failures is
4
number of X failures is
0
average trial time
429.2627161178077
mu is
0.00011976047904191617
number of trials is
33400
number of Z or Y failures is
4
number of X failures is
0
average trial time
431.78356702756304
mu is
0.00011904761904761905
number of trials is
33600
number of Z or Y failures is
4
number of X failures is
0
average trial time
434.33382959658826
mu is
0.00011834319526627219
number of trials is
33800
number of Z or Y failures is
4
number of X failures is
0
average trial time
436.87756670601345
mu is
0.00011764705882352942
number of trials is
34000
number of Z or Y failures is
4
number of X failures is
0
average trial time
439.42341168496847
mu is
0.00014619883040935673
number of trials is
34200
number of Z or Y failures is
5
number of X failures is
0
average trial time
441.9763334652585
stderr is
6.53782808667541e-5
target is
1.4619883040935673e-5
mu is
0.00014534883720930232
number of trials is
34400
number of Z or Y failures is
5
number of X failures is
0
average trial time
444.54184745640356
stderr is
6.499819668571776e-5
target is
1.4534883720930233e-5
mu is
0.00014450867052023122
number of trials is
34600
number of Z or Y failures is
5
number of X failures is
0
average trial time
447.10470285811357
stderr is
6.462250628739189e-5
target is
1.4450867052023123e-5
mu is
0.00014367816091954023
number of trials is
34800
number of Z or Y failures is
5
number of X failures is
0
average trial time
449.62563804304875
stderr is
6.425113392125769e-5
target is
1.4367816091954024e-5
mu is
0.00014285714285714287
number of trials is
35000
number of Z or Y failures is
5
number of X failures is
0
average trial time
452.168582965114
stderr is
6.388400556813776e-5
target is
1.4285714285714287e-5
mu is
0.00017045454545454547
number of trials is
35200
number of Z or Y failures is
6
number of X failures is
0
average trial time
454.7071756816194
stderr is
6.958283415397963e-5
target is
1.7045454545454546e-5
mu is
0.00016949152542372882
number of trials is
35400
number of Z or Y failures is
6
number of X failures is
0
average trial time
457.2587200180442
stderr is
6.918973856563837e-5
target is
1.6949152542372885e-5
mu is
0.00019662921348314607
number of trials is
35600
number of Z or Y failures is
7
number of X failures is
0
average trial time
459.7860315038741
stderr is
7.43125937874965e-5
target is
1.9662921348314607e-5
mu is
0.000223463687150838
number of trials is
35800
number of Z or Y failures is
8
number of X failures is
0
average trial time
462.3278084910991
stderr is
7.899861958932215e-5
target is
2.23463687150838e-5
mu is
0.00022222222222222223
number of trials is
36000
number of Z or Y failures is
8
number of X failures is
0
average trial time
464.8795853201841
stderr is
7.855978104910003e-5
target is
2.2222222222222223e-5
mu is
0.00022099447513812155
number of trials is
36200
number of Z or Y failures is
8
number of X failures is
0
average trial time
467.40788253999943
stderr is
7.812579108449204e-5
target is
2.2099447513812157e-5
mu is
0.00021978021978021978
number of trials is
36400
number of Z or Y failures is
8
number of X failures is
0
average trial time
469.95265295051917
stderr is
7.769656978161146e-5
target is
2.197802197802198e-5
mu is
0.0002185792349726776
number of trials is
36600
number of Z or Y failures is
8
number of X failures is
0
average trial time
472.48743241080933
stderr is
7.727203897315604e-5
target is
2.185792349726776e-5
mu is
0.0002173913043478261
number of trials is
36800
number of Z or Y failures is
8
number of X failures is
0
average trial time
475.03874571536437
stderr is
7.685212219095099e-5
target is
2.173913043478261e-5
mu is
0.00021621621621621621
number of trials is
37000
number of Z or Y failures is
8
number of X failures is
0
average trial time
477.5874016932041
stderr is
7.64367446200309e-5
target is
2.1621621621621624e-5
mu is
0.00021505376344086021
number of trials is
37200
number of Z or Y failures is
8
number of X failures is
0
average trial time
480.0870350905739
stderr is
7.60258330542029e-5
target is
2.1505376344086024e-5
mu is
0.000213903743315508
number of trials is
37400
number of Z or Y failures is
8
number of X failures is
0
average trial time
482.6208116004039
stderr is
7.561931585303529e-5
target is
2.1390374331550803e-5
The SVD algorithm `"divide_and_conquer"` has thrown an error,
likely because of a convergance failure. You can try
other SVD algorithms that may converge better using the
`alg` (or `svd_alg` if called through `factorize` or MPS/MPO functionality) keyword argument:

 - "divide_and_conquer" is a divide-and-conquer algorithm
   (LAPACK's `gesdd`). It is fast, but may lead to some innacurate
   singular values for very ill-conditioned matrices.
   It also may sometimes fail to converge, leading to errors
   (in which case `"qr_iteration"` or `"recursive"` can be tried).

 - `"qr_iteration"` (LAPACK's `gesvd`) is typically slower 
   than "divide_and_conquer", especially for large matrices,
   but is more accurate for very ill-conditioned matrices 
   compared to `"divide_and_conquer"`.

 - `"recursive"` is ITensor's custom SVD algorithm. It is very
   reliable, but may be slow if high precision is needed.
   To get an `svd` of a matrix `A`, an eigendecomposition of
   ``A^{\dagger} A`` is used to compute `U` and then a `qr` of
   ``A^{\dagger} U`` is used to compute `V`. This is performed
   recursively to compute small singular values.

Returning `nothing`. For an output `F = svd(A, ...)` you can check if
`isnothing(F)` in your code and try a different algorithm.

To suppress this message in the future, you can wrap the `svd` call in the
`@suppress` macro from the `Suppressor` package.

