mu is
0.0
number of trials is
200
number of Z or Y failures is
0
number of X failures is
0
average trial time
2.4767772363050002
mu is
0.0
number of trials is
400
number of Z or Y failures is
0
number of X failures is
0
average trial time
4.736797924005001
mu is
0.0
number of trials is
600
number of Z or Y failures is
0
number of X failures is
0
average trial time
7.059980176245006
mu is
0.0
number of trials is
800
number of Z or Y failures is
0
number of X failures is
0
average trial time
9.382950504684999
mu is
0.0
number of trials is
1000
number of Z or Y failures is
0
number of X failures is
0
average trial time
11.74343188400001
mu is
0.0
number of trials is
1200
number of Z or Y failures is
0
number of X failures is
0
average trial time
14.116752555295008
mu is
0.0
number of trials is
1400
number of Z or Y failures is
0
number of X failures is
0
average trial time
16.582164206995007
mu is
0.0
number of trials is
1600
number of Z or Y failures is
0
number of X failures is
0
average trial time
19.11595913233501
mu is
0.0
number of trials is
1800
number of Z or Y failures is
0
number of X failures is
0
average trial time
21.702211082929985
mu is
0.0
number of trials is
2000
number of Z or Y failures is
0
number of X failures is
0
average trial time
24.319403973775007
mu is
0.0
number of trials is
2200
number of Z or Y failures is
0
number of X failures is
0
average trial time
27.04273630728003
mu is
0.0
number of trials is
2400
number of Z or Y failures is
0
number of X failures is
0
average trial time
29.724240986450024
mu is
0.0
number of trials is
2600
number of Z or Y failures is
0
number of X failures is
0
average trial time
32.48468603299502
mu is
0.0
number of trials is
2800
number of Z or Y failures is
0
number of X failures is
0
average trial time
35.192590499515035
mu is
0.0
number of trials is
3000
number of Z or Y failures is
0
number of X failures is
0
average trial time
37.92120510888502
mu is
0.0
number of trials is
3200
number of Z or Y failures is
0
number of X failures is
0
average trial time
40.69522057045001
mu is
0.0
number of trials is
3400
number of Z or Y failures is
0
number of X failures is
0
average trial time
43.49291716026001
mu is
0.0
number of trials is
3600
number of Z or Y failures is
0
number of X failures is
0
average trial time
46.24998750362007
mu is
0.0
number of trials is
3800
number of Z or Y failures is
0
number of X failures is
0
average trial time
49.00530473821004
mu is
0.0
number of trials is
4000
number of Z or Y failures is
0
number of X failures is
0
average trial time
51.787590733135005
mu is
0.0
number of trials is
4200
number of Z or Y failures is
0
number of X failures is
0
average trial time
54.53974407960497
mu is
0.0
number of trials is
4400
number of Z or Y failures is
0
number of X failures is
0
average trial time
57.27909385489998
mu is
0.0
number of trials is
4600
number of Z or Y failures is
0
number of X failures is
0
average trial time
60.03302617902498
mu is
0.0
number of trials is
4800
number of Z or Y failures is
0
number of X failures is
0
average trial time
62.79910861555996
mu is
0.0
number of trials is
5000
number of Z or Y failures is
0
number of X failures is
0
average trial time
65.54408068079499
mu is
0.0
number of trials is
5200
number of Z or Y failures is
0
number of X failures is
0
average trial time
68.29739955604994
mu is
0.0
number of trials is
5400
number of Z or Y failures is
0
number of X failures is
0
average trial time
71.03917026063492
mu is
0.0
number of trials is
5600
number of Z or Y failures is
0
number of X failures is
0
average trial time
73.7586017558049
mu is
0.0
number of trials is
5800
number of Z or Y failures is
0
number of X failures is
0
average trial time
76.47868099692487
mu is
0.0
number of trials is
6000
number of Z or Y failures is
0
number of X failures is
0
average trial time
79.21891247862987
mu is
0.0
number of trials is
6200
number of Z or Y failures is
0
number of X failures is
0
average trial time
81.92335848912982
mu is
0.0
number of trials is
6400
number of Z or Y failures is
0
number of X failures is
0
average trial time
84.6125516628249
mu is
0.0
number of trials is
6600
number of Z or Y failures is
0
number of X failures is
0
average trial time
87.33404889065001
mu is
0.0
number of trials is
6800
number of Z or Y failures is
0
number of X failures is
0
average trial time
90.02498566705995
mu is
0.0
number of trials is
7000
number of Z or Y failures is
0
number of X failures is
0
average trial time
92.6813020146099
mu is
0.0
number of trials is
7200
number of Z or Y failures is
0
number of X failures is
0
average trial time
95.39929627629999
mu is
0.0
number of trials is
7400
number of Z or Y failures is
0
number of X failures is
0
average trial time
98.04569571071502
mu is
0.0
number of trials is
7600
number of Z or Y failures is
0
number of X failures is
0
average trial time
100.74839477081001
mu is
0.0
number of trials is
7800
number of Z or Y failures is
0
number of X failures is
0
average trial time
103.40902388010501
mu is
0.0
number of trials is
8000
number of Z or Y failures is
0
number of X failures is
0
average trial time
106.0792027953201
mu is
0.0
number of trials is
8200
number of Z or Y failures is
0
number of X failures is
0
average trial time
108.72905180029511
mu is
0.0
number of trials is
8400
number of Z or Y failures is
0
number of X failures is
0
average trial time
111.40324488022998
mu is
0.0
number of trials is
8600
number of Z or Y failures is
0
number of X failures is
0
average trial time
114.042450716215
mu is
0.0
number of trials is
8800
number of Z or Y failures is
0
number of X failures is
0
average trial time
116.66551221995014
mu is
0.0
number of trials is
9000
number of Z or Y failures is
0
number of X failures is
0
average trial time
119.33057804563013
mu is
0.0
number of trials is
9200
number of Z or Y failures is
0
number of X failures is
0
average trial time
121.94820429204009
mu is
0.0
number of trials is
9400
number of Z or Y failures is
0
number of X failures is
0
average trial time
124.5698036677651
mu is
0.0
number of trials is
9600
number of Z or Y failures is
0
number of X failures is
0
average trial time
127.23406607016503
mu is
0.0
number of trials is
9800
number of Z or Y failures is
0
number of X failures is
0
average trial time
129.866747130595
mu is
0.0
number of trials is
10000
number of Z or Y failures is
0
number of X failures is
0
average trial time
132.5495770339
mu is
0.0
number of trials is
10200
number of Z or Y failures is
0
number of X failures is
0
average trial time
135.135660565425
mu is
0.0
number of trials is
10400
number of Z or Y failures is
0
number of X failures is
0
average trial time
137.80793498027498
mu is
0.0
number of trials is
10600
number of Z or Y failures is
0
number of X failures is
0
average trial time
140.44247752779995
mu is
0.0
number of trials is
10800
number of Z or Y failures is
0
number of X failures is
0
average trial time
143.10353451249497
mu is
0.0
number of trials is
11000
number of Z or Y failures is
0
number of X failures is
0
average trial time
145.73764349174505
mu is
8.928571428571429e-5
number of trials is
11200
number of Z or Y failures is
1
number of X failures is
0
average trial time
148.30888940311016
mu is
8.771929824561403e-5
number of trials is
11400
number of Z or Y failures is
1
number of X failures is
0
average trial time
151.00965187607522
mu is
8.620689655172413e-5
number of trials is
11600
number of Z or Y failures is
1
number of X failures is
0
average trial time
153.61159177006516
mu is
8.474576271186441e-5
number of trials is
11800
number of Z or Y failures is
1
number of X failures is
0
average trial time
156.214700849565
mu is
8.333333333333333e-5
number of trials is
12000
number of Z or Y failures is
1
number of X failures is
0
average trial time
158.874201890335
mu is
8.19672131147541e-5
number of trials is
12200
number of Z or Y failures is
1
number of X failures is
0
average trial time
161.466771415665
mu is
8.064516129032258e-5
number of trials is
12400
number of Z or Y failures is
1
number of X failures is
0
average trial time
164.02062670779992
mu is
7.936507936507937e-5
number of trials is
12600
number of Z or Y failures is
1
number of X failures is
0
average trial time
166.6572796734099
mu is
7.8125e-5
number of trials is
12800
number of Z or Y failures is
1
number of X failures is
0
average trial time
169.24098221689007
mu is
7.692307692307693e-5
number of trials is
13000
number of Z or Y failures is
1
number of X failures is
0
average trial time
171.85260950068522
mu is
7.575757575757576e-5
number of trials is
13200
number of Z or Y failures is
1
number of X failures is
0
average trial time
174.38061769587515
mu is
7.462686567164179e-5
number of trials is
13400
number of Z or Y failures is
1
number of X failures is
0
average trial time
177.01577195012553
mu is
7.352941176470588e-5
number of trials is
13600
number of Z or Y failures is
1
number of X failures is
0
average trial time
179.59535278460055
mu is
7.246376811594203e-5
number of trials is
13800
number of Z or Y failures is
1
number of X failures is
0
average trial time
182.1403379048506
mu is
7.142857142857143e-5
number of trials is
14000
number of Z or Y failures is
1
number of X failures is
0
average trial time
184.7290281306206
mu is
7.042253521126761e-5
number of trials is
14200
number of Z or Y failures is
1
number of X failures is
0
average trial time
187.30767910752056
mu is
6.944444444444444e-5
number of trials is
14400
number of Z or Y failures is
1
number of X failures is
0
average trial time
189.93358814137554
mu is
6.84931506849315e-5
number of trials is
14600
number of Z or Y failures is
1
number of X failures is
0
average trial time
192.54921708717043
mu is
6.756756756756757e-5
number of trials is
14800
number of Z or Y failures is
1
number of X failures is
0
average trial time
195.1369820502403
mu is
6.666666666666667e-5
number of trials is
15000
number of Z or Y failures is
1
number of X failures is
0
average trial time
197.69756880292047
mu is
6.578947368421052e-5
number of trials is
15200
number of Z or Y failures is
1
number of X failures is
0
average trial time
200.23079024111053
mu is
6.493506493506494e-5
number of trials is
15400
number of Z or Y failures is
1
number of X failures is
0
average trial time
202.78041884360067
mu is
6.41025641025641e-5
number of trials is
15600
number of Z or Y failures is
1
number of X failures is
0
average trial time
205.36310629190567
mu is
6.329113924050633e-5
number of trials is
15800
number of Z or Y failures is
1
number of X failures is
0
average trial time
207.95568300853571
mu is
6.25e-5
number of trials is
16000
number of Z or Y failures is
1
number of X failures is
0
average trial time
210.54203104080574
mu is
6.17283950617284e-5
number of trials is
16200
number of Z or Y failures is
1
number of X failures is
0
average trial time
213.13137612167583
mu is
6.097560975609756e-5
number of trials is
16400
number of Z or Y failures is
1
number of X failures is
0
average trial time
215.70548587387555
mu is
6.0240963855421684e-5
number of trials is
16600
number of Z or Y failures is
1
number of X failures is
0
average trial time
218.26370965700565
mu is
5.9523809523809524e-5
number of trials is
16800
number of Z or Y failures is
1
number of X failures is
0
average trial time
220.8057424045154
mu is
5.882352941176471e-5
number of trials is
17000
number of Z or Y failures is
1
number of X failures is
0
average trial time
223.3830191474703
mu is
5.8139534883720933e-5
number of trials is
17200
number of Z or Y failures is
1
number of X failures is
0
average trial time
225.91861087913026
mu is
5.747126436781609e-5
number of trials is
17400
number of Z or Y failures is
1
number of X failures is
0
average trial time
228.47299260115025
mu is
5.681818181818182e-5
number of trials is
17600
number of Z or Y failures is
1
number of X failures is
0
average trial time
230.9956858868801
mu is
5.617977528089888e-5
number of trials is
17800
number of Z or Y failures is
1
number of X failures is
0
average trial time
233.52263013638495
mu is
5.555555555555556e-5
number of trials is
18000
number of Z or Y failures is
1
number of X failures is
0
average trial time
236.10212234227
mu is
5.4945054945054945e-5
number of trials is
18200
number of Z or Y failures is
1
number of X failures is
0
average trial time
238.65342157167018
mu is
5.4347826086956524e-5
number of trials is
18400
number of Z or Y failures is
1
number of X failures is
0
average trial time
241.23088146836523
mu is
5.3763440860215054e-5
number of trials is
18600
number of Z or Y failures is
1
number of X failures is
0
average trial time
243.82731491258048
mu is
5.319148936170213e-5
number of trials is
18800
number of Z or Y failures is
1
number of X failures is
0
average trial time
246.39514095948525
mu is
5.2631578947368424e-5
number of trials is
19000
number of Z or Y failures is
1
number of X failures is
0
average trial time
248.97158372224013
mu is
5.208333333333334e-5
number of trials is
19200
number of Z or Y failures is
1
number of X failures is
0
average trial time
251.54682297189512
mu is
5.154639175257732e-5
number of trials is
19400
number of Z or Y failures is
1
number of X failures is
0
average trial time
254.1118018190903
mu is
5.102040816326531e-5
number of trials is
19600
number of Z or Y failures is
1
number of X failures is
0
average trial time
256.6384607756001
mu is
5.0505050505050505e-5
number of trials is
19800
number of Z or Y failures is
1
number of X failures is
0
average trial time
259.18725670481524
mu is
5.0e-5
number of trials is
20000
number of Z or Y failures is
1
number of X failures is
0
average trial time
261.72876081630034
mu is
4.950495049504951e-5
number of trials is
20200
number of Z or Y failures is
1
number of X failures is
0
average trial time
264.27581106810044
mu is
4.901960784313725e-5
number of trials is
20400
number of Z or Y failures is
1
number of X failures is
0
average trial time
266.85466362169524
mu is
4.854368932038835e-5
number of trials is
20600
number of Z or Y failures is
1
number of X failures is
0
average trial time
269.40803470030517
mu is
4.807692307692308e-5
number of trials is
20800
number of Z or Y failures is
1
number of X failures is
0
average trial time
271.9328438529801
mu is
4.761904761904762e-5
number of trials is
21000
number of Z or Y failures is
1
number of X failures is
0
average trial time
274.4877761555151
mu is
4.7169811320754715e-5
number of trials is
21200
number of Z or Y failures is
1
number of X failures is
0
average trial time
277.04977099783486
mu is
4.672897196261682e-5
number of trials is
21400
number of Z or Y failures is
1
number of X failures is
0
average trial time
279.57457982287485
mu is
4.6296296296296294e-5
number of trials is
21600
number of Z or Y failures is
1
number of X failures is
0
average trial time
282.10446742763014
mu is
4.587155963302752e-5
number of trials is
21800
number of Z or Y failures is
1
number of X failures is
0
average trial time
284.6467651551254
mu is
4.545454545454545e-5
number of trials is
22000
number of Z or Y failures is
1
number of X failures is
0
average trial time
287.2180377172904
mu is
4.5045045045045046e-5
number of trials is
22200
number of Z or Y failures is
1
number of X failures is
0
average trial time
289.7824721696054
mu is
4.464285714285714e-5
number of trials is
22400
number of Z or Y failures is
1
number of X failures is
0
average trial time
292.3365371826549
mu is
4.424778761061947e-5
number of trials is
22600
number of Z or Y failures is
1
number of X failures is
0
average trial time
294.88794597707016
mu is
4.3859649122807014e-5
number of trials is
22800
number of Z or Y failures is
1
number of X failures is
0
average trial time
297.4554220437001
mu is
4.347826086956522e-5
number of trials is
23000
number of Z or Y failures is
1
number of X failures is
0
average trial time
300.02337770207015
mu is
4.3103448275862066e-5
number of trials is
23200
number of Z or Y failures is
1
number of X failures is
0
average trial time
302.5957673403652
mu is
4.2735042735042735e-5
number of trials is
23400
number of Z or Y failures is
1
number of X failures is
0
average trial time
305.1252691313304
mu is
4.2372881355932206e-5
number of trials is
23600
number of Z or Y failures is
1
number of X failures is
0
average trial time
307.6599393049704
mu is
4.201680672268908e-5
number of trials is
23800
number of Z or Y failures is
1
number of X failures is
0
average trial time
310.19469663178
mu is
4.1666666666666665e-5
number of trials is
24000
number of Z or Y failures is
1
number of X failures is
0
average trial time
312.7643562811499
mu is
4.132231404958678e-5
number of trials is
24200
number of Z or Y failures is
1
number of X failures is
0
average trial time
315.31144717310474
mu is
4.098360655737705e-5
number of trials is
24400
number of Z or Y failures is
1
number of X failures is
0
average trial time
317.83402093672004
mu is
4.065040650406504e-5
number of trials is
24600
number of Z or Y failures is
1
number of X failures is
0
average trial time
320.40556098654
mu is
4.032258064516129e-5
number of trials is
24800
number of Z or Y failures is
1
number of X failures is
0
average trial time
322.92563707825474
mu is
4.0e-5
number of trials is
25000
number of Z or Y failures is
1
number of X failures is
0
average trial time
325.48030209239465
mu is
3.968253968253968e-5
number of trials is
25200
number of Z or Y failures is
1
number of X failures is
0
average trial time
328.01383922682
mu is
3.937007874015748e-5
number of trials is
25400
number of Z or Y failures is
1
number of X failures is
0
average trial time
330.5759646229403
mu is
3.90625e-5
number of trials is
25600
number of Z or Y failures is
1
number of X failures is
0
average trial time
333.09762043805966
mu is
3.875968992248062e-5
number of trials is
25800
number of Z or Y failures is
1
number of X failures is
0
average trial time
335.63913409975
mu is
3.846153846153846e-5
number of trials is
26000
number of Z or Y failures is
1
number of X failures is
0
average trial time
338.15693131784997
mu is
3.816793893129771e-5
number of trials is
26200
number of Z or Y failures is
1
number of X failures is
0
average trial time
340.7055579407151
mu is
3.787878787878788e-5
number of trials is
26400
number of Z or Y failures is
1
number of X failures is
0
average trial time
343.26095709970474
mu is
3.759398496240601e-5
number of trials is
26600
number of Z or Y failures is
1
number of X failures is
0
average trial time
345.80416039326906
mu is
3.7313432835820896e-5
number of trials is
26800
number of Z or Y failures is
1
number of X failures is
0
average trial time
348.30299971002916
mu is
3.7037037037037037e-5
number of trials is
27000
number of Z or Y failures is
1
number of X failures is
0
average trial time
350.83554655489417
mu is
3.676470588235294e-5
number of trials is
27200
number of Z or Y failures is
1
number of X failures is
0
average trial time
353.3813933860595
mu is
7.299270072992701e-5
number of trials is
27400
number of Z or Y failures is
2
number of X failures is
0
average trial time
355.9248458119994
mu is
7.246376811594203e-5
number of trials is
27600
number of Z or Y failures is
2
number of X failures is
0
average trial time
358.49666491018485
mu is
0.0001079136690647482
number of trials is
27800
number of Z or Y failures is
3
number of X failures is
0
average trial time
361.04402533241506
mu is
0.00010714285714285714
number of trials is
28000
number of Z or Y failures is
3
number of X failures is
0
average trial time
363.5937642237701
mu is
0.00010638297872340425
number of trials is
28200
number of Z or Y failures is
3
number of X failures is
0
average trial time
366.11949755268483
mu is
0.00010563380281690141
number of trials is
28400
number of Z or Y failures is
3
number of X failures is
0
average trial time
368.625521095875
mu is
0.0001048951048951049
number of trials is
28600
number of Z or Y failures is
3
number of X failures is
0
average trial time
371.16423303649
mu is
0.00010416666666666667
number of trials is
28800
number of Z or Y failures is
3
number of X failures is
0
average trial time
373.722448782785
mu is
0.00010344827586206896
number of trials is
29000
number of Z or Y failures is
3
number of X failures is
0
average trial time
376.26497831598965
mu is
0.00010273972602739727
number of trials is
29200
number of Z or Y failures is
3
number of X failures is
0
average trial time
378.80685126525975
mu is
0.00010204081632653062
number of trials is
29400
number of Z or Y failures is
3
number of X failures is
0
average trial time
381.3360149096848
mu is
0.00010135135135135135
number of trials is
29600
number of Z or Y failures is
3
number of X failures is
0
average trial time
383.8975244866898
mu is
0.00010067114093959731
number of trials is
29800
number of Z or Y failures is
3
number of X failures is
0
average trial time
386.4411293700445
mu is
0.0001
number of trials is
30000
number of Z or Y failures is
3
number of X failures is
0
average trial time
388.98363223601984
mu is
9.933774834437086e-5
number of trials is
30200
number of Z or Y failures is
3
number of X failures is
0
average trial time
391.49702252590413
mu is
9.868421052631579e-5
number of trials is
30400
number of Z or Y failures is
3
number of X failures is
0
average trial time
394.0501899196941
mu is
9.80392156862745e-5
number of trials is
30600
number of Z or Y failures is
3
number of X failures is
0
average trial time
396.6011726060992
mu is
9.74025974025974e-5
number of trials is
30800
number of Z or Y failures is
3
number of X failures is
0
average trial time
399.14612398673927
mu is
9.67741935483871e-5
number of trials is
31000
number of Z or Y failures is
3
number of X failures is
0
average trial time
401.6707808833689
mu is
9.615384615384615e-5
number of trials is
31200
number of Z or Y failures is
3
number of X failures is
0
average trial time
404.2098655728089
mu is
9.554140127388535e-5
number of trials is
31400
number of Z or Y failures is
3
number of X failures is
0
average trial time
406.7394220301938
mu is
9.493670886075949e-5
number of trials is
31600
number of Z or Y failures is
3
number of X failures is
0
average trial time
409.254028422634
mu is
9.433962264150943e-5
number of trials is
31800
number of Z or Y failures is
3
number of X failures is
0
average trial time
411.7773865371284
mu is
9.375e-5
number of trials is
32000
number of Z or Y failures is
3
number of X failures is
0
average trial time
414.29926614613316
mu is
9.316770186335404e-5
number of trials is
32200
number of Z or Y failures is
3
number of X failures is
0
average trial time
416.8351887702431
mu is
9.259259259259259e-5
number of trials is
32400
number of Z or Y failures is
3
number of X failures is
0
average trial time
419.3425177230936
mu is
9.202453987730062e-5
number of trials is
32600
number of Z or Y failures is
3
number of X failures is
0
average trial time
421.8714458851332
mu is
9.146341463414634e-5
number of trials is
32800
number of Z or Y failures is
3
number of X failures is
0
average trial time
424.414395401288
mu is
9.09090909090909e-5
number of trials is
33000
number of Z or Y failures is
3
number of X failures is
0
average trial time
426.950106345723
mu is
9.036144578313253e-5
number of trials is
33200
number of Z or Y failures is
3
number of X failures is
0
average trial time
429.5430099418283
mu is
8.982035928143712e-5
number of trials is
33400
number of Z or Y failures is
3
number of X failures is
0
average trial time
432.11688763109373
mu is
8.928571428571429e-5
number of trials is
33600
number of Z or Y failures is
3
number of X failures is
0
average trial time
434.63805241945886
mu is
8.875739644970414e-5
number of trials is
33800
number of Z or Y failures is
3
number of X failures is
0
average trial time
437.201076768629
mu is
8.823529411764706e-5
number of trials is
34000
number of Z or Y failures is
3
number of X failures is
0
average trial time
439.7596795988091
mu is
8.771929824561403e-5
number of trials is
34200
number of Z or Y failures is
3
number of X failures is
0
average trial time
442.29251094263856
mu is
8.72093023255814e-5
number of trials is
34400
number of Z or Y failures is
3
number of X failures is
0
average trial time
444.83923975238855
mu is
8.670520231213873e-5
number of trials is
34600
number of Z or Y failures is
3
number of X failures is
0
average trial time
447.3665647677732
mu is
0.00011494252873563218
number of trials is
34800
number of Z or Y failures is
4
number of X failures is
0
average trial time
449.9067985519839
mu is
0.00011428571428571428
number of trials is
35000
number of Z or Y failures is
4
number of X failures is
0
average trial time
452.4697874729437
mu is
0.00011363636363636364
number of trials is
35200
number of Z or Y failures is
4
number of X failures is
0
average trial time
455.0037559722134
mu is
0.00011299435028248587
number of trials is
35400
number of Z or Y failures is
4
number of X failures is
0
average trial time
457.55873733288354
mu is
0.00011235955056179776
number of trials is
35600
number of Z or Y failures is
4
number of X failures is
0
average trial time
460.09222247121863
mu is
0.000111731843575419
number of trials is
35800
number of Z or Y failures is
4
number of X failures is
0
average trial time
462.59476334063913
mu is
0.00011111111111111112
number of trials is
36000
number of Z or Y failures is
4
number of X failures is
0
average trial time
465.1237105461345
mu is
0.00011049723756906077
number of trials is
36200
number of Z or Y failures is
4
number of X failures is
0
average trial time
467.6568709977
mu is
0.00013736263736263736
number of trials is
36400
number of Z or Y failures is
5
number of X failures is
0
average trial time
470.19874449323504
stderr is
6.142706345799021e-5
target is
1.3736263736263736e-5
mu is
0.0001639344262295082
number of trials is
36600
number of Z or Y failures is
6
number of X failures is
0
average trial time
472.70035032847426
stderr is
6.692137753069561e-5
target is
1.639344262295082e-5
mu is
0.00016304347826086958
number of trials is
36800
number of Z or Y failures is
6
number of X failures is
0
average trial time
475.2499877345794
stderr is
6.655769910475361e-5
target is
1.630434782608696e-5
mu is
0.00016216216216216215
number of trials is
37000
number of Z or Y failures is
6
number of X failures is
0
average trial time
477.8351318684293
stderr is
6.619795207173291e-5
target is
1.6216216216216215e-5
mu is
0.00016129032258064516
number of trials is
37200
number of Z or Y failures is
6
number of X failures is
0
average trial time
480.38933603816423
stderr is
6.584207302633353e-5
target is
1.6129032258064517e-5
mu is
0.00016042780748663101
number of trials is
37400
number of Z or Y failures is
6
number of X failures is
0
average trial time
482.9223822028193
stderr is
6.548999991942793e-5
target is
1.60427807486631e-5
mu is
0.00015957446808510637
number of trials is
37600
number of Z or Y failures is
6
number of X failures is
0
average trial time
485.4643017691944
stderr is
6.514167202199494e-5
target is
1.5957446808510637e-5
mu is
0.00015873015873015873
number of trials is
37800
number of Z or Y failures is
6
number of X failures is
0
average trial time
487.9862057101845
stderr is
6.47970298901986e-5
target is
1.5873015873015872e-5
mu is
0.00015789473684210527
number of trials is
38000
number of Z or Y failures is
6
number of X failures is
0
average trial time
490.4945883726598
stderr is
6.445601533156978e-5
target is
1.5789473684210526e-5
mu is
0.00015706806282722512
number of trials is
38200
number of Z or Y failures is
6
number of X failures is
0
average trial time
493.01247829215487
stderr is
6.411857137225e-5
target is
1.570680628272251e-5
mu is
0.00015625
number of trials is
38400
number of Z or Y failures is
6
number of X failures is
0
average trial time
495.53004909187473
stderr is
6.378464222525878e-5
target is
1.5625e-5
mu is
0.000155440414507772
number of trials is
38600
number of Z or Y failures is
6
number of X failures is
0
average trial time
498.06773378850454
stderr is
6.345417325974767e-5
target is
1.55440414507772e-5
mu is
0.00015463917525773195
number of trials is
38800
number of Z or Y failures is
6
number of X failures is
0
average trial time
500.61818438905937
stderr is
6.312711097120478e-5
target is
1.5463917525773194e-5
mu is
0.00015384615384615385
number of trials is
39000
number of Z or Y failures is
6
number of X failures is
0
average trial time
503.1787301434941
stderr is
6.280340295257628e-5
target is
1.5384615384615387e-5
mu is
0.0001530612244897959
number of trials is
39200
number of Z or Y failures is
6
number of X failures is
0
average trial time
505.67454309797444
stderr is
6.248299786627182e-5
target is
1.530612244897959e-5
mu is
0.00015228426395939087
number of trials is
39400
number of Z or Y failures is
6
number of X failures is
0
average trial time
508.19047081271935
stderr is
6.21658454170225e-5
target is
1.5228426395939088e-5
mu is
0.00015151515151515152
number of trials is
39600
number of Z or Y failures is
6
number of X failures is
0
average trial time
510.7204681964343
stderr is
6.185189632556126e-5
target is
1.5151515151515153e-5
mu is
0.00015075376884422112
number of trials is
39800
number of Z or Y failures is
6
number of X failures is
0
average trial time
513.2530214705097
stderr is
6.15411023030968e-5
target is
1.5075376884422112e-5
mu is
0.00015
number of trials is
40000
number of Z or Y failures is
6
number of X failures is
0
average trial time
515.7914238587849
stderr is
6.123341602655332e-5
target is
1.4999999999999999e-5
mu is
0.00017412935323383086
number of trials is
40200
number of Z or Y failures is
7
number of X failures is
0
average trial time
518.2899676223641
stderr is
6.58097973795273e-5
target is
1.7412935323383088e-5
mu is
0.00017326732673267326
number of trials is
40400
number of Z or Y failures is
7
number of X failures is
0
average trial time
520.6677591039793
stderr is
6.548403050060547e-5
target is
1.7326732673267325e-5
mu is
0.00017241379310344826
number of trials is
40600
number of Z or Y failures is
7
number of X failures is
0
average trial time
523.0153032013042
stderr is
6.516147291034792e-5
target is
1.7241379310344828e-5
mu is
0.0001715686274509804
number of trials is
40800
number of Z or Y failures is
7
number of X failures is
0
average trial time
525.3755286804545
stderr is
6.484207741680498e-5
target is
1.715686274509804e-5
mu is
0.00017073170731707316
number of trials is
41000
number of Z or Y failures is
7
number of X failures is
0
average trial time
527.7486473916092
stderr is
6.452579774877808e-5
target is
1.7073170731707317e-5
mu is
0.00016990291262135922
number of trials is
41200
number of Z or Y failures is
7
number of X failures is
0
average trial time
530.1036729384548
stderr is
6.421258853347318e-5
target is
1.6990291262135922e-5
mu is
0.00016908212560386474
number of trials is
41400
number of Z or Y failures is
7
number of X failures is
0
average trial time
532.5011845344301
stderr is
6.390240527480146e-5
target is
1.6908212560386476e-5
mu is
0.00016826923076923076
number of trials is
41600
number of Z or Y failures is
7
number of X failures is
0
average trial time
534.8442486385201
stderr is
6.359520433230652e-5
target is
1.6826923076923076e-5
mu is
0.00016746411483253588
number of trials is
41800
number of Z or Y failures is
7
number of X failures is
0
average trial time
537.2002322349349
stderr is
6.329094290069592e-5
target is
1.6746411483253587e-5
mu is
0.00019047619047619048
number of trials is
42000
number of Z or Y failures is
8
number of X failures is
0
average trial time
539.5537458598102
stderr is
6.733789064408306e-5
target is
1.904761904761905e-5
mu is
0.0001895734597156398
number of trials is
42200
number of Z or Y failures is
8
number of X failures is
0
average trial time
541.8790360861007
stderr is
6.701878019596612e-5
target is
1.895734597156398e-5
mu is
0.00018867924528301886
number of trials is
42400
number of Z or Y failures is
8
number of X failures is
0
average trial time
544.2060596466404
stderr is
6.670267997517857e-5
target is
1.8867924528301888e-5
mu is
0.00018779342723004695
number of trials is
42600
number of Z or Y failures is
8
number of X failures is
0
average trial time
546.5908836691704
stderr is
6.63895475876376e-5
target is
1.8779342723004698e-5
mu is
0.00018691588785046728
number of trials is
42800
number of Z or Y failures is
8
number of X failures is
0
average trial time
548.950915303526
stderr is
6.607934143160824e-5
target is
1.869158878504673e-5
mu is
0.00018604651162790697
number of trials is
43000
number of Z or Y failures is
8
number of X failures is
0
average trial time
551.2943413911407
stderr is
6.577202067927823e-5
target is
1.8604651162790697e-5
mu is
0.00018518518518518518
number of trials is
43200
number of Z or Y failures is
8
number of X failures is
0
average trial time
553.6590060061258
stderr is
6.546754525884466e-5
target is
1.8518518518518518e-5
mu is
0.00018433179723502304
number of trials is
43400
number of Z or Y failures is
8
number of X failures is
0
average trial time
556.0223015940559
stderr is
6.516587583709574e-5
target is
1.8433179723502307e-5
mu is
0.00020642201834862386
number of trials is
43600
number of Z or Y failures is
9
number of X failures is
0
average trial time
558.4079484830356
stderr is
6.880102641519541e-5
target is
2.0642201834862388e-5
mu is
0.00020547945205479453
number of trials is
43800
number of Z or Y failures is
9
number of X failures is
0
average trial time
560.7749600888654
stderr is
6.848689517420449e-5
target is
2.0547945205479456e-5
mu is
0.00020454545454545454
number of trials is
44000
number of Z or Y failures is
9
number of X failures is
0
average trial time
563.1507382749751
stderr is
6.817561941205454e-5
target is
2.0454545454545454e-5
mu is
0.00020361990950226245
number of trials is
44200
number of Z or Y failures is
9
number of X failures is
0
average trial time
565.5308253624148
stderr is
6.786716037009915e-5
target is
2.0361990950226245e-5
mu is
0.0002027027027027027
number of trials is
44400
number of Z or Y failures is
9
number of X failures is
0
average trial time
567.885626020475
stderr is
6.756147998798294e-5
target is
2.027027027027027e-5
mu is
0.00020179372197309418
number of trials is
44600
number of Z or Y failures is
9
number of X failures is
0
average trial time
570.2426421282701
stderr is
6.725854088798623e-5
target is
2.017937219730942e-5
mu is
0.00020089285714285714
number of trials is
44800
number of Z or Y failures is
9
number of X failures is
0
average trial time
572.60494251723
stderr is
6.695830635978897e-5
target is
2.0089285714285717e-5
mu is
0.0002
number of trials is
45000
number of Z or Y failures is
9
number of X failures is
0
average trial time
574.96314891218
stderr is
6.666074034564097e-5
target is
2.0e-5
mu is
0.00019911504424778762
number of trials is
45200
number of Z or Y failures is
9
number of X failures is
0
average trial time
577.2839026188199
stderr is
6.636580742592581e-5
target is
1.9911504424778764e-5
mu is
0.00019823788546255506
number of trials is
45400
number of Z or Y failures is
9
number of X failures is
0
average trial time
579.6468488966451
stderr is
6.607347280510623e-5
target is
1.9823788546255507e-5
mu is
0.00019736842105263157
number of trials is
45600
number of Z or Y failures is
9
number of X failures is
0
average trial time
582.0014113646953
stderr is
6.578370229803944e-5
target is
1.9736842105263158e-5
mu is
0.0001965065502183406
number of trials is
45800
number of Z or Y failures is
9
number of X failures is
0
average trial time
584.3766861935604
stderr is
6.549646231665082e-5
target is
1.965065502183406e-5
mu is
0.0001956521739130435
number of trials is
46000
number of Z or Y failures is
9
number of X failures is
0
average trial time
586.7927911535209
stderr is
6.521171985695539e-5
target is
1.956521739130435e-5
9
0
46000
0.0001956521739130435
