mu is
0.0
number of trials is
200
number of Z or Y failures is
0
number of X failures is
0
average trial time
4.027607079860002
mu is
0.0025
number of trials is
400
number of Z or Y failures is
1
number of X failures is
0
average trial time
7.935757840530008
mu is
0.005
number of trials is
600
number of Z or Y failures is
3
number of X failures is
0
average trial time
12.006165847245024
mu is
0.005
number of trials is
800
number of Z or Y failures is
4
number of X failures is
0
average trial time
16.270810695285018
mu is
0.005
number of trials is
1000
number of Z or Y failures is
5
number of X failures is
0
average trial time
20.491781437005024
stderr is
0.002231586874844889
target is
0.0005
mu is
0.005
number of trials is
1200
number of Z or Y failures is
6
number of X failures is
0
average trial time
24.689646043550052
stderr is
0.0020369808727370466
target is
0.0005
mu is
0.004285714285714286
number of trials is
1400
number of Z or Y failures is
6
number of X failures is
0
average trial time
28.954670224155073
stderr is
0.00174650614953436
target is
0.0004285714285714286
mu is
0.004375
number of trials is
1600
number of Z or Y failures is
7
number of X failures is
0
average trial time
33.2241064580951
stderr is
0.0016504892247605426
target is
0.00043750000000000006
mu is
0.0038888888888888888
number of trials is
1800
number of Z or Y failures is
7
number of X failures is
0
average trial time
37.33028408171514
stderr is
0.001467408660847924
target is
0.0003888888888888889
mu is
0.004
number of trials is
2000
number of Z or Y failures is
8
number of X failures is
0
average trial time
41.35644272168015
stderr is
0.0014117352790977227
target is
0.0004
mu is
0.004090909090909091
number of trials is
2200
number of Z or Y failures is
9
number of X failures is
0
average trial time
45.49990662407014
stderr is
0.0013611536372008242
target is
0.00040909090909090913
mu is
0.004166666666666667
number of trials is
2400
number of Z or Y failures is
10
number of X failures is
0
average trial time
49.6479120112002
stderr is
0.0013151418100874452
target is
0.0004166666666666667
mu is
0.004230769230769231
number of trials is
2600
number of Z or Y failures is
11
number of X failures is
0
average trial time
53.76280802555016
stderr is
0.0012731684855082702
target is
0.0004230769230769231
mu is
0.005
number of trials is
2800
number of Z or Y failures is
14
number of X failures is
0
average trial time
57.91805454977015
stderr is
0.0013331993501813763
target is
0.0005
mu is
0.005666666666666667
number of trials is
3000
number of Z or Y failures is
17
number of X failures is
0
average trial time
61.984512553875135
stderr is
0.0013706974340351003
target is
0.0005666666666666667
mu is
0.005625
number of trials is
3200
number of Z or Y failures is
18
number of X failures is
0
average trial time
66.05736439295518
stderr is
0.0013222976979251327
target is
0.0005625
mu is
0.005588235294117647
number of trials is
3400
number of Z or Y failures is
19
number of X failures is
0
average trial time
70.05745654859017
stderr is
0.001278629990063666
target is
0.0005588235294117647
mu is
0.005277777777777778
number of trials is
3600
number of Z or Y failures is
19
number of X failures is
0
average trial time
73.95651570115017
stderr is
0.001207773612502363
target is
0.0005277777777777778
mu is
0.005789473684210527
number of trials is
3800
number of Z or Y failures is
22
number of X failures is
0
average trial time
77.82959259271517
stderr is
0.0012309036905509892
target is
0.0005789473684210527
mu is
0.00625
number of trials is
4000
number of Z or Y failures is
25
number of X failures is
0
average trial time
81.91524339242517
stderr is
0.0012462434175007369
target is
0.0006250000000000001
mu is
0.0064285714285714285
number of trials is
4200
number of Z or Y failures is
27
number of X failures is
0
average trial time
85.82397526869016
stderr is
0.0012333429246147857
target is
0.0006428571428571429
mu is
0.006590909090909091
number of trials is
4400
number of Z or Y failures is
29
number of X failures is
0
average trial time
89.7185851168001
stderr is
0.0012199997585390313
target is
0.0006590909090909091
mu is
0.006739130434782609
number of trials is
4600
number of Z or Y failures is
31
number of X failures is
0
average trial time
93.67519547929011
stderr is
0.001206429336973792
target is
0.0006739130434782609
mu is
0.006458333333333333
number of trials is
4800
number of Z or Y failures is
31
number of X failures is
0
average trial time
97.59985226865506
stderr is
0.0011563196230353282
target is
0.0006458333333333333
mu is
0.0064
number of trials is
5000
number of Z or Y failures is
32
number of X failures is
0
average trial time
101.47429663704999
stderr is
0.0011278574433333747
target is
0.00064
mu is
0.006153846153846154
number of trials is
5200
number of Z or Y failures is
32
number of X failures is
0
average trial time
105.43925629884998
stderr is
0.0010846084641722722
target is
0.0006153846153846154
mu is
0.006111111111111111
number of trials is
5400
number of Z or Y failures is
33
number of X failures is
0
average trial time
109.43051667979498
stderr is
0.0010606506050013598
target is
0.0006111111111111112
mu is
0.0064285714285714285
number of trials is
5600
number of Z or Y failures is
36
number of X failures is
0
average trial time
113.588798524595
stderr is
0.001068074509265265
target is
0.0006428571428571429
mu is
0.006206896551724138
number of trials is
5800
number of Z or Y failures is
36
number of X failures is
0
average trial time
117.46716616343987
stderr is
0.0010313562114630036
target is
0.0006206896551724138
mu is
0.006
number of trials is
6000
number of Z or Y failures is
36
number of X failures is
0
average trial time
121.28862280897492
stderr is
0.0009970785797931779
target is
0.0006000000000000001
36
0
6000
0.006
