mu is
0.0
number of trials is
200
number of Z or Y failures is
0
number of X failures is
0
average trial time
3.8704336896850022
mu is
0.005
number of trials is
400
number of Z or Y failures is
2
number of X failures is
0
average trial time
7.679664295925005
mu is
0.006666666666666667
number of trials is
600
number of Z or Y failures is
4
number of X failures is
0
average trial time
11.802232310195013
mu is
0.005
number of trials is
800
number of Z or Y failures is
4
number of X failures is
0
average trial time
15.94212801840501
mu is
0.007
number of trials is
1000
number of Z or Y failures is
7
number of X failures is
0
average trial time
20.17715229139501
stderr is
0.002637794146243781
target is
0.0007000000000000001
mu is
0.0075
number of trials is
1200
number of Z or Y failures is
9
number of X failures is
0
average trial time
24.390731530380034
stderr is
0.0024916457577576698
target is
0.00075
mu is
0.007142857142857143
number of trials is
1400
number of Z or Y failures is
10
number of X failures is
0
average trial time
28.567307867420023
stderr is
0.0022514925134281007
target is
0.0007142857142857143
mu is
0.006875
number of trials is
1600
number of Z or Y failures is
11
number of X failures is
0
average trial time
32.81490095141501
stderr is
0.002066398494019257
target is
0.0006875000000000001
mu is
0.006666666666666667
number of trials is
1800
number of Z or Y failures is
12
number of X failures is
0
average trial time
36.927016651989995
stderr is
0.0019186081876077336
target is
0.0006666666666666668
mu is
0.007
number of trials is
2000
number of Z or Y failures is
14
number of X failures is
0
average trial time
41.00079918406001
stderr is
0.0018647355360237158
target is
0.0007000000000000001
mu is
0.006818181818181818
number of trials is
2200
number of Z or Y failures is
15
number of X failures is
0
average trial time
45.108611863315026
stderr is
0.001754834058128315
target is
0.0006818181818181819
mu is
0.006666666666666667
number of trials is
2400
number of Z or Y failures is
16
number of X failures is
0
average trial time
49.28439870768002
stderr is
0.0016614479919200096
target is
0.0006666666666666668
mu is
0.006153846153846154
number of trials is
2600
number of Z or Y failures is
16
number of X failures is
0
average trial time
53.38507998256
stderr is
0.0015340155368569653
target is
0.0006153846153846154
mu is
0.006071428571428571
number of trials is
2800
number of Z or Y failures is
17
number of X failures is
0
average trial time
57.321908520340024
stderr is
0.0014683229377641517
target is
0.0006071428571428572
mu is
0.006333333333333333
number of trials is
3000
number of Z or Y failures is
19
number of X failures is
0
average trial time
61.20453062461999
stderr is
0.0014485993997010854
target is
0.0006333333333333334
mu is
0.0059375
number of trials is
3200
number of Z or Y failures is
19
number of X failures is
0
average trial time
65.17260459170501
stderr is
0.0013583182527285458
target is
0.0005937500000000001
mu is
0.0058823529411764705
number of trials is
3400
number of Z or Y failures is
20
number of X failures is
0
average trial time
69.040521530985
stderr is
0.0013116526730209879
target is
0.0005882352941176471
mu is
0.005833333333333334
number of trials is
3600
number of Z or Y failures is
21
number of X failures is
0
average trial time
72.99061689163499
stderr is
0.0012693958450738863
target is
0.0005833333333333334
mu is
0.005526315789473684
number of trials is
3800
number of Z or Y failures is
21
number of X failures is
0
average trial time
77.04603663904
stderr is
0.0012027624191950055
target is
0.0005526315789473684
mu is
0.00525
number of trials is
4000
number of Z or Y failures is
21
number of X failures is
0
average trial time
80.97962180027996
stderr is
0.0011427755068099514
target is
0.0005250000000000001
mu is
0.0054761904761904765
number of trials is
4200
number of Z or Y failures is
23
number of X failures is
0
average trial time
84.83371565018497
stderr is
0.0011388694098797864
target is
0.0005476190476190477
mu is
0.005227272727272727
number of trials is
4400
number of Z or Y failures is
23
number of X failures is
0
average trial time
88.70933505019494
stderr is
0.001087232769905008
target is
0.0005227272727272727
mu is
0.005
number of trials is
4600
number of Z or Y failures is
23
number of X failures is
0
average trial time
92.68189261490484
stderr is
0.0010400754317234457
target is
0.0005
mu is
0.004791666666666666
number of trials is
4800
number of Z or Y failures is
23
number of X failures is
0
average trial time
96.59819518208478
stderr is
0.0009968387830183423
target is
0.00047916666666666664
mu is
0.0048
number of trials is
5000
number of Z or Y failures is
24
number of X failures is
0
average trial time
100.45989097759478
stderr is
0.0009775393171751838
target is
0.00047999999999999996
mu is
0.004807692307692308
number of trials is
5200
number of Z or Y failures is
25
number of X failures is
0
average trial time
104.37038797558984
stderr is
0.0009593165326034299
target is
0.0004807692307692308
mu is
0.004814814814814815
number of trials is
5400
number of Z or Y failures is
26
number of X failures is
0
average trial time
108.23225084986983
stderr is
0.0009420741376812735
target is
0.00048148148148148155
mu is
0.004821428571428571
number of trials is
5600
number of Z or Y failures is
27
number of X failures is
0
average trial time
112.21069413786499
stderr is
0.0009257274523000745
target is
0.00048214285714285715
mu is
0.004655172413793103
number of trials is
5800
number of Z or Y failures is
27
number of X failures is
0
average trial time
116.07423652070992
stderr is
0.0008938777206518026
target is
0.00046551724137931035
mu is
0.004666666666666667
number of trials is
6000
number of Z or Y failures is
28
number of X failures is
0
average trial time
120.03394652280998
stderr is
0.0008799302212943968
target is
0.0004666666666666667
28
0
6000
0.004666666666666667
