mu is
0.0
number of trials is
200
number of Z or Y failures is
0
number of X failures is
0
average trial time
1.4048734713399993
mu is
0.0
number of trials is
400
number of Z or Y failures is
0
number of X failures is
0
average trial time
2.639789723489999
mu is
0.0
number of trials is
600
number of Z or Y failures is
0
number of X failures is
0
average trial time
3.8938812657649997
mu is
0.0
number of trials is
800
number of Z or Y failures is
0
number of X failures is
0
average trial time
5.131526077385002
mu is
0.0
number of trials is
1000
number of Z or Y failures is
0
number of X failures is
0
average trial time
6.366963794300008
mu is
0.0
number of trials is
1200
number of Z or Y failures is
0
number of X failures is
0
average trial time
7.5972993542200005
mu is
0.0
number of trials is
1400
number of Z or Y failures is
0
number of X failures is
0
average trial time
8.821797591865003
mu is
0.0
number of trials is
1600
number of Z or Y failures is
0
number of X failures is
0
average trial time
10.060947915440003
mu is
0.0
number of trials is
1800
number of Z or Y failures is
0
number of X failures is
0
average trial time
11.286676799020004
mu is
0.0
number of trials is
2000
number of Z or Y failures is
0
number of X failures is
0
average trial time
12.50815725784502
mu is
0.0
number of trials is
2200
number of Z or Y failures is
0
number of X failures is
0
average trial time
13.72830159019003
mu is
0.0
number of trials is
2400
number of Z or Y failures is
0
number of X failures is
0
average trial time
14.945810985980025
mu is
0.0
number of trials is
2600
number of Z or Y failures is
0
number of X failures is
0
average trial time
16.186605927125008
mu is
0.0
number of trials is
2800
number of Z or Y failures is
0
number of X failures is
0
average trial time
17.420435262315014
mu is
0.0
number of trials is
3000
number of Z or Y failures is
0
number of X failures is
0
average trial time
18.64230182387502
mu is
0.0
number of trials is
3200
number of Z or Y failures is
0
number of X failures is
0
average trial time
19.89636561861501
mu is
0.0
number of trials is
3400
number of Z or Y failures is
0
number of X failures is
0
average trial time
21.142675045560036
mu is
0.0
number of trials is
3600
number of Z or Y failures is
0
number of X failures is
0
average trial time
22.40412076164504
mu is
0.0
number of trials is
3800
number of Z or Y failures is
0
number of X failures is
0
average trial time
23.665768328555053
mu is
0.0
number of trials is
4000
number of Z or Y failures is
0
number of X failures is
0
average trial time
24.95790768999007
mu is
0.0
number of trials is
4200
number of Z or Y failures is
0
number of X failures is
0
average trial time
26.24058551020007
mu is
0.0
number of trials is
4400
number of Z or Y failures is
0
number of X failures is
0
average trial time
27.554880791960063
mu is
0.0
number of trials is
4600
number of Z or Y failures is
0
number of X failures is
0
average trial time
28.83928661261004
mu is
0.0
number of trials is
4800
number of Z or Y failures is
0
number of X failures is
0
average trial time
30.170499874180027
mu is
0.0
number of trials is
5000
number of Z or Y failures is
0
number of X failures is
0
average trial time
31.515491152540015
mu is
0.0
number of trials is
5200
number of Z or Y failures is
0
number of X failures is
0
average trial time
32.83808159615503
mu is
0.0
number of trials is
5400
number of Z or Y failures is
0
number of X failures is
0
average trial time
34.16918679335002
mu is
0.0
number of trials is
5600
number of Z or Y failures is
0
number of X failures is
0
average trial time
35.53449344639
mu is
0.0
number of trials is
5800
number of Z or Y failures is
0
number of X failures is
0
average trial time
36.87798631150002
mu is
0.0
number of trials is
6000
number of Z or Y failures is
0
number of X failures is
0
average trial time
38.27112534705501
mu is
0.0
number of trials is
6200
number of Z or Y failures is
0
number of X failures is
0
average trial time
39.655686608799996
mu is
0.0
number of trials is
6400
number of Z or Y failures is
0
number of X failures is
0
average trial time
41.039028528770004
mu is
0.0
number of trials is
6600
number of Z or Y failures is
0
number of X failures is
0
average trial time
42.42841675742494
mu is
0.0
number of trials is
6800
number of Z or Y failures is
0
number of X failures is
0
average trial time
43.82796427814994
mu is
0.0
number of trials is
7000
number of Z or Y failures is
0
number of X failures is
0
average trial time
45.22852575372496
mu is
0.0
number of trials is
7200
number of Z or Y failures is
0
number of X failures is
0
average trial time
46.64683167516496
mu is
0.0
number of trials is
7400
number of Z or Y failures is
0
number of X failures is
0
average trial time
48.05606883896495
mu is
0.0
number of trials is
7600
number of Z or Y failures is
0
number of X failures is
0
average trial time
49.46723296198995
mu is
0.0
number of trials is
7800
number of Z or Y failures is
0
number of X failures is
0
average trial time
50.893071752129956
mu is
0.0
number of trials is
8000
number of Z or Y failures is
0
number of X failures is
0
average trial time
52.33296780745995
mu is
0.0
number of trials is
8200
number of Z or Y failures is
0
number of X failures is
0
average trial time
53.78069836767999
mu is
0.0
number of trials is
8400
number of Z or Y failures is
0
number of X failures is
0
average trial time
55.22173728962997
mu is
0.0
number of trials is
8600
number of Z or Y failures is
0
number of X failures is
0
average trial time
56.6466220501199
mu is
0.0
number of trials is
8800
number of Z or Y failures is
0
number of X failures is
0
average trial time
58.101490420394875
mu is
0.0
number of trials is
9000
number of Z or Y failures is
0
number of X failures is
0
average trial time
59.55064284757984
mu is
0.0
number of trials is
9200
number of Z or Y failures is
0
number of X failures is
0
average trial time
61.012450931179856
mu is
0.0
number of trials is
9400
number of Z or Y failures is
0
number of X failures is
0
average trial time
62.45407000693983
mu is
0.0
number of trials is
9600
number of Z or Y failures is
0
number of X failures is
0
average trial time
63.91312723944979
mu is
0.0
number of trials is
9800
number of Z or Y failures is
0
number of X failures is
0
average trial time
65.3702785842998
mu is
0.0
number of trials is
10000
number of Z or Y failures is
0
number of X failures is
0
average trial time
66.8226026756698
mu is
0.0
number of trials is
10200
number of Z or Y failures is
0
number of X failures is
0
average trial time
68.30338494976476
mu is
0.0
number of trials is
10400
number of Z or Y failures is
0
number of X failures is
0
average trial time
69.7629900638448
mu is
0.0
number of trials is
10600
number of Z or Y failures is
0
number of X failures is
0
average trial time
71.22427528473476
mu is
0.0
number of trials is
10800
number of Z or Y failures is
0
number of X failures is
0
average trial time
72.68660866742977
mu is
0.0
number of trials is
11000
number of Z or Y failures is
0
number of X failures is
0
average trial time
74.1554842002497
mu is
0.0
number of trials is
11200
number of Z or Y failures is
0
number of X failures is
0
average trial time
75.63157480913472
mu is
8.771929824561403e-5
number of trials is
11400
number of Z or Y failures is
1
number of X failures is
0
average trial time
77.0981718752347
mu is
8.620689655172413e-5
number of trials is
11600
number of Z or Y failures is
1
number of X failures is
0
average trial time
78.55471639295472
mu is
8.474576271186441e-5
number of trials is
11800
number of Z or Y failures is
1
number of X failures is
0
average trial time
80.02868583684968
mu is
8.333333333333333e-5
number of trials is
12000
number of Z or Y failures is
1
number of X failures is
0
average trial time
81.48018638649965
mu is
8.19672131147541e-5
number of trials is
12200
number of Z or Y failures is
1
number of X failures is
0
average trial time
82.93296783746472
mu is
8.064516129032258e-5
number of trials is
12400
number of Z or Y failures is
1
number of X failures is
0
average trial time
84.41230995823467
mu is
7.936507936507937e-5
number of trials is
12600
number of Z or Y failures is
1
number of X failures is
0
average trial time
85.87435011125463
mu is
7.8125e-5
number of trials is
12800
number of Z or Y failures is
1
number of X failures is
0
average trial time
87.35810359244466
mu is
7.692307692307693e-5
number of trials is
13000
number of Z or Y failures is
1
number of X failures is
0
average trial time
88.8326715179946
mu is
7.575757575757576e-5
number of trials is
13200
number of Z or Y failures is
1
number of X failures is
0
average trial time
90.29525644821962
mu is
7.462686567164179e-5
number of trials is
13400
number of Z or Y failures is
1
number of X failures is
0
average trial time
91.76354942764964
mu is
7.352941176470588e-5
number of trials is
13600
number of Z or Y failures is
1
number of X failures is
0
average trial time
93.24352339662471
mu is
7.246376811594203e-5
number of trials is
13800
number of Z or Y failures is
1
number of X failures is
0
average trial time
94.72113898641479
mu is
7.142857142857143e-5
number of trials is
14000
number of Z or Y failures is
1
number of X failures is
0
average trial time
96.19300870380492
mu is
7.042253521126761e-5
number of trials is
14200
number of Z or Y failures is
1
number of X failures is
0
average trial time
97.64896805398993
mu is
6.944444444444444e-5
number of trials is
14400
number of Z or Y failures is
1
number of X failures is
0
average trial time
99.11297147941983
mu is
6.84931506849315e-5
number of trials is
14600
number of Z or Y failures is
1
number of X failures is
0
average trial time
100.5855470932948
mu is
6.756756756756757e-5
number of trials is
14800
number of Z or Y failures is
1
number of X failures is
0
average trial time
102.03128274504496
mu is
6.666666666666667e-5
number of trials is
15000
number of Z or Y failures is
1
number of X failures is
0
average trial time
103.49083424595
mu is
6.578947368421052e-5
number of trials is
15200
number of Z or Y failures is
1
number of X failures is
0
average trial time
104.96832915668001
mu is
6.493506493506494e-5
number of trials is
15400
number of Z or Y failures is
1
number of X failures is
0
average trial time
106.41946887881998
mu is
6.41025641025641e-5
number of trials is
15600
number of Z or Y failures is
1
number of X failures is
0
average trial time
107.8786221032749
mu is
6.329113924050633e-5
number of trials is
15800
number of Z or Y failures is
1
number of X failures is
0
average trial time
109.34391840585981
mu is
6.25e-5
number of trials is
16000
number of Z or Y failures is
1
number of X failures is
0
average trial time
110.80583725524478
mu is
6.17283950617284e-5
number of trials is
16200
number of Z or Y failures is
1
number of X failures is
0
average trial time
112.22313400080483
mu is
6.097560975609756e-5
number of trials is
16400
number of Z or Y failures is
1
number of X failures is
0
average trial time
113.70407641920985
mu is
6.0240963855421684e-5
number of trials is
16600
number of Z or Y failures is
1
number of X failures is
0
average trial time
115.1385661428298
mu is
5.9523809523809524e-5
number of trials is
16800
number of Z or Y failures is
1
number of X failures is
0
average trial time
116.59589834890492
mu is
5.882352941176471e-5
number of trials is
17000
number of Z or Y failures is
1
number of X failures is
0
average trial time
118.03061622637487
mu is
5.8139534883720933e-5
number of trials is
17200
number of Z or Y failures is
1
number of X failures is
0
average trial time
119.49018157006992
mu is
5.747126436781609e-5
number of trials is
17400
number of Z or Y failures is
1
number of X failures is
0
average trial time
120.92685538998494
mu is
5.681818181818182e-5
number of trials is
17600
number of Z or Y failures is
1
number of X failures is
0
average trial time
122.38195504558495
mu is
5.617977528089888e-5
number of trials is
17800
number of Z or Y failures is
1
number of X failures is
0
average trial time
123.83227144002495
mu is
5.555555555555556e-5
number of trials is
18000
number of Z or Y failures is
1
number of X failures is
0
average trial time
125.29487550176505
mu is
0.00010989010989010989
number of trials is
18200
number of Z or Y failures is
2
number of X failures is
0
average trial time
126.72813926322006
mu is
0.00010869565217391305
number of trials is
18400
number of Z or Y failures is
2
number of X failures is
0
average trial time
128.1806126771001
mu is
0.00010752688172043011
number of trials is
18600
number of Z or Y failures is
2
number of X failures is
0
average trial time
129.61375640210508
mu is
0.00010638297872340425
number of trials is
18800
number of Z or Y failures is
2
number of X failures is
0
average trial time
131.06708593050513
mu is
0.00010526315789473685
number of trials is
19000
number of Z or Y failures is
2
number of X failures is
0
average trial time
132.49965904609505
mu is
0.00015625
number of trials is
19200
number of Z or Y failures is
3
number of X failures is
0
average trial time
133.9452733122851
mu is
0.00015463917525773195
number of trials is
19400
number of Z or Y failures is
3
number of X failures is
0
average trial time
135.37709171559516
mu is
0.0001530612244897959
number of trials is
19600
number of Z or Y failures is
3
number of X failures is
0
average trial time
136.79476165207518
mu is
0.00015151515151515152
number of trials is
19800
number of Z or Y failures is
3
number of X failures is
0
average trial time
138.24363217956525
mu is
0.00015
number of trials is
20000
number of Z or Y failures is
3
number of X failures is
0
average trial time
139.66676282379532
mu is
0.0001485148514851485
number of trials is
20200
number of Z or Y failures is
3
number of X failures is
0
average trial time
141.13572673315537
mu is
0.00014705882352941175
number of trials is
20400
number of Z or Y failures is
3
number of X failures is
0
average trial time
142.56959635037538
mu is
0.00014563106796116506
number of trials is
20600
number of Z or Y failures is
3
number of X failures is
0
average trial time
144.0279875429803
mu is
0.00014423076923076924
number of trials is
20800
number of Z or Y failures is
3
number of X failures is
0
average trial time
145.46967165559025
mu is
0.00014285714285714287
number of trials is
21000
number of Z or Y failures is
3
number of X failures is
0
average trial time
146.87918633109538
mu is
0.00014150943396226416
number of trials is
21200
number of Z or Y failures is
3
number of X failures is
0
average trial time
148.32090437706043
mu is
0.00014018691588785047
number of trials is
21400
number of Z or Y failures is
3
number of X failures is
0
average trial time
149.73809528074537
mu is
0.0001388888888888889
number of trials is
21600
number of Z or Y failures is
3
number of X failures is
0
average trial time
151.1595897447003
mu is
0.00013761467889908258
number of trials is
21800
number of Z or Y failures is
3
number of X failures is
0
average trial time
152.60632320888524
mu is
0.00013636363636363637
number of trials is
22000
number of Z or Y failures is
3
number of X failures is
0
average trial time
154.02941067719536
mu is
0.00013513513513513514
number of trials is
22200
number of Z or Y failures is
3
number of X failures is
0
average trial time
155.45096292498047
mu is
0.00013392857142857144
number of trials is
22400
number of Z or Y failures is
3
number of X failures is
0
average trial time
156.87316813531552
mu is
0.00017699115044247788
number of trials is
22600
number of Z or Y failures is
4
number of X failures is
0
average trial time
158.3013419507105
mu is
0.00017543859649122806
number of trials is
22800
number of Z or Y failures is
4
number of X failures is
0
average trial time
159.72923195304548
mu is
0.00017391304347826088
number of trials is
23000
number of Z or Y failures is
4
number of X failures is
0
average trial time
161.16927352256064
mu is
0.00017241379310344826
number of trials is
23200
number of Z or Y failures is
4
number of X failures is
0
average trial time
162.6084247908307
mu is
0.00017094017094017094
number of trials is
23400
number of Z or Y failures is
4
number of X failures is
0
average trial time
164.01431620447573
mu is
0.00016949152542372882
number of trials is
23600
number of Z or Y failures is
4
number of X failures is
0
average trial time
165.46433821866586
mu is
0.0001680672268907563
number of trials is
23800
number of Z or Y failures is
4
number of X failures is
0
average trial time
166.8956272544259
mu is
0.00016666666666666666
number of trials is
24000
number of Z or Y failures is
4
number of X failures is
0
average trial time
168.2977911280107
mu is
0.00020661157024793388
number of trials is
24200
number of Z or Y failures is
5
number of X failures is
0
average trial time
169.6866557783156
stderr is
9.239186624872568e-5
target is
2.066115702479339e-5
mu is
0.00020491803278688525
number of trials is
24400
number of Z or Y failures is
5
number of X failures is
0
average trial time
171.12212971202024
stderr is
9.163461795961063e-5
target is
2.0491803278688525e-5
mu is
0.0002032520325203252
number of trials is
24600
number of Z or Y failures is
5
number of X failures is
0
average trial time
172.52148615682546
stderr is
9.088968164933998e-5
target is
2.032520325203252e-5
mu is
0.00020161290322580645
number of trials is
24800
number of Z or Y failures is
5
number of X failures is
0
average trial time
173.91420545502535
stderr is
9.01567594714934e-5
target is
2.0161290322580645e-5
mu is
0.0002
number of trials is
25000
number of Z or Y failures is
5
number of X failures is
0
average trial time
175.31373981357058
stderr is
8.943556310997293e-5
target is
2.0e-5
mu is
0.0001984126984126984
number of trials is
25200
number of Z or Y failures is
5
number of X failures is
0
average trial time
176.73940022117057
stderr is
8.872581340084572e-5
target is
1.984126984126984e-5
mu is
0.0001968503937007874
number of trials is
25400
number of Z or Y failures is
5
number of X failures is
0
average trial time
178.17020703846552
stderr is
8.80272399720508e-5
target is
1.9685039370078743e-5
mu is
0.0001953125
number of trials is
25600
number of Z or Y failures is
5
number of X failures is
0
average trial time
179.55675078044547
stderr is
8.73395808999937e-5
target is
1.9531250000000004e-5
mu is
0.0001937984496124031
number of trials is
25800
number of Z or Y failures is
5
number of X failures is
0
average trial time
180.94661055370563
stderr is
8.66625823821116e-5
target is
1.937984496124031e-5
mu is
0.0001923076923076923
number of trials is
26000
number of Z or Y failures is
5
number of X failures is
0
average trial time
182.33470556895583
stderr is
8.599599842455029e-5
target is
1.923076923076923e-5
mu is
0.00019083969465648855
number of trials is
26200
number of Z or Y failures is
5
number of X failures is
0
average trial time
183.74285183302604
stderr is
8.53395905441444e-5
target is
1.9083969465648855e-5
mu is
0.0001893939393939394
number of trials is
26400
number of Z or Y failures is
5
number of X failures is
0
average trial time
185.16356988591596
stderr is
8.469312748394337e-5
target is
1.893939393939394e-5
mu is
0.00018796992481203009
number of trials is
26600
number of Z or Y failures is
5
number of X failures is
0
average trial time
186.563192821726
stderr is
8.405638494156958e-5
target is
1.879699248120301e-5
mu is
0.00018656716417910448
number of trials is
26800
number of Z or Y failures is
5
number of X failures is
0
average trial time
187.95202154351594
stderr is
8.342914530973873e-5
target is
1.8656716417910448e-5
mu is
0.00018518518518518518
number of trials is
27000
number of Z or Y failures is
5
number of X failures is
0
average trial time
189.32859518593094
stderr is
8.281119742831181e-5
target is
1.8518518518518518e-5
mu is
0.0001838235294117647
number of trials is
27200
number of Z or Y failures is
5
number of X failures is
0
average trial time
190.71347674129618
stderr is
8.220233634728525e-5
target is
1.8382352941176472e-5
mu is
0.0001824817518248175
number of trials is
27400
number of Z or Y failures is
5
number of X failures is
0
average trial time
192.11998975724129
stderr is
8.160236310016006e-5
target is
1.824817518248175e-5
mu is
0.00018115942028985507
number of trials is
27600
number of Z or Y failures is
5
number of X failures is
0
average trial time
193.5464955701564
stderr is
8.101108448716397e-5
target is
1.8115942028985507e-5
mu is
0.00017985611510791367
number of trials is
27800
number of Z or Y failures is
5
number of X failures is
0
average trial time
194.96934626179646
stderr is
8.04283128678301e-5
target is
1.7985611510791367e-5
mu is
0.00017857142857142857
number of trials is
28000
number of Z or Y failures is
5
number of X failures is
0
average trial time
196.35734877643645
stderr is
7.985386596246467e-5
target is
1.785714285714286e-5
mu is
0.0001773049645390071
number of trials is
28200
number of Z or Y failures is
5
number of X failures is
0
average trial time
197.7469816059664
stderr is
7.928756666206199e-5
target is
1.7730496453900712e-5
mu is
0.00017605633802816902
number of trials is
28400
number of Z or Y failures is
5
number of X failures is
0
average trial time
199.13219973666645
stderr is
7.872924284625093e-5
target is
1.7605633802816902e-5
mu is
0.00017482517482517483
number of trials is
28600
number of Z or Y failures is
5
number of X failures is
0
average trial time
200.51698372363677
stderr is
7.817872720887925e-5
target is
1.7482517482517483e-5
mu is
0.00017361111111111112
number of trials is
28800
number of Z or Y failures is
5
number of X failures is
0
average trial time
201.899463508327
stderr is
7.76358570908649e-5
target is
1.736111111111111e-5
mu is
0.00017241379310344826
number of trials is
29000
number of Z or Y failures is
5
number of X failures is
0
average trial time
203.271000644647
stderr is
7.710047431996331e-5
target is
1.7241379310344828e-5
mu is
0.00017123287671232877
number of trials is
29200
number of Z or Y failures is
5
number of X failures is
0
average trial time
204.63596726358708
stderr is
7.657242505711902e-5
target is
1.712328767123288e-5
mu is
0.00017006802721088434
number of trials is
29400
number of Z or Y failures is
5
number of X failures is
0
average trial time
206.05640514635218
stderr is
7.605155964908836e-5
target is
1.7006802721088435e-5
mu is
0.00016891891891891893
number of trials is
29600
number of Z or Y failures is
5
number of X failures is
0
average trial time
207.4602355546824
stderr is
7.55377324870365e-5
target is
1.6891891891891892e-5
mu is
0.00016778523489932885
number of trials is
29800
number of Z or Y failures is
5
number of X failures is
0
average trial time
208.85547227170252
stderr is
7.503080187082811e-5
target is
1.6778523489932884e-5
mu is
0.00016666666666666666
number of trials is
30000
number of Z or Y failures is
5
number of X failures is
0
average trial time
210.25236503919226
stderr is
7.453062987874605e-5
target is
1.6666666666666667e-5
mu is
0.00016556291390728477
number of trials is
30200
number of Z or Y failures is
5
number of X failures is
0
average trial time
211.6303332007223
stderr is
7.403708224238651e-5
target is
1.6556291390728477e-5
mu is
0.0001644736842105263
number of trials is
30400
number of Z or Y failures is
5
number of X failures is
0
average trial time
213.01113999751712
stderr is
7.355002822649209e-5
target is
1.644736842105263e-5
mu is
0.0001633986928104575
number of trials is
30600
number of Z or Y failures is
5
number of X failures is
0
average trial time
214.39686054318216
stderr is
7.306934051349717e-5
target is
1.633986928104575e-5
mu is
0.00016233766233766234
number of trials is
30800
number of Z or Y failures is
5
number of X failures is
0
average trial time
215.7750510281373
stderr is
7.259489509257096e-5
target is
1.6233766233766234e-5
mu is
0.00016129032258064516
number of trials is
31000
number of Z or Y failures is
5
number of X failures is
0
average trial time
217.1446421675424
stderr is
7.212657115295557e-5
target is
1.6129032258064517e-5
mu is
0.00016025641025641026
number of trials is
31200
number of Z or Y failures is
5
number of X failures is
0
average trial time
218.52811359857725
stderr is
7.166425098140624e-5
target is
1.6025641025641026e-5
mu is
0.0001592356687898089
number of trials is
31400
number of Z or Y failures is
5
number of X failures is
0
average trial time
219.89914455319212
stderr is
7.120781986355054e-5
target is
1.592356687898089e-5
mu is
0.00015822784810126583
number of trials is
31600
number of Z or Y failures is
5
number of X failures is
0
average trial time
221.27315208362222
stderr is
7.075716598899352e-5
target is
1.5822784810126583e-5
mu is
0.00015723270440251572
number of trials is
31800
number of Z or Y failures is
5
number of X failures is
0
average trial time
222.65066730924212
stderr is
7.031218036000334e-5
target is
1.572327044025157e-5
mu is
0.00015625
number of trials is
32000
number of Z or Y failures is
5
number of X failures is
0
average trial time
224.02481769323694
stderr is
6.987275670362103e-5
target is
1.5625e-5
mu is
0.00015527950310559007
number of trials is
32200
number of Z or Y failures is
5
number of X failures is
0
average trial time
225.39556512792169
stderr is
6.943879138704549e-5
target is
1.5527950310559007e-5
mu is
0.00015432098765432098
number of trials is
32400
number of Z or Y failures is
5
number of X failures is
0
average trial time
226.76595992598664
stderr is
6.901018333615219e-5
target is
1.54320987654321e-5
mu is
0.00015337423312883436
number of trials is
32600
number of Z or Y failures is
5
number of X failures is
0
average trial time
228.15055194485663
stderr is
6.858683395701093e-5
target is
1.5337423312883436e-5
mu is
0.0001524390243902439
number of trials is
32800
number of Z or Y failures is
5
number of X failures is
0
average trial time
229.53210066499167
stderr is
6.816864706027484e-5
target is
1.524390243902439e-5
mu is
0.00015151515151515152
number of trials is
33000
number of Z or Y failures is
5
number of X failures is
0
average trial time
230.96938172723694
stderr is
6.775552878831862e-5
target is
1.5151515151515153e-5
mu is
0.00015060240963855423
number of trials is
33200
number of Z or Y failures is
5
number of X failures is
0
average trial time
232.36679752430712
stderr is
6.734738754501011e-5
target is
1.5060240963855424e-5
mu is
0.0001497005988023952
number of trials is
33400
number of Z or Y failures is
5
number of X failures is
0
average trial time
233.7526512487869
stderr is
6.69441339280051e-5
target is
1.497005988023952e-5
mu is
0.00014880952380952382
number of trials is
33600
number of Z or Y failures is
5
number of X failures is
0
average trial time
235.151155247062
stderr is
6.65456806634598e-5
target is
1.4880952380952383e-5
mu is
0.00014792899408284024
number of trials is
33800
number of Z or Y failures is
5
number of X failures is
0
average trial time
236.52849551052722
stderr is
6.615194254306124e-5
target is
1.4792899408284025e-5
mu is
0.00014705882352941175
number of trials is
34000
number of Z or Y failures is
5
number of X failures is
0
average trial time
237.91649642018234
stderr is
6.576283636328001e-5
target is
1.4705882352941175e-5
mu is
0.00014619883040935673
number of trials is
34200
number of Z or Y failures is
5
number of X failures is
0
average trial time
239.29963254525762
stderr is
6.53782808667541e-5
target is
1.4619883040935673e-5
mu is
0.00014534883720930232
number of trials is
34400
number of Z or Y failures is
5
number of X failures is
0
average trial time
240.68740182060762
stderr is
6.499819668571776e-5
target is
1.4534883720930233e-5
mu is
0.00014450867052023122
number of trials is
34600
number of Z or Y failures is
5
number of X failures is
0
average trial time
242.07738332463248
stderr is
6.462250628739189e-5
target is
1.4450867052023123e-5
mu is
0.00014367816091954023
number of trials is
34800
number of Z or Y failures is
5
number of X failures is
0
average trial time
243.45100537691735
stderr is
6.425113392125769e-5
target is
1.4367816091954024e-5
mu is
0.00014285714285714287
number of trials is
35000
number of Z or Y failures is
5
number of X failures is
0
average trial time
244.82469507392233
stderr is
6.388400556813776e-5
target is
1.4285714285714287e-5
mu is
0.00014204545454545454
number of trials is
35200
number of Z or Y failures is
5
number of X failures is
0
average trial time
246.2064991388124
stderr is
6.352104889101312e-5
target is
1.4204545454545455e-5
mu is
0.00016949152542372882
number of trials is
35400
number of Z or Y failures is
6
number of X failures is
0
average trial time
247.6077095780721
stderr is
6.918973856563837e-5
target is
1.6949152542372885e-5
mu is
0.00016853932584269662
number of trials is
35600
number of Z or Y failures is
6
number of X failures is
0
average trial time
248.9844546950822
stderr is
6.880105947138857e-5
target is
1.685393258426966e-5
mu is
0.0001675977653631285
number of trials is
35800
number of Z or Y failures is
6
number of X failures is
0
average trial time
250.3619577062771
stderr is
6.841672285694752e-5
target is
1.675977653631285e-5
mu is
0.00016666666666666666
number of trials is
36000
number of Z or Y failures is
6
number of X failures is
0
average trial time
251.74181177755716
stderr is
6.803665635268008e-5
target is
1.6666666666666667e-5
mu is
0.00016574585635359117
number of trials is
36200
number of Z or Y failures is
6
number of X failures is
0
average trial time
253.11167374107174
stderr is
6.766078918816955e-5
target is
1.6574585635359117e-5
mu is
0.00016483516483516484
number of trials is
36400
number of Z or Y failures is
6
number of X failures is
0
average trial time
254.48849625397688
stderr is
6.728905214828614e-5
target is
1.6483516483516486e-5
mu is
0.0001639344262295082
number of trials is
36600
number of Z or Y failures is
6
number of X failures is
0
average trial time
255.85000225119686
stderr is
6.692137753069561e-5
target is
1.639344262295082e-5
mu is
0.00016304347826086958
number of trials is
36800
number of Z or Y failures is
6
number of X failures is
0
average trial time
257.23690188411695
stderr is
6.655769910475361e-5
target is
1.630434782608696e-5
mu is
0.00016216216216216215
number of trials is
37000
number of Z or Y failures is
6
number of X failures is
0
average trial time
258.62004889963197
stderr is
6.619795207173291e-5
target is
1.6216216216216215e-5
mu is
0.00016129032258064516
number of trials is
37200
number of Z or Y failures is
6
number of X failures is
0
average trial time
259.98595501349683
stderr is
6.584207302633353e-5
target is
1.6129032258064517e-5
mu is
0.00016042780748663101
number of trials is
37400
number of Z or Y failures is
6
number of X failures is
0
average trial time
261.36968005019224
stderr is
6.548999991942793e-5
target is
1.60427807486631e-5
mu is
0.00015957446808510637
number of trials is
37600
number of Z or Y failures is
6
number of X failures is
0
average trial time
262.7392722652023
stderr is
6.514167202199494e-5
target is
1.5957446808510637e-5
mu is
0.00018518518518518518
number of trials is
37800
number of Z or Y failures is
7
number of X failures is
0
average trial time
264.1146014772671
stderr is
6.998786552679828e-5
target is
1.8518518518518518e-5
mu is
0.00018421052631578948
number of trials is
38000
number of Z or Y failures is
7
number of X failures is
0
average trial time
265.5030976297472
stderr is
6.961953742679138e-5
target is
1.842105263157895e-5
mu is
0.0001832460732984293
number of trials is
38200
number of Z or Y failures is
7
number of X failures is
0
average trial time
266.88731234604717
stderr is
6.925506586252716e-5
target is
1.8324607329842934e-5
mu is
0.00018229166666666667
number of trials is
38400
number of Z or Y failures is
7
number of X failures is
0
average trial time
268.2592814613919
stderr is
6.889439058034466e-5
target is
1.8229166666666668e-5
mu is
0.00018134715025906737
number of trials is
38600
number of Z or Y failures is
7
number of X failures is
0
average trial time
269.6310679766872
stderr is
6.853745257526636e-5
target is
1.813471502590674e-5
mu is
0.00018041237113402062
number of trials is
38800
number of Z or Y failures is
7
number of X failures is
0
average trial time
271.00089559774693
stderr is
6.81841940588181e-5
target is
1.8041237113402062e-5
mu is
0.0001794871794871795
number of trials is
39000
number of Z or Y failures is
7
number of X failures is
0
average trial time
272.366049471982
stderr is
6.783455842783903e-5
target is
1.794871794871795e-5
mu is
0.00017857142857142857
number of trials is
39200
number of Z or Y failures is
7
number of X failures is
0
average trial time
273.730470785922
stderr is
6.748849023424643e-5
target is
1.785714285714286e-5
mu is
0.00017766497461928934
number of trials is
39400
number of Z or Y failures is
7
number of X failures is
0
average trial time
275.09745330453717
stderr is
6.714593515572119e-5
target is
1.7766497461928935e-5
mu is
0.00017676767676767677
number of trials is
39600
number of Z or Y failures is
7
number of X failures is
0
average trial time
276.4703061300021
stderr is
6.680683996728159e-5
target is
1.7676767676767676e-5
mu is
0.00020100502512562814
number of trials is
39800
number of Z or Y failures is
8
number of X failures is
0
average trial time
277.8496987946221
stderr is
7.105975820426569e-5
target is
2.0100502512562815e-5
mu is
0.0002
number of trials is
40000
number of Z or Y failures is
8
number of X failures is
0
average trial time
279.22900440140205
stderr is
7.070449050890936e-5
target is
2.0e-5
mu is
0.0001990049751243781
number of trials is
40200
number of Z or Y failures is
8
number of X failures is
0
average trial time
280.594592300527
stderr is
7.035275750760556e-5
target is
1.990049751243781e-5
mu is
0.00019801980198019803
number of trials is
40400
number of Z or Y failures is
8
number of X failures is
0
average trial time
281.94984763130697
stderr is
7.000450670944838e-5
target is
1.9801980198019806e-5
mu is
0.00019704433497536947
number of trials is
40600
number of Z or Y failures is
8
number of X failures is
0
average trial time
283.3091836317422
stderr is
6.965968665774624e-5
target is
1.970443349753695e-5
mu is
0.000196078431372549
number of trials is
40800
number of Z or Y failures is
8
number of X failures is
0
average trial time
284.6776651638973
stderr is
6.93182469046757e-5
target is
1.9607843137254903e-5
mu is
0.00021951219512195122
number of trials is
41000
number of Z or Y failures is
9
number of X failures is
0
average trial time
286.10065762440735
stderr is
7.316359257695324e-5
target is
2.1951219512195124e-5
mu is
0.00021844660194174757
number of trials is
41200
number of Z or Y failures is
9
number of X failures is
0
average trial time
287.5128358496723
stderr is
7.280846399644269e-5
target is
2.184466019417476e-5
mu is
0.0002173913043478261
number of trials is
41400
number of Z or Y failures is
9
number of X failures is
0
average trial time
288.89072305347213
stderr is
7.24567662782934e-5
target is
2.173913043478261e-5
mu is
0.00021634615384615385
number of trials is
41600
number of Z or Y failures is
9
number of X failures is
0
average trial time
290.27317392042204
stderr is
7.210844994367444e-5
target is
2.1634615384615387e-5
mu is
0.000215311004784689
number of trials is
41800
number of Z or Y failures is
9
number of X failures is
0
average trial time
291.652263587762
stderr is
7.176346646062743e-5
target is
2.15311004784689e-5
mu is
0.00021428571428571427
number of trials is
42000
number of Z or Y failures is
9
number of X failures is
0
average trial time
293.0475115245719
stderr is
7.142176822152419e-5
target is
2.1428571428571428e-5
mu is
0.0002132701421800948
number of trials is
42200
number of Z or Y failures is
9
number of X failures is
0
average trial time
294.44606530864166
stderr is
7.10833085211652e-5
target is
2.132701421800948e-5
mu is
0.00021226415094339622
number of trials is
42400
number of Z or Y failures is
9
number of X failures is
0
average trial time
295.83249862297157
stderr is
7.074804153549784e-5
target is
2.1226415094339624e-5
mu is
0.00021126760563380283
number of trials is
42600
number of Z or Y failures is
9
number of X failures is
0
average trial time
297.2364551771915
stderr is
7.041592230093434e-5
target is
2.1126760563380285e-5
mu is
0.0002102803738317757
number of trials is
42800
number of Z or Y failures is
9
number of X failures is
0
average trial time
298.62940206329665
stderr is
7.008690669424915e-5
target is
2.102803738317757e-5
mu is
0.00020930232558139534
number of trials is
43000
number of Z or Y failures is
9
number of X failures is
0
average trial time
300.0244895119818
stderr is
6.976095141303749e-5
target is
2.0930232558139536e-5
mu is
0.00020833333333333335
number of trials is
43200
number of Z or Y failures is
9
number of X failures is
0
average trial time
301.413498679752
stderr is
6.943801395671673e-5
target is
2.0833333333333336e-5
mu is
0.00020737327188940092
number of trials is
43400
number of Z or Y failures is
9
number of X failures is
0
average trial time
302.80458727410695
stderr is
6.911805260805288e-5
target is
2.0737327188940094e-5
mu is
0.00020642201834862386
number of trials is
43600
number of Z or Y failures is
9
number of X failures is
0
average trial time
304.2099331225172
stderr is
6.880102641519541e-5
target is
2.0642201834862388e-5
mu is
0.00020547945205479453
number of trials is
43800
number of Z or Y failures is
9
number of X failures is
0
average trial time
305.6112366020024
stderr is
6.848689517420449e-5
target is
2.0547945205479456e-5
mu is
0.00020454545454545454
number of trials is
44000
number of Z or Y failures is
9
number of X failures is
0
average trial time
306.99130401217246
stderr is
6.817561941205454e-5
target is
2.0454545454545454e-5
mu is
0.00020361990950226245
number of trials is
44200
number of Z or Y failures is
9
number of X failures is
0
average trial time
308.37090913747744
stderr is
6.786716037009915e-5
target is
2.0361990950226245e-5
mu is
0.0002027027027027027
number of trials is
44400
number of Z or Y failures is
9
number of X failures is
0
average trial time
309.74994523405735
stderr is
6.756147998798294e-5
target is
2.027027027027027e-5
mu is
0.00020179372197309418
number of trials is
44600
number of Z or Y failures is
9
number of X failures is
0
average trial time
311.1315813315325
stderr is
6.725854088798623e-5
target is
2.017937219730942e-5
mu is
0.00020089285714285714
number of trials is
44800
number of Z or Y failures is
9
number of X failures is
0
average trial time
312.50386402590243
stderr is
6.695830635978897e-5
target is
2.0089285714285717e-5
mu is
0.0002
number of trials is
45000
number of Z or Y failures is
9
number of X failures is
0
average trial time
313.8872599379074
stderr is
6.666074034564097e-5
target is
2.0e-5
mu is
0.00019911504424778762
number of trials is
45200
number of Z or Y failures is
9
number of X failures is
0
average trial time
315.2855873039223
stderr is
6.636580742592581e-5
target is
1.9911504424778764e-5
mu is
0.00019823788546255506
number of trials is
45400
number of Z or Y failures is
9
number of X failures is
0
average trial time
316.6797975856824
stderr is
6.607347280510623e-5
target is
1.9823788546255507e-5
mu is
0.00019736842105263157
number of trials is
45600
number of Z or Y failures is
9
number of X failures is
0
average trial time
318.0550883203275
stderr is
6.578370229803944e-5
target is
1.9736842105263158e-5
mu is
0.0001965065502183406
number of trials is
45800
number of Z or Y failures is
9
number of X failures is
0
average trial time
319.4351569642024
stderr is
6.549646231665082e-5
target is
1.965065502183406e-5
mu is
0.0001956521739130435
number of trials is
46000
number of Z or Y failures is
9
number of X failures is
0
average trial time
320.8104122480876
stderr is
6.521171985695539e-5
target is
1.956521739130435e-5
mu is
0.0001948051948051948
number of trials is
46200
number of Z or Y failures is
9
number of X failures is
0
average trial time
322.19061379626254
stderr is
6.492944248641617e-5
target is
1.9480519480519483e-5
mu is
0.0001939655172413793
number of trials is
46400
number of Z or Y failures is
9
number of X failures is
0
average trial time
323.56334892901765
stderr is
6.46495983316297e-5
target is
1.9396551724137932e-5
mu is
0.00019313304721030043
number of trials is
46600
number of Z or Y failures is
9
number of X failures is
0
average trial time
324.9461728961226
stderr is
6.437215606632834e-5
target is
1.9313304721030045e-5
mu is
0.0001923076923076923
number of trials is
46800
number of Z or Y failures is
9
number of X failures is
0
average trial time
326.3238761278524
stderr is
6.409708489969045e-5
target is
1.923076923076923e-5
mu is
0.00019148936170212765
number of trials is
47000
number of Z or Y failures is
9
number of X failures is
0
average trial time
327.71096674546243
stderr is
6.382435456494882e-5
target is
1.9148936170212766e-5
mu is
0.00019067796610169492
number of trials is
47200
number of Z or Y failures is
9
number of X failures is
0
average trial time
329.0741871862624
stderr is
6.355393530828879e-5
target is
1.9067796610169494e-5
mu is
0.0002109704641350211
number of trials is
47400
number of Z or Y failures is
10
number of X failures is
0
average trial time
330.43917377165695
stderr is
6.670838445882457e-5
target is
2.1097046413502112e-5
mu is
0.0002100840336134454
number of trials is
47600
number of Z or Y failures is
10
number of X failures is
0
average trial time
331.8122895188423
stderr is
6.642812363306034e-5
target is
2.1008403361344542e-5
mu is
0.00020920502092050208
number of trials is
47800
number of Z or Y failures is
10
number of X failures is
0
average trial time
333.17687412998225
stderr is
6.615020786529585e-5
target is
2.092050209205021e-5
mu is
0.00020833333333333335
number of trials is
48000
number of Z or Y failures is
10
number of X failures is
0
average trial time
334.5515769986377
stderr is
6.587460784505576e-5
target is
2.0833333333333336e-5
mu is
0.0002074688796680498
number of trials is
48200
number of Z or Y failures is
10
number of X failures is
0
average trial time
335.91801351536276
stderr is
6.560129474830017e-5
target is
2.074688796680498e-5
mu is
0.00020661157024793388
number of trials is
48400
number of Z or Y failures is
10
number of X failures is
0
average trial time
337.28114907908275
stderr is
6.533024022737529e-5
target is
2.066115702479339e-5
mu is
0.00020576131687242798
number of trials is
48600
number of Z or Y failures is
10
number of X failures is
0
average trial time
338.6507965565028
stderr is
6.506141640121213e-5
target is
2.05761316872428e-5
mu is
0.00020491803278688525
number of trials is
48800
number of Z or Y failures is
10
number of X failures is
0
average trial time
340.0190939373634
stderr is
6.47947958457662e-5
target is
2.0491803278688525e-5
mu is
0.00020408163265306123
number of trials is
49000
number of Z or Y failures is
10
number of X failures is
0
average trial time
341.4052051550783
stderr is
6.453035158469143e-5
target is
2.0408163265306126e-5
mu is
0.0002032520325203252
number of trials is
49200
number of Z or Y failures is
10
number of X failures is
0
average trial time
342.7810759086982
stderr is
6.42680570802413e-5
target is
2.032520325203252e-5
mu is
0.00020242914979757084
number of trials is
49400
number of Z or Y failures is
10
number of X failures is
0
average trial time
344.1617421553781
stderr is
6.400788622439125e-5
target is
2.0242914979757085e-5
mu is
0.0002217741935483871
number of trials is
49600
number of Z or Y failures is
11
number of X failures is
0
average trial time
345.5302677787381
stderr is
6.686069414484067e-5
target is
2.217741935483871e-5
mu is
0.0002208835341365462
number of trials is
49800
number of Z or Y failures is
11
number of X failures is
0
average trial time
346.8999717931924
stderr is
6.659220426692425e-5
target is
2.208835341365462e-5
mu is
0.00022
number of trials is
50000
number of Z or Y failures is
11
number of X failures is
0
average trial time
348.2828383757874
stderr is
6.632586209315072e-5
target is
2.2000000000000003e-5
mu is
0.00021912350597609563
number of trials is
50200
number of Z or Y failures is
11
number of X failures is
0
average trial time
349.6609018359176
stderr is
6.60616419563077e-5
target is
2.1912350597609565e-5
mu is
0.0002380952380952381
number of trials is
50400
number of Z or Y failures is
12
number of X failures is
0
average trial time
351.0289395957875
stderr is
6.872467381042778e-5
target is
2.380952380952381e-5
mu is
0.00023715415019762845
number of trials is
50600
number of Z or Y failures is
12
number of X failures is
0
average trial time
352.4097396923374
stderr is
6.845306431709924e-5
target is
2.3715415019762845e-5
mu is
0.00023622047244094488
number of trials is
50800
number of Z or Y failures is
12
number of X failures is
0
average trial time
353.8021548650076
stderr is
6.818359324954898e-5
target is
2.362204724409449e-5
mu is
0.00023529411764705883
number of trials is
51000
number of Z or Y failures is
12
number of X failures is
0
average trial time
355.1798185358768
stderr is
6.791623545254146e-5
target is
2.3529411764705884e-5
mu is
0.000234375
number of trials is
51200
number of Z or Y failures is
12
number of X failures is
0
average trial time
356.53716899580684
stderr is
6.765096616384944e-5
target is
2.34375e-5
mu is
0.00023346303501945524
number of trials is
51400
number of Z or Y failures is
12
number of X failures is
0
average trial time
357.91583138957174
stderr is
6.738776100660875e-5
target is
2.3346303501945526e-5
mu is
0.00023255813953488373
number of trials is
51600
number of Z or Y failures is
12
number of X failures is
0
average trial time
359.291002716181
stderr is
6.712659598185072e-5
target is
2.3255813953488374e-5
mu is
0.000250965250965251
number of trials is
51800
number of Z or Y failures is
13
number of X failures is
0
average trial time
360.66297931138115
stderr is
6.95971739727548e-5
target is
2.50965250965251e-5
mu is
0.00025
number of trials is
52000
number of Z or Y failures is
13
number of X failures is
0
average trial time
362.0421773999712
stderr is
6.932952342905845e-5
target is
2.5e-5
mu is
0.00024904214559386974
number of trials is
52200
number of Z or Y failures is
13
number of X failures is
0
average trial time
363.41835427835576
stderr is
6.906392361153105e-5
target is
2.4904214559386975e-5
mu is
0.00024809160305343513
number of trials is
52400
number of Z or Y failures is
13
number of X failures is
0
average trial time
364.7999047916556
stderr is
6.880035104126571e-5
target is
2.4809160305343516e-5
mu is
0.00024714828897338405
number of trials is
52600
number of Z or Y failures is
13
number of X failures is
0
average trial time
366.1808265085808
stderr is
6.853878259640847e-5
target is
2.4714828897338406e-5
mu is
0.0002462121212121212
number of trials is
52800
number of Z or Y failures is
13
number of X failures is
0
average trial time
367.5569778634657
stderr is
6.827919550539661e-5
target is
2.4621212121212123e-5
mu is
0.00024528301886792453
number of trials is
53000
number of Z or Y failures is
13
number of X failures is
0
average trial time
368.9311798475105
stderr is
6.802156734035016e-5
target is
2.4528301886792453e-5
mu is
0.0002443609022556391
number of trials is
53200
number of Z or Y failures is
13
number of X failures is
0
average trial time
370.3066862194357
stderr is
6.776587601061248e-5
target is
2.4436090225563912e-5
mu is
0.00024344569288389513
number of trials is
53400
number of Z or Y failures is
13
number of X failures is
0
average trial time
371.6840975174362
stderr is
6.75120997564358e-5
target is
2.4344569288389513e-5
mu is
0.0002425373134328358
number of trials is
53600
number of Z or Y failures is
13
number of X failures is
0
average trial time
373.0465660956262
stderr is
6.72602171428084e-5
target is
2.425373134328358e-5
mu is
0.000241635687732342
number of trials is
53800
number of Z or Y failures is
13
number of X failures is
0
average trial time
374.4215610415211
stderr is
6.701020705341918e-5
target is
2.41635687732342e-5
mu is
0.00024074074074074075
number of trials is
54000
number of Z or Y failures is
13
number of X failures is
0
average trial time
375.78319191116645
stderr is
6.676204868475648e-5
target is
2.4074074074074077e-5
mu is
0.00023985239852398525
number of trials is
54200
number of Z or Y failures is
13
number of X failures is
0
average trial time
377.1536173200064
stderr is
6.651572154033757e-5
target is
2.3985239852398527e-5
mu is
0.00023897058823529413
number of trials is
54400
number of Z or Y failures is
13
number of X failures is
0
average trial time
378.5088875825215
stderr is
6.627120542506524e-5
target is
2.3897058823529413e-5
mu is
0.0002380952380952381
number of trials is
54600
number of Z or Y failures is
13
number of X failures is
0
average trial time
379.87543490121635
stderr is
6.602848043970867e-5
target is
2.380952380952381e-5
mu is
0.00023722627737226277
number of trials is
54800
number of Z or Y failures is
13
number of X failures is
0
average trial time
381.23945948818107
stderr is
6.578752697550487e-5
target is
2.372262773722628e-5
mu is
0.00023636363636363636
number of trials is
55000
number of Z or Y failures is
13
number of X failures is
0
average trial time
382.6104536615865
stderr is
6.554832570887814e-5
target is
2.3636363636363637e-5
mu is
0.0002355072463768116
number of trials is
55200
number of Z or Y failures is
13
number of X failures is
0
average trial time
383.9852056672214
stderr is
6.531085759627406e-5
target is
2.3550724637681162e-5
mu is
0.00023465703971119133
number of trials is
55400
number of Z or Y failures is
13
number of X failures is
0
average trial time
385.3334319503961
stderr is
6.507510386910565e-5
target is
2.3465703971119133e-5
mu is
0.00023381294964028778
number of trials is
55600
number of Z or Y failures is
13
number of X failures is
0
average trial time
386.7037532308508
stderr is
6.484104602880834e-5
target is
2.338129496402878e-5
mu is
0.00023297491039426523
number of trials is
55800
number of Z or Y failures is
13
number of X failures is
0
average trial time
388.0714495999759
stderr is
6.460866584200142e-5
target is
2.3297491039426525e-5
mu is
0.00023214285714285714
number of trials is
56000
number of Z or Y failures is
13
number of X failures is
0
average trial time
389.4365056523709
stderr is
6.437794533575314e-5
target is
2.3214285714285715e-5
mu is
0.0002313167259786477
number of trials is
56200
number of Z or Y failures is
13
number of X failures is
0
average trial time
390.7947435450407
stderr is
6.414886679294682e-5
target is
2.313167259786477e-5
mu is
0.0002304964539007092
number of trials is
56400
number of Z or Y failures is
13
number of X failures is
0
average trial time
392.1668723599954
stderr is
6.392141274774566e-5
target is
2.3049645390070924e-5
mu is
0.00022968197879858656
number of trials is
56600
number of Z or Y failures is
13
number of X failures is
0
average trial time
393.5455457786604
stderr is
6.369556598115363e-5
target is
2.296819787985866e-5
mu is
0.00022887323943661972
number of trials is
56800
number of Z or Y failures is
13
number of X failures is
0
average trial time
394.9029991499002
stderr is
6.34713095166701e-5
target is
2.2887323943661974e-5
mu is
0.0002280701754385965
number of trials is
57000
number of Z or Y failures is
13
number of X failures is
0
average trial time
396.2648711987654
stderr is
6.324862661603609e-5
target is
2.280701754385965e-5
mu is
0.00022727272727272727
number of trials is
57200
number of Z or Y failures is
13
number of X failures is
0
average trial time
397.6308931128804
stderr is
6.302750077506949e-5
target is
2.272727272727273e-5
mu is
0.0002264808362369338
number of trials is
57400
number of Z or Y failures is
13
number of X failures is
0
average trial time
398.998482692005
stderr is
6.28079157195876e-5
target is
2.2648083623693382e-5
mu is
0.00022569444444444443
number of trials is
57600
number of Z or Y failures is
13
number of X failures is
0
average trial time
400.3671893896499
stderr is
6.258985540141449e-5
target is
2.2569444444444443e-5
mu is
0.0002249134948096886
number of trials is
57800
number of Z or Y failures is
13
number of X failures is
0
average trial time
401.72938126634426
stderr is
6.23733039944712e-5
target is
2.2491349480968862e-5
mu is
0.00022413793103448276
number of trials is
58000
number of Z or Y failures is
13
number of X failures is
0
average trial time
403.08095685901424
stderr is
6.215824589094695e-5
target is
2.2413793103448276e-5
mu is
0.00022336769759450173
number of trials is
58200
number of Z or Y failures is
13
number of X failures is
0
average trial time
404.43912206832925
stderr is
6.194466569754917e-5
target is
2.2336769759450175e-5
mu is
0.0002226027397260274
number of trials is
58400
number of Z or Y failures is
13
number of X failures is
0
average trial time
405.82358920365436
stderr is
6.17325482318306e-5
target is
2.226027397260274e-5
mu is
0.00022184300341296929
number of trials is
58600
number of Z or Y failures is
13
number of X failures is
0
average trial time
407.2046164559546
stderr is
6.15218785185917e-5
target is
2.218430034129693e-5
mu is
0.00022108843537414966
number of trials is
58800
number of Z or Y failures is
13
number of X failures is
0
average trial time
408.5727975283196
stderr is
6.131264178635632e-5
target is
2.2108843537414966e-5
mu is
0.00022033898305084745
number of trials is
59000
number of Z or Y failures is
13
number of X failures is
0
average trial time
409.9388044182597
stderr is
6.110482346391906e-5
target is
2.2033898305084748e-5
mu is
0.0002195945945945946
number of trials is
59200
number of Z or Y failures is
13
number of X failures is
0
average trial time
411.31343574094024
stderr is
6.0898409176962846e-5
target is
2.1959459459459463e-5
mu is
0.00021885521885521886
number of trials is
59400
number of Z or Y failures is
13
number of X failures is
0
average trial time
412.69025567899547
stderr is
6.0693384744744436e-5
target is
2.1885521885521887e-5
mu is
0.0002348993288590604
number of trials is
59600
number of Z or Y failures is
14
number of X failures is
0
average trial time
414.0510139795356
stderr is
6.277263911091662e-5
target is
2.348993288590604e-5
mu is
0.00023411371237458194
number of trials is
59800
number of Z or Y failures is
14
number of X failures is
0
average trial time
415.41758890109094
stderr is
6.256271999960569e-5
target is
2.3411371237458197e-5
mu is
0.00023333333333333333
number of trials is
60000
number of Z or Y failures is
14
number of X failures is
0
average trial time
416.78720484122096
stderr is
6.235420019736322e-5
target is
2.3333333333333336e-5
mu is
0.00023255813953488373
number of trials is
60200
number of Z or Y failures is
14
number of X failures is
0
average trial time
418.15753173800107
stderr is
6.2147065759094e-5
target is
2.3255813953488374e-5
mu is
0.00023178807947019868
number of trials is
60400
number of Z or Y failures is
14
number of X failures is
0
average trial time
419.5201109795364
stderr is
6.194130292438613e-5
target is
2.317880794701987e-5
mu is
0.00023102310231023102
number of trials is
60600
number of Z or Y failures is
14
number of X failures is
0
average trial time
420.8979837359365
stderr is
6.173689811446384e-5
target is
2.3102310231023105e-5
mu is
0.00023026315789473684
number of trials is
60800
number of Z or Y failures is
14
number of X failures is
0
average trial time
422.2654343636216
stderr is
6.153383792920036e-5
target is
2.3026315789473685e-5
mu is
0.00022950819672131148
number of trials is
61000
number of Z or Y failures is
14
number of X failures is
0
average trial time
423.6217835694263
stderr is
6.133210914418951e-5
target is
2.295081967213115e-5
mu is
0.00022875816993464052
number of trials is
61200
number of Z or Y failures is
14
number of X failures is
0
average trial time
424.9849989571716
stderr is
6.113169870787484e-5
target is
2.2875816993464052e-5
mu is
0.0002280130293159609
number of trials is
61400
number of Z or Y failures is
14
number of X failures is
0
average trial time
426.3464624813218
stderr is
6.093259373873467e-5
target is
2.2801302931596092e-5
mu is
0.00022727272727272727
number of trials is
61600
number of Z or Y failures is
14
number of X failures is
0
average trial time
427.7392214694614
stderr is
6.07347815225222e-5
target is
2.272727272727273e-5
mu is
0.00022653721682847896
number of trials is
61800
number of Z or Y failures is
14
number of X failures is
0
average trial time
429.146454600651
stderr is
6.053824950955901e-5
target is
2.2653721682847896e-5
mu is
0.00022580645161290321
number of trials is
62000
number of Z or Y failures is
14
number of X failures is
0
average trial time
430.532608390026
stderr is
6.034298531208102e-5
target is
2.258064516129032e-5
mu is
0.00022508038585209003
number of trials is
62200
number of Z or Y failures is
14
number of X failures is
0
average trial time
431.925710795671
stderr is
6.014897670163563e-5
target is
2.2508038585209005e-5
mu is
0.00022435897435897436
number of trials is
62400
number of Z or Y failures is
14
number of X failures is
0
average trial time
433.3092486123608
stderr is
5.995621160652896e-5
target is
2.2435897435897437e-5
mu is
0.00022364217252396167
number of trials is
62600
number of Z or Y failures is
14
number of X failures is
0
average trial time
434.6987913796651
stderr is
5.9764678109321915e-5
target is
2.236421725239617e-5
mu is
0.00022292993630573248
number of trials is
62800
number of Z or Y failures is
14
number of X failures is
0
average trial time
436.08982090803033
stderr is
5.957436444437421e-5
target is
2.229299363057325e-5
mu is
0.00022222222222222223
number of trials is
63000
number of Z or Y failures is
14
number of X failures is
0
average trial time
437.48728427159983
stderr is
5.9385258995435065e-5
target is
2.2222222222222223e-5
mu is
0.00022151898734177215
number of trials is
63200
number of Z or Y failures is
14
number of X failures is
0
average trial time
438.86112317851985
stderr is
5.919735029327975e-5
target is
2.2151898734177217e-5
mu is
0.00022082018927444794
number of trials is
63400
number of Z or Y failures is
14
number of X failures is
0
average trial time
440.25116165612
stderr is
5.9010627013390745e-5
target is
2.2082018927444796e-5
mu is
0.000220125786163522
number of trials is
63600
number of Z or Y failures is
14
number of X failures is
0
average trial time
441.62440827114034
stderr is
5.8825077973682714e-5
target is
2.20125786163522e-5
mu is
0.00021943573667711599
number of trials is
63800
number of Z or Y failures is
14
number of X failures is
0
average trial time
442.9884349570753
stderr is
5.864069213227027e-5
target is
2.19435736677116e-5
mu is
0.00021875
number of trials is
64000
number of Z or Y failures is
14
number of X failures is
0
average trial time
444.3831865833404
stderr is
5.845745858527756e-5
target is
2.1875000000000003e-5
mu is
0.00021806853582554517
number of trials is
64200
number of Z or Y failures is
14
number of X failures is
0
average trial time
445.7674326851904
stderr is
5.827536656468883e-5
target is
2.180685358255452e-5
mu is
0.0002173913043478261
number of trials is
64400
number of Z or Y failures is
14
number of X failures is
0
average trial time
447.1522254710505
stderr is
5.809440543623895e-5
target is
2.173913043478261e-5
mu is
0.00021671826625386997
number of trials is
64600
number of Z or Y failures is
14
number of X failures is
0
average trial time
448.51631924136615
stderr is
5.791456469734323e-5
target is
2.1671826625387e-5
mu is
0.0002160493827160494
number of trials is
64800
number of Z or Y failures is
14
number of X failures is
0
average trial time
449.91255081587605
stderr is
5.7735833975065515e-5
target is
2.160493827160494e-5
mu is
0.0002153846153846154
number of trials is
65000
number of Z or Y failures is
14
number of X failures is
0
average trial time
451.2891896842059
stderr is
5.7558203024123785e-5
target is
2.153846153846154e-5
mu is
0.0002147239263803681
number of trials is
65200
number of Z or Y failures is
14
number of X failures is
0
average trial time
452.64847522250597
stderr is
5.7381661724932416e-5
target is
2.1472392638036813e-5
mu is
0.00021406727828746178
number of trials is
65400
number of Z or Y failures is
14
number of X failures is
0
average trial time
454.02165047072117
stderr is
5.7206200081680506e-5
target is
2.140672782874618e-5
mu is
0.00021341463414634146
number of trials is
65600
number of Z or Y failures is
14
number of X failures is
0
average trial time
455.387875809881
stderr is
5.703180822044516e-5
target is
2.134146341463415e-5
mu is
0.0002127659574468085
number of trials is
65800
number of Z or Y failures is
14
number of X failures is
0
average trial time
456.77561674430603
stderr is
5.685847638733934e-5
target is
2.1276595744680852e-5
mu is
0.00021212121212121213
number of trials is
66000
number of Z or Y failures is
14
number of X failures is
0
average trial time
458.143442158976
stderr is
5.668619494669326e-5
target is
2.1212121212121215e-5
mu is
0.00021148036253776435
number of trials is
66200
number of Z or Y failures is
14
number of X failures is
0
average trial time
459.529844374951
stderr is
5.651495437926887e-5
target is
2.1148036253776438e-5
mu is
0.0002108433734939759
number of trials is
66400
number of Z or Y failures is
14
number of X failures is
0
average trial time
460.9084098267161
stderr is
5.6344745280506466e-5
target is
2.1084337349397593e-5
mu is
0.00021021021021021022
number of trials is
66600
number of Z or Y failures is
14
number of X failures is
0
average trial time
462.2995830852709
stderr is
5.6175558358803e-5
target is
2.1021021021021025e-5
mu is
0.0002095808383233533
number of trials is
66800
number of Z or Y failures is
14
number of X failures is
0
average trial time
463.68476130069644
stderr is
5.600738443382128e-5
target is
2.0958083832335332e-5
mu is
0.000208955223880597
number of trials is
67000
number of Z or Y failures is
14
number of X failures is
0
average trial time
465.07545877190637
stderr is
5.584021443482943e-5
target is
2.0895522388059702e-5
mu is
0.00020833333333333335
number of trials is
67200
number of Z or Y failures is
14
number of X failures is
0
average trial time
466.45506277051106
stderr is
5.5674039399070055e-5
target is
2.0833333333333336e-5
mu is
0.00020771513353115727
number of trials is
67400
number of Z or Y failures is
14
number of X failures is
0
average trial time
467.82663468117624
stderr is
5.550885047015833e-5
target is
2.0771513353115728e-5
mu is
0.00020710059171597634
number of trials is
67600
number of Z or Y failures is
14
number of X failures is
0
average trial time
469.20885203410137
stderr is
5.5344638896508646e-5
target is
2.0710059171597635e-5
mu is
0.0002064896755162242
number of trials is
67800
number of Z or Y failures is
14
number of X failures is
0
average trial time
470.59523584403615
stderr is
5.518139602978906e-5
target is
2.0648967551622422e-5
mu is
0.00020588235294117648
number of trials is
68000
number of Z or Y failures is
14
number of X failures is
0
average trial time
471.9756455179709
stderr is
5.501911332340292e-5
target is
2.058823529411765e-5
mu is
0.00020527859237536657
number of trials is
68200
number of Z or Y failures is
14
number of X failures is
0
average trial time
473.3498197779357
stderr is
5.485778233099741e-5
target is
2.052785923753666e-5
mu is
0.00020467836257309941
number of trials is
68400
number of Z or Y failures is
14
number of X failures is
0
average trial time
474.7401872106009
stderr is
5.469739470499803e-5
target is
2.0467836257309943e-5
mu is
0.00020408163265306123
number of trials is
68600
number of Z or Y failures is
14
number of X failures is
0
average trial time
476.1245135501958
stderr is
5.453794219516888e-5
target is
2.0408163265306126e-5
mu is
0.00020348837209302326
number of trials is
68800
number of Z or Y failures is
14
number of X failures is
0
average trial time
477.5094811732555
stderr is
5.437941664719796e-5
target is
2.0348837209302328e-5
mu is
0.00020289855072463768
number of trials is
69000
number of Z or Y failures is
14
number of X failures is
0
average trial time
478.8929708269957
stderr is
5.4221810001307084e-5
target is
2.028985507246377e-5
mu is
0.0002023121387283237
number of trials is
69200
number of Z or Y failures is
14
number of X failures is
0
average trial time
480.27941150922095
stderr is
5.406511429088597e-5
target is
2.023121387283237e-5
mu is
0.00020172910662824206
number of trials is
69400
number of Z or Y failures is
14
number of X failures is
0
average trial time
481.67628575208096
stderr is
5.390932164114984e-5
target is
2.017291066282421e-5
mu is
0.00020114942528735632
number of trials is
69600
number of Z or Y failures is
14
number of X failures is
0
average trial time
483.04863205446077
stderr is
5.37544242678202e-5
target is
2.0114942528735632e-5
mu is
0.0002005730659025788
number of trials is
69800
number of Z or Y failures is
14
number of X failures is
0
average trial time
484.4279356646159
stderr is
5.360041447582837e-5
target is
2.0057306590257882e-5
mu is
0.0002
number of trials is
70000
number of Z or Y failures is
14
number of X failures is
0
average trial time
485.8041527154564
stderr is
5.3447284658041095e-5
target is
2.0e-5
mu is
0.00019943019943019944
number of trials is
70200
number of Z or Y failures is
14
number of X failures is
0
average trial time
487.1853879504212
stderr is
5.329502729400814e-5
target is
1.9943019943019945e-5
mu is
0.00019886363636363637
number of trials is
70400
number of Z or Y failures is
14
ERROR: LoadError: MethodError: no method matching iterate(::Nothing)
Closest candidates are:
  iterate(!Matched::Union{LinRange, StepRangeLen}) at range.jl:664
  iterate(!Matched::Union{LinRange, StepRangeLen}, !Matched::Int64) at range.jl:664
  iterate(!Matched::T) where T<:Union{Base.KeySet{var"#s79", var"#s78"} where {var"#s79", var"#s78"<:Dict}, Base.ValueIterator{var"#s77"} where var"#s77"<:Dict} at dict.jl:693
  ...
Stacktrace:
  [1] indexed_iterate(I::Nothing, i::Int64)
    @ Base ./tuple.jl:89
  [2] MPS(A::ITensor{4}, sites::Vector{IndexSet{1, Index{Int64}, Tuple{Index{Int64}}}}; leftinds::Index{Int64}, orthocenter::Int64, kwargs::Base.Iterators.Pairs{Symbol, Any, Tuple{Symbol, Symbol, Symbol}, NamedTuple{(:cutoff, :maxdim, :svd_alg), Tuple{Float64, Int64, String}}})
    @ ITensors ~/.julia/packages/ITensors/Ligbx/src/mps/abstractmps.jl:1388
  [3] setindex!(::MPS, A::ITensor{4}, r::UnitRange{Int64}; orthocenter::Int64, perm::Nothing, kwargs::Base.Iterators.Pairs{Symbol, Any, Tuple{Symbol, Symbol, Symbol}, NamedTuple{(:cutoff, :maxdim, :svd_alg), Tuple{Float64, Int64, String}}})
    @ ITensors ~/.julia/packages/ITensors/Ligbx/src/mps/abstractmps.jl:1328
  [4] setindex!(::MPS, ::ITensor{4}, ::UnitRange{Int64}, ::Pair{Symbol, Any}, ::Vararg{Pair{Symbol, Any}, N} where N; kwargs::Base.Iterators.Pairs{Union{}, Union{}, Tuple{}, NamedTuple{(), Tuple{}}})
    @ ITensors ~/.julia/packages/ITensors/Ligbx/src/mps/abstractmps.jl:1340
  [5] setindex!(::MPS, ::ITensor{4}, ::UnitRange{Int64}, ::Pair{Symbol, Any}, ::Pair{Symbol, Any}, ::Pair{Symbol, Any})
    @ ITensors ~/.julia/packages/ITensors/Ligbx/src/mps/abstractmps.jl:1340
  [6] product(o::ITensor{4}, ::MPS, ns::Vector{Int64}; move_sites_back::Bool, apply_dag::Bool, kwargs::Base.Iterators.Pairs{Symbol, Any, Tuple{Symbol, Symbol, Symbol}, NamedTuple{(:cutoff, :maxdim, :svd_alg), Tuple{Float64, Int64, String}}})
    @ ITensors ~/.julia/packages/ITensors/Ligbx/src/mps/abstractmps.jl:1555
  [7] product(As::Vector{ITensor}, ::MPS; move_sites_back::Bool, kwargs::Base.Iterators.Pairs{Symbol, Any, Tuple{Symbol, Symbol, Symbol}, NamedTuple{(:cutoff, :maxdim, :svd_alg), Tuple{Float64, Int64, String}}})
    @ ITensors ~/.julia/packages/ITensors/Ligbx/src/mps/abstractmps.jl:1650
  [8] runcircuit(M::MPS, circuit_tensors::Vector{ITensor}; apply_dag::Nothing, cutoff::Float64, maxdim::Int64, svd_alg::String, move_sites_back::Bool, kwargs::Base.Iterators.Pairs{Union{}, Union{}, Tuple{}, NamedTuple{(), Tuple{}}})
    @ PastaQ ~/.julia/packages/PastaQ/9VxGO/src/circuits/runcircuit.jl:86
  [9] #runcircuit#99
    @ ~/.julia/packages/PastaQ/9VxGO/src/circuits/runcircuit.jl:188 [inlined]
 [10] SurfCirc(dz::Int64, dx::Int64, nr::Int64, PEZ::Matrix{Int64}, PEX::Matrix{Int64}, Synz::Matrix{Int64}, Synx::Matrix{Int64}, zsch::Vector{Any}, xsch::Vector{Any}, bsch::Array{Int64, 3}, layout::Vector{Any}, ql::Matrix{Int64}, zl::Vector{Int64}, xl::Vector{Int64}, p::Float64, al2::Int64, tmeas::Float64, k2::Float64, nth::Int64, pmz::Float64, pmx::Float64, acc::Float64, bd::Int64)
    @ Main /shared/JuliaCLTNDecoder/experiment/d7/1e5/mlsurfnc.jl:1337
 [11] macro expansion
    @ /shared/JuliaCLTNDecoder/experiment/d7/1e5/mlsurfnc.jl:1432 [inlined]
 [12] macro expansion
    @ ./timing.jl:287 [inlined]
 [13] SurfMC(dz::Int64, dx::Int64, nr::Int64, p::Float64, al2::Int64, tmeas::Float64, k2::Float64, nth::Int64, acc::Float64, bd::Int64, err::Float64, nt::Int64; sim_id::Int64)
    @ Main /shared/JuliaCLTNDecoder/experiment/d7/1e5/mlsurfnc.jl:1431
 [14] top-level scope
    @ /shared/JuliaCLTNDecoder/experiment/d7/1e5/mlsurfnc.jl:1514
in expression starting at /shared/JuliaCLTNDecoder/experiment/d7/1e5/mlsurfnc.jl:1512
number of X failures is
0
average trial time
488.58745170638645
stderr is
5.314363494873096e-5
target is
1.9886363636363638e-5
mu is
0.00019830028328611898
number of trials is
70600
number of Z or Y failures is
14
number of X failures is
0
average trial time
489.9738216471918
stderr is
5.299310027145258e-5
target is
1.98300283286119e-5
mu is
0.00019774011299435027
number of trials is
70800
number of Z or Y failures is
14
number of X failures is
0
average trial time
491.35793029812163
stderr is
5.2843415994467716e-5
target is
1.9774011299435028e-5
mu is
0.00019718309859154928
number of trials is
71000
number of Z or Y failures is
14
number of X failures is
0
average trial time
492.7421801345572
stderr is
5.269457493195334e-5
target is
1.971830985915493e-5
mu is
0.00019662921348314607
number of trials is
71200
number of Z or Y failures is
14
number of X failures is
0
average trial time
494.11511498989216
stderr is
5.254656997881851e-5
target is
1.9662921348314607e-5
mu is
0.000196078431372549
number of trials is
71400
number of Z or Y failures is
14
number of X failures is
0
average trial time
495.47616539577194
stderr is
5.239939410957398e-5
target is
1.9607843137254903e-5
mu is
0.0002094972067039106
number of trials is
71600
number of Z or Y failures is
15
number of X failures is
0
average trial time
496.8521532686519
stderr is
5.408665752492107e-5
target is
2.0949720670391062e-5
mu is
0.00020891364902506963
number of trials is
71800
number of Z or Y failures is
15
number of X failures is
0
average trial time
498.21346698558705
stderr is
5.393601300326428e-5
target is
2.0891364902506964e-5
mu is
0.00020833333333333335
number of trials is
72000
number of Z or Y failures is
15
number of X failures is
0
average trial time
499.592450753397
stderr is
5.378620531421882e-5
target is
2.0833333333333336e-5
mu is
0.0002077562326869806
number of trials is
72200
number of Z or Y failures is
15
number of X failures is
0
average trial time
500.97320883021706
stderr is
5.363722750417172e-5
target is
2.0775623268698063e-5
mu is
0.00020718232044198895
number of trials is
72400
number of Z or Y failures is
15
number of X failures is
0
average trial time
502.346117696247
stderr is
5.3489072696338e-5
target is
2.0718232044198896e-5
mu is
0.00020661157024793388
number of trials is
72600
number of Z or Y failures is
15
number of X failures is
0
average trial time
503.7174521730675
stderr is
5.334173408970266e-5
target is
2.066115702479339e-5
mu is
0.00020604395604395604
number of trials is
72800
number of Z or Y failures is
15
number of X failures is
0
average trial time
505.0867171947725
stderr is
5.3195204957979884e-5
target is
2.0604395604395604e-5
mu is
0.00020547945205479453
number of trials is
73000
number of Z or Y failures is
15
number of X failures is
0
average trial time
506.4696573348774
stderr is
5.304947864858956e-5
target is
2.0547945205479456e-5
mu is
0.00020491803278688525
number of trials is
73200
number of Z or Y failures is
15
number of X failures is
0
average trial time
507.8388624504823
stderr is
5.290454858165039e-5
target is
2.0491803278688525e-5
mu is
0.00020435967302452317
number of trials is
73400
number of Z or Y failures is
15
number of X failures is
0
average trial time
509.21629661350266
stderr is
5.276040824898952e-5
target is
2.043596730245232e-5
mu is
0.00020380434782608695
number of trials is
73600
number of Z or Y failures is
15
number of X failures is
0
average trial time
510.5881674400127
stderr is
5.261705121316845e-5
target is
2.0380434782608697e-5
mu is
0.00021680216802168022
number of trials is
73800
number of Z or Y failures is
16
number of X failures is
0
average trial time
511.97722142866746
stderr is
5.419503346569575e-5
target is
2.1680216802168024e-5
mu is
0.00021621621621621621
number of trials is
74000
number of Z or Y failures is
16
number of X failures is
0
average trial time
513.3459869614522
stderr is
5.404857525093566e-5
target is
2.1621621621621624e-5
mu is
0.00021563342318059299
number of trials is
74200
number of Z or Y failures is
16
number of X failures is
0
average trial time
514.7332329973624
stderr is
5.390290648849457e-5
target is
2.15633423180593e-5
mu is
0.00021505376344086021
number of trials is
74400
number of Z or Y failures is
16
number of X failures is
0
average trial time
516.0913146316121
stderr is
5.3758020812463666e-5
target is
2.1505376344086024e-5
mu is
0.00021447721179624664
number of trials is
74600
number of Z or Y failures is
16
number of X failures is
0
average trial time
517.4608233554069
stderr is
5.36139119251944e-5
target is
2.1447721179624665e-5
mu is
0.000213903743315508
number of trials is
74800
number of Z or Y failures is
16
number of X failures is
0
average trial time
518.8292096111915
stderr is
5.347057359638597e-5
target is
2.1390374331550803e-5
mu is
0.00021333333333333333
number of trials is
75000
number of Z or Y failures is
16
number of X failures is
0
average trial time
520.1918563223263
stderr is
5.332799966218749e-5
target is
2.1333333333333335e-5
mu is
0.0002127659574468085
number of trials is
75200
number of Z or Y failures is
16
number of X failures is
0
average trial time
521.5555411000014
stderr is
5.318618402431439e-5
target is
2.1276595744680852e-5
mu is
0.00021220159151193635
number of trials is
75400
number of Z or Y failures is
16
number of X failures is
0
average trial time
522.9443216740065
stderr is
5.3045120649178966e-5
target is
2.1220159151193638e-5
mu is
0.00021164021164021165
number of trials is
75600
number of Z or Y failures is
16
number of X failures is
0
average trial time
524.3193852632917
stderr is
5.2904803567034636e-5
target is
2.1164021164021168e-5
The SVD algorithm `"divide_and_conquer"` has thrown an error,
likely because of a convergance failure. You can try
other SVD algorithms that may converge better using the
`alg` (or `svd_alg` if called through `factorize` or MPS/MPO functionality) keyword argument:

 - "divide_and_conquer" is a divide-and-conquer algorithm
   (LAPACK's `gesdd`). It is fast, but may lead to some innacurate
   singular values for very ill-conditioned matrices.
   It also may sometimes fail to converge, leading to errors
   (in which case `"qr_iteration"` or `"recursive"` can be tried).

 - `"qr_iteration"` (LAPACK's `gesvd`) is typically slower 
   than "divide_and_conquer", especially for large matrices,
   but is more accurate for very ill-conditioned matrices 
   compared to `"divide_and_conquer"`.

 - `"recursive"` is ITensor's custom SVD algorithm. It is very
   reliable, but may be slow if high precision is needed.
   To get an `svd` of a matrix `A`, an eigendecomposition of
   ``A^{\dagger} A`` is used to compute `U` and then a `qr` of
   ``A^{\dagger} U`` is used to compute `V`. This is performed
   recursively to compute small singular values.

Returning `nothing`. For an output `F = svd(A, ...)` you can check if
`isnothing(F)` in your code and try a different algorithm.

To suppress this message in the future, you can wrap the `svd` call in the
`@suppress` macro from the `Suppressor` package.

