mu is
0.0
number of trials is
200
number of Z or Y failures is
0
number of X failures is
0
average trial time
1.4114368563599988
mu is
0.0
number of trials is
400
number of Z or Y failures is
0
number of X failures is
0
average trial time
2.648551116154997
mu is
0.0
number of trials is
600
number of Z or Y failures is
0
number of X failures is
0
average trial time
3.8786812386799965
mu is
0.0
number of trials is
800
number of Z or Y failures is
0
number of X failures is
0
average trial time
5.116467776704995
mu is
0.0
number of trials is
1000
number of Z or Y failures is
0
number of X failures is
0
average trial time
6.35335708480499
mu is
0.0
number of trials is
1200
number of Z or Y failures is
0
number of X failures is
0
average trial time
7.593552593284998
mu is
0.0
number of trials is
1400
number of Z or Y failures is
0
number of X failures is
0
average trial time
8.818544171334997
mu is
0.0
number of trials is
1600
number of Z or Y failures is
0
number of X failures is
0
average trial time
10.042012875909993
mu is
0.0
number of trials is
1800
number of Z or Y failures is
0
number of X failures is
0
average trial time
11.275166925204996
mu is
0.0
number of trials is
2000
number of Z or Y failures is
0
number of X failures is
0
average trial time
12.49795759813498
mu is
0.0
number of trials is
2200
number of Z or Y failures is
0
number of X failures is
0
average trial time
13.742368544254989
mu is
0.0
number of trials is
2400
number of Z or Y failures is
0
number of X failures is
0
average trial time
14.973449181639984
mu is
0.0
number of trials is
2600
number of Z or Y failures is
0
number of X failures is
0
average trial time
16.200431934884985
mu is
0.0
number of trials is
2800
number of Z or Y failures is
0
number of X failures is
0
average trial time
17.434523824784982
mu is
0.0
number of trials is
3000
number of Z or Y failures is
0
number of X failures is
0
average trial time
18.680037845894987
mu is
0.0
number of trials is
3200
number of Z or Y failures is
0
number of X failures is
0
average trial time
19.934243007724973
mu is
0.0
number of trials is
3400
number of Z or Y failures is
0
number of X failures is
0
average trial time
21.178664020534956
mu is
0.0
number of trials is
3600
number of Z or Y failures is
0
number of X failures is
0
average trial time
22.446809925689973
mu is
0.0
number of trials is
3800
number of Z or Y failures is
0
number of X failures is
0
average trial time
23.733832977255
mu is
0.0
number of trials is
4000
number of Z or Y failures is
0
number of X failures is
0
average trial time
25.01022715132503
mu is
0.0
number of trials is
4200
number of Z or Y failures is
0
number of X failures is
0
average trial time
26.344788493905025
mu is
0.0
number of trials is
4400
number of Z or Y failures is
0
number of X failures is
0
average trial time
27.629367040870036
mu is
0.0
number of trials is
4600
number of Z or Y failures is
0
number of X failures is
0
average trial time
28.93057687508505
mu is
0.0
number of trials is
4800
number of Z or Y failures is
0
number of X failures is
0
average trial time
30.25655333993005
mu is
0.0
number of trials is
5000
number of Z or Y failures is
0
number of X failures is
0
average trial time
31.55281714870503
mu is
0.0
number of trials is
5200
number of Z or Y failures is
0
number of X failures is
0
average trial time
32.88391878039506
mu is
0.0
number of trials is
5400
number of Z or Y failures is
0
number of X failures is
0
average trial time
34.247410525690086
mu is
0.0
number of trials is
5600
number of Z or Y failures is
0
number of X failures is
0
average trial time
35.628248613990124
mu is
0.0
number of trials is
5800
number of Z or Y failures is
0
number of X failures is
0
average trial time
36.99895113514512
mu is
0.0
number of trials is
6000
number of Z or Y failures is
0
number of X failures is
0
average trial time
38.35851138707011
mu is
0.0
number of trials is
6200
number of Z or Y failures is
0
number of X failures is
0
average trial time
39.754734022675144
mu is
0.0
number of trials is
6400
number of Z or Y failures is
0
number of X failures is
0
average trial time
41.13974064051511
mu is
0.0
number of trials is
6600
number of Z or Y failures is
0
number of X failures is
0
average trial time
42.52310694024011
mu is
0.0
number of trials is
6800
number of Z or Y failures is
0
number of X failures is
0
average trial time
43.92203389498009
mu is
0.0
number of trials is
7000
number of Z or Y failures is
0
number of X failures is
0
average trial time
45.32682881328011
mu is
0.0
number of trials is
7200
number of Z or Y failures is
0
number of X failures is
0
average trial time
46.74761329701015
mu is
0.0
number of trials is
7400
number of Z or Y failures is
0
number of X failures is
0
average trial time
48.17746373348019
mu is
0.0
number of trials is
7600
number of Z or Y failures is
0
number of X failures is
0
average trial time
49.614072845830215
mu is
0.0
number of trials is
7800
number of Z or Y failures is
0
number of X failures is
0
average trial time
51.041693003725214
mu is
0.0
number of trials is
8000
number of Z or Y failures is
0
number of X failures is
0
average trial time
52.48483522383017
mu is
0.0
number of trials is
8200
number of Z or Y failures is
0
number of X failures is
0
average trial time
53.925035147295105
mu is
0.0
number of trials is
8400
number of Z or Y failures is
0
number of X failures is
0
average trial time
55.37801329053011
mu is
0.0
number of trials is
8600
number of Z or Y failures is
0
number of X failures is
0
average trial time
56.82333253063016
mu is
0.0
number of trials is
8800
number of Z or Y failures is
0
number of X failures is
0
average trial time
58.261656866210195
mu is
0.00011111111111111112
number of trials is
9000
number of Z or Y failures is
1
number of X failures is
0
average trial time
59.70134446930518
mu is
0.00010869565217391305
number of trials is
9200
number of Z or Y failures is
1
number of X failures is
0
average trial time
61.15911679846515
mu is
0.00010638297872340425
number of trials is
9400
number of Z or Y failures is
1
number of X failures is
0
average trial time
62.62028807266022
mu is
0.00010416666666666667
number of trials is
9600
number of Z or Y failures is
1
number of X failures is
0
average trial time
64.09185408875021
mu is
0.00010204081632653062
number of trials is
9800
number of Z or Y failures is
1
number of X failures is
0
average trial time
65.55653401438526
mu is
0.0001
number of trials is
10000
number of Z or Y failures is
1
number of X failures is
0
average trial time
67.01749220997522
mu is
9.80392156862745e-5
number of trials is
10200
number of Z or Y failures is
1
number of X failures is
0
average trial time
68.48079484861017
mu is
9.615384615384615e-5
number of trials is
10400
number of Z or Y failures is
1
number of X failures is
0
average trial time
69.95442639219013
mu is
9.433962264150943e-5
number of trials is
10600
number of Z or Y failures is
1
number of X failures is
0
average trial time
71.42279022625014
mu is
9.259259259259259e-5
number of trials is
10800
number of Z or Y failures is
1
number of X failures is
0
average trial time
72.89220628979511
mu is
9.09090909090909e-5
number of trials is
11000
number of Z or Y failures is
1
number of X failures is
0
average trial time
74.37328734571513
mu is
8.928571428571429e-5
number of trials is
11200
number of Z or Y failures is
1
number of X failures is
0
average trial time
75.8398425706551
mu is
8.771929824561403e-5
number of trials is
11400
number of Z or Y failures is
1
number of X failures is
0
average trial time
77.31921371370011
mu is
8.620689655172413e-5
number of trials is
11600
number of Z or Y failures is
1
number of X failures is
0
average trial time
78.81612662020012
mu is
8.474576271186441e-5
number of trials is
11800
number of Z or Y failures is
1
number of X failures is
0
average trial time
80.26795717872514
mu is
8.333333333333333e-5
number of trials is
12000
number of Z or Y failures is
1
number of X failures is
0
average trial time
81.73565208329514
mu is
8.19672131147541e-5
number of trials is
12200
number of Z or Y failures is
1
number of X failures is
0
average trial time
83.22020619564508
mu is
8.064516129032258e-5
number of trials is
12400
number of Z or Y failures is
1
number of X failures is
0
average trial time
84.68255195158504
mu is
7.936507936507937e-5
number of trials is
12600
number of Z or Y failures is
1
number of X failures is
0
average trial time
86.16524682515015
mu is
7.8125e-5
number of trials is
12800
number of Z or Y failures is
1
number of X failures is
0
average trial time
87.64203165293013
mu is
7.692307692307693e-5
number of trials is
13000
number of Z or Y failures is
1
number of X failures is
0
average trial time
89.11512224252016
mu is
7.575757575757576e-5
number of trials is
13200
number of Z or Y failures is
1
number of X failures is
0
average trial time
90.58873112119514
mu is
7.462686567164179e-5
number of trials is
13400
number of Z or Y failures is
1
number of X failures is
0
average trial time
92.05423116524021
mu is
7.352941176470588e-5
number of trials is
13600
number of Z or Y failures is
1
number of X failures is
0
average trial time
93.49424319975533
mu is
7.246376811594203e-5
number of trials is
13800
number of Z or Y failures is
1
number of X failures is
0
average trial time
94.96900790155533
mu is
7.142857142857143e-5
number of trials is
14000
number of Z or Y failures is
1
number of X failures is
0
average trial time
96.41705661795021
mu is
7.042253521126761e-5
number of trials is
14200
number of Z or Y failures is
1
number of X failures is
0
average trial time
97.86971038795541
mu is
6.944444444444444e-5
number of trials is
14400
number of Z or Y failures is
1
number of X failures is
0
average trial time
99.32111689751551
mu is
6.84931506849315e-5
number of trials is
14600
number of Z or Y failures is
1
number of X failures is
0
average trial time
100.77525349387544
mu is
6.756756756756757e-5
number of trials is
14800
number of Z or Y failures is
1
number of X failures is
0
average trial time
102.2453775133403
mu is
6.666666666666667e-5
number of trials is
15000
number of Z or Y failures is
1
number of X failures is
0
average trial time
103.70389761269546
mu is
6.578947368421052e-5
number of trials is
15200
number of Z or Y failures is
1
number of X failures is
0
average trial time
105.1597624959154
mu is
6.493506493506494e-5
number of trials is
15400
number of Z or Y failures is
1
number of X failures is
0
average trial time
106.62644994023036
mu is
6.41025641025641e-5
number of trials is
15600
number of Z or Y failures is
1
number of X failures is
0
average trial time
108.06627202632536
mu is
6.329113924050633e-5
number of trials is
15800
number of Z or Y failures is
1
number of X failures is
0
average trial time
109.51714348806044
mu is
6.25e-5
number of trials is
16000
number of Z or Y failures is
1
number of X failures is
0
average trial time
110.9646965285354
mu is
6.17283950617284e-5
number of trials is
16200
number of Z or Y failures is
1
number of X failures is
0
average trial time
112.4199098589904
mu is
6.097560975609756e-5
number of trials is
16400
number of Z or Y failures is
1
number of X failures is
0
average trial time
113.87253500682526
mu is
6.0240963855421684e-5
number of trials is
16600
number of Z or Y failures is
1
number of X failures is
0
average trial time
115.35119818862523
mu is
5.9523809523809524e-5
number of trials is
16800
number of Z or Y failures is
1
number of X failures is
0
average trial time
116.78840683537524
mu is
5.882352941176471e-5
number of trials is
17000
number of Z or Y failures is
1
number of X failures is
0
average trial time
118.24951803436034
mu is
5.8139534883720933e-5
number of trials is
17200
number of Z or Y failures is
1
number of X failures is
0
average trial time
119.69114946608532
mu is
5.747126436781609e-5
number of trials is
17400
number of Z or Y failures is
1
number of X failures is
0
average trial time
121.16771958442523
mu is
5.681818181818182e-5
number of trials is
17600
number of Z or Y failures is
1
number of X failures is
0
average trial time
122.59816430343028
mu is
5.617977528089888e-5
number of trials is
17800
number of Z or Y failures is
1
number of X failures is
0
average trial time
124.08578448799028
mu is
5.555555555555556e-5
number of trials is
18000
number of Z or Y failures is
1
number of X failures is
0
average trial time
125.53058180586021
mu is
5.4945054945054945e-5
number of trials is
18200
number of Z or Y failures is
1
number of X failures is
0
average trial time
127.00854135708519
mu is
5.4347826086956524e-5
number of trials is
18400
number of Z or Y failures is
1
number of X failures is
0
average trial time
128.46089539118532
mu is
5.3763440860215054e-5
number of trials is
18600
number of Z or Y failures is
1
number of X failures is
0
average trial time
129.9333678154154
mu is
5.319148936170213e-5
number of trials is
18800
number of Z or Y failures is
1
number of X failures is
0
average trial time
131.37804944442038
mu is
5.2631578947368424e-5
number of trials is
19000
number of Z or Y failures is
1
number of X failures is
0
average trial time
132.82334480763043
mu is
5.208333333333334e-5
number of trials is
19200
number of Z or Y failures is
1
number of X failures is
0
average trial time
134.26678949488044
mu is
5.154639175257732e-5
number of trials is
19400
number of Z or Y failures is
1
number of X failures is
0
average trial time
135.7161379499804
mu is
5.102040816326531e-5
number of trials is
19600
number of Z or Y failures is
1
number of X failures is
0
average trial time
137.17401506574535
mu is
5.0505050505050505e-5
number of trials is
19800
number of Z or Y failures is
1
number of X failures is
0
average trial time
138.6139901561553
mu is
5.0e-5
number of trials is
20000
number of Z or Y failures is
1
number of X failures is
0
average trial time
140.0506426497703
mu is
4.950495049504951e-5
number of trials is
20200
number of Z or Y failures is
1
number of X failures is
0
average trial time
141.48746748466525
mu is
4.901960784313725e-5
number of trials is
20400
number of Z or Y failures is
1
number of X failures is
0
average trial time
142.90732758939518
mu is
4.854368932038835e-5
number of trials is
20600
number of Z or Y failures is
1
number of X failures is
0
average trial time
144.33613589532013
mu is
4.807692307692308e-5
number of trials is
20800
number of Z or Y failures is
1
number of X failures is
0
average trial time
145.76449564857012
mu is
4.761904761904762e-5
number of trials is
21000
number of Z or Y failures is
1
number of X failures is
0
average trial time
147.2201925388502
mu is
4.7169811320754715e-5
number of trials is
21200
number of Z or Y failures is
1
number of X failures is
0
average trial time
148.6472867650151
mu is
4.672897196261682e-5
number of trials is
21400
number of Z or Y failures is
1
number of X failures is
0
average trial time
150.07952996649504
mu is
4.6296296296296294e-5
number of trials is
21600
number of Z or Y failures is
1
number of X failures is
0
average trial time
151.55434127025512
mu is
4.587155963302752e-5
number of trials is
21800
number of Z or Y failures is
1
number of X failures is
0
average trial time
152.99532880635508
mu is
4.545454545454545e-5
number of trials is
22000
number of Z or Y failures is
1
number of X failures is
0
average trial time
154.4499671908001
mu is
4.5045045045045046e-5
number of trials is
22200
number of Z or Y failures is
1
number of X failures is
0
average trial time
155.88138360489992
mu is
4.464285714285714e-5
number of trials is
22400
number of Z or Y failures is
1
number of X failures is
0
average trial time
157.29121068567505
mu is
4.424778761061947e-5
number of trials is
22600
number of Z or Y failures is
1
number of X failures is
0
average trial time
158.71869300747002
mu is
4.3859649122807014e-5
number of trials is
22800
number of Z or Y failures is
1
number of X failures is
0
average trial time
160.16017411708492
mu is
4.347826086956522e-5
number of trials is
23000
number of Z or Y failures is
1
number of X failures is
0
average trial time
161.56731403595492
mu is
4.3103448275862066e-5
number of trials is
23200
number of Z or Y failures is
1
number of X failures is
0
average trial time
162.98419186364998
mu is
4.2735042735042735e-5
number of trials is
23400
number of Z or Y failures is
1
number of X failures is
0
average trial time
164.42175743725994
mu is
4.2372881355932206e-5
number of trials is
23600
number of Z or Y failures is
1
number of X failures is
0
average trial time
165.8305424485299
mu is
4.201680672268908e-5
number of trials is
23800
number of Z or Y failures is
1
number of X failures is
0
average trial time
167.23991974429487
mu is
4.1666666666666665e-5
number of trials is
24000
number of Z or Y failures is
1
number of X failures is
0
average trial time
168.6861266352448
mu is
4.132231404958678e-5
number of trials is
24200
number of Z or Y failures is
1
number of X failures is
0
average trial time
170.11066483683464
mu is
8.19672131147541e-5
number of trials is
24400
number of Z or Y failures is
2
number of X failures is
0
average trial time
171.53862016307463
mu is
8.130081300813008e-5
number of trials is
24600
number of Z or Y failures is
2
number of X failures is
0
average trial time
172.9483747869199
mu is
8.064516129032258e-5
number of trials is
24800
number of Z or Y failures is
2
number of X failures is
0
average trial time
174.39749528161482
mu is
8.0e-5
number of trials is
25000
number of Z or Y failures is
2
number of X failures is
0
average trial time
175.80926514912997
mu is
7.936507936507937e-5
number of trials is
25200
number of Z or Y failures is
2
number of X failures is
0
average trial time
177.18988266178977
mu is
7.874015748031496e-5
number of trials is
25400
number of Z or Y failures is
2
number of X failures is
0
average trial time
178.57551055816987
mu is
7.8125e-5
number of trials is
25600
number of Z or Y failures is
2
number of X failures is
0
average trial time
180.00550323534978
mu is
7.751937984496124e-5
number of trials is
25800
number of Z or Y failures is
2
number of X failures is
0
average trial time
181.4432308334848
mu is
7.692307692307693e-5
number of trials is
26000
number of Z or Y failures is
2
number of X failures is
0
average trial time
182.8512064584246
mu is
7.633587786259542e-5
number of trials is
26200
number of Z or Y failures is
2
number of X failures is
0
average trial time
184.23473423230445
mu is
0.00011363636363636364
number of trials is
26400
number of Z or Y failures is
3
number of X failures is
0
average trial time
185.6338528195894
mu is
0.00011278195488721805
number of trials is
26600
number of Z or Y failures is
3
number of X failures is
0
average trial time
187.06199147206428
mu is
0.00011194029850746269
number of trials is
26800
number of Z or Y failures is
3
number of X failures is
0
average trial time
188.49255381623934
mu is
0.00011111111111111112
number of trials is
27000
number of Z or Y failures is
3
number of X failures is
0
average trial time
189.9200655480744
mu is
0.00011029411764705883
number of trials is
27200
number of Z or Y failures is
3
number of X failures is
0
average trial time
191.33139688818434
mu is
0.00010948905109489051
number of trials is
27400
number of Z or Y failures is
3
number of X failures is
0
average trial time
192.7199075596895
mu is
0.00010869565217391305
number of trials is
27600
number of Z or Y failures is
3
number of X failures is
0
average trial time
194.10854801719938
mu is
0.0001079136690647482
number of trials is
27800
number of Z or Y failures is
3
number of X failures is
0
average trial time
195.51035986157456
mu is
0.00010714285714285714
number of trials is
28000
number of Z or Y failures is
3
number of X failures is
0
average trial time
196.9417894486596
mu is
0.00010638297872340425
number of trials is
28200
number of Z or Y failures is
3
number of X failures is
0
average trial time
198.3553363084446
mu is
0.00010563380281690141
number of trials is
28400
number of Z or Y failures is
3
number of X failures is
0
average trial time
199.7540112338046
mu is
0.0001048951048951049
number of trials is
28600
number of Z or Y failures is
3
number of X failures is
0
average trial time
201.13705217206453
mu is
0.00010416666666666667
number of trials is
28800
number of Z or Y failures is
3
number of X failures is
0
average trial time
202.5312683717499
mu is
0.00010344827586206896
number of trials is
29000
number of Z or Y failures is
3
number of X failures is
0
average trial time
203.91647266074497
mu is
0.00010273972602739727
number of trials is
29200
number of Z or Y failures is
3
number of X failures is
0
average trial time
205.30002049701986
mu is
0.00010204081632653062
number of trials is
29400
number of Z or Y failures is
3
number of X failures is
0
average trial time
206.69887926574495
mu is
0.00010135135135135135
number of trials is
29600
number of Z or Y failures is
3
number of X failures is
0
average trial time
208.0897976936697
mu is
0.00010067114093959731
number of trials is
29800
number of Z or Y failures is
3
number of X failures is
0
average trial time
209.4862929963095
mu is
0.0001
number of trials is
30000
number of Z or Y failures is
3
number of X failures is
0
average trial time
210.93096631840447
mu is
9.933774834437086e-5
number of trials is
30200
number of Z or Y failures is
3
number of X failures is
0
average trial time
212.34762002272961
mu is
9.868421052631579e-5
number of trials is
30400
number of Z or Y failures is
3
number of X failures is
0
average trial time
213.7477943242346
mu is
9.80392156862745e-5
number of trials is
30600
number of Z or Y failures is
3
number of X failures is
0
average trial time
215.13941654174977
mu is
9.74025974025974e-5
number of trials is
30800
number of Z or Y failures is
3
number of X failures is
0
average trial time
216.5413457136946
mu is
9.67741935483871e-5
number of trials is
31000
number of Z or Y failures is
3
number of X failures is
0
average trial time
217.93426667182456
mu is
9.615384615384615e-5
number of trials is
31200
number of Z or Y failures is
3
number of X failures is
0
average trial time
219.32133634984467
mu is
9.554140127388535e-5
number of trials is
31400
number of Z or Y failures is
3
number of X failures is
0
average trial time
220.71973500128982
mu is
9.493670886075949e-5
number of trials is
31600
number of Z or Y failures is
3
number of X failures is
0
average trial time
222.09749620612496
mu is
9.433962264150943e-5
number of trials is
31800
number of Z or Y failures is
3
number of X failures is
0
average trial time
223.4660574574751
mu is
9.375e-5
number of trials is
32000
number of Z or Y failures is
3
number of X failures is
0
average trial time
224.85816937775496
mu is
9.316770186335404e-5
number of trials is
32200
number of Z or Y failures is
3
number of X failures is
0
average trial time
226.2309957101452
mu is
9.259259259259259e-5
number of trials is
32400
number of Z or Y failures is
3
number of X failures is
0
average trial time
227.61335353363498
mu is
9.202453987730062e-5
number of trials is
32600
number of Z or Y failures is
3
number of X failures is
0
average trial time
228.9792815499502
mu is
9.146341463414634e-5
number of trials is
32800
number of Z or Y failures is
3
number of X failures is
0
average trial time
230.36809343773538
mu is
9.09090909090909e-5
number of trials is
33000
number of Z or Y failures is
3
number of X failures is
0
average trial time
231.76135310559056
mu is
9.036144578313253e-5
number of trials is
33200
number of Z or Y failures is
3
number of X failures is
0
average trial time
233.16889801478038
mu is
8.982035928143712e-5
number of trials is
33400
number of Z or Y failures is
3
number of X failures is
0
average trial time
234.5837487015654
mu is
8.928571428571429e-5
number of trials is
33600
number of Z or Y failures is
3
number of X failures is
0
average trial time
235.99764754747528
mu is
8.875739644970414e-5
number of trials is
33800
number of Z or Y failures is
3
number of X failures is
0
average trial time
237.3781047542704
mu is
8.823529411764706e-5
number of trials is
34000
number of Z or Y failures is
3
number of X failures is
0
average trial time
238.76933947407062
mu is
8.771929824561403e-5
number of trials is
34200
number of Z or Y failures is
3
number of X failures is
0
average trial time
240.1582250166406
mu is
8.72093023255814e-5
number of trials is
34400
number of Z or Y failures is
3
number of X failures is
0
average trial time
241.54119445474586
mu is
8.670520231213873e-5
number of trials is
34600
number of Z or Y failures is
3
number of X failures is
0
average trial time
242.92692474349084
mu is
8.620689655172413e-5
number of trials is
34800
number of Z or Y failures is
3
number of X failures is
0
average trial time
244.30692025531062
mu is
0.00011428571428571428
number of trials is
35000
number of Z or Y failures is
4
number of X failures is
0
average trial time
245.69294318326567
mu is
0.00011363636363636364
number of trials is
35200
number of Z or Y failures is
4
number of X failures is
0
average trial time
247.08124855851054
mu is
0.00011299435028248587
number of trials is
35400
number of Z or Y failures is
4
number of X failures is
0
average trial time
248.4542868273706
mu is
0.00011235955056179776
number of trials is
35600
number of Z or Y failures is
4
number of X failures is
0
average trial time
249.86619263060587
mu is
0.000111731843575419
number of trials is
35800
number of Z or Y failures is
4
number of X failures is
0
average trial time
251.245243818756
mu is
0.00011111111111111112
number of trials is
36000
number of Z or Y failures is
4
number of X failures is
0
average trial time
252.6376206569156
mu is
0.00011049723756906077
number of trials is
36200
number of Z or Y failures is
4
number of X failures is
0
average trial time
254.01145671486043
mu is
0.00010989010989010989
number of trials is
36400
number of Z or Y failures is
4
number of X failures is
0
average trial time
255.39314417923032
mu is
0.0001092896174863388
number of trials is
36600
number of Z or Y failures is
4
number of X failures is
0
average trial time
256.7909636156653
mu is
0.00010869565217391305
number of trials is
36800
number of Z or Y failures is
4
number of X failures is
0
average trial time
258.1715139090597
mu is
0.00013513513513513514
number of trials is
37000
number of Z or Y failures is
5
number of X failures is
0
average trial time
259.55268832676956
stderr is
6.04310027682862e-5
target is
1.3513513513513515e-5
mu is
0.00013440860215053763
number of trials is
37200
number of Z or Y failures is
5
number of X failures is
0
average trial time
260.91866425893943
stderr is
6.0106122374395594e-5
target is
1.3440860215053763e-5
mu is
0.00013368983957219252
number of trials is
37400
number of Z or Y failures is
5
number of X failures is
0
average trial time
262.2863746170442
stderr is
5.978471645126361e-5
target is
1.3368983957219252e-5
mu is
0.00013297872340425532
number of trials is
37600
number of Z or Y failures is
5
number of X failures is
0
average trial time
263.6710883136944
stderr is
5.946672955815818e-5
target is
1.3297872340425533e-5
mu is
0.00013227513227513228
number of trials is
37800
number of Z or Y failures is
5
number of X failures is
0
average trial time
265.04188548524957
stderr is
5.9152107427633926e-5
target is
1.322751322751323e-5
mu is
0.00013157894736842105
number of trials is
38000
number of Z or Y failures is
5
number of X failures is
0
average trial time
266.4141370378198
stderr is
5.884079693465786e-5
target is
1.3157894736842106e-5
mu is
0.00013089005235602096
number of trials is
38200
number of Z or Y failures is
5
number of X failures is
0
average trial time
267.79139003787975
stderr is
5.853274606670486e-5
target is
1.3089005235602096e-5
mu is
0.00013020833333333333
number of trials is
38400
number of Z or Y failures is
5
number of X failures is
0
average trial time
269.161151471505
stderr is
5.822790389478761e-5
target is
1.3020833333333334e-5
mu is
0.00012953367875647668
number of trials is
38600
number of Z or Y failures is
5
number of X failures is
0
average trial time
270.5459341758599
stderr is
5.792622054538712e-5
target is
1.2953367875647668e-5
mu is
0.0001288659793814433
number of trials is
38800
number of Z or Y failures is
5
number of X failures is
0
average trial time
271.9152218256198
stderr is
5.7627647173251345e-5
target is
1.288659793814433e-5
mu is
0.0001282051282051282
number of trials is
39000
number of Z or Y failures is
5
number of X failures is
0
average trial time
273.29400999138966
stderr is
5.7332135935030775e-5
target is
1.2820512820512822e-5
mu is
0.00012755102040816328
number of trials is
39200
number of Z or Y failures is
5
number of X failures is
0
average trial time
274.6639264702697
stderr is
5.703963996372085e-5
target is
1.2755102040816329e-5
mu is
0.0001269035532994924
number of trials is
39400
number of Z or Y failures is
5
number of X failures is
0
average trial time
276.0502560463295
stderr is
5.675011334388308e-5
target is
1.269035532994924e-5
mu is
0.00012626262626262626
number of trials is
39600
number of Z or Y failures is
5
number of X failures is
0
average trial time
277.42380055786447
stderr is
5.646351108761668e-5
target is
1.2626262626262626e-5
mu is
0.0001256281407035176
number of trials is
39800
number of Z or Y failures is
5
number of X failures is
0
average trial time
278.79907217378445
stderr is
5.6179789111254807e-5
target is
1.256281407035176e-5
mu is
0.000125
number of trials is
40000
number of Z or Y failures is
5
number of X failures is
0
average trial time
280.16056938797976
stderr is
5.589890421275988e-5
target is
1.25e-5
mu is
0.00014925373134328358
number of trials is
40200
number of Z or Y failures is
6
number of X failures is
0
average trial time
281.5284120801597
stderr is
6.0928791114549104e-5
target is
1.4925373134328359e-5
mu is
0.0001485148514851485
number of trials is
40400
number of Z or Y failures is
6
number of X failures is
0
average trial time
282.8963155456746
stderr is
6.062718210408881e-5
target is
1.4851485148514851e-5
mu is
0.00014778325123152708
number of trials is
40600
number of Z or Y failures is
6
number of X failures is
0
average trial time
284.2733672292597
stderr is
6.032854442794444e-5
target is
1.477832512315271e-5
mu is
0.00014705882352941175
number of trials is
40800
number of Z or Y failures is
6
number of X failures is
0
average trial time
285.62313004598957
stderr is
6.00328343927017e-5
target is
1.4705882352941175e-5
mu is
0.00014634146341463414
number of trials is
41000
number of Z or Y failures is
6
number of X failures is
0
average trial time
286.9945228017297
stderr is
5.974000915744863e-5
target is
1.4634146341463415e-5
mu is
0.00014563106796116506
number of trials is
41200
number of Z or Y failures is
6
number of X failures is
0
average trial time
288.3820537631945
stderr is
5.945002671308522e-5
target is
1.4563106796116507e-5
mu is
0.00014492753623188405
number of trials is
41400
number of Z or Y failures is
6
number of X failures is
0
average trial time
289.7909766547544
stderr is
5.9162845862232396e-5
target is
1.4492753623188407e-5
mu is
0.00014423076923076924
number of trials is
41600
number of Z or Y failures is
6
number of X failures is
0
average trial time
291.1942877505442
stderr is
5.887842619972075e-5
target is
1.4423076923076924e-5
mu is
0.00014354066985645933
number of trials is
41800
number of Z or Y failures is
6
number of X failures is
0
average trial time
292.5959253001644
stderr is
5.8596728093639314e-5
target is
1.4354066985645934e-5
mu is
0.00014285714285714287
number of trials is
42000
number of Z or Y failures is
6
number of X failures is
0
average trial time
293.97932098456454
stderr is
5.831771266692566e-5
target is
1.4285714285714287e-5
mu is
0.00014218009478672987
number of trials is
42200
number of Z or Y failures is
6
number of X failures is
0
average trial time
295.3749659722296
stderr is
5.804134177947961e-5
target is
1.4218009478672987e-5
mu is
0.00014150943396226416
number of trials is
42400
number of Z or Y failures is
6
number of X failures is
0
average trial time
296.7817750155596
stderr is
5.77675780107831e-5
target is
1.4150943396226417e-5
mu is
0.00014084507042253522
number of trials is
42600
number of Z or Y failures is
6
number of X failures is
0
average trial time
298.16879453048955
stderr is
5.74963846430095e-5
target is
1.4084507042253523e-5
mu is
0.00014018691588785047
number of trials is
42800
number of Z or Y failures is
6
number of X failures is
0
average trial time
299.5682283673194
stderr is
5.7227725644606604e-5
target is
1.4018691588785047e-5
mu is
0.00013953488372093022
number of trials is
43000
number of Z or Y failures is
6
number of X failures is
0
average trial time
300.9706520233345
stderr is
5.696156565433766e-5
target is
1.3953488372093024e-5
mu is
0.0001388888888888889
number of trials is
43200
number of Z or Y failures is
6
number of X failures is
0
average trial time
302.3610192398095
stderr is
5.669786996576572e-5
target is
1.388888888888889e-5
mu is
0.00013824884792626728
number of trials is
43400
number of Z or Y failures is
6
number of X failures is
0
average trial time
303.75523645549924
stderr is
5.643660451216698e-5
target is
1.3824884792626728e-5
mu is
0.00013761467889908258
number of trials is
43600
number of Z or Y failures is
6
number of X failures is
0
average trial time
305.14121543557417
stderr is
5.617773585185926e-5
target is
1.376146788990826e-5
mu is
0.000136986301369863
number of trials is
43800
number of Z or Y failures is
6
number of X failures is
0
average trial time
306.50697148055946
stderr is
5.592123115393248e-5
target is
1.3698630136986302e-5
mu is
0.00013636363636363637
number of trials is
44000
number of Z or Y failures is
6
number of X failures is
0
average trial time
307.8831663019091
stderr is
5.566705818436825e-5
target is
1.3636363636363638e-5
mu is
0.0001583710407239819
number of trials is
44200
number of Z or Y failures is
7
number of X failures is
0
average trial time
309.26656641038915
stderr is
5.98545639146145e-5
target is
1.583710407239819e-5
mu is
0.00015765765765765765
number of trials is
44400
number of Z or Y failures is
7
number of X failures is
0
average trial time
310.6503958222592
stderr is
5.958496698237915e-5
target is
1.5765765765765765e-5
mu is
0.0001569506726457399
number of trials is
44600
number of Z or Y failures is
7
number of X failures is
0
average trial time
312.01650806019416
stderr is
5.931778779716075e-5
target is
1.569506726457399e-5
mu is
0.00015625
number of trials is
44800
number of Z or Y failures is
7
number of X failures is
0
average trial time
313.38856184659903
stderr is
5.90529939805882e-5
target is
1.5625e-5
mu is
0.00015555555555555556
number of trials is
45000
number of Z or Y failures is
7
number of X failures is
0
average trial time
314.777303362944
stderr is
5.879055372986741e-5
target is
1.555555555555556e-5
mu is
0.00015486725663716813
number of trials is
45200
number of Z or Y failures is
7
number of X failures is
0
average trial time
316.13705502708893
stderr is
5.8530435805048296e-5
target is
1.5486725663716813e-5
mu is
0.00015418502202643172
number of trials is
45400
number of Z or Y failures is
7
number of X failures is
0
average trial time
317.53034423879404
stderr is
5.827260951662803e-5
target is
1.5418502202643173e-5
mu is
0.00015350877192982457
number of trials is
45600
number of Z or Y failures is
7
number of X failures is
0
average trial time
318.90528779180397
stderr is
5.80170447134807e-5
target is
1.5350877192982457e-5
mu is
0.00015283842794759826
number of trials is
45800
number of Z or Y failures is
7
number of X failures is
0
average trial time
320.289114179894
stderr is
5.7763711771103085e-5
target is
1.5283842794759826e-5
mu is
0.00015217391304347825
number of trials is
46000
number of Z or Y failures is
7
number of X failures is
0
average trial time
321.669989113644
stderr is
5.751258158016711e-5
target is
1.5217391304347825e-5
mu is
0.00015151515151515152
number of trials is
46200
number of Z or Y failures is
7
number of X failures is
0
average trial time
323.05246372586896
stderr is
5.726362553536956e-5
target is
1.5151515151515153e-5
mu is
0.00015086206896551725
number of trials is
46400
number of Z or Y failures is
7
number of X failures is
0
average trial time
324.4245446376138
stderr is
5.7016815524570215e-5
target is
1.5086206896551726e-5
mu is
0.0001502145922746781
number of trials is
46600
number of Z or Y failures is
7
number of X failures is
0
average trial time
325.8199595997187
stderr is
5.6772123918209635e-5
target is
1.5021459227467811e-5
mu is
0.00014957264957264957
number of trials is
46800
number of Z or Y failures is
7
number of X failures is
0
average trial time
327.1950923249787
stderr is
5.652952355899821e-5
target is
1.4957264957264958e-5
mu is
0.00014893617021276596
number of trials is
47000
number of Z or Y failures is
7
number of X failures is
0
average trial time
328.57169773379377
stderr is
5.628898775186857e-5
target is
1.4893617021276596e-5
mu is
0.0001483050847457627
number of trials is
47200
number of Z or Y failures is
7
number of X failures is
0
average trial time
329.9466507260636
stderr is
5.605049025418333e-5
target is
1.4830508474576272e-5
mu is
0.00014767932489451475
number of trials is
47400
number of Z or Y failures is
7
number of X failures is
0
average trial time
331.32937082072846
stderr is
5.5814005266190795e-5
target is
1.4767932489451475e-5
mu is
0.00014705882352941175
number of trials is
47600
number of Z or Y failures is
7
number of X failures is
0
average trial time
332.6893031326332
stderr is
5.557950742172116e-5
target is
1.4705882352941175e-5
mu is
0.00014644351464435147
number of trials is
47800
number of Z or Y failures is
7
number of X failures is
0
average trial time
334.06015309626315
stderr is
5.534697177911643e-5
target is
1.4644351464435149e-5
mu is
0.00014583333333333335
number of trials is
48000
number of Z or Y failures is
7
number of X failures is
0
average trial time
335.4261368157732
stderr is
5.511637381238681e-5
target is
1.4583333333333335e-5
mu is
0.00014522821576763486
number of trials is
48200
number of Z or Y failures is
7
number of X failures is
0
average trial time
336.7983177352076
stderr is
5.488768940258765e-5
target is
1.4522821576763487e-5
mu is
0.00014462809917355373
number of trials is
48400
number of Z or Y failures is
7
number of X failures is
0
average trial time
338.1850247572479
stderr is
5.466089482940972e-5
target is
1.4462809917355374e-5
mu is
0.0001440329218106996
number of trials is
48600
number of Z or Y failures is
7
number of X failures is
0
average trial time
339.57593138242765
stderr is
5.443596676297752e-5
target is
1.440329218106996e-5
mu is
0.00014344262295081967
number of trials is
48800
number of Z or Y failures is
7
number of X failures is
0
average trial time
340.94845743906836
stderr is
5.4212882255848926e-5
target is
1.4344262295081968e-5
mu is
0.00014285714285714287
number of trials is
49000
number of Z or Y failures is
7
number of X failures is
0
average trial time
342.3321777003081
stderr is
5.399161873521105e-5
target is
1.4285714285714287e-5
mu is
0.00014227642276422764
number of trials is
49200
number of Z or Y failures is
7
number of X failures is
0
average trial time
343.7183997196979
stderr is
5.3772153995266144e-5
target is
1.4227642276422766e-5
mu is
0.00014170040485829958
number of trials is
49400
number of Z or Y failures is
7
number of X failures is
0
average trial time
345.0972333118827
stderr is
5.3554466189802754e-5
target is
1.417004048582996e-5
mu is
0.00014112903225806453
number of trials is
49600
number of Z or Y failures is
7
number of X failures is
0
average trial time
346.46275405111754
stderr is
5.3338533824946293e-5
target is
1.4112903225806454e-5
mu is
0.00014056224899598393
number of trials is
49800
number of Z or Y failures is
7
number of X failures is
0
average trial time
347.8423078715925
stderr is
5.312433575208452e-5
target is
1.4056224899598394e-5
mu is
0.00014
number of trials is
50000
number of Z or Y failures is
7
number of X failures is
0
average trial time
349.2256592426874
stderr is
5.2911851160962664e-5
target is
1.4e-5
mu is
0.00013944223107569722
number of trials is
50200
number of Z or Y failures is
7
number of X failures is
0
average trial time
350.6043641354926
stderr is
5.2701059572943654e-5
target is
1.3944223107569722e-5
mu is
0.0001388888888888889
number of trials is
50400
number of Z or Y failures is
7
number of X failures is
0
average trial time
351.9762039214722
stderr is
5.249194083442878e-5
target is
1.388888888888889e-5
mu is
0.0001383399209486166
number of trials is
50600
number of Z or Y failures is
7
number of X failures is
0
average trial time
353.35806665783724
stderr is
5.2284475110434444e-5
target is
1.383399209486166e-5
mu is
0.00013779527559055118
number of trials is
50800
number of Z or Y failures is
7
number of X failures is
0
average trial time
354.7399763704468
stderr is
5.207864287832048e-5
target is
1.377952755905512e-5
mu is
0.0001372549019607843
number of trials is
51000
number of Z or Y failures is
7
number of X failures is
0
average trial time
356.1096719289521
stderr is
5.1874424921666245e-5
target is
1.3725490196078432e-5
mu is
0.00013671875
number of trials is
51200
number of Z or Y failures is
7
number of X failures is
0
average trial time
357.48964763389245
stderr is
5.1671802324290034e-5
target is
1.3671875000000002e-5
mu is
0.00013618677042801557
number of trials is
51400
number of Z or Y failures is
7
number of X failures is
0
average trial time
358.85770578617206
stderr is
5.147075646440825e-5
target is
1.3618677042801558e-5
mu is
0.00013565891472868216
number of trials is
51600
number of Z or Y failures is
7
number of X failures is
0
average trial time
360.2356984851275
stderr is
5.12712690089303e-5
target is
1.3565891472868217e-5
mu is
0.00013513513513513514
number of trials is
51800
number of Z or Y failures is
7
number of X failures is
0
average trial time
361.59956016756763
stderr is
5.107332190788574e-5
target is
1.3513513513513515e-5
mu is
0.0001346153846153846
number of trials is
52000
number of Z or Y failures is
7
number of X failures is
0
average trial time
362.97370578865264
stderr is
5.0876897388979965e-5
target is
1.3461538461538462e-5
mu is
0.00013409961685823755
number of trials is
52200
number of Z or Y failures is
7
number of X failures is
0
average trial time
364.3576026945673
stderr is
5.068197795227498e-5
target is
1.3409961685823755e-5
mu is
0.000133587786259542
number of trials is
52400
number of Z or Y failures is
7
number of X failures is
0
average trial time
365.7291056481569
stderr is
5.0488546364992205e-5
target is
1.33587786259542e-5
mu is
0.00013307984790874526
number of trials is
52600
number of Z or Y failures is
7
number of X failures is
0
average trial time
367.10703107241153
stderr is
5.0296585656433507e-5
target is
1.3307984790874526e-5
mu is
0.0001325757575757576
number of trials is
52800
number of Z or Y failures is
7
number of X failures is
0
average trial time
368.4759432740265
stderr is
5.0106079113017974e-5
target is
1.325757575757576e-5
mu is
0.0001320754716981132
number of trials is
53000
number of Z or Y failures is
7
number of X failures is
0
average trial time
369.85264144658686
stderr is
4.9917010273430866e-5
target is
1.3207547169811323e-5
mu is
0.00013157894736842105
number of trials is
53200
number of Z or Y failures is
7
number of X failures is
0
average trial time
371.2372026645015
stderr is
4.972936292388205e-5
target is
1.3157894736842106e-5
mu is
0.00013108614232209737
number of trials is
53400
number of Z or Y failures is
7
number of X failures is
0
average trial time
372.60111814108654
stderr is
4.954312109347095e-5
target is
1.3108614232209737e-5
mu is
0.00013059701492537312
number of trials is
53600
number of Z or Y failures is
7
number of X failures is
0
average trial time
373.9704033077711
stderr is
4.935826904965528e-5
target is
1.3059701492537313e-5
mu is
0.00013011152416356878
number of trials is
53800
number of Z or Y failures is
7
number of X failures is
0
average trial time
375.337835422846
stderr is
4.91747912938209e-5
target is
1.3011152416356879e-5
mu is
0.00012962962962962963
number of trials is
54000
number of Z or Y failures is
7
number of X failures is
0
average trial time
376.7179883991962
stderr is
4.8992672556949966e-5
target is
1.2962962962962964e-5
mu is
0.00012915129151291514
number of trials is
54200
number of Z or Y failures is
7
number of X failures is
0
average trial time
378.09714427948063
stderr is
4.881189779538512e-5
target is
1.2915129151291515e-5
mu is
0.0001286764705882353
number of trials is
54400
number of Z or Y failures is
7
number of X failures is
0
average trial time
379.4607485951955
stderr is
4.8632452186687065e-5
target is
1.2867647058823532e-5
mu is
0.0001282051282051282
number of trials is
54600
number of Z or Y failures is
7
number of X failures is
0
average trial time
380.82184614238037
stderr is
4.845432112558314e-5
target is
1.2820512820512822e-5
mu is
0.00012773722627737227
number of trials is
54800
number of Z or Y failures is
7
number of X failures is
0
average trial time
382.1894669436505
stderr is
4.82774902200047e-5
target is
1.2773722627737228e-5
mu is
0.00014545454545454546
number of trials is
55000
number of Z or Y failures is
8
number of X failures is
0
average trial time
383.5622429391897
stderr is
5.142267499870886e-5
target is
1.4545454545454546e-5
mu is
0.00014492753623188405
number of trials is
55200
number of Z or Y failures is
8
number of X failures is
0
average trial time
384.92156881445
stderr is
5.123637277417993e-5
target is
1.4492753623188407e-5
mu is
0.00016245487364620939
number of trials is
55400
number of Z or Y failures is
9
number of X failures is
0
average trial time
386.2967412109594
stderr is
5.4147714472406024e-5
target is
1.6245487364620938e-5
mu is
0.0001618705035971223
number of trials is
55600
number of Z or Y failures is
9
number of X failures is
0
average trial time
387.67473214460426
stderr is
5.395295253625185e-5
target is
1.6187050359712232e-5
mu is
0.00016129032258064516
number of trials is
55800
number of Z or Y failures is
9
number of X failures is
0
average trial time
389.030534803344
stderr is
5.3759586642896605e-5
target is
1.6129032258064517e-5
mu is
0.0001607142857142857
number of trials is
56000
number of Z or Y failures is
9
number of X failures is
0
average trial time
390.4097581833446
stderr is
5.3567601835807756e-5
target is
1.6071428571428572e-5
mu is
0.0001601423487544484
number of trials is
56200
number of Z or Y failures is
9
number of X failures is
0
average trial time
391.76727357123485
stderr is
5.337698337134193e-5
target is
1.601423487544484e-5
mu is
0.00015957446808510637
number of trials is
56400
number of Z or Y failures is
9
number of X failures is
0
average trial time
393.1138333018544
stderr is
5.318771671497066e-5
target is
1.5957446808510637e-5
mu is
0.0001590106007067138
number of trials is
56600
number of Z or Y failures is
9
number of X failures is
0
average trial time
394.49637870675963
stderr is
5.299978753758597e-5
target is
1.590106007067138e-5
mu is
0.0001584507042253521
number of trials is
56800
number of Z or Y failures is
9
number of X failures is
0
average trial time
395.8644381757
stderr is
5.2813181711884056e-5
target is
1.5845070422535213e-5
mu is
0.00015789473684210527
number of trials is
57000
number of Z or Y failures is
9
number of X failures is
0
average trial time
397.23806592180966
stderr is
5.262788530882518e-5
target is
1.5789473684210526e-5
mu is
0.00015734265734265734
number of trials is
57200
number of Z or Y failures is
9
number of X failures is
0
average trial time
398.6040423656201
stderr is
5.244388459416771e-5
target is
1.5734265734265734e-5
mu is
0.00015679442508710801
number of trials is
57400
number of Z or Y failures is
9
number of X failures is
0
average trial time
399.9749398998398
stderr is
5.226116602507465e-5
target is
1.5679442508710803e-5
mu is
0.00015625
number of trials is
57600
number of Z or Y failures is
9
number of X failures is
0
average trial time
401.35519556046506
stderr is
5.207971624679091e-5
target is
1.5625e-5
mu is
0.00015570934256055362
number of trials is
57800
number of Z or Y failures is
9
number of X failures is
0
average trial time
402.7270793654352
stderr is
5.189952208938947e-5
target is
1.5570934256055363e-5
mu is
0.00015517241379310346
number of trials is
58000
number of Z or Y failures is
9
number of X failures is
0
average trial time
404.0904042648302
stderr is
5.1720570564585005e-5
target is
1.5517241379310346e-5
mu is
0.00015463917525773195
number of trials is
58200
number of Z or Y failures is
9
number of X failures is
0
average trial time
405.4616593560902
stderr is
5.154284886261299e-5
target is
1.5463917525773194e-5
mu is
0.00015410958904109589
number of trials is
58400
number of Z or Y failures is
9
number of X failures is
0
average trial time
406.82487644403534
stderr is
5.136634434917313e-5
target is
1.541095890410959e-5
mu is
0.00015358361774744027
number of trials is
58600
number of Z or Y failures is
9
number of X failures is
0
average trial time
408.1980888052048
stderr is
5.119104456243523e-5
target is
1.5358361774744027e-5
mu is
0.0001530612244897959
number of trials is
58800
number of Z or Y failures is
9
number of X failures is
0
average trial time
409.5697611898246
stderr is
5.101693721010632e-5
target is
1.530612244897959e-5
mu is
0.00015254237288135592
number of trials is
59000
number of Z or Y failures is
9
number of X failures is
0
average trial time
410.9263199192693
stderr is
5.084401016655722e-5
target is
1.5254237288135592e-5
mu is
0.00015202702702702702
number of trials is
59200
number of Z or Y failures is
9
number of X failures is
0
average trial time
412.2744274478189
stderr is
5.0672251470007576e-5
target is
1.5202702702702702e-5
mu is
0.00015151515151515152
number of trials is
59400
number of Z or Y failures is
9
number of X failures is
0
average trial time
413.63217061227385
stderr is
5.0501649319767594e-5
target is
1.5151515151515153e-5
mu is
0.00015100671140939596
number of trials is
59600
number of Z or Y failures is
9
number of X failures is
0
average trial time
414.99675311588345
stderr is
5.0332192073535325e-5
target is
1.5100671140939598e-5
mu is
0.00015050167224080267
number of trials is
59800
number of Z or Y failures is
9
number of X failures is
0
average trial time
416.3761230141337
stderr is
5.016386824474829e-5
target is
1.5050167224080267e-5
mu is
0.00015
number of trials is
60000
number of Z or Y failures is
9
number of X failures is
0
average trial time
417.7402872126282
stderr is
4.9996666499987966e-5
target is
1.4999999999999999e-5
mu is
0.0001495016611295681
number of trials is
60200
number of Z or Y failures is
9
number of X failures is
0
average trial time
419.10330373532315
stderr is
4.983057565643599e-5
target is
1.495016611295681e-5
mu is
0.0001490066225165563
number of trials is
60400
number of Z or Y failures is
9
number of X failures is
0
average trial time
420.45855073774345
stderr is
4.966558467938104e-5
target is
1.490066225165563e-5
mu is
0.0001485148514851485
number of trials is
60600
number of Z or Y failures is
9
number of X failures is
0
average trial time
421.8341316132886
stderr is
4.9501682679774885e-5
target is
1.4851485148514851e-5
mu is
0.0001480263157894737
number of trials is
60800
number of Z or Y failures is
9
number of X failures is
0
average trial time
423.21914942895353
stderr is
4.933885891183684e-5
target is
1.480263157894737e-5
mu is
0.00014754098360655738
number of trials is
61000
number of Z or Y failures is
9
number of X failures is
0
average trial time
424.5889187671882
stderr is
4.917710277070522e-5
target is
1.4754098360655739e-5
mu is
0.00014705882352941175
number of trials is
61200
number of Z or Y failures is
9
number of X failures is
0
average trial time
425.9510198279578
stderr is
4.901640379013495e-5
target is
1.4705882352941175e-5
mu is
0.0001465798045602606
number of trials is
61400
number of Z or Y failures is
9
number of X failures is
0
average trial time
427.319913870103
stderr is
4.885675164024006e-5
target is
1.465798045602606e-5
mu is
0.00016233766233766234
number of trials is
61600
number of Z or Y failures is
10
number of X failures is
0
average trial time
428.68892208166807
stderr is
5.133192593240285e-5
target is
1.6233766233766234e-5
mu is
0.00016181229773462783
number of trials is
61800
number of Z or Y failures is
10
number of X failures is
0
average trial time
430.0545034670775
stderr is
5.116581529323172e-5
target is
1.6181229773462785e-5
mu is
0.00016129032258064516
number of trials is
62000
number of Z or Y failures is
10
number of X failures is
0
average trial time
431.4159760666627
stderr is
5.100077625779667e-5
target is
1.6129032258064517e-5
mu is
0.0001607717041800643
number of trials is
62200
number of Z or Y failures is
10
number of X failures is
0
average trial time
432.78177290526764
stderr is
5.083679848983235e-5
target is
1.6077170418006433e-5
mu is
0.00016025641025641026
number of trials is
62400
number of Z or Y failures is
10
number of X failures is
0
average trial time
434.15769392313325
stderr is
5.067387178558005e-5
target is
1.6025641025641026e-5
mu is
0.0001597444089456869
number of trials is
62600
number of Z or Y failures is
10
number of X failures is
0
average trial time
435.5113213488337
stderr is
5.051198607167117e-5
target is
1.597444089456869e-5
mu is
0.0001592356687898089
number of trials is
62800
number of Z or Y failures is
10
number of X failures is
0
average trial time
436.8776244925235
stderr is
5.035113140305109e-5
target is
1.592356687898089e-5
mu is
0.00015873015873015873
number of trials is
63000
number of Z or Y failures is
10
number of X failures is
0
average trial time
438.2460747819186
stderr is
5.019129796094255e-5
target is
1.5873015873015872e-5
mu is
0.00015822784810126583
number of trials is
63200
number of Z or Y failures is
10
number of X failures is
0
average trial time
439.61997893213845
stderr is
5.0032476050847734e-5
target is
1.5822784810126583e-5
mu is
0.0001577287066246057
number of trials is
63400
number of Z or Y failures is
10
number of X failures is
0
average trial time
440.9886341812733
stderr is
4.9874656100588264e-5
target is
1.577287066246057e-5
mu is
0.00015723270440251572
number of trials is
63600
number of Z or Y failures is
10
number of X failures is
0
average trial time
442.35414478556316
stderr is
4.9717828658381915e-5
target is
1.572327044025157e-5
mu is
0.00015673981191222572
number of trials is
63800
number of Z or Y failures is
10
number of X failures is
0
average trial time
443.74917012486316
stderr is
4.956198439095579e-5
target is
1.567398119122257e-5
mu is
0.00015625
number of trials is
64000
number of Z or Y failures is
10
number of X failures is
0
average trial time
445.13369115298315
stderr is
4.940711408169467e-5
target is
1.5625e-5
mu is
0.00015576323987538941
number of trials is
64200
number of Z or Y failures is
10
number of X failures is
0
average trial time
446.531053287018
stderr is
4.92532086288241e-5
target is
1.5576323987538943e-5
mu is
0.00015527950310559007
number of trials is
64400
number of Z or Y failures is
10
number of X failures is
0
average trial time
447.91569471687836
stderr is
4.910025904362722e-5
target is
1.5527950310559007e-5
mu is
0.00015479876160990713
number of trials is
64600
number of Z or Y failures is
10
number of X failures is
0
average trial time
449.2970775732184
stderr is
4.8948256448694785e-5
target is
1.5479876160990712e-5
mu is
0.00015432098765432098
number of trials is
64800
number of Z or Y failures is
10
number of X failures is
0
average trial time
450.6777487740333
stderr is
4.87971920762076e-5
target is
1.54320987654321e-5
mu is
0.00015384615384615385
number of trials is
65000
number of Z or Y failures is
10
number of X failures is
0
average trial time
452.06004890273834
stderr is
4.86470572662506e-5
target is
1.5384615384615387e-5
mu is
0.00015337423312883436
number of trials is
65200
number of Z or Y failures is
10
number of X failures is
0
average trial time
453.4497828209829
stderr is
4.849784346515802e-5
target is
1.5337423312883436e-5
mu is
0.0001529051987767584
number of trials is
65400
number of Z or Y failures is
10
number of X failures is
0
average trial time
454.83268400088286
stderr is
4.8349542223888884e-5
target is
1.5290519877675842e-5
mu is
0.0001524390243902439
number of trials is
65600
number of Z or Y failures is
10
number of X failures is
0
average trial time
456.20710688356235
stderr is
4.820214519643221e-5
target is
1.524390243902439e-5
mu is
0.00015197568389057752
number of trials is
65800
number of Z or Y failures is
10
number of X failures is
0
average trial time
457.5902129876471
stderr is
4.8055644138241376e-5
target is
1.5197568389057753e-5
mu is
0.00015151515151515152
number of trials is
66000
number of Z or Y failures is
10
number of X failures is
0
average trial time
458.9776856338675
stderr is
4.791003090469679e-5
target is
1.5151515151515153e-5
mu is
0.00015105740181268882
number of trials is
66200
number of Z or Y failures is
10
number of X failures is
0
average trial time
460.37108164255733
stderr is
4.776529744959663e-5
target is
1.5105740181268882e-5
mu is
0.00015060240963855423
number of trials is
66400
number of Z or Y failures is
10
number of X failures is
0
average trial time
461.7485786497319
stderr is
4.762143582367463e-5
target is
1.5060240963855424e-5
mu is
0.00015015015015015014
number of trials is
66600
number of Z or Y failures is
10
number of X failures is
0
average trial time
463.15992136288173
stderr is
4.747843817314479e-5
target is
1.5015015015015015e-5
mu is
0.0001497005988023952
number of trials is
66800
number of Z or Y failures is
10
number of X failures is
0
average trial time
464.5366813639819
stderr is
4.733629673827208e-5
target is
1.497005988023952e-5
mu is
0.00014925373134328358
number of trials is
67000
number of Z or Y failures is
10
number of X failures is
0
average trial time
465.9208124900065
stderr is
4.719500385196878e-5
target is
1.4925373134328359e-5
mu is
0.00014880952380952382
number of trials is
67200
number of Z or Y failures is
10
number of X failures is
0
average trial time
467.2901358050618
stderr is
4.705455193841593e-5
target is
1.4880952380952383e-5
mu is
0.0001483679525222552
number of trials is
67400
number of Z or Y failures is
10
number of X failures is
0
average trial time
468.6623256194364
stderr is
4.6914933511709264e-5
target is
1.483679525222552e-5
mu is
0.00014792899408284024
number of trials is
67600
number of Z or Y failures is
10
number of X failures is
0
average trial time
470.0391249404913
stderr is
4.677614117452917e-5
target is
1.4792899408284025e-5
mu is
0.00014749262536873156
number of trials is
67800
number of Z or Y failures is
10
number of X failures is
0
average trial time
471.4253976002412
stderr is
4.663816761683429e-5
target is
1.4749262536873157e-5
mu is
0.00014705882352941175
number of trials is
68000
number of Z or Y failures is
10
number of X failures is
0
average trial time
472.80942038144565
stderr is
4.6501005614578024e-5
target is
1.4705882352941175e-5
mu is
0.00016129032258064516
number of trials is
68200
number of Z or Y failures is
11
number of X failures is
0
average trial time
474.17699757951067
stderr is
4.8627296533221345e-5
target is
1.6129032258064517e-5
mu is
0.0001608187134502924
number of trials is
68400
number of Z or Y failures is
11
number of X failures is
0
average trial time
475.5604179676657
stderr is
4.848512185111238e-5
target is
1.6081871345029242e-5
mu is
0.00016034985422740523
number of trials is
68600
number of Z or Y failures is
11
number of X failures is
0
average trial time
476.95306798745077
stderr is
4.83437761154548e-5
target is
1.6034985422740524e-5
mu is
0.00015988372093023255
number of trials is
68800
number of Z or Y failures is
11
number of X failures is
0
average trial time
478.3177011335457
stderr is
4.8203252097590056e-5
target is
1.5988372093023257e-5
mu is
0.00015942028985507247
number of trials is
69000
number of Z or Y failures is
11
number of X failures is
0
average trial time
479.7000820452103
stderr is
4.806354265266402e-5
target is
1.5942028985507246e-5
mu is
0.00015895953757225434
number of trials is
69200
number of Z or Y failures is
11
number of X failures is
0
average trial time
481.07174411375047
stderr is
4.792464071841608e-5
target is
1.5895953757225435e-5
mu is
0.0001585014409221902
number of trials is
69400
number of Z or Y failures is
11
number of X failures is
0
average trial time
482.44324637239566
stderr is
4.778653931398911e-5
target is
1.585014409221902e-5
mu is
0.00015804597701149425
number of trials is
69600
number of Z or Y failures is
11
number of X failures is
0
average trial time
483.79690026007034
stderr is
4.764923153875992e-5
target is
1.5804597701149425e-5
mu is
0.00015759312320916906
number of trials is
69800
number of Z or Y failures is
11
number of X failures is
0
average trial time
485.1706383083051
stderr is
4.751271057118993e-5
target is
1.5759312320916907e-5
mu is
0.00015714285714285713
number of trials is
70000
number of Z or Y failures is
11
number of X failures is
0
average trial time
486.54821151185484
stderr is
4.7376969667695383e-5
target is
1.5714285714285715e-5
mu is
0.0001566951566951567
number of trials is
70200
number of Z or Y failures is
11
number of X failures is
0
average trial time
487.92019963006965
stderr is
4.724200216153706e-5
target is
1.5669515669515672e-5
mu is
0.00015625
number of trials is
70400
number of Z or Y failures is
11
number of X failures is
0
average trial time
489.2925436336542
stderr is
4.710780146172871e-5
target is
1.5625e-5
mu is
0.00015580736543909348
number of trials is
70600
number of Z or Y failures is
11
number of X failures is
0
average trial time
490.6763822510292
stderr is
4.697436105196422e-5
target is
1.558073654390935e-5
mu is
0.0001553672316384181
number of trials is
70800
number of Z or Y failures is
11
number of X failures is
0
average trial time
492.05286420918964
stderr is
4.68416744895628e-5
target is
1.553672316384181e-5
mu is
0.00015492957746478874
number of trials is
71000
number of Z or Y failures is
11
number of X failures is
0
average trial time
493.4245529042799
stderr is
4.670973540443222e-5
target is
1.5492957746478876e-5
mu is
0.0001544943820224719
number of trials is
71200
number of Z or Y failures is
11
number of X failures is
0
average trial time
494.7905732692197
stderr is
4.6578537498049196e-5
target is
1.544943820224719e-5
mu is
0.00015406162464985996
number of trials is
71400
number of Z or Y failures is
11
number of X failures is
0
average trial time
496.15380620412907
stderr is
4.644807454245725e-5
target is
1.5406162464985995e-5
mu is
0.0001536312849162011
number of trials is
71600
number of Z or Y failures is
11
number of X failures is
0
average trial time
497.5296850291935
stderr is
4.631834037928112e-5
target is
1.5363128491620113e-5
mu is
0.0001532033426183844
number of trials is
71800
number of Z or Y failures is
11
number of X failures is
0
average trial time
498.91677511523335
stderr is
4.6189328918757785e-5
target is
1.5320334261838443e-5
mu is
0.00015277777777777777
number of trials is
72000
number of Z or Y failures is
11
number of X failures is
0
average trial time
500.3017854241131
stderr is
4.6061034138783514e-5
target is
1.5277777777777777e-5
mu is
0.00015235457063711913
number of trials is
72200
number of Z or Y failures is
11
number of X failures is
0
average trial time
501.6741319492877
stderr is
4.5933450083976906e-5
target is
1.5235457063711913e-5
mu is
0.00015193370165745857
number of trials is
72400
number of Z or Y failures is
11
number of X failures is
0
average trial time
503.03125729912296
stderr is
4.580657086475731e-5
target is
1.5193370165745858e-5
mu is
0.00015151515151515152
number of trials is
72600
number of Z or Y failures is
11
number of X failures is
0
average trial time
504.4217523797776
stderr is
4.568039065643857e-5
target is
1.5151515151515153e-5
mu is
0.0001510989010989011
number of trials is
72800
number of Z or Y failures is
11
number of X failures is
0
average trial time
505.7980070418073
stderr is
4.5554903698337656e-5
target is
1.5109890109890111e-5
mu is
0.00015068493150684933
number of trials is
73000
number of Z or Y failures is
11
number of X failures is
0
average trial time
507.17284618718156
stderr is
4.543010429289802e-5
target is
1.5068493150684933e-5
mu is
0.00015027322404371585
number of trials is
73200
number of Z or Y failures is
11
number of X failures is
0
average trial time
508.53886217462633
stderr is
4.53059868048272e-5
target is
1.5027322404371585e-5
mu is
0.00014986376021798364
number of trials is
73400
number of Z or Y failures is
11
number of X failures is
0
average trial time
509.91917793348637
stderr is
4.518254566024865e-5
target is
1.4986376021798364e-5
mu is
0.00014945652173913043
number of trials is
73600
number of Z or Y failures is
11
number of X failures is
0
average trial time
511.2986415727166
stderr is
4.505977534586731e-5
target is
1.4945652173913044e-5
mu is
0.00014905149051490515
number of trials is
73800
number of Z or Y failures is
11
number of X failures is
0
average trial time
512.6671086106966
stderr is
4.493767040814879e-5
target is
1.4905149051490516e-5
mu is
0.00014864864864864866
number of trials is
74000
number of Z or Y failures is
11
number of X failures is
0
