mu is
0.005
number of trials is
200
number of Z or Y failures is
1
number of X failures is
0
average trial time
2.9154599811350006
mu is
0.0025
number of trials is
400
number of Z or Y failures is
1
number of X failures is
0
average trial time
5.761497848165
mu is
0.0016666666666666668
number of trials is
600
number of Z or Y failures is
1
number of X failures is
0
average trial time
8.707106316595
mu is
0.00125
number of trials is
800
number of Z or Y failures is
1
number of X failures is
0
average trial time
11.84351706991
mu is
0.002
number of trials is
1000
number of Z or Y failures is
2
number of X failures is
0
average trial time
15.055690348135002
mu is
0.0025
number of trials is
1200
number of Z or Y failures is
3
number of X failures is
0
average trial time
18.445237342715007
mu is
0.002142857142857143
number of trials is
1400
number of Z or Y failures is
3
number of X failures is
0
average trial time
21.759061714380014
mu is
0.001875
number of trials is
1600
number of Z or Y failures is
3
number of X failures is
0
average trial time
25.125445949169986
mu is
0.0016666666666666668
number of trials is
1800
number of Z or Y failures is
3
number of X failures is
0
average trial time
28.405526455559972
mu is
0.0015
number of trials is
2000
number of Z or Y failures is
3
number of X failures is
0
average trial time
31.68799802986996
mu is
0.0013636363636363637
number of trials is
2200
number of Z or Y failures is
3
number of X failures is
0
average trial time
35.04001917555499
mu is
0.0016666666666666668
number of trials is
2400
number of Z or Y failures is
4
number of X failures is
0
average trial time
38.354892265359965
mu is
0.0015384615384615385
number of trials is
2600
number of Z or Y failures is
4
number of X failures is
0
average trial time
41.628418680734974
mu is
0.0014285714285714286
number of trials is
2800
number of Z or Y failures is
4
number of X failures is
0
average trial time
44.87205126406496
mu is
0.0013333333333333333
number of trials is
3000
number of Z or Y failures is
4
number of X failures is
0
average trial time
48.114740404044966
mu is
0.00125
number of trials is
3200
number of Z or Y failures is
4
number of X failures is
0
average trial time
51.331916032420025
mu is
0.001176470588235294
number of trials is
3400
number of Z or Y failures is
4
number of X failures is
0
average trial time
54.56746665818497
mu is
0.0011111111111111111
number of trials is
3600
number of Z or Y failures is
4
number of X failures is
0
average trial time
57.74159754467495
mu is
0.0010526315789473684
number of trials is
3800
number of Z or Y failures is
4
number of X failures is
0
average trial time
60.96609959377998
mu is
0.001
number of trials is
4000
number of Z or Y failures is
4
number of X failures is
0
average trial time
64.12310177181999
mu is
0.0011904761904761906
number of trials is
4200
number of Z or Y failures is
5
number of X failures is
0
average trial time
67.36451587598998
stderr is
0.0005321434942566355
target is
0.00011904761904761906
mu is
0.0011363636363636363
number of trials is
4400
number of Z or Y failures is
5
number of X failures is
0
average trial time
70.47751461102501
stderr is
0.0005079661637964474
target is
0.00011363636363636364
mu is
0.0013043478260869566
number of trials is
4600
number of Z or Y failures is
6
number of X failures is
0
average trial time
73.598333353155
stderr is
0.0005322082275627087
target is
0.00013043478260869567
mu is
0.00125
number of trials is
4800
number of Z or Y failures is
6
number of X failures is
0
average trial time
76.71734697883005
stderr is
0.0005100444517684177
target is
0.000125
mu is
0.0012
number of trials is
5000
number of Z or Y failures is
6
number of X failures is
0
average trial time
79.80543575099506
stderr is
0.0004896528892903605
target is
0.00011999999999999999
mu is
0.0015384615384615385
number of trials is
5200
number of Z or Y failures is
8
number of X failures is
0
average trial time
83.02160808084001
stderr is
0.0005435619938809267
target is
0.00015384615384615385
mu is
0.0014814814814814814
number of trials is
5400
number of Z or Y failures is
8
number of X failures is
0
average trial time
86.08497889271496
stderr is
0.0005234431390148508
target is
0.00014814814814814815
mu is
0.0014285714285714286
number of trials is
5600
number of Z or Y failures is
8
number of X failures is
0
average trial time
89.21499087303502
stderr is
0.0005047604444810589
target is
0.00014285714285714287
mu is
0.0015517241379310344
number of trials is
5800
number of Z or Y failures is
9
number of X failures is
0
average trial time
92.34077330745498
stderr is
0.0005168844764703251
target is
0.00015517241379310346
mu is
0.0015
number of trials is
6000
number of Z or Y failures is
9
number of X failures is
0
average trial time
95.43830784241008
stderr is
0.00049966649987952
target is
0.00015000000000000001
mu is
0.0014516129032258066
number of trials is
6200
number of Z or Y failures is
9
number of X failures is
0
average trial time
98.41052968436505
stderr is
0.0004835586417660389
target is
0.00014516129032258066
mu is
0.0015625
number of trials is
6400
number of Z or Y failures is
10
number of X failures is
0
average trial time
101.51091494624507
stderr is
0.0004937582896453793
target is
0.00015625000000000003
mu is
0.0015151515151515152
number of trials is
6600
number of Z or Y failures is
10
number of X failures is
0
average trial time
104.59872779485515
stderr is
0.0004788061362537102
target is
0.00015151515151515152
mu is
0.0017647058823529412
number of trials is
6800
number of Z or Y failures is
12
number of X failures is
0
average trial time
107.72470678898513
stderr is
0.0005090144443816546
target is
0.00017647058823529413
mu is
0.0018571428571428571
number of trials is
7000
number of Z or Y failures is
13
number of X failures is
0
average trial time
110.74959722459025
stderr is
0.0005146370050541853
target is
0.00018571428571428572
mu is
0.0018055555555555555
number of trials is
7200
number of Z or Y failures is
13
number of X failures is
0
average trial time
113.77886001560519
stderr is
0.0005003534692658065
target is
0.00018055555555555555
mu is
0.0017567567567567568
number of trials is
7400
number of Z or Y failures is
13
number of X failures is
0
average trial time
116.7404629482603
stderr is
0.000486841388371327
target is
0.0001756756756756757
mu is
0.0017105263157894738
number of trials is
7600
number of Z or Y failures is
13
number of X failures is
0
average trial time
119.79576189850027
stderr is
0.00047403990634606763
target is
0.00017105263157894739
mu is
0.0016666666666666668
number of trials is
7800
number of Z or Y failures is
13
number of X failures is
0
average trial time
122.90930542075031
stderr is
0.0004618944039786966
target is
0.0001666666666666667
mu is
0.00175
number of trials is
8000
number of Z or Y failures is
14
number of X failures is
0
average trial time
126.09218984394043
stderr is
0.0004673269592168328
target is
0.00017500000000000003
mu is
0.001829268292682927
number of trials is
8200
number of Z or Y failures is
15
number of X failures is
0
average trial time
129.13772428654556
stderr is
0.0004719116249915963
target is
0.0001829268292682927
mu is
0.0017857142857142857
number of trials is
8400
number of Z or Y failures is
15
number of X failures is
0
average trial time
132.1554716478056
stderr is
0.0004606850154270167
target is
0.00017857142857142857
mu is
0.0017441860465116279
number of trials is
8600
number of Z or Y failures is
15
number of X failures is
0
average trial time
135.2388591064558
stderr is
0.00044998014732432315
target is
0.0001744186046511628
mu is
0.0017045454545454545
number of trials is
8800
number of Z or Y failures is
15
number of X failures is
0
average trial time
138.26466920417076
stderr is
0.0004397614758302179
target is
0.00017045454545454547
mu is
0.0017777777777777779
number of trials is
9000
number of Z or Y failures is
16
number of X failures is
0
average trial time
141.38728917809084
stderr is
0.00044407387843317295
target is
0.00017777777777777779
mu is
0.0017391304347826088
number of trials is
9200
number of Z or Y failures is
16
number of X failures is
0
average trial time
144.48864306227097
stderr is
0.0004344279831979468
target is
0.00017391304347826088
mu is
0.001702127659574468
number of trials is
9400
number of Z or Y failures is
16
number of X failures is
0
average trial time
147.4787492560359
stderr is
0.0004251922230418468
target is
0.00017021276595744682
mu is
0.0017708333333333332
number of trials is
9600
number of Z or Y failures is
17
number of X failures is
0
average trial time
150.53070997244578
stderr is
0.0004291320742906637
target is
0.00017708333333333335
mu is
0.0017346938775510204
number of trials is
9800
number of Z or Y failures is
17
number of X failures is
0
average trial time
153.61381653380093
stderr is
0.00042038143943095706
target is
0.00017346938775510205
mu is
0.0017
number of trials is
10000
number of Z or Y failures is
17
number of X failures is
0
average trial time
156.65395401734088
stderr is
0.0004119805490521121
target is
0.00017
mu is
0.0016666666666666668
number of trials is
10200
number of Z or Y failures is
17
number of X failures is
0
average trial time
159.68997750268088
stderr is
0.0004039088461576464
target is
0.0001666666666666667
mu is
0.0016346153846153845
number of trials is
10400
number of Z or Y failures is
17
number of X failures is
0
average trial time
162.68159675874082
stderr is
0.0003961473538350968
target is
0.00016346153846153846
mu is
0.0016037735849056603
number of trials is
10600
number of Z or Y failures is
17
number of X failures is
0
average trial time
165.7252810430956
stderr is
0.00038867852630478013
target is
0.00016037735849056605
mu is
0.001574074074074074
number of trials is
10800
number of Z or Y failures is
17
number of X failures is
0
average trial time
168.7825480461553
stderr is
0.0003814861165063315
target is
0.00015740740740740743
mu is
0.0015454545454545454
number of trials is
11000
number of Z or Y failures is
17
number of X failures is
0
average trial time
171.83711139101538
stderr is
0.0003745550581197573
target is
0.00015454545454545454
mu is
0.0015178571428571428
number of trials is
11200
number of Z or Y failures is
17
number of X failures is
0
average trial time
174.8085009885555
stderr is
0.00036787136021798833
target is
0.0001517857142857143
mu is
0.0014912280701754386
number of trials is
11400
number of Z or Y failures is
17
number of X failures is
0
average trial time
177.85047929113563
stderr is
0.0003614220130007959
target is
0.00014912280701754387
mu is
0.0015517241379310344
number of trials is
11600
number of Z or Y failures is
18
number of X failures is
0
average trial time
180.90586081830563
stderr is
0.000365476762716545
target is
0.00015517241379310346
mu is
0.0015254237288135593
number of trials is
11800
number of Z or Y failures is
18
number of X failures is
0
average trial time
183.88248595096056
stderr is
0.00035928671075558053
target is
0.00015254237288135595
mu is
0.0015
number of trials is
12000
number of Z or Y failures is
18
number of X failures is
0
average trial time
186.9255475480507
stderr is
0.00035330284729746006
target is
0.00015000000000000001
mu is
0.001557377049180328
number of trials is
12200
number of Z or Y failures is
19
number of X failures is
0
average trial time
189.95500928489045
stderr is
0.00035702310750930277
target is
0.0001557377049180328
mu is
0.001532258064516129
number of trials is
12400
number of Z or Y failures is
19
number of X failures is
0
average trial time
193.04079559373554
stderr is
0.000351268856634186
target is
0.00015322580645161292
mu is
0.0015873015873015873
number of trials is
12600
number of Z or Y failures is
20
number of X failures is
0
average trial time
196.09370939549032
stderr is
0.0003546636957570728
target is
0.00015873015873015873
mu is
0.0015625
number of trials is
12800
number of Z or Y failures is
20
number of X failures is
0
average trial time
199.11770651462012
stderr is
0.00034912619526852125
target is
0.00015625000000000003
mu is
0.0015384615384615385
number of trials is
13000
number of Z or Y failures is
20
number of X failures is
0
average trial time
202.12572997622007
stderr is
0.0003437589545435135
target is
0.00015384615384615385
mu is
0.0015151515151515152
number of trials is
13200
number of Z or Y failures is
20
number of X failures is
0
average trial time
205.11771371078495
stderr is
0.00033855424009409784
target is
0.00015151515151515152
mu is
0.0014925373134328358
number of trials is
13400
number of Z or Y failures is
20
number of X failures is
0
average trial time
208.14270970113506
stderr is
0.0003335047798040743
target is
0.00014925373134328358
mu is
0.0015441176470588234
number of trials is
13600
number of Z or Y failures is
21
number of X failures is
0
average trial time
211.1972866295451
stderr is
0.0003367062254653782
target is
0.00015441176470588235
mu is
0.0015217391304347826
number of trials is
13800
number of Z or Y failures is
21
number of X failures is
0
average trial time
214.17521298546993
stderr is
0.0003318299668898687
target is
0.00015217391304347827
mu is
0.0015714285714285715
number of trials is
14000
number of Z or Y failures is
22
number of X failures is
0
average trial time
217.2021902488551
stderr is
0.0003347783125967791
target is
0.00015714285714285716
mu is
0.0016197183098591549
number of trials is
14200
number of Z or Y failures is
23
number of X failures is
0
average trial time
220.26174058686007
stderr is
0.00033747286906006936
target is
0.0001619718309859155
mu is
0.0015972222222222223
number of trials is
14400
number of Z or Y failures is
23
number of X failures is
0
average trial time
223.31042530760988
stderr is
0.0003327893323584499
target is
0.00015972222222222223
mu is
0.0015753424657534247
number of trials is
14600
number of Z or Y failures is
23
number of X failures is
0
average trial time
226.33561896747972
stderr is
0.0003282340147739436
target is
0.00015753424657534247
mu is
0.001554054054054054
number of trials is
14800
number of Z or Y failures is
23
number of X failures is
0
average trial time
229.27126776204975
stderr is
0.00032380172211350893
target is
0.0001554054054054054
mu is
0.0015333333333333334
number of trials is
15000
number of Z or Y failures is
23
number of X failures is
0
average trial time
232.2777487777548
stderr is
0.0003194875370035084
target is
0.00015333333333333334
mu is
0.0015131578947368421
number of trials is
15200
number of Z or Y failures is
23
number of X failures is
0
average trial time
235.1882417559799
stderr is
0.00031528680069117104
target is
0.00015131578947368422
mu is
0.0014935064935064936
number of trials is
15400
number of Z or Y failures is
23
number of X failures is
0
average trial time
238.01088831110505
stderr is
0.00031119509626310047
target is
0.00014935064935064937
mu is
0.0014743589743589744
number of trials is
15600
number of Z or Y failures is
23
number of X failures is
0
average trial time
240.83858791243514
stderr is
0.00030720823315375184
target is
0.00014743589743589745
mu is
0.0014556962025316456
number of trials is
15800
number of Z or Y failures is
23
number of X failures is
0
average trial time
243.6498889790052
stderr is
0.0003033222328296533
target is
0.00014556962025316457
mu is
0.0015625
number of trials is
16000
number of Z or Y failures is
25
number of X failures is
0
average trial time
246.4671087263701
stderr is
0.00031226552238304236
target is
0.00015625000000000003
mu is
0.0015432098765432098
number of trials is
16200
number of Z or Y failures is
25
number of X failures is
0
average trial time
249.27953707941973
stderr is
0.0003084132527610977
target is
0.00015432098765432098
mu is
0.001524390243902439
number of trials is
16400
number of Z or Y failures is
25
number of X failures is
0
average trial time
252.12885431376952
stderr is
0.00030465487199309965
target is
0.00015243902439024393
mu is
0.0015060240963855422
number of trials is
16600
number of Z or Y failures is
25
number of X failures is
0
average trial time
254.91863276366945
stderr is
0.00030098698896890026
target is
0.00015060240963855423
mu is
0.001488095238095238
number of trials is
16800
number of Z or Y failures is
25
number of X failures is
0
average trial time
257.80331576600423
stderr is
0.00029740637394385494
target is
0.00014880952380952382
mu is
0.0014705882352941176
number of trials is
17000
number of Z or Y failures is
25
number of X failures is
0
average trial time
260.56140693830423
stderr is
0.00029390994905347586
target is
0.00014705882352941178
25
0
17000
0.0014705882352941176
