mu is
0.005
number of trials is
200
number of Z or Y failures is
1
number of X failures is
0
average trial time
0.3776618608799998
mu is
0.01
number of trials is
400
number of Z or Y failures is
4
number of X failures is
0
average trial time
0.5803040341250003
mu is
0.008333333333333333
number of trials is
600
number of Z or Y failures is
5
number of X failures is
0
average trial time
0.7803770619700005
stderr is
0.003714315780554692
target is
0.0008333333333333334
mu is
0.00875
number of trials is
800
number of Z or Y failures is
7
number of X failures is
0
average trial time
0.9780292559500003
stderr is
0.003294748257849642
target is
0.0008750000000000001
mu is
0.007
number of trials is
1000
number of Z or Y failures is
7
number of X failures is
0
average trial time
1.1777865439949997
stderr is
0.002637794146243781
target is
0.0007000000000000001
mu is
0.006666666666666667
number of trials is
1200
number of Z or Y failures is
8
number of X failures is
0
average trial time
1.3748824506149984
stderr is
0.002350132149359136
target is
0.0006666666666666668
mu is
0.005714285714285714
number of trials is
1400
number of Z or Y failures is
8
number of X failures is
0
average trial time
1.5762477633799983
stderr is
0.0020152443777658015
target is
0.0005714285714285715
mu is
0.005625
number of trials is
1600
number of Z or Y failures is
9
number of X failures is
0
average trial time
1.7717438816049986
stderr is
0.0018703036870522192
target is
0.0005625
mu is
0.005555555555555556
number of trials is
1800
number of Z or Y failures is
10
number of X failures is
0
average trial time
1.9714951954700004
stderr is
0.001752420918662849
target is
0.0005555555555555556
mu is
0.005
number of trials is
2000
number of Z or Y failures is
10
number of X failures is
0
average trial time
2.168818487045003
stderr is
0.0015775754727384973
target is
0.0005
mu is
0.004545454545454545
number of trials is
2200
number of Z or Y failures is
10
number of X failures is
0
average trial time
2.369211288800003
stderr is
0.0014344544493539604
target is
0.00045454545454545455
mu is
0.005
number of trials is
2400
number of Z or Y failures is
12
number of X failures is
0
average trial time
2.567740841365002
stderr is
0.001440062756263012
target is
0.0005
mu is
0.005
number of trials is
2600
number of Z or Y failures is
13
number of X failures is
0
average trial time
2.7692754602250016
stderr is
0.0013835453618773947
target is
0.0005
mu is
0.004642857142857143
number of trials is
2800
number of Z or Y failures is
13
number of X failures is
0
average trial time
2.9676863937200038
stderr is
0.0012849335828750844
target is
0.00046428571428571433
mu is
0.006
number of trials is
3000
number of Z or Y failures is
18
number of X failures is
0
average trial time
3.1674195133850067
stderr is
0.0014101995914157718
target is
0.0006000000000000001
mu is
0.0059375
number of trials is
3200
number of Z or Y failures is
19
number of X failures is
0
average trial time
3.3657741571250046
stderr is
0.0013583182527285458
target is
0.0005937500000000001
mu is
0.0058823529411764705
number of trials is
3400
number of Z or Y failures is
20
number of X failures is
0
average trial time
3.567013297405006
stderr is
0.0013116526730209879
target is
0.0005882352941176471
mu is
0.005555555555555556
number of trials is
3600
number of Z or Y failures is
20
number of X failures is
0
average trial time
3.7641718771150035
stderr is
0.0012389765513115374
target is
0.0005555555555555556
mu is
0.005526315789473684
number of trials is
3800
number of Z or Y failures is
21
number of X failures is
0
average trial time
3.9636147881200032
stderr is
0.0012027624191950055
target is
0.0005526315789473684
mu is
0.00525
number of trials is
4000
number of Z or Y failures is
21
number of X failures is
0
average trial time
4.1599945987700035
stderr is
0.0011427755068099514
target is
0.0005250000000000001
mu is
0.005952380952380952
number of trials is
4200
number of Z or Y failures is
25
number of X failures is
0
average trial time
4.360557548994998
stderr is
0.0011870691445473338
target is
0.0005952380952380953
mu is
0.006363636363636364
number of trials is
4400
number of Z or Y failures is
28
number of X failures is
0
average trial time
4.559762388494998
stderr is
0.0011989178738209126
target is
0.0006363636363636364
mu is
0.00608695652173913
number of trials is
4600
number of Z or Y failures is
28
number of X failures is
0
average trial time
4.759508469564994
stderr is
0.00114694499364522
target is
0.0006086956521739131
mu is
0.005833333333333334
number of trials is
4800
number of Z or Y failures is
28
number of X failures is
0
average trial time
4.9600164017499955
stderr is
0.0010992908695278839
target is
0.0005833333333333334
mu is
0.0062
number of trials is
5000
number of Z or Y failures is
31
number of X failures is
0
average trial time
5.156138071059993
stderr is
0.0011102065175913626
target is
0.00062
mu is
0.006538461538461538
number of trials is
5200
number of Z or Y failures is
34
number of X failures is
0
average trial time
5.356205593619986
stderr is
0.001117772465016502
target is
0.0006538461538461538
mu is
0.007037037037037037
number of trials is
5400
number of Z or Y failures is
38
number of X failures is
0
average trial time
5.552916054339993
stderr is
0.001137639805906199
target is
0.0007037037037037038
mu is
0.007142857142857143
number of trials is
5600
number of Z or Y failures is
40
number of X failures is
0
average trial time
5.751919033859996
stderr is
0.0011254446232722814
target is
0.0007142857142857143
mu is
0.007068965517241379
number of trials is
5800
number of Z or Y failures is
41
number of X failures is
0
average trial time
5.950955051234992
stderr is
0.0011001728409692972
target is
0.000706896551724138
mu is
0.007
number of trials is
6000
number of Z or Y failures is
42
number of X failures is
0
average trial time
6.147683296759986
stderr is
0.0010764260845591087
target is
0.0007000000000000001
mu is
0.006935483870967742
number of trials is
6200
number of Z or Y failures is
43
number of X failures is
0
average trial time
6.345294519389991
stderr is
0.001054062339915902
target is
0.0006935483870967742
mu is
0.006875
number of trials is
6400
number of Z or Y failures is
44
number of X failures is
0
average trial time
6.544929427299984
stderr is
0.0010329570247001201
target is
0.0006875000000000001
mu is
0.006666666666666667
number of trials is
6600
number of Z or Y failures is
44
number of X failures is
0
average trial time
6.7429214330449785
stderr is
0.0010017579806061796
target is
0.0006666666666666668
mu is
0.006764705882352941
number of trials is
6800
number of Z or Y failures is
46
number of X failures is
0
average trial time
6.942468527989986
stderr is
0.000994095277575005
target is
0.0006764705882352941
mu is
0.006714285714285714
number of trials is
7000
number of Z or Y failures is
47
number of X failures is
0
average trial time
7.1427720920399915
stderr is
0.0009761555029223088
target is
0.0006714285714285715
mu is
0.006527777777777778
number of trials is
7200
number of Z or Y failures is
47
number of X failures is
0
average trial time
7.341442782224987
stderr is
0.0009491272846427704
target is
0.0006527777777777778
mu is
0.0063513513513513515
number of trials is
7400
number of Z or Y failures is
47
number of X failures is
0
average trial time
7.538527181219985
stderr is
0.000923555456568446
target is
0.0006351351351351352
mu is
0.0061842105263157894
number of trials is
7600
number of Z or Y failures is
47
number of X failures is
0
average trial time
7.736225453384984
stderr is
0.0008993253942939393
target is
0.000618421052631579
mu is
0.006025641025641026
number of trials is
7800
number of Z or Y failures is
47
number of X failures is
0
average trial time
7.932394865124986
stderr is
0.0008763341943523579
target is
0.0006025641025641026
mu is
0.006
number of trials is
8000
number of Z or Y failures is
48
number of X failures is
0
average trial time
8.130080528509984
stderr is
0.0008634773877467167
target is
0.0006000000000000001
mu is
0.005975609756097561
number of trials is
8200
number of Z or Y failures is
49
number of X failures is
0
average trial time
8.326480787704986
stderr is
0.0008511560510645861
target is
0.0005975609756097562
mu is
0.006190476190476191
number of trials is
8400
number of Z or Y failures is
52
number of X failures is
0
average trial time
8.525073332324979
stderr is
0.0008558542572803422
target is
0.0006190476190476191
mu is
0.0060465116279069765
number of trials is
8600
number of Z or Y failures is
52
number of X failures is
0
average trial time
8.723471026994979
stderr is
0.0008360100587646588
target is
0.0006046511627906977
mu is
0.005909090909090909
number of trials is
8800
number of Z or Y failures is
52
number of X failures is
0
average trial time
8.920611046474974
stderr is
0.0008170652269850917
target is
0.0005909090909090909
mu is
0.006111111111111111
number of trials is
9000
number of Z or Y failures is
55
number of X failures is
0
average trial time
9.118293293424973
stderr is
0.0008215459931615141
target is
0.0006111111111111112
mu is
0.00608695652173913
number of trials is
9200
number of Z or Y failures is
56
number of X failures is
0
average trial time
9.318166730954976
stderr is
0.0008109684998941621
target is
0.0006086956521739131
mu is
0.0060638297872340425
number of trials is
9400
number of Z or Y failures is
57
number of X failures is
0
average trial time
9.518031320699974
stderr is
0.0008007776141160809
target is
0.0006063829787234043
mu is
0.0060416666666666665
number of trials is
9600
number of Z or Y failures is
58
number of X failures is
0
average trial time
9.717597324609976
stderr is
0.0007909508079504793
target is
0.0006041666666666667
mu is
0.005918367346938775
number of trials is
9800
number of Z or Y failures is
58
number of X failures is
0
average trial time
9.916010623884977
stderr is
0.0007748561865904446
target is
0.0005918367346938776
mu is
0.0058
number of trials is
10000
number of Z or Y failures is
58
number of X failures is
0
average trial time
10.113186820829972
stderr is
0.0007594034957563316
target is
0.00058
mu is
0.005784313725490196
number of trials is
10200
number of Z or Y failures is
59
number of X failures is
0
average trial time
10.313188757554974
stderr is
0.000750909207381751
target is
0.0005784313725490196
mu is
0.0057692307692307696
number of trials is
10400
number of Z or Y failures is
60
number of X failures is
0
average trial time
10.508805932849976
stderr is
0.0007426886144752545
target is
0.000576923076923077
mu is
0.0060377358490566035
number of trials is
10600
number of Z or Y failures is
64
number of X failures is
0
average trial time
10.707857272869974
stderr is
0.0007524706354786412
target is
0.0006037735849056604
mu is
0.005925925925925926
number of trials is
10800
number of Z or Y failures is
64
number of X failures is
0
average trial time
10.905852710919985
stderr is
0.0007385768863198114
target is
0.0005925925925925926
mu is
0.005909090909090909
number of trials is
11000
number of Z or Y failures is
65
number of X failures is
0
average trial time
11.103845310319986
stderr is
0.0007307970504274408
target is
0.0005909090909090909
mu is
0.005982142857142857
number of trials is
11200
number of Z or Y failures is
67
number of X failures is
0
average trial time
11.302581373714975
stderr is
0.0007286783410066233
target is
0.0005982142857142857
mu is
0.005877192982456141
number of trials is
11400
number of Z or Y failures is
67
number of X failures is
0
average trial time
11.500469619969975
stderr is
0.0007159317412921344
target is
0.0005877192982456141
mu is
0.0058620689655172415
number of trials is
11600
number of Z or Y failures is
68
number of X failures is
0
average trial time
11.696233233439987
stderr is
0.0007088241565319605
target is
0.0005862068965517242
mu is
0.005847457627118644
number of trials is
11800
number of Z or Y failures is
69
number of X failures is
0
average trial time
11.892834314254978
stderr is
0.0007019197378990106
target is
0.0005847457627118644
mu is
0.005833333333333334
number of trials is
12000
number of Z or Y failures is
70
number of X failures is
0
average trial time
12.091319821694983
stderr is
0.0006952091334804004
target is
0.0005833333333333334
mu is
0.0060655737704918035
number of trials is
12200
number of Z or Y failures is
74
number of X failures is
0
average trial time
12.289532798135
stderr is
0.000702995743541784
target is
0.0006065573770491804
mu is
0.006209677419354838
number of trials is
12400
number of Z or Y failures is
77
number of X failures is
0
average trial time
12.485799087070005
stderr is
0.0007054862791350216
target is
0.0006209677419354839
mu is
0.006111111111111111
number of trials is
12600
number of Z or Y failures is
77
number of X failures is
0
average trial time
12.683043004090012
stderr is
0.0006943220694531851
target is
0.0006111111111111112
mu is
0.00640625
number of trials is
12800
number of Z or Y failures is
82
number of X failures is
0
average trial time
12.882350436890015
stderr is
0.0007052098137377989
target is
0.000640625
mu is
0.006384615384615384
number of trials is
13000
number of Z or Y failures is
83
number of X failures is
0
average trial time
13.08021824237002
stderr is
0.0006985886925226865
target is
0.0006384615384615385
mu is
0.006287878787878788
number of trials is
13200
number of Z or Y failures is
83
number of X failures is
0
average trial time
13.276768979795026
stderr is
0.0006880371049766599
target is
0.0006287878787878788
mu is
0.006194029850746269
number of trials is
13400
number of Z or Y failures is
83
number of X failures is
0
average trial time
13.474032066835036
stderr is
0.0006777995156154106
target is
0.0006194029850746269
mu is
0.00625
number of trials is
13600
number of Z or Y failures is
85
number of X failures is
0
average trial time
13.671576202190034
stderr is
0.0006758107451404554
target is
0.0006250000000000001
mu is
0.006449275362318841
number of trials is
13800
number of Z or Y failures is
89
number of X failures is
0
average trial time
13.869146472165045
stderr is
0.0006814385129719052
target is
0.0006449275362318841
mu is
0.0065
number of trials is
14000
number of Z or Y failures is
91
number of X failures is
0
average trial time
14.06668465912005
stderr is
0.000679191289108241
target is
0.00065
mu is
0.006408450704225352
number of trials is
14200
number of Z or Y failures is
91
number of X failures is
0
average trial time
14.263552808280046
stderr is
0.0006696557294291156
target is
0.0006408450704225352
mu is
0.006597222222222222
number of trials is
14400
number of Z or Y failures is
95
number of X failures is
0
average trial time
14.460164691755038
stderr is
0.0006746477491768033
target is
0.0006597222222222222
mu is
0.006575342465753425
number of trials is
14600
number of Z or Y failures is
96
number of X failures is
0
average trial time
14.657724580210047
stderr is
0.0006689060161101463
target is
0.0006575342465753426
mu is
0.006554054054054054
number of trials is
14800
number of Z or Y failures is
97
number of X failures is
0
average trial time
14.85516221870505
stderr is
0.0006633014478330229
target is
0.0006554054054054054
mu is
0.006533333333333334
number of trials is
15000
number of Z or Y failures is
98
number of X failures is
0
average trial time
15.051654262735049
stderr is
0.0006578288342552373
target is
0.0006533333333333335
mu is
0.006447368421052631
number of trials is
15200
number of Z or Y failures is
98
number of X failures is
0
average trial time
15.245958977145065
stderr is
0.0006492009928925699
target is
0.0006447368421052632
mu is
0.006493506493506494
number of trials is
15400
number of Z or Y failures is
100
number of X failures is
0
average trial time
15.442826545305055
stderr is
0.0006472599496041257
target is
0.0006493506493506495
mu is
0.006538461538461538
number of trials is
15600
number of Z or Y failures is
102
number of X failures is
0
average trial time
15.638567855735062
stderr is
0.0006453048612435724
target is
0.0006538461538461538
mu is
0.006518987341772152
number of trials is
15800
number of Z or Y failures is
103
number of X failures is
0
average trial time
15.83679513896006
stderr is
0.0006402580609170606
target is
0.0006518987341772153
mu is
0.0064375
number of trials is
16000
number of Z or Y failures is
103
number of X failures is
0
average trial time
16.03398350188005
stderr is
0.0006322805139136364
target is
0.00064375
mu is
0.006419753086419753
number of trials is
16200
number of Z or Y failures is
104
number of X failures is
0
average trial time
16.22626817407505
stderr is
0.0006275040513402051
target is
0.0006419753086419753
mu is
0.006524390243902439
number of trials is
16400
number of Z or Y failures is
107
number of X failures is
0
average trial time
16.42303451027006
stderr is
0.0006286948265581762
target is
0.0006524390243902439
mu is
0.006626506024096385
number of trials is
16600
number of Z or Y failures is
110
number of X failures is
0
average trial time
16.62022242865005
stderr is
0.0006297346930271223
target is
0.0006626506024096385
mu is
0.0066071428571428574
number of trials is
16800
number of Z or Y failures is
111
number of X failures is
0
average trial time
16.81680113058505
stderr is
0.0006250656740497755
target is
0.0006607142857142857
mu is
0.006647058823529412
number of trials is
17000
number of Z or Y failures is
113
number of X failures is
0
average trial time
17.01245451615006
stderr is
0.0006232393487828603
target is
0.0006647058823529413
mu is
0.006686046511627907
number of trials is
17200
number of Z or Y failures is
115
number of X failures is
0
average trial time
17.209715952540062
stderr is
0.0006214073225411162
target is
0.0006686046511627907
mu is
0.0066091954022988505
number of trials is
17400
number of Z or Y failures is
115
number of X failures is
0
average trial time
17.407435380510066
stderr is
0.0006142882662497585
target is
0.0006609195402298851
mu is
0.006534090909090909
number of trials is
17600
number of Z or Y failures is
115
number of X failures is
0
average trial time
17.604007411285046
stderr is
0.0006073304765056935
target is
0.0006534090909090909
mu is
0.00651685393258427
number of trials is
17800
number of Z or Y failures is
116
number of X failures is
0
average trial time
17.799370853550055
stderr is
0.0006031168247887444
target is
0.0006516853932584271
mu is
0.0064444444444444445
number of trials is
18000
number of Z or Y failures is
116
number of X failures is
0
average trial time
17.99525646029006
stderr is
0.0005964370748886543
target is
0.0006444444444444444
mu is
0.0064285714285714285
number of trials is
18200
number of Z or Y failures is
117
number of X failures is
0
average trial time
18.193195230815064
stderr is
0.0005924245148171329
target is
0.0006428571428571429
mu is
0.0064130434782608695
number of trials is
18400
number of Z or Y failures is
118
number of X failures is
0
average trial time
18.390664495115065
stderr is
0.000588488422470719
target is
0.000641304347826087
mu is
0.006344086021505376
number of trials is
18600
number of Z or Y failures is
118
number of X failures is
0
average trial time
18.58609647501006
stderr is
0.0005821806212137424
target is
0.0006344086021505377
mu is
0.006276595744680851
number of trials is
18800
number of Z or Y failures is
118
number of X failures is
0
average trial time
18.781609956290062
stderr is
0.0005760066061488151
target is
0.0006276595744680851
mu is
0.006263157894736842
number of trials is
19000
number of Z or Y failures is
119
number of X failures is
0
average trial time
18.97751877439005
stderr is
0.0005723570076753563
target is
0.0006263157894736842
mu is
0.00625
number of trials is
19200
number of Z or Y failures is
120
number of X failures is
0
average trial time
19.174859095005054
stderr is
0.0005687733971001237
target is
0.0006250000000000001
mu is
0.006185567010309278
number of trials is
19400
number of Z or Y failures is
120
number of X failures is
0
average trial time
19.369915596430054
stderr is
0.00056292785143337
target is
0.0006185567010309279
mu is
0.006173469387755102
number of trials is
19600
number of Z or Y failures is
121
number of X failures is
0
average trial time
19.566776850485038
stderr is
0.0005595037299896379
target is
0.0006173469387755103
mu is
0.006111111111111111
number of trials is
19800
number of Z or Y failures is
121
number of X failures is
0
average trial time
19.76472759874504
stderr is
0.0005538694100644665
target is
0.0006111111111111112
mu is
0.0062
number of trials is
20000
number of Z or Y failures is
124
number of X failures is
0
average trial time
19.961604409785036
stderr is
0.0005550616224080291
target is
0.00062
mu is
0.006188118811881188
number of trials is
20200
number of Z or Y failures is
125
number of X failures is
0
average trial time
20.157797785275037
stderr is
0.0005517806665047927
target is
0.0006188118811881189
mu is
0.006176470588235294
number of trials is
20400
number of Z or Y failures is
126
number of X failures is
0
average trial time
20.354498260570036
stderr is
0.0005485552643520375
target is
0.0006176470588235294
mu is
0.006116504854368932
number of trials is
20600
number of Z or Y failures is
126
number of X failures is
0
average trial time
20.550088308040035
stderr is
0.0005432457443649157
target is
0.0006116504854368933
mu is
0.006105769230769231
number of trials is
20800
number of Z or Y failures is
127
number of X failures is
0
average trial time
20.74491852346503
stderr is
0.0005401558082363737
target is
0.0006105769230769231
mu is
0.006095238095238095
number of trials is
21000
number of Z or Y failures is
128
number of X failures is
0
average trial time
20.940421815910053
stderr is
0.0005371164040650855
target is
0.0006095238095238096
mu is
0.006132075471698114
number of trials is
21200
number of Z or Y failures is
130
number of X failures is
0
average trial time
21.13791895142504
stderr is
0.0005361797348439589
target is
0.0006132075471698114
mu is
0.006308411214953271
number of trials is
21400
number of Z or Y failures is
135
number of X failures is
0
average trial time
21.33408928871006
stderr is
0.0005412389776791938
target is
0.0006308411214953272
mu is
0.006435185185185185
number of trials is
21600
number of Z or Y failures is
139
number of X failures is
0
average trial time
21.529568573755082
stderr is
0.0005440788000593225
target is
0.0006435185185185185
mu is
0.006422018348623854
number of trials is
21800
number of Z or Y failures is
140
number of X failures is
0
average trial time
21.7240854084801
stderr is
0.0005410264089320212
target is
0.0006422018348623854
mu is
0.006409090909090909
number of trials is
22000
number of Z or Y failures is
141
number of X failures is
0
average trial time
21.918282719305083
stderr is
0.0005380226394007473
target is
0.000640909090909091
mu is
0.006396396396396396
number of trials is
22200
number of Z or Y failures is
142
number of X failures is
0
average trial time
22.113894790655085
stderr is
0.0005350662502311539
target is
0.0006396396396396397
mu is
0.006383928571428572
number of trials is
22400
number of Z or Y failures is
143
number of X failures is
0
average trial time
22.3100583747301
stderr is
0.0005321560432351477
target is
0.0006383928571428572
mu is
0.006415929203539823
number of trials is
22600
number of Z or Y failures is
145
number of X failures is
0
average trial time
22.50547647420012
stderr is
0.0005311136712209738
target is
0.0006415929203539823
mu is
0.006491228070175438
number of trials is
22800
number of Z or Y failures is
148
number of X failures is
0
average trial time
22.703132515825086
stderr is
0.0005318527239603575
target is
0.0006491228070175439
mu is
0.006478260869565217
number of trials is
23000
number of Z or Y failures is
149
number of X failures is
0
average trial time
22.90022363582507
stderr is
0.0005290094458211844
target is
0.0006478260869565217
mu is
0.006508620689655172
number of trials is
23200
number of Z or Y failures is
151
number of X failures is
0
average trial time
23.095957786255052
stderr is
0.0005279489132657295
target is
0.0006508620689655172
mu is
0.006495726495726496
number of trials is
23400
number of Z or Y failures is
152
number of X failures is
0
average trial time
23.29152354770007
stderr is
0.0005251702140337402
target is
0.0006495726495726496
mu is
0.006483050847457627
number of trials is
23600
number of Z or Y failures is
153
number of X failures is
0
average trial time
23.487283403085076
stderr is
0.0005224329425522756
target is
0.0006483050847457628
mu is
0.0064285714285714285
number of trials is
23800
number of Z or Y failures is
153
number of X failures is
0
average trial time
23.6829680637251
stderr is
0.0005180568607411068
target is
0.0006428571428571429
mu is
0.006416666666666667
number of trials is
24000
number of Z or Y failures is
154
number of X failures is
0
average trial time
23.878816443615083
stderr is
0.0005154188714114216
target is
0.0006416666666666667
mu is
0.006363636363636364
number of trials is
24200
number of Z or Y failures is
154
number of X failures is
0
average trial time
24.07375164424005
stderr is
0.000511172764113249
target is
0.0006363636363636364
mu is
0.006311475409836066
number of trials is
24400
number of Z or Y failures is
154
number of X failures is
0
average trial time
24.27077304530506
stderr is
0.0005069960444188888
target is
0.0006311475409836066
mu is
0.006260162601626016
number of trials is
24600
number of Z or Y failures is
154
number of X failures is
0
average trial time
24.46570145122506
stderr is
0.0005028870252958126
target is
0.0006260162601626016
mu is
0.006209677419354838
number of trials is
24800
number of Z or Y failures is
154
number of X failures is
0
average trial time
24.66130383236009
stderr is
0.000498844073960496
target is
0.0006209677419354839
mu is
0.00616
number of trials is
25000
number of Z or Y failures is
154
number of X failures is
0
average trial time
24.85619256901509
stderr is
0.000494865609715271
target is
0.000616
mu is
0.006150793650793651
number of trials is
25200
number of Z or Y failures is
155
number of X failures is
0
average trial time
25.050522870330095
stderr is
0.0004925316836041141
target is
0.0006150793650793651
mu is
0.006102362204724409
number of trials is
25400
number of Z or Y failures is
155
number of X failures is
0
average trial time
25.24297964741009
stderr is
0.0004886653112092749
target is
0.000610236220472441
mu is
0.006171875
number of trials is
25600
number of Z or Y failures is
158
number of X failures is
0
average trial time
25.435680610060086
stderr is
0.0004895000067527844
target is
0.0006171875000000001
mu is
0.006201550387596899
number of trials is
25800
number of Z or Y failures is
160
number of X failures is
0
average trial time
25.629403725820094
stderr is
0.0004887624797331589
target is
0.00062015503875969
mu is
0.006153846153846154
number of trials is
26000
number of Z or Y failures is
160
number of X failures is
0
average trial time
25.82148754591011
stderr is
0.0004850143364363056
target is
0.0006153846153846154
mu is
0.006183206106870229
number of trials is
26200
number of Z or Y failures is
162
number of X failures is
0
average trial time
26.014556841545108
stderr is
0.00048430356935735087
target is
0.000618320610687023
mu is
0.006136363636363636
number of trials is
26400
number of Z or Y failures is
162
number of X failures is
0
average trial time
26.20635644175012
stderr is
0.0004806458603909424
target is
0.0006136363636363636
mu is
0.006165413533834587
number of trials is
26600
number of Z or Y failures is
164
number of X failures is
0
average trial time
26.39745783229011
stderr is
0.0004799605079258525
target is
0.0006165413533834587
mu is
0.006156716417910448
number of trials is
26800
number of Z or Y failures is
165
number of X failures is
0
average trial time
26.59285319655011
stderr is
0.0004778309036768879
target is
0.0006156716417910448
mu is
0.006185185185185185
number of trials is
27000
number of Z or Y failures is
167
number of X failures is
0
average trial time
26.785041065730105
stderr is
0.0004771503506298562
target is
0.0006185185185185186
mu is
0.006176470588235294
number of trials is
27200
number of Z or Y failures is
168
number of X failures is
0
average trial time
26.979037227615077
stderr is
0.0004750598832686258
target is
0.0006176470588235294
mu is
0.006167883211678832
number of trials is
27400
number of Z or Y failures is
169
number of X failures is
0
average trial time
27.171653792515116
stderr is
0.00047299573898695787
target is
0.0006167883211678833
mu is
0.006159420289855073
number of trials is
27600
number of Z or Y failures is
170
number of X failures is
0
average trial time
27.365805232510116
stderr is
0.0004709573826223881
target is
0.0006159420289855073
mu is
0.00618705035971223
number of trials is
27800
number of Z or Y failures is
172
number of X failures is
0
average trial time
27.559491616500086
stderr is
0.00047030496589632863
target is
0.0006187050359712231
mu is
0.006178571428571428
number of trials is
28000
number of Z or Y failures is
173
number of X failures is
0
average trial time
27.753712755410074
stderr is
0.00046830301512815724
target is
0.0006178571428571429
mu is
0.0062056737588652485
number of trials is
28200
number of Z or Y failures is
175
number of X failures is
0
average trial time
27.947882292450082
stderr is
0.00046765531320627806
target is
0.0006205673758865249
mu is
0.006197183098591549
number of trials is
28400
number of Z or Y failures is
176
number of X failures is
0
average trial time
28.140810252590107
stderr is
0.0004656887556313994
target is
0.0006197183098591549
mu is
0.0062237762237762236
number of trials is
28600
number of Z or Y failures is
178
number of X failures is
0
average trial time
28.333201394870127
stderr is
0.0004650459448323504
target is
0.0006223776223776224
mu is
0.00625
number of trials is
28800
number of Z or Y failures is
180
number of X failures is
0
average trial time
28.52916496708012
stderr is
0.00046439750263410493
target is
0.0006250000000000001
mu is
0.006275862068965517
number of trials is
29000
number of Z or Y failures is
182
number of X failures is
0
average trial time
28.72298177987013
stderr is
0.00046374378637184017
target is
0.0006275862068965518
mu is
0.006232876712328767
number of trials is
29200
number of Z or Y failures is
182
number of X failures is
0
average trial time
28.918443297395147
stderr is
0.00046057736591225757
target is
0.0006232876712328767
mu is
0.006190476190476191
number of trials is
29400
number of Z or Y failures is
182
number of X failures is
0
average trial time
29.111950970485164
stderr is
0.0004574538919211738
target is
0.0006190476190476191
mu is
0.006148648648648648
number of trials is
29600
number of Z or Y failures is
182
number of X failures is
0
average trial time
29.305336384175185
stderr is
0.00045437249656582945
target is
0.0006148648648648649
mu is
0.0061409395973154365
number of trials is
29800
number of Z or Y failures is
183
number of X failures is
0
average trial time
29.500374897030177
stderr is
0.0004525629205160237
target is
0.0006140939597315437
mu is
0.0061
number of trials is
30000
number of Z or Y failures is
183
number of X failures is
0
average trial time
29.693034400115167
stderr is
0.0004495550429679202
target is
0.0006100000000000001
mu is
0.006125827814569536
number of trials is
30200
number of Z or Y failures is
185
number of X failures is
0
average trial time
29.885366769235137
stderr is
0.00044900565838987765
target is
0.0006125827814569537
mu is
0.006151315789473684
number of trials is
30400
number of Z or Y failures is
187
number of X failures is
0
average trial time
30.078717882470173
stderr is
0.0004484504832200041
target is
0.0006151315789473684
mu is
0.006143790849673203
number of trials is
30600
number of Z or Y failures is
188
number of X failures is
0
average trial time
30.270409047500138
stderr is
0.00044671071754298955
target is
0.0006143790849673204
mu is
0.006103896103896104
number of trials is
30800
number of Z or Y failures is
188
number of X failures is
0
average trial time
30.462092931755166
stderr is
0.0004438188589862262
target is
0.0006103896103896104
mu is
0.006161290322580645
number of trials is
31000
number of Z or Y failures is
191
number of X failures is
0
average trial time
30.65520436470017
stderr is
0.00044444696905073075
target is
0.0006161290322580646
mu is
0.006153846153846154
number of trials is
31200
number of Z or Y failures is
192
number of X failures is
0
average trial time
30.847639613175176
stderr is
0.0004427540688300788
target is
0.0006153846153846154
mu is
0.006210191082802548
number of trials is
31400
number of Z or Y failures is
195
number of X failures is
0
average trial time
31.041734132320144
stderr is
0.0004433450283365018
target is
0.0006210191082802549
mu is
0.006234177215189873
number of trials is
31600
number of Z or Y failures is
197
number of X failures is
0
average trial time
31.23376728776515
stderr is
0.00044278707022436976
target is
0.0006234177215189874
mu is
0.006226415094339623
number of trials is
31800
number of Z or Y failures is
198
number of X failures is
0
average trial time
31.425649976090167
stderr is
0.00044111926807535344
target is
0.0006226415094339623
mu is
0.00625
number of trials is
32000
number of Z or Y failures is
200
number of X failures is
0
average trial time
31.618103456220183
stderr is
0.00044056538950898195
target is
0.0006250000000000001
mu is
0.006211180124223602
number of trials is
32200
number of Z or Y failures is
200
number of X failures is
0
average trial time
31.810301679715213
stderr is
0.0004378374676223089
target is
0.0006211180124223603
mu is
0.0062037037037037035
number of trials is
32400
number of Z or Y failures is
201
number of X failures is
0
average trial time
32.004177008530206
stderr is
0.0004362228467771753
target is
0.0006203703703703704
mu is
0.006165644171779141
number of trials is
32600
number of Z or Y failures is
201
number of X failures is
0
average trial time
32.196407828125224
stderr is
0.0004335548936583358
target is
0.0006165644171779142
mu is
0.006158536585365854
number of trials is
32800
number of Z or Y failures is
202
number of X failures is
0
average trial time
32.38915385620522
stderr is
0.00043198335919970697
target is
0.0006158536585365855
mu is
0.006121212121212121
number of trials is
33000
number of Z or Y failures is
202
number of X failures is
0
average trial time
32.582236140075246
stderr is
0.0004293733010574093
target is
0.0006121212121212122
mu is
0.00608433734939759
number of trials is
33200
number of Z or Y failures is
202
number of X failures is
0
average trial time
32.77482529710027
stderr is
0.0004267945931713209
target is
0.000608433734939759
mu is
0.006167664670658683
number of trials is
33400
number of Z or Y failures is
206
number of X failures is
0
average trial time
32.968896609310264
stderr is
0.00042840073404800793
target is
0.0006167664670658683
mu is
0.006160714285714286
number of trials is
33600
number of Z or Y failures is
207
number of X failures is
0
average trial time
33.16332457455526
stderr is
0.0004268845512639955
target is
0.0006160714285714286
mu is
0.006124260355029586
number of trials is
33800
number of Z or Y failures is
207
number of X failures is
0
average trial time
33.35514298953527
stderr is
0.00042436635245120046
target is
0.0006124260355029587
mu is
0.006176470588235294
number of trials is
34000
number of Z or Y failures is
210
number of X failures is
0
average trial time
33.54873704981028
stderr is
0.00042490491474372064
target is
0.0006176470588235294
mu is
0.006198830409356725
number of trials is
34200
number of Z or Y failures is
212
number of X failures is
0
average trial time
33.74185027046528
stderr is
0.0004244220371783767
target is
0.0006198830409356726
mu is
0.006162790697674419
number of trials is
34400
number of Z or Y failures is
212
number of X failures is
0
average trial time
33.93369856965527
stderr is
0.00042196208224371456
target is
0.0006162790697674419
mu is
0.00615606936416185
number of trials is
34600
number of Z or Y failures is
213
number of X failures is
0
average trial time
34.1256671853753
stderr is
0.0004205126586673314
target is
0.000615606936416185
mu is
0.006149425287356322
number of trials is
34800
number of Z or Y failures is
214
number of X failures is
0
average trial time
34.31802358494029
stderr is
0.00041907758183661097
target is
0.0006149425287356323
mu is
0.0061142857142857145
number of trials is
35000
number of Z or Y failures is
214
number of X failures is
0
average trial time
34.50947930918527
stderr is
0.00041669018484789133
target is
0.0006114285714285715
mu is
0.006107954545454546
number of trials is
35200
number of Z or Y failures is
215
number of X failures is
0
average trial time
34.70137653351526
stderr is
0.00041529083125289385
target is
0.0006107954545454546
mu is
0.006101694915254237
number of trials is
35400
number of Z or Y failures is
216
number of X failures is
0
average trial time
34.89418085874524
stderr is
0.0004139050476486555
target is
0.0006101694915254238
mu is
0.006095505617977528
number of trials is
35600
number of Z or Y failures is
217
number of X failures is
0
average trial time
35.088968034345235
stderr is
0.00041253262085527145
target is
0.0006095505617977528
mu is
0.00611731843575419
number of trials is
35800
number of Z or Y failures is
219
number of X failures is
0
average trial time
35.28077908304022
stderr is
0.0004121095302817136
target is
0.0006117318435754191
mu is
0.006111111111111111
number of trials is
36000
number of Z or Y failures is
220
number of X failures is
0
average trial time
35.472363702190215
stderr is
0.00041075588020717945
target is
0.0006111111111111112
mu is
0.0060773480662983425
number of trials is
36200
number of Z or Y failures is
220
number of X failures is
0
average trial time
35.663797363995194
stderr is
0.0004084934175728178
target is
0.0006077348066298343
mu is
0.006071428571428571
number of trials is
36400
number of Z or Y failures is
221
number of X failures is
0
average trial time
35.85682789526021
stderr is
0.0004071723760800882
target is
0.0006071428571428572
mu is
0.006038251366120219
number of trials is
36600
number of Z or Y failures is
221
number of X failures is
0
average trial time
36.049620592835225
stderr is
0.00040495411851011254
target is
0.0006038251366120219
mu is
0.006059782608695653
number of trials is
36800
number of Z or Y failures is
223
number of X failures is
0
average trial time
36.24344509438024
stderr is
0.0004045671774050377
target is
0.0006059782608695653
mu is
0.006054054054054054
number of trials is
37000
number of Z or Y failures is
224
number of X failures is
0
average trial time
36.43469297940024
stderr is
0.0004032826492022214
target is
0.0006054054054054055
mu is
0.006048387096774193
number of trials is
37200
number of Z or Y failures is
225
number of X failures is
0
average trial time
36.62786750681524
stderr is
0.00040200992746674294
target is
0.0006048387096774194
mu is
0.006016042780748663
number of trials is
37400
number of Z or Y failures is
225
number of X failures is
0
average trial time
36.82012679959523
stderr is
0.00039986661891566104
target is
0.0006016042780748664
mu is
0.00601063829787234
number of trials is
37600
number of Z or Y failures is
226
number of X failures is
0
average trial time
37.01245171644525
stderr is
0.0003986236101937668
target is
0.000601063829787234
mu is
0.006005291005291005
number of trials is
37800
number of Z or Y failures is
227
number of X failures is
0
average trial time
37.204749620760246
stderr is
0.0003973918076939489
target is
0.0006005291005291005
mu is
0.006
number of trials is
38000
number of Z or Y failures is
228
number of X failures is
0
average trial time
37.399125018795246
stderr is
0.00039617104730614854
target is
0.0006000000000000001
mu is
0.005994764397905759
number of trials is
38200
number of Z or Y failures is
229
number of X failures is
0
average trial time
37.592809067990245
stderr is
0.0003949611682166379
target is
0.000599476439790576
mu is
0.006015625
number of trials is
38400
number of Z or Y failures is
231
number of X failures is
0
average trial time
37.78874094797025
stderr is
0.00039461191953912725
target is
0.0006015625000000001
mu is
0.006036269430051813
number of trials is
38600
number of Z or Y failures is
233
number of X failures is
0
average trial time
37.983642813805226
stderr is
0.00039425894023696785
target is
0.0006036269430051813
mu is
0.006030927835051546
number of trials is
38800
number of Z or Y failures is
234
number of X failures is
0
average trial time
38.1766751037952
stderr is
0.0003930684945735591
target is
0.0006030927835051547
mu is
0.006025641025641026
number of trials is
39000
number of Z or Y failures is
235
number of X failures is
0
average trial time
38.371262943050176
stderr is
0.0003918884670099754
target is
0.0006025641025641026
mu is
0.006020408163265306
number of trials is
39200
number of Z or Y failures is
236
number of X failures is
0
average trial time
38.56302125661517
stderr is
0.0003907187094918975
target is
0.0006020408163265307
mu is
0.006040609137055838
number of trials is
39400
number of Z or Y failures is
238
number of X failures is
0
average trial time
38.75900313155517
stderr is
0.0003903750822581676
target is
0.0006040609137055839
mu is
0.006035353535353535
number of trials is
39600
number of Z or Y failures is
239
number of X failures is
0
average trial time
38.95272430696518
stderr is
0.000389219613391454
target is
0.0006035353535353535
mu is
0.0060050251256281405
number of trials is
39800
number of Z or Y failures is
239
number of X failures is
0
average trial time
39.14558805811521
stderr is
0.0003872696195245717
target is
0.0006005025125628141
mu is
0.006
number of trials is
40000
number of Z or Y failures is
240
number of X failures is
0
average trial time
39.34119221182022
stderr is
0.00038613951830030277
target is
0.0006000000000000001
240
0
40000
0.006
