mu is
0.0
number of trials is
200
number of Z or Y failures is
0
number of X failures is
0
average trial time
1.3823075583100004
mu is
0.0
number of trials is
400
number of Z or Y failures is
0
number of X failures is
0
average trial time
2.595560689490002
mu is
0.0
number of trials is
600
number of Z or Y failures is
0
number of X failures is
0
average trial time
3.8018854929300057
mu is
0.0
number of trials is
800
number of Z or Y failures is
0
number of X failures is
0
average trial time
5.004533441885007
mu is
0.0
number of trials is
1000
number of Z or Y failures is
0
number of X failures is
0
average trial time
6.217704664790005
mu is
0.0
number of trials is
1200
number of Z or Y failures is
0
number of X failures is
0
average trial time
7.4132735984950076
mu is
0.0
number of trials is
1400
number of Z or Y failures is
0
number of X failures is
0
average trial time
8.619926495870011
mu is
0.000625
number of trials is
1600
number of Z or Y failures is
1
number of X failures is
0
average trial time
9.83622224151
mu is
0.0005555555555555556
number of trials is
1800
number of Z or Y failures is
1
number of X failures is
0
average trial time
11.029052019825
mu is
0.0005
number of trials is
2000
number of Z or Y failures is
1
number of X failures is
0
average trial time
12.219782125505008
mu is
0.00045454545454545455
number of trials is
2200
number of Z or Y failures is
1
number of X failures is
0
average trial time
13.427398747385014
mu is
0.0004166666666666667
number of trials is
2400
number of Z or Y failures is
1
number of X failures is
0
average trial time
14.631698782540013
mu is
0.0003846153846153846
number of trials is
2600
number of Z or Y failures is
1
number of X failures is
0
average trial time
15.838499697300005
mu is
0.00035714285714285714
number of trials is
2800
number of Z or Y failures is
1
number of X failures is
0
average trial time
17.052818995109998
mu is
0.0003333333333333333
number of trials is
3000
number of Z or Y failures is
1
number of X failures is
0
average trial time
18.26464863983499
mu is
0.0003125
number of trials is
3200
number of Z or Y failures is
1
number of X failures is
0
average trial time
19.506980029325003
mu is
0.0002941176470588235
number of trials is
3400
number of Z or Y failures is
1
number of X failures is
0
average trial time
20.7442142012
mu is
0.0005555555555555556
number of trials is
3600
number of Z or Y failures is
2
number of X failures is
0
average trial time
21.97173933361998
mu is
0.0005263157894736842
number of trials is
3800
number of Z or Y failures is
2
number of X failures is
0
average trial time
23.238242459794975
mu is
0.0005
number of trials is
4000
number of Z or Y failures is
2
number of X failures is
0
average trial time
24.469837540259956
mu is
0.0004761904761904762
number of trials is
4200
number of Z or Y failures is
2
number of X failures is
0
average trial time
25.73071538194994
mu is
0.00045454545454545455
number of trials is
4400
number of Z or Y failures is
2
number of X failures is
0
average trial time
26.986406362324942
mu is
0.0004347826086956522
number of trials is
4600
number of Z or Y failures is
2
number of X failures is
0
average trial time
28.249791698899966
mu is
0.0004166666666666667
number of trials is
4800
number of Z or Y failures is
2
number of X failures is
0
average trial time
29.549945154904943
mu is
0.0004
number of trials is
5000
number of Z or Y failures is
2
number of X failures is
0
average trial time
30.860140616549952
mu is
0.0003846153846153846
number of trials is
5200
number of Z or Y failures is
2
number of X failures is
0
average trial time
32.131277646309925
mu is
0.00037037037037037035
number of trials is
5400
number of Z or Y failures is
2
number of X failures is
0
average trial time
33.42318766445994
mu is
0.00035714285714285714
number of trials is
5600
number of Z or Y failures is
2
number of X failures is
0
average trial time
34.75693231182497
mu is
0.0003448275862068965
number of trials is
5800
number of Z or Y failures is
2
number of X failures is
0
average trial time
36.10620796798494
mu is
0.0003333333333333333
number of trials is
6000
number of Z or Y failures is
2
number of X failures is
0
average trial time
37.44289561354993
mu is
0.0003225806451612903
number of trials is
6200
number of Z or Y failures is
2
number of X failures is
0
average trial time
38.79594486334991
mu is
0.0003125
number of trials is
6400
number of Z or Y failures is
2
number of X failures is
0
average trial time
40.15873267738491
mu is
0.00030303030303030303
number of trials is
6600
number of Z or Y failures is
2
number of X failures is
0
average trial time
41.50835132289988
mu is
0.0002941176470588235
number of trials is
6800
number of Z or Y failures is
2
number of X failures is
0
average trial time
42.882408935804875
mu is
0.00028571428571428574
number of trials is
7000
number of Z or Y failures is
2
number of X failures is
0
average trial time
44.26502023945484
mu is
0.0002777777777777778
number of trials is
7200
number of Z or Y failures is
2
number of X failures is
0
average trial time
45.65325731407486
mu is
0.0002702702702702703
number of trials is
7400
number of Z or Y failures is
2
number of X failures is
0
average trial time
47.04750731195488
mu is
0.0002631578947368421
number of trials is
7600
number of Z or Y failures is
2
number of X failures is
0
average trial time
48.44123592585487
mu is
0.0005128205128205128
number of trials is
7800
number of Z or Y failures is
4
number of X failures is
0
average trial time
49.83482616590978
mu is
0.0005
number of trials is
8000
number of Z or Y failures is
4
number of X failures is
0
average trial time
51.248529472449825
mu is
0.0004878048780487805
number of trials is
8200
number of Z or Y failures is
4
number of X failures is
0
average trial time
52.64003788693486
mu is
0.0004761904761904762
number of trials is
8400
number of Z or Y failures is
4
number of X failures is
0
average trial time
54.0516477435799
mu is
0.00046511627906976747
number of trials is
8600
number of Z or Y failures is
4
number of X failures is
0
average trial time
55.4618023800649
mu is
0.00045454545454545455
number of trials is
8800
number of Z or Y failures is
4
number of X failures is
0
average trial time
56.863851728124935
mu is
0.0005555555555555556
number of trials is
9000
number of Z or Y failures is
5
number of X failures is
0
average trial time
58.28812865770993
stderr is
0.00024839677367233297
target is
5.555555555555556e-5
mu is
0.0005434782608695652
number of trials is
9200
number of Z or Y failures is
5
number of X failures is
0
average trial time
59.71916657840994
stderr is
0.0002429980184850582
target is
5.4347826086956524e-5
mu is
0.0005319148936170213
number of trials is
9400
number of Z or Y failures is
5
number of X failures is
0
average trial time
61.147642105354926
stderr is
0.0002378289486280171
target is
5.3191489361702134e-5
mu is
0.0005208333333333333
number of trials is
9600
number of Z or Y failures is
5
number of X failures is
0
average trial time
62.55840963794496
stderr is
0.00023287521176329522
target is
5.208333333333334e-5
mu is
0.0005102040816326531
number of trials is
9800
number of Z or Y failures is
5
number of X failures is
0
average trial time
63.98004644598495
stderr is
0.0002281236269328325
target is
5.1020408163265315e-5
mu is
0.0005
number of trials is
10000
number of Z or Y failures is
5
number of X failures is
0
average trial time
65.40586213485497
stderr is
0.00022356206744392033
target is
5.0e-5
mu is
0.0004901960784313725
number of trials is
10200
number of Z or Y failures is
5
number of X failures is
0
average trial time
66.83991078731998
stderr is
0.00021917935753016596
target is
4.901960784313726e-5
mu is
0.0004807692307692308
number of trials is
10400
number of Z or Y failures is
5
number of X failures is
0
average trial time
68.27990011165002
stderr is
0.00021496518093389304
target is
4.8076923076923084e-5
mu is
0.0004716981132075472
number of trials is
10600
number of Z or Y failures is
5
number of X failures is
0
average trial time
69.72963186368005
stderr is
0.00021090999983574643
target is
4.716981132075472e-5
mu is
0.000462962962962963
number of trials is
10800
number of Z or Y failures is
5
number of X failures is
0
average trial time
71.15859702594999
stderr is
0.0002070049827904462
target is
4.62962962962963e-5
mu is
0.00045454545454545455
number of trials is
11000
number of Z or Y failures is
5
number of X failures is
0
average trial time
72.60191940937
stderr is
0.0002032419405226629
target is
4.545454545454546e-5
mu is
0.0004464285714285714
number of trials is
11200
number of Z or Y failures is
5
number of X failures is
0
average trial time
74.03869615311491
stderr is
0.00019961326860067468
target is
4.464285714285714e-5
mu is
0.0004385964912280702
number of trials is
11400
number of Z or Y failures is
5
number of X failures is
0
average trial time
75.45828932463492
stderr is
0.00019611189614331524
target is
4.385964912280702e-5
mu is
0.0004310344827586207
number of trials is
11600
number of Z or Y failures is
5
number of X failures is
0
average trial time
76.89407249992493
stderr is
0.00019273123983218208
target is
4.310344827586207e-5
mu is
0.000423728813559322
number of trials is
11800
number of Z or Y failures is
5
number of X failures is
0
average trial time
78.30847871164492
stderr is
0.0001894651625997755
target is
4.2372881355932206e-5
mu is
0.0004166666666666667
number of trials is
12000
number of Z or Y failures is
5
number of X failures is
0
average trial time
79.74036659794992
stderr is
0.00018630793644813307
target is
4.166666666666667e-5
mu is
0.0004098360655737705
number of trials is
12200
number of Z or Y failures is
5
number of X failures is
0
average trial time
81.17595103711987
stderr is
0.00018325420892404678
target is
4.098360655737705e-5
mu is
0.0004032258064516129
number of trials is
12400
number of Z or Y failures is
5
number of X failures is
0
average trial time
82.63040895954492
stderr is
0.00018029897283808975
target is
4.032258064516129e-5
mu is
0.0003968253968253968
number of trials is
12600
number of Z or Y failures is
5
number of X failures is
0
average trial time
84.03866826085486
stderr is
0.0001774375388670863
target is
3.968253968253968e-5
mu is
0.000390625
number of trials is
12800
number of Z or Y failures is
5
number of X failures is
0
average trial time
85.48251400891492
stderr is
0.00017466551072469822
target is
3.906250000000001e-5
mu is
0.0003846153846153846
number of trials is
13000
number of Z or Y failures is
5
number of X failures is
0
average trial time
86.93291730846491
stderr is
0.00017197876262360358
target is
3.846153846153846e-5
mu is
0.0003787878787878788
number of trials is
13200
number of Z or Y failures is
5
number of X failures is
0
average trial time
88.34818093767986
stderr is
0.00016937341878625752
target is
3.787878787878788e-5
mu is
0.00037313432835820896
number of trials is
13400
number of Z or Y failures is
5
number of X failures is
0
average trial time
89.7829600723198
stderr is
0.0001668458347902353
target is
3.7313432835820896e-5
mu is
0.0003676470588235294
number of trials is
13600
number of Z or Y failures is
5
number of X failures is
0
average trial time
91.21891158696475
stderr is
0.00016439258055933264
target is
3.6764705882352945e-5
mu is
0.00036231884057971015
number of trials is
13800
number of Z or Y failures is
5
number of X failures is
0
average trial time
92.63896781230478
stderr is
0.00016201042483348567
target is
3.6231884057971014e-5
mu is
0.00035714285714285714
number of trials is
14000
number of Z or Y failures is
5
number of X failures is
0
average trial time
94.0813430578849
stderr is
0.00015969632096964992
target is
3.571428571428572e-5
mu is
0.00035211267605633805
number of trials is
14200
number of Z or Y failures is
5
number of X failures is
0
average trial time
95.51544892499479
stderr is
0.00015744739394243598
target is
3.5211267605633805e-5
mu is
0.00034722222222222224
number of trials is
14400
number of Z or Y failures is
5
number of X failures is
0
average trial time
96.95767481062958
stderr is
0.0001552609284278748
target is
3.472222222222222e-5
mu is
0.00034246575342465754
number of trials is
14600
number of Z or Y failures is
5
number of X failures is
0
average trial time
98.39456170045973
stderr is
0.00015313435786646484
target is
3.424657534246576e-5
mu is
0.00033783783783783786
number of trials is
14800
number of Z or Y failures is
5
number of X failures is
0
average trial time
99.79480342986973
stderr is
0.0001510652544128793
target is
3.3783783783783784e-5
mu is
0.0003333333333333333
number of trials is
15000
number of Z or Y failures is
5
number of X failures is
0
average trial time
101.23294020475974
stderr is
0.00014905131968958956
target is
3.3333333333333335e-5
mu is
0.0003289473684210526
number of trials is
15200
number of Z or Y failures is
5
number of X failures is
0
average trial time
102.65236455452965
stderr is
0.00014709037627036903
target is
3.289473684210526e-5
mu is
0.0003246753246753247
number of trials is
15400
number of Z or Y failures is
5
number of X failures is
0
average trial time
104.09110285865466
stderr is
0.0001451803598273342
target is
3.246753246753247e-5
mu is
0.0003205128205128205
number of trials is
15600
number of Z or Y failures is
5
number of X failures is
0
average trial time
105.51899731052964
stderr is
0.00014331931188198168
target is
3.205128205128205e-5
mu is
0.00037974683544303797
number of trials is
15800
number of Z or Y failures is
6
number of X failures is
0
average trial time
106.95398728719466
stderr is
0.00015500646266385735
target is
3.79746835443038e-5
mu is
0.000375
number of trials is
16000
number of Z or Y failures is
6
number of X failures is
0
average trial time
108.3971294254146
stderr is
0.0001530691847611978
target is
3.7500000000000003e-5
mu is
0.00037037037037037035
number of trials is
16200
number of Z or Y failures is
6
number of X failures is
0
average trial time
109.83849590979472
stderr is
0.00015117973349359332
target is
3.7037037037037037e-5
mu is
0.00036585365853658537
number of trials is
16400
number of Z or Y failures is
6
number of X failures is
0
average trial time
111.2762998348797
stderr is
0.0001493363593731082
target is
3.6585365853658535e-5
mu is
0.00036144578313253013
number of trials is
16600
number of Z or Y failures is
6
number of X failures is
0
average trial time
112.6904732411347
stderr is
0.0001475373972117639
target is
3.614457831325302e-5
mu is
0.00035714285714285714
number of trials is
16800
number of Z or Y failures is
6
number of X failures is
0
average trial time
114.11595624686474
stderr is
0.00014578126110443242
target is
3.571428571428572e-5
mu is
0.00035294117647058826
number of trials is
17000
number of Z or Y failures is
6
number of X failures is
0
average trial time
115.5273977564198
stderr is
0.00014406643976582606
target is
3.529411764705883e-5
mu is
0.0003488372093023256
number of trials is
17200
number of Z or Y failures is
6
number of X failures is
0
average trial time
116.9577204024198
stderr is
0.00014239149219276618
target is
3.488372093023256e-5
mu is
0.0003448275862068965
number of trials is
17400
number of Z or Y failures is
6
number of X failures is
0
average trial time
118.37651742877486
stderr is
0.00014075504362556286
target is
3.4482758620689657e-5
mu is
0.00034090909090909094
number of trials is
17600
number of Z or Y failures is
6
number of X failures is
0
average trial time
119.81067540977996
stderr is
0.00013915578178471552
target is
3.409090909090909e-5
mu is
0.00033707865168539324
number of trials is
17800
number of Z or Y failures is
6
number of X failures is
0
average trial time
121.22017640491505
stderr is
0.0001375924533612841
target is
3.370786516853932e-5
mu is
0.0003333333333333333
number of trials is
18000
number of Z or Y failures is
6
number of X failures is
0
average trial time
122.64312666954004
stderr is
0.00013606386074120207
target is
3.3333333333333335e-5
mu is
0.00032967032967032967
number of trials is
18200
number of Z or Y failures is
6
number of X failures is
0
average trial time
124.06393683886006
stderr is
0.0001345688589455396
target is
3.296703296703297e-5
mu is
0.00032608695652173916
number of trials is
18400
number of Z or Y failures is
6
number of X failures is
0
average trial time
125.48671061175013
stderr is
0.00013310635277028794
target is
3.260869565217392e-5
mu is
0.0003225806451612903
number of trials is
18600
number of Z or Y failures is
6
number of X failures is
0
average trial time
126.89650867738017
stderr is
0.0001316752941106479
target is
3.2258064516129034e-5
mu is
0.00031914893617021275
number of trials is
18800
number of Z or Y failures is
6
number of X failures is
0
average trial time
128.30640327584015
stderr is
0.00013027467945608714
target is
3.1914893617021275e-5
mu is
0.00031578947368421053
number of trials is
19000
number of Z or Y failures is
6
number of X failures is
0
average trial time
129.7336164483152
stderr is
0.0001289035475435821
target is
3.157894736842105e-5
mu is
0.0003125
number of trials is
19200
number of Z or Y failures is
6
number of X failures is
0
average trial time
131.13108301463032
stderr is
0.0001275609771575142
target is
3.125e-5
mu is
0.0003092783505154639
number of trials is
19400
number of Z or Y failures is
6
number of X failures is
0
average trial time
132.5536775310203
stderr is
0.00012624608506563693
target is
3.092783505154639e-5
mu is
0.0003061224489795918
number of trials is
19600
number of Z or Y failures is
6
number of X failures is
0
average trial time
133.95791745874538
stderr is
0.00012495802408139616
target is
3.061224489795918e-5
mu is
0.00030303030303030303
number of trials is
19800
number of Z or Y failures is
6
number of X failures is
0
average trial time
135.3788128812954
stderr is
0.00012369598124367082
target is
3.0303030303030306e-5
mu is
0.0003
number of trials is
20000
number of Z or Y failures is
6
number of X failures is
0
average trial time
136.77048890986052
stderr is
0.00012245917610571543
target is
2.9999999999999997e-5
mu is
0.000297029702970297
number of trials is
20200
number of Z or Y failures is
6
number of X failures is
0
average trial time
138.16920249563557
stderr is
0.00012124685912573716
target is
2.9702970297029702e-5
mu is
0.0002941176470588235
number of trials is
20400
number of Z or Y failures is
6
number of X failures is
0
average trial time
139.58764175368566
stderr is
0.00012005831015213285
target is
2.941176470588235e-5
mu is
0.0002912621359223301
number of trials is
20600
number of Z or Y failures is
6
number of X failures is
0
average trial time
140.9877762930555
stderr is
0.00011889283699695422
target is
2.9126213592233014e-5
mu is
0.0002884615384615385
number of trials is
20800
number of Z or Y failures is
6
number of X failures is
0
average trial time
142.40586036691553
stderr is
0.00011774977409166341
target is
2.884615384615385e-5
mu is
0.00028571428571428574
number of trials is
21000
number of Z or Y failures is
6
number of X failures is
0
average trial time
143.79853412072552
stderr is
0.00011662848121969262
target is
2.8571428571428574e-5
mu is
0.0002830188679245283
number of trials is
21200
number of Z or Y failures is
6
number of X failures is
0
average trial time
145.20850919098552
stderr is
0.00011552834232073816
target is
2.8301886792452834e-5
mu is
0.00028037383177570094
number of trials is
21400
number of Z or Y failures is
6
number of X failures is
0
average trial time
146.6391099060104
stderr is
0.00011444876436209478
target is
2.8037383177570094e-5
mu is
0.0002777777777777778
number of trials is
21600
number of Z or Y failures is
6
number of X failures is
0
average trial time
148.02210920251028
stderr is
0.0001133891762726868
target is
2.777777777777778e-5
mu is
0.00027522935779816516
number of trials is
21800
number of Z or Y failures is
6
number of X failures is
0
average trial time
149.42158324845525
stderr is
0.00011234902793576968
target is
2.752293577981652e-5
mu is
0.00027272727272727274
number of trials is
22000
number of Z or Y failures is
6
number of X failures is
0
average trial time
150.82249562900526
stderr is
0.00011132778923656845
target is
2.7272727272727276e-5
mu is
0.0002702702702702703
number of trials is
22200
number of Z or Y failures is
6
number of X failures is
0
average trial time
152.2013423730502
stderr is
0.00011032494916139016
target is
2.702702702702703e-5
mu is
0.00026785714285714287
number of trials is
22400
number of Z or Y failures is
6
number of X failures is
0
average trial time
153.6142775976752
stderr is
0.00010934001494499188
target is
2.6785714285714288e-5
mu is
0.00026548672566371683
number of trials is
22600
number of Z or Y failures is
6
number of X failures is
0
average trial time
155.01347574946013
stderr is
0.00010837251126321679
target is
2.6548672566371686e-5
mu is
0.0002631578947368421
number of trials is
22800
number of Z or Y failures is
6
number of X failures is
0
average trial time
156.39070288726015
stderr is
0.00010742197946811816
target is
2.6315789473684212e-5
mu is
0.0002608695652173913
number of trials is
23000
number of Z or Y failures is
6
number of X failures is
0
average trial time
157.800081370625
stderr is
0.0001064879768629857
target is
2.6086956521739128e-5
mu is
0.0002586206896551724
number of trials is
23200
number of Z or Y failures is
6
number of X failures is
0
average trial time
159.21071607910488
stderr is
0.00010557007601486642
target is
2.5862068965517244e-5
mu is
0.0002564102564102564
number of trials is
23400
number of Z or Y failures is
6
number of X failures is
0
average trial time
160.5933751915399
stderr is
0.00010466786410233703
target is
2.5641025641025643e-5
mu is
0.0002542372881355932
number of trials is
23600
number of Z or Y failures is
6
number of X failures is
0
average trial time
161.99244704571007
stderr is
0.00010378094229643699
target is
2.5423728813559325e-5
mu is
0.00025210084033613445
number of trials is
23800
number of Z or Y failures is
6
number of X failures is
0
average trial time
163.41103275607517
stderr is
0.00010290892517281183
target is
2.5210084033613446e-5
mu is
0.00025
number of trials is
24000
number of Z or Y failures is
6
number of X failures is
0
average trial time
164.79839455912514
stderr is
0.00010205144015324603
target is
2.5e-5
mu is
0.00024793388429752067
number of trials is
24200
number of Z or Y failures is
6
number of X failures is
0
average trial time
166.16737190888009
stderr is
0.00010120812697488582
target is
2.479338842975207e-5
mu is
0.0002459016393442623
number of trials is
24400
number of Z or Y failures is
6
number of X failures is
0
average trial time
167.54154194756995
stderr is
0.00010037863718556292
target is
2.459016393442623e-5
mu is
0.00024390243902439024
number of trials is
24600
number of Z or Y failures is
6
number of X failures is
0
average trial time
168.95593851597494
stderr is
9.956263366373427e-5
target is
2.4390243902439026e-5
mu is
0.00024193548387096774
number of trials is
24800
number of Z or Y failures is
6
number of X failures is
0
average trial time
170.33839695073505
stderr is
9.875979016164812e-5
target is
2.4193548387096777e-5
mu is
0.00024
number of trials is
25000
number of Z or Y failures is
6
number of X failures is
0
average trial time
171.70168538544004
stderr is
9.796979087043579e-5
target is
2.4e-5
mu is
0.0002380952380952381
number of trials is
25200
number of Z or Y failures is
6
number of X failures is
0
average trial time
173.0853831115697
stderr is
9.719233000591164e-5
target is
2.380952380952381e-5
mu is
0.00023622047244094488
number of trials is
25400
number of Z or Y failures is
6
number of X failures is
0
average trial time
174.4781590759647
stderr is
9.642711141393913e-5
target is
2.362204724409449e-5
mu is
0.000234375
number of trials is
25600
number of Z or Y failures is
6
number of X failures is
0
average trial time
175.88154046840984
stderr is
9.567384819429402e-5
target is
2.34375e-5
mu is
0.00023255813953488373
number of trials is
25800
number of Z or Y failures is
6
number of X failures is
0
average trial time
177.2542128547647
stderr is
9.493226234202022e-5
target is
2.3255813953488374e-5
mu is
0.0002692307692307692
number of trials is
26000
number of Z or Y failures is
7
number of X failures is
0
average trial time
178.61584092227503
stderr is
0.00010174792318113736
target is
2.6923076923076923e-5
mu is
0.000267175572519084
number of trials is
26200
number of Z or Y failures is
7
number of X failures is
0
average trial time
180.00584306204982
stderr is
0.00010097131044008102
target is
2.67175572519084e-5
mu is
0.0002651515151515152
number of trials is
26400
number of Z or Y failures is
7
number of X failures is
0
average trial time
181.40925774818996
stderr is
0.00010020646322090404
target is
2.651515151515152e-5
mu is
0.0003007518796992481
number of trials is
26600
number of Z or Y failures is
8
number of X failures is
0
average trial time
182.79463169227486
stderr is
0.00010631785431584508
target is
3.007518796992481e-5
mu is
0.00029850746268656717
number of trials is
26800
number of Z or Y failures is
8
number of X failures is
0
average trial time
184.20096203907988
stderr is
0.0001055245411454506
target is
2.9850746268656717e-5
mu is
0.0002962962962962963
number of trials is
27000
number of Z or Y failures is
8
number of X failures is
0
average trial time
185.58743994703468
stderr is
0.00010474297923838727
target is
2.962962962962963e-5
mu is
0.0002941176470588235
number of trials is
27200
number of Z or Y failures is
8
number of X failures is
0
average trial time
186.9741164245547
stderr is
0.00010397290940899319
target is
2.941176470588235e-5
mu is
0.00029197080291970805
number of trials is
27400
number of Z or Y failures is
8
number of X failures is
0
average trial time
188.3699673113247
stderr is
0.00010321408003810327
target is
2.9197080291970807e-5
mu is
0.0002898550724637681
number of trials is
27600
number of Z or Y failures is
8
number of X failures is
0
average trial time
189.7781230440249
stderr is
0.0001024662467989359
target is
2.8985507246376814e-5
mu is
0.00028776978417266187
number of trials is
27800
number of Z or Y failures is
8
number of X failures is
0
average trial time
191.16170283758964
stderr is
0.00010172917239480977
target is
2.877697841726619e-5
mu is
0.00028571428571428574
number of trials is
28000
number of Z or Y failures is
8
number of X failures is
0
average trial time
192.53974093214444
stderr is
0.00010100262630810037
target is
2.8571428571428574e-5
mu is
0.00028368794326241134
number of trials is
28200
number of Z or Y failures is
8
number of X failures is
0
average trial time
193.9002559889142
stderr is
0.00010028638455987798
target is
2.8368794326241135e-5
mu is
0.00028169014084507044
number of trials is
28400
number of Z or Y failures is
8
number of X failures is
0
average trial time
195.26743827119444
stderr is
9.958022947970009e-5
target is
2.8169014084507046e-5
mu is
0.0002797202797202797
number of trials is
28600
number of Z or Y failures is
8
number of X failures is
0
average trial time
196.61688278867942
stderr is
9.888394948506198e-5
target is
2.7972027972027973e-5
mu is
0.0002777777777777778
number of trials is
28800
number of Z or Y failures is
8
number of X failures is
0
average trial time
197.9812887286546
stderr is
9.819733887003587e-5
target is
2.777777777777778e-5
mu is
0.00027586206896551725
number of trials is
29000
number of Z or Y failures is
8
number of X failures is
0
average trial time
199.37235098785942
stderr is
9.75201976026547e-5
target is
2.7586206896551727e-5
mu is
0.000273972602739726
number of trials is
29200
number of Z or Y failures is
8
number of X failures is
0
average trial time
200.76933918203963
stderr is
9.685233113062173e-5
target is
2.7397260273972603e-5
mu is
0.00027210884353741496
number of trials is
29400
number of Z or Y failures is
8
number of X failures is
0
average trial time
202.14275764574953
stderr is
9.619355019494945e-5
target is
2.7210884353741498e-5
mu is
0.0002702702702702703
number of trials is
29600
number of Z or Y failures is
8
number of X failures is
0
average trial time
203.4990322238243
stderr is
9.554367065115271e-5
target is
2.702702702702703e-5
mu is
0.00026845637583892615
number of trials is
29800
number of Z or Y failures is
8
number of X failures is
0
average trial time
204.8523044199744
stderr is
9.490251329764131e-5
target is
2.6845637583892615e-5
mu is
0.0002666666666666667
number of trials is
30000
number of Z or Y failures is
8
number of X failures is
0
average trial time
206.20622668664947
stderr is
9.426990371097612e-5
target is
2.666666666666667e-5
mu is
0.00026490066225165563
number of trials is
30200
number of Z or Y failures is
8
number of X failures is
0
average trial time
207.57699874976947
stderr is
9.364567208767039e-5
target is
2.6490066225165565e-5
mu is
0.0002631578947368421
number of trials is
30400
number of Z or Y failures is
8
number of X failures is
0
average trial time
208.9463940700045
stderr is
9.302965309223533e-5
target is
2.6315789473684212e-5
mu is
0.00026143790849673205
number of trials is
30600
number of Z or Y failures is
8
number of X failures is
0
average trial time
210.3201645793244
stderr is
9.242168571118368e-5
target is
2.6143790849673208e-5
mu is
0.00025974025974025974
number of trials is
30800
number of Z or Y failures is
8
number of X failures is
0
average trial time
211.66366736096407
stderr is
9.182161311272102e-5
target is
2.5974025974025975e-5
mu is
0.00025806451612903227
number of trials is
31000
number of Z or Y failures is
8
number of X failures is
0
average trial time
213.03591683977905
stderr is
9.122928251186764e-5
target is
2.580645161290323e-5
mu is
0.0002564102564102564
number of trials is
31200
number of Z or Y failures is
8
number of X failures is
0
average trial time
214.38767380337896
stderr is
9.064454504076761e-5
target is
2.5641025641025643e-5
mu is
0.00025477707006369424
number of trials is
31400
number of Z or Y failures is
8
number of X failures is
0
average trial time
215.72800021127398
stderr is
9.006725562395338e-5
target is
2.5477707006369424e-5
mu is
0.00025316455696202533
number of trials is
31600
number of Z or Y failures is
8
number of X failures is
0
average trial time
217.08649864384887
stderr is
8.9497272858347e-5
target is
2.5316455696202533e-5
mu is
0.00025157232704402514
number of trials is
31800
number of Z or Y failures is
8
number of X failures is
0
average trial time
218.4549549252841
stderr is
8.893445889778865e-5
target is
2.5157232704402517e-5
mu is
0.00025
number of trials is
32000
number of Z or Y failures is
8
number of X failures is
0
average trial time
219.84938763589918
stderr is
8.83786793418954e-5
target is
2.5e-5
mu is
0.0002484472049689441
number of trials is
32200
number of Z or Y failures is
8
number of X failures is
0
average trial time
221.22162858588416
stderr is
8.78298031290609e-5
target is
2.4844720496894414e-5
mu is
0.0002469135802469136
number of trials is
32400
number of Z or Y failures is
8
number of X failures is
0
average trial time
222.5940536180241
stderr is
8.728770243341794e-5
target is
2.469135802469136e-5
mu is
0.000245398773006135
number of trials is
32600
number of Z or Y failures is
8
number of X failures is
0
average trial time
223.94970178087925
stderr is
8.675225256559347e-5
target is
2.45398773006135e-5
mu is
0.00024390243902439024
number of trials is
32800
number of Z or Y failures is
8
number of X failures is
0
average trial time
225.29862362452414
stderr is
8.622333187709371e-5
target is
2.4390243902439026e-5
mu is
0.00024242424242424242
number of trials is
33000
number of Z or Y failures is
8
number of X failures is
0
average trial time
226.6671538212894
stderr is
8.570082166816635e-5
target is
2.4242424242424244e-5
mu is
0.00024096385542168674
number of trials is
33200
number of Z or Y failures is
8
number of X failures is
0
average trial time
228.03001900558922
stderr is
8.51846060989922e-5
target is
2.4096385542168674e-5
mu is
0.00023952095808383233
number of trials is
33400
number of Z or Y failures is
8
number of X failures is
0
average trial time
229.37718971711934
stderr is
8.467457210406761e-5
target is
2.3952095808383234e-5
mu is
0.0002380952380952381
number of trials is
33600
number of Z or Y failures is
8
number of X failures is
0
average trial time
230.74660738431447
stderr is
8.417060930964399e-5
target is
2.380952380952381e-5
mu is
0.00023668639053254438
number of trials is
33800
number of Z or Y failures is
8
number of X failures is
0
average trial time
232.10070573491473
stderr is
8.367260995409847e-5
target is
2.3668639053254438e-5
mu is
0.00023529411764705883
number of trials is
34000
number of Z or Y failures is
8
number of X failures is
0
average trial time
slurmstepd: error: *** JOB 572 ON cpu48-dy-c5a12xlarge-58 CANCELLED AT 2021-06-21T17:10:18 ***
