mu is
0.0
number of trials is
200
number of Z or Y failures is
0
number of X failures is
0
average trial time
2.805112428104999
mu is
0.0
number of trials is
400
number of Z or Y failures is
0
number of X failures is
0
average trial time
5.5650659814300045
mu is
0.0
number of trials is
600
number of Z or Y failures is
0
number of X failures is
0
average trial time
8.484016900175003
mu is
0.0
number of trials is
800
number of Z or Y failures is
0
number of X failures is
0
average trial time
11.494429876705022
mu is
0.001
number of trials is
1000
number of Z or Y failures is
1
number of X failures is
0
average trial time
14.690735786345009
mu is
0.0016666666666666668
number of trials is
1200
number of Z or Y failures is
2
number of X failures is
0
average trial time
18.00470355792502
mu is
0.0014285714285714286
number of trials is
1400
number of Z or Y failures is
2
number of X failures is
0
average trial time
21.267846096025018
mu is
0.00125
number of trials is
1600
number of Z or Y failures is
2
number of X failures is
0
average trial time
24.56571381346001
mu is
0.0016666666666666668
number of trials is
1800
number of Z or Y failures is
3
number of X failures is
0
average trial time
27.85678953408504
mu is
0.0015
number of trials is
2000
number of Z or Y failures is
3
number of X failures is
0
average trial time
31.167538247850022
mu is
0.0013636363636363637
number of trials is
2200
number of Z or Y failures is
3
number of X failures is
0
average trial time
34.411731741435
mu is
0.00125
number of trials is
2400
number of Z or Y failures is
3
number of X failures is
0
average trial time
37.73820881975997
mu is
0.0015384615384615385
number of trials is
2600
number of Z or Y failures is
4
number of X failures is
0
average trial time
40.94672480898995
mu is
0.0014285714285714286
number of trials is
2800
number of Z or Y failures is
4
number of X failures is
0
average trial time
44.18391640054984
mu is
0.0013333333333333333
number of trials is
3000
number of Z or Y failures is
4
number of X failures is
0
average trial time
47.45331132864985
mu is
0.00125
number of trials is
3200
number of Z or Y failures is
4
number of X failures is
0
average trial time
50.57547635928983
mu is
0.001176470588235294
number of trials is
3400
number of Z or Y failures is
4
number of X failures is
0
average trial time
53.71166344554483
mu is
0.0011111111111111111
number of trials is
3600
number of Z or Y failures is
4
number of X failures is
0
average trial time
56.79099505945981
mu is
0.0010526315789473684
number of trials is
3800
number of Z or Y failures is
4
number of X failures is
0
average trial time
59.96884017235484
mu is
0.001
number of trials is
4000
number of Z or Y failures is
4
number of X failures is
0
average trial time
63.06805865277988
mu is
0.0009523809523809524
number of trials is
4200
number of Z or Y failures is
4
number of X failures is
0
average trial time
66.14652006940993
mu is
0.0011363636363636363
number of trials is
4400
number of Z or Y failures is
5
number of X failures is
0
average trial time
69.24318001565
stderr is
0.0005079661637964474
target is
0.00011363636363636364
mu is
0.0010869565217391304
number of trials is
4600
number of Z or Y failures is
5
number of X failures is
0
average trial time
72.43275642420501
stderr is
0.0004858902937183206
target is
0.00010869565217391305
mu is
0.0010416666666666667
number of trials is
4800
number of Z or Y failures is
5
number of X failures is
0
average trial time
75.51437762586497
stderr is
0.0004656533112709585
target is
0.00010416666666666667
mu is
0.001
number of trials is
5000
number of Z or Y failures is
5
number of X failures is
0
average trial time
78.54815964925496
stderr is
0.0004470346384717841
target is
0.0001
mu is
0.0009615384615384616
number of trials is
5200
number of Z or Y failures is
5
number of X failures is
0
average trial time
81.57408523352997
stderr is
0.0004298476193108059
target is
9.615384615384617e-5
mu is
0.000925925925925926
number of trials is
5400
number of Z or Y failures is
5
number of X failures is
0
average trial time
84.64687638836503
stderr is
0.00041393324024108235
target is
9.25925925925926e-5
mu is
0.0010714285714285715
number of trials is
5600
number of Z or Y failures is
6
number of X failures is
0
average trial time
87.64705064966505
stderr is
0.00043721353231853836
target is
0.00010714285714285715
mu is
0.001206896551724138
number of trials is
5800
number of Z or Y failures is
7
number of X failures is
0
average trial time
90.76488367773999
stderr is
0.00045592797048169676
target is
0.00012068965517241381
mu is
0.0013333333333333333
number of trials is
6000
number of Z or Y failures is
8
number of X failures is
0
average trial time
93.82038786058989
stderr is
0.0004711294087041092
target is
0.00013333333333333334
mu is
0.0014516129032258066
number of trials is
6200
number of Z or Y failures is
9
number of X failures is
0
average trial time
96.83282761804492
stderr is
0.0004835586417660389
target is
0.00014516129032258066
mu is
0.00140625
number of trials is
6400
number of Z or Y failures is
9
number of X failures is
0
average trial time
99.82977574659976
stderr is
0.0004684568938278357
target is
0.000140625
mu is
0.0013636363636363637
number of trials is
6600
number of Z or Y failures is
9
number of X failures is
0
average trial time
102.86988397871478
stderr is
0.00045426984715037446
target is
0.00013636363636363637
mu is
0.0013235294117647058
number of trials is
6800
number of Z or Y failures is
9
number of X failures is
0
average trial time
105.90561088668974
stderr is
0.00044091684045211797
target is
0.00013235294117647058
mu is
0.0012857142857142856
number of trials is
7000
number of Z or Y failures is
9
number of X failures is
0
average trial time
108.97940609942476
stderr is
0.0004283264255909529
target is
0.00012857142857142858
mu is
0.00125
number of trials is
7200
number of Z or Y failures is
9
number of X failures is
0
average trial time
111.98652465359982
stderr is
0.0004164350886764748
target is
0.000125
mu is
0.0012162162162162162
number of trials is
7400
number of Z or Y failures is
9
number of X failures is
0
average trial time
114.97922050159485
stderr is
0.0004051861784566149
target is
0.00012162162162162162
mu is
0.0011842105263157896
number of trials is
7600
number of Z or Y failures is
9
number of X failures is
0
average trial time
117.90530385383482
stderr is
0.0003945290038167438
target is
0.00011842105263157896
mu is
0.001282051282051282
number of trials is
7800
number of Z or Y failures is
10
number of X failures is
0
average trial time
120.88463358649977
stderr is
0.0004051862190485619
target is
0.0001282051282051282
mu is
0.00125
number of trials is
8000
number of Z or Y failures is
10
number of X failures is
0
average trial time
123.96917691574974
stderr is
0.0003950622694900094
target is
0.000125
mu is
0.0012195121951219512
number of trials is
8200
number of Z or Y failures is
10
number of X failures is
0
average trial time
127.0005532341598
stderr is
0.00038543189947297466
target is
0.00012195121951219512
mu is
0.0011904761904761906
number of trials is
8400
number of Z or Y failures is
10
number of X failures is
0
average trial time
130.05268264636467
stderr is
0.00037625987226529015
target is
0.00011904761904761906
mu is
0.0011627906976744186
number of trials is
8600
number of Z or Y failures is
10
number of X failures is
0
average trial time
133.06540525123967
stderr is
0.00036751422724794886
target is
0.00011627906976744187
mu is
0.0011363636363636363
number of trials is
8800
number of Z or Y failures is
10
number of X failures is
0
average trial time
136.06069723285967
stderr is
0.0003591659078208665
target is
0.00011363636363636364
mu is
0.0011111111111111111
number of trials is
9000
number of Z or Y failures is
10
number of X failures is
0
average trial time
139.04136690570974
stderr is
0.000351188438896254
target is
0.00011111111111111112
mu is
0.0010869565217391304
number of trials is
9200
number of Z or Y failures is
10
number of X failures is
0
average trial time
142.01878205756978
stderr is
0.0003435576464373737
target is
0.00010869565217391305
mu is
0.001170212765957447
number of trials is
9400
number of Z or Y failures is
11
number of X failures is
0
average trial time
144.97869609229977
stderr is
0.0003526446777653582
target is
0.0001170212765957447
mu is
0.00125
number of trials is
9600
number of Z or Y failures is
12
number of X failures is
0
average trial time
147.9142198286297
stderr is
0.0003606371039448713
target is
0.000125
mu is
0.0012244897959183673
number of trials is
9800
number of Z or Y failures is
12
number of X failures is
0
average trial time
150.8786411946946
stderr is
0.00035328129919464323
target is
0.00012244897959183673
mu is
0.0013
number of trials is
10000
number of Z or Y failures is
13
number of X failures is
0
average trial time
153.83402257868968
stderr is
0.0003603387078825141
target is
0.00013
mu is
0.0013725490196078432
number of trials is
10200
number of Z or Y failures is
14
number of X failures is
0
average trial time
156.8279752263696
stderr is
0.00036659529442260305
target is
0.0001372549019607843
mu is
0.001346153846153846
number of trials is
10400
number of Z or Y failures is
14
number of X failures is
0
average trial time
159.7616906644297
stderr is
0.00035954979756116503
target is
0.0001346153846153846
mu is
0.0014150943396226414
number of trials is
10600
number of Z or Y failures is
15
number of X failures is
0
average trial time
162.76534462417473
stderr is
0.0003651343989781884
target is
0.00014150943396226416
mu is
0.001388888888888889
number of trials is
10800
number of Z or Y failures is
15
number of X failures is
0
average trial time
165.76116204191985
stderr is
0.0003583770400536242
target is
0.0001388888888888889
mu is
0.0013636363636363637
number of trials is
11000
number of Z or Y failures is
15
number of X failures is
0
average trial time
168.77850423104502
stderr is
0.00035186524650210115
target is
0.00013636363636363637
mu is
0.0014285714285714286
number of trials is
11200
number of Z or Y failures is
16
number of X failures is
0
average trial time
171.8204335884251
stderr is
0.0003569035974810175
target is
0.00014285714285714287
mu is
0.0014035087719298245
number of trials is
11400
number of Z or Y failures is
16
number of X failures is
0
average trial time
174.70724506543996
stderr is
0.000350646256475363
target is
0.00014035087719298245
mu is
0.0014655172413793104
number of trials is
11600
number of Z or Y failures is
17
number of X failures is
0
average trial time
177.70509231567502
stderr is
0.0003551949032735944
target is
0.00014655172413793104
mu is
0.0016101694915254237
number of trials is
11800
number of Z or Y failures is
19
number of X failures is
0
average trial time
180.72041600288998
stderr is
0.00036911633972877176
target is
0.0001610169491525424
mu is
0.0015833333333333333
number of trials is
12000
number of Z or Y failures is
19
number of X failures is
0
average trial time
183.80046249028496
stderr is
0.000362969022484492
target is
0.00015833333333333335
mu is
0.001557377049180328
number of trials is
12200
number of Z or Y failures is
19
number of X failures is
0
average trial time
186.84818926149504
stderr is
0.00035702310750930277
target is
0.0001557377049180328
mu is
0.001532258064516129
number of trials is
12400
number of Z or Y failures is
19
number of X failures is
0
average trial time
189.7997422257951
stderr is
0.000351268856634186
target is
0.00015322580645161292
mu is
0.001507936507936508
number of trials is
12600
number of Z or Y failures is
19
number of X failures is
0
average trial time
192.80467217352506
stderr is
0.000345697149542608
target is
0.00015079365079365083
mu is
0.001484375
number of trials is
12800
number of Z or Y failures is
19
number of X failures is
0
average trial time
195.7569578923252
stderr is
0.00034029943553495095
target is
0.00014843750000000002
mu is
0.0015384615384615385
number of trials is
13000
number of Z or Y failures is
20
number of X failures is
0
average trial time
198.76263109317992
stderr is
0.0003437589545435135
target is
0.00015384615384615385
mu is
0.0015151515151515152
number of trials is
13200
number of Z or Y failures is
20
number of X failures is
0
average trial time
201.7611281328298
stderr is
0.00033855424009409784
target is
0.00015151515151515152
mu is
0.0014925373134328358
number of trials is
13400
number of Z or Y failures is
20
number of X failures is
0
average trial time
204.66573871677983
stderr is
0.0003335047798040743
target is
0.00014925373134328358
mu is
0.0016176470588235294
number of trials is
13600
number of Z or Y failures is
22
number of X failures is
0
average trial time
207.63726250733995
stderr is
0.0003446171189304824
target is
0.00016176470588235295
mu is
0.0015942028985507246
number of trials is
13800
number of Z or Y failures is
22
number of X failures is
0
average trial time
210.5891918634102
stderr is
0.00033962647446897793
target is
0.00015942028985507247
mu is
0.0015714285714285715
number of trials is
14000
number of Z or Y failures is
22
number of X failures is
0
average trial time
213.57386438269998
stderr is
0.0003347783125967791
target is
0.00015714285714285716
mu is
0.0015492957746478873
number of trials is
14200
number of Z or Y failures is
22
number of X failures is
0
average trial time
216.5046340705797
stderr is
0.0003300666173927239
target is
0.00015492957746478874
mu is
0.0015277777777777779
number of trials is
14400
number of Z or Y failures is
22
number of X failures is
0
average trial time
219.51715017330488
stderr is
0.0003254857069085058
target is
0.0001527777777777778
mu is
0.0015068493150684932
number of trials is
14600
number of Z or Y failures is
22
number of X failures is
0
average trial time
222.49660444545992
stderr is
0.00032103021031037695
target is
0.00015068493150684933
mu is
0.0014864864864864865
number of trials is
14800
number of Z or Y failures is
22
number of X failures is
0
average trial time
225.47820464860004
stderr is
0.0003166950468729036
target is
0.00014864864864864866
mu is
0.0015333333333333334
number of trials is
15000
number of Z or Y failures is
23
number of X failures is
0
average trial time
228.5026963000198
stderr is
0.0003194875370035084
target is
0.00015333333333333334
mu is
0.0015131578947368421
number of trials is
15200
number of Z or Y failures is
23
number of X failures is
0
average trial time
231.32709470514993
stderr is
0.00031528680069117104
target is
0.00015131578947368422
mu is
0.0015584415584415584
number of trials is
15400
number of Z or Y failures is
24
number of X failures is
0
average trial time
234.11541068896494
stderr is
0.0003178778929887946
target is
0.00015584415584415587
mu is
0.0015384615384615385
number of trials is
15600
number of Z or Y failures is
24
number of X failures is
0
average trial time
236.87187648320486
stderr is
0.00031380554452415554
target is
0.00015384615384615385
mu is
0.0015189873417721519
number of trials is
15800
number of Z or Y failures is
24
number of X failures is
0
average trial time
239.68095962918483
stderr is
0.00030983621824043264
target is
0.0001518987341772152
mu is
0.001625
number of trials is
16000
number of Z or Y failures is
26
number of X failures is
0
average trial time
242.41122319006487
stderr is
0.0003184396311311097
target is
0.0001625
mu is
0.0016666666666666668
number of trials is
16200
number of Z or Y failures is
27
number of X failures is
0
average trial time
245.23097580985998
stderr is
0.000320492638194762
target is
0.0001666666666666667
mu is
0.001646341463414634
number of trials is
16400
number of Z or Y failures is
27
number of X failures is
0
average trial time
248.01305652322023
stderr is
0.00031658729489280924
target is
0.00016463414634146343
mu is
0.0016265060240963855
number of trials is
16600
number of Z or Y failures is
27
number of X failures is
0
average trial time
250.8155549090153
stderr is
0.0003127759823330476
target is
0.00016265060240963855
mu is
0.0016071428571428571
number of trials is
16800
number of Z or Y failures is
27
number of X failures is
0
average trial time
253.6135830208853
stderr is
0.0003090553448842705
target is
0.00016071428571428573
mu is
0.001588235294117647
number of trials is
17000
number of Z or Y failures is
27
number of X failures is
0
average trial time
256.40851876121553
stderr is
0.0003054221847059148
target is
0.00015882352941176472
27
0
17000
0.001588235294117647
