ERROR: LoadError: MethodError: no method matching iterate(::Nothing)
Closest candidates are:
  iterate(!Matched::Union{LinRange, StepRangeLen}) at range.jl:664
  iterate(!Matched::Union{LinRange, StepRangeLen}, !Matched::Int64) at range.jl:664
  iterate(!Matched::T) where T<:Union{Base.KeySet{var"#s79", var"#s78"} where {var"#s79", var"#s78"<:Dict}, Base.ValueIterator{var"#s77"} where var"#s77"<:Dict} at dict.jl:693
  ...
Stacktrace:
  [1] indexed_iterate(I::Nothing, i::Int64)
    @ Base ./tuple.jl:89
  [2] MPS(A::ITensor{4}, sites::Vector{IndexSet{1, Index{Int64}, Tuple{Index{Int64}}}}; leftinds::Index{Int64}, orthocenter::Int64, kwargs::Base.Iterators.Pairs{Symbol, Any, NTuple{4, Symbol}, NamedTuple{(:ortho, :cutoff, :maxdim, :svd_alg), Tuple{String, Float64, Int64, String}}})
    @ ITensors ~/.julia/packages/ITensors/Ligbx/src/mps/abstractmps.jl:1388
  [3] setindex!(ψ::MPS, A::ITensor{4}, r::UnitRange{Int64}; orthocenter::Int64, perm::Vector{Int64}, kwargs::Base.Iterators.Pairs{Symbol, Any, NTuple{4, Symbol}, NamedTuple{(:ortho, :cutoff, :maxdim, :svd_alg), Tuple{String, Float64, Int64, String}}})
    @ ITensors ~/.julia/packages/ITensors/Ligbx/src/mps/abstractmps.jl:1328
  [4] setindex!(::MPS, ::ITensor{4}, ::UnitRange{Int64}, ::Pair{Symbol, Any}, ::Vararg{Pair{Symbol, Any}, N} where N; kwargs::Base.Iterators.Pairs{Symbol, Any, Tuple{Symbol, Symbol}, NamedTuple{(:orthocenter, :perm), Tuple{Int64, Vector{Int64}}}})
    @ ITensors ~/.julia/packages/ITensors/Ligbx/src/mps/abstractmps.jl:1340
  [5] swapbondsites(ψ::MPS, b::Int64; kwargs::Base.Iterators.Pairs{Symbol, Any, NTuple{4, Symbol}, NamedTuple{(:ortho, :cutoff, :maxdim, :svd_alg), Tuple{String, Float64, Int64, String}}})
    @ ITensors ~/.julia/packages/ITensors/Ligbx/src/mps/abstractmps.jl:1419
  [6] movesite(ψ::MPS, n1n2::Pair{Int64, Int64}; orthocenter::Int64, kwargs::Base.Iterators.Pairs{Symbol, Any, Tuple{Symbol, Symbol, Symbol}, NamedTuple{(:cutoff, :maxdim, :svd_alg), Tuple{Float64, Int64, String}}})
    @ ITensors ~/.julia/packages/ITensors/Ligbx/src/mps/abstractmps.jl:1447
  [7] _movesites(ψ::MPS, ns::Vector{Int64}, ns′::Vector{Int64}; kwargs::Base.Iterators.Pairs{Symbol, Any, Tuple{Symbol, Symbol, Symbol}, NamedTuple{(:cutoff, :maxdim, :svd_alg), Tuple{Float64, Int64, String}}})
    @ ITensors ~/.julia/packages/ITensors/Ligbx/src/mps/abstractmps.jl:1474
  [8] movesites(ψ::MPS, nsns′::Vector{Pair{Int64, Int64}}; kwargs::Base.Iterators.Pairs{Symbol, Any, Tuple{Symbol, Symbol, Symbol}, NamedTuple{(:cutoff, :maxdim, :svd_alg), Tuple{Float64, Int64, String}}})
    @ ITensors ~/.julia/packages/ITensors/Ligbx/src/mps/abstractmps.jl:1495
  [9] product(o::ITensor{4}, ψ::MPS, ns::Vector{Int64}; move_sites_back::Bool, apply_dag::Bool, kwargs::Base.Iterators.Pairs{Symbol, Any, Tuple{Symbol, Symbol, Symbol}, NamedTuple{(:cutoff, :maxdim, :svd_alg), Tuple{Float64, Int64, String}}})
    @ ITensors ~/.julia/packages/ITensors/Ligbx/src/mps/abstractmps.jl:1548
 [10] product(As::Vector{ITensor}, ψ::MPS; move_sites_back::Bool, kwargs::Base.Iterators.Pairs{Symbol, Any, Tuple{Symbol, Symbol, Symbol}, NamedTuple{(:cutoff, :maxdim, :svd_alg), Tuple{Float64, Int64, String}}})
    @ ITensors ~/.julia/packages/ITensors/Ligbx/src/mps/abstractmps.jl:1650
 [11] runcircuit(M::MPS, circuit_tensors::Vector{ITensor}; apply_dag::Nothing, cutoff::Float64, maxdim::Int64, svd_alg::String, move_sites_back::Bool, kwargs::Base.Iterators.Pairs{Union{}, Union{}, Tuple{}, NamedTuple{(), Tuple{}}})
    @ PastaQ ~/.julia/packages/PastaQ/9VxGO/src/circuits/runcircuit.jl:86
 [12] #runcircuit#99
    @ ~/.julia/packages/PastaQ/9VxGO/src/circuits/runcircuit.jl:188 [inlined]
 [13] SurfCirc(dz::Int64, dx::Int64, nr::Int64, PEZ::Matrix{Int64}, PEX::Matrix{Int64}, Synz::Matrix{Int64}, Synx::Matrix{Int64}, zsch::Vector{Any}, xsch::Vector{Any}, bsch::Array{Int64, 3}, layout::Vector{Any}, ql::Matrix{Int64}, zl::Vector{Int64}, xl::Vector{Int64}, p::Float64, al2::Int64, tmeas::Float64, k2::Float64, nth::Int64, pmz::Float64, pmx::Float64, acc::Float64, bd::Int64)
    @ Main /shared/MLSurface/JuliaCLTNDecoder/experiment/d7/2e5/supp/mlsurfnc.jl:1337
 [14] macro expansion
    @ /shared/MLSurface/JuliaCLTNDecoder/experiment/d7/2e5/supp/mlsurfnc.jl:1432 [inlined]
 [15] macro expansion
    @ ./timing.jl:287 [inlined]
 [16] SurfMC(dz::Int64, dx::Int64, nr::Int64, p::Float64, al2::Int64, tmeas::Float64, k2::Float64, nth::Int64, acc::Float64, bd::Int64, err::Float64, nt::Int64; sim_id::Int64)
    @ Main /shared/MLSurface/JuliaCLTNDecoder/experiment/d7/2e5/supp/mlsurfnc.jl:1431
 [17] top-level scope
    @ /shared/MLSurface/JuliaCLTNDecoder/experiment/d7/2e5/supp/mlsurfnc.jl:1514
in expression starting at /shared/MLSurface/JuliaCLTNDecoder/experiment/d7/2e5/supp/mlsurfnc.jl:1512
mu is
0.005
number of trials is
200
number of Z or Y failures is
1
number of X failures is
0
average trial time
1.8476692317350005
mu is
0.0025
number of trials is
400
number of Z or Y failures is
1
number of X failures is
0
average trial time
3.498180843300002
mu is
0.0016666666666666668
number of trials is
600
number of Z or Y failures is
1
number of X failures is
0
average trial time
5.130180580565002
mu is
0.00125
number of trials is
800
number of Z or Y failures is
1
number of X failures is
0
average trial time
6.758371136639995
mu is
0.001
number of trials is
1000
number of Z or Y failures is
1
number of X failures is
0
average trial time
8.486444313554994
mu is
0.0008333333333333334
number of trials is
1200
number of Z or Y failures is
1
number of X failures is
0
average trial time
10.189338416365004
mu is
0.0007142857142857143
number of trials is
1400
number of Z or Y failures is
1
number of X failures is
0
average trial time
11.984653840154982
mu is
0.000625
number of trials is
1600
number of Z or Y failures is
1
number of X failures is
0
average trial time
13.842847244404993
mu is
0.0011111111111111111
number of trials is
1800
number of Z or Y failures is
2
number of X failures is
0
average trial time
15.74640955298501
mu is
0.001
number of trials is
2000
number of Z or Y failures is
2
number of X failures is
0
average trial time
17.661769952130008
mu is
0.0022727272727272726
number of trials is
2200
number of Z or Y failures is
5
number of X failures is
0
average trial time
19.566111789735004
stderr is
0.0010154696992438247
target is
0.00022727272727272727
mu is
0.002916666666666667
number of trials is
2400
number of Z or Y failures is
7
number of X failures is
0
average trial time
21.475722306409985
stderr is
0.0011010169466866972
target is
0.0002916666666666667
mu is
0.003076923076923077
number of trials is
2600
number of Z or Y failures is
8
number of X failures is
0
average trial time
23.35751300515497
stderr is
0.0010863906128987168
target is
0.0003076923076923077
mu is
0.004285714285714286
number of trials is
2800
number of Z or Y failures is
12
number of X failures is
0
average trial time
25.317313651740005
stderr is
0.0012347457135193818
target is
0.0004285714285714286
mu is
0.004333333333333333
number of trials is
3000
number of Z or Y failures is
13
number of X failures is
0
average trial time
27.23791061146501
stderr is
0.0011994435126751702
target is
0.0004333333333333333
mu is
0.0040625
number of trials is
3200
number of Z or Y failures is
13
number of X failures is
0
average trial time
29.14244372895503
stderr is
0.0011246194999267553
target is
0.00040625000000000004
mu is
0.00411764705882353
number of trials is
3400
number of Z or Y failures is
14
number of X failures is
0
average trial time
31.065046598450035
stderr is
0.001098380958535919
target is
0.000411764705882353
mu is
0.0038888888888888888
number of trials is
3600
number of Z or Y failures is
14
number of X failures is
0
average trial time
32.978870657515024
stderr is
0.0010374704516591237
target is
0.0003888888888888889
mu is
0.0036842105263157894
number of trials is
3800
number of Z or Y failures is
14
number of X failures is
0
average trial time
34.882258495995046
stderr is
0.000982960529608111
target is
0.00036842105263157896
mu is
0.0035
number of trials is
4000
number of Z or Y failures is
14
number of X failures is
0
average trial time
36.763837742940034
stderr is
0.0009338926806034628
target is
0.00035000000000000005
mu is
0.0033333333333333335
number of trials is
4200
number of Z or Y failures is
14
number of X failures is
0
average trial time
38.620539400765054
stderr is
0.000889490680361878
target is
0.0003333333333333334
mu is
0.003181818181818182
number of trials is
4400
number of Z or Y failures is
14
number of X failures is
0
average trial time
40.52928524260508
stderr is
0.0008491192252637094
target is
0.0003181818181818182
mu is
0.003260869565217391
number of trials is
4600
number of Z or Y failures is
15
number of X failures is
0
average trial time
42.38783126987504
stderr is
0.0008406704133218637
target is
0.00032608695652173916
mu is
0.0035416666666666665
number of trials is
4800
number of Z or Y failures is
17
number of X failures is
0
average trial time
44.28173035371009
stderr is
0.0008575472109340722
target is
0.0003541666666666667
mu is
0.0036
number of trials is
5000
number of Z or Y failures is
18
number of X failures is
0
average trial time
46.19824115370505
stderr is
0.0008470841223290991
target is
0.00036
mu is
0.0034615384615384616
number of trials is
5200
number of Z or Y failures is
18
number of X failures is
0
average trial time
48.11692516844504
stderr is
0.000814557420747073
target is
0.0003461538461538462
mu is
0.0035185185185185185
number of trials is
5400
number of Z or Y failures is
19
number of X failures is
0
average trial time
50.03927860541499
stderr is
0.0008058567962951556
target is
0.0003518518518518519
mu is
0.0035714285714285713
number of trials is
5600
number of Z or Y failures is
20
number of X failures is
0
average trial time
51.88472774108002
stderr is
0.0007972395522196955
target is
0.00035714285714285714
mu is
0.0034482758620689655
number of trials is
5800
number of Z or Y failures is
20
number of X failures is
0
average trial time
53.725201025525
stderr is
0.0007697937294288092
target is
0.0003448275862068966
mu is
0.0035
number of trials is
6000
number of Z or Y failures is
21
number of X failures is
0
average trial time
55.608371761585005
stderr is
0.0007624884030336419
target is
0.00035000000000000005
mu is
0.0033870967741935483
number of trials is
6200
number of Z or Y failures is
21
number of X failures is
0
average trial time
57.46179893006498
stderr is
0.0007379318192350963
target is
0.00033870967741935485
mu is
0.00328125
number of trials is
6400
number of Z or Y failures is
21
number of X failures is
0
average trial time
59.298579869049966
stderr is
0.0007149076089046806
target is
0.000328125
mu is
0.0033333333333333335
number of trials is
6600
number of Z or Y failures is
22
number of X failures is
0
average trial time
61.11971016626994
stderr is
0.0007095373722731267
target is
0.0003333333333333334
mu is
0.003235294117647059
number of trials is
6800
number of Z or Y failures is
22
number of X failures is
0
average trial time
62.950145080644944
stderr is
0.0006887009615972541
target is
0.0003235294117647059
mu is
0.003142857142857143
number of trials is
7000
number of Z or Y failures is
22
number of X failures is
0
average trial time
64.77978122044001
stderr is
0.0006690534063988517
target is
0.0003142857142857143
mu is
0.0030555555555555557
number of trials is
7200
number of Z or Y failures is
22
number of X failures is
0
average trial time
66.6355939937
stderr is
0.0006504957810696369
target is
0.0003055555555555556
mu is
0.002972972972972973
number of trials is
7400
number of Z or Y failures is
22
number of X failures is
0
average trial time
68.48398105851498
stderr is
0.0006329398393249946
target is
0.0002972972972972973
mu is
0.0030263157894736843
number of trials is
7600
number of Z or Y failures is
23
number of X failures is
0
average trial time
70.28134492568
stderr is
0.0006301163477389414
target is
0.00030263157894736844
mu is
0.003076923076923077
number of trials is
7800
number of Z or Y failures is
24
number of X failures is
0
average trial time
72.10567646540002
stderr is
0.000627147483499678
target is
0.0003076923076923077
mu is
0.003
number of trials is
8000
number of Z or Y failures is
24
number of X failures is
0
average trial time
73.91735197395008
stderr is
0.0006114914064952402
target is
0.00030000000000000003
mu is
0.002926829268292683
number of trials is
8200
number of Z or Y failures is
24
number of X failures is
0
average trial time
75.7257136235701
stderr is
0.0005965979636459419
target is
0.0002926829268292683
mu is
0.002857142857142857
number of trials is
8400
number of Z or Y failures is
24
number of X failures is
0
average trial time
77.51735367278012
stderr is
0.0005824127562353336
target is
0.00028571428571428574
mu is
0.0029069767441860465
number of trials is
8600
number of Z or Y failures is
25
number of X failures is
0
average trial time
79.36058631058012
stderr is
0.0005805834382600082
target is
0.00029069767441860465
mu is
0.002840909090909091
number of trials is
8800
number of Z or Y failures is
25
number of X failures is
0
average trial time
81.20853582592514
stderr is
0.000567406407628536
target is
0.00028409090909090913
mu is
0.002777777777777778
number of trials is
9000
number of Z or Y failures is
25
number of X failures is
0
average trial time
82.99501761103012
stderr is
0.0005548142379044683
target is
0.0002777777777777778
mu is
0.002717391304347826
number of trials is
9200
number of Z or Y failures is
25
number of X failures is
0
average trial time
84.81881223984512
stderr is
0.0005427688360995909
target is
0.0002717391304347826
mu is
0.0026595744680851063
number of trials is
9400
number of Z or Y failures is
25
number of X failures is
0
average trial time
86.60546129744006
stderr is
0.0005312353470047006
target is
0.00026595744680851064
mu is
0.0027083333333333334
number of trials is
9600
number of Z or Y failures is
26
number of X failures is
0
average trial time
88.42883168897501
stderr is
0.0005304557442254913
target is
0.0002708333333333334
mu is
0.002653061224489796
number of trials is
9800
number of Z or Y failures is
26
number of X failures is
0
average trial time
90.2614470609201
stderr is
0.0005196439637178136
target is
0.0002653061224489796
mu is
0.0027
number of trials is
10000
number of Z or Y failures is
27
number of X failures is
0
average trial time
92.06617156373511
stderr is
0.0005189392351643681
target is
0.00027
mu is
0.0026470588235294116
number of trials is
10200
number of Z or Y failures is
27
number of X failures is
0
average trial time
93.85310454286017
stderr is
0.0005087769607550014
target is
0.00026470588235294115
mu is
0.002596153846153846
number of trials is
10400
number of Z or Y failures is
27
number of X failures is
0
average trial time
95.61467147850007
stderr is
0.0004990050521367305
target is
0.0002596153846153846
mu is
0.0025471698113207547
number of trials is
10600
number of Z or Y failures is
27
number of X failures is
0
average trial time
97.42868783918998
stderr is
0.0004896014404155023
target is
0.0002547169811320755
mu is
0.0025
number of trials is
10800
number of Z or Y failures is
27
number of X failures is
0
average trial time
99.17540478547504
stderr is
0.00048054568944525086
target is
0.00025
mu is
0.0025454545454545456
number of trials is
11000
number of Z or Y failures is
28
number of X failures is
0
average trial time
100.94453038224503
stderr is
0.00048045490219966795
target is
0.00025454545454545456
mu is
0.002589285714285714
number of trials is
11200
number of Z or Y failures is
29
number of X failures is
0
average trial time
102.74023327223
stderr is
0.0004802168336490252
target is
0.0002589285714285714
mu is
0.002543859649122807
number of trials is
11400
number of Z or Y failures is
29
number of X failures is
0
average trial time
104.51603315505494
stderr is
0.00047180235088868986
target is
0.0002543859649122807
mu is
0.002586206896551724
number of trials is
11600
number of Z or Y failures is
30
number of X failures is
0
average trial time
106.27719223546
stderr is
0.00047158397996851104
target is
0.0002586206896551724
mu is
0.002627118644067797
number of trials is
11800
number of Z or Y failures is
31
number of X failures is
0
average trial time
108.09875036727512
stderr is
0.00047124420266148823
target is
0.0002627118644067797
mu is
0.0025833333333333333
number of trials is
12000
number of Z or Y failures is
31
number of X failures is
0
average trial time
109.95030189396006
stderr is
0.0004633999767803819
target is
0.00025833333333333334
mu is
0.002622950819672131
number of trials is
12200
number of Z or Y failures is
32
number of X failures is
0
average trial time
111.74700571347505
stderr is
0.0004630870574858064
target is
0.00026229508196721314
mu is
0.002661290322580645
number of trials is
12400
number of Z or Y failures is
33
number of X failures is
0
average trial time
113.56799029297501
stderr is
0.0004626729774769571
target is
0.00026612903225806453
mu is
0.002619047619047619
number of trials is
12600
number of Z or Y failures is
33
number of X failures is
0
average trial time
115.33798019893007
stderr is
0.00045533831322629506
target is
0.0002619047619047619
mu is
0.0028125
number of trials is
12800
number of Z or Y failures is
36
number of X failures is
0
average trial time
117.1211879539352
stderr is
0.00046810864202483907
target is
0.00028125
mu is
0.003
number of trials is
13000
number of Z or Y failures is
39
number of X failures is
0
average trial time
118.94878712284022
stderr is
0.0004796817931329913
target is
0.00030000000000000003
mu is
0.003106060606060606
number of trials is
13200
number of Z or Y failures is
41
number of X failures is
0
average trial time
120.73872084664522
stderr is
0.00048434957855764127
target is
0.00031060606060606064
mu is
0.003208955223880597
number of trials is
13400
number of Z or Y failures is
43
number of X failures is
0
average trial time
122.55855257292528
stderr is
0.000488593515535684
target is
0.00032089552238805975
mu is
0.003235294117647059
number of trials is
13600
number of Z or Y failures is
44
number of X failures is
0
average trial time
124.32752074933532
stderr is
0.00048696721464466976
target is
0.0003235294117647059
mu is
0.003188405797101449
number of trials is
13800
number of Z or Y failures is
44
number of X failures is
0
average trial time
126.12742588013037
stderr is
0.0004799207505155948
target is
0.00031884057971014494
mu is
0.0032142857142857142
number of trials is
14000
number of Z or Y failures is
45
number of X failures is
0
average trial time
127.88918152604546
stderr is
0.00047840381566827437
target is
0.00032142857142857147
mu is
0.0033802816901408453
number of trials is
14200
number of Z or Y failures is
48
number of X failures is
0
average trial time
129.7332607290255
stderr is
0.00048709346688764125
target is
0.00033802816901408456
mu is
0.0033333333333333335
number of trials is
14400
number of Z or Y failures is
48
number of X failures is
0
average trial time
131.54542446605544
stderr is
0.000480339358344803
target is
0.0003333333333333334
mu is
0.0032876712328767125
number of trials is
14600
number of Z or Y failures is
48
number of X failures is
0
average trial time
133.31632217272045
stderr is
0.0004737699942467224
target is
0.0003287671232876713
mu is
0.003243243243243243
number of trials is
14800
number of Z or Y failures is
48
number of X failures is
0
average trial time
135.09210647864546
stderr is
0.0004673778969469181
target is
0.0003243243243243243
mu is
0.0032
number of trials is
15000
number of Z or Y failures is
48
number of X failures is
0
average trial time
136.8363349654653
stderr is
0.00046115598697507424
target is
0.00032
mu is
0.003157894736842105
number of trials is
15200
number of Z or Y failures is
48
number of X failures is
0
average trial time
138.63741463061527
stderr is
0.0004550975568822847
target is
0.00031578947368421053
mu is
0.003116883116883117
number of trials is
15400
number of Z or Y failures is
48
number of X failures is
0
average trial time
140.42323971441024
stderr is
0.00044919624712116914
target is
0.00031168831168831173
mu is
0.003076923076923077
number of trials is
15600
number of Z or Y failures is
48
number of X failures is
0
average trial time
142.1912422681702
stderr is
0.00044344602377852695
target is
0.0003076923076923077
mu is
0.0030379746835443038
number of trials is
15800
number of Z or Y failures is
48
number of X failures is
0
average trial time
143.96615006033028
stderr is
0.00043784115799662795
target is
0.0003037974683544304
mu is
0.0030625
number of trials is
16000
number of Z or Y failures is
49
number of X failures is
0
average trial time
145.69937181746528
stderr is
0.00043684321599297493
target is
0.00030625000000000004
mu is
0.003148148148148148
number of trials is
16200
number of Z or Y failures is
51
number of X failures is
0
average trial time
147.49797539934522
stderr is
0.0004401480560173408
target is
0.00031481481481481486
mu is
0.0031707317073170734
number of trials is
16400
number of Z or Y failures is
52
number of X failures is
0
average trial time
149.27497032082513
stderr is
0.0004390171189359031
target is
0.0003170731707317074
mu is
0.0031325301204819275
number of trials is
16600
number of Z or Y failures is
52
number of X failures is
0
average trial time
151.06899953600998
stderr is
0.00043373590754258376
target is
0.0003132530120481928
mu is
0.0030952380952380953
number of trials is
16800
number of Z or Y failures is
52
number of X failures is
0
average trial time
152.88216237152
stderr is
0.00042858024734778024
target is
0.00030952380952380956
mu is
0.0031176470588235292
number of trials is
17000
number of Z or Y failures is
53
number of X failures is
0
average trial time
154.63283131691512
stderr is
0.0004275862600038859
target is
0.00031176470588235297
mu is
0.0031395348837209304
number of trials is
17200
number of Z or Y failures is
54
number of X failures is
0
average trial time
156.4322166555301
stderr is
0.0004265777944433848
target is
0.00031395348837209304
mu is
0.003218390804597701
number of trials is
17400
number of Z or Y failures is
56
number of X failures is
0
average trial time
158.20855659745513
stderr is
0.0004293952674630596
target is
0.0003218390804597701
mu is
0.003181818181818182
number of trials is
17600
number of Z or Y failures is
56
number of X failures is
0
average trial time
160.02724044344518
stderr is
0.0004245234249756898
target is
0.0003181818181818182
mu is
0.003146067415730337
number of trials is
17800
number of Z or Y failures is
56
number of X failures is
0
average trial time
161.77426976944514
stderr is
0.0004197608919930102
target is
0.0003146067415730337
mu is
0.0031666666666666666
number of trials is
18000
number of Z or Y failures is
57
number of X failures is
0
average trial time
163.52108916477505
stderr is
0.0004187822470143711
target is
0.0003166666666666667
mu is
0.0031318681318681318
number of trials is
18200
number of Z or Y failures is
57
number of X failures is
0
average trial time
165.2838183036751
stderr is
0.00041418734712470387
target is
0.0003131868131868132
mu is
0.0031521739130434784
number of trials is
18400
number of Z or Y failures is
58
number of X failures is
0
average trial time
167.03165489153523
stderr is
0.00041325908389341595
target is
0.0003152173913043479
mu is
0.0032795698924731184
number of trials is
18600
number of Z or Y failures is
61
number of X failures is
0
average trial time
168.82195048605033
stderr is
0.0004192280454397147
target is
0.00032795698924731185
mu is
0.00324468085106383
number of trials is
18800
number of Z or Y failures is
61
number of X failures is
0
average trial time
170.53785729634535
stderr is
0.0004147753131694792
target is
0.000324468085106383
mu is
0.003263157894736842
number of trials is
19000
number of Z or Y failures is
62
number of X failures is
0
average trial time
172.2978814877301
stderr is
0.00041375564165477003
target is
0.0003263157894736842
mu is
0.00328125
number of trials is
19200
number of Z or Y failures is
63
number of X failures is
0
average trial time
174.07667224903005
stderr is
0.00041273060126195905
target is
0.000328125
mu is
0.003402061855670103
number of trials is
19400
number of Z or Y failures is
66
number of X failures is
0
average trial time
175.8274125303302
stderr is
0.00041806270229805236
target is
0.00034020618556701034
mu is
0.0033673469387755102
number of trials is
19600
number of Z or Y failures is
66
number of X failures is
0
average trial time
177.60792742995017
stderr is
0.00041380385443945286
target is
0.00033673469387755106
mu is
0.0033333333333333335
number of trials is
19800
number of Z or Y failures is
66
number of X failures is
0
average trial time
179.3238320018952
stderr is
0.00040963090184008516
target is
0.0003333333333333334
mu is
0.00335
number of trials is
20000
number of Z or Y failures is
67
number of X failures is
0
average trial time
181.0698136411354
stderr is
0.00040859175513110644
target is
0.000335
mu is
0.0033168316831683167
number of trials is
20200
number of Z or Y failures is
67
number of X failures is
0
average trial time
182.80213219222543
stderr is
0.00040455292362184597
target is
0.0003316831683168317
mu is
0.003284313725490196
number of trials is
20400
number of Z or Y failures is
67
number of X failures is
0
average trial time
184.54448818373035
stderr is
0.0004005931560235548
target is
0.00032843137254901964
mu is
0.0032524271844660193
number of trials is
20600
number of Z or Y failures is
67
number of X failures is
0
average trial time
186.3064123128652
stderr is
0.00039671015322391667
target is
0.00032524271844660196
mu is
0.0033173076923076923
number of trials is
20800
number of Z or Y failures is
69
number of X failures is
0
average trial time
188.066750598215
stderr is
0.0003987035556812399
target is
0.0003317307692307693
mu is
0.003285714285714286
number of trials is
21000
number of Z or Y failures is
69
number of X failures is
0
average trial time
189.88092079850006
stderr is
0.00039491254747801553
target is
0.0003285714285714286
mu is
0.0032547169811320753
number of trials is
21200
number of Z or Y failures is
69
number of X failures is
0
average trial time
191.5863101510152
stderr is
0.0003911929523441284
target is
0.00032547169811320757
mu is
0.0032710280373831778
number of trials is
21400
number of Z or Y failures is
70
number of X failures is
0
average trial time
193.32178794485517
stderr is
0.00039033180061796624
target is
0.0003271028037383178
mu is
0.0032407407407407406
number of trials is
21600
number of Z or Y failures is
70
number of X failures is
0
average trial time
195.09624315294516
stderr is
0.0003867234091021064
target is
0.00032407407407407406
mu is
0.003211009174311927
number of trials is
21800
number of Z or Y failures is
70
number of X failures is
0
average trial time
196.87337847075017
stderr is
0.00038318112121944894
target is
0.0003211009174311927
mu is
0.003181818181818182
number of trials is
22000
number of Z or Y failures is
70
number of X failures is
0
average trial time
198.566015352695
stderr is
0.0003797031369940252
target is
0.0003181818181818182
mu is
0.003243243243243243
number of trials is
22200
number of Z or Y failures is
72
number of X failures is
0
average trial time
200.3039827513351
stderr is
0.0003816081572030083
target is
0.0003243243243243243
mu is
0.0032589285714285715
number of trials is
22400
number of Z or Y failures is
73
number of X failures is
0
average trial time
202.0456993352302
stderr is
0.00038081520735462604
target is
0.00032589285714285717
mu is
0.00331858407079646
number of trials is
22600
number of Z or Y failures is
75
number of X failures is
0
average trial time
203.81016014025522
stderr is
0.0003825691810732692
target is
0.000331858407079646
mu is
0.0033333333333333335
number of trials is
22800
number of Z or Y failures is
76
number of X failures is
0
average trial time
205.5344717661701
stderr is
0.0003817301299482106
target is
0.0003333333333333334
mu is
0.0033478260869565218
number of trials is
23000
number of Z or Y failures is
77
number of X failures is
0
average trial time
207.29426237951012
stderr is
0.00038088930402129065
target is
0.0003347826086956522
mu is
0.0034051724137931037
number of trials is
23200
number of Z or Y failures is
79
number of X failures is
0
average trial time
209.00951100788993
stderr is
0.0003824672341054204
target is
0.0003405172413793104
mu is
0.003376068376068376
number of trials is
23400
number of Z or Y failures is
79
number of X failures is
0
average trial time
210.73513243600507
stderr is
0.00037920375044761913
target is
0.00033760683760683763
mu is
0.003389830508474576
number of trials is
23600
number of Z or Y failures is
80
number of X failures is
0
average trial time
212.4954564951551
stderr is
0.0003783596796546535
target is
0.00033898305084745765
mu is
0.0033613445378151263
number of trials is
23800
number of Z or Y failures is
80
number of X failures is
0
average trial time
214.28028942994527
stderr is
0.0003751854815718525
target is
0.00033613445378151267
mu is
0.003375
number of trials is
24000
number of Z or Y failures is
81
number of X failures is
0
average trial time
216.04197168093532
stderr is
0.00037437445221053233
target is
0.0003375
mu is
0.0033884297520661156
number of trials is
24200
number of Z or Y failures is
82
number of X failures is
0
average trial time
217.75331970379506
stderr is
0.0003735626915294465
target is
0.0003388429752066116
mu is
0.003401639344262295
number of trials is
24400
number of Z or Y failures is
83
number of X failures is
0
average trial time
219.49665618968018
stderr is
0.0003727504734386561
target is
0.0003401639344262295
mu is
0.0033739837398373985
number of trials is
24600
number of Z or Y failures is
83
number of X failures is
0
average trial time
221.26328668870497
stderr is
0.0003697250500151045
target is
0.00033739837398373985
mu is
0.0034274193548387098
number of trials is
24800
number of Z or Y failures is
85
number of X failures is
0
average trial time
222.9754882094399
stderr is
0.0003711256789601657
target is
0.000342741935483871
mu is
0.00344
number of trials is
25000
number of Z or Y failures is
86
number of X failures is
0
average trial time
224.726276527125
stderr is
0.0003703135715655739
target is
0.000344
mu is
0.003412698412698413
number of trials is
25200
number of Z or Y failures is
86
number of X failures is
0
average trial time
226.46527666893
stderr is
0.00036737954888034843
target is
0.0003412698412698413
mu is
0.0033858267716535433
number of trials is
25400
number of Z or Y failures is
86
number of X failures is
0
average trial time
228.12405771707978
stderr is
0.00036449165349588457
target is
0.00033858267716535437
mu is
0.003359375
number of trials is
25600
number of Z or Y failures is
86
number of X failures is
0
average trial time
229.79537276403983
stderr is
0.0003616488061138969
target is
0.00033593750000000003
mu is
0.003372093023255814
number of trials is
25800
number of Z or Y failures is
87
number of X failures is
0
average trial time
231.4163788716647
stderr is
0.00036092324966783944
target is
0.00033720930232558144
The SVD algorithm `"divide_and_conquer"` has thrown an error,
likely because of a convergance failure. You can try
other SVD algorithms that may converge better using the
`alg` (or `svd_alg` if called through `factorize` or MPS/MPO functionality) keyword argument:

 - "divide_and_conquer" is a divide-and-conquer algorithm
   (LAPACK's `gesdd`). It is fast, but may lead to some innacurate
   singular values for very ill-conditioned matrices.
   It also may sometimes fail to converge, leading to errors
   (in which case `"qr_iteration"` or `"recursive"` can be tried).

 - `"qr_iteration"` (LAPACK's `gesvd`) is typically slower 
   than "divide_and_conquer", especially for large matrices,
   but is more accurate for very ill-conditioned matrices 
   compared to `"divide_and_conquer"`.

 - `"recursive"` is ITensor's custom SVD algorithm. It is very
   reliable, but may be slow if high precision is needed.
   To get an `svd` of a matrix `A`, an eigendecomposition of
   ``A^{\dagger} A`` is used to compute `U` and then a `qr` of
   ``A^{\dagger} U`` is used to compute `V`. This is performed
   recursively to compute small singular values.

Returning `nothing`. For an output `F = svd(A, ...)` you can check if
`isnothing(F)` in your code and try a different algorithm.

To suppress this message in the future, you can wrap the `svd` call in the
`@suppress` macro from the `Suppressor` package.

