mu is
0.0
number of trials is
200
number of Z or Y failures is
0
number of X failures is
0
average trial time
2.4652219208599995
mu is
0.0
number of trials is
400
number of Z or Y failures is
0
number of X failures is
0
average trial time
4.806128486324999
mu is
0.0
number of trials is
600
number of Z or Y failures is
0
number of X failures is
0
average trial time
7.092397872595004
mu is
0.0
number of trials is
800
number of Z or Y failures is
0
number of X failures is
0
average trial time
9.436448633220007
mu is
0.0
number of trials is
1000
number of Z or Y failures is
0
number of X failures is
0
average trial time
11.811387367850005
mu is
0.0
number of trials is
1200
number of Z or Y failures is
0
number of X failures is
0
average trial time
14.250384286240003
mu is
0.0
number of trials is
1400
number of Z or Y failures is
0
number of X failures is
0
average trial time
16.741401978545003
mu is
0.0
number of trials is
1600
number of Z or Y failures is
0
number of X failures is
0
average trial time
19.267248156560022
mu is
0.0
number of trials is
1800
number of Z or Y failures is
0
number of X failures is
0
average trial time
21.85122249874501
mu is
0.0
number of trials is
2000
number of Z or Y failures is
0
number of X failures is
0
average trial time
24.480450864355
mu is
0.0
number of trials is
2200
number of Z or Y failures is
0
number of X failures is
0
average trial time
27.189705708405018
mu is
0.0
number of trials is
2400
number of Z or Y failures is
0
number of X failures is
0
average trial time
29.92506771945503
mu is
0.0
number of trials is
2600
number of Z or Y failures is
0
number of X failures is
0
average trial time
32.69023267507001
mu is
0.0
number of trials is
2800
number of Z or Y failures is
0
number of X failures is
0
average trial time
35.457126295189994
mu is
0.0
number of trials is
3000
number of Z or Y failures is
0
number of X failures is
0
average trial time
38.22973581781
mu is
0.0
number of trials is
3200
number of Z or Y failures is
0
number of X failures is
0
average trial time
41.03187956582501
mu is
0.0
number of trials is
3400
number of Z or Y failures is
0
number of X failures is
0
average trial time
43.81216149292505
mu is
0.0
number of trials is
3600
number of Z or Y failures is
0
number of X failures is
0
average trial time
46.580570978575004
mu is
0.0
number of trials is
3800
number of Z or Y failures is
0
number of X failures is
0
average trial time
49.35787178662995
mu is
0.0
number of trials is
4000
number of Z or Y failures is
0
number of X failures is
0
average trial time
52.15730082014489
mu is
0.0
number of trials is
4200
number of Z or Y failures is
0
number of X failures is
0
average trial time
54.94692604435484
mu is
0.0
number of trials is
4400
number of Z or Y failures is
0
number of X failures is
0
average trial time
57.7110962029648
mu is
0.0
number of trials is
4600
number of Z or Y failures is
0
number of X failures is
0
average trial time
60.439504661509815
mu is
0.0
number of trials is
4800
number of Z or Y failures is
0
number of X failures is
0
average trial time
63.18151327510479
mu is
0.0
number of trials is
5000
number of Z or Y failures is
0
number of X failures is
0
average trial time
65.94005225947981
mu is
0.0
number of trials is
5200
number of Z or Y failures is
0
number of X failures is
0
average trial time
68.71154491692985
mu is
0.0
number of trials is
5400
number of Z or Y failures is
0
number of X failures is
0
average trial time
71.41897698388985
mu is
0.0
number of trials is
5600
number of Z or Y failures is
0
number of X failures is
0
average trial time
74.16334369708984
mu is
0.0
number of trials is
5800
number of Z or Y failures is
0
number of X failures is
0
average trial time
76.90238643057984
mu is
0.0
number of trials is
6000
number of Z or Y failures is
0
number of X failures is
0
average trial time
79.63416668512986
mu is
0.0
number of trials is
6200
number of Z or Y failures is
0
number of X failures is
0
average trial time
82.28729242035972
mu is
0.0
number of trials is
6400
number of Z or Y failures is
0
number of X failures is
0
average trial time
85.01340367518983
mu is
0.0
number of trials is
6600
number of Z or Y failures is
0
number of X failures is
0
average trial time
87.6991007630898
mu is
0.0
number of trials is
6800
number of Z or Y failures is
0
number of X failures is
0
average trial time
90.39386394318991
mu is
0.0
number of trials is
7000
number of Z or Y failures is
0
number of X failures is
0
average trial time
93.07774193875488
mu is
0.0
number of trials is
7200
number of Z or Y failures is
0
number of X failures is
0
average trial time
95.75347380584485
mu is
0.0
number of trials is
7400
number of Z or Y failures is
0
number of X failures is
0
average trial time
98.42824899554475
mu is
0.0
number of trials is
7600
number of Z or Y failures is
0
number of X failures is
0
average trial time
101.1425457918097
mu is
0.0
number of trials is
7800
number of Z or Y failures is
0
number of X failures is
0
average trial time
103.8255217982596
mu is
0.0
number of trials is
8000
number of Z or Y failures is
0
number of X failures is
0
average trial time
106.54488980075958
mu is
0.0
number of trials is
8200
number of Z or Y failures is
0
number of X failures is
0
average trial time
109.21233392965452
mu is
0.0
number of trials is
8400
number of Z or Y failures is
0
number of X failures is
0
average trial time
111.87685484411453
mu is
0.0
number of trials is
8600
number of Z or Y failures is
0
number of X failures is
0
average trial time
114.56974536502958
mu is
0.0
number of trials is
8800
number of Z or Y failures is
0
number of X failures is
0
average trial time
117.23062421960957
mu is
0.0
number of trials is
9000
number of Z or Y failures is
0
number of X failures is
0
average trial time
119.89161277064453
mu is
0.0
number of trials is
9200
number of Z or Y failures is
0
number of X failures is
0
average trial time
122.58193639772468
mu is
0.0
number of trials is
9400
number of Z or Y failures is
0
number of X failures is
0
average trial time
125.21531828218964
mu is
0.0
number of trials is
9600
number of Z or Y failures is
0
number of X failures is
0
average trial time
127.89015974938451
mu is
0.0
number of trials is
9800
number of Z or Y failures is
0
number of X failures is
0
average trial time
130.5275028727544
mu is
0.0
number of trials is
10000
number of Z or Y failures is
0
number of X failures is
0
average trial time
133.1910677758944
mu is
0.0
number of trials is
10200
number of Z or Y failures is
0
number of X failures is
0
average trial time
135.8188308881443
mu is
0.0
number of trials is
10400
number of Z or Y failures is
0
number of X failures is
0
average trial time
138.4520228073143
mu is
0.0
number of trials is
10600
number of Z or Y failures is
0
number of X failures is
0
average trial time
141.08278053339433
mu is
0.0
number of trials is
10800
number of Z or Y failures is
0
number of X failures is
0
average trial time
143.73030357671422
mu is
0.0
number of trials is
11000
number of Z or Y failures is
0
number of X failures is
0
average trial time
146.4220851463143
mu is
0.0
number of trials is
11200
number of Z or Y failures is
0
number of X failures is
0
average trial time
149.0008842318493
mu is
0.0
number of trials is
11400
number of Z or Y failures is
0
number of X failures is
0
average trial time
151.64152811038437
mu is
0.0
number of trials is
11600
number of Z or Y failures is
0
number of X failures is
0
average trial time
154.2756350164193
mu is
0.0
number of trials is
11800
number of Z or Y failures is
0
number of X failures is
0
average trial time
156.8372299184193
mu is
0.0
number of trials is
12000
number of Z or Y failures is
0
number of X failures is
0
average trial time
159.47237247007922
mu is
0.0
number of trials is
12200
number of Z or Y failures is
0
number of X failures is
0
average trial time
162.09941760947916
mu is
0.0
number of trials is
12400
number of Z or Y failures is
0
number of X failures is
0
average trial time
164.70447910218908
mu is
0.0
number of trials is
12600
number of Z or Y failures is
0
number of X failures is
0
average trial time
167.328636010964
mu is
0.0
number of trials is
12800
number of Z or Y failures is
0
number of X failures is
0
average trial time
169.9805173167441
mu is
0.0
number of trials is
13000
number of Z or Y failures is
0
number of X failures is
0
average trial time
172.58761217791903
mu is
0.0
number of trials is
13200
number of Z or Y failures is
0
number of X failures is
0
average trial time
175.15564202489404
mu is
0.0
number of trials is
13400
number of Z or Y failures is
0
number of X failures is
0
average trial time
177.7401386600242
mu is
0.0
number of trials is
13600
number of Z or Y failures is
0
number of X failures is
0
average trial time
180.33911163255442
mu is
0.0
number of trials is
13800
number of Z or Y failures is
0
number of X failures is
0
average trial time
182.90099534849958
mu is
0.0
number of trials is
14000
number of Z or Y failures is
0
number of X failures is
0
average trial time
185.48738892074942
mu is
0.0
number of trials is
14200
number of Z or Y failures is
0
number of X failures is
0
average trial time
188.07306748682896
mu is
0.0
number of trials is
14400
number of Z or Y failures is
0
number of X failures is
0
average trial time
190.67445897422897
mu is
0.0
number of trials is
14600
number of Z or Y failures is
0
number of X failures is
0
average trial time
193.29039655508396
mu is
0.0
number of trials is
14800
number of Z or Y failures is
0
number of X failures is
0
average trial time
195.8698325780939
mu is
0.0
number of trials is
15000
number of Z or Y failures is
0
number of X failures is
0
average trial time
198.42443227087372
mu is
0.0
number of trials is
15200
number of Z or Y failures is
0
number of X failures is
0
average trial time
201.0016576305835
mu is
0.0
number of trials is
15400
number of Z or Y failures is
0
number of X failures is
0
average trial time
203.58004959151864
mu is
6.41025641025641e-5
number of trials is
15600
number of Z or Y failures is
1
number of X failures is
0
average trial time
206.17128738475856
mu is
6.329113924050633e-5
number of trials is
15800
number of Z or Y failures is
1
number of X failures is
0
average trial time
208.75711646631353
mu is
6.25e-5
number of trials is
16000
number of Z or Y failures is
1
number of X failures is
0
average trial time
211.38229468927346
mu is
6.17283950617284e-5
number of trials is
16200
number of Z or Y failures is
1
number of X failures is
0
average trial time
213.94431721121845
mu is
6.097560975609756e-5
number of trials is
16400
number of Z or Y failures is
1
number of X failures is
0
average trial time
216.54349617967347
mu is
6.0240963855421684e-5
number of trials is
16600
number of Z or Y failures is
1
number of X failures is
0
average trial time
219.08885323071846
mu is
5.9523809523809524e-5
number of trials is
16800
number of Z or Y failures is
1
number of X failures is
0
average trial time
221.6642213385685
mu is
5.882352941176471e-5
number of trials is
17000
number of Z or Y failures is
1
number of X failures is
0
average trial time
224.2176863396835
mu is
5.8139534883720933e-5
number of trials is
17200
number of Z or Y failures is
1
number of X failures is
0
average trial time
226.76032107223855
mu is
5.747126436781609e-5
number of trials is
17400
number of Z or Y failures is
1
number of X failures is
0
average trial time
229.32273834731348
mu is
5.681818181818182e-5
number of trials is
17600
number of Z or Y failures is
1
number of X failures is
0
average trial time
231.87498786960853
mu is
5.617977528089888e-5
number of trials is
17800
number of Z or Y failures is
1
number of X failures is
0
average trial time
234.45191843734835
mu is
5.555555555555556e-5
number of trials is
18000
number of Z or Y failures is
1
number of X failures is
0
average trial time
237.00356856743326
mu is
5.4945054945054945e-5
number of trials is
18200
number of Z or Y failures is
1
number of X failures is
0
average trial time
239.57557941546824
mu is
5.4347826086956524e-5
number of trials is
18400
number of Z or Y failures is
1
number of X failures is
0
average trial time
242.14938295164328
mu is
5.3763440860215054e-5
number of trials is
18600
number of Z or Y failures is
1
number of X failures is
0
average trial time
244.76376762764824
mu is
0.00010638297872340425
number of trials is
18800
number of Z or Y failures is
2
number of X failures is
0
average trial time
247.36580056215837
mu is
0.00010526315789473685
number of trials is
19000
number of Z or Y failures is
2
number of X failures is
0
average trial time
249.94935683875323
mu is
0.00010416666666666667
number of trials is
19200
number of Z or Y failures is
2
number of X failures is
0
average trial time
252.54626254496281
mu is
0.00010309278350515464
number of trials is
19400
number of Z or Y failures is
2
number of X failures is
0
average trial time
255.12194751454277
mu is
0.00010204081632653062
number of trials is
19600
number of Z or Y failures is
2
number of X failures is
0
average trial time
257.65982006565775
mu is
0.00010101010101010101
number of trials is
19800
number of Z or Y failures is
2
number of X failures is
0
average trial time
260.206832469673
mu is
0.0001
number of trials is
20000
number of Z or Y failures is
2
number of X failures is
0
average trial time
262.753732358783
mu is
9.900990099009902e-5
number of trials is
20200
number of Z or Y failures is
2
number of X failures is
0
average trial time
265.3369393922478
mu is
9.80392156862745e-5
number of trials is
20400
number of Z or Y failures is
2
number of X failures is
0
average trial time
267.8654738188128
mu is
9.70873786407767e-5
number of trials is
20600
number of Z or Y failures is
2
number of X failures is
0
average trial time
270.4045903614927
mu is
0.00014423076923076924
number of trials is
20800
number of Z or Y failures is
3
number of X failures is
0
average trial time
272.9597988347679
mu is
0.00014285714285714287
number of trials is
21000
number of Z or Y failures is
3
number of X failures is
0
average trial time
275.5152158838128
mu is
0.00014150943396226416
number of trials is
21200
number of Z or Y failures is
3
number of X failures is
0
average trial time
278.080891342538
mu is
0.00014018691588785047
number of trials is
21400
number of Z or Y failures is
3
number of X failures is
0
average trial time
280.66040177641804
mu is
0.0001388888888888889
number of trials is
21600
number of Z or Y failures is
3
number of X failures is
0
average trial time
283.19594992844816
mu is
0.00013761467889908258
number of trials is
21800
number of Z or Y failures is
3
number of X failures is
0
average trial time
285.7341958900827
mu is
0.00013636363636363637
number of trials is
22000
number of Z or Y failures is
3
number of X failures is
0
average trial time
288.2665855482475
mu is
0.00013513513513513514
number of trials is
22200
number of Z or Y failures is
3
number of X failures is
0
average trial time
290.79566597549746
mu is
0.00013392857142857144
number of trials is
22400
number of Z or Y failures is
3
number of X failures is
0
average trial time
293.3113721774274
mu is
0.00013274336283185842
number of trials is
22600
number of Z or Y failures is
3
number of X failures is
0
average trial time
295.90365335879744
mu is
0.00013157894736842105
number of trials is
22800
number of Z or Y failures is
3
number of X failures is
0
average trial time
298.48790509930257
mu is
0.00013043478260869564
number of trials is
23000
number of Z or Y failures is
3
number of X failures is
0
average trial time
301.04973682624774
mu is
0.0001293103448275862
number of trials is
23200
number of Z or Y failures is
3
number of X failures is
0
average trial time
303.5650812863177
mu is
0.0001282051282051282
number of trials is
23400
number of Z or Y failures is
3
number of X failures is
0
average trial time
306.132821969163
mu is
0.00016949152542372882
number of trials is
23600
number of Z or Y failures is
4
number of X failures is
0
average trial time
308.66440241382816
mu is
0.0001680672268907563
number of trials is
23800
number of Z or Y failures is
4
number of X failures is
0
average trial time
311.18757277116816
mu is
0.00016666666666666666
number of trials is
24000
number of Z or Y failures is
4
number of X failures is
0
average trial time
313.725275651758
mu is
0.00016528925619834712
number of trials is
24200
number of Z or Y failures is
4
number of X failures is
0
average trial time
316.27583644435776
mu is
0.0001639344262295082
number of trials is
24400
number of Z or Y failures is
4
number of X failures is
0
average trial time
318.82683834379276
mu is
0.00016260162601626016
number of trials is
24600
number of Z or Y failures is
4
number of X failures is
0
average trial time
321.37404182511284
mu is
0.00016129032258064516
number of trials is
24800
number of Z or Y failures is
4
number of X failures is
0
average trial time
323.9130297452581
mu is
0.00016
number of trials is
25000
number of Z or Y failures is
4
number of X failures is
0
average trial time
326.45692026968305
mu is
0.00015873015873015873
number of trials is
25200
number of Z or Y failures is
4
number of X failures is
0
average trial time
329.032464804543
mu is
0.00015748031496062991
number of trials is
25400
number of Z or Y failures is
4
number of X failures is
0
average trial time
331.6007085829333
mu is
0.00015625
number of trials is
25600
number of Z or Y failures is
4
number of X failures is
0
average trial time
334.18304056378287
mu is
0.0001550387596899225
number of trials is
25800
number of Z or Y failures is
4
number of X failures is
0
average trial time
336.7041843495777
mu is
0.00015384615384615385
number of trials is
26000
number of Z or Y failures is
4
number of X failures is
0
average trial time
339.2830128474176
mu is
0.00015267175572519084
number of trials is
26200
number of Z or Y failures is
4
number of X failures is
0
average trial time
341.81376827100763
mu is
0.00015151515151515152
number of trials is
26400
number of Z or Y failures is
4
number of X failures is
0
average trial time
344.3626257894329
mu is
0.00015037593984962405
number of trials is
26600
number of Z or Y failures is
4
number of X failures is
0
average trial time
346.8872863470229
mu is
0.00014925373134328358
number of trials is
26800
number of Z or Y failures is
4
number of X failures is
0
average trial time
349.45649634513245
mu is
0.00014814814814814815
number of trials is
27000
number of Z or Y failures is
4
number of X failures is
0
average trial time
352.0263436150279
mu is
0.00014705882352941175
number of trials is
27200
number of Z or Y failures is
4
number of X failures is
0
average trial time
354.56893722279807
mu is
0.00014598540145985403
number of trials is
27400
number of Z or Y failures is
4
number of X failures is
0
average trial time
357.16056112954806
mu is
0.00014492753623188405
number of trials is
27600
number of Z or Y failures is
4
number of X failures is
0
average trial time
359.70192075016826
mu is
0.00014388489208633093
number of trials is
27800
number of Z or Y failures is
4
number of X failures is
0
average trial time
362.23680572714335
mu is
0.00014285714285714287
number of trials is
28000
number of Z or Y failures is
4
number of X failures is
0
average trial time
364.7780427915537
mu is
0.00014184397163120567
number of trials is
28200
number of Z or Y failures is
4
number of X failures is
0
average trial time
367.3222777212188
mu is
0.00014084507042253522
number of trials is
28400
number of Z or Y failures is
4
number of X failures is
0
average trial time
369.86296785698903
mu is
0.00013986013986013986
number of trials is
28600
number of Z or Y failures is
4
number of X failures is
0
average trial time
372.41500242882415
mu is
0.0001388888888888889
number of trials is
28800
number of Z or Y failures is
4
number of X failures is
0
average trial time
374.9547351908293
mu is
0.00013793103448275863
number of trials is
29000
number of Z or Y failures is
4
number of X failures is
0
average trial time
377.4953422310993
mu is
0.000136986301369863
number of trials is
29200
number of Z or Y failures is
4
number of X failures is
0
average trial time
380.0434199346993
mu is
0.00013605442176870748
number of trials is
29400
number of Z or Y failures is
4
number of X failures is
0
average trial time
382.56169923459913
mu is
0.00013513513513513514
number of trials is
29600
number of Z or Y failures is
4
number of X failures is
0
average trial time
385.1019789931734
mu is
0.00013422818791946307
number of trials is
29800
number of Z or Y failures is
4
number of X failures is
0
average trial time
387.62251458433303
mu is
0.00013333333333333334
number of trials is
30000
number of Z or Y failures is
4
number of X failures is
0
average trial time
390.1363108996429
mu is
0.00013245033112582781
number of trials is
30200
number of Z or Y failures is
4
number of X failures is
0
average trial time
392.67944050043826
mu is
0.00013157894736842105
number of trials is
30400
number of Z or Y failures is
4
number of X failures is
0
average trial time
395.1947332437187
mu is
0.00013071895424836603
number of trials is
30600
number of Z or Y failures is
4
number of X failures is
0
average trial time
397.740511327804
mu is
0.00012987012987012987
number of trials is
30800
number of Z or Y failures is
4
number of X failures is
0
average trial time
400.26174316521843
mu is
0.00012903225806451613
number of trials is
31000
number of Z or Y failures is
4
number of X failures is
0
average trial time
402.8022950390631
mu is
0.0001282051282051282
number of trials is
31200
number of Z or Y failures is
4
number of X failures is
0
average trial time
405.33542332027855
mu is
0.00012738853503184712
number of trials is
31400
number of Z or Y failures is
4
number of X failures is
0
average trial time
407.8581517508934
mu is
0.00012658227848101267
number of trials is
31600
number of Z or Y failures is
4
number of X failures is
0
average trial time
410.4351436839487
mu is
0.00012578616352201257
number of trials is
31800
number of Z or Y failures is
4
number of X failures is
0
average trial time
413.0019443891537
mu is
0.000125
number of trials is
32000
number of Z or Y failures is
4
number of X failures is
0
average trial time
415.5297438374538
mu is
0.00015527950310559007
number of trials is
32200
number of Z or Y failures is
5
number of X failures is
0
average trial time
418.13819303280417
stderr is
6.943879138704549e-5
target is
1.5527950310559007e-5
mu is
0.00015432098765432098
number of trials is
32400
number of Z or Y failures is
5
number of X failures is
0
average trial time
420.67776826142915
stderr is
6.901018333615219e-5
target is
1.54320987654321e-5
mu is
0.00015337423312883436
number of trials is
32600
number of Z or Y failures is
5
number of X failures is
0
average trial time
423.2018250945646
stderr is
6.858683395701093e-5
target is
1.5337423312883436e-5
mu is
0.0001524390243902439
number of trials is
32800
number of Z or Y failures is
5
number of X failures is
0
average trial time
425.73466637327505
stderr is
6.816864706027484e-5
target is
1.524390243902439e-5
mu is
0.00015151515151515152
number of trials is
33000
number of Z or Y failures is
5
number of X failures is
0
average trial time
428.28734668506496
stderr is
6.775552878831862e-5
target is
1.5151515151515153e-5
mu is
0.00015060240963855423
number of trials is
33200
number of Z or Y failures is
5
number of X failures is
0
average trial time
430.8060594105201
stderr is
6.734738754501011e-5
target is
1.5060240963855424e-5
mu is
0.0001497005988023952
number of trials is
33400
number of Z or Y failures is
5
number of X failures is
0
average trial time
433.32340833658424
stderr is
6.69441339280051e-5
target is
1.497005988023952e-5
mu is
0.00014880952380952382
number of trials is
33600
number of Z or Y failures is
5
number of X failures is
0
average trial time
435.8687868992742
stderr is
6.65456806634598e-5
target is
1.4880952380952383e-5
mu is
0.00014792899408284024
number of trials is
33800
number of Z or Y failures is
5
number of X failures is
0
average trial time
438.4408494008292
stderr is
6.615194254306124e-5
target is
1.4792899408284025e-5
mu is
0.00014705882352941175
number of trials is
34000
number of Z or Y failures is
5
number of X failures is
0
average trial time
441.0454352592341
stderr is
6.576283636328001e-5
target is
1.4705882352941175e-5
mu is
0.00014619883040935673
number of trials is
34200
number of Z or Y failures is
5
number of X failures is
0
average trial time
443.612836382054
stderr is
6.53782808667541e-5
target is
1.4619883040935673e-5
mu is
0.00014534883720930232
number of trials is
34400
number of Z or Y failures is
5
number of X failures is
0
average trial time
446.1425723706441
stderr is
6.499819668571776e-5
target is
1.4534883720930233e-5
mu is
0.00014450867052023122
number of trials is
34600
number of Z or Y failures is
5
number of X failures is
0
average trial time
448.7030321761745
stderr is
6.462250628739189e-5
target is
1.4450867052023123e-5
mu is
0.00014367816091954023
number of trials is
34800
number of Z or Y failures is
5
number of X failures is
0
average trial time
451.28833467233454
stderr is
6.425113392125769e-5
target is
1.4367816091954024e-5
mu is
0.00014285714285714287
number of trials is
35000
number of Z or Y failures is
5
number of X failures is
0
average trial time
453.82011345879516
stderr is
6.388400556813776e-5
target is
1.4285714285714287e-5
mu is
0.00014204545454545454
number of trials is
35200
number of Z or Y failures is
5
number of X failures is
0
average trial time
456.3900757153699
stderr is
6.352104889101312e-5
target is
1.4204545454545455e-5
mu is
0.00014124293785310735
number of trials is
35400
number of Z or Y failures is
5
number of X failures is
0
average trial time
458.9613947205
stderr is
6.316219318750731e-5
target is
1.4124293785310736e-5
mu is
0.0001404494382022472
number of trials is
35600
number of Z or Y failures is
5
number of X failures is
0
average trial time
461.4921665404952
stderr is
6.280736934397193e-5
target is
1.4044943820224721e-5
mu is
0.00013966480446927373
number of trials is
35800
number of Z or Y failures is
5
number of X failures is
0
average trial time
464.02029338055036
stderr is
6.245650979111141e-5
target is
1.3966480446927374e-5
mu is
0.0001388888888888889
number of trials is
36000
number of Z or Y failures is
5
number of X failures is
0
average trial time
466.6029493764854
stderr is
6.210954846108655e-5
target is
1.388888888888889e-5
mu is
0.00013812154696132598
number of trials is
36200
number of Z or Y failures is
5
number of X failures is
0
average trial time
469.1368357507755
stderr is
6.176642074604025e-5
target is
1.3812154696132598e-5
mu is
0.00013736263736263736
number of trials is
36400
number of Z or Y failures is
5
number of X failures is
0
average trial time
471.71050585749566
stderr is
6.142706345799021e-5
target is
1.3736263736263736e-5
mu is
0.0001366120218579235
number of trials is
36600
number of Z or Y failures is
5
number of X failures is
0
average trial time
474.23256591185054
stderr is
6.109141479003672e-5
target is
1.366120218579235e-5
mu is
0.0001358695652173913
number of trials is
36800
number of Z or Y failures is
5
number of X failures is
0
average trial time
476.78199542106563
stderr is
6.0759414278835275e-5
target is
1.3586956521739131e-5
mu is
0.00013513513513513514
number of trials is
37000
number of Z or Y failures is
5
number of X failures is
0
average trial time
479.3176514008556
stderr is
6.04310027682862e-5
target is
1.3513513513513515e-5
mu is
0.00013440860215053763
number of trials is
37200
number of Z or Y failures is
5
number of X failures is
0
average trial time
481.87045217105623
stderr is
6.0106122374395594e-5
target is
1.3440860215053763e-5
mu is
0.00013368983957219252
number of trials is
37400
number of Z or Y failures is
5
number of X failures is
0
average trial time
484.3972231441365
stderr is
5.978471645126361e-5
target is
1.3368983957219252e-5
mu is
0.00013297872340425532
number of trials is
37600
number of Z or Y failures is
5
number of X failures is
0
average trial time
486.94511531094145
stderr is
5.946672955815818e-5
target is
1.3297872340425533e-5
mu is
0.00013227513227513228
number of trials is
37800
number of Z or Y failures is
5
number of X failures is
0
average trial time
489.4869877762314
stderr is
5.9152107427633926e-5
target is
1.322751322751323e-5
mu is
0.00013157894736842105
number of trials is
38000
number of Z or Y failures is
5
number of X failures is
0
average trial time
492.0621593099965
stderr is
5.884079693465786e-5
target is
1.3157894736842106e-5
mu is
0.00013089005235602096
number of trials is
38200
number of Z or Y failures is
5
number of X failures is
0
average trial time
494.59390051561604
stderr is
5.853274606670486e-5
target is
1.3089005235602096e-5
mu is
0.00013020833333333333
number of trials is
38400
number of Z or Y failures is
5
number of X failures is
0
average trial time
497.1301167468613
stderr is
5.822790389478761e-5
target is
1.3020833333333334e-5
mu is
0.00012953367875647668
number of trials is
38600
number of Z or Y failures is
5
number of X failures is
0
average trial time
499.6790928474361
stderr is
5.792622054538712e-5
target is
1.2953367875647668e-5
mu is
0.0001288659793814433
number of trials is
38800
number of Z or Y failures is
5
number of X failures is
0
average trial time
502.2338384608515
stderr is
5.7627647173251345e-5
target is
1.288659793814433e-5
mu is
0.0001282051282051282
number of trials is
39000
number of Z or Y failures is
5
number of X failures is
0
average trial time
504.7469507941116
stderr is
5.7332135935030775e-5
target is
1.2820512820512822e-5
mu is
0.00012755102040816328
number of trials is
39200
number of Z or Y failures is
5
number of X failures is
0
average trial time
507.3112154355014
stderr is
5.703963996372085e-5
target is
1.2755102040816329e-5
mu is
0.0001269035532994924
number of trials is
39400
number of Z or Y failures is
5
number of X failures is
0
average trial time
509.8746791478512
stderr is
5.675011334388308e-5
target is
1.269035532994924e-5
mu is
0.00012626262626262626
number of trials is
39600
number of Z or Y failures is
5
number of X failures is
0
average trial time
512.4275412297966
stderr is
5.646351108761668e-5
target is
1.2626262626262626e-5
mu is
0.0001256281407035176
number of trials is
39800
number of Z or Y failures is
5
number of X failures is
0
average trial time
514.976642103117
stderr is
5.6179789111254807e-5
target is
1.256281407035176e-5
mu is
0.000125
number of trials is
40000
number of Z or Y failures is
5
number of X failures is
0
average trial time
517.5104879707671
stderr is
5.589890421275988e-5
target is
1.25e-5
mu is
0.0001243781094527363
number of trials is
40200
number of Z or Y failures is
5
number of X failures is
0
average trial time
520.0260958305076
stderr is
5.5620814049793556e-5
target is
1.2437810945273631e-5
mu is
0.0001485148514851485
number of trials is
40400
number of Z or Y failures is
6
number of X failures is
0
average trial time
522.520123556877
stderr is
6.062718210408881e-5
target is
1.4851485148514851e-5
mu is
0.00014778325123152708
number of trials is
40600
number of Z or Y failures is
6
number of X failures is
0
average trial time
524.9037114594369
stderr is
6.032854442794444e-5
target is
1.477832512315271e-5
mu is
0.00014705882352941175
number of trials is
40800
number of Z or Y failures is
6
number of X failures is
0
average trial time
527.2762763117171
stderr is
6.00328343927017e-5
target is
1.4705882352941175e-5
mu is
0.00014634146341463414
number of trials is
41000
number of Z or Y failures is
6
number of X failures is
0
average trial time
529.6531397198216
stderr is
5.974000915744863e-5
target is
1.4634146341463415e-5
mu is
0.00014563106796116506
number of trials is
41200
number of Z or Y failures is
6
number of X failures is
0
average trial time
532.0514620714762
stderr is
5.945002671308522e-5
target is
1.4563106796116507e-5
mu is
0.00014492753623188405
number of trials is
41400
number of Z or Y failures is
6
number of X failures is
0
average trial time
534.3987300859865
stderr is
5.9162845862232396e-5
target is
1.4492753623188407e-5
mu is
0.00014423076923076924
number of trials is
41600
number of Z or Y failures is
6
number of X failures is
0
average trial time
536.7712550859814
stderr is
5.887842619972075e-5
target is
1.4423076923076924e-5
mu is
0.00014354066985645933
number of trials is
41800
number of Z or Y failures is
6
number of X failures is
0
average trial time
539.1623091336264
stderr is
5.8596728093639314e-5
target is
1.4354066985645934e-5
mu is
0.00014285714285714287
number of trials is
42000
number of Z or Y failures is
6
number of X failures is
0
average trial time
541.528035896637
stderr is
5.831771266692566e-5
target is
1.4285714285714287e-5
mu is
0.00014218009478672987
number of trials is
42200
number of Z or Y failures is
6
number of X failures is
0
average trial time
543.8915430199818
stderr is
5.804134177947961e-5
target is
1.4218009478672987e-5
mu is
0.00014150943396226416
number of trials is
42400
number of Z or Y failures is
6
number of X failures is
0
average trial time
546.2803764802519
stderr is
5.77675780107831e-5
target is
1.4150943396226417e-5
mu is
0.00014084507042253522
number of trials is
42600
number of Z or Y failures is
6
number of X failures is
0
average trial time
548.6411177103618
stderr is
5.74963846430095e-5
target is
1.4084507042253523e-5
mu is
0.00014018691588785047
number of trials is
42800
number of Z or Y failures is
6
number of X failures is
0
average trial time
551.0152228974908
stderr is
5.7227725644606604e-5
target is
1.4018691588785047e-5
mu is
0.00013953488372093022
number of trials is
43000
number of Z or Y failures is
6
number of X failures is
0
average trial time
553.3926275108009
stderr is
5.696156565433766e-5
target is
1.3953488372093024e-5
mu is
0.0001388888888888889
number of trials is
43200
number of Z or Y failures is
6
number of X failures is
0
average trial time
555.7786766355962
stderr is
5.669786996576572e-5
target is
1.388888888888889e-5
mu is
0.00013824884792626728
number of trials is
43400
number of Z or Y failures is
6
number of X failures is
0
average trial time
558.1701426116016
stderr is
5.643660451216698e-5
target is
1.3824884792626728e-5
mu is
0.00013761467889908258
number of trials is
43600
number of Z or Y failures is
6
number of X failures is
0
average trial time
560.5475614143813
stderr is
5.617773585185926e-5
target is
1.376146788990826e-5
mu is
0.000136986301369863
number of trials is
43800
number of Z or Y failures is
6
number of X failures is
0
average trial time
562.9081825433666
stderr is
5.592123115393248e-5
target is
1.3698630136986302e-5
mu is
0.00013636363636363637
number of trials is
44000
number of Z or Y failures is
6
number of X failures is
0
average trial time
565.2849514480566
stderr is
5.566705818436825e-5
target is
1.3636363636363638e-5
mu is
0.00013574660633484164
number of trials is
44200
number of Z or Y failures is
6
number of X failures is
0
average trial time
567.6329644901417
stderr is
5.541518529253634e-5
target is
1.3574660633484165e-5
mu is
0.00013513513513513514
number of trials is
44400
number of Z or Y failures is
6
number of X failures is
0
average trial time
570.0060502352967
stderr is
5.516558139805601e-5
target is
1.3513513513513515e-5
mu is
0.0001345291479820628
number of trials is
44600
number of Z or Y failures is
6
number of X failures is
0
average trial time
572.4240704542368
stderr is
5.491821597801087e-5
target is
1.345291479820628e-5
mu is
0.00013392857142857144
number of trials is
44800
number of Z or Y failures is
6
number of X failures is
0
average trial time
574.804370826727
stderr is
5.467305905450618e-5
target is
1.3392857142857144e-5
mu is
0.00013333333333333334
number of trials is
45000
number of Z or Y failures is
6
number of X failures is
0
average trial time
577.1669597632916
stderr is
5.443008118255793e-5
target is
1.3333333333333335e-5
mu is
0.00013274336283185842
number of trials is
45200
number of Z or Y failures is
6
number of X failures is
0
average trial time
579.5650312355765
stderr is
5.4189253438303424e-5
target is
1.3274336283185843e-5
mu is
0.00013215859030837003
number of trials is
45400
number of Z or Y failures is
6
number of X failures is
0
average trial time
581.9100433028716
stderr is
5.395054740752348e-5
target is
1.3215859030837005e-5
mu is
0.00013157894736842105
number of trials is
45600
number of Z or Y failures is
6
number of X failures is
0
average trial time
584.3127340655564
stderr is
5.3713935174466666e-5
target is
1.3157894736842106e-5
mu is
0.00013100436681222707
number of trials is
45800
number of Z or Y failures is
6
number of X failures is
0
average trial time
586.6745130400465
stderr is
5.3479389310966264e-5
target is
1.3100436681222708e-5
mu is
0.00013043478260869564
number of trials is
46000
number of Z or Y failures is
6
number of X failures is
0
average trial time
589.0655995854612
stderr is
5.3246882865841244e-5
target is
1.3043478260869564e-5
6
0
46000
0.00013043478260869564
