mu is
0.0
number of trials is
200
number of Z or Y failures is
0
number of X failures is
0
average trial time
1.4063066302699994
mu is
0.0
number of trials is
400
number of Z or Y failures is
0
number of X failures is
0
average trial time
2.6408658451399982
mu is
0.0
number of trials is
600
number of Z or Y failures is
0
number of X failures is
0
average trial time
3.8922717143049987
mu is
0.0
number of trials is
800
number of Z or Y failures is
0
number of X failures is
0
average trial time
5.124079361604996
mu is
0.0
number of trials is
1000
number of Z or Y failures is
0
number of X failures is
0
average trial time
6.351769704489994
mu is
0.0
number of trials is
1200
number of Z or Y failures is
0
number of X failures is
0
average trial time
7.577201258419994
mu is
0.0
number of trials is
1400
number of Z or Y failures is
0
number of X failures is
0
average trial time
8.793754492534992
mu is
0.0
number of trials is
1600
number of Z or Y failures is
0
number of X failures is
0
average trial time
10.026894169724997
mu is
0.0
number of trials is
1800
number of Z or Y failures is
0
number of X failures is
0
average trial time
11.247575754700001
mu is
0.0
number of trials is
2000
number of Z or Y failures is
0
number of X failures is
0
average trial time
12.464107227645009
mu is
0.0
number of trials is
2200
number of Z or Y failures is
0
number of X failures is
0
average trial time
13.679922166390007
mu is
0.0
number of trials is
2400
number of Z or Y failures is
0
number of X failures is
0
average trial time
14.892857310530012
mu is
0.0
number of trials is
2600
number of Z or Y failures is
0
number of X failures is
0
average trial time
16.126383870980007
mu is
0.0
number of trials is
2800
number of Z or Y failures is
0
number of X failures is
0
average trial time
17.352925982360002
mu is
0.0
number of trials is
3000
number of Z or Y failures is
0
number of X failures is
0
average trial time
18.58081948546
mu is
0.0
number of trials is
3200
number of Z or Y failures is
0
number of X failures is
0
average trial time
19.820293041334995
mu is
0.0
number of trials is
3400
number of Z or Y failures is
0
number of X failures is
0
average trial time
21.06350632464
mu is
0.0
number of trials is
3600
number of Z or Y failures is
0
number of X failures is
0
average trial time
22.31147268786498
mu is
0.0
number of trials is
3800
number of Z or Y failures is
0
number of X failures is
0
average trial time
23.574798518299964
mu is
0.0
number of trials is
4000
number of Z or Y failures is
0
number of X failures is
0
average trial time
24.84787809782997
mu is
0.0
number of trials is
4200
number of Z or Y failures is
0
number of X failures is
0
average trial time
26.14891212134499
mu is
0.0
number of trials is
4400
number of Z or Y failures is
0
number of X failures is
0
average trial time
27.411612250215015
mu is
0.0
number of trials is
4600
number of Z or Y failures is
0
number of X failures is
0
average trial time
28.70608586582
mu is
0.0
number of trials is
4800
number of Z or Y failures is
0
number of X failures is
0
average trial time
30.029206208984984
mu is
0.0
number of trials is
5000
number of Z or Y failures is
0
number of X failures is
0
average trial time
31.325271298180006
mu is
0.0
number of trials is
5200
number of Z or Y failures is
0
number of X failures is
0
average trial time
32.64810024461001
mu is
0.0
number of trials is
5400
number of Z or Y failures is
0
number of X failures is
0
average trial time
33.988316517240015
mu is
0.0
number of trials is
5600
number of Z or Y failures is
0
number of X failures is
0
average trial time
35.348344445879995
mu is
0.0
number of trials is
5800
number of Z or Y failures is
0
number of X failures is
0
average trial time
36.68648213946001
mu is
0.0
number of trials is
6000
number of Z or Y failures is
0
number of X failures is
0
average trial time
38.032629845289996
mu is
0.0
number of trials is
6200
number of Z or Y failures is
0
number of X failures is
0
average trial time
39.39533962842998
mu is
0.0
number of trials is
6400
number of Z or Y failures is
0
number of X failures is
0
average trial time
40.774645961749975
mu is
0.0
number of trials is
6600
number of Z or Y failures is
0
number of X failures is
0
average trial time
42.147453784055
mu is
0.0
number of trials is
6800
number of Z or Y failures is
0
number of X failures is
0
average trial time
43.53286595249499
mu is
0.0
number of trials is
7000
number of Z or Y failures is
0
number of X failures is
0
average trial time
44.92827335992007
mu is
0.0
number of trials is
7200
number of Z or Y failures is
0
number of X failures is
0
average trial time
46.323847205445034
mu is
0.0
number of trials is
7400
number of Z or Y failures is
0
number of X failures is
0
average trial time
47.71416116447999
mu is
0.0
number of trials is
7600
number of Z or Y failures is
0
number of X failures is
0
average trial time
49.11582646756499
mu is
0.0
number of trials is
7800
number of Z or Y failures is
0
number of X failures is
0
average trial time
50.54857783023496
mu is
0.0
number of trials is
8000
number of Z or Y failures is
0
number of X failures is
0
average trial time
51.97765121197994
mu is
0.0
number of trials is
8200
number of Z or Y failures is
0
number of X failures is
0
average trial time
53.39745328582994
mu is
0.0
number of trials is
8400
number of Z or Y failures is
0
number of X failures is
0
average trial time
54.828370475945015
mu is
0.0
number of trials is
8600
number of Z or Y failures is
0
number of X failures is
0
average trial time
56.26471016092501
mu is
0.0
number of trials is
8800
number of Z or Y failures is
0
number of X failures is
0
average trial time
57.69405055098
mu is
0.0
number of trials is
9000
number of Z or Y failures is
0
number of X failures is
0
average trial time
59.13896134946997
mu is
0.0
number of trials is
9200
number of Z or Y failures is
0
number of X failures is
0
average trial time
60.57012510770999
mu is
0.0
number of trials is
9400
number of Z or Y failures is
0
number of X failures is
0
average trial time
62.02112953991498
mu is
0.0
number of trials is
9600
number of Z or Y failures is
0
number of X failures is
0
average trial time
63.47530080627495
mu is
0.0
number of trials is
9800
number of Z or Y failures is
0
number of X failures is
0
average trial time
64.92508586440994
mu is
0.0
number of trials is
10000
number of Z or Y failures is
0
number of X failures is
0
average trial time
66.37633474948997
mu is
0.0
number of trials is
10200
number of Z or Y failures is
0
number of X failures is
0
average trial time
67.82738810113997
mu is
0.0
number of trials is
10400
number of Z or Y failures is
0
number of X failures is
0
average trial time
69.27887194693999
mu is
0.0
number of trials is
10600
number of Z or Y failures is
0
number of X failures is
0
average trial time
70.74010717041995
mu is
0.0
number of trials is
10800
number of Z or Y failures is
0
number of X failures is
0
average trial time
72.20464700202496
mu is
0.0
number of trials is
11000
number of Z or Y failures is
0
number of X failures is
0
average trial time
73.65653776669501
mu is
0.0
number of trials is
11200
number of Z or Y failures is
0
number of X failures is
0
average trial time
75.11473070839999
mu is
8.771929824561403e-5
number of trials is
11400
number of Z or Y failures is
1
number of X failures is
0
average trial time
76.57000629829497
mu is
8.620689655172413e-5
number of trials is
11600
number of Z or Y failures is
1
number of X failures is
0
average trial time
78.02203318345491
mu is
8.474576271186441e-5
number of trials is
11800
number of Z or Y failures is
1
number of X failures is
0
average trial time
79.46729165235497
mu is
8.333333333333333e-5
number of trials is
12000
number of Z or Y failures is
1
number of X failures is
0
average trial time
80.90639028316495
mu is
8.19672131147541e-5
number of trials is
12200
number of Z or Y failures is
1
number of X failures is
0
average trial time
82.36130346397495
mu is
8.064516129032258e-5
number of trials is
12400
number of Z or Y failures is
1
number of X failures is
0
average trial time
83.81411645653994
mu is
7.936507936507937e-5
number of trials is
12600
number of Z or Y failures is
1
number of X failures is
0
average trial time
85.27260997832985
mu is
7.8125e-5
number of trials is
12800
number of Z or Y failures is
1
number of X failures is
0
average trial time
86.74542544011982
mu is
7.692307692307693e-5
number of trials is
13000
number of Z or Y failures is
1
number of X failures is
0
average trial time
88.19556929803481
mu is
7.575757575757576e-5
number of trials is
13200
number of Z or Y failures is
1
number of X failures is
0
average trial time
89.6452398016098
mu is
7.462686567164179e-5
number of trials is
13400
number of Z or Y failures is
1
number of X failures is
0
average trial time
91.10968424251477
mu is
7.352941176470588e-5
number of trials is
13600
number of Z or Y failures is
1
number of X failures is
0
average trial time
92.55931421647496
mu is
7.246376811594203e-5
number of trials is
13800
number of Z or Y failures is
1
number of X failures is
0
average trial time
94.03808297517504
mu is
7.142857142857143e-5
number of trials is
14000
number of Z or Y failures is
1
number of X failures is
0
average trial time
95.49581664491495
mu is
7.042253521126761e-5
number of trials is
14200
number of Z or Y failures is
1
number of X failures is
0
average trial time
96.9440465758399
mu is
6.944444444444444e-5
number of trials is
14400
number of Z or Y failures is
1
number of X failures is
0
average trial time
98.42489871342993
mu is
6.84931506849315e-5
number of trials is
14600
number of Z or Y failures is
1
number of X failures is
0
average trial time
99.86759276374997
mu is
6.756756756756757e-5
number of trials is
14800
number of Z or Y failures is
1
number of X failures is
0
average trial time
101.34542754973494
mu is
6.666666666666667e-5
number of trials is
15000
number of Z or Y failures is
1
number of X failures is
0
average trial time
102.80607529807989
mu is
6.578947368421052e-5
number of trials is
15200
number of Z or Y failures is
1
number of X failures is
0
average trial time
104.28531740933983
mu is
6.493506493506494e-5
number of trials is
15400
number of Z or Y failures is
1
number of X failures is
0
average trial time
105.75580473253972
mu is
6.41025641025641e-5
number of trials is
15600
number of Z or Y failures is
1
number of X failures is
0
average trial time
107.22496266224485
mu is
6.329113924050633e-5
number of trials is
15800
number of Z or Y failures is
1
number of X failures is
0
average trial time
108.72137392281478
mu is
6.25e-5
number of trials is
16000
number of Z or Y failures is
1
number of X failures is
0
average trial time
110.17456720454479
mu is
6.17283950617284e-5
number of trials is
16200
number of Z or Y failures is
1
number of X failures is
0
average trial time
111.63869374186477
mu is
6.097560975609756e-5
number of trials is
16400
number of Z or Y failures is
1
number of X failures is
0
average trial time
113.10632799021977
mu is
6.0240963855421684e-5
number of trials is
16600
number of Z or Y failures is
1
number of X failures is
0
average trial time
114.57631969438975
mu is
5.9523809523809524e-5
number of trials is
16800
number of Z or Y failures is
1
number of X failures is
0
average trial time
116.0274106170447
mu is
5.882352941176471e-5
number of trials is
17000
number of Z or Y failures is
1
number of X failures is
0
average trial time
117.50398614697478
mu is
5.8139534883720933e-5
number of trials is
17200
number of Z or Y failures is
1
number of X failures is
0
average trial time
118.94672885266493
mu is
5.747126436781609e-5
number of trials is
17400
number of Z or Y failures is
1
number of X failures is
0
average trial time
120.41918904875995
mu is
5.681818181818182e-5
number of trials is
17600
number of Z or Y failures is
1
number of X failures is
0
average trial time
121.86599518204503
mu is
5.617977528089888e-5
number of trials is
17800
number of Z or Y failures is
1
number of X failures is
0
average trial time
123.35701609420012
mu is
5.555555555555556e-5
number of trials is
18000
number of Z or Y failures is
1
number of X failures is
0
average trial time
124.80215937243528
mu is
0.00010989010989010989
number of trials is
18200
number of Z or Y failures is
2
number of X failures is
0
average trial time
126.28545318308527
mu is
0.00010869565217391305
number of trials is
18400
number of Z or Y failures is
2
number of X failures is
0
average trial time
127.72818497956027
mu is
0.00010752688172043011
number of trials is
18600
number of Z or Y failures is
2
number of X failures is
0
average trial time
129.21090133392528
mu is
0.00010638297872340425
number of trials is
18800
number of Z or Y failures is
2
number of X failures is
0
average trial time
130.65540027168024
mu is
0.00010526315789473685
number of trials is
19000
number of Z or Y failures is
2
number of X failures is
0
average trial time
132.1167939430152
mu is
0.00015625
number of trials is
19200
number of Z or Y failures is
3
number of X failures is
0
average trial time
133.56614044885032
mu is
0.00015463917525773195
number of trials is
19400
number of Z or Y failures is
3
number of X failures is
0
average trial time
134.99789520638026
mu is
0.0001530612244897959
number of trials is
19600
number of Z or Y failures is
3
number of X failures is
0
average trial time
136.44459536170035
mu is
0.00015151515151515152
number of trials is
19800
number of Z or Y failures is
3
number of X failures is
0
average trial time
137.86876126173524
mu is
0.00015
number of trials is
20000
number of Z or Y failures is
3
number of X failures is
0
average trial time
139.33291944251022
mu is
0.0001485148514851485
number of trials is
20200
number of Z or Y failures is
3
number of X failures is
0
average trial time
140.77988991070538
mu is
0.00014705882352941175
number of trials is
20400
number of Z or Y failures is
3
number of X failures is
0
average trial time
142.22943666180538
mu is
0.00014563106796116506
number of trials is
20600
number of Z or Y failures is
3
number of X failures is
0
average trial time
143.69463987425533
mu is
0.00014423076923076924
number of trials is
20800
number of Z or Y failures is
3
number of X failures is
0
average trial time
145.10873102683533
mu is
0.00014285714285714287
number of trials is
21000
number of Z or Y failures is
3
number of X failures is
0
average trial time
146.57591178743033
mu is
0.00014150943396226416
number of trials is
21200
number of Z or Y failures is
3
number of X failures is
0
average trial time
148.00499514262032
mu is
0.00014018691588785047
number of trials is
21400
number of Z or Y failures is
3
number of X failures is
0
average trial time
149.43108671739532
mu is
0.0001388888888888889
number of trials is
21600
number of Z or Y failures is
3
number of X failures is
0
average trial time
150.89126869305534
mu is
0.00013761467889908258
number of trials is
21800
number of Z or Y failures is
3
number of X failures is
0
average trial time
152.29547281350025
mu is
0.00013636363636363637
number of trials is
22000
number of Z or Y failures is
3
number of X failures is
0
average trial time
153.72735593316023
mu is
0.00013513513513513514
number of trials is
22200
number of Z or Y failures is
3
number of X failures is
0
average trial time
155.16335842635013
mu is
0.00013392857142857144
number of trials is
22400
number of Z or Y failures is
3
number of X failures is
0
average trial time
156.55313324546003
mu is
0.00017699115044247788
number of trials is
22600
number of Z or Y failures is
4
number of X failures is
0
average trial time
157.9961118595799
mu is
0.00017543859649122806
number of trials is
22800
number of Z or Y failures is
4
number of X failures is
0
average trial time
159.4579785871499
mu is
0.00017391304347826088
number of trials is
23000
number of Z or Y failures is
4
number of X failures is
0
average trial time
160.86943333387492
mu is
0.00017241379310344826
number of trials is
23200
number of Z or Y failures is
4
number of X failures is
0
average trial time
162.302053640395
mu is
0.00017094017094017094
number of trials is
23400
number of Z or Y failures is
4
number of X failures is
0
average trial time
163.75481112027504
mu is
0.00016949152542372882
number of trials is
23600
number of Z or Y failures is
4
number of X failures is
0
average trial time
165.19294646614995
mu is
0.0001680672268907563
number of trials is
23800
number of Z or Y failures is
4
number of X failures is
0
average trial time
166.60280735290985
mu is
0.00016666666666666666
number of trials is
24000
number of Z or Y failures is
4
number of X failures is
0
average trial time
168.03269147228986
mu is
0.00020661157024793388
number of trials is
24200
number of Z or Y failures is
5
number of X failures is
0
average trial time
169.46774348708476
stderr is
9.239186624872568e-5
target is
2.066115702479339e-5
mu is
0.00020491803278688525
number of trials is
24400
number of Z or Y failures is
5
number of X failures is
0
average trial time
170.87308168540977
stderr is
9.163461795961063e-5
target is
2.0491803278688525e-5
mu is
0.0002032520325203252
number of trials is
24600
number of Z or Y failures is
5
number of X failures is
0
average trial time
172.25890244976975
stderr is
9.088968164933998e-5
target is
2.032520325203252e-5
mu is
0.00020161290322580645
number of trials is
24800
number of Z or Y failures is
5
number of X failures is
0
average trial time
173.68634841934465
stderr is
9.01567594714934e-5
target is
2.0161290322580645e-5
mu is
0.0002
number of trials is
25000
number of Z or Y failures is
5
number of X failures is
0
average trial time
175.1383827910547
stderr is
8.943556310997293e-5
target is
2.0e-5
mu is
0.0001984126984126984
number of trials is
25200
number of Z or Y failures is
5
number of X failures is
0
average trial time
176.5483230021997
stderr is
8.872581340084572e-5
target is
1.984126984126984e-5
mu is
0.0001968503937007874
number of trials is
25400
number of Z or Y failures is
5
number of X failures is
0
average trial time
177.96392914446508
stderr is
8.80272399720508e-5
target is
1.9685039370078743e-5
mu is
0.0001953125
number of trials is
25600
number of Z or Y failures is
5
number of X failures is
0
average trial time
179.34570312690997
stderr is
8.73395808999937e-5
target is
1.9531250000000004e-5
mu is
0.0001937984496124031
number of trials is
25800
number of Z or Y failures is
5
number of X failures is
0
average trial time
180.7733435089098
stderr is
8.66625823821116e-5
target is
1.937984496124031e-5
mu is
0.0001923076923076923
number of trials is
26000
number of Z or Y failures is
5
number of X failures is
0
average trial time
182.2188431994946
stderr is
8.599599842455029e-5
target is
1.923076923076923e-5
mu is
0.00019083969465648855
number of trials is
26200
number of Z or Y failures is
5
number of X failures is
0
average trial time
183.62936912887474
stderr is
8.53395905441444e-5
target is
1.9083969465648855e-5
mu is
0.0001893939393939394
number of trials is
26400
number of Z or Y failures is
5
number of X failures is
0
average trial time
185.03536336829475
stderr is
8.469312748394337e-5
target is
1.893939393939394e-5
mu is
0.00018796992481203009
number of trials is
26600
number of Z or Y failures is
5
number of X failures is
0
average trial time
186.42292454793008
stderr is
8.405638494156958e-5
target is
1.879699248120301e-5
mu is
0.00018656716417910448
number of trials is
26800
number of Z or Y failures is
5
number of X failures is
0
average trial time
187.81344071765525
stderr is
8.342914530973873e-5
target is
1.8656716417910448e-5
mu is
0.00018518518518518518
number of trials is
27000
number of Z or Y failures is
5
number of X failures is
0
average trial time
189.2448947848
stderr is
8.281119742831181e-5
target is
1.8518518518518518e-5
mu is
0.0001838235294117647
number of trials is
27200
number of Z or Y failures is
5
number of X failures is
0
average trial time
190.68340337495468
stderr is
8.220233634728525e-5
target is
1.8382352941176472e-5
mu is
0.0001824817518248175
number of trials is
27400
number of Z or Y failures is
5
number of X failures is
0
average trial time
192.10352678371981
stderr is
8.160236310016006e-5
target is
1.824817518248175e-5
mu is
0.00018115942028985507
number of trials is
27600
number of Z or Y failures is
5
number of X failures is
0
average trial time
193.50794506956498
stderr is
8.101108448716397e-5
target is
1.8115942028985507e-5
mu is
0.00017985611510791367
number of trials is
27800
number of Z or Y failures is
5
number of X failures is
0
average trial time
194.91878090792025
stderr is
8.04283128678301e-5
target is
1.7985611510791367e-5
mu is
0.00017857142857142857
number of trials is
28000
number of Z or Y failures is
5
number of X failures is
0
average trial time
196.31303400907035
stderr is
7.985386596246467e-5
target is
1.785714285714286e-5
mu is
0.0001773049645390071
number of trials is
28200
number of Z or Y failures is
5
number of X failures is
0
average trial time
197.70924615301539
stderr is
7.928756666206199e-5
target is
1.7730496453900712e-5
mu is
0.00017605633802816902
number of trials is
28400
number of Z or Y failures is
5
number of X failures is
0
average trial time
199.11904156336053
stderr is
7.872924284625093e-5
target is
1.7605633802816902e-5
mu is
0.00017482517482517483
number of trials is
28600
number of Z or Y failures is
5
number of X failures is
0
average trial time
200.5609719057706
stderr is
7.817872720887925e-5
target is
1.7482517482517483e-5
mu is
0.00017361111111111112
number of trials is
28800
number of Z or Y failures is
5
number of X failures is
0
average trial time
201.98890055212564
stderr is
7.76358570908649e-5
target is
1.736111111111111e-5
mu is
0.00017241379310344826
number of trials is
29000
number of Z or Y failures is
5
number of X failures is
0
average trial time
203.39582740713067
stderr is
7.710047431996331e-5
target is
1.7241379310344828e-5
mu is
0.00017123287671232877
number of trials is
29200
number of Z or Y failures is
5
number of X failures is
0
average trial time
204.78904576928585
stderr is
7.657242505711902e-5
target is
1.712328767123288e-5
mu is
0.00017006802721088434
number of trials is
29400
number of Z or Y failures is
5
number of X failures is
0
average trial time
206.20282930080594
stderr is
7.605155964908836e-5
target is
1.7006802721088435e-5
mu is
0.00016891891891891893
number of trials is
29600
number of Z or Y failures is
5
number of X failures is
0
average trial time
207.59539966568593
stderr is
7.55377324870365e-5
target is
1.6891891891891892e-5
mu is
0.00016778523489932885
number of trials is
29800
number of Z or Y failures is
5
number of X failures is
0
average trial time
208.99170201221602
stderr is
7.503080187082811e-5
target is
1.6778523489932884e-5
mu is
0.00016666666666666666
number of trials is
30000
number of Z or Y failures is
5
number of X failures is
0
average trial time
210.3878808996759
stderr is
7.453062987874605e-5
target is
1.6666666666666667e-5
mu is
0.00016556291390728477
number of trials is
30200
number of Z or Y failures is
5
number of X failures is
0
average trial time
211.76841134185625
stderr is
7.403708224238651e-5
target is
1.6556291390728477e-5
mu is
0.0001644736842105263
number of trials is
30400
number of Z or Y failures is
5
number of X failures is
0
average trial time
213.15483357330143
stderr is
7.355002822649209e-5
target is
1.644736842105263e-5
mu is
0.0001633986928104575
number of trials is
30600
number of Z or Y failures is
5
number of X failures is
0
average trial time
214.55535874776655
stderr is
7.306934051349717e-5
target is
1.633986928104575e-5
mu is
0.00016233766233766234
number of trials is
30800
number of Z or Y failures is
5
number of X failures is
0
average trial time
215.94948893194635
stderr is
7.259489509257096e-5
target is
1.6233766233766234e-5
mu is
0.00016129032258064516
number of trials is
31000
number of Z or Y failures is
5
number of X failures is
0
average trial time
217.33509181202604
stderr is
7.212657115295557e-5
target is
1.6129032258064517e-5
mu is
0.00016025641025641026
number of trials is
31200
number of Z or Y failures is
5
number of X failures is
0
average trial time
218.76644183648585
stderr is
7.166425098140624e-5
target is
1.6025641025641026e-5
mu is
0.0001592356687898089
number of trials is
31400
number of Z or Y failures is
5
number of X failures is
0
average trial time
220.18136987654597
stderr is
7.120781986355054e-5
target is
1.592356687898089e-5
mu is
0.00015822784810126583
number of trials is
31600
number of Z or Y failures is
5
number of X failures is
0
average trial time
221.5837425499111
stderr is
7.075716598899352e-5
target is
1.5822784810126583e-5
mu is
0.00015723270440251572
number of trials is
31800
number of Z or Y failures is
5
number of X failures is
0
average trial time
222.97719145105114
stderr is
7.031218036000334e-5
target is
1.572327044025157e-5
mu is
0.00015625
number of trials is
32000
number of Z or Y failures is
5
number of X failures is
0
average trial time
224.382363318456
stderr is
6.987275670362103e-5
target is
1.5625e-5
mu is
0.00015527950310559007
number of trials is
32200
number of Z or Y failures is
5
number of X failures is
0
average trial time
225.76372413585105
stderr is
6.943879138704549e-5
target is
1.5527950310559007e-5
mu is
0.00015432098765432098
number of trials is
32400
number of Z or Y failures is
5
number of X failures is
0
average trial time
227.1415337105013
stderr is
6.901018333615219e-5
target is
1.54320987654321e-5
mu is
0.00015337423312883436
number of trials is
32600
number of Z or Y failures is
5
number of X failures is
0
average trial time
228.55882180140645
stderr is
6.858683395701093e-5
target is
1.5337423312883436e-5
mu is
0.0001524390243902439
number of trials is
32800
number of Z or Y failures is
5
number of X failures is
0
average trial time
229.93778767755666
stderr is
6.816864706027484e-5
target is
1.524390243902439e-5
mu is
0.00015151515151515152
number of trials is
33000
number of Z or Y failures is
5
number of X failures is
0
average trial time
231.35258777754657
stderr is
6.775552878831862e-5
target is
1.5151515151515153e-5
mu is
0.00015060240963855423
number of trials is
33200
number of Z or Y failures is
5
number of X failures is
0
average trial time
232.73172276850644
stderr is
6.734738754501011e-5
target is
1.5060240963855424e-5
mu is
0.0001497005988023952
number of trials is
33400
number of Z or Y failures is
5
number of X failures is
0
average trial time
234.11229279480656
stderr is
6.69441339280051e-5
target is
1.497005988023952e-5
mu is
0.00014880952380952382
number of trials is
33600
number of Z or Y failures is
5
number of X failures is
0
average trial time
235.50838740529161
stderr is
6.65456806634598e-5
target is
1.4880952380952383e-5
mu is
0.00014792899408284024
number of trials is
33800
number of Z or Y failures is
5
number of X failures is
0
average trial time
236.88032666463178
stderr is
6.615194254306124e-5
target is
1.4792899408284025e-5
mu is
0.00014705882352941175
number of trials is
34000
number of Z or Y failures is
5
number of X failures is
0
average trial time
238.26461974891686
stderr is
6.576283636328001e-5
target is
1.4705882352941175e-5
mu is
0.00014619883040935673
number of trials is
34200
number of Z or Y failures is
5
number of X failures is
0
average trial time
239.6580804376919
stderr is
6.53782808667541e-5
target is
1.4619883040935673e-5
mu is
0.00014534883720930232
number of trials is
34400
number of Z or Y failures is
5
number of X failures is
0
average trial time
241.04880055461194
stderr is
6.499819668571776e-5
target is
1.4534883720930233e-5
mu is
0.00014450867052023122
number of trials is
34600
number of Z or Y failures is
5
number of X failures is
0
average trial time
242.44003749232695
stderr is
6.462250628739189e-5
target is
1.4450867052023123e-5
mu is
0.00014367816091954023
number of trials is
34800
number of Z or Y failures is
5
number of X failures is
0
average trial time
243.81715492633714
stderr is
6.425113392125769e-5
target is
1.4367816091954024e-5
mu is
0.00014285714285714287
number of trials is
35000
number of Z or Y failures is
5
number of X failures is
0
average trial time
245.19541833750205
stderr is
6.388400556813776e-5
target is
1.4285714285714287e-5
mu is
0.00014204545454545454
number of trials is
35200
number of Z or Y failures is
5
number of X failures is
0
average trial time
246.58317429001724
stderr is
6.352104889101312e-5
target is
1.4204545454545455e-5
mu is
0.00016949152542372882
number of trials is
35400
number of Z or Y failures is
6
number of X failures is
0
average trial time
247.989839332962
stderr is
6.918973856563837e-5
target is
1.6949152542372885e-5
mu is
0.00016853932584269662
number of trials is
35600
number of Z or Y failures is
6
number of X failures is
0
average trial time
249.38576528741197
stderr is
6.880105947138857e-5
target is
1.685393258426966e-5
mu is
0.0001675977653631285
number of trials is
35800
number of Z or Y failures is
6
number of X failures is
0
average trial time
250.77717400584206
stderr is
6.841672285694752e-5
target is
1.675977653631285e-5
mu is
0.00016666666666666666
number of trials is
36000
number of Z or Y failures is
6
number of X failures is
0
average trial time
252.17095513636693
stderr is
6.803665635268008e-5
target is
1.6666666666666667e-5
mu is
0.00016574585635359117
number of trials is
36200
number of Z or Y failures is
6
number of X failures is
0
average trial time
253.55786742941217
stderr is
6.766078918816955e-5
target is
1.6574585635359117e-5
mu is
0.00016483516483516484
number of trials is
36400
number of Z or Y failures is
6
number of X failures is
0
average trial time
254.96679435473206
stderr is
6.728905214828614e-5
target is
1.6483516483516486e-5
mu is
0.0001639344262295082
number of trials is
36600
number of Z or Y failures is
6
number of X failures is
0
average trial time
256.3804703058971
stderr is
6.692137753069561e-5
target is
1.639344262295082e-5
mu is
0.00016304347826086958
number of trials is
36800
number of Z or Y failures is
6
number of X failures is
0
average trial time
257.79851874945234
stderr is
6.655769910475361e-5
target is
1.630434782608696e-5
mu is
0.00016216216216216215
number of trials is
37000
number of Z or Y failures is
6
number of X failures is
0
average trial time
259.2036693454977
stderr is
6.619795207173291e-5
target is
1.6216216216216215e-5
mu is
0.00016129032258064516
number of trials is
37200
number of Z or Y failures is
6
number of X failures is
0
average trial time
260.5887477438679
stderr is
6.584207302633353e-5
target is
1.6129032258064517e-5
mu is
0.00016042780748663101
number of trials is
37400
number of Z or Y failures is
6
number of X failures is
0
average trial time
261.98532236058304
stderr is
6.548999991942793e-5
target is
1.60427807486631e-5
mu is
0.00015957446808510637
number of trials is
37600
number of Z or Y failures is
6
number of X failures is
0
average trial time
263.3635459451378
stderr is
6.514167202199494e-5
target is
1.5957446808510637e-5
mu is
0.00018518518518518518
number of trials is
37800
number of Z or Y failures is
7
number of X failures is
0
average trial time
264.7554253351476
stderr is
6.998786552679828e-5
target is
1.8518518518518518e-5
mu is
0.00018421052631578948
number of trials is
38000
number of Z or Y failures is
7
number of X failures is
0
average trial time
266.15773066183283
stderr is
6.961953742679138e-5
target is
1.842105263157895e-5
mu is
0.0001832460732984293
number of trials is
38200
number of Z or Y failures is
7
number of X failures is
0
average trial time
267.55798902592295
stderr is
6.925506586252716e-5
target is
1.8324607329842934e-5
mu is
0.00018229166666666667
number of trials is
38400
number of Z or Y failures is
7
number of X failures is
0
average trial time
268.94384691592296
stderr is
6.889439058034466e-5
target is
1.8229166666666668e-5
mu is
0.00018134715025906737
number of trials is
38600
number of Z or Y failures is
7
number of X failures is
0
average trial time
270.3340600004729
stderr is
6.853745257526636e-5
target is
1.813471502590674e-5
mu is
0.00018041237113402062
number of trials is
38800
number of Z or Y failures is
7
number of X failures is
0
average trial time
271.7241222649528
stderr is
6.81841940588181e-5
target is
1.8041237113402062e-5
mu is
0.0001794871794871795
number of trials is
39000
number of Z or Y failures is
7
number of X failures is
0
average trial time
273.1090984290077
stderr is
6.783455842783903e-5
target is
1.794871794871795e-5
mu is
0.00017857142857142857
number of trials is
39200
number of Z or Y failures is
7
number of X failures is
0
average trial time
274.49954606757257
stderr is
6.748849023424643e-5
target is
1.785714285714286e-5
mu is
0.00017766497461928934
slurmstepd: error: *** JOB 540 ON cpu48-dy-c5a12xlarge-30 CANCELLED AT 2021-06-21T17:10:18 ***
