mu is
0.0
number of trials is
200
number of Z or Y failures is
0
number of X failures is
0
average trial time
1.3946630977900003
mu is
0.0
number of trials is
400
number of Z or Y failures is
0
number of X failures is
0
average trial time
2.628494946175002
mu is
0.0
number of trials is
600
number of Z or Y failures is
0
number of X failures is
0
average trial time
3.8504792733450004
mu is
0.0
number of trials is
800
number of Z or Y failures is
0
number of X failures is
0
average trial time
5.0674107814700005
mu is
0.0
number of trials is
1000
number of Z or Y failures is
0
number of X failures is
0
average trial time
6.293930820929998
mu is
0.0
number of trials is
1200
number of Z or Y failures is
0
number of X failures is
0
average trial time
7.517249937794998
mu is
0.0
number of trials is
1400
number of Z or Y failures is
0
number of X failures is
0
average trial time
8.750506904905002
mu is
0.0
number of trials is
1600
number of Z or Y failures is
0
number of X failures is
0
average trial time
9.96442288832
mu is
0.0
number of trials is
1800
number of Z or Y failures is
0
number of X failures is
0
average trial time
11.175118316629984
mu is
0.0
number of trials is
2000
number of Z or Y failures is
0
number of X failures is
0
average trial time
12.397837176934981
mu is
0.0
number of trials is
2200
number of Z or Y failures is
0
number of X failures is
0
average trial time
13.63562903723499
mu is
0.0004166666666666667
number of trials is
2400
number of Z or Y failures is
1
number of X failures is
0
average trial time
14.859908848499995
mu is
0.0003846153846153846
number of trials is
2600
number of Z or Y failures is
1
number of X failures is
0
average trial time
16.082314875884983
mu is
0.00035714285714285714
number of trials is
2800
number of Z or Y failures is
1
number of X failures is
0
average trial time
17.309495564289975
mu is
0.0003333333333333333
number of trials is
3000
number of Z or Y failures is
1
number of X failures is
0
average trial time
18.533814511334967
mu is
0.0003125
number of trials is
3200
number of Z or Y failures is
1
number of X failures is
0
average trial time
19.77825950142997
mu is
0.0002941176470588235
number of trials is
3400
number of Z or Y failures is
1
number of X failures is
0
average trial time
21.02073935192996
mu is
0.0002777777777777778
number of trials is
3600
number of Z or Y failures is
1
number of X failures is
0
average trial time
22.286872980394968
mu is
0.0002631578947368421
number of trials is
3800
number of Z or Y failures is
1
number of X failures is
0
average trial time
23.541443813719983
mu is
0.00025
number of trials is
4000
number of Z or Y failures is
1
number of X failures is
0
average trial time
24.825767599069987
mu is
0.0002380952380952381
number of trials is
4200
number of Z or Y failures is
1
number of X failures is
0
average trial time
26.077592483844963
mu is
0.00022727272727272727
number of trials is
4400
number of Z or Y failures is
1
number of X failures is
0
average trial time
27.388477541434927
mu is
0.0002173913043478261
number of trials is
4600
number of Z or Y failures is
1
number of X failures is
0
average trial time
28.67879157255493
mu is
0.00020833333333333335
number of trials is
4800
number of Z or Y failures is
1
number of X failures is
0
average trial time
29.96887327933994
mu is
0.0002
number of trials is
5000
number of Z or Y failures is
1
number of X failures is
0
average trial time
31.295356874984964
mu is
0.0001923076923076923
number of trials is
5200
number of Z or Y failures is
1
number of X failures is
0
average trial time
32.64747141576996
mu is
0.00018518518518518518
number of trials is
5400
number of Z or Y failures is
1
number of X failures is
0
average trial time
33.978012603489944
mu is
0.00017857142857142857
number of trials is
5600
number of Z or Y failures is
1
number of X failures is
0
average trial time
35.31410617784492
mu is
0.00017241379310344826
number of trials is
5800
number of Z or Y failures is
1
number of X failures is
0
average trial time
36.660299988249896
mu is
0.00016666666666666666
number of trials is
6000
number of Z or Y failures is
1
number of X failures is
0
average trial time
38.00706182431989
mu is
0.00016129032258064516
number of trials is
6200
number of Z or Y failures is
1
number of X failures is
0
average trial time
39.360005894864884
mu is
0.00015625
number of trials is
6400
number of Z or Y failures is
1
number of X failures is
0
average trial time
40.729523559749886
mu is
0.00015151515151515152
number of trials is
6600
number of Z or Y failures is
1
number of X failures is
0
average trial time
42.10767546399991
mu is
0.00014705882352941175
number of trials is
6800
number of Z or Y failures is
1
number of X failures is
0
average trial time
43.49552570448999
mu is
0.00014285714285714287
number of trials is
7000
number of Z or Y failures is
1
number of X failures is
0
average trial time
44.906480635439955
mu is
0.0001388888888888889
number of trials is
7200
number of Z or Y failures is
1
number of X failures is
0
average trial time
46.30908923777498
mu is
0.00013513513513513514
number of trials is
7400
number of Z or Y failures is
1
number of X failures is
0
average trial time
47.71921374644003
mu is
0.00013157894736842105
number of trials is
7600
number of Z or Y failures is
1
number of X failures is
0
average trial time
49.126754284675016
mu is
0.0001282051282051282
number of trials is
7800
number of Z or Y failures is
1
number of X failures is
0
average trial time
50.53844325517996
mu is
0.000125
number of trials is
8000
number of Z or Y failures is
1
number of X failures is
0
average trial time
51.964729350795025
mu is
0.00012195121951219512
number of trials is
8200
number of Z or Y failures is
1
number of X failures is
0
average trial time
53.41070207537995
mu is
0.00011904761904761905
number of trials is
8400
number of Z or Y failures is
1
number of X failures is
0
average trial time
54.85021818481998
mu is
0.00011627906976744187
number of trials is
8600
number of Z or Y failures is
1
number of X failures is
0
average trial time
56.29758879495501
mu is
0.00011363636363636364
number of trials is
8800
number of Z or Y failures is
1
number of X failures is
0
average trial time
57.75540294870506
mu is
0.00011111111111111112
number of trials is
9000
number of Z or Y failures is
1
number of X failures is
0
average trial time
59.186974613215035
mu is
0.00010869565217391305
number of trials is
9200
number of Z or Y failures is
1
number of X failures is
0
average trial time
60.63335040086504
mu is
0.00010638297872340425
number of trials is
9400
number of Z or Y failures is
1
number of X failures is
0
average trial time
62.05338905968999
mu is
0.00010416666666666667
number of trials is
9600
number of Z or Y failures is
1
number of X failures is
0
average trial time
63.49914496736503
mu is
0.00010204081632653062
number of trials is
9800
number of Z or Y failures is
1
number of X failures is
0
average trial time
64.95974565273502
mu is
0.0001
number of trials is
10000
number of Z or Y failures is
1
number of X failures is
0
average trial time
66.40704122410999
mu is
9.80392156862745e-5
number of trials is
10200
number of Z or Y failures is
1
number of X failures is
0
average trial time
67.84800631904496
mu is
9.615384615384615e-5
number of trials is
10400
number of Z or Y failures is
1
number of X failures is
0
average trial time
69.28403160701995
mu is
9.433962264150943e-5
number of trials is
10600
number of Z or Y failures is
1
number of X failures is
0
average trial time
70.74447138280495
mu is
9.259259259259259e-5
number of trials is
10800
number of Z or Y failures is
1
number of X failures is
0
average trial time
72.1875543000149
mu is
9.09090909090909e-5
number of trials is
11000
number of Z or Y failures is
1
number of X failures is
0
average trial time
73.6314236341149
mu is
8.928571428571429e-5
number of trials is
11200
number of Z or Y failures is
1
number of X failures is
0
average trial time
75.08587557143987
mu is
8.771929824561403e-5
number of trials is
11400
number of Z or Y failures is
1
number of X failures is
0
average trial time
76.5379053283899
mu is
8.620689655172413e-5
number of trials is
11600
number of Z or Y failures is
1
number of X failures is
0
average trial time
77.9732299183849
mu is
8.474576271186441e-5
number of trials is
11800
number of Z or Y failures is
1
number of X failures is
0
average trial time
79.44583754051988
mu is
8.333333333333333e-5
number of trials is
12000
number of Z or Y failures is
1
number of X failures is
0
average trial time
80.91710129072493
mu is
8.19672131147541e-5
number of trials is
12200
number of Z or Y failures is
1
number of X failures is
0
average trial time
82.3975875614449
mu is
8.064516129032258e-5
number of trials is
12400
number of Z or Y failures is
1
number of X failures is
0
average trial time
83.86395382568969
mu is
7.936507936507937e-5
number of trials is
12600
number of Z or Y failures is
1
number of X failures is
0
average trial time
85.3422751203997
mu is
7.8125e-5
number of trials is
12800
number of Z or Y failures is
1
number of X failures is
0
average trial time
86.82221708768483
mu is
0.00015384615384615385
number of trials is
13000
number of Z or Y failures is
2
number of X failures is
0
average trial time
88.27528482221474
mu is
0.00015151515151515152
number of trials is
13200
number of Z or Y failures is
2
number of X failures is
0
average trial time
89.73348636302481
mu is
0.00014925373134328358
number of trials is
13400
number of Z or Y failures is
2
number of X failures is
0
average trial time
91.16278856336481
mu is
0.00014705882352941175
number of trials is
13600
number of Z or Y failures is
2
number of X failures is
0
average trial time
92.60510371316497
mu is
0.00014492753623188405
number of trials is
13800
number of Z or Y failures is
2
number of X failures is
0
average trial time
94.05930737390504
mu is
0.00014285714285714287
number of trials is
14000
number of Z or Y failures is
2
number of X failures is
0
average trial time
95.4849192620749
mu is
0.00014084507042253522
number of trials is
14200
number of Z or Y failures is
2
number of X failures is
0
average trial time
96.96174075393473
mu is
0.0001388888888888889
number of trials is
14400
number of Z or Y failures is
2
number of X failures is
0
average trial time
98.41898436781463
mu is
0.000136986301369863
number of trials is
14600
number of Z or Y failures is
2
number of X failures is
0
average trial time
99.84568728687975
mu is
0.00013513513513513514
number of trials is
14800
number of Z or Y failures is
2
number of X failures is
0
average trial time
101.28936701425476
mu is
0.0002
number of trials is
15000
number of Z or Y failures is
3
number of X failures is
0
average trial time
102.7177962747897
mu is
0.00019736842105263157
number of trials is
15200
number of Z or Y failures is
3
number of X failures is
0
average trial time
104.18859090030465
mu is
0.0001948051948051948
number of trials is
15400
number of Z or Y failures is
3
number of X failures is
0
average trial time
105.63621454257942
mu is
0.0001923076923076923
number of trials is
15600
number of Z or Y failures is
3
number of X failures is
0
average trial time
107.08389566577925
mu is
0.00018987341772151899
number of trials is
15800
number of Z or Y failures is
3
number of X failures is
0
average trial time
108.5190439714792
mu is
0.0001875
number of trials is
16000
number of Z or Y failures is
3
number of X failures is
0
average trial time
109.95334021794928
mu is
0.00018518518518518518
number of trials is
16200
number of Z or Y failures is
3
number of X failures is
0
average trial time
111.40905003583428
mu is
0.00018292682926829268
number of trials is
16400
number of Z or Y failures is
3
number of X failures is
0
average trial time
112.87198523872914
mu is
0.00018072289156626507
number of trials is
16600
number of Z or Y failures is
3
number of X failures is
0
average trial time
114.31420225723419
mu is
0.00017857142857142857
number of trials is
16800
number of Z or Y failures is
3
number of X failures is
0
average trial time
115.7494593829942
mu is
0.00017647058823529413
number of trials is
17000
number of Z or Y failures is
3
number of X failures is
0
average trial time
117.18328674735427
mu is
0.0001744186046511628
number of trials is
17200
number of Z or Y failures is
3
number of X failures is
0
average trial time
118.62702284007939
mu is
0.00017241379310344826
number of trials is
17400
number of Z or Y failures is
3
number of X failures is
0
average trial time
120.0580599874144
mu is
0.00017045454545454547
number of trials is
17600
number of Z or Y failures is
3
number of X failures is
0
average trial time
121.49022672908458
mu is
0.00016853932584269662
number of trials is
17800
number of Z or Y failures is
3
number of X failures is
0
average trial time
122.92595232560956
mu is
0.00016666666666666666
number of trials is
18000
number of Z or Y failures is
3
number of X failures is
0
average trial time
124.36318937863953
mu is
0.00016483516483516484
number of trials is
18200
number of Z or Y failures is
3
number of X failures is
0
average trial time
125.77665907391953
mu is
0.00016304347826086958
number of trials is
18400
number of Z or Y failures is
3
number of X failures is
0
average trial time
127.22091621575458
mu is
0.00016129032258064516
number of trials is
18600
number of Z or Y failures is
3
number of X failures is
0
average trial time
128.6426157927846
mu is
0.00015957446808510637
number of trials is
18800
number of Z or Y failures is
3
number of X failures is
0
average trial time
130.07783373610454
mu is
0.00015789473684210527
number of trials is
19000
number of Z or Y failures is
3
number of X failures is
0
average trial time
131.48818013444452
mu is
0.00015625
number of trials is
19200
number of Z or Y failures is
3
number of X failures is
0
average trial time
132.94668893843945
mu is
0.00015463917525773195
number of trials is
19400
number of Z or Y failures is
3
number of X failures is
0
average trial time
134.37836347859454
mu is
0.0001530612244897959
number of trials is
19600
number of Z or Y failures is
3
number of X failures is
0
average trial time
135.82732258284958
mu is
0.00015151515151515152
number of trials is
19800
number of Z or Y failures is
3
number of X failures is
0
average trial time
137.24980104409954
mu is
0.00015
number of trials is
20000
number of Z or Y failures is
3
number of X failures is
0
average trial time
138.67573852374454
mu is
0.0001485148514851485
number of trials is
20200
number of Z or Y failures is
3
number of X failures is
0
average trial time
140.11023947200448
mu is
0.00014705882352941175
number of trials is
20400
number of Z or Y failures is
3
number of X failures is
0
average trial time
141.5185484533695
mu is
0.00014563106796116506
number of trials is
20600
number of Z or Y failures is
3
number of X failures is
0
average trial time
142.94201111231462
mu is
0.00014423076923076924
number of trials is
20800
number of Z or Y failures is
3
number of X failures is
0
average trial time
144.35068132731462
mu is
0.00014285714285714287
number of trials is
21000
number of Z or Y failures is
3
number of X failures is
0
average trial time
145.78169667931456
mu is
0.00014150943396226416
number of trials is
21200
number of Z or Y failures is
3
number of X failures is
0
average trial time
147.20825067204456
mu is
0.00014018691588785047
number of trials is
21400
number of Z or Y failures is
3
number of X failures is
0
average trial time
148.61232693831954
mu is
0.00018518518518518518
number of trials is
21600
number of Z or Y failures is
4
number of X failures is
0
average trial time
150.03293928911947
mu is
0.0001834862385321101
number of trials is
21800
number of Z or Y failures is
4
number of X failures is
0
average trial time
151.4622830469095
mu is
0.0001818181818181818
number of trials is
22000
number of Z or Y failures is
4
number of X failures is
0
average trial time
152.85225950731953
mu is
0.00018018018018018018
number of trials is
22200
number of Z or Y failures is
4
number of X failures is
0
average trial time
154.2741478052745
mu is
0.00017857142857142857
number of trials is
22400
number of Z or Y failures is
4
number of X failures is
0
average trial time
155.67343246516947
mu is
0.00017699115044247788
number of trials is
22600
number of Z or Y failures is
4
number of X failures is
0
average trial time
157.06293555132947
mu is
0.00017543859649122806
number of trials is
22800
number of Z or Y failures is
4
number of X failures is
0
average trial time
158.4771194838594
mu is
0.00017391304347826088
number of trials is
23000
number of Z or Y failures is
4
number of X failures is
0
average trial time
159.9042634545544
mu is
0.00017241379310344826
number of trials is
23200
number of Z or Y failures is
4
number of X failures is
0
average trial time
161.28774809446438
mu is
0.00017094017094017094
number of trials is
23400
number of Z or Y failures is
4
number of X failures is
0
average trial time
162.6698770461395
mu is
0.00016949152542372882
number of trials is
23600
number of Z or Y failures is
4
number of X failures is
0
average trial time
164.10723767152464
mu is
0.0001680672268907563
number of trials is
23800
number of Z or Y failures is
4
number of X failures is
0
average trial time
165.50857807675945
mu is
0.00016666666666666666
number of trials is
24000
number of Z or Y failures is
4
number of X failures is
0
average trial time
166.8994577261945
mu is
0.00016528925619834712
number of trials is
24200
number of Z or Y failures is
4
number of X failures is
0
average trial time
168.29057134417945
mu is
0.0001639344262295082
number of trials is
24400
number of Z or Y failures is
4
number of X failures is
0
average trial time
169.70552814278423
mu is
0.00016260162601626016
number of trials is
24600
number of Z or Y failures is
4
number of X failures is
0
average trial time
171.10393360296425
mu is
0.00016129032258064516
number of trials is
24800
number of Z or Y failures is
4
number of X failures is
0
average trial time
172.46613066655902
mu is
0.00016
number of trials is
25000
number of Z or Y failures is
4
number of X failures is
0
average trial time
173.8703171770339
mu is
0.00015873015873015873
number of trials is
25200
number of Z or Y failures is
4
number of X failures is
0
average trial time
175.28119705801888
mu is
0.00015748031496062991
number of trials is
25400
number of Z or Y failures is
4
number of X failures is
0
average trial time
176.68203177182372
mu is
0.00015625
number of trials is
25600
number of Z or Y failures is
4
number of X failures is
0
average trial time
178.0620360007485
mu is
0.0001550387596899225
number of trials is
25800
number of Z or Y failures is
4
number of X failures is
0
average trial time
179.43863149805853
mu is
0.00015384615384615385
number of trials is
26000
number of Z or Y failures is
4
number of X failures is
0
average trial time
180.84160982007893
mu is
0.00015267175572519084
number of trials is
26200
number of Z or Y failures is
4
number of X failures is
0
average trial time
182.26655627477894
mu is
0.00015151515151515152
number of trials is
26400
number of Z or Y failures is
4
number of X failures is
0
average trial time
183.66200638306884
mu is
0.00015037593984962405
number of trials is
26600
number of Z or Y failures is
4
number of X failures is
0
average trial time
185.03356752335878
mu is
0.00014925373134328358
number of trials is
26800
number of Z or Y failures is
4
number of X failures is
0
average trial time
186.40424829086885
mu is
0.00014814814814814815
number of trials is
27000
number of Z or Y failures is
4
number of X failures is
0
average trial time
187.76690524900886
mu is
0.00014705882352941175
number of trials is
27200
number of Z or Y failures is
4
number of X failures is
0
average trial time
189.15797334592867
mu is
0.00014598540145985403
number of trials is
27400
number of Z or Y failures is
4
number of X failures is
0
average trial time
190.56070533577378
mu is
0.00014492753623188405
number of trials is
27600
number of Z or Y failures is
4
number of X failures is
0
average trial time
191.96953823219894
mu is
0.00014388489208633093
number of trials is
27800
number of Z or Y failures is
4
number of X failures is
0
average trial time
193.3360849401339
mu is
0.00014285714285714287
number of trials is
28000
number of Z or Y failures is
4
number of X failures is
0
average trial time
194.7203910998138
mu is
0.00014184397163120567
number of trials is
28200
number of Z or Y failures is
4
number of X failures is
0
average trial time
196.08304456698895
mu is
0.00014084507042253522
number of trials is
28400
number of Z or Y failures is
4
number of X failures is
0
average trial time
197.4567069175489
mu is
0.00013986013986013986
number of trials is
28600
number of Z or Y failures is
4
number of X failures is
0
average trial time
198.83227453641877
mu is
0.0001388888888888889
number of trials is
28800
number of Z or Y failures is
4
number of X failures is
0
average trial time
200.2334585944836
mu is
0.00013793103448275863
number of trials is
29000
number of Z or Y failures is
4
number of X failures is
0
average trial time
201.6451372316386
mu is
0.000136986301369863
number of trials is
29200
number of Z or Y failures is
4
number of X failures is
0
average trial time
203.0273322000438
mu is
0.00013605442176870748
number of trials is
29400
number of Z or Y failures is
4
number of X failures is
0
average trial time
204.4197728441037
mu is
0.00013513513513513514
number of trials is
29600
number of Z or Y failures is
4
number of X failures is
0
average trial time
205.80019939618396
mu is
0.00013422818791946307
number of trials is
29800
number of Z or Y failures is
4
number of X failures is
0
average trial time
207.17355424335878
mu is
0.00013333333333333334
number of trials is
30000
number of Z or Y failures is
4
number of X failures is
0
average trial time
208.54666241299364
mu is
0.00016556291390728477
number of trials is
30200
number of Z or Y failures is
5
number of X failures is
0
average trial time
209.92151236366368
stderr is
7.403708224238651e-5
target is
1.6556291390728477e-5
mu is
0.0001644736842105263
number of trials is
30400
number of Z or Y failures is
5
number of X failures is
0
average trial time
211.2722763936686
stderr is
7.355002822649209e-5
target is
1.644736842105263e-5
mu is
0.0001633986928104575
number of trials is
30600
number of Z or Y failures is
5
number of X failures is
0
average trial time
212.63269849443358
stderr is
7.306934051349717e-5
target is
1.633986928104575e-5
mu is
0.00016233766233766234
number of trials is
30800
number of Z or Y failures is
5
number of X failures is
0
average trial time
214.01254793130863
stderr is
7.259489509257096e-5
target is
1.6233766233766234e-5
mu is
0.00016129032258064516
number of trials is
31000
number of Z or Y failures is
5
number of X failures is
0
average trial time
215.40185173845356
stderr is
7.212657115295557e-5
target is
1.6129032258064517e-5
mu is
0.00016025641025641026
number of trials is
31200
number of Z or Y failures is
5
number of X failures is
0
average trial time
216.7584633835086
stderr is
7.166425098140624e-5
target is
1.6025641025641026e-5
mu is
0.0001910828025477707
number of trials is
31400
number of Z or Y failures is
6
number of X failures is
0
average trial time
218.13610579701367
stderr is
7.800301610632459e-5
target is
1.910828025477707e-5
mu is
0.00018987341772151899
number of trials is
31600
number of Z or Y failures is
6
number of X failures is
0
average trial time
219.54202108026885
stderr is
7.750936519741043e-5
target is
1.89873417721519e-5
mu is
0.00018867924528301886
number of trials is
31800
number of Z or Y failures is
6
number of X failures is
0
average trial time
220.93535294367888
stderr is
7.702192324554567e-5
target is
1.8867924528301888e-5
mu is
0.0001875
number of trials is
32000
number of Z or Y failures is
6
number of X failures is
0
average trial time
222.32960801279373
stderr is
7.654057384188549e-5
target is
1.8750000000000002e-5
mu is
0.00018633540372670808
number of trials is
32200
number of Z or Y failures is
6
number of X failures is
0
average trial time
223.69849890228363
stderr is
7.606520346950566e-5
target is
1.863354037267081e-5
mu is
0.00018518518518518518
number of trials is
32400
number of Z or Y failures is
6
number of X failures is
0
average trial time
225.06472632306873
stderr is
7.559570141415249e-5
target is
1.8518518518518518e-5
mu is
0.00018404907975460124
number of trials is
32600
number of Z or Y failures is
6
number of X failures is
0
average trial time
226.4406364905835
stderr is
7.513195967827806e-5
target is
1.8404907975460126e-5
mu is
0.00018292682926829268
number of trials is
32800
number of Z or Y failures is
6
number of X failures is
0
average trial time
227.80308947341368
stderr is
7.467387289822e-5
target is
1.8292682926829268e-5
mu is
0.0001818181818181818
number of trials is
33000
number of Z or Y failures is
6
number of X failures is
0
average trial time
229.17892258354402
stderr is
7.422133826439302e-5
target is
1.8181818181818182e-5
mu is
0.00018072289156626507
number of trials is
33200
number of Z or Y failures is
6
number of X failures is
0
average trial time
230.554271796194
stderr is
7.377425544436449e-5
target is
1.807228915662651e-5
mu is
0.00017964071856287425
number of trials is
33400
number of Z or Y failures is
6
number of X failures is
0
average trial time
231.92123797036908
stderr is
7.333252650869382e-5
target is
1.7964071856287426e-5
mu is
0.00017857142857142857
number of trials is
33600
number of Z or Y failures is
6
number of X failures is
0
average trial time
233.3064633431739
stderr is
7.289605585942024e-5
target is
1.785714285714286e-5
mu is
0.00017751479289940828
number of trials is
33800
number of Z or Y failures is
6
number of X failures is
0
average trial time
234.68267393548385
stderr is
7.246475016108905e-5
target is
1.7751479289940828e-5
mu is
0.00017647058823529413
number of trials is
34000
number of Z or Y failures is
6
number of X failures is
0
average trial time
236.03805072168373
stderr is
7.203851827421238e-5
target is
1.7647058823529414e-5
mu is
0.00017543859649122806
number of trials is
34200
number of Z or Y failures is
6
number of X failures is
0
average trial time
237.3960781321238
stderr is
7.161727119106429e-5
target is
1.7543859649122806e-5
mu is
0.0001744186046511628
number of trials is
34400
number of Z or Y failures is
6
number of X failures is
0
average trial time
238.75717231576394
stderr is
7.120092197371535e-5
target is
1.744186046511628e-5
mu is
0.00017341040462427745
number of trials is
34600
number of Z or Y failures is
6
number of X failures is
0
average trial time
240.11856471178388
stderr is
7.078938569421635e-5
target is
1.7341040462427746e-5
mu is
0.00017241379310344826
number of trials is
34800
number of Z or Y failures is
6
number of X failures is
0
average trial time
241.47368243902406
stderr is
7.038257937684444e-5
target is
1.7241379310344828e-5
mu is
0.00017142857142857143
number of trials is
35000
number of Z or Y failures is
6
number of X failures is
0
average trial time
242.83481994941897
stderr is
6.99804219423291e-5
target is
1.7142857142857142e-5
mu is
0.00017045454545454547
number of trials is
35200
number of Z or Y failures is
6
number of X failures is
0
average trial time
244.20213287312387
stderr is
6.958283415397963e-5
target is
1.7045454545454546e-5
mu is
0.00016949152542372882
number of trials is
35400
number of Z or Y failures is
6
number of X failures is
0
average trial time
245.5528191939842
stderr is
6.918973856563837e-5
target is
1.6949152542372885e-5
mu is
0.00016853932584269662
number of trials is
35600
number of Z or Y failures is
6
number of X failures is
0
average trial time
246.90925438807946
stderr is
6.880105947138857e-5
target is
1.685393258426966e-5
mu is
0.0001675977653631285
number of trials is
35800
number of Z or Y failures is
6
number of X failures is
0
average trial time
248.27467421223446
stderr is
6.841672285694752e-5
target is
1.675977653631285e-5
mu is
0.00016666666666666666
number of trials is
36000
number of Z or Y failures is
6
number of X failures is
0
average trial time
249.62978727154942
stderr is
6.803665635268008e-5
target is
1.6666666666666667e-5
mu is
0.00016574585635359117
number of trials is
36200
number of Z or Y failures is
6
number of X failures is
0
average trial time
250.98096850255934
stderr is
6.766078918816955e-5
target is
1.6574585635359117e-5
mu is
0.00016483516483516484
number of trials is
36400
number of Z or Y failures is
6
number of X failures is
0
average trial time
252.3403497483944
stderr is
6.728905214828614e-5
target is
1.6483516483516486e-5
mu is
0.0001639344262295082
number of trials is
36600
number of Z or Y failures is
6
number of X failures is
0
average trial time
253.69984471961948
stderr is
6.692137753069561e-5
target is
1.639344262295082e-5
mu is
0.00016304347826086958
number of trials is
36800
number of Z or Y failures is
6
number of X failures is
0
average trial time
255.0681761010396
stderr is
6.655769910475361e-5
target is
1.630434782608696e-5
mu is
0.00016216216216216215
number of trials is
37000
number of Z or Y failures is
6
number of X failures is
0
average trial time
256.4564779259547
stderr is
6.619795207173291e-5
target is
1.6216216216216215e-5
mu is
0.00016129032258064516
number of trials is
37200
number of Z or Y failures is
6
number of X failures is
0
average trial time
257.83964802084466
stderr is
6.584207302633353e-5
target is
1.6129032258064517e-5
mu is
0.00016042780748663101
number of trials is
37400
number of Z or Y failures is
6
number of X failures is
0
average trial time
259.22695061983467
stderr is
6.548999991942793e-5
target is
1.60427807486631e-5
mu is
0.00015957446808510637
number of trials is
37600
number of Z or Y failures is
6
number of X failures is
0
average trial time
260.6011072868345
stderr is
6.514167202199494e-5
target is
1.5957446808510637e-5
mu is
0.00015873015873015873
number of trials is
37800
number of Z or Y failures is
6
number of X failures is
0
average trial time
261.9817669055797
stderr is
6.47970298901986e-5
target is
1.5873015873015872e-5
mu is
0.00015789473684210527
number of trials is
38000
number of Z or Y failures is
6
number of X failures is
0
average trial time
263.3691752993149
stderr is
6.445601533156978e-5
target is
1.5789473684210526e-5
mu is
0.00015706806282722512
number of trials is
38200
number of Z or Y failures is
6
number of X failures is
0
average trial time
264.7480567982798
stderr is
6.411857137225e-5
target is
1.570680628272251e-5
mu is
0.00015625
number of trials is
38400
number of Z or Y failures is
6
number of X failures is
0
average trial time
266.1326908548299
stderr is
6.378464222525878e-5
target is
1.5625e-5
mu is
0.000155440414507772
number of trials is
38600
number of Z or Y failures is
6
number of X failures is
0
average trial time
267.5015490789598
stderr is
6.345417325974767e-5
target is
1.55440414507772e-5
mu is
0.00015463917525773195
number of trials is
38800
number of Z or Y failures is
6
number of X failures is
0
average trial time
268.8697023271897
stderr is
6.312711097120478e-5
target is
1.5463917525773194e-5
mu is
0.00015384615384615385
number of trials is
39000
number of Z or Y failures is
6
number of X failures is
0
average trial time
270.2380142991499
stderr is
6.280340295257628e-5
target is
1.5384615384615387e-5
mu is
0.0001530612244897959
number of trials is
39200
number of Z or Y failures is
6
number of X failures is
0
average trial time
271.59668864902983
stderr is
6.248299786627182e-5
target is
1.530612244897959e-5
mu is
0.00015228426395939087
number of trials is
39400
number of Z or Y failures is
6
number of X failures is
0
average trial time
272.97556853114963
stderr is
6.21658454170225e-5
target is
1.5228426395939088e-5
mu is
0.00015151515151515152
number of trials is
39600
number of Z or Y failures is
6
number of X failures is
0
average trial time
274.35992302881453
stderr is
6.185189632556126e-5
target is
1.5151515151515153e-5
mu is
0.00015075376884422112
number of trials is
39800
number of Z or Y failures is
6
number of X failures is
0
average trial time
275.72418235817963
stderr is
6.15411023030968e-5
target is
1.5075376884422112e-5
mu is
0.00015
number of trials is
40000
number of Z or Y failures is
6
number of X failures is
0
average trial time
277.1014928155545
stderr is
6.123341602655332e-5
target is
1.4999999999999999e-5
mu is
0.00014925373134328358
number of trials is
40200
number of Z or Y failures is
6
number of X failures is
0
average trial time
278.47337697686953
stderr is
6.0928791114549104e-5
target is
1.4925373134328359e-5
mu is
0.0001485148514851485
number of trials is
40400
number of Z or Y failures is
6
slurmstepd: error: *** JOB 566 ON cpu48-dy-c5a12xlarge-9 CANCELLED AT 2021-06-21T17:10:18 ***
