mu is
0.0
number of trials is
200
number of Z or Y failures is
0
number of X failures is
0
average trial time
1.4004790872050004
mu is
0.0
number of trials is
400
number of Z or Y failures is
0
number of X failures is
0
average trial time
2.627575429825002
mu is
0.0
number of trials is
600
number of Z or Y failures is
0
number of X failures is
0
average trial time
3.8523512543650003
mu is
0.0
number of trials is
800
number of Z or Y failures is
0
number of X failures is
0
average trial time
5.079500873990001
mu is
0.0
number of trials is
1000
number of Z or Y failures is
0
number of X failures is
0
average trial time
6.304850653425003
mu is
0.0
number of trials is
1200
number of Z or Y failures is
0
number of X failures is
0
average trial time
7.523357585035
mu is
0.0
number of trials is
1400
number of Z or Y failures is
0
number of X failures is
0
average trial time
8.75156161786
mu is
0.000625
number of trials is
1600
number of Z or Y failures is
1
number of X failures is
0
average trial time
9.95821719136
mu is
0.0005555555555555556
number of trials is
1800
number of Z or Y failures is
1
number of X failures is
0
average trial time
11.184996887485013
mu is
0.0005
number of trials is
2000
number of Z or Y failures is
1
number of X failures is
0
average trial time
12.402931220195008
mu is
0.00045454545454545455
number of trials is
2200
number of Z or Y failures is
1
number of X failures is
0
average trial time
13.607675566595
mu is
0.0004166666666666667
number of trials is
2400
number of Z or Y failures is
1
number of X failures is
0
average trial time
14.817746143994995
mu is
0.0003846153846153846
number of trials is
2600
number of Z or Y failures is
1
number of X failures is
0
average trial time
16.038068746319993
mu is
0.00035714285714285714
number of trials is
2800
number of Z or Y failures is
1
number of X failures is
0
average trial time
17.293339191099992
mu is
0.0003333333333333333
number of trials is
3000
number of Z or Y failures is
1
number of X failures is
0
average trial time
18.51772810189999
mu is
0.0003125
number of trials is
3200
number of Z or Y failures is
1
number of X failures is
0
average trial time
19.757149474044976
mu is
0.0002941176470588235
number of trials is
3400
number of Z or Y failures is
1
number of X failures is
0
average trial time
21.00191084180499
mu is
0.0002777777777777778
number of trials is
3600
number of Z or Y failures is
1
number of X failures is
0
average trial time
22.235459668049998
mu is
0.0002631578947368421
number of trials is
3800
number of Z or Y failures is
1
number of X failures is
0
average trial time
23.499893695525007
mu is
0.0005
number of trials is
4000
number of Z or Y failures is
2
number of X failures is
0
average trial time
24.74859030017999
mu is
0.0004761904761904762
number of trials is
4200
number of Z or Y failures is
2
number of X failures is
0
average trial time
26.020293106609984
mu is
0.00045454545454545455
number of trials is
4400
number of Z or Y failures is
2
number of X failures is
0
average trial time
27.326773020749993
mu is
0.0004347826086956522
number of trials is
4600
number of Z or Y failures is
2
number of X failures is
0
average trial time
28.59543832642
mu is
0.0004166666666666667
number of trials is
4800
number of Z or Y failures is
2
number of X failures is
0
average trial time
29.905063530710017
mu is
0.0004
number of trials is
5000
number of Z or Y failures is
2
number of X failures is
0
average trial time
31.228134042515034
mu is
0.0003846153846153846
number of trials is
5200
number of Z or Y failures is
2
number of X failures is
0
average trial time
32.51556269989001
mu is
0.00037037037037037035
number of trials is
5400
number of Z or Y failures is
2
number of X failures is
0
average trial time
33.82344823731502
mu is
0.00035714285714285714
number of trials is
5600
number of Z or Y failures is
2
number of X failures is
0
average trial time
35.15837443262499
mu is
0.0003448275862068965
number of trials is
5800
number of Z or Y failures is
2
number of X failures is
0
average trial time
36.503685295245006
mu is
0.0003333333333333333
number of trials is
6000
number of Z or Y failures is
2
number of X failures is
0
average trial time
37.86066080981999
mu is
0.0003225806451612903
number of trials is
6200
number of Z or Y failures is
2
number of X failures is
0
average trial time
39.23259143283501
mu is
0.0003125
number of trials is
6400
number of Z or Y failures is
2
number of X failures is
0
average trial time
40.59834288766
mu is
0.00030303030303030303
number of trials is
6600
number of Z or Y failures is
2
number of X failures is
0
average trial time
41.96214418425001
mu is
0.0002941176470588235
number of trials is
6800
number of Z or Y failures is
2
number of X failures is
0
average trial time
43.34218714316003
mu is
0.00028571428571428574
number of trials is
7000
number of Z or Y failures is
2
number of X failures is
0
average trial time
44.71831961657001
mu is
0.0002777777777777778
number of trials is
7200
number of Z or Y failures is
2
number of X failures is
0
average trial time
46.12888524333003
mu is
0.0002702702702702703
number of trials is
7400
number of Z or Y failures is
2
number of X failures is
0
average trial time
47.53208136777508
mu is
0.0002631578947368421
number of trials is
7600
number of Z or Y failures is
2
number of X failures is
0
average trial time
48.95667898496009
mu is
0.0002564102564102564
number of trials is
7800
number of Z or Y failures is
2
number of X failures is
0
average trial time
50.34997335693511
mu is
0.00025
number of trials is
8000
number of Z or Y failures is
2
number of X failures is
0
average trial time
51.77301650247009
mu is
0.00024390243902439024
number of trials is
8200
number of Z or Y failures is
2
number of X failures is
0
average trial time
53.191726503305055
mu is
0.0002380952380952381
number of trials is
8400
number of Z or Y failures is
2
number of X failures is
0
average trial time
54.60767333305003
mu is
0.00023255813953488373
number of trials is
8600
number of Z or Y failures is
2
number of X failures is
0
average trial time
56.03184177956001
mu is
0.00022727272727272727
number of trials is
8800
number of Z or Y failures is
2
number of X failures is
0
average trial time
57.47431641325498
mu is
0.00022222222222222223
number of trials is
9000
number of Z or Y failures is
2
number of X failures is
0
average trial time
58.89430503020998
mu is
0.0002173913043478261
number of trials is
9200
number of Z or Y failures is
2
number of X failures is
0
average trial time
60.31181861211489
mu is
0.0002127659574468085
number of trials is
9400
number of Z or Y failures is
2
number of X failures is
0
average trial time
61.74207864046989
mu is
0.00020833333333333335
number of trials is
9600
number of Z or Y failures is
2
number of X failures is
0
average trial time
63.19822769101487
mu is
0.00020408163265306123
number of trials is
9800
number of Z or Y failures is
2
number of X failures is
0
average trial time
64.6443643367549
mu is
0.0002
number of trials is
10000
number of Z or Y failures is
2
number of X failures is
0
average trial time
66.09200411946492
mu is
0.000196078431372549
number of trials is
10200
number of Z or Y failures is
2
number of X failures is
0
average trial time
67.53566719156491
mu is
0.0001923076923076923
number of trials is
10400
number of Z or Y failures is
2
number of X failures is
0
average trial time
68.98690854650499
mu is
0.00018867924528301886
number of trials is
10600
number of Z or Y failures is
2
number of X failures is
0
average trial time
70.41949433791001
mu is
0.00018518518518518518
number of trials is
10800
number of Z or Y failures is
2
number of X failures is
0
average trial time
71.85626950112001
mu is
0.00027272727272727274
number of trials is
11000
number of Z or Y failures is
3
number of X failures is
0
average trial time
73.31991332187998
mu is
0.00026785714285714287
number of trials is
11200
number of Z or Y failures is
3
number of X failures is
0
average trial time
74.78295829498498
mu is
0.0002631578947368421
number of trials is
11400
number of Z or Y failures is
3
number of X failures is
0
average trial time
76.22412978053994
mu is
0.0002586206896551724
number of trials is
11600
number of Z or Y failures is
3
number of X failures is
0
average trial time
77.70516175262993
mu is
0.0002542372881355932
number of trials is
11800
number of Z or Y failures is
3
number of X failures is
0
average trial time
79.19165893011994
mu is
0.00025
number of trials is
12000
number of Z or Y failures is
3
number of X failures is
0
average trial time
80.66149664372992
mu is
0.0002459016393442623
number of trials is
12200
number of Z or Y failures is
3
number of X failures is
0
average trial time
82.12539757341996
mu is
0.00024193548387096774
number of trials is
12400
number of Z or Y failures is
3
number of X failures is
0
average trial time
83.61094201045994
mu is
0.00031746031746031746
number of trials is
12600
number of Z or Y failures is
4
number of X failures is
0
average trial time
85.07089360764992
mu is
0.0003125
number of trials is
12800
number of Z or Y failures is
4
number of X failures is
0
average trial time
86.51424791131994
mu is
0.0003076923076923077
number of trials is
13000
number of Z or Y failures is
4
number of X failures is
0
average trial time
87.99544681761486
mu is
0.00030303030303030303
number of trials is
13200
number of Z or Y failures is
4
number of X failures is
0
average trial time
89.45529830399481
mu is
0.00029850746268656717
number of trials is
13400
number of Z or Y failures is
4
number of X failures is
0
average trial time
90.87340621591478
mu is
0.0002941176470588235
number of trials is
13600
number of Z or Y failures is
4
number of X failures is
0
average trial time
92.33493799735476
mu is
0.0002898550724637681
number of trials is
13800
number of Z or Y failures is
4
number of X failures is
0
average trial time
93.79001772880974
mu is
0.00028571428571428574
number of trials is
14000
number of Z or Y failures is
4
number of X failures is
0
average trial time
95.2534500400997
mu is
0.00028169014084507044
number of trials is
14200
number of Z or Y failures is
4
number of X failures is
0
average trial time
96.70730445034962
mu is
0.0002777777777777778
number of trials is
14400
number of Z or Y failures is
4
number of X failures is
0
average trial time
98.15163669441448
mu is
0.000273972602739726
number of trials is
14600
number of Z or Y failures is
4
number of X failures is
0
average trial time
99.60337410202439
mu is
0.0002702702702702703
number of trials is
14800
number of Z or Y failures is
4
number of X failures is
0
average trial time
101.05079717500428
mu is
0.0002666666666666667
number of trials is
15000
number of Z or Y failures is
4
number of X failures is
0
average trial time
102.51952983497937
mu is
0.0002631578947368421
number of trials is
15200
number of Z or Y failures is
4
number of X failures is
0
average trial time
103.9914731880644
mu is
0.00025974025974025974
number of trials is
15400
number of Z or Y failures is
4
number of X failures is
0
average trial time
105.44274797811438
mu is
0.0002564102564102564
number of trials is
15600
number of Z or Y failures is
4
number of X failures is
0
average trial time
106.9026996462544
mu is
0.00025316455696202533
number of trials is
15800
number of Z or Y failures is
4
number of X failures is
0
average trial time
108.35429987454431
mu is
0.00025
number of trials is
16000
number of Z or Y failures is
4
number of X failures is
0
average trial time
109.80095750662929
mu is
0.0002469135802469136
number of trials is
16200
number of Z or Y failures is
4
number of X failures is
0
average trial time
111.25849128735427
mu is
0.00024390243902439024
number of trials is
16400
number of Z or Y failures is
4
number of X failures is
0
average trial time
112.69888325031428
mu is
0.00024096385542168674
number of trials is
16600
number of Z or Y failures is
4
number of X failures is
0
average trial time
114.13610841044925
mu is
0.0002380952380952381
number of trials is
16800
number of Z or Y failures is
4
number of X failures is
0
average trial time
115.56791773059926
mu is
0.00023529411764705883
number of trials is
17000
number of Z or Y failures is
4
number of X failures is
0
average trial time
116.99436542727426
mu is
0.00029069767441860465
number of trials is
17200
number of Z or Y failures is
5
number of X failures is
0
average trial time
118.44551775333933
stderr is
0.0001299888336835789
target is
2.9069767441860467e-5
mu is
0.00028735632183908046
number of trials is
17400
number of Z or Y failures is
5
number of X failures is
0
average trial time
119.88264660669425
stderr is
0.00012849488095662855
target is
2.8735632183908048e-5
mu is
0.0002840909090909091
number of trials is
17600
number of Z or Y failures is
5
number of X failures is
0
average trial time
121.33498866814418
stderr is
0.00012703487784017248
target is
2.840909090909091e-5
mu is
0.0002808988764044944
number of trials is
17800
number of Z or Y failures is
5
number of X failures is
0
average trial time
122.75324974472423
stderr is
0.00012560768009400164
target is
2.8089887640449443e-5
mu is
0.0002777777777777778
number of trials is
18000
number of Z or Y failures is
5
number of X failures is
0
average trial time
124.19326712097921
stderr is
0.00012421219432737096
target is
2.777777777777778e-5
mu is
0.0002747252747252747
number of trials is
18200
number of Z or Y failures is
5
number of X failures is
0
average trial time
125.63119227316423
stderr is
0.00012284737520538023
target is
2.7472527472527473e-5
mu is
0.0002717391304347826
number of trials is
18400
number of Z or Y failures is
5
number of X failures is
0
average trial time
127.07188772304912
stderr is
0.00012151222283752759
target is
2.7173913043478262e-5
mu is
0.00026881720430107527
number of trials is
18600
number of Z or Y failures is
5
number of X failures is
0
average trial time
128.51205190989415
stderr is
0.00012020578033472544
target is
2.6881720430107527e-5
mu is
0.00026595744680851064
number of trials is
18800
number of Z or Y failures is
5
number of X failures is
0
average trial time
129.93404125580417
stderr is
0.00011892713152223467
target is
2.6595744680851067e-5
mu is
0.0002631578947368421
number of trials is
19000
number of Z or Y failures is
5
number of X failures is
0
average trial time
131.37949233558425
stderr is
0.00011767539879703019
target is
2.6315789473684212e-5
mu is
0.00026041666666666666
number of trials is
19200
number of Z or Y failures is
5
number of X failures is
0
average trial time
132.8227625533943
stderr is
0.00011644974111906683
target is
2.604166666666667e-5
mu is
0.0002577319587628866
number of trials is
19400
number of Z or Y failures is
5
number of X failures is
0
average trial time
134.27235345560925
stderr is
0.00011524935212678434
target is
2.577319587628866e-5
mu is
0.00025510204081632655
number of trials is
19600
number of Z or Y failures is
5
number of X failures is
0
average trial time
135.69798014448935
stderr is
0.00011407345836797756
target is
2.5510204081632657e-5
mu is
0.0002525252525252525
number of trials is
19800
number of Z or Y failures is
5
number of X failures is
0
average trial time
137.14646251074927
stderr is
0.00011292131763787595
target is
2.5252525252525253e-5
mu is
0.00025
number of trials is
20000
number of Z or Y failures is
5
number of X failures is
0
average trial time
138.56813460615427
stderr is
0.00011179221741692823
target is
2.5e-5
mu is
0.00024752475247524753
number of trials is
20200
number of Z or Y failures is
5
number of X failures is
0
average trial time
139.9886268232293
stderr is
0.00011068547340138274
target is
2.4752475247524754e-5
mu is
0.00024509803921568627
number of trials is
20400
number of Z or Y failures is
5
number of X failures is
0
average trial time
141.4088163636092
stderr is
0.00010960042812029573
target is
2.450980392156863e-5
mu is
0.00024271844660194174
number of trials is
20600
number of Z or Y failures is
5
number of X failures is
0
average trial time
142.81677110831933
stderr is
0.00010853644963309456
target is
2.4271844660194176e-5
mu is
0.0002403846153846154
number of trials is
20800
number of Z or Y failures is
5
number of X failures is
0
average trial time
144.2502780229293
stderr is
0.00010749293030227409
target is
2.4038461538461542e-5
mu is
0.0002380952380952381
number of trials is
21000
number of Z or Y failures is
5
number of X failures is
0
average trial time
145.6585855418093
stderr is
0.00010646928563621805
target is
2.380952380952381e-5
mu is
0.0002358490566037736
number of trials is
21200
number of Z or Y failures is
5
number of X failures is
0
average trial time
147.08003342865925
stderr is
0.00010546495319751504
target is
2.358490566037736e-5
mu is
0.00023364485981308412
number of trials is
21400
number of Z or Y failures is
5
number of X failures is
0
average trial time
148.52118936021424
stderr is
0.00010447939157248457
target is
2.3364485981308414e-5
mu is
0.0002314814814814815
number of trials is
21600
number of Z or Y failures is
5
number of X failures is
0
average trial time
149.91284148926923
stderr is
0.00010351207939794636
target is
2.314814814814815e-5
mu is
0.00022935779816513763
number of trials is
21800
number of Z or Y failures is
5
number of X failures is
0
average trial time
151.35285357002914
stderr is
0.00010256251444155724
target is
2.2935779816513765e-5
mu is
0.00022727272727272727
number of trials is
22000
number of Z or Y failures is
5
number of X failures is
0
average trial time
152.78594063016408
stderr is
0.00010163021273230652
target is
2.272727272727273e-5
mu is
0.00022522522522522523
number of trials is
22200
number of Z or Y failures is
5
number of X failures is
0
average trial time
154.1882943475091
stderr is
0.00010071470773800791
target is
2.2522522522522523e-5
mu is
0.0002232142857142857
number of trials is
22400
number of Z or Y failures is
5
number of X failures is
0
average trial time
155.62321452546914
stderr is
9.981554958685002e-5
target is
2.232142857142857e-5
mu is
0.00022123893805309734
number of trials is
22600
number of Z or Y failures is
5
number of X failures is
0
average trial time
157.04177010777417
stderr is
9.893230433027687e-5
target is
2.2123893805309735e-5
mu is
0.0002192982456140351
number of trials is
22800
number of Z or Y failures is
5
number of X failures is
0
average trial time
158.45245092531425
stderr is
9.806455324466098e-5
target is
2.192982456140351e-5
mu is
0.0002173913043478261
number of trials is
23000
number of Z or Y failures is
5
number of X failures is
0
average trial time
159.88873456749926
stderr is
9.721189216940736e-5
target is
2.173913043478261e-5
mu is
0.00021551724137931034
number of trials is
23200
number of Z or Y failures is
5
number of X failures is
0
average trial time
161.29993146260418
stderr is
9.637393087929103e-5
target is
2.1551724137931036e-5
mu is
0.00021367521367521368
number of trials is
23400
number of Z or Y failures is
5
number of X failures is
0
average trial time
162.7072924946291
stderr is
9.555029248897909e-5
target is
2.1367521367521368e-5
mu is
0.000211864406779661
number of trials is
23600
number of Z or Y failures is
5
number of X failures is
0
average trial time
164.11643321702914
stderr is
9.474061288782913e-5
target is
2.1186440677966103e-5
mu is
0.0002100840336134454
number of trials is
23800
number of Z or Y failures is
5
number of X failures is
0
average trial time
165.53393584801933
stderr is
9.394454020318264e-5
target is
2.1008403361344542e-5
mu is
0.00020833333333333335
number of trials is
24000
number of Z or Y failures is
5
number of X failures is
0
average trial time
166.93320859888408
stderr is
9.316173429049154e-5
target is
2.0833333333333336e-5
mu is
0.00020661157024793388
number of trials is
24200
number of Z or Y failures is
5
number of X failures is
0
average trial time
168.31051977687895
stderr is
9.239186624872568e-5
target is
2.066115702479339e-5
mu is
0.00020491803278688525
number of trials is
24400
number of Z or Y failures is
5
number of X failures is
0
average trial time
169.69813372788886
stderr is
9.163461795961063e-5
target is
2.0491803278688525e-5
mu is
0.0002032520325203252
number of trials is
24600
number of Z or Y failures is
5
number of X failures is
0
average trial time
171.11423753955896
stderr is
9.088968164933998e-5
target is
2.032520325203252e-5
mu is
0.00020161290322580645
number of trials is
24800
number of Z or Y failures is
5
number of X failures is
0
average trial time
172.51708178913904
stderr is
9.01567594714934e-5
target is
2.0161290322580645e-5
mu is
0.0002
number of trials is
25000
number of Z or Y failures is
5
number of X failures is
0
average trial time
173.90796853310908
stderr is
8.943556310997293e-5
target is
2.0e-5
mu is
0.0001984126984126984
number of trials is
25200
number of Z or Y failures is
5
number of X failures is
0
average trial time
175.30621811367408
stderr is
8.872581340084572e-5
target is
1.984126984126984e-5
mu is
0.0001968503937007874
number of trials is
25400
number of Z or Y failures is
5
number of X failures is
0
average trial time
176.749794750029
stderr is
8.80272399720508e-5
target is
1.9685039370078743e-5
mu is
0.0001953125
number of trials is
25600
number of Z or Y failures is
5
number of X failures is
0
average trial time
178.15385074289898
stderr is
8.73395808999937e-5
target is
1.9531250000000004e-5
mu is
0.0001937984496124031
number of trials is
25800
number of Z or Y failures is
5
number of X failures is
0
average trial time
179.5494265451088
stderr is
8.66625823821116e-5
target is
1.937984496124031e-5
mu is
0.0001923076923076923
number of trials is
26000
number of Z or Y failures is
5
number of X failures is
0
average trial time
180.9334211887289
stderr is
8.599599842455029e-5
target is
1.923076923076923e-5
mu is
0.00019083969465648855
number of trials is
26200
number of Z or Y failures is
5
number of X failures is
0
average trial time
182.32621486309372
stderr is
8.53395905441444e-5
target is
1.9083969465648855e-5
mu is
0.0001893939393939394
number of trials is
26400
number of Z or Y failures is
5
number of X failures is
0
average trial time
183.76197065328353
stderr is
8.469312748394337e-5
target is
1.893939393939394e-5
mu is
0.00018796992481203009
number of trials is
26600
number of Z or Y failures is
5
number of X failures is
0
average trial time
185.16226012465356
stderr is
8.405638494156958e-5
target is
1.879699248120301e-5
mu is
0.00018656716417910448
number of trials is
26800
number of Z or Y failures is
5
number of X failures is
0
average trial time
186.53404162330372
stderr is
8.342914530973873e-5
target is
1.8656716417910448e-5
mu is
0.00018518518518518518
number of trials is
27000
number of Z or Y failures is
5
number of X failures is
0
average trial time
187.90045825110866
stderr is
8.281119742831181e-5
target is
1.8518518518518518e-5
mu is
0.0001838235294117647
number of trials is
27200
number of Z or Y failures is
5
number of X failures is
0
average trial time
189.25863982158376
stderr is
8.220233634728525e-5
target is
1.8382352941176472e-5
mu is
0.0001824817518248175
number of trials is
27400
number of Z or Y failures is
5
number of X failures is
0
average trial time
190.648106843829
stderr is
8.160236310016006e-5
target is
1.824817518248175e-5
mu is
0.00018115942028985507
number of trials is
27600
number of Z or Y failures is
5
number of X failures is
0
average trial time
192.05059458943376
stderr is
8.101108448716397e-5
target is
1.8115942028985507e-5
mu is
0.00017985611510791367
number of trials is
27800
number of Z or Y failures is
5
number of X failures is
0
average trial time
193.46449095322882
stderr is
8.04283128678301e-5
target is
1.7985611510791367e-5
mu is
0.00017857142857142857
number of trials is
28000
number of Z or Y failures is
5
number of X failures is
0
average trial time
194.84949091708887
stderr is
7.985386596246467e-5
target is
1.785714285714286e-5
mu is
0.0001773049645390071
number of trials is
28200
number of Z or Y failures is
5
number of X failures is
0
average trial time
196.22563097805386
stderr is
7.928756666206199e-5
target is
1.7730496453900712e-5
mu is
0.00017605633802816902
number of trials is
28400
number of Z or Y failures is
5
number of X failures is
0
average trial time
197.59885658344385
stderr is
7.872924284625093e-5
target is
1.7605633802816902e-5
mu is
0.00017482517482517483
number of trials is
28600
number of Z or Y failures is
5
number of X failures is
0
average trial time
198.966176625799
stderr is
7.817872720887925e-5
target is
1.7482517482517483e-5
mu is
0.00017361111111111112
number of trials is
28800
number of Z or Y failures is
5
number of X failures is
0
average trial time
200.33904756267395
stderr is
7.76358570908649e-5
target is
1.736111111111111e-5
mu is
0.00017241379310344826
number of trials is
29000
number of Z or Y failures is
5
number of X failures is
0
average trial time
201.70653378189408
stderr is
7.710047431996331e-5
target is
1.7241379310344828e-5
mu is
0.00017123287671232877
number of trials is
29200
number of Z or Y failures is
5
number of X failures is
0
average trial time
203.06848141476416
stderr is
7.657242505711902e-5
target is
1.712328767123288e-5
mu is
0.00020408163265306123
number of trials is
29400
number of Z or Y failures is
6
number of X failures is
0
average trial time
204.4455355814043
stderr is
8.330889241145953e-5
target is
2.0408163265306126e-5
mu is
0.0002027027027027027
number of trials is
29600
number of Z or Y failures is
6
number of X failures is
0
average trial time
205.88599757298448
stderr is
8.274604204311199e-5
target is
2.027027027027027e-5
mu is
0.00020134228187919463
number of trials is
29800
number of Z or Y failures is
6
number of X failures is
0
average trial time
207.28812440348455
stderr is
8.219074607920175e-5
target is
2.0134228187919465e-5
mu is
0.0002
number of trials is
30000
number of Z or Y failures is
6
number of X failures is
0
average trial time
208.69918798206947
stderr is
8.164285344423777e-5
target is
2.0e-5
mu is
0.00019867549668874172
number of trials is
30200
number of Z or Y failures is
6
number of X failures is
0
average trial time
210.08683293949434
stderr is
8.110221706439717e-5
target is
1.9867549668874173e-5
mu is
0.00019736842105263157
number of trials is
30400
number of Z or Y failures is
6
number of X failures is
0
average trial time
211.48157155340897
stderr is
8.056869373590242e-5
target is
1.9736842105263158e-5
mu is
0.000196078431372549
number of trials is
30600
number of Z or Y failures is
6
number of X failures is
0
average trial time
212.85627431771908
stderr is
8.004214399855942e-5
target is
1.9607843137254903e-5
mu is
0.0001948051948051948
number of trials is
30800
number of Z or Y failures is
6
number of X failures is
0
average trial time
214.241335587904
stderr is
7.952243201422264e-5
target is
1.9480519480519483e-5
mu is
0.0001935483870967742
number of trials is
31000
number of Z or Y failures is
6
number of X failures is
0
average trial time
215.61921206224906
stderr is
7.900942544996408e-5
target is
1.935483870967742e-5
mu is
0.0001923076923076923
number of trials is
31200
number of Z or Y failures is
6
number of X failures is
0
average trial time
216.97072776917895
stderr is
7.850299536573573e-5
target is
1.923076923076923e-5
mu is
0.0001910828025477707
number of trials is
31400
number of Z or Y failures is
6
number of X failures is
0
average trial time
218.34114334878376
stderr is
7.800301610632459e-5
target is
1.910828025477707e-5
mu is
0.00018987341772151899
number of trials is
31600
number of Z or Y failures is
6
number of X failures is
0
average trial time
219.7241857185938
stderr is
7.750936519741043e-5
target is
1.89873417721519e-5
mu is
0.00018867924528301886
number of trials is
31800
number of Z or Y failures is
6
number of X failures is
0
average trial time
221.08900876790395
stderr is
7.702192324554567e-5
target is
1.8867924528301888e-5
mu is
0.0001875
number of trials is
32000
number of Z or Y failures is
6
number of X failures is
0
average trial time
222.46842182412868
stderr is
7.654057384188549e-5
target is
1.8750000000000002e-5
mu is
0.00018633540372670808
number of trials is
32200
number of Z or Y failures is
6
number of X failures is
0
average trial time
223.85269937170895
stderr is
7.606520346950566e-5
target is
1.863354037267081e-5
mu is
0.00018518518518518518
number of trials is
32400
number of Z or Y failures is
6
number of X failures is
0
average trial time
225.22115564095387
stderr is
7.559570141415249e-5
target is
1.8518518518518518e-5
mu is
0.00018404907975460124
number of trials is
32600
number of Z or Y failures is
6
number of X failures is
0
average trial time
226.59351754493372
stderr is
7.513195967827806e-5
target is
1.8404907975460126e-5
mu is
0.00018292682926829268
number of trials is
32800
number of Z or Y failures is
6
number of X failures is
0
average trial time
227.95802075417865
stderr is
7.467387289822e-5
target is
1.8292682926829268e-5
mu is
0.0001818181818181818
number of trials is
33000
number of Z or Y failures is
6
number of X failures is
0
average trial time
229.36922696288846
stderr is
7.422133826439302e-5
target is
1.8181818181818182e-5
mu is
0.00018072289156626507
number of trials is
33200
number of Z or Y failures is
6
number of X failures is
0
average trial time
230.7832272852983
stderr is
7.377425544436449e-5
target is
1.807228915662651e-5
mu is
0.00017964071856287425
number of trials is
33400
number of Z or Y failures is
6
number of X failures is
0
average trial time
232.18642597356836
stderr is
7.333252650869382e-5
target is
1.7964071856287426e-5
mu is
0.00017857142857142857
number of trials is
33600
number of Z or Y failures is
6
number of X failures is
0
average trial time
233.56226028519325
stderr is
7.289605585942024e-5
target is
1.785714285714286e-5
mu is
0.00017751479289940828
number of trials is
33800
number of Z or Y failures is
6
number of X failures is
0
average trial time
234.93729701517844
stderr is
7.246475016108905e-5
target is
1.7751479289940828e-5
mu is
0.00017647058823529413
number of trials is
34000
number of Z or Y failures is
6
number of X failures is
0
average trial time
236.32583292796855
stderr is
7.203851827421238e-5
target is
1.7647058823529414e-5
mu is
0.00017543859649122806
number of trials is
34200
number of Z or Y failures is
6
number of X failures is
0
average trial time
237.71120824533864
stderr is
7.161727119106429e-5
target is
1.7543859649122806e-5
mu is
0.0001744186046511628
number of trials is
34400
number of Z or Y failures is
6
number of X failures is
0
average trial time
239.07625051452354
stderr is
7.120092197371535e-5
target is
1.744186046511628e-5
mu is
0.00017341040462427745
number of trials is
34600
number of Z or Y failures is
6
number of X failures is
0
average trial time
240.43774515211354
stderr is
7.078938569421635e-5
target is
1.7341040462427746e-5
mu is
0.00017241379310344826
number of trials is
34800
number of Z or Y failures is
6
number of X failures is
0
average trial time
241.82178493284857
stderr is
7.038257937684444e-5
target is
1.7241379310344828e-5
mu is
0.00017142857142857143
number of trials is
35000
number of Z or Y failures is
6
number of X failures is
0
average trial time
243.18576877239357
stderr is
6.99804219423291e-5
target is
1.7142857142857142e-5
mu is
0.00017045454545454547
number of trials is
35200
number of Z or Y failures is
6
number of X failures is
0
average trial time
244.54914014034352
stderr is
6.958283415397963e-5
target is
1.7045454545454546e-5
mu is
0.00016949152542372882
number of trials is
35400
number of Z or Y failures is
6
number of X failures is
0
average trial time
245.92168796701353
stderr is
6.918973856563837e-5
target is
1.6949152542372885e-5
mu is
0.00016853932584269662
number of trials is
35600
number of Z or Y failures is
6
number of X failures is
0
average trial time
247.30644606322858
stderr is
6.880105947138857e-5
target is
1.685393258426966e-5
mu is
0.0001675977653631285
number of trials is
35800
number of Z or Y failures is
6
number of X failures is
0
average trial time
248.68405639756392
stderr is
6.841672285694752e-5
target is
1.675977653631285e-5
mu is
0.00016666666666666666
number of trials is
36000
number of Z or Y failures is
6
number of X failures is
0
average trial time
250.0578339617588
stderr is
6.803665635268008e-5
target is
1.6666666666666667e-5
mu is
0.00016574585635359117
number of trials is
36200
number of Z or Y failures is
6
number of X failures is
0
average trial time
251.42674733532877
stderr is
6.766078918816955e-5
target is
1.6574585635359117e-5
mu is
0.00016483516483516484
number of trials is
36400
number of Z or Y failures is
6
number of X failures is
0
average trial time
252.78747213423893
stderr is
6.728905214828614e-5
target is
slurmstepd: error: *** JOB 548 ON cpu48-dy-c5a12xlarge-35 CANCELLED AT 2021-06-21T17:10:18 ***
