mu is
0.0
number of trials is
200
number of Z or Y failures is
0
number of X failures is
0
average trial time
1.4340451435049997
mu is
0.0
number of trials is
400
number of Z or Y failures is
0
number of X failures is
0
average trial time
2.643154909305
mu is
0.0
number of trials is
600
number of Z or Y failures is
0
number of X failures is
0
average trial time
3.8767556744999996
mu is
0.0
number of trials is
800
number of Z or Y failures is
0
number of X failures is
0
average trial time
5.08277734903
mu is
0.0
number of trials is
1000
number of Z or Y failures is
0
number of X failures is
0
average trial time
6.308951218910008
mu is
0.0
number of trials is
1200
number of Z or Y failures is
0
number of X failures is
0
average trial time
7.514637357005008
mu is
0.0
number of trials is
1400
number of Z or Y failures is
0
number of X failures is
0
average trial time
8.719407015010008
mu is
0.0
number of trials is
1600
number of Z or Y failures is
0
number of X failures is
0
average trial time
9.918700649035008
mu is
0.0
number of trials is
1800
number of Z or Y failures is
0
number of X failures is
0
average trial time
11.139940889235023
mu is
0.0
number of trials is
2000
number of Z or Y failures is
0
number of X failures is
0
average trial time
12.353338674855024
mu is
0.0
number of trials is
2200
number of Z or Y failures is
0
number of X failures is
0
average trial time
13.576598386990021
mu is
0.0
number of trials is
2400
number of Z or Y failures is
0
number of X failures is
0
average trial time
14.792412746800007
mu is
0.0
number of trials is
2600
number of Z or Y failures is
0
number of X failures is
0
average trial time
15.999891275770008
mu is
0.0
number of trials is
2800
number of Z or Y failures is
0
number of X failures is
0
average trial time
17.229931661720016
mu is
0.0003333333333333333
number of trials is
3000
number of Z or Y failures is
1
number of X failures is
0
average trial time
18.453595021290013
mu is
0.0003125
number of trials is
3200
number of Z or Y failures is
1
number of X failures is
0
average trial time
19.681377020085023
mu is
0.0002941176470588235
number of trials is
3400
number of Z or Y failures is
1
number of X failures is
0
average trial time
20.911637538435016
mu is
0.0002777777777777778
number of trials is
3600
number of Z or Y failures is
1
number of X failures is
0
average trial time
22.13680696985505
mu is
0.0002631578947368421
number of trials is
3800
number of Z or Y failures is
1
number of X failures is
0
average trial time
23.39484761322502
mu is
0.00025
number of trials is
4000
number of Z or Y failures is
1
number of X failures is
0
average trial time
24.636208734435037
mu is
0.0002380952380952381
number of trials is
4200
number of Z or Y failures is
1
number of X failures is
0
average trial time
25.90392445618004
mu is
0.00022727272727272727
number of trials is
4400
number of Z or Y failures is
1
number of X failures is
0
average trial time
27.195935714475034
mu is
0.0002173913043478261
number of trials is
4600
number of Z or Y failures is
1
number of X failures is
0
average trial time
28.46443957802503
mu is
0.00020833333333333335
number of trials is
4800
number of Z or Y failures is
1
number of X failures is
0
average trial time
29.766025014545043
mu is
0.0002
number of trials is
5000
number of Z or Y failures is
1
number of X failures is
0
average trial time
31.093029586400057
mu is
0.0001923076923076923
number of trials is
5200
number of Z or Y failures is
1
number of X failures is
0
average trial time
32.38651700295006
mu is
0.00018518518518518518
number of trials is
5400
number of Z or Y failures is
1
number of X failures is
0
average trial time
33.69507969081002
mu is
0.00017857142857142857
number of trials is
5600
number of Z or Y failures is
1
number of X failures is
0
average trial time
35.023573450370016
mu is
0.00017241379310344826
number of trials is
5800
number of Z or Y failures is
1
number of X failures is
0
average trial time
36.374753813025016
mu is
0.00016666666666666666
number of trials is
6000
number of Z or Y failures is
1
number of X failures is
0
average trial time
37.72787845746002
mu is
0.00016129032258064516
number of trials is
6200
number of Z or Y failures is
1
number of X failures is
0
average trial time
39.075958939075015
mu is
0.00015625
number of trials is
6400
number of Z or Y failures is
1
number of X failures is
0
average trial time
40.43234806615001
mu is
0.00015151515151515152
number of trials is
6600
number of Z or Y failures is
1
number of X failures is
0
average trial time
41.78038829357004
mu is
0.00014705882352941175
number of trials is
6800
number of Z or Y failures is
1
number of X failures is
0
average trial time
43.15399418957006
mu is
0.00014285714285714287
number of trials is
7000
number of Z or Y failures is
1
number of X failures is
0
average trial time
44.512245055985
mu is
0.0001388888888888889
number of trials is
7200
number of Z or Y failures is
1
number of X failures is
0
average trial time
45.88936981076998
mu is
0.00013513513513513514
number of trials is
7400
number of Z or Y failures is
1
number of X failures is
0
average trial time
47.274775355404984
mu is
0.0002631578947368421
number of trials is
7600
number of Z or Y failures is
2
number of X failures is
0
average trial time
48.66249900662993
mu is
0.0002564102564102564
number of trials is
7800
number of Z or Y failures is
2
number of X failures is
0
average trial time
50.059867194499894
mu is
0.00025
number of trials is
8000
number of Z or Y failures is
2
number of X failures is
0
average trial time
51.46953105756994
mu is
0.00024390243902439024
number of trials is
8200
number of Z or Y failures is
2
number of X failures is
0
average trial time
52.867077779619976
mu is
0.0002380952380952381
number of trials is
8400
number of Z or Y failures is
2
number of X failures is
0
average trial time
54.28626634008493
mu is
0.00023255813953488373
number of trials is
8600
number of Z or Y failures is
2
number of X failures is
0
average trial time
55.689164321034916
mu is
0.00022727272727272727
number of trials is
8800
number of Z or Y failures is
2
number of X failures is
0
average trial time
57.12568417344487
mu is
0.00022222222222222223
number of trials is
9000
number of Z or Y failures is
2
number of X failures is
0
average trial time
58.5662861967548
mu is
0.0002173913043478261
number of trials is
9200
number of Z or Y failures is
2
number of X failures is
0
average trial time
60.01140676184977
mu is
0.0002127659574468085
number of trials is
9400
number of Z or Y failures is
2
number of X failures is
0
average trial time
61.44535418105979
mu is
0.00020833333333333335
number of trials is
9600
number of Z or Y failures is
2
number of X failures is
0
average trial time
62.8644002039698
mu is
0.00020408163265306123
number of trials is
9800
number of Z or Y failures is
2
number of X failures is
0
average trial time
64.30756831495977
mu is
0.0002
number of trials is
10000
number of Z or Y failures is
2
number of X failures is
0
average trial time
65.74915703329474
mu is
0.000196078431372549
number of trials is
10200
number of Z or Y failures is
2
number of X failures is
0
average trial time
67.19747621472975
mu is
0.0001923076923076923
number of trials is
10400
number of Z or Y failures is
2
number of X failures is
0
average trial time
68.64821595106473
mu is
0.00018867924528301886
number of trials is
10600
number of Z or Y failures is
2
number of X failures is
0
average trial time
70.09600746168974
mu is
0.00018518518518518518
number of trials is
10800
number of Z or Y failures is
2
number of X failures is
0
average trial time
71.55545474843979
mu is
0.0001818181818181818
number of trials is
11000
number of Z or Y failures is
2
number of X failures is
0
average trial time
73.00932541171971
mu is
0.00017857142857142857
number of trials is
11200
number of Z or Y failures is
2
number of X failures is
0
average trial time
74.45774912243965
mu is
0.0002631578947368421
number of trials is
11400
number of Z or Y failures is
3
number of X failures is
0
average trial time
75.90747349852462
mu is
0.0002586206896551724
number of trials is
11600
number of Z or Y failures is
3
number of X failures is
0
average trial time
77.3424237254646
mu is
0.00033898305084745765
number of trials is
11800
number of Z or Y failures is
4
number of X failures is
0
average trial time
78.81061174321961
mu is
0.0003333333333333333
number of trials is
12000
number of Z or Y failures is
4
number of X failures is
0
average trial time
80.26192170086965
mu is
0.0003278688524590164
number of trials is
12200
number of Z or Y failures is
4
number of X failures is
0
average trial time
81.69495289530968
mu is
0.0003225806451612903
number of trials is
12400
number of Z or Y failures is
4
number of X failures is
0
average trial time
83.14482307897964
mu is
0.00031746031746031746
number of trials is
12600
number of Z or Y failures is
4
number of X failures is
0
average trial time
84.57763451728474
mu is
0.0003125
number of trials is
12800
number of Z or Y failures is
4
number of X failures is
0
average trial time
86.01576912217479
mu is
0.0003076923076923077
number of trials is
13000
number of Z or Y failures is
4
number of X failures is
0
average trial time
87.46882440336971
mu is
0.00030303030303030303
number of trials is
13200
number of Z or Y failures is
4
number of X failures is
0
average trial time
88.90265157090471
mu is
0.00029850746268656717
number of trials is
13400
number of Z or Y failures is
4
number of X failures is
0
average trial time
90.34889434691968
mu is
0.0002941176470588235
number of trials is
13600
number of Z or Y failures is
4
number of X failures is
0
average trial time
91.80129526182455
mu is
0.0002898550724637681
number of trials is
13800
number of Z or Y failures is
4
number of X failures is
0
average trial time
93.24454384138967
mu is
0.00028571428571428574
number of trials is
14000
number of Z or Y failures is
4
number of X failures is
0
average trial time
94.72719048847475
mu is
0.00028169014084507044
number of trials is
14200
number of Z or Y failures is
4
number of X failures is
0
average trial time
96.16463979089491
mu is
0.0002777777777777778
number of trials is
14400
number of Z or Y failures is
4
number of X failures is
0
average trial time
97.626535460175
mu is
0.000273972602739726
number of trials is
14600
number of Z or Y failures is
4
number of X failures is
0
average trial time
99.06694017240493
mu is
0.0002702702702702703
number of trials is
14800
number of Z or Y failures is
4
number of X failures is
0
average trial time
100.4975640570099
mu is
0.0002666666666666667
number of trials is
15000
number of Z or Y failures is
4
number of X failures is
0
average trial time
101.94724418952997
mu is
0.0002631578947368421
number of trials is
15200
number of Z or Y failures is
4
number of X failures is
0
average trial time
103.37325553383508
mu is
0.00025974025974025974
number of trials is
15400
number of Z or Y failures is
4
number of X failures is
0
average trial time
104.81304678748003
mu is
0.0002564102564102564
number of trials is
15600
number of Z or Y failures is
4
number of X failures is
0
average trial time
106.24455393263489
mu is
0.00025316455696202533
number of trials is
15800
number of Z or Y failures is
4
number of X failures is
0
average trial time
107.70240895557987
mu is
0.00025
number of trials is
16000
number of Z or Y failures is
4
number of X failures is
0
average trial time
109.13182115951979
mu is
0.0002469135802469136
number of trials is
16200
number of Z or Y failures is
4
number of X failures is
0
average trial time
110.56848524555988
mu is
0.00024390243902439024
number of trials is
16400
number of Z or Y failures is
4
number of X failures is
0
average trial time
111.98815506573001
mu is
0.00024096385542168674
number of trials is
16600
number of Z or Y failures is
4
number of X failures is
0
average trial time
113.44204407712493
mu is
0.0002380952380952381
number of trials is
16800
number of Z or Y failures is
4
number of X failures is
0
average trial time
114.88555568455992
mu is
0.0002941176470588235
number of trials is
17000
number of Z or Y failures is
5
number of X failures is
0
average trial time
116.32386648536996
stderr is
0.0001315179341014893
target is
2.941176470588235e-5
mu is
0.00029069767441860465
number of trials is
17200
number of Z or Y failures is
5
number of X failures is
0
average trial time
117.76264282713002
stderr is
0.0001299888336835789
target is
2.9069767441860467e-5
mu is
0.00028735632183908046
number of trials is
17400
number of Z or Y failures is
5
number of X failures is
0
average trial time
119.19780531782487
stderr is
0.00012849488095662855
target is
2.8735632183908048e-5
mu is
0.00034090909090909094
number of trials is
17600
number of Z or Y failures is
6
number of X failures is
0
average trial time
120.643623869355
stderr is
0.00013915578178471552
target is
3.409090909090909e-5
mu is
0.00033707865168539324
number of trials is
17800
number of Z or Y failures is
6
number of X failures is
0
average trial time
122.0716883658599
stderr is
0.0001375924533612841
target is
3.370786516853932e-5
mu is
0.0003333333333333333
number of trials is
18000
number of Z or Y failures is
6
number of X failures is
0
average trial time
123.49907459668493
stderr is
0.00013606386074120207
target is
3.3333333333333335e-5
mu is
0.00032967032967032967
number of trials is
18200
number of Z or Y failures is
6
number of X failures is
0
average trial time
124.91502075112493
stderr is
0.0001345688589455396
target is
3.296703296703297e-5
mu is
0.00032608695652173916
number of trials is
18400
number of Z or Y failures is
6
number of X failures is
0
average trial time
126.32532665275495
stderr is
0.00013310635277028794
target is
3.260869565217392e-5
mu is
0.0003225806451612903
number of trials is
18600
number of Z or Y failures is
6
number of X failures is
0
average trial time
127.77113384525013
stderr is
0.0001316752941106479
target is
3.2258064516129034e-5
mu is
0.00031914893617021275
number of trials is
18800
number of Z or Y failures is
6
number of X failures is
0
average trial time
129.17993842162025
stderr is
0.00013027467945608714
target is
3.1914893617021275e-5
mu is
0.00031578947368421053
number of trials is
19000
number of Z or Y failures is
6
number of X failures is
0
average trial time
130.61214419962528
stderr is
0.0001289035475435821
target is
3.157894736842105e-5
mu is
0.0003125
number of trials is
19200
number of Z or Y failures is
6
number of X failures is
0
average trial time
132.03097400696532
stderr is
0.0001275609771575142
target is
3.125e-5
mu is
0.0003092783505154639
number of trials is
19400
number of Z or Y failures is
6
number of X failures is
0
average trial time
133.47231608256033
stderr is
0.00012624608506563693
target is
3.092783505154639e-5
mu is
0.0003061224489795918
number of trials is
19600
number of Z or Y failures is
6
number of X failures is
0
average trial time
134.88982326855026
stderr is
0.00012495802408139616
target is
3.061224489795918e-5
mu is
0.00030303030303030303
number of trials is
19800
number of Z or Y failures is
6
number of X failures is
0
average trial time
136.31230026428025
stderr is
0.00012369598124367082
target is
3.0303030303030306e-5
mu is
0.0003
number of trials is
20000
number of Z or Y failures is
6
number of X failures is
0
average trial time
137.7330931449403
stderr is
0.00012245917610571543
target is
2.9999999999999997e-5
mu is
0.000297029702970297
number of trials is
20200
number of Z or Y failures is
6
number of X failures is
0
average trial time
139.1286156086953
stderr is
0.00012124685912573716
target is
2.9702970297029702e-5
mu is
0.0002941176470588235
number of trials is
20400
number of Z or Y failures is
6
number of X failures is
0
average trial time
140.55217402928537
stderr is
0.00012005831015213285
target is
2.941176470588235e-5
mu is
0.0002912621359223301
number of trials is
20600
number of Z or Y failures is
6
number of X failures is
0
average trial time
141.95812927094536
stderr is
0.00011889283699695422
target is
2.9126213592233014e-5
mu is
0.0002884615384615385
number of trials is
20800
number of Z or Y failures is
6
number of X failures is
0
average trial time
143.36279690654533
stderr is
0.00011774977409166341
target is
2.884615384615385e-5
mu is
0.00028571428571428574
number of trials is
21000
number of Z or Y failures is
6
number of X failures is
0
average trial time
144.78899407939537
stderr is
0.00011662848121969262
target is
2.8571428571428574e-5
mu is
0.0002830188679245283
number of trials is
21200
number of Z or Y failures is
6
number of X failures is
0
average trial time
146.18811911464036
stderr is
0.00011552834232073816
target is
2.8301886792452834e-5
mu is
0.00028037383177570094
number of trials is
21400
number of Z or Y failures is
6
number of X failures is
0
average trial time
147.6264006403954
stderr is
0.00011444876436209478
target is
2.8037383177570094e-5
mu is
0.0002777777777777778
number of trials is
21600
number of Z or Y failures is
6
number of X failures is
0
average trial time
149.05042086389523
stderr is
0.0001133891762726868
target is
2.777777777777778e-5
mu is
0.00027522935779816516
number of trials is
21800
number of Z or Y failures is
6
number of X failures is
0
average trial time
150.4428877753752
stderr is
0.00011234902793576968
target is
2.752293577981652e-5
mu is
0.00027272727272727274
number of trials is
22000
number of Z or Y failures is
6
number of X failures is
0
average trial time
151.86664527293013
stderr is
0.00011132778923656845
target is
2.7272727272727276e-5
mu is
0.0002702702702702703
number of trials is
22200
number of Z or Y failures is
6
number of X failures is
0
average trial time
153.28006270615018
stderr is
0.00011032494916139016
target is
2.702702702702703e-5
mu is
0.00026785714285714287
number of trials is
22400
number of Z or Y failures is
6
number of X failures is
0
average trial time
154.65691068259514
stderr is
0.00010934001494499188
target is
2.6785714285714288e-5
mu is
0.00026548672566371683
number of trials is
22600
number of Z or Y failures is
6
number of X failures is
0
average trial time
156.06537589398013
stderr is
0.00010837251126321679
target is
2.6548672566371686e-5
mu is
0.0002631578947368421
number of trials is
22800
number of Z or Y failures is
6
number of X failures is
0
average trial time
157.46432386793515
stderr is
0.00010742197946811816
target is
2.6315789473684212e-5
mu is
0.0002608695652173913
number of trials is
23000
number of Z or Y failures is
6
number of X failures is
0
average trial time
158.84408250408504
stderr is
0.0001064879768629857
target is
2.6086956521739128e-5
mu is
0.0002586206896551724
number of trials is
23200
number of Z or Y failures is
6
number of X failures is
0
average trial time
160.23347211939995
stderr is
0.00010557007601486642
target is
2.5862068965517244e-5
mu is
0.0002564102564102564
number of trials is
23400
number of Z or Y failures is
6
number of X failures is
0
average trial time
161.64997508437503
stderr is
0.00010466786410233703
target is
2.5641025641025643e-5
mu is
0.0002542372881355932
number of trials is
23600
number of Z or Y failures is
6
number of X failures is
0
average trial time
163.03982872611508
stderr is
0.00010378094229643699
target is
2.5423728813559325e-5
mu is
0.00025210084033613445
number of trials is
23800
number of Z or Y failures is
6
number of X failures is
0
average trial time
164.414469948785
stderr is
0.00010290892517281183
target is
2.5210084033613446e-5
mu is
0.00025
number of trials is
24000
number of Z or Y failures is
6
number of X failures is
0
average trial time
165.84365352621012
stderr is
0.00010205144015324603
target is
2.5e-5
mu is
0.00028925619834710745
number of trials is
24200
number of Z or Y failures is
7
number of X failures is
0
average trial time
167.25733462857
stderr is
0.00010931501204451612
target is
2.8925619834710747e-5
mu is
0.00028688524590163934
number of trials is
24400
number of Z or Y failures is
7
number of X failures is
0
average trial time
168.64636060319015
stderr is
0.00010841909755893285
target is
2.8688524590163935e-5
mu is
0.0002845528455284553
number of trials is
24600
number of Z or Y failures is
7
number of X failures is
0
average trial time
170.0309482364302
stderr is
0.0001075377490110264
target is
2.845528455284553e-5
mu is
0.00028225806451612906
number of trials is
24800
number of Z or Y failures is
7
number of X failures is
0
average trial time
171.4600416418351
stderr is
0.00010667061404174126
target is
2.822580645161291e-5
mu is
0.00028
number of trials is
25000
number of Z or Y failures is
7
number of X failures is
0
average trial time
172.89154378284024
stderr is
0.00010581735156615715
target is
2.8e-5
mu is
0.0002777777777777778
number of trials is
25200
number of Z or Y failures is
7
number of X failures is
0
average trial time
174.28754743451512
stderr is
0.00010497763132615621
target is
2.777777777777778e-5
mu is
0.00027559055118110237
number of trials is
25400
number of Z or Y failures is
7
number of X failures is
0
average trial time
175.67329071035013
stderr is
0.00010415113346422134
target is
2.755905511811024e-5
mu is
0.0002734375
number of trials is
25600
number of Z or Y failures is
7
number of X failures is
0
average trial time
177.05629936779002
stderr is
0.00010333754811721023
target is
2.7343750000000004e-5
mu is
0.0002713178294573643
number of trials is
25800
number of Z or Y failures is
7
number of X failures is
0
average trial time
178.47306053881
stderr is
0.00010253657502902187
target is
2.7131782945736434e-5
mu is
0.0002692307692307692
number of trials is
26000
number of Z or Y failures is
7
number of X failures is
0
average trial time
179.8845482869501
stderr is
0.00010174792318113736
target is
2.6923076923076923e-5
mu is
0.000267175572519084
number of trials is
26200
number of Z or Y failures is
7
number of X failures is
0
average trial time
181.25799923266507
stderr is
0.00010097131044008102
target is
2.67175572519084e-5
mu is
0.0002651515151515152
number of trials is
26400
number of Z or Y failures is
7
number of X failures is
0
average trial time
182.64072697662496
stderr is
0.00010020646322090404
target is
2.651515151515152e-5
mu is
0.0002631578947368421
number of trials is
26600
number of Z or Y failures is
7
number of X failures is
0
average trial time
184.01273466018517
stderr is
9.945311616584747e-5
target is
2.6315789473684212e-5
mu is
0.00026119402985074624
number of trials is
26800
number of Z or Y failures is
7
number of X failures is
0
average trial time
185.36747943308524
stderr is
9.871101183739197e-5
target is
2.6119402985074626e-5
mu is
0.00025925925925925926
number of trials is
27000
number of Z or Y failures is
7
number of X failures is
0
average trial time
186.78936496465525
stderr is
9.797990042494824e-5
target is
2.5925925925925928e-5
mu is
0.0002573529411764706
number of trials is
27200
number of Z or Y failures is
7
number of X failures is
0
average trial time
188.18072303107508
stderr is
9.725953946448616e-5
target is
2.5735294117647063e-5
mu is
0.00025547445255474455
number of trials is
27400
number of Z or Y failures is
7
number of X failures is
0
average trial time
189.54725107200028
stderr is
9.654969357044156e-5
target is
2.5547445255474456e-5
mu is
0.0002536231884057971
number of trials is
27600
number of Z or Y failures is
7
number of X failures is
0
average trial time
190.90498530442025
stderr is
9.585013417927793e-5
target is
2.5362318840579714e-5
mu is
0.0002517985611510791
number of trials is
27800
number of Z or Y failures is
7
number of X failures is
0
average trial time
192.26795460092524
stderr is
9.516063930411636e-5
target is
2.5179856115107914e-5
mu is
0.00025
number of trials is
28000
number of Z or Y failures is
7
number of X failures is
0
average trial time
193.6198483458801
stderr is
9.448099329987995e-5
target is
2.5e-5
mu is
0.00024822695035460994
number of trials is
28200
number of Z or Y failures is
7
number of X failures is
0
average trial time
194.98209273679512
stderr is
9.381098663843134e-5
target is
2.4822695035460995e-5
mu is
0.0002464788732394366
number of trials is
28400
number of Z or Y failures is
7
number of X failures is
0
average trial time
196.345204961285
stderr is
9.315041569321016e-5
target is
2.464788732394366e-5
mu is
0.00024475524475524476
number of trials is
28600
number of Z or Y failures is
7
number of X failures is
0
average trial time
197.7216373721051
stderr is
9.24990825329059e-5
target is
2.4475524475524478e-5
mu is
0.00024305555555555555
number of trials is
28800
number of Z or Y failures is
7
number of X failures is
0
average trial time
199.12645044087986
stderr is
9.185679472372675e-5
target is
2.4305555555555558e-5
mu is
0.0002413793103448276
number of trials is
29000
number of Z or Y failures is
7
number of X failures is
0
average trial time
200.51604856959958
stderr is
9.122336513984978e-5
target is
2.413793103448276e-5
mu is
0.00023972602739726027
number of trials is
29200
number of Z or Y failures is
7
number of X failures is
0
average trial time
201.90295200533987
stderr is
9.059861178165966e-5
target is
2.397260273972603e-5
mu is
0.00027210884353741496
number of trials is
29400
number of Z or Y failures is
8
number of X failures is
0
average trial time
203.28582023660496
stderr is
9.619355019494945e-5
target is
2.7210884353741498e-5
mu is
0.0002702702702702703
number of trials is
29600
number of Z or Y failures is
8
number of X failures is
0
average trial time
204.6519128478949
stderr is
9.554367065115271e-5
target is
2.702702702702703e-5
mu is
0.00026845637583892615
number of trials is
29800
number of Z or Y failures is
8
number of X failures is
0
average trial time
206.01915250353002
stderr is
9.490251329764131e-5
target is
2.6845637583892615e-5
mu is
0.0002666666666666667
number of trials is
30000
number of Z or Y failures is
8
number of X failures is
0
average trial time
207.39478526300485
stderr is
9.426990371097612e-5
target is
2.666666666666667e-5
mu is
0.00026490066225165563
number of trials is
30200
number of Z or Y failures is
8
number of X failures is
0
average trial time
208.75540219033476
stderr is
9.364567208767039e-5
target is
2.6490066225165565e-5
mu is
0.0002631578947368421
number of trials is
30400
number of Z or Y failures is
8
number of X failures is
0
average trial time
210.12362678612976
stderr is
9.302965309223533e-5
target is
2.6315789473684212e-5
mu is
0.00026143790849673205
number of trials is
30600
number of Z or Y failures is
8
number of X failures is
0
average trial time
211.4854621455449
stderr is
9.242168571118368e-5
target is
2.6143790849673208e-5
mu is
0.00025974025974025974
number of trials is
30800
number of Z or Y failures is
8
number of X failures is
0
average trial time
212.85301360590998
stderr is
9.182161311272102e-5
target is
2.5974025974025975e-5
mu is
0.00025806451612903227
number of trials is
31000
number of Z or Y failures is
8
number of X failures is
0
average trial time
214.2290096847446
stderr is
9.122928251186764e-5
target is
2.580645161290323e-5
mu is
0.0002564102564102564
number of trials is
31200
number of Z or Y failures is
8
number of X failures is
0
average trial time
215.5893722972647
stderr is
9.064454504076761e-5
target is
2.5641025641025643e-5
mu is
0.00025477707006369424
number of trials is
31400
number of Z or Y failures is
8
number of X failures is
0
average trial time
216.93893883325953
stderr is
9.006725562395338e-5
target is
2.5477707006369424e-5
mu is
0.00025316455696202533
number of trials is
31600
number of Z or Y failures is
8
number of X failures is
0
average trial time
218.3277228253445
stderr is
8.9497272858347e-5
target is
2.5316455696202533e-5
mu is
0.00025157232704402514
number of trials is
31800
number of Z or Y failures is
8
number of X failures is
0
average trial time
219.71534738790456
stderr is
8.893445889778865e-5
target is
2.5157232704402517e-5
mu is
0.00025
number of trials is
32000
number of Z or Y failures is
8
number of X failures is
0
average trial time
221.08708523930966
stderr is
8.83786793418954e-5
target is
2.5e-5
mu is
0.0002484472049689441
number of trials is
32200
number of Z or Y failures is
8
number of X failures is
0
average trial time
222.4612959168497
stderr is
8.78298031290609e-5
target is
2.4844720496894414e-5
mu is
0.0002469135802469136
number of trials is
32400
number of Z or Y failures is
8
number of X failures is
0
average trial time
223.81020671406998
stderr is
8.728770243341794e-5
target is
2.469135802469136e-5
mu is
0.000245398773006135
number of trials is
32600
number of Z or Y failures is
8
number of X failures is
0
average trial time
225.17542380841493
stderr is
8.675225256559347e-5
target is
2.45398773006135e-5
mu is
0.00024390243902439024
number of trials is
32800
number of Z or Y failures is
8
number of X failures is
0
average trial time
226.55004388577473
stderr is
8.622333187709371e-5
target is
2.4390243902439026e-5
mu is
0.00024242424242424242
number of trials is
33000
number of Z or Y failures is
8
number of X failures is
0
average trial time
227.90531849182477
stderr is
8.570082166816635e-5
target is
2.4242424242424244e-5
mu is
0.00024096385542168674
number of trials is
33200
number of Z or Y failures is
8
number of X failures is
0
average trial time
229.28498690774478
stderr is
8.51846060989922e-5
target is
2.4096385542168674e-5
mu is
0.00023952095808383233
number of trials is
33400
number of Z or Y failures is
8
number of X failures is
0
average trial time
230.64698221020961
stderr is
8.467457210406761e-5
target is
2.3952095808383234e-5
mu is
0.0002380952380952381
number of trials is
33600
number of Z or Y failures is
8
number of X failures is
0
average trial time
232.01185089670926
stderr is
8.417060930964399e-5
target is
2.380952380952381e-5
mu is
0.00023668639053254438
number of trials is
33800
number of Z or Y failures is
8
number of X failures is
0
average trial time
233.36278465209466
stderr is
8.367260995409847e-5
target is
2.3668639053254438e-5
mu is
0.00023529411764705883
number of trials is
34000
number of Z or Y failures is
8
number of X failures is
0
average trial time
234.73772133461472
stderr is
8.318046881111454e-5
target is
2.3529411764705884e-5
mu is
0.00023391812865497077
number of trials is
34200
number of Z or Y failures is
8
number of X failures is
0
average trial time
236.09600683341446
stderr is
8.26940831155579e-5
target is
2.3391812865497078e-5
mu is
0.00023255813953488373
number of trials is
34400
number of Z or Y failures is
8
number of X failures is
0
average trial time
237.45492038195937
stderr is
8.221335249193769e-5
target is
2.3255813953488374e-5
mu is
0.00023121387283236994
number of trials is
34600
number of Z or Y failures is
8
number of X failures is
0
average trial time
238.81589751663444
stderr is
8.173817888534875e-5
target is
2.3121387283236996e-5
mu is
0.00022988505747126436
number of trials is
34800
number of Z or Y failures is
8
number of X failures is
0
average trial time
240.17804035222463
stderr is
8.126846649479477e-5
target is
2.2988505747126437e-5
mu is
0.00022857142857142857
number of trials is
35000
number of Z or Y failures is
8
number of X failures is
0
average trial time
241.52741097070447
stderr is
8.08041217087973e-5
target is
2.2857142857142858e-5
mu is
0.00022727272727272727
number of trials is
35200
number of Z or Y failures is
8
number of X failures is
0
average trial time
242.8998705366644
stderr is
8.034505304319983e-5
target is
2.272727272727273e-5
mu is
0.00022598870056497175
number of trials is
35400
number of Z or Y failures is
8
number of X failures is
0
average trial time
244.2520876221797
stderr is
7.989117108107983e-5
target is
2.2598870056497175e-5
mu is
0.00022471910112359551
number of trials is
35600
number of Z or Y failures is
8
number of X failures is
0
average trial time
245.6056663363798
stderr is
7.944238841468609e-5
target is
2.2471910112359552e-5
mu is
0.000223463687150838
number of trials is
35800
number of Z or Y failures is
8
number of X failures is
0
average trial time
246.95944715545482
stderr is
7.899861958932215e-5
target is
2.23463687150838e-5
mu is
0.00022222222222222223
number of trials is
36000
number of Z or Y failures is
8
number of X failures is
0
average trial time
248.30614405697486
stderr is
7.855978104910003e-5
target is
2.2222222222222223e-5
mu is
0.00022099447513812155
number of trials is
36200
number of Z or Y failures is
8
number of X failures is
0
average trial time
249.66727105928973
stderr is
7.812579108449204e-5
target is
2.2099447513812157e-5
mu is
0.00021978021978021978
number of trials is
36400
number of Z or Y failures is
8
number of X failures is
0
average trial time
251.02983598202977
stderr is
7.769656978161146e-5
target is
2.197802197802198e-5
mu is
0.0002185792349726776
slurmstepd: error: *** JOB 582 ON cpu48-dy-c5a12xlarge-68 CANCELLED AT 2021-06-21T17:10:18 ***
