mu is
0.0
number of trials is
200
number of Z or Y failures is
0
number of X failures is
0
average trial time
1.383677838290001
mu is
0.0
number of trials is
400
number of Z or Y failures is
0
number of X failures is
0
average trial time
2.6124441579550006
mu is
0.0
number of trials is
600
number of Z or Y failures is
0
number of X failures is
0
average trial time
3.8270075681000013
mu is
0.0
number of trials is
800
number of Z or Y failures is
0
number of X failures is
0
average trial time
5.046773778325001
mu is
0.0
number of trials is
1000
number of Z or Y failures is
0
number of X failures is
0
average trial time
6.25392059650501
mu is
0.0
number of trials is
1200
number of Z or Y failures is
0
number of X failures is
0
average trial time
7.463224112355008
mu is
0.0
number of trials is
1400
number of Z or Y failures is
0
number of X failures is
0
average trial time
8.69307313306001
mu is
0.0
number of trials is
1600
number of Z or Y failures is
0
number of X failures is
0
average trial time
9.898139101660002
mu is
0.0
number of trials is
1800
number of Z or Y failures is
0
number of X failures is
0
average trial time
11.095888473035023
mu is
0.0
number of trials is
2000
number of Z or Y failures is
0
number of X failures is
0
average trial time
12.299322807060015
mu is
0.0
number of trials is
2200
number of Z or Y failures is
0
number of X failures is
0
average trial time
13.507329795154998
mu is
0.0
number of trials is
2400
number of Z or Y failures is
0
number of X failures is
0
average trial time
14.739519304034978
mu is
0.0
number of trials is
2600
number of Z or Y failures is
0
number of X failures is
0
average trial time
15.967978176104975
mu is
0.0
number of trials is
2800
number of Z or Y failures is
0
number of X failures is
0
average trial time
17.19162011816997
mu is
0.0
number of trials is
3000
number of Z or Y failures is
0
number of X failures is
0
average trial time
18.42885898177496
mu is
0.0
number of trials is
3200
number of Z or Y failures is
0
number of X failures is
0
average trial time
19.683253836554965
mu is
0.0
number of trials is
3400
number of Z or Y failures is
0
number of X failures is
0
average trial time
20.92897041245996
mu is
0.0
number of trials is
3600
number of Z or Y failures is
0
number of X failures is
0
average trial time
22.17193571013995
mu is
0.0
number of trials is
3800
number of Z or Y failures is
0
number of X failures is
0
average trial time
23.437376711594947
mu is
0.0
number of trials is
4000
number of Z or Y failures is
0
number of X failures is
0
average trial time
24.73115108890996
mu is
0.0
number of trials is
4200
number of Z or Y failures is
0
number of X failures is
0
average trial time
25.99704062870996
mu is
0.0
number of trials is
4400
number of Z or Y failures is
0
number of X failures is
0
average trial time
27.293478797449957
mu is
0.0
number of trials is
4600
number of Z or Y failures is
0
number of X failures is
0
average trial time
28.577087624404967
mu is
0.0
number of trials is
4800
number of Z or Y failures is
0
number of X failures is
0
average trial time
29.850847656459987
mu is
0.0
number of trials is
5000
number of Z or Y failures is
0
number of X failures is
0
average trial time
31.17177023529496
mu is
0.0
number of trials is
5200
number of Z or Y failures is
0
number of X failures is
0
average trial time
32.524852981014966
mu is
0.0
number of trials is
5400
number of Z or Y failures is
0
number of X failures is
0
average trial time
33.854230910179936
mu is
0.0
number of trials is
5600
number of Z or Y failures is
0
number of X failures is
0
average trial time
35.14309459951492
mu is
0.0
number of trials is
5800
number of Z or Y failures is
0
number of X failures is
0
average trial time
36.46955296734993
mu is
0.0
number of trials is
6000
number of Z or Y failures is
0
number of X failures is
0
average trial time
37.803993666464905
mu is
0.0
number of trials is
6200
number of Z or Y failures is
0
number of X failures is
0
average trial time
39.165498180719865
mu is
0.0
number of trials is
6400
number of Z or Y failures is
0
number of X failures is
0
average trial time
40.544340337969885
mu is
0.0
number of trials is
6600
number of Z or Y failures is
0
number of X failures is
0
average trial time
41.927045213719886
mu is
0.0
number of trials is
6800
number of Z or Y failures is
0
number of X failures is
0
average trial time
43.3120795452499
mu is
0.0
number of trials is
7000
number of Z or Y failures is
0
number of X failures is
0
average trial time
44.69070846480485
mu is
0.0
number of trials is
7200
number of Z or Y failures is
0
number of X failures is
0
average trial time
46.08141585975483
mu is
0.0
number of trials is
7400
number of Z or Y failures is
0
number of X failures is
0
average trial time
47.45559565866989
mu is
0.00013157894736842105
number of trials is
7600
number of Z or Y failures is
1
number of X failures is
0
average trial time
48.86120665375989
mu is
0.0001282051282051282
number of trials is
7800
number of Z or Y failures is
1
number of X failures is
0
average trial time
50.24254901170989
mu is
0.000125
number of trials is
8000
number of Z or Y failures is
1
number of X failures is
0
average trial time
51.61903222077986
mu is
0.00012195121951219512
number of trials is
8200
number of Z or Y failures is
1
number of X failures is
0
average trial time
53.01563663266483
mu is
0.00011904761904761905
number of trials is
8400
number of Z or Y failures is
1
number of X failures is
0
average trial time
54.44313473465485
mu is
0.00011627906976744187
number of trials is
8600
number of Z or Y failures is
1
number of X failures is
0
average trial time
55.86131942937982
mu is
0.00011363636363636364
number of trials is
8800
number of Z or Y failures is
1
number of X failures is
0
average trial time
57.31801576407984
mu is
0.00011111111111111112
number of trials is
9000
number of Z or Y failures is
1
number of X failures is
0
average trial time
58.75446831017481
mu is
0.00010869565217391305
number of trials is
9200
number of Z or Y failures is
1
number of X failures is
0
average trial time
60.20091508106481
mu is
0.00010638297872340425
number of trials is
9400
number of Z or Y failures is
1
number of X failures is
0
average trial time
61.647202307889756
mu is
0.00010416666666666667
number of trials is
9600
number of Z or Y failures is
1
number of X failures is
0
average trial time
63.08046406350476
mu is
0.00010204081632653062
number of trials is
9800
number of Z or Y failures is
1
number of X failures is
0
average trial time
64.52854682060975
mu is
0.0001
number of trials is
10000
number of Z or Y failures is
1
number of X failures is
0
average trial time
65.97376008647973
mu is
9.80392156862745e-5
number of trials is
10200
number of Z or Y failures is
1
number of X failures is
0
average trial time
67.40466698082473
mu is
9.615384615384615e-5
number of trials is
10400
number of Z or Y failures is
1
number of X failures is
0
average trial time
68.84792294817979
mu is
9.433962264150943e-5
number of trials is
10600
number of Z or Y failures is
1
number of X failures is
0
average trial time
70.2941077147898
mu is
9.259259259259259e-5
number of trials is
10800
number of Z or Y failures is
1
number of X failures is
0
average trial time
71.77266115999483
mu is
9.09090909090909e-5
number of trials is
11000
number of Z or Y failures is
1
number of X failures is
0
average trial time
73.21804894752485
mu is
8.928571428571429e-5
number of trials is
11200
number of Z or Y failures is
1
number of X failures is
0
average trial time
74.63891517902985
mu is
8.771929824561403e-5
number of trials is
11400
number of Z or Y failures is
1
number of X failures is
0
average trial time
76.07479888313492
mu is
8.620689655172413e-5
number of trials is
11600
number of Z or Y failures is
1
number of X failures is
0
average trial time
77.5212964803099
mu is
8.474576271186441e-5
number of trials is
11800
number of Z or Y failures is
1
number of X failures is
0
average trial time
78.99023374574485
mu is
8.333333333333333e-5
number of trials is
12000
number of Z or Y failures is
1
number of X failures is
0
average trial time
80.43707039159989
mu is
8.19672131147541e-5
number of trials is
12200
number of Z or Y failures is
1
number of X failures is
0
average trial time
81.9049610589199
mu is
8.064516129032258e-5
number of trials is
12400
number of Z or Y failures is
1
number of X failures is
0
average trial time
83.36948500019986
mu is
7.936507936507937e-5
number of trials is
12600
number of Z or Y failures is
1
number of X failures is
0
average trial time
84.83727480365
mu is
0.00015625
number of trials is
12800
number of Z or Y failures is
2
number of X failures is
0
average trial time
86.29313634021504
mu is
0.00015384615384615385
number of trials is
13000
number of Z or Y failures is
2
number of X failures is
0
average trial time
87.73268834169507
mu is
0.00015151515151515152
number of trials is
13200
number of Z or Y failures is
2
number of X failures is
0
average trial time
89.1875887824651
mu is
0.00014925373134328358
number of trials is
13400
number of Z or Y failures is
2
number of X failures is
0
average trial time
90.64550881843505
mu is
0.00014705882352941175
number of trials is
13600
number of Z or Y failures is
2
number of X failures is
0
average trial time
92.10169000919012
mu is
0.00014492753623188405
number of trials is
13800
number of Z or Y failures is
2
number of X failures is
0
average trial time
93.55721445729506
mu is
0.00014285714285714287
number of trials is
14000
number of Z or Y failures is
2
number of X failures is
0
average trial time
95.0108780069151
mu is
0.00014084507042253522
number of trials is
14200
number of Z or Y failures is
2
number of X failures is
0
average trial time
96.44856241505501
mu is
0.0001388888888888889
number of trials is
14400
number of Z or Y failures is
2
number of X failures is
0
average trial time
97.91091901798487
mu is
0.000136986301369863
number of trials is
14600
number of Z or Y failures is
2
number of X failures is
0
average trial time
99.34132756662478
mu is
0.00013513513513513514
number of trials is
14800
number of Z or Y failures is
2
number of X failures is
0
average trial time
100.7760269611497
mu is
0.00013333333333333334
number of trials is
15000
number of Z or Y failures is
2
number of X failures is
0
average trial time
102.22479057905964
mu is
0.00013157894736842105
number of trials is
15200
number of Z or Y failures is
2
number of X failures is
0
average trial time
103.67715144560961
mu is
0.00012987012987012987
number of trials is
15400
number of Z or Y failures is
2
number of X failures is
0
average trial time
105.12555221322957
mu is
0.0001282051282051282
number of trials is
15600
number of Z or Y failures is
2
number of X failures is
0
average trial time
106.54960855268962
mu is
0.00012658227848101267
number of trials is
15800
number of Z or Y failures is
2
number of X failures is
0
average trial time
108.01184295534966
mu is
0.000125
number of trials is
16000
number of Z or Y failures is
2
number of X failures is
0
average trial time
109.4321357322997
mu is
0.0001234567901234568
number of trials is
16200
number of Z or Y failures is
2
number of X failures is
0
average trial time
110.89908745764464
mu is
0.00012195121951219512
number of trials is
16400
number of Z or Y failures is
2
number of X failures is
0
average trial time
112.3497843538246
mu is
0.00012048192771084337
number of trials is
16600
number of Z or Y failures is
2
number of X failures is
0
average trial time
113.80438697618452
mu is
0.00017857142857142857
number of trials is
16800
number of Z or Y failures is
3
number of X failures is
0
average trial time
115.23723762313959
mu is
0.00017647058823529413
number of trials is
17000
number of Z or Y failures is
3
number of X failures is
0
average trial time
116.68932520108449
mu is
0.0001744186046511628
number of trials is
17200
number of Z or Y failures is
3
number of X failures is
0
average trial time
118.13429873843953
mu is
0.00017241379310344826
number of trials is
17400
number of Z or Y failures is
3
number of X failures is
0
average trial time
119.62040724944445
mu is
0.00017045454545454547
number of trials is
17600
number of Z or Y failures is
3
number of X failures is
0
average trial time
121.02103689535956
mu is
0.00016853932584269662
number of trials is
17800
number of Z or Y failures is
3
number of X failures is
0
average trial time
122.46567155730459
mu is
0.00016666666666666666
number of trials is
18000
number of Z or Y failures is
3
number of X failures is
0
average trial time
123.90702610894452
mu is
0.00016483516483516484
number of trials is
18200
number of Z or Y failures is
3
number of X failures is
0
average trial time
125.35539497153944
mu is
0.00016304347826086958
number of trials is
18400
number of Z or Y failures is
3
number of X failures is
0
average trial time
126.75700657710951
mu is
0.00016129032258064516
number of trials is
18600
number of Z or Y failures is
3
number of X failures is
0
average trial time
128.18870955826446
mu is
0.00015957446808510637
number of trials is
18800
number of Z or Y failures is
3
number of X failures is
0
average trial time
129.6108190758495
mu is
0.00015789473684210527
number of trials is
19000
number of Z or Y failures is
3
number of X failures is
0
average trial time
131.06673739067452
mu is
0.00015625
number of trials is
19200
number of Z or Y failures is
3
number of X failures is
0
average trial time
132.4842469768545
mu is
0.00015463917525773195
number of trials is
19400
number of Z or Y failures is
3
number of X failures is
0
average trial time
133.9443158185545
mu is
0.0001530612244897959
number of trials is
19600
number of Z or Y failures is
3
number of X failures is
0
average trial time
135.35616279007942
mu is
0.00015151515151515152
number of trials is
19800
number of Z or Y failures is
3
number of X failures is
0
average trial time
136.74943959736956
mu is
0.0002
number of trials is
20000
number of Z or Y failures is
4
number of X failures is
0
average trial time
138.1865078579146
mu is
0.00019801980198019803
number of trials is
20200
number of Z or Y failures is
4
number of X failures is
0
average trial time
139.6068883687646
mu is
0.000196078431372549
number of trials is
20400
number of Z or Y failures is
4
number of X failures is
0
average trial time
141.0297307265395
mu is
0.0001941747572815534
number of trials is
20600
number of Z or Y failures is
4
number of X failures is
0
average trial time
142.43584348084448
mu is
0.0001923076923076923
number of trials is
20800
number of Z or Y failures is
4
number of X failures is
0
average trial time
143.84959020686958
mu is
0.00019047619047619048
number of trials is
21000
number of Z or Y failures is
4
number of X failures is
0
average trial time
145.27302725780459
mu is
0.00018867924528301886
number of trials is
21200
number of Z or Y failures is
4
number of X failures is
0
average trial time
146.66330927808957
mu is
0.00018691588785046728
number of trials is
21400
number of Z or Y failures is
4
number of X failures is
0
average trial time
148.0903165171945
mu is
0.00018518518518518518
number of trials is
21600
number of Z or Y failures is
4
number of X failures is
0
average trial time
149.50802429587964
mu is
0.0001834862385321101
number of trials is
21800
number of Z or Y failures is
4
number of X failures is
0
average trial time
150.9073227190097
mu is
0.0001818181818181818
number of trials is
22000
number of Z or Y failures is
4
number of X failures is
0
average trial time
152.36452901984467
mu is
0.00018018018018018018
number of trials is
22200
number of Z or Y failures is
4
number of X failures is
0
average trial time
153.7803506761597
mu is
0.00017857142857142857
number of trials is
22400
number of Z or Y failures is
4
number of X failures is
0
average trial time
155.1679763910797
mu is
0.00017699115044247788
number of trials is
22600
number of Z or Y failures is
4
number of X failures is
0
average trial time
156.60894851188476
mu is
0.00017543859649122806
number of trials is
22800
number of Z or Y failures is
4
number of X failures is
0
average trial time
158.01241934344978
mu is
0.00017391304347826088
number of trials is
23000
number of Z or Y failures is
4
number of X failures is
0
average trial time
159.39776255321965
mu is
0.00017241379310344826
number of trials is
23200
number of Z or Y failures is
4
number of X failures is
0
average trial time
160.83197047159464
mu is
0.00017094017094017094
number of trials is
23400
number of Z or Y failures is
4
number of X failures is
0
average trial time
162.22414802196465
mu is
0.00016949152542372882
number of trials is
23600
number of Z or Y failures is
4
number of X failures is
0
average trial time
163.63086606060455
mu is
0.0001680672268907563
number of trials is
23800
number of Z or Y failures is
4
number of X failures is
0
average trial time
165.0864066305795
mu is
0.00016666666666666666
number of trials is
24000
number of Z or Y failures is
4
number of X failures is
0
average trial time
166.5273003930344
mu is
0.00016528925619834712
number of trials is
24200
number of Z or Y failures is
4
number of X failures is
0
average trial time
167.92399602921432
mu is
0.0001639344262295082
number of trials is
24400
number of Z or Y failures is
4
number of X failures is
0
average trial time
169.31344268784923
mu is
0.00016260162601626016
number of trials is
24600
number of Z or Y failures is
4
number of X failures is
0
average trial time
170.74205716199435
mu is
0.00016129032258064516
number of trials is
24800
number of Z or Y failures is
4
number of X failures is
0
average trial time
172.15038278855437
mu is
0.00016
number of trials is
25000
number of Z or Y failures is
4
number of X failures is
0
average trial time
173.53836780206427
mu is
0.00015873015873015873
number of trials is
25200
number of Z or Y failures is
4
number of X failures is
0
average trial time
174.90986091938427
mu is
0.00015748031496062991
number of trials is
25400
number of Z or Y failures is
4
number of X failures is
0
average trial time
176.3232249179593
mu is
0.00015625
number of trials is
25600
number of Z or Y failures is
4
number of X failures is
0
average trial time
177.7361411836342
mu is
0.0001550387596899225
number of trials is
25800
number of Z or Y failures is
4
number of X failures is
0
average trial time
179.12473881643422
mu is
0.00015384615384615385
number of trials is
26000
number of Z or Y failures is
4
number of X failures is
0
average trial time
180.51577744944927
mu is
0.00015267175572519084
number of trials is
26200
number of Z or Y failures is
4
number of X failures is
0
average trial time
181.89913733955416
mu is
0.00015151515151515152
number of trials is
26400
number of Z or Y failures is
4
number of X failures is
0
average trial time
183.31952703075407
mu is
0.00015037593984962405
number of trials is
26600
number of Z or Y failures is
4
number of X failures is
0
average trial time
184.73597991477394
mu is
0.00014925373134328358
number of trials is
26800
number of Z or Y failures is
4
number of X failures is
0
average trial time
186.13340577456387
mu is
0.00014814814814814815
number of trials is
27000
number of Z or Y failures is
4
number of X failures is
0
average trial time
187.51643788869399
mu is
0.00014705882352941175
number of trials is
27200
number of Z or Y failures is
4
number of X failures is
0
average trial time
188.88455508238903
mu is
0.00014598540145985403
number of trials is
27400
number of Z or Y failures is
4
number of X failures is
0
average trial time
190.25204292881403
mu is
0.00014492753623188405
number of trials is
27600
number of Z or Y failures is
4
number of X failures is
0
average trial time
191.6538921401791
mu is
0.00014388489208633093
number of trials is
27800
number of Z or Y failures is
4
number of X failures is
0
average trial time
193.05203471159405
mu is
0.00014285714285714287
number of trials is
28000
number of Z or Y failures is
4
number of X failures is
0
average trial time
194.44511517955885
mu is
0.00014184397163120567
number of trials is
28200
number of Z or Y failures is
4
number of X failures is
0
average trial time
195.8483461115285
mu is
0.00014084507042253522
number of trials is
28400
number of Z or Y failures is
4
number of X failures is
0
average trial time
197.24232833757367
mu is
0.00013986013986013986
number of trials is
28600
number of Z or Y failures is
4
number of X failures is
0
average trial time
198.59477882596357
mu is
0.0001388888888888889
number of trials is
28800
number of Z or Y failures is
4
number of X failures is
0
average trial time
199.94049489069857
mu is
0.00017241379310344826
number of trials is
29000
number of Z or Y failures is
5
number of X failures is
0
average trial time
201.2975334706086
stderr is
7.710047431996331e-5
target is
1.7241379310344828e-5
mu is
0.00017123287671232877
number of trials is
29200
number of Z or Y failures is
5
number of X failures is
0
average trial time
202.67386130526359
stderr is
7.657242505711902e-5
target is
1.712328767123288e-5
mu is
0.00017006802721088434
number of trials is
29400
number of Z or Y failures is
5
number of X failures is
0
average trial time
204.10031293244347
stderr is
7.605155964908836e-5
target is
1.7006802721088435e-5
mu is
0.00016891891891891893
number of trials is
29600
number of Z or Y failures is
5
number of X failures is
0
average trial time
205.4936180747685
stderr is
7.55377324870365e-5
target is
1.6891891891891892e-5
mu is
0.00016778523489932885
number of trials is
29800
number of Z or Y failures is
5
number of X failures is
0
average trial time
206.8692805194033
stderr is
7.503080187082811e-5
target is
1.6778523489932884e-5
mu is
0.00016666666666666666
number of trials is
30000
number of Z or Y failures is
5
number of X failures is
0
average trial time
208.24393914231305
stderr is
7.453062987874605e-5
target is
1.6666666666666667e-5
mu is
0.00016556291390728477
number of trials is
30200
number of Z or Y failures is
5
number of X failures is
0
average trial time
209.6169638857131
stderr is
7.403708224238651e-5
target is
1.6556291390728477e-5
mu is
0.0001644736842105263
number of trials is
30400
number of Z or Y failures is
5
number of X failures is
0
average trial time
210.97735054832313
stderr is
7.355002822649209e-5
target is
1.644736842105263e-5
mu is
0.0001633986928104575
number of trials is
30600
number of Z or Y failures is
5
number of X failures is
0
average trial time
212.32940565866298
stderr is
7.306934051349717e-5
target is
1.633986928104575e-5
mu is
0.00016233766233766234
number of trials is
30800
number of Z or Y failures is
5
number of X failures is
0
average trial time
213.70859049410817
stderr is
7.259489509257096e-5
target is
1.6233766233766234e-5
mu is
0.00016129032258064516
number of trials is
31000
number of Z or Y failures is
5
number of X failures is
0
average trial time
215.07860013948317
stderr is
7.212657115295557e-5
target is
1.6129032258064517e-5
mu is
0.00016025641025641026
number of trials is
31200
number of Z or Y failures is
5
number of X failures is
0
average trial time
216.45295365323818
stderr is
7.166425098140624e-5
target is
1.6025641025641026e-5
mu is
0.0001592356687898089
number of trials is
31400
number of Z or Y failures is
5
number of X failures is
0
average trial time
217.82458537988833
stderr is
7.120781986355054e-5
target is
1.592356687898089e-5
mu is
0.00015822784810126583
number of trials is
31600
number of Z or Y failures is
5
number of X failures is
0
average trial time
219.19506891166822
stderr is
7.075716598899352e-5
target is
1.5822784810126583e-5
mu is
0.00018867924528301886
number of trials is
31800
number of Z or Y failures is
6
number of X failures is
0
average trial time
220.56229379519837
stderr is
7.702192324554567e-5
target is
1.8867924528301888e-5
mu is
0.0001875
number of trials is
32000
number of Z or Y failures is
6
number of X failures is
0
average trial time
221.98281270719843
stderr is
7.654057384188549e-5
target is
1.8750000000000002e-5
mu is
0.00018633540372670808
number of trials is
32200
number of Z or Y failures is
6
number of X failures is
0
average trial time
223.39905692237838
stderr is
7.606520346950566e-5
target is
1.863354037267081e-5
mu is
0.00018518518518518518
number of trials is
32400
number of Z or Y failures is
6
number of X failures is
0
average trial time
224.8047984117783
stderr is
7.559570141415249e-5
target is
1.8518518518518518e-5
mu is
0.00018404907975460124
number of trials is
32600
number of Z or Y failures is
6
number of X failures is
0
average trial time
226.19616408565815
stderr is
7.513195967827806e-5
target is
1.8404907975460126e-5
mu is
0.00018292682926829268
number of trials is
32800
number of Z or Y failures is
6
number of X failures is
0
average trial time
227.58782682499273
stderr is
7.467387289822e-5
target is
1.8292682926829268e-5
mu is
0.0001818181818181818
number of trials is
33000
number of Z or Y failures is
6
number of X failures is
0
average trial time
228.95962981089284
stderr is
7.422133826439302e-5
target is
1.8181818181818182e-5
mu is
0.00018072289156626507
number of trials is
33200
number of Z or Y failures is
6
number of X failures is
0
average trial time
230.2985479678078
stderr is
7.377425544436449e-5
target is
1.807228915662651e-5
mu is
0.00017964071856287425
number of trials is
33400
number of Z or Y failures is
6
number of X failures is
0
average trial time
231.656345642408
stderr is
7.333252650869382e-5
target is
1.7964071856287426e-5
mu is
0.00017857142857142857
number of trials is
33600
number of Z or Y failures is
6
number of X failures is
0
average trial time
233.02825130251819
stderr is
7.289605585942024e-5
target is
1.785714285714286e-5
mu is
0.00017751479289940828
number of trials is
33800
number of Z or Y failures is
6
number of X failures is
0
average trial time
234.38996599157844
stderr is
7.246475016108905e-5
target is
1.7751479289940828e-5
mu is
0.00017647058823529413
number of trials is
34000
number of Z or Y failures is
6
number of X failures is
0
average trial time
235.74430993184862
stderr is
7.203851827421238e-5
target is
1.7647058823529414e-5
mu is
0.00017543859649122806
number of trials is
34200
number of Z or Y failures is
6
number of X failures is
0
average trial time
237.10221561842857
stderr is
7.161727119106429e-5
target is
1.7543859649122806e-5
mu is
0.0001744186046511628
number of trials is
34400
number of Z or Y failures is
6
number of X failures is
0
average trial time
238.48989904984344
stderr is
7.120092197371535e-5
target is
1.744186046511628e-5
mu is
0.00017341040462427745
number of trials is
34600
number of Z or Y failures is
6
number of X failures is
0
average trial time
239.85268349191838
stderr is
7.078938569421635e-5
target is
1.7341040462427746e-5
mu is
0.00017241379310344826
number of trials is
34800
number of Z or Y failures is
6
number of X failures is
0
average trial time
241.21827159254354
stderr is
7.038257937684444e-5
target is
1.7241379310344828e-5
mu is
0.00017142857142857143
number of trials is
35000
number of Z or Y failures is
6
number of X failures is
0
average trial time
242.59457762692847
stderr is
6.99804219423291e-5
target is
1.7142857142857142e-5
mu is
0.00017045454545454547
number of trials is
35200
number of Z or Y failures is
6
number of X failures is
0
average trial time
243.97881483541366
stderr is
6.958283415397963e-5
target is
1.7045454545454546e-5
mu is
0.00016949152542372882
number of trials is
35400
number of Z or Y failures is
6
number of X failures is
0
average trial time
245.33990205085854
stderr is
6.918973856563837e-5
target is
1.6949152542372885e-5
mu is
0.00016853932584269662
number of trials is
35600
number of Z or Y failures is
6
number of X failures is
0
average trial time
246.6953344284585
stderr is
6.880105947138857e-5
target is
1.685393258426966e-5
mu is
0.0001675977653631285
number of trials is
35800
number of Z or Y failures is
6
number of X failures is
0
average trial time
248.07691148695864
stderr is
6.841672285694752e-5
target is
1.675977653631285e-5
mu is
0.00016666666666666666
number of trials is
36000
number of Z or Y failures is
6
number of X failures is
0
average trial time
249.46196477291366
stderr is
6.803665635268008e-5
target is
1.6666666666666667e-5
mu is
0.00016574585635359117
number of trials is
36200
number of Z or Y failures is
6
number of X failures is
0
average trial time
250.8341246730588
stderr is
6.766078918816955e-5
target is
1.6574585635359117e-5
mu is
0.00016483516483516484
number of trials is
36400
number of Z or Y failures is
6
number of X failures is
0
average trial time
252.22066837168381
stderr is
6.728905214828614e-5
target is
1.6483516483516486e-5
mu is
0.0001639344262295082
number of trials is
36600
number of Z or Y failures is
6
number of X failures is
0
average trial time
253.60374983254383
stderr is
6.692137753069561e-5
target is
1.639344262295082e-5
mu is
0.00016304347826086958
number of trials is
36800
number of Z or Y failures is
6
number of X failures is
0
average trial time
254.96939225337883
stderr is
6.655769910475361e-5
target is
1.630434782608696e-5
mu is
0.00016216216216216215
number of trials is
37000
number of Z or Y failures is
6
number of X failures is
0
average trial time
256.3297155607037
stderr is
6.619795207173291e-5
target is
1.6216216216216215e-5
mu is
0.00016129032258064516
number of trials is
37200
number of Z or Y failures is
6
number of X failures is
0
average trial time
257.6890418273188
stderr is
6.584207302633353e-5
target is
1.6129032258064517e-5
mu is
0.00016042780748663101
number of trials is
37400
number of Z or Y failures is
6
number of X failures is
0
average trial time
259.0828201356141
stderr is
6.548999991942793e-5
target is
1.60427807486631e-5
mu is
0.00015957446808510637
number of trials is
37600
number of Z or Y failures is
6
number of X failures is
0
average trial time
260.49147435197426
stderr is
6.514167202199494e-5
target is
1.5957446808510637e-5
mu is
0.00015873015873015873
number of trials is
37800
number of Z or Y failures is
6
number of X failures is
0
average trial time
261.8761881829442
stderr is
6.47970298901986e-5
target is
1.5873015873015872e-5
mu is
0.00015789473684210527
number of trials is
38000
number of Z or Y failures is
6
number of X failures is
0
average trial time
263.25470082357396
stderr is
6.445601533156978e-5
target is
1.5789473684210526e-5
mu is
0.00015706806282722512
number of trials is
38200
number of Z or Y failures is
6
number of X failures is
0
average trial time
264.6328312625439
stderr is
6.411857137225e-5
target is
1.570680628272251e-5
mu is
0.00015625
number of trials is
38400
number of Z or Y failures is
6
number of X failures is
0
average trial time
266.0005585151093
stderr is
6.378464222525878e-5
target is
1.5625e-5
mu is
0.000155440414507772
number of trials is
38600
number of Z or Y failures is
6
number of X failures is
0
average trial time
267.34984804872926
stderr is
6.345417325974767e-5
target is
1.55440414507772e-5
mu is
0.00015463917525773195
number of trials is
38800
number of Z or Y failures is
6
number of X failures is
0
average trial time
268.7387400296392
stderr is
6.312711097120478e-5
target is
1.5463917525773194e-5
mu is
0.00015384615384615385
number of trials is
39000
number of Z or Y failures is
6
number of X failures is
0
average trial time
270.1022991548041
stderr is
6.280340295257628e-5
target is
1.5384615384615387e-5
mu is
0.0001530612244897959
number of trials is
39200
number of Z or Y failures is
6
number of X failures is
0
average trial time
271.470057753909
stderr is
6.248299786627182e-5
target is
1.530612244897959e-5
mu is
0.00015228426395939087
number of trials is
39400
number of Z or Y failures is
6
number of X failures is
0
average trial time
272.852813910409
stderr is
6.21658454170225e-5
target is
1.5228426395939088e-5
mu is
0.00015151515151515152
number of trials is
39600
number of Z or Y failures is
6
number of X failures is
0
average trial time
274.2271809637837
stderr is
6.185189632556126e-5
target is
1.5151515151515153e-5
mu is
0.00015075376884422112
number of trials is
39800
number of Z or Y failures is
6
number of X failures is
0
average trial time
275.5961718570889
stderr is
6.15411023030968e-5
target is
1.5075376884422112e-5
mu is
0.00015
number of trials is
40000
number of Z or Y failures is
6
number of X failures is
0
average trial time
276.9496222326388
stderr is
6.123341602655332e-5
target is
1.4999999999999999e-5
mu is
0.00017412935323383086
number of trials is
40200
number of Z or Y failures is
7
number of X failures is
0
average trial time
278.3160407567539
stderr is
6.58097973795273e-5
target is
1.7412935323383088e-5
mu is
0.00017326732673267326
number of trials is
40400
number of Z or Y failures is
7
number of X failures is
0
average trial time
slurmstepd: error: *** JOB 558 ON cpu48-dy-c5a12xlarge-1 CANCELLED AT 2021-06-21T17:10:18 ***
