mu is
0.0
number of trials is
200
number of Z or Y failures is
0
number of X failures is
0
average trial time
1.3885040084550004
mu is
0.0
number of trials is
400
number of Z or Y failures is
0
number of X failures is
0
average trial time
2.60414926203
mu is
0.0
number of trials is
600
number of Z or Y failures is
0
number of X failures is
0
average trial time
3.8093289740849996
mu is
0.0
number of trials is
800
number of Z or Y failures is
0
number of X failures is
0
average trial time
5.002592041700001
mu is
0.0
number of trials is
1000
number of Z or Y failures is
0
number of X failures is
0
average trial time
6.211646007024999
mu is
0.0
number of trials is
1200
number of Z or Y failures is
0
number of X failures is
0
average trial time
7.4313723247649985
mu is
0.0
number of trials is
1400
number of Z or Y failures is
0
number of X failures is
0
average trial time
8.638435391544997
mu is
0.0
number of trials is
1600
number of Z or Y failures is
0
number of X failures is
0
average trial time
9.839541711114993
mu is
0.0
number of trials is
1800
number of Z or Y failures is
0
number of X failures is
0
average trial time
11.054383064159987
mu is
0.0
number of trials is
2000
number of Z or Y failures is
0
number of X failures is
0
average trial time
12.259602430694983
mu is
0.0
number of trials is
2200
number of Z or Y failures is
0
number of X failures is
0
average trial time
13.45978355251998
mu is
0.0
number of trials is
2400
number of Z or Y failures is
0
number of X failures is
0
average trial time
14.658084688949964
mu is
0.0
number of trials is
2600
number of Z or Y failures is
0
number of X failures is
0
average trial time
15.885122431939962
mu is
0.0
number of trials is
2800
number of Z or Y failures is
0
number of X failures is
0
average trial time
17.096268515744967
mu is
0.0
number of trials is
3000
number of Z or Y failures is
0
number of X failures is
0
average trial time
18.331132782654986
mu is
0.0
number of trials is
3200
number of Z or Y failures is
0
number of X failures is
0
average trial time
19.540142356239993
mu is
0.0
number of trials is
3400
number of Z or Y failures is
0
number of X failures is
0
average trial time
20.772640527185
mu is
0.0
number of trials is
3600
number of Z or Y failures is
0
number of X failures is
0
average trial time
22.009583212225042
mu is
0.0002631578947368421
number of trials is
3800
number of Z or Y failures is
1
number of X failures is
0
average trial time
23.272164139445067
mu is
0.00025
number of trials is
4000
number of Z or Y failures is
1
number of X failures is
0
average trial time
24.54074228919505
mu is
0.0002380952380952381
number of trials is
4200
number of Z or Y failures is
1
number of X failures is
0
average trial time
25.81984138307005
mu is
0.00022727272727272727
number of trials is
4400
number of Z or Y failures is
1
number of X failures is
0
average trial time
27.08270078746005
mu is
0.0002173913043478261
number of trials is
4600
number of Z or Y failures is
1
number of X failures is
0
average trial time
28.388415163800047
mu is
0.00020833333333333335
number of trials is
4800
number of Z or Y failures is
1
number of X failures is
0
average trial time
29.681771534235075
mu is
0.0002
number of trials is
5000
number of Z or Y failures is
1
number of X failures is
0
average trial time
30.960052330050058
mu is
0.0001923076923076923
number of trials is
5200
number of Z or Y failures is
1
number of X failures is
0
average trial time
32.28741731774007
mu is
0.00018518518518518518
number of trials is
5400
number of Z or Y failures is
1
number of X failures is
0
average trial time
33.61360952885006
mu is
0.00017857142857142857
number of trials is
5600
number of Z or Y failures is
1
number of X failures is
0
average trial time
34.96407917734507
mu is
0.00017241379310344826
number of trials is
5800
number of Z or Y failures is
1
number of X failures is
0
average trial time
36.272507490805054
mu is
0.00016666666666666666
number of trials is
6000
number of Z or Y failures is
1
number of X failures is
0
average trial time
37.61091464767506
mu is
0.00016129032258064516
number of trials is
6200
number of Z or Y failures is
1
number of X failures is
0
average trial time
38.956064027770076
mu is
0.00015625
number of trials is
6400
number of Z or Y failures is
1
number of X failures is
0
average trial time
40.30785775569007
mu is
0.00015151515151515152
number of trials is
6600
number of Z or Y failures is
1
number of X failures is
0
average trial time
41.67789179010502
mu is
0.00014705882352941175
number of trials is
6800
number of Z or Y failures is
1
number of X failures is
0
average trial time
43.04577304267504
mu is
0.00014285714285714287
number of trials is
7000
number of Z or Y failures is
1
number of X failures is
0
average trial time
44.415854977475036
mu is
0.0001388888888888889
number of trials is
7200
number of Z or Y failures is
1
number of X failures is
0
average trial time
45.80002334416504
mu is
0.00013513513513513514
number of trials is
7400
number of Z or Y failures is
1
number of X failures is
0
average trial time
47.17638963156998
mu is
0.00013157894736842105
number of trials is
7600
number of Z or Y failures is
1
number of X failures is
0
average trial time
48.59553248853002
mu is
0.0001282051282051282
number of trials is
7800
number of Z or Y failures is
1
number of X failures is
0
average trial time
49.99342829837505
mu is
0.000125
number of trials is
8000
number of Z or Y failures is
1
number of X failures is
0
average trial time
51.38880048289512
mu is
0.00012195121951219512
number of trials is
8200
number of Z or Y failures is
1
number of X failures is
0
average trial time
52.818807401645124
mu is
0.00011904761904761905
number of trials is
8400
number of Z or Y failures is
1
number of X failures is
0
average trial time
54.23306363231518
mu is
0.00011627906976744187
number of trials is
8600
number of Z or Y failures is
1
number of X failures is
0
average trial time
55.66152734174012
mu is
0.00011363636363636364
number of trials is
8800
number of Z or Y failures is
1
number of X failures is
0
average trial time
57.081240306525075
mu is
0.00011111111111111112
number of trials is
9000
number of Z or Y failures is
1
number of X failures is
0
average trial time
58.506209506090045
mu is
0.00010869565217391305
number of trials is
9200
number of Z or Y failures is
1
number of X failures is
0
average trial time
59.949034668355054
mu is
0.00010638297872340425
number of trials is
9400
number of Z or Y failures is
1
number of X failures is
0
average trial time
61.38562805818002
mu is
0.00010416666666666667
number of trials is
9600
number of Z or Y failures is
1
number of X failures is
0
average trial time
62.808056310810045
mu is
0.00010204081632653062
number of trials is
9800
number of Z or Y failures is
1
number of X failures is
0
average trial time
64.23563777487499
mu is
0.0001
number of trials is
10000
number of Z or Y failures is
1
number of X failures is
0
average trial time
65.67583664499503
mu is
9.80392156862745e-5
number of trials is
10200
number of Z or Y failures is
1
number of X failures is
0
average trial time
67.10280795901498
mu is
0.0001923076923076923
number of trials is
10400
number of Z or Y failures is
2
number of X failures is
0
average trial time
68.53481365946996
mu is
0.00018867924528301886
number of trials is
10600
number of Z or Y failures is
2
number of X failures is
0
average trial time
69.98403295675496
mu is
0.00018518518518518518
number of trials is
10800
number of Z or Y failures is
2
number of X failures is
0
average trial time
71.43512589189497
mu is
0.0001818181818181818
number of trials is
11000
number of Z or Y failures is
2
number of X failures is
0
average trial time
72.87740008853493
mu is
0.00017857142857142857
number of trials is
11200
number of Z or Y failures is
2
number of X failures is
0
average trial time
74.34185468470498
mu is
0.00017543859649122806
number of trials is
11400
number of Z or Y failures is
2
number of X failures is
0
average trial time
75.79159045891994
mu is
0.0002586206896551724
number of trials is
11600
number of Z or Y failures is
3
number of X failures is
0
average trial time
77.22555726907487
mu is
0.00033898305084745765
number of trials is
11800
number of Z or Y failures is
4
number of X failures is
0
average trial time
78.67085265925485
mu is
0.0003333333333333333
number of trials is
12000
number of Z or Y failures is
4
number of X failures is
0
average trial time
80.12593978402987
mu is
0.0003278688524590164
number of trials is
12200
number of Z or Y failures is
4
number of X failures is
0
average trial time
81.57633254189494
mu is
0.0004032258064516129
number of trials is
12400
number of Z or Y failures is
5
number of X failures is
0
average trial time
83.00967015296986
stderr is
0.00018029897283808975
target is
4.032258064516129e-5
mu is
0.0003968253968253968
number of trials is
12600
number of Z or Y failures is
5
number of X failures is
0
average trial time
84.44601203629988
stderr is
0.0001774375388670863
target is
3.968253968253968e-5
mu is
0.000390625
number of trials is
12800
number of Z or Y failures is
5
number of X failures is
0
average trial time
85.86414148149996
stderr is
0.00017466551072469822
target is
3.906250000000001e-5
mu is
0.0003846153846153846
number of trials is
13000
number of Z or Y failures is
5
number of X failures is
0
average trial time
87.32110381723
stderr is
0.00017197876262360358
target is
3.846153846153846e-5
mu is
0.0003787878787878788
number of trials is
13200
number of Z or Y failures is
5
number of X failures is
0
average trial time
88.7814851159501
stderr is
0.00016937341878625752
target is
3.787878787878788e-5
mu is
0.00037313432835820896
number of trials is
13400
number of Z or Y failures is
5
number of X failures is
0
average trial time
90.2208479319151
stderr is
0.0001668458347902353
target is
3.7313432835820896e-5
mu is
0.0003676470588235294
number of trials is
13600
number of Z or Y failures is
5
number of X failures is
0
average trial time
91.64352913582506
stderr is
0.00016439258055933264
target is
3.6764705882352945e-5
mu is
0.00036231884057971015
number of trials is
13800
number of Z or Y failures is
5
number of X failures is
0
average trial time
93.07796225949993
stderr is
0.00016201042483348567
target is
3.6231884057971014e-5
mu is
0.00035714285714285714
number of trials is
14000
number of Z or Y failures is
5
number of X failures is
0
average trial time
94.52308736304505
stderr is
0.00015969632096964992
target is
3.571428571428572e-5
mu is
0.00035211267605633805
number of trials is
14200
number of Z or Y failures is
5
number of X failures is
0
average trial time
95.97295139644496
stderr is
0.00015744739394243598
target is
3.5211267605633805e-5
mu is
0.00034722222222222224
number of trials is
14400
number of Z or Y failures is
5
number of X failures is
0
average trial time
97.42156626418502
stderr is
0.0001552609284278748
target is
3.472222222222222e-5
mu is
0.00034246575342465754
number of trials is
14600
number of Z or Y failures is
5
number of X failures is
0
average trial time
98.86592643429995
stderr is
0.00015313435786646484
target is
3.424657534246576e-5
mu is
0.00033783783783783786
number of trials is
14800
number of Z or Y failures is
5
number of X failures is
0
average trial time
100.31745733471512
stderr is
0.0001510652544128793
target is
3.3783783783783784e-5
mu is
0.0003333333333333333
number of trials is
15000
number of Z or Y failures is
5
number of X failures is
0
average trial time
101.75741746667016
stderr is
0.00014905131968958956
target is
3.3333333333333335e-5
mu is
0.0003289473684210526
number of trials is
15200
number of Z or Y failures is
5
number of X failures is
0
average trial time
103.20733325532996
stderr is
0.00014709037627036903
target is
3.289473684210526e-5
mu is
0.0003246753246753247
number of trials is
15400
number of Z or Y failures is
5
number of X failures is
0
average trial time
104.61433211389003
stderr is
0.0001451803598273342
target is
3.246753246753247e-5
mu is
0.0003205128205128205
number of trials is
15600
number of Z or Y failures is
5
number of X failures is
0
average trial time
106.05768296283006
stderr is
0.00014331931188198168
target is
3.205128205128205e-5
mu is
0.00031645569620253165
number of trials is
15800
number of Z or Y failures is
5
number of X failures is
0
average trial time
107.48503997735008
stderr is
0.00014150537310670937
target is
3.1645569620253167e-5
mu is
0.0003125
number of trials is
16000
number of Z or Y failures is
5
number of X failures is
0
average trial time
108.9234321178501
stderr is
0.00013973677712866126
target is
3.125e-5
mu is
0.00030864197530864197
number of trials is
16200
number of Z or Y failures is
5
number of X failures is
0
average trial time
110.35463453339005
stderr is
0.00013801184479248903
target is
3.08641975308642e-5
mu is
0.0003048780487804878
number of trials is
16400
number of Z or Y failures is
5
number of X failures is
0
average trial time
111.79111222704009
stderr is
0.00013632897884286127
target is
3.048780487804878e-5
mu is
0.00030120481927710846
number of trials is
16600
number of Z or Y failures is
5
number of X failures is
0
average trial time
113.21229028215514
stderr is
0.00013468665899132236
target is
3.012048192771085e-5
mu is
0.00029761904761904765
number of trials is
16800
number of Z or Y failures is
5
number of X failures is
0
average trial time
114.65531306441017
stderr is
0.00013308343733547723
target is
2.9761904761904765e-5
mu is
0.0002941176470588235
number of trials is
17000
number of Z or Y failures is
5
number of X failures is
0
average trial time
116.06968309241014
stderr is
0.0001315179341014893
target is
2.941176470588235e-5
mu is
0.00029069767441860465
number of trials is
17200
number of Z or Y failures is
5
number of X failures is
0
average trial time
117.49142215618002
stderr is
0.0001299888336835789
target is
2.9069767441860467e-5
mu is
0.00028735632183908046
number of trials is
17400
number of Z or Y failures is
5
number of X failures is
0
average trial time
118.908926461335
stderr is
0.00012849488095662855
target is
2.8735632183908048e-5
mu is
0.0002840909090909091
number of trials is
17600
number of Z or Y failures is
5
number of X failures is
0
average trial time
120.34865584867495
stderr is
0.00012703487784017248
target is
2.840909090909091e-5
mu is
0.0002808988764044944
number of trials is
17800
number of Z or Y failures is
5
number of X failures is
0
average trial time
121.77688844440989
stderr is
0.00012560768009400164
target is
2.8089887640449443e-5
mu is
0.0002777777777777778
number of trials is
18000
number of Z or Y failures is
5
number of X failures is
0
average trial time
123.20298593623482
stderr is
0.00012421219432737096
target is
2.777777777777778e-5
mu is
0.0002747252747252747
number of trials is
18200
number of Z or Y failures is
5
number of X failures is
0
average trial time
124.62788000518489
stderr is
0.00012284737520538023
target is
2.7472527472527473e-5
mu is
0.0002717391304347826
number of trials is
18400
number of Z or Y failures is
5
number of X failures is
0
average trial time
126.08270908896495
stderr is
0.00012151222283752759
target is
2.7173913043478262e-5
mu is
0.00026881720430107527
number of trials is
18600
number of Z or Y failures is
5
number of X failures is
0
average trial time
127.51364863748476
stderr is
0.00012020578033472544
target is
2.6881720430107527e-5
mu is
0.00026595744680851064
number of trials is
18800
number of Z or Y failures is
5
number of X failures is
0
average trial time
128.94869419227973
stderr is
0.00011892713152223467
target is
2.6595744680851067e-5
mu is
0.0002631578947368421
number of trials is
19000
number of Z or Y failures is
5
number of X failures is
0
average trial time
130.35399842296457
stderr is
0.00011767539879703019
target is
2.6315789473684212e-5
mu is
0.00026041666666666666
number of trials is
19200
number of Z or Y failures is
5
number of X failures is
0
average trial time
131.76390671217456
stderr is
0.00011644974111906683
target is
2.604166666666667e-5
mu is
0.0002577319587628866
number of trials is
19400
number of Z or Y failures is
5
number of X failures is
0
average trial time
133.20584558521955
stderr is
0.00011524935212678434
target is
2.577319587628866e-5
mu is
0.00025510204081632655
number of trials is
19600
number of Z or Y failures is
5
number of X failures is
0
average trial time
134.6247967148994
stderr is
0.00011407345836797756
target is
2.5510204081632657e-5
mu is
0.0002525252525252525
number of trials is
19800
number of Z or Y failures is
5
number of X failures is
0
average trial time
136.0407092456295
stderr is
0.00011292131763787595
target is
2.5252525252525253e-5
mu is
0.00025
number of trials is
20000
number of Z or Y failures is
5
number of X failures is
0
average trial time
137.43657084595947
stderr is
0.00011179221741692823
target is
2.5e-5
mu is
0.00024752475247524753
number of trials is
20200
number of Z or Y failures is
5
number of X failures is
0
average trial time
138.87636978545453
stderr is
0.00011068547340138274
target is
2.4752475247524754e-5
mu is
0.00024509803921568627
number of trials is
20400
number of Z or Y failures is
5
number of X failures is
0
average trial time
140.27382692568446
stderr is
0.00010960042812029573
target is
2.450980392156863e-5
mu is
0.00024271844660194174
number of trials is
20600
number of Z or Y failures is
5
number of X failures is
0
average trial time
141.69163602024435
stderr is
0.00010853644963309456
target is
2.4271844660194176e-5
mu is
0.0002403846153846154
number of trials is
20800
number of Z or Y failures is
5
number of X failures is
0
average trial time
143.08650138025948
stderr is
0.00010749293030227409
target is
2.4038461538461542e-5
mu is
0.0002380952380952381
number of trials is
21000
number of Z or Y failures is
5
number of X failures is
0
average trial time
144.4597052031495
stderr is
0.00010646928563621805
target is
2.380952380952381e-5
mu is
0.0002358490566037736
number of trials is
21200
number of Z or Y failures is
5
number of X failures is
0
average trial time
145.91218680821956
stderr is
0.00010546495319751504
target is
2.358490566037736e-5
mu is
0.00023364485981308412
number of trials is
21400
number of Z or Y failures is
5
number of X failures is
0
average trial time
147.3359535143396
stderr is
0.00010447939157248457
target is
2.3364485981308414e-5
mu is
0.0002777777777777778
number of trials is
21600
number of Z or Y failures is
6
number of X failures is
0
average trial time
148.72938232270454
stderr is
0.0001133891762726868
target is
2.777777777777778e-5
mu is
0.00027522935779816516
number of trials is
21800
number of Z or Y failures is
6
number of X failures is
0
average trial time
150.15015224315965
stderr is
0.00011234902793576968
target is
2.752293577981652e-5
mu is
0.00027272727272727274
number of trials is
22000
number of Z or Y failures is
6
number of X failures is
0
average trial time
151.54974330998962
stderr is
0.00011132778923656845
target is
2.7272727272727276e-5
mu is
0.0002702702702702703
number of trials is
22200
number of Z or Y failures is
6
number of X failures is
0
average trial time
152.91776453829462
stderr is
0.00011032494916139016
target is
2.702702702702703e-5
mu is
0.00026785714285714287
number of trials is
22400
number of Z or Y failures is
6
number of X failures is
0
average trial time
154.3380236052995
stderr is
0.00010934001494499188
target is
2.6785714285714288e-5
mu is
0.00026548672566371683
number of trials is
22600
number of Z or Y failures is
6
number of X failures is
0
average trial time
155.72398839530945
stderr is
0.00010837251126321679
target is
2.6548672566371686e-5
mu is
0.0002631578947368421
number of trials is
22800
number of Z or Y failures is
6
number of X failures is
0
average trial time
157.09175946375942
stderr is
0.00010742197946811816
target is
2.6315789473684212e-5
mu is
0.0002608695652173913
number of trials is
23000
number of Z or Y failures is
6
number of X failures is
0
average trial time
158.50719298268942
stderr is
0.0001064879768629857
target is
2.6086956521739128e-5
mu is
0.0002586206896551724
number of trials is
23200
number of Z or Y failures is
6
number of X failures is
0
average trial time
159.9083417257693
stderr is
0.00010557007601486642
target is
2.5862068965517244e-5
mu is
0.0002564102564102564
number of trials is
23400
number of Z or Y failures is
6
number of X failures is
0
average trial time
161.2874876197844
stderr is
0.00010466786410233703
target is
2.5641025641025643e-5
mu is
0.0002542372881355932
number of trials is
23600
number of Z or Y failures is
6
number of X failures is
0
average trial time
162.68756452360935
stderr is
0.00010378094229643699
target is
2.5423728813559325e-5
mu is
0.00025210084033613445
number of trials is
23800
number of Z or Y failures is
6
number of X failures is
0
average trial time
164.10780414302448
stderr is
0.00010290892517281183
target is
2.5210084033613446e-5
mu is
0.00025
number of trials is
24000
number of Z or Y failures is
6
number of X failures is
0
average trial time
165.4800153426596
stderr is
0.00010205144015324603
target is
2.5e-5
mu is
0.00024793388429752067
number of trials is
24200
number of Z or Y failures is
6
number of X failures is
0
average trial time
166.86807244964461
stderr is
0.00010120812697488582
target is
2.479338842975207e-5
mu is
0.0002459016393442623
number of trials is
24400
number of Z or Y failures is
6
number of X failures is
0
average trial time
168.2755086385396
stderr is
0.00010037863718556292
target is
2.459016393442623e-5
mu is
0.00024390243902439024
number of trials is
24600
number of Z or Y failures is
6
number of X failures is
0
average trial time
169.7002997761695
stderr is
9.956263366373427e-5
target is
2.4390243902439026e-5
mu is
0.00024193548387096774
number of trials is
24800
number of Z or Y failures is
6
number of X failures is
0
average trial time
171.0801369700145
stderr is
9.875979016164812e-5
target is
2.4193548387096777e-5
mu is
0.00024
number of trials is
25000
number of Z or Y failures is
6
number of X failures is
0
average trial time
172.44556868937474
stderr is
9.796979087043579e-5
target is
2.4e-5
mu is
0.0002380952380952381
number of trials is
25200
number of Z or Y failures is
6
number of X failures is
0
average trial time
173.8008149480997
stderr is
9.719233000591164e-5
target is
2.380952380952381e-5
mu is
0.00023622047244094488
number of trials is
25400
number of Z or Y failures is
6
number of X failures is
0
average trial time
175.2198337556446
stderr is
9.642711141393913e-5
target is
2.362204724409449e-5
mu is
0.000234375
number of trials is
25600
number of Z or Y failures is
6
number of X failures is
0
average trial time
176.60323522461954
stderr is
9.567384819429402e-5
target is
2.34375e-5
mu is
0.0002713178294573643
number of trials is
25800
number of Z or Y failures is
7
number of X failures is
0
average trial time
177.98159800145484
stderr is
0.00010253657502902187
target is
2.7131782945736434e-5
mu is
0.0002692307692307692
number of trials is
26000
number of Z or Y failures is
7
number of X failures is
0
average trial time
179.34677226109486
stderr is
0.00010174792318113736
target is
2.6923076923076923e-5
mu is
0.000267175572519084
number of trials is
26200
number of Z or Y failures is
7
number of X failures is
0
average trial time
180.72490708738508
stderr is
0.00010097131044008102
target is
2.67175572519084e-5
mu is
0.0002651515151515152
number of trials is
26400
number of Z or Y failures is
7
number of X failures is
0
average trial time
182.14194430545004
stderr is
0.00010020646322090404
target is
2.651515151515152e-5
mu is
0.0002631578947368421
number of trials is
26600
number of Z or Y failures is
7
number of X failures is
0
average trial time
183.541101333495
stderr is
9.945311616584747e-5
target is
2.6315789473684212e-5
mu is
0.00026119402985074624
number of trials is
26800
number of Z or Y failures is
7
number of X failures is
0
average trial time
184.9195769202903
stderr is
9.871101183739197e-5
target is
2.6119402985074626e-5
mu is
0.00025925925925925926
number of trials is
27000
number of Z or Y failures is
7
number of X failures is
0
average trial time
186.2851261719703
stderr is
9.797990042494824e-5
target is
2.5925925925925928e-5
mu is
0.0002573529411764706
number of trials is
27200
number of Z or Y failures is
7
number of X failures is
0
average trial time
187.6375872354304
stderr is
9.725953946448616e-5
target is
2.5735294117647063e-5
mu is
0.00025547445255474455
number of trials is
27400
number of Z or Y failures is
7
number of X failures is
0
average trial time
188.99712837837066
stderr is
9.654969357044156e-5
target is
2.5547445255474456e-5
mu is
0.0002536231884057971
number of trials is
27600
number of Z or Y failures is
7
number of X failures is
0
average trial time
190.37979760391548
stderr is
9.585013417927793e-5
target is
2.5362318840579714e-5
mu is
0.0002517985611510791
number of trials is
27800
number of Z or Y failures is
7
number of X failures is
0
average trial time
191.7872509705906
stderr is
9.516063930411636e-5
target is
2.5179856115107914e-5
mu is
0.00025
number of trials is
28000
number of Z or Y failures is
7
number of X failures is
0
average trial time
193.16701503020556
stderr is
9.448099329987995e-5
target is
2.5e-5
mu is
0.00024822695035460994
number of trials is
28200
number of Z or Y failures is
7
number of X failures is
0
average trial time
194.53890713462044
stderr is
9.381098663843134e-5
target is
2.4822695035460995e-5
mu is
0.0002464788732394366
number of trials is
28400
number of Z or Y failures is
7
number of X failures is
0
average trial time
195.90473287055028
stderr is
9.315041569321016e-5
target is
2.464788732394366e-5
mu is
0.00024475524475524476
number of trials is
28600
number of Z or Y failures is
7
number of X failures is
0
average trial time
197.25995784987037
stderr is
9.24990825329059e-5
target is
2.4475524475524478e-5
mu is
0.00024305555555555555
number of trials is
28800
number of Z or Y failures is
7
number of X failures is
0
average trial time
198.6190965112155
stderr is
9.185679472372675e-5
target is
2.4305555555555558e-5
mu is
0.0002413793103448276
number of trials is
29000
number of Z or Y failures is
7
number of X failures is
0
average trial time
199.99706313430033
stderr is
9.122336513984978e-5
target is
2.413793103448276e-5
mu is
0.00023972602739726027
number of trials is
29200
number of Z or Y failures is
7
number of X failures is
0
average trial time
201.35643601363023
stderr is
9.059861178165966e-5
target is
2.397260273972603e-5
mu is
0.0002380952380952381
number of trials is
29400
number of Z or Y failures is
7
number of X failures is
0
average trial time
202.72224519228538
stderr is
8.998235760140582e-5
target is
2.380952380952381e-5
mu is
0.00023648648648648648
number of trials is
29600
number of Z or Y failures is
7
number of X failures is
0
average trial time
204.08381199616053
stderr is
8.937443033592664e-5
target is
2.364864864864865e-5
mu is
0.0002348993288590604
number of trials is
29800
number of Z or Y failures is
7
number of X failures is
0
average trial time
205.4700945466857
stderr is
8.877466234610898e-5
target is
2.348993288590604e-5
mu is
0.00023333333333333333
number of trials is
30000
number of Z or Y failures is
7
number of X failures is
0
average trial time
206.8749927787256
stderr is
8.818289046276859e-5
target is
2.3333333333333336e-5
mu is
0.00023178807947019868
number of trials is
30200
number of Z or Y failures is
7
number of X failures is
0
average trial time
208.23554753244053
stderr is
8.759895583865402e-5
target is
2.317880794701987e-5
mu is
0.00023026315789473684
number of trials is
30400
number of Z or Y failures is
7
number of X failures is
0
average trial time
209.6062949093156
stderr is
8.70227038062918e-5
target is
2.3026315789473685e-5
mu is
0.00022875816993464052
number of trials is
30600
number of Z or Y failures is
7
number of X failures is
0
average trial time
210.96168078349078
stderr is
8.645398374140583e-5
target is
2.2875816993464052e-5
mu is
0.00022727272727272727
number of trials is
30800
number of Z or Y failures is
7
number of X failures is
0
average trial time
212.3307837146509
stderr is
8.589264893165736e-5
target is
2.272727272727273e-5
mu is
0.00022580645161290321
number of trials is
31000
number of Z or Y failures is
7
number of X failures is
0
average trial time
213.70722355256075
stderr is
8.533855645046595e-5
target is
2.258064516129032e-5
mu is
0.00022435897435897436
number of trials is
31200
number of Z or Y failures is
7
number of X failures is
0
average trial time
215.06737175092564
stderr is
8.479156703568252e-5
target is
2.2435897435897437e-5
mu is
0.00022292993630573248
number of trials is
31400
number of Z or Y failures is
7
number of X failures is
0
average trial time
216.42467487453575
stderr is
8.425154497289905e-5
target is
2.229299363057325e-5
mu is
0.00022151898734177215
number of trials is
31600
number of Z or Y failures is
7
number of X failures is
0
average trial time
217.79010453684594
stderr is
8.371835798318879e-5
target is
2.2151898734177217e-5
mu is
0.000220125786163522
number of trials is
31800
number of Z or Y failures is
7
number of X failures is
0
average trial time
219.16224331174567
stderr is
8.319187711508257e-5
target is
2.20125786163522e-5
mu is
0.00021875
number of trials is
32000
number of Z or Y failures is
7
number of X failures is
0
average trial time
220.52686897748575
stderr is
8.267197664059554e-5
target is
2.1875000000000003e-5
mu is
0.0002173913043478261
number of trials is
32200
number of Z or Y failures is
7
number of X failures is
0
average trial time
221.8769759646109
stderr is
8.215853395512821e-5
target is
2.173913043478261e-5
mu is
0.0002160493827160494
number of trials is
32400
number of Z or Y failures is
7
number of X failures is
0
average trial time
223.22227174576082
stderr is
8.165142948107456e-5
target is
2.160493827160494e-5
mu is
0.0002147239263803681
number of trials is
32600
number of Z or Y failures is
7
number of X failures is
0
average trial time
224.58069828375582
stderr is
8.115054657497822e-5
target is
2.1472392638036813e-5
mu is
0.00021341463414634146
number of trials is
32800
number of Z or Y failures is
7
number of X failures is
0
average trial time
225.9303474667756
stderr is
8.065577143808468e-5
target is
2.134146341463415e-5
mu is
0.00021212121212121213
number of trials is
33000
number of Z or Y failures is
7
number of X failures is
0
average trial time
227.27025116490054
stderr is
8.016699303014621e-5
target is
2.1212121212121215e-5
mu is
0.0002108433734939759
number of trials is
33200
number of Z or Y failures is
7
number of X failures is
0
average trial time
228.60690666364047
stderr is
7.968410298634164e-5
target is
2.1084337349397593e-5
mu is
0.0002095808383233533
number of trials is
33400
number of Z or Y failures is
7
number of X failures is
0
average trial time
230.01705137684547
stderr is
7.920699553718116e-5
target is
2.0958083832335332e-5
mu is
0.00020833333333333335
number of trials is
33600
number of Z or Y failures is
7
number of X failures is
0
average trial time
231.39362363180547
stderr is
7.873556743127108e-5
target is
2.0833333333333336e-5
mu is
0.00020710059171597634
number of trials is
33800
number of Z or Y failures is
7
number of X failures is
0
average trial time
232.75940492086522
stderr is
7.826971786082062e-5
target is
2.0710059171597635e-5
mu is
0.00020588235294117648
number of trials is
34000
number of Z or Y failures is
7
number of X failures is
0
average trial time
234.12741266391512
stderr is
7.78093483897776e-5
target is
2.058823529411765e-5
mu is
0.00020467836257309941
number of trials is
34200
number of Z or Y failures is
7
number of X failures is
0
average trial time
235.48834473032545
stderr is
7.735436288448539e-5
target is
2.0467836257309943e-5
mu is
0.00020348837209302326
number of trials is
34400
number of Z or Y failures is
7
number of X failures is
0
average trial time
236.85577010672534
stderr is
7.69046674467587e-5
target is
2.0348837209302328e-5
mu is
0.0002023121387283237
number of trials is
34600
number of Z or Y failures is
7
number of X failures is
0
average trial time
238.22019314717556
stderr is
7.646017034928018e-5
target is
2.023121387283237e-5
mu is
0.00020114942528735632
number of trials is
34800
number of Z or Y failures is
7
number of X failures is
0
average trial time
239.59078066715566
stderr is
7.602078197322452e-5
target is
2.0114942528735632e-5
mu is
0.0002
number of trials is
35000
number of Z or Y failures is
7
number of X failures is
0
average trial time
240.95881651071082
stderr is
7.558641474802097e-5
target is
2.0e-5
mu is
0.00019886363636363637
number of trials is
35200
number of Z or Y failures is
7
number of X failures is
0
slurmstepd: error: *** JOB 552 ON cpu48-dy-c5a12xlarge-52 CANCELLED AT 2021-06-21T17:10:18 ***
