mu is
0.0
number of trials is
200
number of Z or Y failures is
0
number of X failures is
0
average trial time
1.380347203204999
mu is
0.0
number of trials is
400
number of Z or Y failures is
0
number of X failures is
0
average trial time
2.577565378469998
mu is
0.0
number of trials is
600
number of Z or Y failures is
0
number of X failures is
0
average trial time
3.7845304575449963
mu is
0.0
number of trials is
800
number of Z or Y failures is
0
number of X failures is
0
average trial time
4.971298994969998
mu is
0.0
number of trials is
1000
number of Z or Y failures is
0
number of X failures is
0
average trial time
6.158839470794992
mu is
0.0
number of trials is
1200
number of Z or Y failures is
0
number of X failures is
0
average trial time
7.359572945114998
mu is
0.0
number of trials is
1400
number of Z or Y failures is
0
number of X failures is
0
average trial time
8.543645965665
mu is
0.0
number of trials is
1600
number of Z or Y failures is
0
number of X failures is
0
average trial time
9.743033404310005
mu is
0.0
number of trials is
1800
number of Z or Y failures is
0
number of X failures is
0
average trial time
10.940051888080017
mu is
0.0
number of trials is
2000
number of Z or Y failures is
0
number of X failures is
0
average trial time
12.117363591230035
mu is
0.0
number of trials is
2200
number of Z or Y failures is
0
number of X failures is
0
average trial time
13.302143783980032
mu is
0.0
number of trials is
2400
number of Z or Y failures is
0
number of X failures is
0
average trial time
14.490795437275015
mu is
0.0
number of trials is
2600
number of Z or Y failures is
0
number of X failures is
0
average trial time
15.67183524425502
mu is
0.0
number of trials is
2800
number of Z or Y failures is
0
number of X failures is
0
average trial time
16.86298602877503
mu is
0.0
number of trials is
3000
number of Z or Y failures is
0
number of X failures is
0
average trial time
18.061635876415043
mu is
0.0
number of trials is
3200
number of Z or Y failures is
0
number of X failures is
0
average trial time
19.285641449480035
mu is
0.0
number of trials is
3400
number of Z or Y failures is
0
number of X failures is
0
average trial time
20.488636585215037
mu is
0.0
number of trials is
3600
number of Z or Y failures is
0
number of X failures is
0
average trial time
21.72374744502003
mu is
0.0
number of trials is
3800
number of Z or Y failures is
0
number of X failures is
0
average trial time
22.947214313220034
mu is
0.0
number of trials is
4000
number of Z or Y failures is
0
number of X failures is
0
average trial time
24.172146539030024
mu is
0.0
number of trials is
4200
number of Z or Y failures is
0
number of X failures is
0
average trial time
25.42217268552003
mu is
0.0
number of trials is
4400
number of Z or Y failures is
0
number of X failures is
0
average trial time
26.68466465320502
mu is
0.0
number of trials is
4600
number of Z or Y failures is
0
number of X failures is
0
average trial time
27.93844046157001
mu is
0.0
number of trials is
4800
number of Z or Y failures is
0
number of X failures is
0
average trial time
29.229475827795003
mu is
0.0
number of trials is
5000
number of Z or Y failures is
0
number of X failures is
0
average trial time
30.527957193535002
mu is
0.0
number of trials is
5200
number of Z or Y failures is
0
number of X failures is
0
average trial time
31.80758738839501
mu is
0.0
number of trials is
5400
number of Z or Y failures is
0
number of X failures is
0
average trial time
33.10501262813001
mu is
0.0
number of trials is
5600
number of Z or Y failures is
0
number of X failures is
0
average trial time
34.43144652586
mu is
0.0
number of trials is
5800
number of Z or Y failures is
0
number of X failures is
0
average trial time
35.775694408894985
mu is
0.0
number of trials is
6000
number of Z or Y failures is
0
number of X failures is
0
average trial time
37.13196964552998
mu is
0.0
number of trials is
6200
number of Z or Y failures is
0
number of X failures is
0
average trial time
38.48334113272496
mu is
0.0
number of trials is
6400
number of Z or Y failures is
0
number of X failures is
0
average trial time
39.81807469044498
mu is
0.0
number of trials is
6600
number of Z or Y failures is
0
number of X failures is
0
average trial time
41.170868132409986
mu is
0.0
number of trials is
6800
number of Z or Y failures is
0
number of X failures is
0
average trial time
42.52808333183496
mu is
0.0
number of trials is
7000
number of Z or Y failures is
0
number of X failures is
0
average trial time
43.891060467174995
mu is
0.0
number of trials is
7200
number of Z or Y failures is
0
number of X failures is
0
average trial time
45.25205505186998
mu is
0.0
number of trials is
7400
number of Z or Y failures is
0
number of X failures is
0
average trial time
46.626576084805016
mu is
0.0
number of trials is
7600
number of Z or Y failures is
0
number of X failures is
0
average trial time
48.007123433675076
mu is
0.0
number of trials is
7800
number of Z or Y failures is
0
number of X failures is
0
average trial time
49.40201945826012
mu is
0.0
number of trials is
8000
number of Z or Y failures is
0
number of X failures is
0
average trial time
50.799902987095145
mu is
0.0
number of trials is
8200
number of Z or Y failures is
0
number of X failures is
0
average trial time
52.20494206219513
mu is
0.0
number of trials is
8400
number of Z or Y failures is
0
number of X failures is
0
average trial time
53.58963287496015
mu is
0.0
number of trials is
8600
number of Z or Y failures is
0
number of X failures is
0
average trial time
54.998251946265135
mu is
0.0
number of trials is
8800
number of Z or Y failures is
0
number of X failures is
0
average trial time
56.40103046116513
mu is
0.0
number of trials is
9000
number of Z or Y failures is
0
number of X failures is
0
average trial time
57.809898494390055
mu is
0.0
number of trials is
9200
number of Z or Y failures is
0
number of X failures is
0
average trial time
59.23034356293505
mu is
0.0
number of trials is
9400
number of Z or Y failures is
0
number of X failures is
0
average trial time
60.63825237026503
mu is
0.0
number of trials is
9600
number of Z or Y failures is
0
number of X failures is
0
average trial time
62.07732517586501
mu is
0.0
number of trials is
9800
number of Z or Y failures is
0
number of X failures is
0
average trial time
63.48815670113996
mu is
0.0
number of trials is
10000
number of Z or Y failures is
0
number of X failures is
0
average trial time
64.90216745466496
mu is
0.0
number of trials is
10200
number of Z or Y failures is
0
number of X failures is
0
average trial time
66.31006625543995
mu is
0.0
number of trials is
10400
number of Z or Y failures is
0
number of X failures is
0
average trial time
67.72728632391994
mu is
0.0
number of trials is
10600
number of Z or Y failures is
0
number of X failures is
0
average trial time
69.15888293074492
mu is
0.0
number of trials is
10800
number of Z or Y failures is
0
number of X failures is
0
average trial time
70.61198741465502
mu is
0.0
number of trials is
11000
number of Z or Y failures is
0
number of X failures is
0
average trial time
72.04062775826507
mu is
0.0
number of trials is
11200
number of Z or Y failures is
0
number of X failures is
0
average trial time
73.48073682212508
mu is
8.771929824561403e-5
number of trials is
11400
number of Z or Y failures is
1
number of X failures is
0
average trial time
74.93081367139008
mu is
8.620689655172413e-5
number of trials is
11600
number of Z or Y failures is
1
number of X failures is
0
average trial time
76.35341270921005
mu is
0.00016949152542372882
number of trials is
11800
number of Z or Y failures is
2
number of X failures is
0
average trial time
77.76303204417006
mu is
0.00016666666666666666
number of trials is
12000
number of Z or Y failures is
2
number of X failures is
0
average trial time
79.20064863061008
mu is
0.0001639344262295082
number of trials is
12200
number of Z or Y failures is
2
number of X failures is
0
average trial time
80.62433161603005
mu is
0.00016129032258064516
number of trials is
12400
number of Z or Y failures is
2
number of X failures is
0
average trial time
82.05889935647001
mu is
0.00015873015873015873
number of trials is
12600
number of Z or Y failures is
2
number of X failures is
0
average trial time
83.50190606168486
mu is
0.00015625
number of trials is
12800
number of Z or Y failures is
2
number of X failures is
0
average trial time
84.9328018029148
mu is
0.00015384615384615385
number of trials is
13000
number of Z or Y failures is
2
number of X failures is
0
average trial time
86.34820093576977
mu is
0.00015151515151515152
number of trials is
13200
number of Z or Y failures is
2
number of X failures is
0
average trial time
87.79513271302986
mu is
0.00014925373134328358
number of trials is
13400
number of Z or Y failures is
2
number of X failures is
0
average trial time
89.2248575032048
mu is
0.00014705882352941175
number of trials is
13600
number of Z or Y failures is
2
number of X failures is
0
average trial time
90.65123784354488
mu is
0.00014492753623188405
number of trials is
13800
number of Z or Y failures is
2
number of X failures is
0
average trial time
92.0758741369148
mu is
0.00014285714285714287
number of trials is
14000
number of Z or Y failures is
2
number of X failures is
0
average trial time
93.50410860601981
mu is
0.00014084507042253522
number of trials is
14200
number of Z or Y failures is
2
number of X failures is
0
average trial time
94.94464365413987
mu is
0.0001388888888888889
number of trials is
14400
number of Z or Y failures is
2
number of X failures is
0
average trial time
96.35542135812997
mu is
0.000136986301369863
number of trials is
14600
number of Z or Y failures is
2
number of X failures is
0
average trial time
97.78262744490505
mu is
0.00013513513513513514
number of trials is
14800
number of Z or Y failures is
2
number of X failures is
0
average trial time
99.20914145448003
mu is
0.00013333333333333334
number of trials is
15000
number of Z or Y failures is
2
number of X failures is
0
average trial time
100.63213600957512
mu is
0.00013157894736842105
number of trials is
15200
number of Z or Y failures is
2
number of X failures is
0
average trial time
102.08442889582018
mu is
0.00012987012987012987
number of trials is
15400
number of Z or Y failures is
2
number of X failures is
0
average trial time
103.50709622538014
mu is
0.0001282051282051282
number of trials is
15600
number of Z or Y failures is
2
number of X failures is
0
average trial time
104.97182404696012
mu is
0.00012658227848101267
number of trials is
15800
number of Z or Y failures is
2
number of X failures is
0
average trial time
106.4241522788851
mu is
0.000125
number of trials is
16000
number of Z or Y failures is
2
number of X failures is
0
average trial time
107.85360124719021
mu is
0.0001234567901234568
number of trials is
16200
number of Z or Y failures is
2
number of X failures is
0
average trial time
109.29626116858017
mu is
0.00012195121951219512
number of trials is
16400
number of Z or Y failures is
2
number of X failures is
0
average trial time
110.7089465369501
mu is
0.00012048192771084337
number of trials is
16600
number of Z or Y failures is
2
number of X failures is
0
average trial time
112.11928511918508
mu is
0.00011904761904761905
number of trials is
16800
number of Z or Y failures is
2
number of X failures is
0
average trial time
113.50782338888011
mu is
0.00011764705882352942
number of trials is
17000
number of Z or Y failures is
2
number of X failures is
0
average trial time
114.93029483400507
mu is
0.00011627906976744187
number of trials is
17200
number of Z or Y failures is
2
number of X failures is
0
average trial time
116.34225536469505
mu is
0.00011494252873563218
number of trials is
17400
number of Z or Y failures is
2
number of X failures is
0
average trial time
117.76031679393496
mu is
0.00011363636363636364
number of trials is
17600
number of Z or Y failures is
2
number of X failures is
0
average trial time
119.15155330356994
mu is
0.00016853932584269662
number of trials is
17800
number of Z or Y failures is
3
number of X failures is
0
average trial time
120.56368068340497
mu is
0.00016666666666666666
number of trials is
18000
number of Z or Y failures is
3
number of X failures is
0
average trial time
121.98332707080999
mu is
0.00016483516483516484
number of trials is
18200
number of Z or Y failures is
3
number of X failures is
0
average trial time
123.40754063629501
mu is
0.00016304347826086958
number of trials is
18400
number of Z or Y failures is
3
number of X failures is
0
average trial time
124.815541128515
mu is
0.00016129032258064516
number of trials is
18600
number of Z or Y failures is
3
number of X failures is
0
average trial time
126.214409453925
mu is
0.0002127659574468085
number of trials is
18800
number of Z or Y failures is
4
number of X failures is
0
average trial time
127.63243962045995
mu is
0.0002105263157894737
number of trials is
19000
number of Z or Y failures is
4
number of X failures is
0
average trial time
129.02692741665996
mu is
0.00020833333333333335
number of trials is
19200
number of Z or Y failures is
4
number of X failures is
0
average trial time
130.43621590662502
mu is
0.0002061855670103093
number of trials is
19400
number of Z or Y failures is
4
number of X failures is
0
average trial time
131.83117750467997
mu is
0.00020408163265306123
number of trials is
19600
number of Z or Y failures is
4
number of X failures is
0
average trial time
133.21972091913992
mu is
0.00020202020202020202
number of trials is
19800
number of Z or Y failures is
4
number of X failures is
0
average trial time
134.62303213516995
mu is
0.0002
number of trials is
20000
number of Z or Y failures is
4
number of X failures is
0
average trial time
136.02579724277498
mu is
0.00019801980198019803
number of trials is
20200
number of Z or Y failures is
4
number of X failures is
0
average trial time
137.42503386263007
mu is
0.000196078431372549
number of trials is
20400
number of Z or Y failures is
4
number of X failures is
0
average trial time
138.81666385199
mu is
0.0001941747572815534
number of trials is
20600
number of Z or Y failures is
4
number of X failures is
0
average trial time
140.229663780945
mu is
0.0001923076923076923
number of trials is
20800
number of Z or Y failures is
4
number of X failures is
0
average trial time
141.63057525277512
mu is
0.00019047619047619048
number of trials is
21000
number of Z or Y failures is
4
number of X failures is
0
average trial time
143.04834637670018
mu is
0.00018867924528301886
number of trials is
21200
number of Z or Y failures is
4
number of X failures is
0
average trial time
144.42655425083524
mu is
0.00018691588785046728
number of trials is
21400
number of Z or Y failures is
4
number of X failures is
0
average trial time
145.79222545103528
mu is
0.00018518518518518518
number of trials is
21600
number of Z or Y failures is
4
number of X failures is
0
average trial time
147.20123077578523
mu is
0.0001834862385321101
number of trials is
21800
number of Z or Y failures is
4
number of X failures is
0
average trial time
148.60390039661516
mu is
0.0001818181818181818
number of trials is
22000
number of Z or Y failures is
4
number of X failures is
0
average trial time
149.9807614250351
mu is
0.00018018018018018018
number of trials is
22200
number of Z or Y failures is
4
number of X failures is
0
average trial time
151.40649375983506
mu is
0.00017857142857142857
number of trials is
22400
number of Z or Y failures is
4
number of X failures is
0
average trial time
152.8014243461951
mu is
0.00017699115044247788
number of trials is
22600
number of Z or Y failures is
4
number of X failures is
0
average trial time
154.16306994552008
mu is
0.00017543859649122806
number of trials is
22800
number of Z or Y failures is
4
number of X failures is
0
average trial time
155.57515468099504
mu is
0.00017391304347826088
number of trials is
23000
number of Z or Y failures is
4
number of X failures is
0
average trial time
156.961439392745
mu is
0.00017241379310344826
number of trials is
23200
number of Z or Y failures is
4
number of X failures is
0
average trial time
158.32338667129486
mu is
0.00017094017094017094
number of trials is
23400
number of Z or Y failures is
4
number of X failures is
0
average trial time
159.7294169774798
mu is
0.00016949152542372882
number of trials is
23600
number of Z or Y failures is
4
number of X failures is
0
average trial time
161.12720542384974
mu is
0.0001680672268907563
number of trials is
23800
number of Z or Y failures is
4
number of X failures is
0
average trial time
162.49728362835492
mu is
0.00016666666666666666
number of trials is
24000
number of Z or Y failures is
4
number of X failures is
0
average trial time
163.88464750154995
mu is
0.00016528925619834712
number of trials is
24200
number of Z or Y failures is
4
number of X failures is
0
average trial time
165.29926391837512
mu is
0.0001639344262295082
number of trials is
24400
number of Z or Y failures is
4
number of X failures is
0
average trial time
166.68663447659026
mu is
0.0002032520325203252
number of trials is
24600
number of Z or Y failures is
5
number of X failures is
0
average trial time
168.0675611526303
stderr is
9.088968164933998e-5
target is
2.032520325203252e-5
mu is
0.00020161290322580645
number of trials is
24800
number of Z or Y failures is
5
number of X failures is
0
average trial time
169.4358987302252
stderr is
9.01567594714934e-5
target is
2.0161290322580645e-5
mu is
0.0002
number of trials is
25000
number of Z or Y failures is
5
number of X failures is
0
average trial time
170.8556906889702
stderr is
8.943556310997293e-5
target is
2.0e-5
mu is
0.0002380952380952381
number of trials is
25200
number of Z or Y failures is
6
number of X failures is
0
average trial time
172.24852682584492
stderr is
9.719233000591164e-5
target is
2.380952380952381e-5
mu is
0.00023622047244094488
number of trials is
25400
number of Z or Y failures is
6
number of X failures is
0
average trial time
173.61736917868984
stderr is
9.642711141393913e-5
target is
2.362204724409449e-5
mu is
0.000234375
number of trials is
25600
number of Z or Y failures is
6
number of X failures is
0
average trial time
174.98288814093956
stderr is
9.567384819429402e-5
target is
2.34375e-5
mu is
0.00023255813953488373
number of trials is
25800
number of Z or Y failures is
6
number of X failures is
0
average trial time
176.41147864990467
stderr is
9.493226234202022e-5
target is
2.3255813953488374e-5
mu is
0.00023076923076923076
number of trials is
26000
number of Z or Y failures is
6
number of X failures is
0
average trial time
177.83979874690965
stderr is
9.420208440533723e-5
target is
2.307692307692308e-5
mu is
0.00022900763358778625
number of trials is
26200
number of Z or Y failures is
6
number of X failures is
0
average trial time
179.23053425338466
stderr is
9.348305315921397e-5
target is
2.2900763358778628e-5
mu is
0.00022727272727272727
number of trials is
26400
number of Z or Y failures is
6
number of X failures is
0
average trial time
180.6186684041396
stderr is
9.277491529377926e-5
target is
2.272727272727273e-5
mu is
0.0002255639097744361
number of trials is
26600
number of Z or Y failures is
6
number of X failures is
0
average trial time
182.00302150554978
stderr is
9.207742511678732e-5
target is
2.255639097744361e-5
mu is
0.00022388059701492538
number of trials is
26800
number of Z or Y failures is
6
number of X failures is
0
average trial time
183.3790803604098
stderr is
9.139034426940448e-5
target is
2.238805970149254e-5
mu is
0.00022222222222222223
number of trials is
27000
number of Z or Y failures is
6
number of X failures is
0
average trial time
184.77379196916007
stderr is
9.071344145462666e-5
target is
2.2222222222222223e-5
mu is
0.00022058823529411765
number of trials is
27200
number of Z or Y failures is
6
number of X failures is
0
average trial time
186.19667701356025
stderr is
9.0046492177677e-5
target is
2.2058823529411766e-5
mu is
0.00021897810218978101
number of trials is
27400
number of Z or Y failures is
6
number of X failures is
0
average trial time
187.58012124450048
stderr is
8.938927849777226e-5
target is
2.18978102189781e-5
mu is
0.0002173913043478261
number of trials is
27600
number of Z or Y failures is
6
number of X failures is
0
average trial time
188.9628024566055
stderr is
8.874158879068058e-5
target is
2.173913043478261e-5
mu is
0.0002158273381294964
number of trials is
27800
number of Z or Y failures is
6
number of X failures is
0
average trial time
190.33533076094054
stderr is
8.810321752152803e-5
target is
2.1582733812949642e-5
mu is
0.00021428571428571427
number of trials is
28000
number of Z or Y failures is
6
number of X failures is
0
average trial time
191.7015192121207
stderr is
8.747396502734092e-5
target is
2.1428571428571428e-5
mu is
0.0002127659574468085
number of trials is
28200
number of Z or Y failures is
6
number of X failures is
0
average trial time
193.0577867217107
stderr is
8.685363730884086e-5
target is
2.1276595744680852e-5
mu is
0.00021126760563380283
number of trials is
28400
number of Z or Y failures is
6
number of X failures is
0
average trial time
194.40815070790552
stderr is
8.624204583103647e-5
target is
2.1126760563380285e-5
mu is
0.0002097902097902098
number of trials is
28600
number of Z or Y failures is
6
number of X failures is
0
average trial time
195.80150946379058
stderr is
8.563900733218103e-5
target is
2.097902097902098e-5
mu is
0.00020833333333333335
number of trials is
28800
number of Z or Y failures is
6
number of X failures is
0
average trial time
197.2235082576055
stderr is
8.504434364068971e-5
target is
2.0833333333333336e-5
mu is
0.00020689655172413793
number of trials is
29000
number of Z or Y failures is
6
number of X failures is
0
average trial time
198.6238979925755
stderr is
8.445788149963188e-5
target is
2.0689655172413793e-5
mu is
0.00020547945205479453
number of trials is
29200
number of Z or Y failures is
6
number of X failures is
0
average trial time
199.9842382643954
stderr is
8.387945239843536e-5
target is
2.0547945205479456e-5
mu is
0.00020408163265306123
number of trials is
29400
number of Z or Y failures is
6
number of X failures is
0
average trial time
201.36432112622538
stderr is
8.330889241145953e-5
target is
2.0408163265306126e-5
mu is
0.0002027027027027027
number of trials is
29600
number of Z or Y failures is
6
number of X failures is
0
average trial time
202.7319661491751
stderr is
8.274604204311199e-5
target is
2.027027027027027e-5
mu is
0.00020134228187919463
number of trials is
29800
number of Z or Y failures is
6
number of X failures is
0
average trial time
204.10632405085522
stderr is
8.219074607920175e-5
target is
2.0134228187919465e-5
mu is
0.0002
number of trials is
30000
number of Z or Y failures is
6
number of X failures is
0
average trial time
205.4826026596801
stderr is
8.164285344423777e-5
target is
2.0e-5
mu is
0.00019867549668874172
number of trials is
30200
number of Z or Y failures is
6
number of X failures is
0
average trial time
206.86096435792007
stderr is
8.110221706439717e-5
target is
1.9867549668874173e-5
mu is
0.00019736842105263157
number of trials is
30400
number of Z or Y failures is
6
number of X failures is
0
average trial time
208.21574302818496
stderr is
8.056869373590242e-5
target is
1.9736842105263158e-5
mu is
0.000196078431372549
number of trials is
30600
number of Z or Y failures is
6
number of X failures is
0
average trial time
209.5921560100299
stderr is
8.004214399855942e-5
target is
1.9607843137254903e-5
mu is
0.0001948051948051948
number of trials is
30800
number of Z or Y failures is
6
number of X failures is
0
average trial time
210.95196031482502
stderr is
7.952243201422264e-5
target is
1.9480519480519483e-5
mu is
0.0001935483870967742
number of trials is
31000
number of Z or Y failures is
6
number of X failures is
0
average trial time
212.3231434191998
stderr is
7.900942544996408e-5
target is
1.935483870967742e-5
mu is
0.0001923076923076923
number of trials is
31200
number of Z or Y failures is
6
number of X failures is
0
average trial time
213.72286456194013
stderr is
7.850299536573573e-5
target is
1.923076923076923e-5
mu is
0.0001910828025477707
number of trials is
31400
number of Z or Y failures is
6
number of X failures is
0
average trial time
215.08933219652002
stderr is
7.800301610632459e-5
target is
1.910828025477707e-5
mu is
0.00018987341772151899
number of trials is
31600
number of Z or Y failures is
6
number of X failures is
0
average trial time
216.44678821432512
stderr is
7.750936519741043e-5
target is
1.89873417721519e-5
mu is
0.00018867924528301886
number of trials is
31800
number of Z or Y failures is
6
number of X failures is
0
average trial time
217.80364736546505
stderr is
7.702192324554567e-5
target is
1.8867924528301888e-5
mu is
0.0001875
number of trials is
32000
number of Z or Y failures is
6
number of X failures is
0
average trial time
219.18186824188498
stderr is
7.654057384188549e-5
target is
1.8750000000000002e-5
mu is
0.00018633540372670808
number of trials is
32200
number of Z or Y failures is
6
number of X failures is
0
average trial time
220.54000936850494
stderr is
7.606520346950566e-5
target is
1.863354037267081e-5
mu is
0.00018518518518518518
number of trials is
32400
number of Z or Y failures is
6
number of X failures is
0
average trial time
221.89805847321495
stderr is
7.559570141415249e-5
target is
1.8518518518518518e-5
mu is
0.00018404907975460124
number of trials is
32600
number of Z or Y failures is
6
number of X failures is
0
average trial time
223.26780114324006
stderr is
7.513195967827806e-5
target is
1.8404907975460126e-5
mu is
0.00018292682926829268
number of trials is
32800
number of Z or Y failures is
6
number of X failures is
0
average trial time
224.648293226985
stderr is
7.467387289822e-5
target is
1.8292682926829268e-5
mu is
0.0001818181818181818
number of trials is
33000
number of Z or Y failures is
6
number of X failures is
0
average trial time
226.0107726233398
stderr is
7.422133826439302e-5
target is
1.8181818181818182e-5
mu is
0.00018072289156626507
number of trials is
33200
number of Z or Y failures is
6
number of X failures is
0
average trial time
227.3810174865199
stderr is
7.377425544436449e-5
target is
1.807228915662651e-5
mu is
0.00017964071856287425
number of trials is
33400
number of Z or Y failures is
6
number of X failures is
0
average trial time
228.73390123142016
stderr is
7.333252650869382e-5
target is
1.7964071856287426e-5
mu is
0.00017857142857142857
number of trials is
33600
number of Z or Y failures is
6
number of X failures is
0
average trial time
230.11349265343017
stderr is
7.289605585942024e-5
target is
1.785714285714286e-5
mu is
0.00017751479289940828
number of trials is
33800
number of Z or Y failures is
6
number of X failures is
0
average trial time
231.4778944001602
stderr is
7.246475016108905e-5
target is
1.7751479289940828e-5
mu is
0.00017647058823529413
number of trials is
34000
number of Z or Y failures is
6
number of X failures is
0
average trial time
232.83276794568002
stderr is
7.203851827421238e-5
target is
1.7647058823529414e-5
mu is
0.00017543859649122806
number of trials is
34200
number of Z or Y failures is
6
number of X failures is
0
average trial time
234.20586725148482
stderr is
7.161727119106429e-5
target is
1.7543859649122806e-5
mu is
0.0001744186046511628
number of trials is
34400
number of Z or Y failures is
6
number of X failures is
0
average trial time
235.56228533643494
stderr is
7.120092197371535e-5
target is
1.744186046511628e-5
mu is
0.00017341040462427745
number of trials is
34600
number of Z or Y failures is
6
number of X failures is
0
average trial time
236.92143159323993
stderr is
7.078938569421635e-5
target is
1.7341040462427746e-5
mu is
0.00017241379310344826
number of trials is
34800
number of Z or Y failures is
6
number of X failures is
0
average trial time
238.27702015753985
stderr is
7.038257937684444e-5
target is
1.7241379310344828e-5
mu is
0.00017142857142857143
number of trials is
35000
number of Z or Y failures is
6
number of X failures is
0
average trial time
239.63063350809492
stderr is
6.99804219423291e-5
target is
1.7142857142857142e-5
mu is
0.00017045454545454547
number of trials is
35200
number of Z or Y failures is
6
number of X failures is
0
average trial time
240.98643522298997
stderr is
6.958283415397963e-5
target is
1.7045454545454546e-5
mu is
0.00016949152542372882
number of trials is
35400
number of Z or Y failures is
6
number of X failures is
0
average trial time
242.3454568388749
stderr is
6.918973856563837e-5
target is
1.6949152542372885e-5
mu is
0.00016853932584269662
number of trials is
35600
number of Z or Y failures is
6
number of X failures is
0
average trial time
243.69195642799994
stderr is
6.880105947138857e-5
target is
1.685393258426966e-5
mu is
0.0001675977653631285
number of trials is
35800
number of Z or Y failures is
6
number of X failures is
0
average trial time
245.05317952219
stderr is
6.841672285694752e-5
target is
1.675977653631285e-5
mu is
0.00019444444444444443
number of trials is
36000
number of Z or Y failures is
7
number of X failures is
0
average trial time
246.4185169482049
stderr is
7.348696712433782e-5
target is
1.9444444444444445e-5
mu is
0.00019337016574585636
number of trials is
36200
number of Z or Y failures is
7
number of X failures is
0
average trial time
247.81111485824502
stderr is
7.308099543542673e-5
target is
1.933701657458564e-5
mu is
0.0001923076923076923
number of trials is
36400
number of Z or Y failures is
7
number of X failures is
0
average trial time
249.19835586446013
stderr is
7.26794846060454e-5
target is
1.923076923076923e-5
mu is
0.0002185792349726776
number of trials is
36600
number of Z or Y failures is
8
number of X failures is
0
average trial time
250.56501238570021
stderr is
7.727203897315604e-5
target is
2.185792349726776e-5
mu is
0.0002173913043478261
number of trials is
36800
number of Z or Y failures is
8
number of X failures is
0
average trial time
251.9386986399351
stderr is
7.685212219095099e-5
target is
2.173913043478261e-5
mu is
0.00021621621621621621
number of trials is
37000
number of Z or Y failures is
8
number of X failures is
0
average trial time
253.3006823492751
stderr is
7.64367446200309e-5
target is
2.1621621621621624e-5
mu is
0.00021505376344086021
number of trials is
37200
number of Z or Y failures is
8
number of X failures is
0
average trial time
254.668213173005
stderr is
7.60258330542029e-5
target is
2.1505376344086024e-5
mu is
0.000213903743315508
number of trials is
37400
number of Z or Y failures is
8
number of X failures is
0
average trial time
256.03752099350527
stderr is
7.561931585303529e-5
target is
2.1390374331550803e-5
mu is
0.0002127659574468085
number of trials is
37600
number of Z or Y failures is
8
number of X failures is
0
average trial time
257.38683078419024
stderr is
7.521712290021893e-5
target is
2.1276595744680852e-5
mu is
0.00021164021164021165
number of trials is
37800
number of Z or Y failures is
8
number of X failures is
0
average trial time
258.75499093656526
stderr is
7.481918556325018e-5
target is
2.1164021164021168e-5
mu is
0.00023684210526315788
number of trials is
38000
number of Z or Y failures is
9
number of X failures is
0
average trial time
260.11873911639043
stderr is
7.893905751559801e-5
target is
2.368421052631579e-5
mu is
0.0002356020942408377
number of trials is
38200
number of Z or Y failures is
9
number of X failures is
0
average trial time
261.4814231462505
stderr is
7.852580730893117e-5
target is
2.3560209424083772e-5
mu is
0.000234375
number of trials is
38400
number of Z or Y failures is
9
number of X failures is
0
average trial time
262.84650745151026
stderr is
7.811686134331203e-5
target is
2.34375e-5
mu is
0.00023316062176165803
number of trials is
38600
number of Z or Y failures is
9
number of X failures is
0
average trial time
264.2079249305453
stderr is
7.771215272037692e-5
target is
2.3316062176165805e-5
mu is
0.00023195876288659793
number of trials is
38800
number of Z or Y failures is
9
number of X failures is
0
average trial time
265.5767729285153
stderr is
7.73116159209675e-5
target is
2.3195876288659796e-5
mu is
0.00023076923076923076
number of trials is
39000
number of Z or Y failures is
9
number of X failures is
0
average trial time
266.9508083596407
stderr is
7.691518676977021e-5
target is
2.307692307692308e-5
mu is
0.00022959183673469387
number of trials is
39200
number of Z or Y failures is
9
number of X failures is
0
average trial time
268.2971221959408
stderr is
7.652280240103805e-5
target is
2.2959183673469387e-5
mu is
0.00022842639593908628
number of trials is
39400
number of Z or Y failures is
9
number of X failures is
0
average trial time
269.66595443740084
stderr is
7.613440122535616e-5
slurmstepd: error: *** JOB 583 ON cpu48-dy-c5a12xlarge-69 CANCELLED AT 2021-06-21T17:10:18 ***
