mu is
0.0
number of trials is
200
number of Z or Y failures is
0
number of X failures is
0
average trial time
2.2766771615750003
mu is
0.0
number of trials is
400
number of Z or Y failures is
0
number of X failures is
0
average trial time
4.373982272004998
mu is
0.0
number of trials is
600
number of Z or Y failures is
0
number of X failures is
0
average trial time
6.484275005804999
mu is
0.0
number of trials is
800
number of Z or Y failures is
0
number of X failures is
0
average trial time
8.576409896989997
mu is
0.0
number of trials is
1000
number of Z or Y failures is
0
number of X failures is
0
average trial time
10.660186152385004
mu is
0.0
number of trials is
1200
number of Z or Y failures is
0
number of X failures is
0
average trial time
12.765341424320003
mu is
0.0
number of trials is
1400
number of Z or Y failures is
0
number of X failures is
0
average trial time
14.874251029025022
mu is
0.0
number of trials is
1600
number of Z or Y failures is
0
number of X failures is
0
average trial time
16.97667645804004
mu is
0.0
number of trials is
1800
number of Z or Y failures is
0
number of X failures is
0
average trial time
19.110804714475027
mu is
0.0
number of trials is
2000
number of Z or Y failures is
0
number of X failures is
0
average trial time
21.244701542130038
mu is
0.0
number of trials is
2200
number of Z or Y failures is
0
number of X failures is
0
average trial time
23.380723683835036
mu is
0.0
number of trials is
2400
number of Z or Y failures is
0
number of X failures is
0
average trial time
25.579315865380067
mu is
0.0
number of trials is
2600
number of Z or Y failures is
0
number of X failures is
0
average trial time
27.76058439424505
mu is
0.0
number of trials is
2800
number of Z or Y failures is
0
number of X failures is
0
average trial time
30.009340814610063
mu is
0.0
number of trials is
3000
number of Z or Y failures is
0
number of X failures is
0
average trial time
32.24621376347007
mu is
0.0
number of trials is
3200
number of Z or Y failures is
0
number of X failures is
0
average trial time
34.51123945638506
mu is
0.0
number of trials is
3400
number of Z or Y failures is
0
number of X failures is
0
average trial time
36.80619027343007
mu is
0.0
number of trials is
3600
number of Z or Y failures is
0
number of X failures is
0
average trial time
39.12274184363005
mu is
0.0
number of trials is
3800
number of Z or Y failures is
0
number of X failures is
0
average trial time
41.46836509612004
mu is
0.0
number of trials is
4000
number of Z or Y failures is
0
number of X failures is
0
average trial time
43.86350755581006
mu is
0.0
number of trials is
4200
number of Z or Y failures is
0
number of X failures is
0
average trial time
46.22871292642012
mu is
0.0
number of trials is
4400
number of Z or Y failures is
0
number of X failures is
0
average trial time
48.57295666971515
mu is
0.0
number of trials is
4600
number of Z or Y failures is
0
number of X failures is
0
average trial time
50.9796879783152
mu is
0.0
number of trials is
4800
number of Z or Y failures is
0
number of X failures is
0
average trial time
53.40178193228521
mu is
0.0
number of trials is
5000
number of Z or Y failures is
0
number of X failures is
0
average trial time
55.82763126750017
mu is
0.0
number of trials is
5200
number of Z or Y failures is
0
number of X failures is
0
average trial time
58.30443404188515
mu is
0.0
number of trials is
5400
number of Z or Y failures is
0
number of X failures is
0
average trial time
60.739665969845106
mu is
0.0
number of trials is
5600
number of Z or Y failures is
0
number of X failures is
0
average trial time
63.2468745217101
mu is
0.0
number of trials is
5800
number of Z or Y failures is
0
number of X failures is
0
average trial time
65.6888776257
mu is
0.0
number of trials is
6000
number of Z or Y failures is
0
number of X failures is
0
average trial time
68.18801805028502
mu is
0.0
number of trials is
6200
number of Z or Y failures is
0
number of X failures is
0
average trial time
70.65566024745502
mu is
0.0
number of trials is
6400
number of Z or Y failures is
0
number of X failures is
0
average trial time
73.14875017766006
mu is
0.0
number of trials is
6600
number of Z or Y failures is
0
number of X failures is
0
average trial time
75.6336659302601
mu is
0.0
number of trials is
6800
number of Z or Y failures is
0
number of X failures is
0
average trial time
78.11710506095507
mu is
0.0
number of trials is
7000
number of Z or Y failures is
0
number of X failures is
0
average trial time
80.62871111992008
mu is
0.0
number of trials is
7200
number of Z or Y failures is
0
number of X failures is
0
average trial time
83.09975613765008
mu is
0.0
number of trials is
7400
number of Z or Y failures is
0
number of X failures is
0
average trial time
85.6410185247151
mu is
0.0
number of trials is
7600
number of Z or Y failures is
0
number of X failures is
0
average trial time
88.14732700450011
mu is
0.0
number of trials is
7800
number of Z or Y failures is
0
number of X failures is
0
average trial time
90.67804465449002
mu is
0.0
number of trials is
8000
number of Z or Y failures is
0
number of X failures is
0
average trial time
93.20149715165012
mu is
0.0
number of trials is
8200
number of Z or Y failures is
0
number of X failures is
0
average trial time
95.70344680442007
mu is
0.0
number of trials is
8400
number of Z or Y failures is
0
number of X failures is
0
average trial time
98.2013513712351
mu is
0.0
number of trials is
8600
number of Z or Y failures is
0
number of X failures is
0
average trial time
100.67827827645512
mu is
0.0
number of trials is
8800
number of Z or Y failures is
0
number of X failures is
0
average trial time
103.16158939967507
mu is
0.0
number of trials is
9000
number of Z or Y failures is
0
number of X failures is
0
average trial time
105.63100220831512
mu is
0.0
number of trials is
9200
number of Z or Y failures is
0
number of X failures is
0
average trial time
108.13221368627522
mu is
0.0
number of trials is
9400
number of Z or Y failures is
0
number of X failures is
0
average trial time
110.6380566148303
mu is
0.0
number of trials is
9600
number of Z or Y failures is
0
number of X failures is
0
average trial time
113.12280144320027
mu is
0.0
number of trials is
9800
number of Z or Y failures is
0
number of X failures is
0
average trial time
115.59293204348023
mu is
0.0
number of trials is
10000
number of Z or Y failures is
0
number of X failures is
0
average trial time
118.08027551932022
mu is
0.0
number of trials is
10200
number of Z or Y failures is
0
number of X failures is
0
average trial time
120.55168656304008
mu is
0.0
number of trials is
10400
number of Z or Y failures is
0
number of X failures is
0
average trial time
123.01722814597018
mu is
0.0
number of trials is
10600
number of Z or Y failures is
0
number of X failures is
0
average trial time
125.49377168689021
mu is
0.0
number of trials is
10800
number of Z or Y failures is
0
number of X failures is
0
average trial time
127.98311112748513
mu is
0.0
number of trials is
11000
number of Z or Y failures is
0
number of X failures is
0
average trial time
130.4298393633102
mu is
0.0
number of trials is
11200
number of Z or Y failures is
0
number of X failures is
0
average trial time
132.88388240415026
mu is
0.0
number of trials is
11400
number of Z or Y failures is
0
number of X failures is
0
average trial time
135.34600306071542
mu is
0.0
number of trials is
11600
number of Z or Y failures is
0
number of X failures is
0
average trial time
137.8174686389904
mu is
0.0
number of trials is
11800
number of Z or Y failures is
0
number of X failures is
0
average trial time
140.27420353849047
mu is
0.0
number of trials is
12000
number of Z or Y failures is
0
number of X failures is
0
average trial time
142.70867856842548
mu is
0.0
number of trials is
12200
number of Z or Y failures is
0
number of X failures is
0
average trial time
145.19421574182547
mu is
0.0
number of trials is
12400
number of Z or Y failures is
0
number of X failures is
0
average trial time
147.64973274169543
mu is
0.0
number of trials is
12600
number of Z or Y failures is
0
number of X failures is
0
average trial time
150.10340292251038
mu is
0.0
number of trials is
12800
number of Z or Y failures is
0
number of X failures is
0
average trial time
152.5602592910905
mu is
0.0
number of trials is
13000
number of Z or Y failures is
0
number of X failures is
0
average trial time
155.04265025051544
mu is
0.0
number of trials is
13200
number of Z or Y failures is
0
number of X failures is
0
average trial time
157.51642186101554
mu is
0.0
number of trials is
13400
number of Z or Y failures is
0
number of X failures is
0
average trial time
159.94646683108556
mu is
0.0
number of trials is
13600
number of Z or Y failures is
0
number of X failures is
0
average trial time
162.37288748266548
mu is
0.0
number of trials is
13800
number of Z or Y failures is
0
number of X failures is
0
average trial time
164.8242519350106
mu is
0.0
number of trials is
14000
number of Z or Y failures is
0
number of X failures is
0
average trial time
167.27908287419592
mu is
0.0
number of trials is
14200
number of Z or Y failures is
0
number of X failures is
0
average trial time
169.69780355282094
mu is
0.0
number of trials is
14400
number of Z or Y failures is
0
number of X failures is
0
average trial time
172.152558629821
mu is
0.0
number of trials is
14600
number of Z or Y failures is
0
number of X failures is
0
average trial time
174.6077233751708
mu is
0.0
number of trials is
14800
number of Z or Y failures is
0
number of X failures is
0
average trial time
177.0334917651206
mu is
0.0
number of trials is
15000
number of Z or Y failures is
0
number of X failures is
0
average trial time
179.45750245759052
mu is
0.0
number of trials is
15200
number of Z or Y failures is
0
number of X failures is
0
average trial time
181.88759910698553
mu is
0.0
number of trials is
15400
number of Z or Y failures is
0
number of X failures is
0
average trial time
184.32447128765543
mu is
0.0
number of trials is
15600
number of Z or Y failures is
0
number of X failures is
0
average trial time
186.77687696279037
mu is
0.0
number of trials is
15800
number of Z or Y failures is
0
number of X failures is
0
average trial time
189.1873207717956
mu is
0.0
number of trials is
16000
number of Z or Y failures is
0
number of X failures is
0
average trial time
191.6142150514554
mu is
0.0
number of trials is
16200
number of Z or Y failures is
0
number of X failures is
0
average trial time
194.07132202980534
mu is
0.0
number of trials is
16400
number of Z or Y failures is
0
number of X failures is
0
average trial time
196.4612517837705
mu is
0.0
number of trials is
16600
number of Z or Y failures is
0
number of X failures is
0
average trial time
198.90987862236068
mu is
0.0
number of trials is
16800
number of Z or Y failures is
0
number of X failures is
0
average trial time
201.31804138118562
mu is
0.0
number of trials is
17000
number of Z or Y failures is
0
number of X failures is
0
average trial time
203.76819412916547
mu is
5.8139534883720933e-5
number of trials is
17200
number of Z or Y failures is
1
number of X failures is
0
average trial time
206.18187607133535
mu is
5.747126436781609e-5
number of trials is
17400
number of Z or Y failures is
1
number of X failures is
0
average trial time
208.5958080755953
mu is
5.681818181818182e-5
number of trials is
17600
number of Z or Y failures is
1
number of X failures is
0
average trial time
211.02252578427502
mu is
5.617977528089888e-5
number of trials is
17800
number of Z or Y failures is
1
number of X failures is
0
average trial time
213.4523133831699
mu is
5.555555555555556e-5
number of trials is
18000
number of Z or Y failures is
1
number of X failures is
0
average trial time
215.87419688984497
mu is
5.4945054945054945e-5
number of trials is
18200
number of Z or Y failures is
1
number of X failures is
0
average trial time
218.279265122675
mu is
5.4347826086956524e-5
number of trials is
18400
number of Z or Y failures is
1
number of X failures is
0
average trial time
220.70214857494
mu is
5.3763440860215054e-5
number of trials is
18600
number of Z or Y failures is
1
number of X failures is
0
average trial time
223.09495658582512
mu is
5.319148936170213e-5
number of trials is
18800
number of Z or Y failures is
1
number of X failures is
0
average trial time
225.50060303262532
mu is
5.2631578947368424e-5
number of trials is
19000
number of Z or Y failures is
1
number of X failures is
0
average trial time
227.89731225899519
mu is
5.208333333333334e-5
number of trials is
19200
number of Z or Y failures is
1
number of X failures is
0
average trial time
230.30673547558035
mu is
0.00010309278350515464
number of trials is
19400
number of Z or Y failures is
2
number of X failures is
0
average trial time
232.69623556034054
mu is
0.00010204081632653062
number of trials is
19600
number of Z or Y failures is
2
number of X failures is
0
average trial time
235.0926171099805
mu is
0.00010101010101010101
number of trials is
19800
number of Z or Y failures is
2
number of X failures is
0
average trial time
237.49411205838533
mu is
0.0001
number of trials is
20000
number of Z or Y failures is
2
number of X failures is
0
average trial time
239.9053920733005
mu is
9.900990099009902e-5
number of trials is
20200
number of Z or Y failures is
2
number of X failures is
0
average trial time
242.31182070040552
mu is
9.80392156862745e-5
number of trials is
20400
number of Z or Y failures is
2
number of X failures is
0
average trial time
244.72498324058054
mu is
9.70873786407767e-5
number of trials is
20600
number of Z or Y failures is
2
number of X failures is
0
average trial time
247.1271096817756
mu is
9.615384615384615e-5
number of trials is
20800
number of Z or Y failures is
2
number of X failures is
0
average trial time
249.53089612826057
mu is
9.523809523809524e-5
number of trials is
21000
number of Z or Y failures is
2
number of X failures is
0
average trial time
251.90899994655055
mu is
9.433962264150943e-5
number of trials is
21200
number of Z or Y failures is
2
number of X failures is
0
average trial time
254.33648011218062
mu is
9.345794392523364e-5
number of trials is
21400
number of Z or Y failures is
2
number of X failures is
0
average trial time
256.70877292285076
mu is
9.259259259259259e-5
number of trials is
21600
number of Z or Y failures is
2
number of X failures is
0
average trial time
259.10838438720043
mu is
9.174311926605505e-5
number of trials is
21800
number of Z or Y failures is
2
number of X failures is
0
average trial time
261.48770002427557
mu is
9.09090909090909e-5
number of trials is
22000
number of Z or Y failures is
2
number of X failures is
0
average trial time
263.8903181487405
mu is
9.009009009009009e-5
number of trials is
22200
number of Z or Y failures is
2
number of X failures is
0
average trial time
266.2686630163455
mu is
8.928571428571429e-5
number of trials is
22400
number of Z or Y failures is
2
number of X failures is
0
average trial time
268.6841198367905
mu is
8.849557522123894e-5
number of trials is
22600
number of Z or Y failures is
2
number of X failures is
0
average trial time
271.0695171738605
mu is
8.771929824561403e-5
number of trials is
22800
number of Z or Y failures is
2
number of X failures is
0
average trial time
273.44307866604044
mu is
8.695652173913044e-5
number of trials is
23000
number of Z or Y failures is
2
number of X failures is
0
average trial time
275.8605281880257
mu is
8.620689655172413e-5
number of trials is
23200
number of Z or Y failures is
2
number of X failures is
0
average trial time
278.21201818629555
mu is
8.547008547008547e-5
number of trials is
23400
number of Z or Y failures is
2
number of X failures is
0
average trial time
280.6325357674704
mu is
8.474576271186441e-5
number of trials is
23600
number of Z or Y failures is
2
number of X failures is
0
average trial time
283.05024656917044
mu is
8.403361344537815e-5
number of trials is
23800
number of Z or Y failures is
2
number of X failures is
0
average trial time
285.4357969738605
mu is
8.333333333333333e-5
number of trials is
24000
number of Z or Y failures is
2
number of X failures is
0
average trial time
287.8401035666906
mu is
8.264462809917356e-5
number of trials is
24200
number of Z or Y failures is
2
number of X failures is
0
average trial time
290.2031117778005
mu is
8.19672131147541e-5
number of trials is
24400
number of Z or Y failures is
2
number of X failures is
0
average trial time
292.57923206019046
mu is
8.130081300813008e-5
number of trials is
24600
number of Z or Y failures is
2
number of X failures is
0
average trial time
294.9702642941105
mu is
8.064516129032258e-5
number of trials is
24800
number of Z or Y failures is
2
number of X failures is
0
average trial time
297.3327135143507
mu is
8.0e-5
number of trials is
25000
number of Z or Y failures is
2
number of X failures is
0
average trial time
299.73625645243584
mu is
7.936507936507937e-5
number of trials is
25200
number of Z or Y failures is
2
number of X failures is
0
average trial time
302.1271969770709
mu is
7.874015748031496e-5
number of trials is
25400
number of Z or Y failures is
2
number of X failures is
0
average trial time
304.4931245826709
mu is
7.8125e-5
number of trials is
25600
number of Z or Y failures is
2
number of X failures is
0
average trial time
306.8883300427107
mu is
7.751937984496124e-5
number of trials is
25800
number of Z or Y failures is
2
number of X failures is
0
average trial time
309.2504725188356
mu is
7.692307692307693e-5
number of trials is
26000
number of Z or Y failures is
2
number of X failures is
0
average trial time
311.63498384289056
mu is
7.633587786259542e-5
number of trials is
26200
number of Z or Y failures is
2
number of X failures is
0
average trial time
314.05842258388566
mu is
7.575757575757576e-5
number of trials is
26400
number of Z or Y failures is
2
number of X failures is
0
average trial time
316.4360677746807
mu is
7.518796992481203e-5
number of trials is
26600
number of Z or Y failures is
2
number of X failures is
0
average trial time
318.81265079786067
mu is
7.462686567164179e-5
number of trials is
26800
number of Z or Y failures is
2
number of X failures is
0
average trial time
321.2186818294509
mu is
7.407407407407407e-5
number of trials is
27000
number of Z or Y failures is
2
number of X failures is
0
average trial time
323.60703343048584
mu is
7.352941176470588e-5
number of trials is
27200
number of Z or Y failures is
2
number of X failures is
0
average trial time
325.9712295624408
mu is
7.299270072992701e-5
number of trials is
27400
number of Z or Y failures is
2
number of X failures is
0
average trial time
328.37861120196067
mu is
7.246376811594203e-5
number of trials is
27600
number of Z or Y failures is
2
number of X failures is
0
average trial time
330.7844721038155
mu is
7.194244604316547e-5
number of trials is
27800
number of Z or Y failures is
2
number of X failures is
0
average trial time
333.12761603805086
mu is
7.142857142857143e-5
number of trials is
28000
number of Z or Y failures is
2
number of X failures is
0
average trial time
335.5136569901656
mu is
7.092198581560284e-5
number of trials is
28200
number of Z or Y failures is
2
number of X failures is
0
average trial time
337.92177147748043
mu is
7.042253521126761e-5
number of trials is
28400
number of Z or Y failures is
2
number of X failures is
0
average trial time
340.2998373305355
mu is
6.993006993006993e-5
number of trials is
28600
number of Z or Y failures is
2
number of X failures is
0
average trial time
342.6639873950758
mu is
6.944444444444444e-5
number of trials is
28800
number of Z or Y failures is
2
number of X failures is
0
average trial time
345.041646370401
mu is
6.896551724137931e-5
number of trials is
29000
number of Z or Y failures is
2
number of X failures is
0
average trial time
347.4578650468613
mu is
6.84931506849315e-5
number of trials is
29200
number of Z or Y failures is
2
number of X failures is
0
average trial time
349.81115667404134
mu is
6.802721088435374e-5
number of trials is
29400
number of Z or Y failures is
2
number of X failures is
0
average trial time
352.1704811065267
mu is
6.756756756756757e-5
number of trials is
29600
number of Z or Y failures is
2
number of X failures is
0
average trial time
354.500311049652
mu is
6.711409395973154e-5
number of trials is
29800
number of Z or Y failures is
2
number of X failures is
0
average trial time
356.8903193106118
mu is
6.666666666666667e-5
number of trials is
30000
number of Z or Y failures is
2
number of X failures is
0
average trial time
359.3087068205868
mu is
6.622516556291391e-5
number of trials is
30200
number of Z or Y failures is
2
number of X failures is
0
average trial time
361.6882672463718
mu is
6.578947368421052e-5
number of trials is
30400
number of Z or Y failures is
2
number of X failures is
0
average trial time
364.0208752430816
mu is
6.535947712418301e-5
number of trials is
30600
number of Z or Y failures is
2
number of X failures is
0
average trial time
366.37995774833644
mu is
6.493506493506494e-5
number of trials is
30800
number of Z or Y failures is
2
number of X failures is
0
average trial time
368.71735332060615
mu is
6.451612903225807e-5
number of trials is
31000
number of Z or Y failures is
2
number of X failures is
0
average trial time
371.0587965343264
mu is
6.41025641025641e-5
number of trials is
31200
number of Z or Y failures is
2
number of X failures is
0
average trial time
373.4458471166561
mu is
6.369426751592356e-5
number of trials is
31400
number of Z or Y failures is
2
number of X failures is
0
average trial time
375.81882364556105
mu is
6.329113924050633e-5
number of trials is
31600
number of Z or Y failures is
2
number of X failures is
0
average trial time
378.18532931190566
mu is
6.289308176100629e-5
number of trials is
31800
number of Z or Y failures is
2
number of X failures is
0
average trial time
380.55497168538074
mu is
6.25e-5
number of trials is
32000
number of Z or Y failures is
2
number of X failures is
0
average trial time
382.93425534245534
mu is
6.211180124223603e-5
number of trials is
32200
number of Z or Y failures is
2
number of X failures is
0
average trial time
385.2779158532651
mu is
6.17283950617284e-5
number of trials is
32400
number of Z or Y failures is
2
number of X failures is
0
average trial time
387.63749862692015
mu is
6.134969325153375e-5
number of trials is
32600
number of Z or Y failures is
2
number of X failures is
0
average trial time
390.0108509978452
mu is
6.097560975609756e-5
number of trials is
32800
number of Z or Y failures is
2
number of X failures is
0
average trial time
392.40122925348544
mu is
6.0606060606060605e-5
number of trials is
33000
number of Z or Y failures is
2
number of X failures is
0
average trial time
394.7955310916407
mu is
6.0240963855421684e-5
number of trials is
33200
number of Z or Y failures is
2
number of X failures is
0
average trial time
397.158381460121
mu is
5.988023952095808e-5
number of trials is
33400
number of Z or Y failures is
2
number of X failures is
0
average trial time
399.5137422651616
mu is
5.9523809523809524e-5
number of trials is
33600
number of Z or Y failures is
2
number of X failures is
0
average trial time
401.86498284067164
mu is
5.9171597633136094e-5
number of trials is
33800
number of Z or Y failures is
2
number of X failures is
0
average trial time
404.211635349641
mu is
5.882352941176471e-5
number of trials is
34000
number of Z or Y failures is
2
number of X failures is
0
average trial time
406.5705040029708
mu is
5.847953216374269e-5
number of trials is
34200
number of Z or Y failures is
2
number of X failures is
0
average trial time
408.93161392671107
mu is
5.8139534883720933e-5
number of trials is
34400
number of Z or Y failures is
2
number of X failures is
0
average trial time
411.3038595018513
mu is
5.7803468208092484e-5
number of trials is
34600
number of Z or Y failures is
2
number of X failures is
0
average trial time
413.67996951555654
mu is
5.747126436781609e-5
number of trials is
34800
number of Z or Y failures is
2
number of X failures is
0
average trial time
416.0156275152965
mu is
5.714285714285714e-5
number of trials is
35000
number of Z or Y failures is
2
number of X failures is
0
average trial time
418.3729929812765
mu is
5.681818181818182e-5
number of trials is
35200
number of Z or Y failures is
2
number of X failures is
0
average trial time
420.7307708252969
mu is
5.649717514124294e-5
number of trials is
35400
number of Z or Y failures is
2
number of X failures is
0
average trial time
423.1082039787868
mu is
5.617977528089888e-5
number of trials is
35600
number of Z or Y failures is
2
number of X failures is
0
average trial time
425.48288690752184
mu is
5.58659217877095e-5
number of trials is
35800
number of Z or Y failures is
2
number of X failures is
0
average trial time
427.8330714900765
mu is
5.555555555555556e-5
number of trials is
36000
number of Z or Y failures is
2
number of X failures is
0
average trial time
430.1762565255518
mu is
5.524861878453039e-5
number of trials is
36200
number of Z or Y failures is
2
number of X failures is
0
average trial time
432.52787919032664
mu is
5.4945054945054945e-5
number of trials is
36400
number of Z or Y failures is
2
number of X failures is
0
average trial time
434.867779020261
mu is
5.46448087431694e-5
number of trials is
36600
number of Z or Y failures is
2
number of X failures is
0
average trial time
437.2281465285609
mu is
5.4347826086956524e-5
number of trials is
36800
number of Z or Y failures is
2
number of X failures is
0
average trial time
439.57863676773627
mu is
5.4054054054054054e-5
number of trials is
37000
number of Z or Y failures is
2
number of X failures is
0
average trial time
441.9337032273413
mu is
5.3763440860215054e-5
number of trials is
37200
number of Z or Y failures is
2
number of X failures is
0
average trial time
444.28586357222673
mu is
5.3475935828877e-5
number of trials is
37400
number of Z or Y failures is
2
number of X failures is
0
average trial time
446.62851301451224
mu is
5.319148936170213e-5
number of trials is
37600
number of Z or Y failures is
2
number of X failures is
0
average trial time
448.9776889433568
mu is
5.291005291005291e-5
number of trials is
37800
number of Z or Y failures is
2
number of X failures is
0
average trial time
451.3371817771468
mu is
5.2631578947368424e-5
number of trials is
38000
number of Z or Y failures is
2
number of X failures is
0
average trial time
453.6917691530371
mu is
5.2356020942408376e-5
number of trials is
38200
number of Z or Y failures is
2
number of X failures is
0
average trial time
456.03859330921716
mu is
5.208333333333334e-5
number of trials is
38400
number of Z or Y failures is
2
number of X failures is
0
average trial time
458.3954848104775
mu is
5.1813471502590674e-5
number of trials is
38600
number of Z or Y failures is
2
number of X failures is
0
average trial time
460.7623670684919
mu is
5.154639175257732e-5
number of trials is
38800
number of Z or Y failures is
2
number of X failures is
0
average trial time
463.100579351437
mu is
5.128205128205128e-5
number of trials is
39000
number of Z or Y failures is
2
number of X failures is
0
average trial time
465.4349773970766
mu is
5.102040816326531e-5
number of trials is
39200
number of Z or Y failures is
2
number of X failures is
0
average trial time
467.7784923555015
mu is
5.076142131979695e-5
number of trials is
39400
number of Z or Y failures is
2
number of X failures is
0
average trial time
470.12295825948604
mu is
5.0505050505050505e-5
number of trials is
39600
number of Z or Y failures is
2
number of X failures is
0
average trial time
472.45478546336125
mu is
5.0251256281407036e-5
number of trials is
39800
number of Z or Y failures is
2
number of X failures is
0
average trial time
474.78204600735626
mu is
5.0e-5
number of trials is
40000
number of Z or Y failures is
2
number of X failures is
0
average trial time
477.09969707771097
mu is
4.9751243781094526e-5
number of trials is
40200
number of Z or Y failures is
2
number of X failures is
0
average trial time
479.4378447980305
mu is
4.950495049504951e-5
number of trials is
40400
number of Z or Y failures is
2
number of X failures is
0
average trial time
481.7786540427706
mu is
4.926108374384237e-5
number of trials is
40600
number of Z or Y failures is
2
number of X failures is
0
average trial time
484.12899580506127
mu is
4.901960784313725e-5
number of trials is
40800
number of Z or Y failures is
2
number of X failures is
0
average trial time
486.46657177738126
mu is
4.878048780487805e-5
number of trials is
41000
number of Z or Y failures is
2
number of X failures is
0
average trial time
488.82067909841624
mu is
4.854368932038835e-5
number of trials is
41200
number of Z or Y failures is
2
number of X failures is
0
average trial time
491.1758254895812
mu is
4.830917874396135e-5
number of trials is
41400
number of Z or Y failures is
2
number of X failures is
0
average trial time
493.56262194001147
mu is
4.807692307692308e-5
number of trials is
41600
number of Z or Y failures is
2
number of X failures is
0
average trial time
495.9325625721317
mu is
4.784688995215311e-5
number of trials is
41800
number of Z or Y failures is
2
number of X failures is
0
average trial time
498.26830396072137
mu is
4.761904761904762e-5
number of trials is
42000
number of Z or Y failures is
2
number of X failures is
0
average trial time
500.6133276540014
mu is
4.739336492890995e-5
number of trials is
42200
number of Z or Y failures is
2
number of X failures is
0
average trial time
502.96227463825153
mu is
4.7169811320754715e-5
number of trials is
42400
number of Z or Y failures is
2
number of X failures is
0
average trial time
505.3070639056313
mu is
4.694835680751174e-5
number of trials is
42600
number of Z or Y failures is
2
number of X failures is
0
average trial time
507.6438260619918
mu is
4.672897196261682e-5
number of trials is
42800
number of Z or Y failures is
2
number of X failures is
0
average trial time
510.0039544575166
mu is
4.651162790697674e-5
number of trials is
43000
number of Z or Y failures is
2
number of X failures is
0
average trial time
512.3487516330817
mu is
4.6296296296296294e-5
number of trials is
43200
number of Z or Y failures is
2
number of X failures is
0
average trial time
514.7010928429517
mu is
4.608294930875576e-5
number of trials is
43400
number of Z or Y failures is
2
number of X failures is
0
average trial time
517.0318447567063
mu is
4.587155963302752e-5
number of trials is
43600
number of Z or Y failures is
2
number of X failures is
0
average trial time
519.3892543523963
mu is
4.5662100456621006e-5
number of trials is
43800
number of Z or Y failures is
2
number of X failures is
0
average trial time
521.7155571469766
mu is
4.545454545454545e-5
number of trials is
44000
number of Z or Y failures is
2
number of X failures is
0
average trial time
524.0562525675714
mu is
4.524886877828054e-5
number of trials is
44200
number of Z or Y failures is
2
number of X failures is
0
average trial time
526.4020562801059
mu is
4.5045045045045046e-5
number of trials is
44400
number of Z or Y failures is
2
number of X failures is
0
average trial time
528.7760277692563
mu is
4.484304932735426e-5
number of trials is
44600
number of Z or Y failures is
2
number of X failures is
0
average trial time
531.1186327872415
mu is
4.464285714285714e-5
number of trials is
44800
number of Z or Y failures is
2
number of X failures is
0
average trial time
533.4417130907414
mu is
4.4444444444444447e-5
number of trials is
45000
number of Z or Y failures is
2
number of X failures is
0
average trial time
535.7752147226471
mu is
4.424778761061947e-5
number of trials is
45200
number of Z or Y failures is
2
number of X failures is
0
average trial time
538.115058828092
mu is
4.405286343612335e-5
number of trials is
45400
number of Z or Y failures is
2
number of X failures is
0
average trial time
540.4776959468968
mu is
4.3859649122807014e-5
number of trials is
45600
number of Z or Y failures is
2
number of X failures is
0
average trial time
542.8419757645917
mu is
4.3668122270742355e-5
number of trials is
45800
number of Z or Y failures is
2
number of X failures is
0
average trial time
545.1823008357117
mu is
4.347826086956522e-5
number of trials is
46000
number of Z or Y failures is
2
number of X failures is
0
average trial time
547.5473825383172
mu is
4.329004329004329e-5
number of trials is
46200
number of Z or Y failures is
2
number of X failures is
0
average trial time
549.8973193861925
mu is
4.3103448275862066e-5
number of trials is
46400
number of Z or Y failures is
2
number of X failures is
0
average trial time
552.2493418683222
mu is
4.291845493562232e-5
number of trials is
46600
number of Z or Y failures is
2
number of X failures is
0
average trial time
554.5944889361222
mu is
4.2735042735042735e-5
number of trials is
46800
number of Z or Y failures is
2
number of X failures is
0
average trial time
556.9465667067468
mu is
4.2553191489361704e-5
number of trials is
47000
number of Z or Y failures is
2
number of X failures is
0
average trial time
559.2833901473022
mu is
4.2372881355932206e-5
number of trials is
47200
number of Z or Y failures is
2
number of X failures is
0
average trial time
561.6285082785471
mu is
4.219409282700422e-5
number of trials is
47400
number of Z or Y failures is
2
number of X failures is
0
average trial time
563.9570147158121
mu is
4.201680672268908e-5
number of trials is
47600
number of Z or Y failures is
2
number of X failures is
0
average trial time
566.3042535291775
mu is
4.184100418410042e-5
number of trials is
47800
number of Z or Y failures is
2
number of X failures is
0
average trial time
568.6175029737627
mu is
4.1666666666666665e-5
number of trials is
48000
number of Z or Y failures is
2
number of X failures is
0
average trial time
570.9678068697776
mu is
4.149377593360996e-5
number of trials is
48200
number of Z or Y failures is
2
number of X failures is
0
average trial time
573.2879475495674
mu is
4.132231404958678e-5
number of trials is
48400
number of Z or Y failures is
2
number of X failures is
0
average trial time
575.6147759470375
mu is
4.11522633744856e-5
number of trials is
48600
number of Z or Y failures is
2
number of X failures is
0
average trial time
577.9412718022029
mu is
4.098360655737705e-5
number of trials is
48800
number of Z or Y failures is
2
number of X failures is
0
average trial time
580.2844404229575
mu is
4.0816326530612245e-5
number of trials is
49000
number of Z or Y failures is
2
number of X failures is
0
average trial time
582.6135888347627
mu is
4.065040650406504e-5
number of trials is
49200
number of Z or Y failures is
2
number of X failures is
0
average trial time
584.9656626248477
mu is
4.048582995951417e-5
number of trials is
49400
number of Z or Y failures is
2
number of X failures is
0
average trial time
587.3077205786122
mu is
4.032258064516129e-5
number of trials is
49600
number of Z or Y failures is
2
number of X failures is
0
average trial time
589.6373742572619
mu is
4.0160642570281125e-5
number of trials is
49800
number of Z or Y failures is
2
number of X failures is
0
average trial time
591.9816039701213
mu is
4.0e-5
number of trials is
50000
number of Z or Y failures is
2
number of X failures is
0
average trial time
594.3230631619759
mu is
3.9840637450199205e-5
number of trials is
50200
number of Z or Y failures is
2
number of X failures is
0
average trial time
596.6669580473957
mu is
3.968253968253968e-5
number of trials is
50400
number of Z or Y failures is
2
number of X failures is
0
average trial time
599.022026178561
mu is
3.9525691699604744e-5
number of trials is
50600
number of Z or Y failures is
2
number of X failures is
0
average trial time
601.3700162032858
mu is
3.937007874015748e-5
number of trials is
50800
number of Z or Y failures is
2
number of X failures is
0
average trial time
603.7058866554106
mu is
3.9215686274509805e-5
number of trials is
51000
number of Z or Y failures is
2
number of X failures is
0
average trial time
606.0387394245553
mu is
3.90625e-5
number of trials is
51200
number of Z or Y failures is
2
number of X failures is
0
average trial time
608.3742500067899
mu is
3.891050583657588e-5
number of trials is
51400
number of Z or Y failures is
2
number of X failures is
0
average trial time
610.7000436576949
mu is
3.875968992248062e-5
number of trials is
51600
number of Z or Y failures is
2
number of X failures is
0
average trial time
613.0223602565894
mu is
3.861003861003861e-5
number of trials is
51800
number of Z or Y failures is
2
number of X failures is
0
average trial time
615.3646486745342
mu is
3.846153846153846e-5
number of trials is
52000
number of Z or Y failures is
2
number of X failures is
0
average trial time
617.6968068234538
mu is
3.8314176245210727e-5
number of trials is
52200
number of Z or Y failures is
2
number of X failures is
0
average trial time
620.0220713073339
mu is
3.816793893129771e-5
number of trials is
52400
number of Z or Y failures is
2
number of X failures is
0
average trial time
622.3430068133241
mu is
3.802281368821293e-5
number of trials is
52600
number of Z or Y failures is
2
number of X failures is
0
average trial time
624.6747200966042
mu is
3.787878787878788e-5
number of trials is
52800
number of Z or Y failures is
2
number of X failures is
0
average trial time
627.011964425489
mu is
3.7735849056603776e-5
number of trials is
53000
number of Z or Y failures is
2
number of X failures is
0
average trial time
629.3506644043842
mu is
3.759398496240601e-5
number of trials is
53200
number of Z or Y failures is
2
number of X failures is
0
average trial time
631.7068722091594
mu is
3.745318352059925e-5
number of trials is
53400
number of Z or Y failures is
2
number of X failures is
0
average trial time
634.0438509862944
mu is
3.7313432835820896e-5
number of trials is
53600
number of Z or Y failures is
2
number of X failures is
0
average trial time
636.3725991677543
mu is
3.717472118959108e-5
number of trials is
53800
number of Z or Y failures is
2
number of X failures is
0
average trial time
638.7111716073796
mu is
3.7037037037037037e-5
number of trials is
54000
number of Z or Y failures is
2
number of X failures is
0
average trial time
641.0491749231744
mu is
3.690036900369004e-5
number of trials is
54200
number of Z or Y failures is
2
number of X failures is
0
average trial time
643.3815881235192
mu is
3.676470588235294e-5
number of trials is
54400
number of Z or Y failures is
2
number of X failures is
0
average trial time
645.7159684246188
mu is
3.663003663003663e-5
number of trials is
54600
number of Z or Y failures is
2
number of X failures is
0
average trial time
648.048250137989
mu is
3.649635036496351e-5
number of trials is
54800
number of Z or Y failures is
2
number of X failures is
0
average trial time
650.3890538502744
mu is
3.6363636363636364e-5
number of trials is
55000
number of Z or Y failures is
2
number of X failures is
0
average trial time
652.7124198292092
mu is
3.6231884057971014e-5
number of trials is
55200
number of Z or Y failures is
2
number of X failures is
0
average trial time
655.0351127033094
mu is
3.610108303249098e-5
number of trials is
55400
number of Z or Y failures is
2
number of X failures is
0
average trial time
657.3828284184988
mu is
3.597122302158273e-5
number of trials is
55600
number of Z or Y failures is
2
number of X failures is
0
average trial time
659.7238367047134
mu is
3.5842293906810036e-5
number of trials is
55800
number of Z or Y failures is
2
number of X failures is
0
average trial time
662.0745709909937
mu is
3.571428571428572e-5
number of trials is
56000
number of Z or Y failures is
2
number of X failures is
0
average trial time
664.403896484684
mu is
3.558718861209964e-5
number of trials is
56200
number of Z or Y failures is
2
number of X failures is
0
average trial time
666.7270517062487
mu is
3.546099290780142e-5
number of trials is
56400
number of Z or Y failures is
2
number of X failures is
0
average trial time
669.070764814624
mu is
3.53356890459364e-5
number of trials is
56600
number of Z or Y failures is
2
number of X failures is
0
average trial time
671.4040101293238
mu is
3.5211267605633805e-5
number of trials is
56800
number of Z or Y failures is
2
number of X failures is
0
average trial time
673.735641394429
mu is
3.508771929824561e-5
number of trials is
57000
number of Z or Y failures is
2
number of X failures is
0
average trial time
676.0849521721497
mu is
3.4965034965034965e-5
number of trials is
57200
number of Z or Y failures is
2
number of X failures is
0
average trial time
678.4486535094038
mu is
3.484320557491289e-5
number of trials is
57400
number of Z or Y failures is
2
number of X failures is
0
average trial time
680.7886756838384
mu is
3.472222222222222e-5
number of trials is
57600
number of Z or Y failures is
2
number of X failures is
0
average trial time
683.1052065386837
mu is
3.460207612456748e-5
number of trials is
57800
number of Z or Y failures is
2
number of X failures is
0
average trial time
685.4296246179978
mu is
3.4482758620689657e-5
number of trials is
58000
number of Z or Y failures is
2
number of X failures is
0
average trial time
687.7638479120075
mu is
3.436426116838488e-5
number of trials is
58200
number of Z or Y failures is
2
number of X failures is
0
average trial time
690.0879510492472
mu is
3.424657534246575e-5
number of trials is
58400
number of Z or Y failures is
2
number of X failures is
0
average trial time
692.4091891966174
mu is
3.4129692832764505e-5
number of trials is
58600
number of Z or Y failures is
2
number of X failures is
0
average trial time
694.7399266751819
mu is
3.401360544217687e-5
number of trials is
58800
number of Z or Y failures is
2
number of X failures is
0
average trial time
697.0633268204574
mu is
3.389830508474576e-5
number of trials is
59000
number of Z or Y failures is
2
number of X failures is
0
average trial time
699.416692443653
mu is
3.3783783783783784e-5
number of trials is
59200
number of Z or Y failures is
2
number of X failures is
0
average trial time
701.723770425553
mu is
3.367003367003367e-5
number of trials is
59400
number of Z or Y failures is
2
number of X failures is
0
average trial time
704.0321696796872
mu is
3.355704697986577e-5
number of trials is
59600
number of Z or Y failures is
2
number of X failures is
0
average trial time
706.3533454796266
mu is
3.3444816053511705e-5
number of trials is
59800
number of Z or Y failures is
2
number of X failures is
0
average trial time
708.6788282726917
mu is
3.3333333333333335e-5
number of trials is
60000
number of Z or Y failures is
2
number of X failures is
0
average trial time
711.0252731887375
mu is
3.322259136212625e-5
number of trials is
60200
number of Z or Y failures is
2
number of X failures is
0
average trial time
713.3770337376371
mu is
3.3112582781456954e-5
number of trials is
60400
number of Z or Y failures is
2
number of X failures is
0
average trial time
715.7133714654971
mu is
3.3003300330033e-5
number of trials is
60600
number of Z or Y failures is
2
number of X failures is
0
average trial time
718.0351048234309
mu is
3.289473684210526e-5
number of trials is
60800
number of Z or Y failures is
2
number of X failures is
0
average trial time
720.3432548277805
mu is
3.278688524590164e-5
number of trials is
61000
number of Z or Y failures is
2
number of X failures is
0
average trial time
722.6392277981607
mu is
3.2679738562091506e-5
number of trials is
61200
number of Z or Y failures is
2
number of X failures is
0
average trial time
724.9600431776166
mu is
3.257328990228013e-5
number of trials is
61400
number of Z or Y failures is
2
number of X failures is
0
average trial time
727.2977301156061
mu is
3.246753246753247e-5
number of trials is
61600
number of Z or Y failures is
2
number of X failures is
0
average trial time
729.60495081571
mu is
3.2362459546925564e-5
number of trials is
61800
number of Z or Y failures is
2
number of X failures is
0
average trial time
731.9233058779655
mu is
3.2258064516129034e-5
number of trials is
62000
number of Z or Y failures is
2
number of X failures is
0
average trial time
734.2371023339452
mu is
3.215434083601286e-5
number of trials is
62200
number of Z or Y failures is
2
number of X failures is
0
average trial time
736.5726149697102
mu is
3.205128205128205e-5
number of trials is
62400
number of Z or Y failures is
2
number of X failures is
0
average trial time
738.9211001478451
mu is
3.194888178913738e-5
number of trials is
62600
number of Z or Y failures is
2
number of X failures is
0
average trial time
741.2537142982006
mu is
3.184713375796178e-5
number of trials is
62800
number of Z or Y failures is
2
number of X failures is
0
average trial time
743.5931492920691
mu is
3.1746031746031745e-5
number of trials is
63000
number of Z or Y failures is
2
number of X failures is
0
average trial time
745.9060612341142
mu is
3.1645569620253167e-5
number of trials is
63200
number of Z or Y failures is
2
number of X failures is
0
average trial time
748.2399456794648
mu is
3.154574132492114e-5
number of trials is
63400
number of Z or Y failures is
2
number of X failures is
0
average trial time
750.5728456311953
mu is
3.144654088050314e-5
number of trials is
63600
number of Z or Y failures is
2
number of X failures is
0
average trial time
752.9109162623805
mu is
3.134796238244514e-5
number of trials is
63800
number of Z or Y failures is
2
number of X failures is
0
average trial time
755.2321378916308
mu is
3.125e-5
number of trials is
64000
number of Z or Y failures is
2
number of X failures is
0
average trial time
757.5597531972812
mu is
3.115264797507788e-5
number of trials is
64200
number of Z or Y failures is
2
number of X failures is
0
average trial time
759.8972612974711
mu is
3.1055900621118014e-5
number of trials is
64400
number of Z or Y failures is
2
number of X failures is
0
average trial time
762.229243812996
mu is
3.0959752321981425e-5
number of trials is
64600
number of Z or Y failures is
2
number of X failures is
0
average trial time
764.5518824306419
mu is
3.08641975308642e-5
number of trials is
64800
number of Z or Y failures is
2
number of X failures is
0
average trial time
766.8909943408727
mu is
3.076923076923077e-5
number of trials is
65000
number of Z or Y failures is
2
number of X failures is
0
average trial time
769.2171577236236
mu is
3.067484662576687e-5
number of trials is
65200
number of Z or Y failures is
2
number of X failures is
0
average trial time
771.552634216388
mu is
3.0581039755351684e-5
number of trials is
65400
number of Z or Y failures is
2
number of X failures is
0
average trial time
773.8820265785785
mu is
3.048780487804878e-5
number of trials is
65600
number of Z or Y failures is
2
number of X failures is
0
average trial time
776.214144223804
mu is
3.0395136778115502e-5
number of trials is
65800
number of Z or Y failures is
2
number of X failures is
0
average trial time
778.5268967284989
mu is
3.0303030303030302e-5
number of trials is
66000
number of Z or Y failures is
2
number of X failures is
0
average trial time
780.8469032830799
mu is
3.0211480362537764e-5
number of trials is
66200
number of Z or Y failures is
2
number of X failures is
0
average trial time
783.1937475524451
mu is
3.0120481927710842e-5
number of trials is
66400
number of Z or Y failures is
2
number of X failures is
0
average trial time
785.5178950307705
mu is
3.003003003003003e-5
number of trials is
66600
number of Z or Y failures is
2
number of X failures is
0
average trial time
787.8563079089608
mu is
2.994011976047904e-5
number of trials is
66800
number of Z or Y failures is
2
number of X failures is
0
average trial time
790.1952397404616
mu is
2.9850746268656717e-5
number of trials is
67000
number of Z or Y failures is
2
number of X failures is
0
average trial time
792.5092193268615
mu is
2.9761904761904762e-5
number of trials is
67200
number of Z or Y failures is
2
number of X failures is
0
average trial time
794.869163382388
mu is
2.967359050445104e-5
number of trials is
67400
number of Z or Y failures is
2
number of X failures is
0
average trial time
797.1880187103884
mu is
2.9585798816568047e-5
number of trials is
67600
number of Z or Y failures is
2
number of X failures is
0
average trial time
799.5064468689225
mu is
2.9498525073746314e-5
number of trials is
67800
number of Z or Y failures is
2
number of X failures is
0
average trial time
801.8410994450173
mu is
2.9411764705882354e-5
number of trials is
68000
number of Z or Y failures is
2
number of X failures is
0
average trial time
804.1549930151109
mu is
2.932551319648094e-5
number of trials is
68200
number of Z or Y failures is
2
number of X failures is
0
average trial time
806.4851363192308
mu is
2.9239766081871346e-5
number of trials is
68400
number of Z or Y failures is
2
number of X failures is
0
average trial time
808.8250843054007
mu is
2.915451895043732e-5
number of trials is
68600
number of Z or Y failures is
2
number of X failures is
0
average trial time
811.1557638126551
mu is
2.9069767441860467e-5
number of trials is
68800
number of Z or Y failures is
2
number of X failures is
0
average trial time
813.4894182372549
mu is
2.898550724637681e-5
number of trials is
69000
number of Z or Y failures is
2
number of X failures is
0
average trial time
815.8223748832206
mu is
2.8901734104046242e-5
number of trials is
69200
number of Z or Y failures is
2
number of X failures is
0
average trial time
818.1646976157199
mu is
2.8818443804034583e-5
number of trials is
69400
number of Z or Y failures is
2
number of X failures is
0
average trial time
820.5192490250649
mu is
2.8735632183908045e-5
number of trials is
69600
number of Z or Y failures is
2
number of X failures is
0
average trial time
822.86739351077
mu is
2.865329512893983e-5
number of trials is
69800
number of Z or Y failures is
2
number of X failures is
0
average trial time
825.2083504078901
mu is
2.857142857142857e-5
number of trials is
70000
number of Z or Y failures is
2
number of X failures is
0
average trial time
827.5414150829803
mu is
2.849002849002849e-5
number of trials is
70200
number of Z or Y failures is
2
number of X failures is
0
average trial time
829.8700426501854
mu is
2.840909090909091e-5
number of trials is
70400
number of Z or Y failures is
2
number of X failures is
0
average trial time
832.2023865085753
mu is
2.8328611898016997e-5
number of trials is
70600
number of Z or Y failures is
2
number of X failures is
0
average trial time
834.54120984374
mu is
2.824858757062147e-5
number of trials is
70800
number of Z or Y failures is
2
number of X failures is
0
average trial time
836.8698596445757
mu is
2.8169014084507043e-5
number of trials is
71000
number of Z or Y failures is
2
number of X failures is
0
average trial time
839.2118497711307
mu is
2.808988764044944e-5
number of trials is
71200
number of Z or Y failures is
2
number of X failures is
0
average trial time
841.5346793511808
mu is
2.8011204481792718e-5
number of trials is
71400
number of Z or Y failures is
2
number of X failures is
0
average trial time
843.8617562815961
mu is
2.793296089385475e-5
number of trials is
71600
number of Z or Y failures is
2
number of X failures is
0
average trial time
846.1991399178663
mu is
2.7855153203342618e-5
number of trials is
71800
number of Z or Y failures is
2
number of X failures is
0
average trial time
848.537009124191
mu is
2.777777777777778e-5
number of trials is
72000
number of Z or Y failures is
2
number of X failures is
0
average trial time
850.8635405805454
mu is
2.7700831024930747e-5
number of trials is
72200
number of Z or Y failures is
2
number of X failures is
0
average trial time
853.165961713446
mu is
2.7624309392265193e-5
number of trials is
72400
number of Z or Y failures is
2
number of X failures is
0
average trial time
855.4713399695862
mu is
2.7548209366391185e-5
number of trials is
72600
number of Z or Y failures is
2
number of X failures is
0
average trial time
857.8032063161673
mu is
2.7472527472527473e-5
number of trials is
72800
number of Z or Y failures is
2
number of X failures is
0
average trial time
860.1349138998978
mu is
2.7397260273972603e-5
number of trials is
73000
number of Z or Y failures is
2
number of X failures is
0
average trial time
862.4579202350884
mu is
4.098360655737705e-5
number of trials is
73200
number of Z or Y failures is
3
number of X failures is
0
average trial time
864.7733494116676
mu is
4.087193460490463e-5
number of trials is
73400
number of Z or Y failures is
3
number of X failures is
0
average trial time
867.1024008629123
mu is
4.0760869565217395e-5
number of trials is
73600
number of Z or Y failures is
3
number of X failures is
0
average trial time
869.4205473277373
mu is
4.065040650406504e-5
number of trials is
73800
number of Z or Y failures is
3
number of X failures is
0
average trial time
871.7395788193123
mu is
4.054054054054054e-5
number of trials is
74000
number of Z or Y failures is
3
number of X failures is
0
average trial time
874.0587347796276
mu is
4.043126684636118e-5
number of trials is
74200
number of Z or Y failures is
3
number of X failures is
0
average trial time
876.3824644236175
mu is
4.032258064516129e-5
number of trials is
74400
number of Z or Y failures is
3
number of X failures is
0
average trial time
878.6771307677683
mu is
4.021447721179625e-5
number of trials is
74600
number of Z or Y failures is
3
number of X failures is
0
average trial time
880.9987325627891
mu is
4.0106951871657754e-5
number of trials is
74800
number of Z or Y failures is
3
number of X failures is
0
average trial time
883.3134829739729
mu is
4.0e-5
number of trials is
75000
number of Z or Y failures is
3
number of X failures is
0
average trial time
885.6281837612783
mu is
3.9893617021276594e-5
number of trials is
75200
number of Z or Y failures is
3
number of X failures is
0
average trial time
887.9651462785788
mu is
3.978779840848806e-5
number of trials is
75400
number of Z or Y failures is
3
number of X failures is
0
average trial time
890.3039152907891
mu is
3.968253968253968e-5
number of trials is
75600
number of Z or Y failures is
3
number of X failures is
0
average trial time
892.6333735487639
mu is
3.95778364116095e-5
number of trials is
75800
number of Z or Y failures is
3
number of X failures is
0
average trial time
894.9546116341835
mu is
3.9473684210526316e-5
number of trials is
76000
number of Z or Y failures is
3
number of X failures is
0
average trial time
897.2701068798985
mu is
3.937007874015748e-5
number of trials is
76200
number of Z or Y failures is
3
number of X failures is
0
average trial time
899.578779489898
mu is
3.926701570680628e-5
number of trials is
76400
number of Z or Y failures is
3
number of X failures is
0
average trial time
901.8847813265536
mu is
3.91644908616188e-5
number of trials is
76600
number of Z or Y failures is
3
number of X failures is
0
average trial time
904.1991163980788
mu is
3.90625e-5
number of trials is
76800
number of Z or Y failures is
3
number of X failures is
0
average trial time
906.5272699661339
mu is
3.896103896103896e-5
number of trials is
77000
number of Z or Y failures is
3
number of X failures is
0
average trial time
908.8469876460051
mu is
3.8860103626943e-5
number of trials is
77200
number of Z or Y failures is
3
number of X failures is
0
average trial time
911.1797103281623
mu is
3.875968992248062e-5
number of trials is
77400
number of Z or Y failures is
3
number of X failures is
0
average trial time
913.4828473964568
mu is
3.8659793814432987e-5
number of trials is
77600
number of Z or Y failures is
3
number of X failures is
0
average trial time
915.7986953877721
mu is
3.8560411311053986e-5
number of trials is
77800
number of Z or Y failures is
3
number of X failures is
0
average trial time
918.1200572662867
mu is
3.846153846153846e-5
number of trials is
78000
number of Z or Y failures is
3
number of X failures is
0
average trial time
920.4471106386561
mu is
3.836317135549872e-5
number of trials is
78200
number of Z or Y failures is
3
number of X failures is
0
average trial time
922.7787898012662
mu is
3.826530612244898e-5
number of trials is
78400
number of Z or Y failures is
3
number of X failures is
0
average trial time
925.0769204972513
mu is
3.816793893129771e-5
number of trials is
78600
number of Z or Y failures is
3
number of X failures is
0
average trial time
927.4231910686308
mu is
3.8071065989847716e-5
number of trials is
78800
number of Z or Y failures is
3
number of X failures is
0
average trial time
929.7449176489015
mu is
3.79746835443038e-5
number of trials is
79000
number of Z or Y failures is
3
number of X failures is
0
average trial time
932.064221977166
mu is
3.787878787878788e-5
number of trials is
79200
number of Z or Y failures is
3
number of X failures is
0
average trial time
934.4010022945762
mu is
3.778337531486146e-5
number of trials is
79400
number of Z or Y failures is
3
number of X failures is
0
average trial time
936.7161534375265
mu is
3.768844221105528e-5
number of trials is
79600
number of Z or Y failures is
3
number of X failures is
0
average trial time
939.0322057330269
mu is
3.759398496240601e-5
number of trials is
79800
number of Z or Y failures is
3
number of X failures is
0
average trial time
941.3621995060771
mu is
3.75e-5
number of trials is
80000
number of Z or Y failures is
3
number of X failures is
0
average trial time
943.6788563690329
mu is
3.740648379052369e-5
number of trials is
80200
number of Z or Y failures is
3
number of X failures is
0
average trial time
945.9979407550837
mu is
3.7313432835820896e-5
number of trials is
80400
number of Z or Y failures is
3
number of X failures is
0
average trial time
948.3279921931545
mu is
3.7220843672456576e-5
number of trials is
80600
number of Z or Y failures is
3
number of X failures is
0
average trial time
950.6425681373786
mu is
3.712871287128713e-5
number of trials is
80800
number of Z or Y failures is
3
number of X failures is
0
average trial time
952.9428852875196
mu is
3.7037037037037037e-5
number of trials is
81000
number of Z or Y failures is
3
number of X failures is
0
average trial time
955.2736809852347
mu is
3.694581280788177e-5
number of trials is
81200
number of Z or Y failures is
3
number of X failures is
0
average trial time
957.5983988201945
mu is
3.685503685503686e-5
number of trials is
81400
number of Z or Y failures is
3
number of X failures is
0
average trial time
959.9230759301347
mu is
3.676470588235294e-5
number of trials is
81600
number of Z or Y failures is
3
number of X failures is
0
average trial time
962.23655280048
mu is
3.6674816625916874e-5
number of trials is
81800
number of Z or Y failures is
3
number of X failures is
0
average trial time
964.5505863373804
mu is
3.6585365853658535e-5
number of trials is
82000
number of Z or Y failures is
3
number of X failures is
0
average trial time
966.892048382434
mu is
3.649635036496351e-5
number of trials is
82200
number of Z or Y failures is
3
number of X failures is
0
average trial time
969.2322196977686
mu is
3.6407766990291265e-5
number of trials is
82400
number of Z or Y failures is
3
number of X failures is
0
average trial time
971.5487182765526
mu is
3.631961259079903e-5
number of trials is
82600
number of Z or Y failures is
3
number of X failures is
0
average trial time
973.8776283037471
mu is
3.6231884057971014e-5
number of trials is
82800
number of Z or Y failures is
3
number of X failures is
0
average trial time
976.1845608870926
mu is
3.614457831325301e-5
number of trials is
83000
number of Z or Y failures is
3
number of X failures is
0
average trial time
978.5008102725931
mu is
3.605769230769231e-5
number of trials is
83200
number of Z or Y failures is
3
number of X failures is
0
average trial time
980.806302623753
mu is
3.597122302158273e-5
number of trials is
83400
number of Z or Y failures is
3
number of X failures is
0
average trial time
983.1244542851124
mu is
3.5885167464114834e-5
number of trials is
83600
number of Z or Y failures is
3
number of X failures is
0
average trial time
985.4475741549677
mu is
3.579952267303102e-5
number of trials is
83800
number of Z or Y failures is
3
number of X failures is
0
average trial time
987.7683384389082
mu is
3.571428571428572e-5
number of trials is
84000
number of Z or Y failures is
3
number of X failures is
0
average trial time
990.1132946692782
mu is
3.5629453681710215e-5
number of trials is
84200
number of Z or Y failures is
3
number of X failures is
0
average trial time
992.4282523186885
mu is
3.554502369668247e-5
number of trials is
84400
number of Z or Y failures is
3
number of X failures is
0
average trial time
994.7710917974987
mu is
3.546099290780142e-5
number of trials is
84600
number of Z or Y failures is
3
number of X failures is
0
average trial time
997.0943605807838
mu is
3.537735849056604e-5
number of trials is
84800
number of Z or Y failures is
3
number of X failures is
0
average trial time
999.3951393047132
mu is
3.529411764705882e-5
number of trials is
85000
number of Z or Y failures is
3
number of X failures is
0
average trial time
1001.7136352146732
mu is
3.5211267605633805e-5
number of trials is
85200
number of Z or Y failures is
3
number of X failures is
0
average trial time
1004.0484360339883
mu is
4.68384074941452e-5
number of trials is
85400
number of Z or Y failures is
4
number of X failures is
0
average trial time
1006.3805623891428
mu is
4.672897196261682e-5
number of trials is
85600
number of Z or Y failures is
4
number of X failures is
0
average trial time
1008.7068605071536
mu is
4.662004662004662e-5
number of trials is
85800
number of Z or Y failures is
4
number of X failures is
0
average trial time
1011.0371065634979
mu is
4.651162790697674e-5
number of trials is
86000
number of Z or Y failures is
4
number of X failures is
0
average trial time
1013.3739975602076
mu is
4.640371229698376e-5
number of trials is
86200
number of Z or Y failures is
4
number of X failures is
0
average trial time
1015.7188373954082
mu is
4.6296296296296294e-5
number of trials is
86400
number of Z or Y failures is
4
number of X failures is
0
average trial time
1018.0581592165182
mu is
4.618937644341802e-5
number of trials is
86600
number of Z or Y failures is
4
number of X failures is
0
average trial time
1020.3933452575825
mu is
4.608294930875576e-5
number of trials is
86800
number of Z or Y failures is
4
number of X failures is
0
average trial time
1022.7153875142371
mu is
4.597701149425287e-5
number of trials is
87000
number of Z or Y failures is
4
number of X failures is
0
average trial time
1025.0375498382618
mu is
4.587155963302752e-5
number of trials is
87200
number of Z or Y failures is
4
number of X failures is
0
average trial time
1027.3616627247925
mu is
4.576659038901602e-5
number of trials is
87400
number of Z or Y failures is
4
number of X failures is
0
average trial time
1029.6938449953477
mu is
4.5662100456621006e-5
number of trials is
87600
number of Z or Y failures is
4
number of X failures is
0
average trial time
1032.0330588834613
mu is
4.555808656036447e-5
number of trials is
87800
number of Z or Y failures is
4
number of X failures is
0
average trial time
1034.3657169929513
mu is
4.545454545454545e-5
number of trials is
88000
number of Z or Y failures is
4
number of X failures is
0
average trial time
1036.6782053757408
mu is
4.5351473922902495e-5
number of trials is
88200
number of Z or Y failures is
4
number of X failures is
0
average trial time
1039.0144068064312
mu is
4.524886877828054e-5
number of trials is
88400
number of Z or Y failures is
4
number of X failures is
0
average trial time
1041.3296330106912
mu is
4.514672686230248e-5
number of trials is
88600
number of Z or Y failures is
4
number of X failures is
0
average trial time
1043.657986856746
mu is
4.5045045045045046e-5
number of trials is
88800
number of Z or Y failures is
4
number of X failures is
0
average trial time
1045.9870842661103
mu is
4.4943820224719104e-5
number of trials is
89000
number of Z or Y failures is
4
number of X failures is
0
average trial time
1048.3317228123205
mu is
4.484304932735426e-5
number of trials is
89200
number of Z or Y failures is
4
number of X failures is
0
average trial time
1050.6620298191258
mu is
4.47427293064877e-5
number of trials is
89400
number of Z or Y failures is
4
number of X failures is
0
average trial time
1053.0002038798712
mu is
4.464285714285714e-5
number of trials is
89600
number of Z or Y failures is
4
number of X failures is
0
average trial time
1055.3177093374807
mu is
4.4543429844097995e-5
number of trials is
89800
number of Z or Y failures is
4
number of X failures is
0
average trial time
1057.6589521061665
mu is
4.4444444444444447e-5
number of trials is
90000
number of Z or Y failures is
4
number of X failures is
0
average trial time
1059.9826160548066
mu is
4.434589800443459e-5
number of trials is
90200
number of Z or Y failures is
4
number of X failures is
0
average trial time
1062.3156855402115
mu is
4.424778761061947e-5
number of trials is
90400
number of Z or Y failures is
4
number of X failures is
0
average trial time
1064.6555913185678
mu is
4.415011037527594e-5
number of trials is
90600
number of Z or Y failures is
4
number of X failures is
0
average trial time
1066.9807047704383
mu is
4.405286343612335e-5
number of trials is
90800
number of Z or Y failures is
4
number of X failures is
0
average trial time
1069.3080770580127
mu is
4.3956043956043955e-5
number of trials is
91000
number of Z or Y failures is
4
number of X failures is
0
average trial time
1071.628053300397
mu is
4.3859649122807014e-5
number of trials is
91200
number of Z or Y failures is
4
slurmstepd: error: *** JOB 443 ON cpu96-dy-c5a24xlarge-5 CANCELLED AT 2021-06-21T17:10:18 ***
