mu is
0.0
number of trials is
200
number of Z or Y failures is
0
number of X failures is
0
average trial time
2.2561394617600006
mu is
0.0
number of trials is
400
number of Z or Y failures is
0
number of X failures is
0
average trial time
4.354661015794999
mu is
0.0
number of trials is
600
number of Z or Y failures is
0
number of X failures is
0
average trial time
6.4359579946600025
mu is
0.0
number of trials is
800
number of Z or Y failures is
0
number of X failures is
0
average trial time
8.532166992639997
mu is
0.0
number of trials is
1000
number of Z or Y failures is
0
number of X failures is
0
average trial time
10.641351208690008
mu is
0.0
number of trials is
1200
number of Z or Y failures is
0
number of X failures is
0
average trial time
12.744188561635006
mu is
0.0
number of trials is
1400
number of Z or Y failures is
0
number of X failures is
0
average trial time
14.851061858405004
mu is
0.0
number of trials is
1600
number of Z or Y failures is
0
number of X failures is
0
average trial time
16.970848334905007
mu is
0.0
number of trials is
1800
number of Z or Y failures is
0
number of X failures is
0
average trial time
19.115528374735003
mu is
0.0
number of trials is
2000
number of Z or Y failures is
0
number of X failures is
0
average trial time
21.252164458700005
mu is
0.0
number of trials is
2200
number of Z or Y failures is
0
number of X failures is
0
average trial time
23.39875181128498
mu is
0.0
number of trials is
2400
number of Z or Y failures is
0
number of X failures is
0
average trial time
25.62403662832996
mu is
0.0
number of trials is
2600
number of Z or Y failures is
0
number of X failures is
0
average trial time
27.825557123544964
mu is
0.0
number of trials is
2800
number of Z or Y failures is
0
number of X failures is
0
average trial time
30.08020108417994
mu is
0.0
number of trials is
3000
number of Z or Y failures is
0
number of X failures is
0
average trial time
32.37851264140494
mu is
0.0
number of trials is
3200
number of Z or Y failures is
0
number of X failures is
0
average trial time
34.646065188144945
mu is
0.0
number of trials is
3400
number of Z or Y failures is
0
number of X failures is
0
average trial time
36.94355829961995
mu is
0.0
number of trials is
3600
number of Z or Y failures is
0
number of X failures is
0
average trial time
39.28481829288996
mu is
0.0
number of trials is
3800
number of Z or Y failures is
0
number of X failures is
0
average trial time
41.64146675555997
mu is
0.0
number of trials is
4000
number of Z or Y failures is
0
number of X failures is
0
average trial time
44.009192240429975
mu is
0.0
number of trials is
4200
number of Z or Y failures is
0
number of X failures is
0
average trial time
46.378792418139994
mu is
0.0
number of trials is
4400
number of Z or Y failures is
0
number of X failures is
0
average trial time
48.76125510443
mu is
0.0
number of trials is
4600
number of Z or Y failures is
0
number of X failures is
0
average trial time
51.195835308554976
mu is
0.0
number of trials is
4800
number of Z or Y failures is
0
number of X failures is
0
average trial time
53.59555759243494
mu is
0.0
number of trials is
5000
number of Z or Y failures is
0
number of X failures is
0
average trial time
56.02729891202992
mu is
0.0
number of trials is
5200
number of Z or Y failures is
0
number of X failures is
0
average trial time
58.47474681634486
mu is
0.0
number of trials is
5400
number of Z or Y failures is
0
number of X failures is
0
average trial time
60.96159502968486
mu is
0.0
number of trials is
5600
number of Z or Y failures is
0
number of X failures is
0
average trial time
63.41038648318492
mu is
0.0
number of trials is
5800
number of Z or Y failures is
0
number of X failures is
0
average trial time
65.87460060594488
mu is
0.0
number of trials is
6000
number of Z or Y failures is
0
number of X failures is
0
average trial time
68.34229558477986
mu is
0.0
number of trials is
6200
number of Z or Y failures is
0
number of X failures is
0
average trial time
70.79961326149983
mu is
0.0
number of trials is
6400
number of Z or Y failures is
0
number of X failures is
0
average trial time
73.28147842849978
mu is
0.0
number of trials is
6600
number of Z or Y failures is
0
number of X failures is
0
average trial time
75.74330893272982
mu is
0.0
number of trials is
6800
number of Z or Y failures is
0
number of X failures is
0
average trial time
78.23609743738986
mu is
0.0
number of trials is
7000
number of Z or Y failures is
0
number of X failures is
0
average trial time
80.7413279295599
mu is
0.0
number of trials is
7200
number of Z or Y failures is
0
number of X failures is
0
average trial time
83.23759396649491
mu is
0.0
number of trials is
7400
number of Z or Y failures is
0
number of X failures is
0
average trial time
85.74686102787506
mu is
0.0
number of trials is
7600
number of Z or Y failures is
0
number of X failures is
0
average trial time
88.2140673030352
mu is
0.0
number of trials is
7800
number of Z or Y failures is
0
number of X failures is
0
average trial time
90.69879730158016
mu is
0.0
number of trials is
8000
number of Z or Y failures is
0
number of X failures is
0
average trial time
93.20680974736503
mu is
0.0
number of trials is
8200
number of Z or Y failures is
0
number of X failures is
0
average trial time
95.66424993259497
mu is
0.0
number of trials is
8400
number of Z or Y failures is
0
number of X failures is
0
average trial time
98.15084150264994
mu is
0.0
number of trials is
8600
number of Z or Y failures is
0
number of X failures is
0
average trial time
100.62562213933498
mu is
0.0
number of trials is
8800
number of Z or Y failures is
0
number of X failures is
0
average trial time
103.14384673125494
mu is
0.0
number of trials is
9000
number of Z or Y failures is
0
number of X failures is
0
average trial time
105.63989239037502
mu is
0.0
number of trials is
9200
number of Z or Y failures is
0
number of X failures is
0
average trial time
108.12195375407028
mu is
0.0
number of trials is
9400
number of Z or Y failures is
0
number of X failures is
0
average trial time
110.58586443755537
mu is
0.0
number of trials is
9600
number of Z or Y failures is
0
number of X failures is
0
average trial time
113.09155767804053
mu is
0.0
number of trials is
9800
number of Z or Y failures is
0
number of X failures is
0
average trial time
115.57418137249554
mu is
0.0
number of trials is
10000
number of Z or Y failures is
0
number of X failures is
0
average trial time
118.02540725225064
mu is
0.0
number of trials is
10200
number of Z or Y failures is
0
number of X failures is
0
average trial time
120.48520209206558
mu is
0.0
number of trials is
10400
number of Z or Y failures is
0
number of X failures is
0
average trial time
122.96895052695045
mu is
0.0
number of trials is
10600
number of Z or Y failures is
0
number of X failures is
0
average trial time
125.43714383510049
mu is
0.0
number of trials is
10800
number of Z or Y failures is
0
number of X failures is
0
average trial time
127.8892764720354
mu is
0.0
number of trials is
11000
number of Z or Y failures is
0
number of X failures is
0
average trial time
130.3587671812504
mu is
0.0
number of trials is
11200
number of Z or Y failures is
0
number of X failures is
0
average trial time
132.79212456947545
mu is
0.0
number of trials is
11400
number of Z or Y failures is
0
number of X failures is
0
average trial time
135.25926052294054
mu is
0.0
number of trials is
11600
number of Z or Y failures is
0
number of X failures is
0
average trial time
137.7101194110056
mu is
0.0
number of trials is
11800
number of Z or Y failures is
0
number of X failures is
0
average trial time
140.1471732039407
mu is
0.0
number of trials is
12000
number of Z or Y failures is
0
number of X failures is
0
average trial time
142.58182964412072
mu is
0.0
number of trials is
12200
number of Z or Y failures is
0
number of X failures is
0
average trial time
145.04626805623582
mu is
0.0
number of trials is
12400
number of Z or Y failures is
0
number of X failures is
0
average trial time
147.49300776109578
mu is
0.0
number of trials is
12600
number of Z or Y failures is
0
number of X failures is
0
average trial time
149.92533489166087
mu is
0.0
number of trials is
12800
number of Z or Y failures is
0
number of X failures is
0
average trial time
152.3394598998209
mu is
0.0
number of trials is
13000
number of Z or Y failures is
0
number of X failures is
0
average trial time
154.75693023101604
mu is
0.0
number of trials is
13200
number of Z or Y failures is
0
number of X failures is
0
average trial time
157.181635810536
mu is
0.0
number of trials is
13400
number of Z or Y failures is
0
number of X failures is
0
average trial time
159.59861190928098
mu is
0.0
number of trials is
13600
number of Z or Y failures is
0
number of X failures is
0
average trial time
162.03392664646603
mu is
0.0
number of trials is
13800
number of Z or Y failures is
0
number of X failures is
0
average trial time
164.47198195692613
mu is
0.0
number of trials is
14000
number of Z or Y failures is
0
number of X failures is
0
average trial time
166.8575769072659
mu is
0.0
number of trials is
14200
number of Z or Y failures is
0
number of X failures is
0
average trial time
169.267704825881
mu is
0.0
number of trials is
14400
number of Z or Y failures is
0
number of X failures is
0
average trial time
171.70174714250118
mu is
0.0
number of trials is
14600
number of Z or Y failures is
0
number of X failures is
0
average trial time
174.14749522301634
mu is
0.0
number of trials is
14800
number of Z or Y failures is
0
number of X failures is
0
average trial time
176.52711216954611
mu is
0.0
number of trials is
15000
number of Z or Y failures is
0
number of X failures is
0
average trial time
178.9489621389312
mu is
0.0
number of trials is
15200
number of Z or Y failures is
0
number of X failures is
0
average trial time
181.3770345943112
mu is
0.0
number of trials is
15400
number of Z or Y failures is
0
number of X failures is
0
average trial time
183.78585156148606
mu is
0.0
number of trials is
15600
number of Z or Y failures is
0
number of X failures is
0
average trial time
186.231634405726
mu is
0.0
number of trials is
15800
number of Z or Y failures is
0
number of X failures is
0
average trial time
188.640004234086
mu is
0.0
number of trials is
16000
number of Z or Y failures is
0
number of X failures is
0
average trial time
191.06351227492593
mu is
0.0
number of trials is
16200
number of Z or Y failures is
0
number of X failures is
0
average trial time
193.46092708128083
mu is
0.0
number of trials is
16400
number of Z or Y failures is
0
number of X failures is
0
average trial time
195.84896767672578
mu is
0.0
number of trials is
16600
number of Z or Y failures is
0
number of X failures is
0
average trial time
198.25803088114606
mu is
0.0
number of trials is
16800
number of Z or Y failures is
0
number of X failures is
0
average trial time
200.64869901609097
mu is
0.0
number of trials is
17000
number of Z or Y failures is
0
number of X failures is
0
average trial time
203.08550180806122
mu is
0.0
number of trials is
17200
number of Z or Y failures is
0
number of X failures is
0
average trial time
205.47936451577115
mu is
0.0
number of trials is
17400
number of Z or Y failures is
0
number of X failures is
0
average trial time
207.88642743394615
mu is
0.0
number of trials is
17600
number of Z or Y failures is
0
number of X failures is
0
average trial time
210.28768294255107
mu is
0.0
number of trials is
17800
number of Z or Y failures is
0
number of X failures is
0
average trial time
212.6759064706162
mu is
0.0
number of trials is
18000
number of Z or Y failures is
0
number of X failures is
0
average trial time
215.08355190634657
mu is
0.0
number of trials is
18200
number of Z or Y failures is
0
number of X failures is
0
average trial time
217.4569573747367
mu is
0.0
number of trials is
18400
number of Z or Y failures is
0
number of X failures is
0
average trial time
219.86911169630162
mu is
0.0
number of trials is
18600
number of Z or Y failures is
0
number of X failures is
0
average trial time
222.26124235464155
mu is
0.0
number of trials is
18800
number of Z or Y failures is
0
number of X failures is
0
average trial time
224.67575138086653
mu is
0.0
number of trials is
19000
number of Z or Y failures is
0
number of X failures is
0
average trial time
227.09895615831647
mu is
0.0
number of trials is
19200
number of Z or Y failures is
0
number of X failures is
0
average trial time
229.4948882334264
mu is
0.0
number of trials is
19400
number of Z or Y failures is
0
number of X failures is
0
average trial time
231.89228206569632
mu is
0.0
number of trials is
19600
number of Z or Y failures is
0
number of X failures is
0
average trial time
234.2652933164411
mu is
0.0
number of trials is
19800
number of Z or Y failures is
0
number of X failures is
0
average trial time
236.66830078772125
mu is
0.0
number of trials is
20000
number of Z or Y failures is
0
number of X failures is
0
average trial time
239.0808826979213
mu is
0.0
number of trials is
20200
number of Z or Y failures is
0
number of X failures is
0
average trial time
241.46771538544644
mu is
0.0
number of trials is
20400
number of Z or Y failures is
0
number of X failures is
0
average trial time
243.84035846201164
mu is
0.0
number of trials is
20600
number of Z or Y failures is
0
number of X failures is
0
average trial time
246.23964647446667
mu is
0.0
number of trials is
20800
number of Z or Y failures is
0
number of X failures is
0
average trial time
248.61637613943168
mu is
0.0
number of trials is
21000
number of Z or Y failures is
0
number of X failures is
0
average trial time
250.97145821631676
mu is
0.0
number of trials is
21200
number of Z or Y failures is
0
number of X failures is
0
average trial time
253.3387491121469
mu is
0.0
number of trials is
21400
number of Z or Y failures is
0
number of X failures is
0
average trial time
255.7114041943219
mu is
0.0
number of trials is
21600
number of Z or Y failures is
0
number of X failures is
0
average trial time
258.1054970359768
mu is
0.0
number of trials is
21800
number of Z or Y failures is
0
number of X failures is
0
average trial time
260.48712879555677
mu is
0.0
number of trials is
22000
number of Z or Y failures is
0
number of X failures is
0
average trial time
262.89098770180686
mu is
0.0
number of trials is
22200
number of Z or Y failures is
0
number of X failures is
0
average trial time
265.2565775806168
mu is
0.0
number of trials is
22400
number of Z or Y failures is
0
number of X failures is
0
average trial time
267.65217869530176
mu is
0.0
number of trials is
22600
number of Z or Y failures is
0
number of X failures is
0
average trial time
270.0355077914317
mu is
0.0
number of trials is
22800
number of Z or Y failures is
0
number of X failures is
0
average trial time
272.42576836961683
mu is
0.0
number of trials is
23000
number of Z or Y failures is
0
number of X failures is
0
average trial time
274.7878063767417
mu is
0.0
number of trials is
23200
number of Z or Y failures is
0
number of X failures is
0
average trial time
277.1716626852366
mu is
0.0
number of trials is
23400
number of Z or Y failures is
0
number of X failures is
0
average trial time
279.5362836905563
mu is
0.0
number of trials is
23600
number of Z or Y failures is
0
number of X failures is
0
average trial time
281.8798514002912
mu is
0.0
number of trials is
23800
number of Z or Y failures is
0
number of X failures is
0
average trial time
284.29119396252116
mu is
0.0
number of trials is
24000
number of Z or Y failures is
0
number of X failures is
0
average trial time
286.6538360728761
mu is
0.0
number of trials is
24200
number of Z or Y failures is
0
number of X failures is
0
average trial time
289.0266780319261
mu is
0.0
number of trials is
24400
number of Z or Y failures is
0
number of X failures is
0
average trial time
291.39565212074615
mu is
0.0
number of trials is
24600
number of Z or Y failures is
0
number of X failures is
0
average trial time
293.7562588450062
mu is
0.0
number of trials is
24800
number of Z or Y failures is
0
number of X failures is
0
average trial time
296.13761184151605
mu is
0.0
number of trials is
25000
number of Z or Y failures is
0
number of X failures is
0
average trial time
298.502730758251
mu is
0.0
number of trials is
25200
number of Z or Y failures is
0
number of X failures is
0
average trial time
300.86276673227076
mu is
0.0
number of trials is
25400
number of Z or Y failures is
0
number of X failures is
0
average trial time
303.24827750963095
mu is
0.0
number of trials is
25600
number of Z or Y failures is
0
number of X failures is
0
average trial time
305.5929646551558
mu is
0.0
number of trials is
25800
number of Z or Y failures is
0
number of X failures is
0
average trial time
307.9502337665358
mu is
0.0
number of trials is
26000
number of Z or Y failures is
0
number of X failures is
0
average trial time
310.316701659196
mu is
0.0
number of trials is
26200
number of Z or Y failures is
0
number of X failures is
0
average trial time
312.68547044103093
mu is
0.0
number of trials is
26400
number of Z or Y failures is
0
number of X failures is
0
average trial time
315.03401129129594
mu is
0.0
number of trials is
26600
number of Z or Y failures is
0
number of X failures is
0
average trial time
317.425703161406
mu is
0.0
number of trials is
26800
number of Z or Y failures is
0
number of X failures is
0
average trial time
319.76636213172134
mu is
0.0
number of trials is
27000
number of Z or Y failures is
0
number of X failures is
0
average trial time
322.13231829329123
mu is
0.0
number of trials is
27200
number of Z or Y failures is
0
number of X failures is
0
average trial time
324.5144826765713
mu is
0.0
number of trials is
27400
number of Z or Y failures is
0
number of X failures is
0
average trial time
326.8859439752164
mu is
0.0
number of trials is
27600
number of Z or Y failures is
0
number of X failures is
0
average trial time
329.2403870490466
mu is
0.0
number of trials is
27800
number of Z or Y failures is
0
number of X failures is
0
average trial time
331.6294111432567
mu is
0.0
number of trials is
28000
number of Z or Y failures is
0
number of X failures is
0
average trial time
333.99306003838143
mu is
0.0
number of trials is
28200
number of Z or Y failures is
0
number of X failures is
0
average trial time
336.3312500520913
mu is
0.0
number of trials is
28400
number of Z or Y failures is
0
number of X failures is
0
average trial time
338.6500162879263
mu is
0.0
number of trials is
28600
number of Z or Y failures is
0
number of X failures is
0
average trial time
341.0429435397359
mu is
0.0
number of trials is
28800
number of Z or Y failures is
0
number of X failures is
0
average trial time
343.40110470553606
mu is
0.0
number of trials is
29000
number of Z or Y failures is
0
number of X failures is
0
average trial time
345.74703760124646
mu is
0.0
number of trials is
29200
number of Z or Y failures is
0
number of X failures is
0
average trial time
348.09210469744147
mu is
0.0
number of trials is
29400
number of Z or Y failures is
0
number of X failures is
0
average trial time
350.48056535349133
mu is
0.0
number of trials is
29600
number of Z or Y failures is
0
number of X failures is
0
average trial time
352.8220436629966
mu is
0.0
number of trials is
29800
number of Z or Y failures is
0
number of X failures is
0
average trial time
355.15875200542644
mu is
0.0
number of trials is
30000
number of Z or Y failures is
0
number of X failures is
0
average trial time
357.4893042439812
mu is
0.0
number of trials is
30200
number of Z or Y failures is
0
number of X failures is
0
average trial time
359.83504493716094
mu is
0.0
number of trials is
30400
number of Z or Y failures is
0
number of X failures is
0
average trial time
362.2035037418407
mu is
0.0
number of trials is
30600
number of Z or Y failures is
0
number of X failures is
0
average trial time
364.56300179745017
mu is
0.0
number of trials is
30800
number of Z or Y failures is
0
number of X failures is
0
average trial time
366.8995821260901
mu is
0.0
number of trials is
31000
number of Z or Y failures is
0
number of X failures is
0
average trial time
369.2575376868403
mu is
0.0
number of trials is
31200
number of Z or Y failures is
0
number of X failures is
0
average trial time
371.5934862229453
mu is
0.0
number of trials is
31400
number of Z or Y failures is
0
number of X failures is
0
average trial time
373.9581875156502
mu is
0.0
number of trials is
31600
number of Z or Y failures is
0
number of X failures is
0
average trial time
376.3566280285249
mu is
0.0
number of trials is
31800
number of Z or Y failures is
0
number of X failures is
0
average trial time
378.6975767702398
mu is
0.0
number of trials is
32000
number of Z or Y failures is
0
number of X failures is
0
average trial time
381.05836431907977
mu is
0.0
number of trials is
32200
number of Z or Y failures is
0
number of X failures is
0
average trial time
383.39885184804933
mu is
0.0
number of trials is
32400
number of Z or Y failures is
0
number of X failures is
0
average trial time
385.72892413461915
mu is
0.0
number of trials is
32600
number of Z or Y failures is
0
number of X failures is
0
average trial time
388.05566750492903
mu is
0.0
number of trials is
32800
number of Z or Y failures is
0
number of X failures is
0
average trial time
390.4130969241537
mu is
0.0
number of trials is
33000
number of Z or Y failures is
0
number of X failures is
0
average trial time
392.7575619952836
mu is
0.0
number of trials is
33200
number of Z or Y failures is
0
number of X failures is
0
average trial time
395.11203069078846
mu is
0.0
number of trials is
33400
number of Z or Y failures is
0
number of X failures is
0
average trial time
397.4811078205335
mu is
0.0
number of trials is
33600
number of Z or Y failures is
0
number of X failures is
0
average trial time
399.80353079567294
mu is
0.0
number of trials is
33800
number of Z or Y failures is
0
number of X failures is
0
average trial time
402.13130040263286
mu is
0.0
number of trials is
34000
number of Z or Y failures is
0
number of X failures is
0
average trial time
404.4533875265131
mu is
0.0
number of trials is
34200
number of Z or Y failures is
0
number of X failures is
0
average trial time
406.7814579106879
mu is
0.0
number of trials is
34400
number of Z or Y failures is
0
number of X failures is
0
average trial time
409.12322659360757
mu is
0.0
number of trials is
34600
number of Z or Y failures is
0
number of X failures is
0
average trial time
411.4544008268525
mu is
0.0
number of trials is
34800
number of Z or Y failures is
0
number of X failures is
0
average trial time
413.7960254580023
mu is
0.0
number of trials is
35000
number of Z or Y failures is
0
number of X failures is
0
average trial time
416.11830871715244
mu is
0.0
number of trials is
35200
number of Z or Y failures is
0
number of X failures is
0
average trial time
418.44667832486783
mu is
0.0
number of trials is
35400
number of Z or Y failures is
0
number of X failures is
0
average trial time
420.78283619719315
mu is
0.0
number of trials is
35600
number of Z or Y failures is
0
number of X failures is
0
average trial time
423.12441383891763
mu is
0.0
number of trials is
35800
number of Z or Y failures is
0
number of X failures is
0
average trial time
425.4905722396473
mu is
0.0
number of trials is
36000
number of Z or Y failures is
0
number of X failures is
0
average trial time
427.8627582162621
mu is
0.0
number of trials is
36200
number of Z or Y failures is
0
number of X failures is
0
average trial time
430.214033956607
mu is
0.0
number of trials is
36400
number of Z or Y failures is
0
number of X failures is
0
average trial time
432.55385167103697
mu is
0.0
number of trials is
36600
number of Z or Y failures is
0
number of X failures is
0
average trial time
434.90405003935217
mu is
0.0
number of trials is
36800
number of Z or Y failures is
0
number of X failures is
0
average trial time
437.2334177701068
mu is
0.0
number of trials is
37000
number of Z or Y failures is
0
number of X failures is
0
average trial time
439.57141963578664
mu is
0.0
number of trials is
37200
number of Z or Y failures is
0
number of X failures is
0
average trial time
441.89883061244143
mu is
0.0
number of trials is
37400
number of Z or Y failures is
0
number of X failures is
0
average trial time
444.2208230168119
mu is
0.0
number of trials is
37600
number of Z or Y failures is
0
number of X failures is
0
average trial time
446.54252697728697
mu is
0.0
number of trials is
37800
number of Z or Y failures is
0
number of X failures is
0
average trial time
448.88095337855674
mu is
0.0
number of trials is
38000
number of Z or Y failures is
0
number of X failures is
0
average trial time
451.20862019237137
mu is
0.0
number of trials is
38200
number of Z or Y failures is
0
number of X failures is
0
average trial time
453.56233737577645
mu is
0.0
number of trials is
38400
number of Z or Y failures is
0
number of X failures is
0
average trial time
455.8815661750766
mu is
0.0
number of trials is
38600
number of Z or Y failures is
0
number of X failures is
0
average trial time
458.238305188722
mu is
0.0
number of trials is
38800
number of Z or Y failures is
0
number of X failures is
0
average trial time
460.57524910049705
mu is
0.0
number of trials is
39000
number of Z or Y failures is
0
number of X failures is
0
average trial time
462.9082855879918
mu is
0.0
number of trials is
39200
number of Z or Y failures is
0
number of X failures is
0
average trial time
465.2492026591867
mu is
0.0
number of trials is
39400
number of Z or Y failures is
0
number of X failures is
0
average trial time
467.5823196634316
mu is
0.0
number of trials is
39600
number of Z or Y failures is
0
number of X failures is
0
average trial time
469.93307178319674
mu is
0.0
number of trials is
39800
number of Z or Y failures is
0
number of X failures is
0
average trial time
472.27263003239653
mu is
0.0
number of trials is
40000
number of Z or Y failures is
0
number of X failures is
0
average trial time
474.61186986806104
mu is
0.0
number of trials is
40200
number of Z or Y failures is
0
number of X failures is
0
average trial time
476.93449469763107
mu is
0.0
number of trials is
40400
number of Z or Y failures is
0
number of X failures is
0
average trial time
479.2702535437215
mu is
0.0
number of trials is
40600
number of Z or Y failures is
0
number of X failures is
0
average trial time
481.57846208944676
mu is
0.0
number of trials is
40800
number of Z or Y failures is
0
number of X failures is
0
average trial time
483.9312179580866
mu is
0.0
number of trials is
41000
number of Z or Y failures is
0
number of X failures is
0
average trial time
486.25136829259134
mu is
0.0
number of trials is
41200
number of Z or Y failures is
0
number of X failures is
0
average trial time
488.5842198374861
mu is
0.0
number of trials is
41400
number of Z or Y failures is
0
number of X failures is
0
average trial time
490.93454997549105
mu is
0.0
number of trials is
41600
number of Z or Y failures is
0
number of X failures is
0
average trial time
493.2770940569964
mu is
0.0
number of trials is
41800
number of Z or Y failures is
0
number of X failures is
0
average trial time
495.60310852923647
mu is
0.0
number of trials is
42000
number of Z or Y failures is
0
number of X failures is
0
average trial time
497.9228450257669
mu is
0.0
number of trials is
42200
number of Z or Y failures is
0
number of X failures is
0
average trial time
500.2362981227019
mu is
0.0
number of trials is
42400
number of Z or Y failures is
0
number of X failures is
0
average trial time
502.5576296637271
mu is
0.0
number of trials is
42600
number of Z or Y failures is
0
number of X failures is
0
average trial time
504.912192842037
mu is
0.0
number of trials is
42800
number of Z or Y failures is
0
number of X failures is
0
average trial time
507.2553659788217
mu is
0.0
number of trials is
43000
number of Z or Y failures is
0
number of X failures is
0
average trial time
509.59358122051145
mu is
0.0
number of trials is
43200
number of Z or Y failures is
0
number of X failures is
0
average trial time
511.93688592563683
mu is
0.0
number of trials is
43400
number of Z or Y failures is
0
number of X failures is
0
average trial time
514.2900111089518
mu is
0.0
number of trials is
43600
number of Z or Y failures is
0
number of X failures is
0
average trial time
516.6339936395367
mu is
0.0
number of trials is
43800
number of Z or Y failures is
0
number of X failures is
0
average trial time
518.9669697409316
mu is
0.0
number of trials is
44000
number of Z or Y failures is
0
number of X failures is
0
average trial time
521.2902404837359
mu is
0.0
number of trials is
44200
number of Z or Y failures is
0
number of X failures is
0
average trial time
523.6077149550564
mu is
0.0
number of trials is
44400
number of Z or Y failures is
0
number of X failures is
0
average trial time
525.9501220818014
mu is
0.0
number of trials is
44600
number of Z or Y failures is
0
number of X failures is
0
average trial time
528.3050211083114
mu is
0.0
number of trials is
44800
number of Z or Y failures is
0
number of X failures is
0
average trial time
530.639014520781
mu is
0.0
number of trials is
45000
number of Z or Y failures is
0
number of X failures is
0
average trial time
532.9909172965114
mu is
0.0
number of trials is
45200
number of Z or Y failures is
0
number of X failures is
0
average trial time
535.3316810355063
mu is
0.0
number of trials is
45400
number of Z or Y failures is
0
number of X failures is
0
average trial time
537.6520060233663
mu is
0.0
number of trials is
45600
number of Z or Y failures is
0
number of X failures is
0
average trial time
539.9944979910962
mu is
0.0
number of trials is
45800
number of Z or Y failures is
0
number of X failures is
0
average trial time
542.3424361342162
mu is
0.0
number of trials is
46000
number of Z or Y failures is
0
number of X failures is
0
average trial time
544.6809897293506
mu is
0.0
number of trials is
46200
number of Z or Y failures is
0
number of X failures is
0
average trial time
547.0268426082855
mu is
0.0
number of trials is
46400
number of Z or Y failures is
0
number of X failures is
0
average trial time
549.3546090803753
mu is
0.0
number of trials is
46600
number of Z or Y failures is
0
number of X failures is
0
average trial time
551.6706021338252
mu is
0.0
number of trials is
46800
number of Z or Y failures is
0
number of X failures is
0
average trial time
554.0181203974552
mu is
0.0
number of trials is
47000
number of Z or Y failures is
0
number of X failures is
0
average trial time
556.3507000282601
mu is
0.0
number of trials is
47200
number of Z or Y failures is
0
number of X failures is
0
average trial time
558.6943864669901
mu is
0.0
number of trials is
47400
number of Z or Y failures is
0
number of X failures is
0
average trial time
561.0321346292402
mu is
0.0
number of trials is
47600
number of Z or Y failures is
0
number of X failures is
0
average trial time
563.369668594215
mu is
0.0
number of trials is
47800
number of Z or Y failures is
0
number of X failures is
0
average trial time
565.7010905097297
mu is
0.0
number of trials is
48000
number of Z or Y failures is
0
number of X failures is
0
average trial time
568.04105878893
mu is
0.0
number of trials is
48200
number of Z or Y failures is
0
number of X failures is
0
average trial time
570.3835591223701
mu is
0.0
number of trials is
48400
number of Z or Y failures is
0
number of X failures is
0
average trial time
572.7129649295551
mu is
0.0
number of trials is
48600
number of Z or Y failures is
0
number of X failures is
0
average trial time
575.0445716044647
mu is
0.0
number of trials is
48800
number of Z or Y failures is
0
number of X failures is
0
average trial time
577.3605427017393
mu is
0.0
number of trials is
49000
number of Z or Y failures is
0
number of X failures is
0
average trial time
579.6928593166994
mu is
0.0
number of trials is
49200
number of Z or Y failures is
0
number of X failures is
0
average trial time
582.0196978856349
mu is
0.0
number of trials is
49400
number of Z or Y failures is
0
number of X failures is
0
average trial time
584.3557240053796
mu is
0.0
number of trials is
49600
number of Z or Y failures is
0
number of X failures is
0
average trial time
586.684739385335
mu is
0.0
number of trials is
49800
number of Z or Y failures is
0
number of X failures is
0
average trial time
589.0194605596749
mu is
0.0
number of trials is
50000
number of Z or Y failures is
0
number of X failures is
0
average trial time
591.3521695653398
mu is
0.0
number of trials is
50200
number of Z or Y failures is
0
number of X failures is
0
average trial time
593.6822901877347
mu is
0.0
number of trials is
50400
number of Z or Y failures is
0
number of X failures is
0
ERROR: LoadError: MethodError: no method matching iterate(::Nothing)
Closest candidates are:
  iterate(!Matched::Union{LinRange, StepRangeLen}) at range.jl:664
  iterate(!Matched::Union{LinRange, StepRangeLen}, !Matched::Int64) at range.jl:664
  iterate(!Matched::T) where T<:Union{Base.KeySet{var"#s79", var"#s78"} where {var"#s79", var"#s78"<:Dict}, Base.ValueIterator{var"#s77"} where var"#s77"<:Dict} at dict.jl:693
  ...
Stacktrace:
  [1] indexed_iterate(I::Nothing, i::Int64)
    @ Base ./tuple.jl:89
  [2] MPS(A::ITensor{4}, sites::Vector{IndexSet{1, Index{Int64}, Tuple{Index{Int64}}}}; leftinds::Index{Int64}, orthocenter::Int64, kwargs::Base.Iterators.Pairs{Symbol, Any, Tuple{Symbol, Symbol, Symbol}, NamedTuple{(:cutoff, :maxdim, :svd_alg), Tuple{Float64, Int64, String}}})
    @ ITensors ~/.julia/packages/ITensors/Ligbx/src/mps/abstractmps.jl:1388
  [3] setindex!(ψ::MPS, A::ITensor{4}, r::UnitRange{Int64}; orthocenter::Int64, perm::Nothing, kwargs::Base.Iterators.Pairs{Symbol, Any, Tuple{Symbol, Symbol, Symbol}, NamedTuple{(:cutoff, :maxdim, :svd_alg), Tuple{Float64, Int64, String}}})
    @ ITensors ~/.julia/packages/ITensors/Ligbx/src/mps/abstractmps.jl:1328
  [4] setindex!(::MPS, ::ITensor{4}, ::UnitRange{Int64}, ::Pair{Symbol, Any}, ::Vararg{Pair{Symbol, Any}, N} where N; kwargs::Base.Iterators.Pairs{Union{}, Union{}, Tuple{}, NamedTuple{(), Tuple{}}})
    @ ITensors ~/.julia/packages/ITensors/Ligbx/src/mps/abstractmps.jl:1340
  [5] setindex!(::MPS, ::ITensor{4}, ::UnitRange{Int64}, ::Pair{Symbol, Any}, ::Pair{Symbol, Any}, ::Pair{Symbol, Any})
    @ ITensors ~/.julia/packages/ITensors/Ligbx/src/mps/abstractmps.jl:1340
  [6] product(o::ITensor{4}, ψ::MPS, ns::Vector{Int64}; move_sites_back::Bool, apply_dag::Bool, kwargs::Base.Iterators.Pairs{Symbol, Any, Tuple{Symbol, Symbol, Symbol}, NamedTuple{(:cutoff, :maxdim, :svd_alg), Tuple{Float64, Int64, String}}})
    @ ITensors ~/.julia/packages/ITensors/Ligbx/src/mps/abstractmps.jl:1555
  [7] product(As::Vector{ITensor}, ψ::MPS; move_sites_back::Bool, kwargs::Base.Iterators.Pairs{Symbol, Any, Tuple{Symbol, Symbol, Symbol}, NamedTuple{(:cutoff, :maxdim, :svd_alg), Tuple{Float64, Int64, String}}})
    @ ITensors ~/.julia/packages/ITensors/Ligbx/src/mps/abstractmps.jl:1650
  [8] runcircuit(M::MPS, circuit_tensors::Vector{ITensor}; apply_dag::Nothing, cutoff::Float64, maxdim::Int64, svd_alg::String, move_sites_back::Bool, kwargs::Base.Iterators.Pairs{Union{}, Union{}, Tuple{}, NamedTuple{(), Tuple{}}})
    @ PastaQ ~/.julia/packages/PastaQ/9VxGO/src/circuits/runcircuit.jl:86
  [9] #runcircuit#99
    @ ~/.julia/packages/PastaQ/9VxGO/src/circuits/runcircuit.jl:188 [inlined]
 [10] SurfCirc(dz::Int64, dx::Int64, nr::Int64, PEZ::Matrix{Int64}, PEX::Matrix{Int64}, Synz::Matrix{Int64}, Synx::Matrix{Int64}, zsch::Vector{Any}, xsch::Vector{Any}, bsch::Array{Int64, 3}, layout::Vector{Any}, ql::Matrix{Int64}, zl::Vector{Int64}, xl::Vector{Int64}, p::Float64, al2::Int64, tmeas::Float64, k2::Float64, nth::Int64, pmz::Float64, pmx::Float64, acc::Float64, bd::Int64)
    @ Main /shared/MLSurface/JuliaCLTNDecoder/experiment/d9/1e5/mlsurfnc.jl:1337
 [11] macro expansion
    @ /shared/MLSurface/JuliaCLTNDecoder/experiment/d9/1e5/mlsurfnc.jl:1432 [inlined]
 [12] macro expansion
    @ ./timing.jl:287 [inlined]
 [13] SurfMC(dz::Int64, dx::Int64, nr::Int64, p::Float64, al2::Int64, tmeas::Float64, k2::Float64, nth::Int64, acc::Float64, bd::Int64, err::Float64, nt::Int64; sim_id::Int64)
    @ Main /shared/MLSurface/JuliaCLTNDecoder/experiment/d9/1e5/mlsurfnc.jl:1431
 [14] top-level scope
    @ /shared/MLSurface/JuliaCLTNDecoder/experiment/d9/1e5/mlsurfnc.jl:1514
in expression starting at /shared/MLSurface/JuliaCLTNDecoder/experiment/d9/1e5/mlsurfnc.jl:1512
average trial time
596.0005802853449
mu is
0.0
number of trials is
50600
number of Z or Y failures is
0
number of X failures is
0
average trial time
598.322162976835
mu is
0.0
number of trials is
50800
number of Z or Y failures is
0
number of X failures is
0
average trial time
600.65135703292
mu is
0.0
number of trials is
51000
number of Z or Y failures is
0
number of X failures is
0
average trial time
602.9989917923357
mu is
0.0
number of trials is
51200
number of Z or Y failures is
0
number of X failures is
0
average trial time
605.303221358231
mu is
0.0
number of trials is
51400
number of Z or Y failures is
0
number of X failures is
0
average trial time
607.6145961832162
mu is
0.0
number of trials is
51600
number of Z or Y failures is
0
number of X failures is
0
average trial time
609.9533094232056
mu is
0.0
number of trials is
51800
number of Z or Y failures is
0
number of X failures is
0
average trial time
612.2722390313803
mu is
0.0
number of trials is
52000
number of Z or Y failures is
0
number of X failures is
0
average trial time
614.5749036632853
mu is
0.0
number of trials is
52200
number of Z or Y failures is
0
number of X failures is
0
average trial time
616.9098093281901
mu is
0.0
number of trials is
52400
number of Z or Y failures is
0
number of X failures is
0
average trial time
619.2590119400506
mu is
0.0
number of trials is
52600
number of Z or Y failures is
0
number of X failures is
0
average trial time
621.5706726760404
mu is
0.0
number of trials is
52800
number of Z or Y failures is
0
number of X failures is
0
average trial time
623.8857656315355
mu is
0.0
number of trials is
53000
number of Z or Y failures is
0
number of X failures is
0
average trial time
626.2071163354856
mu is
0.0
number of trials is
53200
number of Z or Y failures is
0
number of X failures is
0
average trial time
628.5586645269153
mu is
0.0
number of trials is
53400
number of Z or Y failures is
0
number of X failures is
0
average trial time
630.8746677007003
mu is
0.0
number of trials is
53600
number of Z or Y failures is
0
number of X failures is
0
average trial time
633.2002870476102
mu is
0.0
number of trials is
53800
number of Z or Y failures is
0
number of X failures is
0
average trial time
635.5413489473999
mu is
0.0
number of trials is
54000
number of Z or Y failures is
0
number of X failures is
0
average trial time
637.8544523886749
mu is
0.0
number of trials is
54200
number of Z or Y failures is
0
number of X failures is
0
average trial time
640.166657252745
mu is
0.0
number of trials is
54400
number of Z or Y failures is
0
number of X failures is
0
average trial time
642.503940425535
mu is
0.0
number of trials is
54600
number of Z or Y failures is
0
number of X failures is
0
average trial time
644.82245695288
mu is
0.0
number of trials is
54800
number of Z or Y failures is
0
number of X failures is
0
average trial time
647.1405540679697
mu is
0.0
number of trials is
55000
number of Z or Y failures is
0
number of X failures is
0
average trial time
649.4710563120951
mu is
0.0
number of trials is
55200
number of Z or Y failures is
0
number of X failures is
0
average trial time
651.7949676001348
mu is
0.0
number of trials is
55400
number of Z or Y failures is
0
number of X failures is
0
average trial time
654.1054530831998
mu is
0.0
number of trials is
55600
number of Z or Y failures is
0
number of X failures is
0
average trial time
656.4246265138254
mu is
0.0
number of trials is
55800
number of Z or Y failures is
0
number of X failures is
0
average trial time
658.7351520593719
mu is
0.0
number of trials is
56000
number of Z or Y failures is
0
number of X failures is
0
average trial time
661.0536992981308
mu is
0.0
number of trials is
56200
number of Z or Y failures is
0
number of X failures is
0
average trial time
663.3832077380472
mu is
0.0
number of trials is
56400
number of Z or Y failures is
0
number of X failures is
0
average trial time
665.7298332551022
mu is
0.0
number of trials is
56600
number of Z or Y failures is
0
number of X failures is
0
average trial time
668.0626651254223
mu is
0.0
number of trials is
56800
number of Z or Y failures is
0
number of X failures is
0
average trial time
670.3954824071974
mu is
0.0
number of trials is
57000
number of Z or Y failures is
0
number of X failures is
0
average trial time
672.7317394319383
mu is
0.0
number of trials is
57200
number of Z or Y failures is
0
number of X failures is
0
average trial time
675.0285103481636
mu is
0.0
number of trials is
57400
number of Z or Y failures is
0
number of X failures is
0
average trial time
677.343721294034
mu is
0.0
number of trials is
57600
number of Z or Y failures is
0
number of X failures is
0
average trial time
679.6737931209943
mu is
0.0
number of trials is
57800
number of Z or Y failures is
0
number of X failures is
0
average trial time
682.0097994329886
mu is
0.0
number of trials is
58000
number of Z or Y failures is
0
number of X failures is
0
average trial time
684.3361161797693
mu is
0.0
number of trials is
58200
number of Z or Y failures is
0
number of X failures is
0
average trial time
686.657941449925
mu is
0.0
number of trials is
58400
number of Z or Y failures is
0
number of X failures is
0
average trial time
688.9950801538944
mu is
0.0
number of trials is
58600
number of Z or Y failures is
0
number of X failures is
0
average trial time
691.3160747346692
mu is
0.0
number of trials is
58800
number of Z or Y failures is
0
number of X failures is
0
average trial time
693.6398995550891
mu is
0.0
number of trials is
59000
number of Z or Y failures is
0
number of X failures is
0
average trial time
695.9628723965193
mu is
0.0
number of trials is
59200
number of Z or Y failures is
0
number of X failures is
0
average trial time
698.2759536247539
mu is
0.0
number of trials is
59400
number of Z or Y failures is
0
number of X failures is
0
average trial time
700.6069298101935
mu is
0.0
number of trials is
59600
number of Z or Y failures is
0
number of X failures is
0
average trial time
702.9351007719337
mu is
0.0
number of trials is
59800
number of Z or Y failures is
0
number of X failures is
0
average trial time
705.2801858095579
mu is
0.0
number of trials is
60000
number of Z or Y failures is
0
number of X failures is
0
average trial time
707.6344728999132
mu is
0.0
number of trials is
60200
number of Z or Y failures is
0
number of X failures is
0
average trial time
709.9662717487986
The SVD algorithm `"divide_and_conquer"` has thrown an error,
likely because of a convergance failure. You can try
other SVD algorithms that may converge better using the
`alg` (or `svd_alg` if called through `factorize` or MPS/MPO functionality) keyword argument:

 - "divide_and_conquer" is a divide-and-conquer algorithm
   (LAPACK's `gesdd`). It is fast, but may lead to some innacurate
   singular values for very ill-conditioned matrices.
   It also may sometimes fail to converge, leading to errors
   (in which case `"qr_iteration"` or `"recursive"` can be tried).

 - `"qr_iteration"` (LAPACK's `gesvd`) is typically slower 
   than "divide_and_conquer", especially for large matrices,
   but is more accurate for very ill-conditioned matrices 
   compared to `"divide_and_conquer"`.

 - `"recursive"` is ITensor's custom SVD algorithm. It is very
   reliable, but may be slow if high precision is needed.
   To get an `svd` of a matrix `A`, an eigendecomposition of
   ``A^{\dagger} A`` is used to compute `U` and then a `qr` of
   ``A^{\dagger} U`` is used to compute `V`. This is performed
   recursively to compute small singular values.

Returning `nothing`. For an output `F = svd(A, ...)` you can check if
`isnothing(F)` in your code and try a different algorithm.

To suppress this message in the future, you can wrap the `svd` call in the
`@suppress` macro from the `Suppressor` package.

