mu is
0.0
number of trials is
200
number of Z or Y failures is
0
number of X failures is
0
average trial time
2.2503643774150004
mu is
0.0
number of trials is
400
number of Z or Y failures is
0
number of X failures is
0
average trial time
4.34773710655
mu is
0.0
number of trials is
600
number of Z or Y failures is
0
number of X failures is
0
average trial time
6.427963109580003
mu is
0.0
number of trials is
800
number of Z or Y failures is
0
number of X failures is
0
average trial time
8.531384759800007
mu is
0.0
number of trials is
1000
number of Z or Y failures is
0
number of X failures is
0
average trial time
10.627672509285013
mu is
0.0
number of trials is
1200
number of Z or Y failures is
0
number of X failures is
0
average trial time
12.723424481615035
mu is
0.0
number of trials is
1400
number of Z or Y failures is
0
number of X failures is
0
average trial time
14.809385415815022
mu is
0.0
number of trials is
1600
number of Z or Y failures is
0
number of X failures is
0
average trial time
16.90446873146501
mu is
0.0
number of trials is
1800
number of Z or Y failures is
0
number of X failures is
0
average trial time
19.008809878820006
mu is
0.0
number of trials is
2000
number of Z or Y failures is
0
number of X failures is
0
average trial time
21.140793099435
mu is
0.0
number of trials is
2200
number of Z or Y failures is
0
number of X failures is
0
average trial time
23.296094705584988
mu is
0.0
number of trials is
2400
number of Z or Y failures is
0
number of X failures is
0
average trial time
25.460604166174967
mu is
0.0
number of trials is
2600
number of Z or Y failures is
0
number of X failures is
0
average trial time
27.68244059980498
mu is
0.0
number of trials is
2800
number of Z or Y failures is
0
number of X failures is
0
average trial time
29.88513918996497
mu is
0.0
number of trials is
3000
number of Z or Y failures is
0
number of X failures is
0
average trial time
32.14325846364496
mu is
0.0
number of trials is
3200
number of Z or Y failures is
0
number of X failures is
0
average trial time
34.417002318689974
mu is
0.0
number of trials is
3400
number of Z or Y failures is
0
number of X failures is
0
average trial time
36.735259838675
mu is
0.0
number of trials is
3600
number of Z or Y failures is
0
number of X failures is
0
average trial time
39.057192888274976
mu is
0.0
number of trials is
3800
number of Z or Y failures is
0
number of X failures is
0
average trial time
41.39082123904498
mu is
0.0
number of trials is
4000
number of Z or Y failures is
0
number of X failures is
0
average trial time
43.750957471315
mu is
0.0
number of trials is
4200
number of Z or Y failures is
0
number of X failures is
0
average trial time
46.15120472996
mu is
0.0
number of trials is
4400
number of Z or Y failures is
0
number of X failures is
0
average trial time
48.55654953833502
mu is
0.0
number of trials is
4600
number of Z or Y failures is
0
number of X failures is
0
average trial time
50.915898132935034
mu is
0.0
number of trials is
4800
number of Z or Y failures is
0
number of X failures is
0
average trial time
53.30388333029006
mu is
0.0
number of trials is
5000
number of Z or Y failures is
0
number of X failures is
0
average trial time
55.74273698254008
mu is
0.0
number of trials is
5200
number of Z or Y failures is
0
number of X failures is
0
average trial time
58.16246995352509
mu is
0.0
number of trials is
5400
number of Z or Y failures is
0
number of X failures is
0
average trial time
60.623007240675044
mu is
0.0
number of trials is
5600
number of Z or Y failures is
0
number of X failures is
0
average trial time
63.06655429677002
mu is
0.0
number of trials is
5800
number of Z or Y failures is
0
number of X failures is
0
average trial time
65.56418718985996
mu is
0.0
number of trials is
6000
number of Z or Y failures is
0
number of X failures is
0
average trial time
68.03569161865494
mu is
0.0
number of trials is
6200
number of Z or Y failures is
0
number of X failures is
0
average trial time
70.50003034721993
mu is
0.0
number of trials is
6400
number of Z or Y failures is
0
number of X failures is
0
average trial time
72.98038871937491
mu is
0.0
number of trials is
6600
number of Z or Y failures is
0
number of X failures is
0
average trial time
75.46892379693992
mu is
0.0
number of trials is
6800
number of Z or Y failures is
0
number of X failures is
0
average trial time
77.97944871000988
mu is
0.0
number of trials is
7000
number of Z or Y failures is
0
number of X failures is
0
average trial time
80.45584729303484
mu is
0.0
number of trials is
7200
number of Z or Y failures is
0
number of X failures is
0
average trial time
82.97785892905983
mu is
0.0
number of trials is
7400
number of Z or Y failures is
0
number of X failures is
0
average trial time
85.49685989489488
mu is
0.0
number of trials is
7600
number of Z or Y failures is
0
number of X failures is
0
average trial time
88.00489081326481
mu is
0.0
number of trials is
7800
number of Z or Y failures is
0
number of X failures is
0
average trial time
90.54697522336977
mu is
0.0
number of trials is
8000
number of Z or Y failures is
0
number of X failures is
0
average trial time
93.06400852852994
mu is
0.0
number of trials is
8200
number of Z or Y failures is
0
number of X failures is
0
average trial time
95.55416037027499
mu is
0.0
number of trials is
8400
number of Z or Y failures is
0
number of X failures is
0
average trial time
98.03421498263978
mu is
0.0
number of trials is
8600
number of Z or Y failures is
0
number of X failures is
0
average trial time
100.52472429594486
mu is
0.0
number of trials is
8800
number of Z or Y failures is
0
number of X failures is
0
average trial time
103.01718973569987
mu is
0.0
number of trials is
9000
number of Z or Y failures is
0
number of X failures is
0
average trial time
105.50908091385
mu is
0.0
number of trials is
9200
number of Z or Y failures is
0
number of X failures is
0
average trial time
107.99325742091003
mu is
0.0
number of trials is
9400
number of Z or Y failures is
0
number of X failures is
0
average trial time
110.46028820249505
mu is
0.0
number of trials is
9600
number of Z or Y failures is
0
number of X failures is
0
average trial time
112.91998423335502
mu is
0.0
number of trials is
9800
number of Z or Y failures is
0
number of X failures is
0
average trial time
115.42431621585
mu is
0.0
number of trials is
10000
number of Z or Y failures is
0
number of X failures is
0
average trial time
117.89525286672492
mu is
0.0
number of trials is
10200
number of Z or Y failures is
0
number of X failures is
0
average trial time
120.38117622027002
mu is
0.0
number of trials is
10400
number of Z or Y failures is
0
number of X failures is
0
average trial time
122.83392200467993
mu is
0.0
number of trials is
10600
number of Z or Y failures is
0
number of X failures is
0
average trial time
125.27524731840484
mu is
0.0
number of trials is
10800
number of Z or Y failures is
0
number of X failures is
0
average trial time
127.76255192634991
mu is
0.0
number of trials is
11000
number of Z or Y failures is
0
number of X failures is
0
average trial time
130.2306333216099
mu is
0.0
number of trials is
11200
number of Z or Y failures is
0
number of X failures is
0
average trial time
132.66591499960995
mu is
0.0
number of trials is
11400
number of Z or Y failures is
0
number of X failures is
0
average trial time
135.163528094025
mu is
0.0
number of trials is
11600
number of Z or Y failures is
0
number of X failures is
0
average trial time
137.632529273085
mu is
0.0
number of trials is
11800
number of Z or Y failures is
0
number of X failures is
0
average trial time
140.07450411489003
mu is
0.0
number of trials is
12000
number of Z or Y failures is
0
number of X failures is
0
average trial time
142.53225531267492
mu is
0.0
number of trials is
12200
number of Z or Y failures is
0
number of X failures is
0
average trial time
144.97333382038494
mu is
0.0
number of trials is
12400
number of Z or Y failures is
0
number of X failures is
0
average trial time
147.43362676268487
mu is
0.0
number of trials is
12600
number of Z or Y failures is
0
number of X failures is
0
average trial time
149.90157721231986
mu is
0.0
number of trials is
12800
number of Z or Y failures is
0
number of X failures is
0
average trial time
152.34441372787992
mu is
0.0
number of trials is
13000
number of Z or Y failures is
0
number of X failures is
0
average trial time
154.78166419504993
mu is
0.0
number of trials is
13200
number of Z or Y failures is
0
number of X failures is
0
average trial time
157.21269471439493
mu is
0.0
number of trials is
13400
number of Z or Y failures is
0
number of X failures is
0
average trial time
159.656322420175
mu is
0.0
number of trials is
13600
number of Z or Y failures is
0
number of X failures is
0
average trial time
162.09201509028998
mu is
0.0
number of trials is
13800
number of Z or Y failures is
0
number of X failures is
0
average trial time
164.520933624875
mu is
0.0
number of trials is
14000
number of Z or Y failures is
0
number of X failures is
0
average trial time
166.9638313597201
mu is
0.0
number of trials is
14200
number of Z or Y failures is
0
number of X failures is
0
average trial time
169.406206485385
mu is
0.0
number of trials is
14400
number of Z or Y failures is
0
number of X failures is
0
average trial time
171.83591918622477
mu is
0.0
number of trials is
14600
number of Z or Y failures is
0
number of X failures is
0
average trial time
174.2743580138998
mu is
0.0
number of trials is
14800
number of Z or Y failures is
0
number of X failures is
0
average trial time
176.69791509680505
mu is
0.0
number of trials is
15000
number of Z or Y failures is
0
number of X failures is
0
average trial time
179.11176659387507
mu is
0.0
number of trials is
15200
number of Z or Y failures is
0
number of X failures is
0
average trial time
181.54886668539504
mu is
0.0
number of trials is
15400
number of Z or Y failures is
0
number of X failures is
0
average trial time
183.98827170813504
mu is
0.0
number of trials is
15600
number of Z or Y failures is
0
number of X failures is
0
average trial time
186.37999226089997
mu is
0.0
number of trials is
15800
number of Z or Y failures is
0
number of X failures is
0
average trial time
188.79349348564483
mu is
0.0
number of trials is
16000
number of Z or Y failures is
0
number of X failures is
0
average trial time
191.21909311804956
mu is
0.0
number of trials is
16200
number of Z or Y failures is
0
number of X failures is
0
average trial time
193.6054308272044
mu is
0.0
number of trials is
16400
number of Z or Y failures is
0
number of X failures is
0
average trial time
196.0564072408997
mu is
0.0
number of trials is
16600
number of Z or Y failures is
0
number of X failures is
0
average trial time
198.45637650762478
mu is
0.0
number of trials is
16800
number of Z or Y failures is
0
number of X failures is
0
average trial time
200.88025855971486
mu is
0.0
number of trials is
17000
number of Z or Y failures is
0
number of X failures is
0
average trial time
203.28814612792996
mu is
0.0
number of trials is
17200
number of Z or Y failures is
0
number of X failures is
0
average trial time
205.68234262838013
mu is
0.0
number of trials is
17400
number of Z or Y failures is
0
number of X failures is
0
average trial time
208.11585283990524
mu is
0.0
number of trials is
17600
number of Z or Y failures is
0
number of X failures is
0
average trial time
210.5148779211451
mu is
0.0
number of trials is
17800
number of Z or Y failures is
0
number of X failures is
0
average trial time
212.9230862378701
mu is
0.0
number of trials is
18000
number of Z or Y failures is
0
number of X failures is
0
average trial time
215.32922899645513
mu is
0.0
number of trials is
18200
number of Z or Y failures is
0
number of X failures is
0
average trial time
217.74906950572014
mu is
0.0
number of trials is
18400
number of Z or Y failures is
0
number of X failures is
0
average trial time
220.16254921774532
mu is
0.0
number of trials is
18600
number of Z or Y failures is
0
number of X failures is
0
average trial time
222.54105563925532
mu is
0.0
number of trials is
18800
number of Z or Y failures is
0
number of X failures is
0
average trial time
224.9498974594254
mu is
0.0
number of trials is
19000
number of Z or Y failures is
0
number of X failures is
0
average trial time
227.33884669204045
mu is
0.0
number of trials is
19200
number of Z or Y failures is
0
number of X failures is
0
average trial time
229.74215057356062
mu is
0.0
number of trials is
19400
number of Z or Y failures is
0
number of X failures is
0
average trial time
232.13143532881557
mu is
0.0
number of trials is
19600
number of Z or Y failures is
0
number of X failures is
0
average trial time
234.5274686158357
mu is
0.0
number of trials is
19800
number of Z or Y failures is
0
number of X failures is
0
average trial time
236.90643016335562
mu is
0.0
number of trials is
20000
number of Z or Y failures is
0
number of X failures is
0
average trial time
239.31290035989085
mu is
0.0
number of trials is
20200
number of Z or Y failures is
0
number of X failures is
0
average trial time
241.70961760816084
mu is
0.0
number of trials is
20400
number of Z or Y failures is
0
number of X failures is
0
average trial time
244.11047662263573
mu is
0.0
number of trials is
20600
number of Z or Y failures is
0
number of X failures is
0
average trial time
246.4836304070056
mu is
0.0
number of trials is
20800
number of Z or Y failures is
0
number of X failures is
0
average trial time
248.9009670989155
mu is
0.0
number of trials is
21000
number of Z or Y failures is
0
number of X failures is
0
average trial time
251.28653466007555
mu is
0.0
number of trials is
21200
number of Z or Y failures is
0
number of X failures is
0
average trial time
253.71479095229063
mu is
0.0
number of trials is
21400
number of Z or Y failures is
0
number of X failures is
0
average trial time
256.0958410779107
mu is
0.0
number of trials is
21600
number of Z or Y failures is
0
number of X failures is
0
average trial time
258.51665182303066
mu is
0.0
number of trials is
21800
number of Z or Y failures is
0
number of X failures is
0
average trial time
260.8969507015106
mu is
0.0
number of trials is
22000
number of Z or Y failures is
0
number of X failures is
0
average trial time
263.31132354411045
mu is
0.0
number of trials is
22200
number of Z or Y failures is
0
number of X failures is
0
average trial time
265.6992784874353
mu is
0.0
number of trials is
22400
number of Z or Y failures is
0
number of X failures is
0
average trial time
268.0988051908552
mu is
0.0
number of trials is
22600
number of Z or Y failures is
0
number of X failures is
0
average trial time
270.50814783314036
mu is
0.0
number of trials is
22800
number of Z or Y failures is
0
number of X failures is
0
average trial time
272.92253551753055
mu is
0.0
number of trials is
23000
number of Z or Y failures is
0
number of X failures is
0
average trial time
275.31888633341066
mu is
0.0
number of trials is
23200
number of Z or Y failures is
0
number of X failures is
0
average trial time
277.6739152337657
mu is
0.0
number of trials is
23400
number of Z or Y failures is
0
number of X failures is
0
average trial time
280.0861690603909
mu is
0.0
number of trials is
23600
number of Z or Y failures is
0
number of X failures is
0
average trial time
282.4510610137359
mu is
0.0
number of trials is
23800
number of Z or Y failures is
0
number of X failures is
0
average trial time
284.835736805971
mu is
0.0
number of trials is
24000
number of Z or Y failures is
0
number of X failures is
0
average trial time
287.20696278170084
mu is
0.0
number of trials is
24200
number of Z or Y failures is
0
number of X failures is
0
average trial time
289.5823687427458
mu is
0.0
number of trials is
24400
number of Z or Y failures is
0
number of X failures is
0
average trial time
291.98189874242087
mu is
0.0
number of trials is
24600
number of Z or Y failures is
0
number of X failures is
0
average trial time
294.3538784177159
mu is
0.0
number of trials is
24800
number of Z or Y failures is
0
number of X failures is
0
average trial time
296.74786048318595
mu is
0.0
number of trials is
25000
number of Z or Y failures is
0
number of X failures is
0
average trial time
299.1432636382958
mu is
0.0
number of trials is
25200
number of Z or Y failures is
0
number of X failures is
0
average trial time
301.50714813159584
mu is
0.0
number of trials is
25400
number of Z or Y failures is
0
number of X failures is
0
average trial time
303.88844735447105
mu is
0.0
number of trials is
25600
number of Z or Y failures is
0
number of X failures is
0
average trial time
306.2776480638562
mu is
0.0
number of trials is
25800
number of Z or Y failures is
0
number of X failures is
0
average trial time
308.63085065731104
mu is
0.0
number of trials is
26000
number of Z or Y failures is
0
number of X failures is
0
average trial time
311.0141828626763
mu is
0.0
number of trials is
26200
number of Z or Y failures is
0
number of X failures is
0
average trial time
313.37422894068607
mu is
0.0
number of trials is
26400
number of Z or Y failures is
0
number of X failures is
0
average trial time
315.7631951297763
mu is
0.0
number of trials is
26600
number of Z or Y failures is
0
number of X failures is
0
average trial time
318.14037999862603
mu is
0.0
number of trials is
26800
number of Z or Y failures is
0
number of X failures is
0
average trial time
320.52048498395607
mu is
0.0
number of trials is
27000
number of Z or Y failures is
0
number of X failures is
0
average trial time
322.8870861772861
mu is
0.0
number of trials is
27200
number of Z or Y failures is
0
number of X failures is
0
average trial time
325.26723199510116
mu is
0.0
number of trials is
27400
number of Z or Y failures is
0
number of X failures is
0
average trial time
327.6430365384409
mu is
0.0
number of trials is
27600
number of Z or Y failures is
0
number of X failures is
0
average trial time
330.02029185834124
mu is
0.0
number of trials is
27800
number of Z or Y failures is
0
number of X failures is
0
average trial time
332.3978122720263
mu is
0.0
number of trials is
28000
number of Z or Y failures is
0
number of X failures is
0
average trial time
334.779940666126
mu is
0.0
number of trials is
28200
number of Z or Y failures is
0
number of X failures is
0
average trial time
337.14210848970566
mu is
0.0
number of trials is
28400
number of Z or Y failures is
0
number of X failures is
0
average trial time
339.52713223647015
mu is
0.0
number of trials is
28600
number of Z or Y failures is
0
number of X failures is
0
average trial time
341.9185030245402
mu is
0.0
number of trials is
28800
number of Z or Y failures is
0
number of X failures is
0
average trial time
344.2898951606054
mu is
0.0
number of trials is
29000
number of Z or Y failures is
0
number of X failures is
0
average trial time
346.6620843180253
mu is
0.0
number of trials is
29200
number of Z or Y failures is
0
number of X failures is
0
average trial time
349.03712909103047
mu is
0.0
number of trials is
29400
number of Z or Y failures is
0
number of X failures is
0
average trial time
351.43495413263014
mu is
0.0
number of trials is
29600
number of Z or Y failures is
0
number of X failures is
0
average trial time
353.7981632397396
mu is
0.0
number of trials is
29800
number of Z or Y failures is
0
number of X failures is
0
average trial time
356.1413750386597
mu is
0.0
number of trials is
30000
number of Z or Y failures is
0
number of X failures is
0
average trial time
358.4945498229149
mu is
0.0
number of trials is
30200
number of Z or Y failures is
0
number of X failures is
0
average trial time
360.88434252500514
mu is
0.0
number of trials is
30400
number of Z or Y failures is
0
number of X failures is
0
average trial time
363.2568266111004
mu is
0.0
number of trials is
30600
number of Z or Y failures is
0
number of X failures is
0
average trial time
365.61085392820036
mu is
0.0
number of trials is
30800
number of Z or Y failures is
0
number of X failures is
0
average trial time
367.9676813398599
mu is
0.0
number of trials is
31000
number of Z or Y failures is
0
number of X failures is
0
average trial time
370.33448550004425
mu is
0.0
number of trials is
31200
number of Z or Y failures is
0
number of X failures is
0
average trial time
372.715384660889
mu is
0.0
number of trials is
31400
number of Z or Y failures is
0
number of X failures is
0
average trial time
375.1204898319686
mu is
0.0
number of trials is
31600
number of Z or Y failures is
0
number of X failures is
0
average trial time
377.5074635338585
mu is
0.0
number of trials is
31800
number of Z or Y failures is
0
number of X failures is
0
average trial time
379.8885713709784
mu is
0.0
number of trials is
32000
number of Z or Y failures is
0
number of X failures is
0
average trial time
382.22521514862837
mu is
0.0
number of trials is
32200
number of Z or Y failures is
0
number of X failures is
0
average trial time
384.5933492614836
mu is
0.0
number of trials is
32400
number of Z or Y failures is
0
number of X failures is
0
average trial time
386.95134298801895
mu is
0.0
number of trials is
32600
number of Z or Y failures is
0
number of X failures is
0
average trial time
389.3291021092087
mu is
0.0
number of trials is
32800
number of Z or Y failures is
0
number of X failures is
0
average trial time
391.70733995682326
mu is
0.0
number of trials is
33000
number of Z or Y failures is
0
number of X failures is
0
average trial time
394.0746208956633
mu is
0.0
number of trials is
33200
number of Z or Y failures is
0
number of X failures is
0
average trial time
396.4187693007036
mu is
0.0
number of trials is
33400
number of Z or Y failures is
0
number of X failures is
0
average trial time
398.76384466010876
mu is
0.0
number of trials is
33600
number of Z or Y failures is
0
number of X failures is
0
average trial time
401.0959452391588
mu is
0.0
number of trials is
33800
number of Z or Y failures is
0
number of X failures is
0
average trial time
403.45018964490424
mu is
0.0
number of trials is
34000
number of Z or Y failures is
0
number of X failures is
0
average trial time
405.7885954304194
mu is
0.0
number of trials is
34200
number of Z or Y failures is
0
number of X failures is
0
average trial time
408.1255911009843
mu is
0.0
number of trials is
34400
number of Z or Y failures is
0
number of X failures is
0
average trial time
410.4616249078094
mu is
0.0
number of trials is
34600
number of Z or Y failures is
0
number of X failures is
0
average trial time
412.85464823113995
mu is
0.0
number of trials is
34800
number of Z or Y failures is
0
number of X failures is
0
average trial time
415.22564631610004
mu is
0.0
number of trials is
35000
number of Z or Y failures is
0
number of X failures is
0
average trial time
417.57143427878555
mu is
0.0
number of trials is
35200
number of Z or Y failures is
0
number of X failures is
0
average trial time
419.94164547062576
mu is
0.0
number of trials is
35400
number of Z or Y failures is
0
number of X failures is
0
average trial time
422.31335600044565
mu is
0.0
number of trials is
35600
number of Z or Y failures is
0
number of X failures is
0
average trial time
424.6753244730109
mu is
0.0
number of trials is
35800
number of Z or Y failures is
0
number of X failures is
0
average trial time
427.0231542309957
mu is
0.0
number of trials is
36000
number of Z or Y failures is
0
number of X failures is
0
average trial time
429.40017862486087
mu is
0.0
number of trials is
36200
number of Z or Y failures is
0
number of X failures is
0
average trial time
431.7495098564663
mu is
0.0
number of trials is
36400
number of Z or Y failures is
0
number of X failures is
0
average trial time
434.1001986821509
mu is
0.0
number of trials is
36600
number of Z or Y failures is
0
number of X failures is
0
average trial time
436.4321813531958
mu is
0.0
number of trials is
36800
number of Z or Y failures is
0
number of X failures is
0
average trial time
438.7734492464609
mu is
0.0
number of trials is
37000
number of Z or Y failures is
0
number of X failures is
0
average trial time
441.1048206598108
mu is
0.0
number of trials is
37200
number of Z or Y failures is
0
number of X failures is
0
average trial time
443.4527476469505
mu is
0.0
number of trials is
37400
number of Z or Y failures is
0
number of X failures is
0
average trial time
445.77693750636035
mu is
0.0
number of trials is
37600
number of Z or Y failures is
0
number of X failures is
0
average trial time
448.1293968982103
mu is
0.0
number of trials is
37800
number of Z or Y failures is
0
number of X failures is
0
average trial time
450.4841496308356
mu is
0.0
number of trials is
38000
number of Z or Y failures is
0
number of X failures is
0
average trial time
452.8659956512661
mu is
0.0
number of trials is
38200
number of Z or Y failures is
0
number of X failures is
0
average trial time
455.21106433863605
mu is
0.0
number of trials is
38400
number of Z or Y failures is
0
number of X failures is
0
average trial time
457.55010573600106
mu is
0.0
number of trials is
38600
number of Z or Y failures is
0
number of X failures is
0
average trial time
459.8898300575911
mu is
0.0
number of trials is
38800
number of Z or Y failures is
0
number of X failures is
0
average trial time
462.2622010332168
mu is
0.0
number of trials is
39000
number of Z or Y failures is
0
number of X failures is
0
average trial time
464.62431872538184
mu is
0.0
number of trials is
39200
number of Z or Y failures is
0
number of X failures is
0
average trial time
467.0016802371218
mu is
2.5380710659898476e-5
number of trials is
39400
number of Z or Y failures is
1
number of X failures is
0
average trial time
469.34022125962184
mu is
2.5252525252525253e-5
number of trials is
39600
number of Z or Y failures is
1
number of X failures is
0
average trial time
471.651616128897
mu is
2.5125628140703518e-5
number of trials is
39800
number of Z or Y failures is
1
number of X failures is
0
average trial time
473.9942199997121
mu is
2.5e-5
number of trials is
40000
number of Z or Y failures is
1
number of X failures is
0
average trial time
476.33209245671173
mu is
2.4875621890547263e-5
number of trials is
40200
number of Z or Y failures is
1
number of X failures is
0
average trial time
478.65267808627164
mu is
2.4752475247524754e-5
number of trials is
40400
number of Z or Y failures is
1
number of X failures is
0
average trial time
480.98516716860155
mu is
2.4630541871921184e-5
number of trials is
40600
number of Z or Y failures is
1
number of X failures is
0
average trial time
483.3140471158865
mu is
2.4509803921568626e-5
number of trials is
40800
number of Z or Y failures is
1
number of X failures is
0
average trial time
485.63507257936163
mu is
2.4390243902439026e-5
number of trials is
41000
number of Z or Y failures is
1
number of X failures is
0
average trial time
487.9657772521512
mu is
2.4271844660194176e-5
number of trials is
41200
number of Z or Y failures is
1
number of X failures is
0
average trial time
490.30700249688147
mu is
2.4154589371980676e-5
number of trials is
41400
number of Z or Y failures is
1
number of X failures is
0
average trial time
492.64228173933174
mu is
2.403846153846154e-5
number of trials is
41600
number of Z or Y failures is
1
number of X failures is
0
average trial time
494.9712454352323
mu is
2.3923444976076556e-5
number of trials is
41800
number of Z or Y failures is
1
number of X failures is
0
average trial time
497.3133348419122
mu is
2.380952380952381e-5
number of trials is
42000
number of Z or Y failures is
1
number of X failures is
0
average trial time
499.6418926446323
mu is
2.3696682464454976e-5
number of trials is
42200
number of Z or Y failures is
1
number of X failures is
0
average trial time
501.96902074562234
mu is
2.3584905660377357e-5
number of trials is
42400
number of Z or Y failures is
1
number of X failures is
0
average trial time
504.3106780270277
mu is
2.347417840375587e-5
number of trials is
42600
number of Z or Y failures is
1
number of X failures is
0
average trial time
506.6505830797775
mu is
2.336448598130841e-5
number of trials is
42800
number of Z or Y failures is
1
number of X failures is
0
average trial time
509.0009533356525
mu is
2.325581395348837e-5
number of trials is
43000
number of Z or Y failures is
1
number of X failures is
0
average trial time
511.33042471738247
mu is
2.3148148148148147e-5
number of trials is
43200
number of Z or Y failures is
1
number of X failures is
0
average trial time
513.6724935454777
mu is
2.304147465437788e-5
number of trials is
43400
number of Z or Y failures is
1
number of X failures is
0
average trial time
516.0202173110976
mu is
2.293577981651376e-5
number of trials is
43600
number of Z or Y failures is
1
number of X failures is
0
average trial time
518.3567895629124
mu is
2.2831050228310503e-5
number of trials is
43800
number of Z or Y failures is
1
number of X failures is
0
average trial time
520.6715838840369
mu is
2.2727272727272726e-5
number of trials is
44000
number of Z or Y failures is
1
number of X failures is
0
average trial time
523.0221768303825
mu is
2.262443438914027e-5
number of trials is
44200
number of Z or Y failures is
1
number of X failures is
0
average trial time
525.3410144659372
mu is
2.2522522522522523e-5
number of trials is
44400
number of Z or Y failures is
1
number of X failures is
0
average trial time
527.6710510802176
mu is
2.242152466367713e-5
number of trials is
44600
number of Z or Y failures is
1
number of X failures is
0
average trial time
530.0286047235122
mu is
2.232142857142857e-5
number of trials is
44800
number of Z or Y failures is
1
number of X failures is
0
average trial time
532.3727296528323
mu is
2.2222222222222223e-5
number of trials is
45000
number of Z or Y failures is
1
number of X failures is
0
average trial time
534.7036240812424
mu is
2.2123893805309735e-5
number of trials is
45200
number of Z or Y failures is
1
number of X failures is
0
average trial time
537.0450602676772
mu is
2.2026431718061676e-5
number of trials is
45400
number of Z or Y failures is
1
number of X failures is
0
average trial time
539.3628270545122
mu is
2.1929824561403507e-5
number of trials is
45600
number of Z or Y failures is
1
number of X failures is
0
average trial time
541.706325340732
mu is
2.1834061135371177e-5
number of trials is
45800
number of Z or Y failures is
1
number of X failures is
0
average trial time
544.0475153519319
mu is
2.173913043478261e-5
number of trials is
46000
number of Z or Y failures is
1
number of X failures is
0
average trial time
546.3960975143373
mu is
2.1645021645021645e-5
number of trials is
46200
number of Z or Y failures is
1
number of X failures is
0
average trial time
548.7099589765318
mu is
2.1551724137931033e-5
number of trials is
46400
number of Z or Y failures is
1
number of X failures is
0
average trial time
551.0531673056067
mu is
2.145922746781116e-5
number of trials is
46600
number of Z or Y failures is
1
number of X failures is
0
average trial time
553.3867570802319
mu is
2.1367521367521368e-5
number of trials is
46800
number of Z or Y failures is
1
number of X failures is
0
average trial time
555.7196770845215
mu is
2.1276595744680852e-5
number of trials is
47000
number of Z or Y failures is
1
number of X failures is
0
average trial time
558.0453680047965
mu is
2.1186440677966103e-5
number of trials is
47200
number of Z or Y failures is
1
number of X failures is
0
average trial time
560.3798782054218
mu is
2.109704641350211e-5
number of trials is
47400
number of Z or Y failures is
1
number of X failures is
0
average trial time
562.7243505026318
mu is
2.100840336134454e-5
number of trials is
47600
number of Z or Y failures is
1
number of X failures is
0
average trial time
565.0520100564316
mu is
2.092050209205021e-5
number of trials is
47800
number of Z or Y failures is
1
number of X failures is
0
average trial time
567.3907190997314
mu is
2.0833333333333333e-5
number of trials is
48000
number of Z or Y failures is
1
number of X failures is
0
average trial time
569.7252715405765
mu is
2.074688796680498e-5
number of trials is
48200
number of Z or Y failures is
1
number of X failures is
0
average trial time
572.0563583373013
mu is
2.066115702479339e-5
number of trials is
48400
number of Z or Y failures is
1
number of X failures is
0
average trial time
574.377106698116
mu is
2.05761316872428e-5
number of trials is
48600
number of Z or Y failures is
1
number of X failures is
0
average trial time
576.7000511008716
mu is
2.0491803278688525e-5
number of trials is
48800
number of Z or Y failures is
1
number of X failures is
0
average trial time
579.0192754149114
mu is
2.0408163265306123e-5
number of trials is
49000
number of Z or Y failures is
1
number of X failures is
0
average trial time
581.3868677265615
mu is
2.032520325203252e-5
number of trials is
slurmstepd: error: *** JOB 449 ON cpu96-dy-c5a24xlarge-11 CANCELLED AT 2021-06-21T17:10:18 ***
