ERROR: LoadError: MethodError: no method matching iterate(::Nothing)
Closest candidates are:
  iterate(!Matched::Union{LinRange, StepRangeLen}) at range.jl:664
  iterate(!Matched::Union{LinRange, StepRangeLen}, !Matched::Int64) at range.jl:664
  iterate(!Matched::T) where T<:Union{Base.KeySet{var"#s79", var"#s78"} where {var"#s79", var"#s78"<:Dict}, Base.ValueIterator{var"#s77"} where var"#s77"<:Dict} at dict.jl:693
  ...
Stacktrace:
  [1] indexed_iterate(I::Nothing, i::Int64)
    @ Base ./tuple.jl:89
  [2] MPS(A::ITensor{4}, sites::Vector{IndexSet{1, Index{Int64}, Tuple{Index{Int64}}}}; leftinds::Index{Int64}, orthocenter::Int64, kwargs::Base.Iterators.Pairs{Symbol, Any, NTuple{4, Symbol}, NamedTuple{(:ortho, :cutoff, :maxdim, :svd_alg), Tuple{String, Float64, Int64, String}}})
    @ ITensors ~/.julia/packages/ITensors/Ligbx/src/mps/abstractmps.jl:1388
  [3] setindex!(ψ::MPS, A::ITensor{4}, r::UnitRange{Int64}; orthocenter::Int64, perm::Vector{Int64}, kwargs::Base.Iterators.Pairs{Symbol, Any, NTuple{4, Symbol}, NamedTuple{(:ortho, :cutoff, :maxdim, :svd_alg), Tuple{String, Float64, Int64, String}}})
    @ ITensors ~/.julia/packages/ITensors/Ligbx/src/mps/abstractmps.jl:1328
  [4] setindex!(::MPS, ::ITensor{4}, ::UnitRange{Int64}, ::Pair{Symbol, Any}, ::Vararg{Pair{Symbol, Any}, N} where N; kwargs::Base.Iterators.Pairs{Symbol, Any, Tuple{Symbol, Symbol}, NamedTuple{(:orthocenter, :perm), Tuple{Int64, Vector{Int64}}}})
    @ ITensors ~/.julia/packages/ITensors/Ligbx/src/mps/abstractmps.jl:1340
  [5] swapbondsites(ψ::MPS, b::Int64; kwargs::Base.Iterators.Pairs{Symbol, Any, NTuple{4, Symbol}, NamedTuple{(:ortho, :cutoff, :maxdim, :svd_alg), Tuple{String, Float64, Int64, String}}})
    @ ITensors ~/.julia/packages/ITensors/Ligbx/src/mps/abstractmps.jl:1419
  [6] movesite(ψ::MPS, n1n2::Pair{Int64, Int64}; orthocenter::Int64, kwargs::Base.Iterators.Pairs{Symbol, Any, Tuple{Symbol, Symbol, Symbol}, NamedTuple{(:cutoff, :maxdim, :svd_alg), Tuple{Float64, Int64, String}}})
    @ ITensors ~/.julia/packages/ITensors/Ligbx/src/mps/abstractmps.jl:1447
  [7] _movesites(ψ::MPS, ns::Vector{Int64}, ns′::Vector{Int64}; kwargs::Base.Iterators.Pairs{Symbol, Any, Tuple{Symbol, Symbol, Symbol}, NamedTuple{(:cutoff, :maxdim, :svd_alg), Tuple{Float64, Int64, String}}})
    @ ITensors ~/.julia/packages/ITensors/Ligbx/src/mps/abstractmps.jl:1474
  [8] movesites(ψ::MPS, nsns′::Vector{Pair{Int64, Int64}}; kwargs::Base.Iterators.Pairs{Symbol, Any, Tuple{Symbol, Symbol, Symbol}, NamedTuple{(:cutoff, :maxdim, :svd_alg), Tuple{Float64, Int64, String}}})
    @ ITensors ~/.julia/packages/ITensors/Ligbx/src/mps/abstractmps.jl:1495
  [9] product(o::ITensor{4}, ψ::MPS, ns::Vector{Int64}; move_sites_back::Bool, apply_dag::Bool, kwargs::Base.Iterators.Pairs{Symbol, Any, Tuple{Symbol, Symbol, Symbol}, NamedTuple{(:cutoff, :maxdim, :svd_alg), Tuple{Float64, Int64, String}}})
    @ ITensors ~/.julia/packages/ITensors/Ligbx/src/mps/abstractmps.jl:1548
 [10] product(As::Vector{ITensor}, ψ::MPS; move_sites_back::Bool, kwargs::Base.Iterators.Pairs{Symbol, Any, Tuple{Symbol, Symbol, Symbol}, NamedTuple{(:cutoff, :maxdim, :svd_alg), Tuple{Float64, Int64, String}}})
    @ ITensors ~/.julia/packages/ITensors/Ligbx/src/mps/abstractmps.jl:1650
 [11] runcircuit(M::MPS, circuit_tensors::Vector{ITensor}; apply_dag::Nothing, cutoff::Float64, maxdim::Int64, svd_alg::String, move_sites_back::Bool, kwargs::Base.Iterators.Pairs{Union{}, Union{}, Tuple{}, NamedTuple{(), Tuple{}}})
    @ PastaQ ~/.julia/packages/PastaQ/9VxGO/src/circuits/runcircuit.jl:86
 [12] #runcircuit#99
    @ ~/.julia/packages/PastaQ/9VxGO/src/circuits/runcircuit.jl:188 [inlined]
 [13] SurfCirc(dz::Int64, dx::Int64, nr::Int64, PEZ::Matrix{Int64}, PEX::Matrix{Int64}, Synz::Matrix{Int64}, Synx::Matrix{Int64}, zsch::Vector{Any}, xsch::Vector{Any}, bsch::Array{Int64, 3}, layout::Vector{Any}, ql::Matrix{Int64}, zl::Vector{Int64}, xl::Vector{Int64}, p::Float64, al2::Int64, tmeas::Float64, k2::Float64, nth::Int64, pmz::Float64, pmx::Float64, acc::Float64, bd::Int64)
    @ Main /shared/MLSurface/JuliaCLTNDecoder/experiment/d9/1e5/mlsurfnc.jl:1337
 [14] macro expansion
    @ /shared/MLSurface/JuliaCLTNDecoder/experiment/d9/1e5/mlsurfnc.jl:1432 [inlined]
 [15] macro expansion
    @ ./timing.jl:287 [inlined]
 [16] SurfMC(dz::Int64, dx::Int64, nr::Int64, p::Float64, al2::Int64, tmeas::Float64, k2::Float64, nth::Int64, acc::Float64, bd::Int64, err::Float64, nt::Int64; sim_id::Int64)
    @ Main /shared/MLSurface/JuliaCLTNDecoder/experiment/d9/1e5/mlsurfnc.jl:1431
 [17] top-level scope
    @ /shared/MLSurface/JuliaCLTNDecoder/experiment/d9/1e5/mlsurfnc.jl:1514
in expression starting at /shared/MLSurface/JuliaCLTNDecoder/experiment/d9/1e5/mlsurfnc.jl:1512
mu is
0.0
number of trials is
200
number of Z or Y failures is
0
number of X failures is
0
average trial time
2.2816800409949995
mu is
0.0
number of trials is
400
number of Z or Y failures is
0
number of X failures is
0
average trial time
4.3791064784599945
mu is
0.0
number of trials is
600
number of Z or Y failures is
0
number of X failures is
0
average trial time
6.461843108934988
mu is
0.0
number of trials is
800
number of Z or Y failures is
0
number of X failures is
0
average trial time
8.55831692058998
mu is
0.0
number of trials is
1000
number of Z or Y failures is
0
number of X failures is
0
average trial time
10.63232512652998
mu is
0.0
number of trials is
1200
number of Z or Y failures is
0
number of X failures is
0
average trial time
12.751117101499988
mu is
0.0
number of trials is
1400
number of Z or Y failures is
0
number of X failures is
0
average trial time
14.836860119529996
mu is
0.0
number of trials is
1600
number of Z or Y failures is
0
number of X failures is
0
average trial time
16.964888298925008
mu is
0.0
number of trials is
1800
number of Z or Y failures is
0
number of X failures is
0
average trial time
19.068152629399993
mu is
0.0
number of trials is
2000
number of Z or Y failures is
0
number of X failures is
0
average trial time
21.175159562885
mu is
0.0
number of trials is
2200
number of Z or Y failures is
0
number of X failures is
0
average trial time
23.33719891430501
mu is
0.0
number of trials is
2400
number of Z or Y failures is
0
number of X failures is
0
average trial time
25.48041363998498
mu is
0.0
number of trials is
2600
number of Z or Y failures is
0
number of X failures is
0
average trial time
27.658077469379982
mu is
0.0
number of trials is
2800
number of Z or Y failures is
0
number of X failures is
0
average trial time
29.894674335735008
mu is
0.0
number of trials is
3000
number of Z or Y failures is
0
number of X failures is
0
average trial time
32.11371197609501
mu is
0.0
number of trials is
3200
number of Z or Y failures is
0
number of X failures is
0
average trial time
34.37578783109502
mu is
0.0
number of trials is
3400
number of Z or Y failures is
0
number of X failures is
0
average trial time
36.67646463292498
mu is
0.0
number of trials is
3600
number of Z or Y failures is
0
number of X failures is
0
average trial time
38.987042077920016
mu is
0.0
number of trials is
3800
number of Z or Y failures is
0
number of X failures is
0
average trial time
41.35027715052501
mu is
0.0
number of trials is
4000
number of Z or Y failures is
0
number of X failures is
0
average trial time
43.72813645132506
mu is
0.0
number of trials is
4200
number of Z or Y failures is
0
number of X failures is
0
average trial time
46.08856753367009
mu is
0.0
number of trials is
4400
number of Z or Y failures is
0
number of X failures is
0
average trial time
48.439007170060016
mu is
0.0
number of trials is
4600
number of Z or Y failures is
0
number of X failures is
0
average trial time
50.85575107837501
mu is
0.0
number of trials is
4800
number of Z or Y failures is
0
number of X failures is
0
average trial time
53.27009195360506
mu is
0.0
number of trials is
5000
number of Z or Y failures is
0
number of X failures is
0
average trial time
55.67784847881012
mu is
0.0
number of trials is
5200
number of Z or Y failures is
0
number of X failures is
0
average trial time
58.148704238885095
mu is
0.0
number of trials is
5400
number of Z or Y failures is
0
number of X failures is
0
average trial time
60.55768720437013
mu is
0.0
number of trials is
5600
number of Z or Y failures is
0
number of X failures is
0
average trial time
63.02168768145021
mu is
0.0
number of trials is
5800
number of Z or Y failures is
0
number of X failures is
0
average trial time
65.47598017223518
mu is
0.0
number of trials is
6000
number of Z or Y failures is
0
number of X failures is
0
average trial time
67.94936919823522
mu is
0.0
number of trials is
6200
number of Z or Y failures is
0
number of X failures is
0
average trial time
70.43808092396523
mu is
0.0
number of trials is
6400
number of Z or Y failures is
0
number of X failures is
0
average trial time
72.87140464958527
mu is
0.0
number of trials is
6600
number of Z or Y failures is
0
number of X failures is
0
average trial time
75.33835363009521
mu is
0.0
number of trials is
6800
number of Z or Y failures is
0
number of X failures is
0
average trial time
77.83311279479523
mu is
0.0
number of trials is
7000
number of Z or Y failures is
0
number of X failures is
0
average trial time
80.30343594300518
mu is
0.0
number of trials is
7200
number of Z or Y failures is
0
number of X failures is
0
average trial time
82.7761393810452
mu is
0.0
number of trials is
7400
number of Z or Y failures is
0
number of X failures is
0
average trial time
85.25126271258509
mu is
0.0
number of trials is
7600
number of Z or Y failures is
0
number of X failures is
0
average trial time
87.72004839063513
mu is
0.0
number of trials is
7800
number of Z or Y failures is
0
number of X failures is
0
average trial time
90.19335410412513
mu is
0.0
number of trials is
8000
number of Z or Y failures is
0
number of X failures is
0
average trial time
92.66416824173503
mu is
0.0
number of trials is
8200
number of Z or Y failures is
0
number of X failures is
0
average trial time
95.13870771687502
mu is
0.0
number of trials is
8400
number of Z or Y failures is
0
number of X failures is
0
average trial time
97.6172585722251
mu is
0.0
number of trials is
8600
number of Z or Y failures is
0
number of X failures is
0
average trial time
100.07608300755011
mu is
0.0
number of trials is
8800
number of Z or Y failures is
0
number of X failures is
0
average trial time
102.54418823165511
mu is
0.0
number of trials is
9000
number of Z or Y failures is
0
number of X failures is
0
average trial time
104.99366143324012
mu is
0.0
number of trials is
9200
number of Z or Y failures is
0
number of X failures is
0
average trial time
107.45910533625509
mu is
0.0
number of trials is
9400
number of Z or Y failures is
0
number of X failures is
0
average trial time
109.89810466417508
mu is
0.0
number of trials is
9600
number of Z or Y failures is
0
number of X failures is
0
average trial time
112.3622857688052
mu is
0.0
number of trials is
9800
number of Z or Y failures is
0
number of X failures is
0
average trial time
114.80171512841517
mu is
0.0
number of trials is
10000
number of Z or Y failures is
0
number of X failures is
0
average trial time
117.25927048526017
mu is
0.0
number of trials is
10200
number of Z or Y failures is
0
number of X failures is
0
average trial time
119.71992938646014
mu is
0.0
number of trials is
10400
number of Z or Y failures is
0
number of X failures is
0
average trial time
122.14641122827534
mu is
0.0
number of trials is
10600
number of Z or Y failures is
0
number of X failures is
0
average trial time
124.6255721948952
mu is
0.0
number of trials is
10800
number of Z or Y failures is
0
number of X failures is
0
average trial time
127.0500012931202
mu is
0.0
number of trials is
11000
number of Z or Y failures is
0
number of X failures is
0
average trial time
129.50228681180516
mu is
0.0
number of trials is
11200
number of Z or Y failures is
0
number of X failures is
0
average trial time
131.93829864790507
mu is
0.0
number of trials is
11400
number of Z or Y failures is
0
number of X failures is
0
average trial time
134.39793684651008
mu is
0.0
number of trials is
11600
number of Z or Y failures is
0
number of X failures is
0
average trial time
136.8364722012102
mu is
0.0
number of trials is
11800
number of Z or Y failures is
0
number of X failures is
0
average trial time
139.2873210033102
mu is
0.0
number of trials is
12000
number of Z or Y failures is
0
number of X failures is
0
average trial time
141.7237444206403
mu is
0.0
number of trials is
12200
number of Z or Y failures is
0
number of X failures is
0
average trial time
144.19054603775024
mu is
0.0
number of trials is
12400
number of Z or Y failures is
0
number of X failures is
0
average trial time
146.63670242581017
mu is
0.0
number of trials is
12600
number of Z or Y failures is
0
number of X failures is
0
average trial time
149.08356034902516
mu is
0.0
number of trials is
12800
number of Z or Y failures is
0
number of X failures is
0
average trial time
151.5069302483801
mu is
0.0
number of trials is
13000
number of Z or Y failures is
0
number of X failures is
0
average trial time
153.93724652427997
mu is
0.0
number of trials is
13200
number of Z or Y failures is
0
number of X failures is
0
average trial time
156.39455647162504
mu is
0.0
number of trials is
13400
number of Z or Y failures is
0
number of X failures is
0
average trial time
158.8274612385552
mu is
0.0
number of trials is
13600
number of Z or Y failures is
0
number of X failures is
0
average trial time
161.24018998149526
mu is
0.0
number of trials is
13800
number of Z or Y failures is
0
number of X failures is
0
average trial time
163.6962457933051
mu is
0.0
number of trials is
14000
number of Z or Y failures is
0
number of X failures is
0
average trial time
166.11184720010016
mu is
0.0
number of trials is
14200
number of Z or Y failures is
0
number of X failures is
0
average trial time
168.5300611209702
mu is
0.0
number of trials is
14400
number of Z or Y failures is
0
number of X failures is
0
average trial time
170.97196726616042
mu is
0.0
number of trials is
14600
number of Z or Y failures is
0
number of X failures is
0
average trial time
173.38030330332055
mu is
0.0
number of trials is
14800
number of Z or Y failures is
0
number of X failures is
0
average trial time
175.7593991511806
mu is
0.0
number of trials is
15000
number of Z or Y failures is
0
number of X failures is
0
average trial time
178.1893127289704
mu is
0.0
number of trials is
15200
number of Z or Y failures is
0
number of X failures is
0
average trial time
180.6079911032006
mu is
0.0
number of trials is
15400
number of Z or Y failures is
0
number of X failures is
0
average trial time
182.9844052968755
mu is
0.0
number of trials is
15600
number of Z or Y failures is
0
number of X failures is
0
average trial time
185.4034163144858
mu is
0.0
number of trials is
15800
number of Z or Y failures is
0
number of X failures is
0
average trial time
187.8120591031659
mu is
0.0
number of trials is
16000
number of Z or Y failures is
0
number of X failures is
0
average trial time
190.18474167883102
mu is
0.0
number of trials is
16200
number of Z or Y failures is
0
number of X failures is
0
average trial time
192.57987506143616
mu is
0.0
number of trials is
16400
number of Z or Y failures is
0
number of X failures is
0
average trial time
194.97631148662117
mu is
0.0
number of trials is
16600
number of Z or Y failures is
0
number of X failures is
0
average trial time
197.39355828132113
mu is
0.0
number of trials is
16800
number of Z or Y failures is
0
number of X failures is
0
average trial time
199.784160224181
mu is
0.0
number of trials is
17000
number of Z or Y failures is
0
number of X failures is
0
average trial time
202.1740005594659
mu is
0.0
number of trials is
17200
number of Z or Y failures is
0
number of X failures is
0
average trial time
204.5596660037709
mu is
0.0
number of trials is
17400
number of Z or Y failures is
0
number of X failures is
0
average trial time
206.938177304666
mu is
0.0
number of trials is
17600
number of Z or Y failures is
0
number of X failures is
0
average trial time
209.33782404494596
mu is
0.0
number of trials is
17800
number of Z or Y failures is
0
number of X failures is
0
average trial time
211.7124350744607
mu is
0.0
number of trials is
18000
number of Z or Y failures is
0
number of X failures is
0
average trial time
214.11274630498582
mu is
0.0
number of trials is
18200
number of Z or Y failures is
0
number of X failures is
0
average trial time
216.48398112264556
mu is
0.0
number of trials is
18400
number of Z or Y failures is
0
number of X failures is
0
average trial time
218.88289840026053
mu is
0.0
number of trials is
18600
number of Z or Y failures is
0
number of X failures is
0
average trial time
221.25654190433542
mu is
0.0
number of trials is
18800
number of Z or Y failures is
0
number of X failures is
0
average trial time
223.6032410320504
mu is
0.0
number of trials is
19000
number of Z or Y failures is
0
number of X failures is
0
average trial time
226.00201070834547
mu is
0.0
number of trials is
19200
number of Z or Y failures is
0
number of X failures is
0
average trial time
228.36138751770056
mu is
0.0
number of trials is
19400
number of Z or Y failures is
0
number of X failures is
0
average trial time
230.7499377254955
mu is
0.0
number of trials is
19600
number of Z or Y failures is
0
number of X failures is
0
average trial time
233.11003634808546
mu is
0.0
number of trials is
19800
number of Z or Y failures is
0
number of X failures is
0
average trial time
235.50352536843533
mu is
0.0
number of trials is
20000
number of Z or Y failures is
0
number of X failures is
0
average trial time
237.86534091524035
mu is
0.0
number of trials is
20200
number of Z or Y failures is
0
number of X failures is
0
average trial time
240.25815418261013
mu is
0.0
number of trials is
20400
number of Z or Y failures is
0
number of X failures is
0
average trial time
242.60518706483003
mu is
0.0
number of trials is
20600
number of Z or Y failures is
0
number of X failures is
0
average trial time
245.00076304352982
mu is
0.0
number of trials is
20800
number of Z or Y failures is
0
number of X failures is
0
average trial time
247.35154593660485
mu is
0.0
number of trials is
21000
number of Z or Y failures is
0
number of X failures is
0
average trial time
249.75406463773987
mu is
0.0
number of trials is
21200
number of Z or Y failures is
0
number of X failures is
0
average trial time
252.11332559016984
mu is
0.0
number of trials is
21400
number of Z or Y failures is
0
number of X failures is
0
average trial time
254.50186834186
mu is
0.0
number of trials is
21600
number of Z or Y failures is
0
number of X failures is
0
average trial time
256.8622476491599
mu is
0.0
number of trials is
21800
number of Z or Y failures is
0
number of X failures is
0
average trial time
259.2547344107252
mu is
0.0
number of trials is
22000
number of Z or Y failures is
0
number of X failures is
0
average trial time
261.64149569259024
mu is
0.0
number of trials is
22200
number of Z or Y failures is
0
number of X failures is
0
average trial time
263.99415832424535
mu is
0.0
number of trials is
22400
number of Z or Y failures is
0
number of X failures is
0
average trial time
266.39043278044034
mu is
0.0
number of trials is
22600
number of Z or Y failures is
0
number of X failures is
0
average trial time
268.75062887541526
mu is
0.0
number of trials is
22800
number of Z or Y failures is
0
number of X failures is
0
average trial time
271.12001870575523
mu is
0.0
number of trials is
23000
number of Z or Y failures is
0
number of X failures is
0
average trial time
273.4586415642403
mu is
0.0
number of trials is
23200
number of Z or Y failures is
0
number of X failures is
0
average trial time
275.8440706028754
mu is
0.0
number of trials is
23400
number of Z or Y failures is
0
number of X failures is
0
average trial time
278.2177955667504
mu is
0.0
number of trials is
23600
number of Z or Y failures is
0
number of X failures is
0
average trial time
280.57634179962037
mu is
0.0
number of trials is
23800
number of Z or Y failures is
0
number of X failures is
0
average trial time
282.91419107127507
mu is
0.0
number of trials is
24000
number of Z or Y failures is
0
number of X failures is
0
average trial time
285.2701614287599
mu is
0.0
number of trials is
24200
number of Z or Y failures is
0
number of X failures is
0
average trial time
287.65777331620995
mu is
0.0
number of trials is
24400
number of Z or Y failures is
0
number of X failures is
0
average trial time
290.024070449885
mu is
0.0
number of trials is
24600
number of Z or Y failures is
0
number of X failures is
0
average trial time
292.36985053416
mu is
0.0
number of trials is
24800
number of Z or Y failures is
0
number of X failures is
0
average trial time
294.7316599860598
mu is
0.0
number of trials is
25000
number of Z or Y failures is
0
number of X failures is
0
average trial time
297.09947383689484
mu is
0.0
number of trials is
25200
number of Z or Y failures is
0
number of X failures is
0
average trial time
299.4760760911297
mu is
0.0
number of trials is
25400
number of Z or Y failures is
0
number of X failures is
0
average trial time
301.8370070927
mu is
0.0
number of trials is
25600
number of Z or Y failures is
0
number of X failures is
0
average trial time
304.1532256289001
mu is
0.0
number of trials is
25800
number of Z or Y failures is
0
number of X failures is
0
average trial time
306.51890879988014
mu is
0.0
number of trials is
26000
number of Z or Y failures is
0
number of X failures is
0
average trial time
308.8763816171302
mu is
0.0
number of trials is
26200
number of Z or Y failures is
0
number of X failures is
0
average trial time
311.2234451614149
mu is
0.0
number of trials is
26400
number of Z or Y failures is
0
number of X failures is
0
average trial time
313.6161534417052
mu is
0.0
number of trials is
26600
number of Z or Y failures is
0
number of X failures is
0
average trial time
315.9495202189304
mu is
0.0
number of trials is
26800
number of Z or Y failures is
0
number of X failures is
0
average trial time
318.27486698575046
mu is
0.0
number of trials is
27000
number of Z or Y failures is
0
number of X failures is
0
average trial time
320.6367447831753
mu is
0.0
number of trials is
27200
number of Z or Y failures is
0
number of X failures is
0
average trial time
322.9778175539655
mu is
0.0
number of trials is
27400
number of Z or Y failures is
0
number of X failures is
0
average trial time
325.32208641420016
mu is
0.0
number of trials is
27600
number of Z or Y failures is
0
number of X failures is
0
average trial time
327.6692577495503
mu is
0.0
number of trials is
27800
number of Z or Y failures is
0
number of X failures is
0
average trial time
330.0105790351401
mu is
0.0
number of trials is
28000
number of Z or Y failures is
0
number of X failures is
0
average trial time
332.3294897125801
mu is
0.0
number of trials is
28200
number of Z or Y failures is
0
number of X failures is
0
average trial time
334.6390843187756
mu is
0.0
number of trials is
28400
number of Z or Y failures is
0
number of X failures is
0
average trial time
336.9959917426253
mu is
0.0
number of trials is
28600
number of Z or Y failures is
0
number of X failures is
0
average trial time
339.32667195421527
mu is
0.0
number of trials is
28800
number of Z or Y failures is
0
number of X failures is
0
average trial time
341.64061289560567
mu is
0.0
number of trials is
29000
number of Z or Y failures is
0
number of X failures is
0
average trial time
343.9662264054958
mu is
0.0
number of trials is
29200
number of Z or Y failures is
0
number of X failures is
0
average trial time
346.3259889576452
mu is
0.0
number of trials is
29400
number of Z or Y failures is
0
number of X failures is
0
average trial time
348.6675677156802
mu is
0.0
number of trials is
29600
number of Z or Y failures is
0
number of X failures is
0
average trial time
351.0026626541951
mu is
0.0
number of trials is
29800
number of Z or Y failures is
0
number of X failures is
0
average trial time
353.33199539105505
mu is
0.0
number of trials is
30000
number of Z or Y failures is
0
number of X failures is
0
average trial time
355.6592279402753
mu is
0.0
number of trials is
30200
number of Z or Y failures is
0
number of X failures is
0
average trial time
358.0246088463255
mu is
0.0
number of trials is
30400
number of Z or Y failures is
0
number of X failures is
0
average trial time
360.3617952176053
mu is
0.0
number of trials is
30600
number of Z or Y failures is
0
number of X failures is
0
average trial time
362.6892010976902
mu is
0.0
number of trials is
30800
number of Z or Y failures is
0
number of X failures is
0
average trial time
365.0181069046801
mu is
0.0
number of trials is
31000
number of Z or Y failures is
0
number of X failures is
0
average trial time
367.35642823576455
mu is
0.0
number of trials is
31200
number of Z or Y failures is
0
number of X failures is
0
average trial time
369.7208253618791
mu is
0.0
number of trials is
31400
number of Z or Y failures is
0
number of X failures is
0
average trial time
372.09672368465885
mu is
0.0
number of trials is
31600
number of Z or Y failures is
0
number of X failures is
0
average trial time
374.46241184577923
mu is
0.0
number of trials is
31800
number of Z or Y failures is
0
number of X failures is
0
average trial time
376.7852523197247
mu is
0.0
number of trials is
32000
number of Z or Y failures is
0
number of X failures is
0
average trial time
379.0937110446947
mu is
0.0
number of trials is
32200
number of Z or Y failures is
0
number of X failures is
0
average trial time
381.4178087730801
mu is
0.0
number of trials is
32400
number of Z or Y failures is
0
number of X failures is
0
average trial time
383.72890045413993
mu is
0.0
number of trials is
32600
number of Z or Y failures is
0
number of X failures is
0
average trial time
386.05058977711485
mu is
0.0
number of trials is
32800
number of Z or Y failures is
0
number of X failures is
0
average trial time
388.41822834359465
mu is
0.0
number of trials is
33000
number of Z or Y failures is
0
number of X failures is
0
average trial time
390.77698736273015
mu is
0.0
number of trials is
33200
number of Z or Y failures is
0
number of X failures is
0
average trial time
393.096105897255
mu is
0.0
number of trials is
33400
number of Z or Y failures is
0
number of X failures is
0
average trial time
395.4366443439001
mu is
0.0
number of trials is
33600
number of Z or Y failures is
0
number of X failures is
0
average trial time
397.7574972941454
mu is
0.0
number of trials is
33800
number of Z or Y failures is
0
number of X failures is
0
average trial time
400.0773633600553
mu is
0.0
number of trials is
34000
number of Z or Y failures is
0
number of X failures is
0
average trial time
402.4129868151651
mu is
0.0
number of trials is
34200
number of Z or Y failures is
0
number of X failures is
0
average trial time
404.7494076258302
mu is
0.0
number of trials is
34400
number of Z or Y failures is
0
number of X failures is
0
average trial time
407.0654512756152
mu is
0.0
number of trials is
34600
number of Z or Y failures is
0
number of X failures is
0
average trial time
409.38952518179013
mu is
0.0
number of trials is
34800
number of Z or Y failures is
0
number of X failures is
0
average trial time
411.6914099478103
mu is
0.0
number of trials is
35000
number of Z or Y failures is
0
number of X failures is
0
average trial time
414.0303206152299
mu is
0.0
number of trials is
35200
number of Z or Y failures is
0
number of X failures is
0
average trial time
416.3921481141948
mu is
0.0
number of trials is
35400
number of Z or Y failures is
0
number of X failures is
0
average trial time
418.74809735861527
mu is
0.0
number of trials is
35600
number of Z or Y failures is
0
number of X failures is
0
average trial time
421.09124690135036
mu is
0.0
number of trials is
35800
number of Z or Y failures is
0
number of X failures is
0
average trial time
423.4422677866652
mu is
0.0
number of trials is
36000
number of Z or Y failures is
0
number of X failures is
0
average trial time
425.78012140887046
mu is
0.0
number of trials is
36200
number of Z or Y failures is
0
number of X failures is
0
average trial time
428.1122140291061
mu is
0.0
number of trials is
36400
number of Z or Y failures is
0
number of X failures is
0
average trial time
430.42967799938606
mu is
0.0
number of trials is
36600
number of Z or Y failures is
0
number of X failures is
0
average trial time
432.7511672311603
mu is
0.0
number of trials is
36800
number of Z or Y failures is
0
number of X failures is
0
average trial time
435.0466766055955
mu is
0.0
number of trials is
37000
number of Z or Y failures is
0
number of X failures is
0
average trial time
437.3592769845008
mu is
0.0
number of trials is
37200
number of Z or Y failures is
0
number of X failures is
0
average trial time
439.68334589287554
mu is
0.0
number of trials is
37400
number of Z or Y failures is
0
number of X failures is
0
average trial time
441.9831225972456
mu is
0.0
number of trials is
37600
number of Z or Y failures is
0
number of X failures is
0
average trial time
444.3034316787754
mu is
0.0
number of trials is
37800
number of Z or Y failures is
0
number of X failures is
0
average trial time
446.6341905820399
mu is
0.0
number of trials is
38000
number of Z or Y failures is
0
number of X failures is
0
average trial time
448.95437831723973
mu is
0.0
number of trials is
38200
number of Z or Y failures is
0
number of X failures is
0
average trial time
451.25954843978934
mu is
0.0
number of trials is
38400
number of Z or Y failures is
0
number of X failures is
0
average trial time
453.5707523426042
mu is
0.0
number of trials is
38600
number of Z or Y failures is
0
number of X failures is
0
average trial time
455.86260117443373
mu is
0.0
number of trials is
38800
number of Z or Y failures is
0
number of X failures is
0
average trial time
458.1888021049038
mu is
0.0
number of trials is
39000
number of Z or Y failures is
0
number of X failures is
0
average trial time
460.51961156613373
mu is
0.0
number of trials is
39200
number of Z or Y failures is
0
number of X failures is
0
average trial time
462.841464370619
mu is
0.0
number of trials is
39400
number of Z or Y failures is
0
number of X failures is
0
average trial time
465.16290651257367
mu is
0.0
number of trials is
39600
number of Z or Y failures is
0
number of X failures is
0
average trial time
467.4948244581493
mu is
0.0
number of trials is
39800
number of Z or Y failures is
0
number of X failures is
0
average trial time
469.8204161437937
mu is
0.0
number of trials is
40000
number of Z or Y failures is
0
number of X failures is
0
average trial time
472.1370006225094
mu is
0.0
number of trials is
40200
number of Z or Y failures is
0
number of X failures is
0
average trial time
474.5106637702193
mu is
0.0
number of trials is
40400
number of Z or Y failures is
0
number of X failures is
0
average trial time
476.86694565765924
mu is
0.0
number of trials is
40600
number of Z or Y failures is
0
number of X failures is
0
average trial time
479.2065506504039
mu is
0.0
number of trials is
40800
number of Z or Y failures is
0
number of X failures is
0
average trial time
481.5359921514089
mu is
0.0
number of trials is
41000
number of Z or Y failures is
0
number of X failures is
0
average trial time
483.8619375342033
mu is
0.0
number of trials is
41200
number of Z or Y failures is
0
number of X failures is
0
average trial time
486.1705259245781
mu is
0.0
number of trials is
41400
number of Z or Y failures is
0
number of X failures is
0
average trial time
488.48675905919765
mu is
0.0
number of trials is
41600
number of Z or Y failures is
0
number of X failures is
0
average trial time
490.805304443353
mu is
0.0
number of trials is
41800
number of Z or Y failures is
0
number of X failures is
0
average trial time
493.13641065543294
mu is
0.0
number of trials is
42000
number of Z or Y failures is
0
number of X failures is
0
average trial time
495.45008597370264
mu is
0.0
number of trials is
42200
number of Z or Y failures is
0
number of X failures is
0
average trial time
497.7748896984478
mu is
0.0
number of trials is
42400
number of Z or Y failures is
0
number of X failures is
0
average trial time
500.0988216432976
mu is
0.0
number of trials is
42600
number of Z or Y failures is
0
number of X failures is
0
average trial time
502.42031719966695
mu is
0.0
number of trials is
42800
number of Z or Y failures is
0
number of X failures is
0
average trial time
504.7365001572769
mu is
0.0
number of trials is
43000
number of Z or Y failures is
0
number of X failures is
0
average trial time
507.0439807011566
mu is
0.0
number of trials is
43200
number of Z or Y failures is
0
number of X failures is
0
average trial time
509.3818205878914
mu is
0.0
number of trials is
43400
number of Z or Y failures is
0
number of X failures is
0
average trial time
511.68138076603105
mu is
0.0
number of trials is
43600
number of Z or Y failures is
0
number of X failures is
0
average trial time
514.0072760635915
mu is
0.0
number of trials is
43800
number of Z or Y failures is
0
number of X failures is
0
average trial time
516.3396379415165
mu is
0.0
number of trials is
44000
number of Z or Y failures is
0
number of X failures is
0
average trial time
518.673105465476
mu is
0.0
number of trials is
44200
number of Z or Y failures is
0
number of X failures is
0
average trial time
520.9871000819014
mu is
0.0
number of trials is
44400
number of Z or Y failures is
0
number of X failures is
0
average trial time
523.2937192681811
mu is
0.0
number of trials is
44600
number of Z or Y failures is
0
number of X failures is
0
average trial time
525.5920884253959
mu is
0.0
number of trials is
44800
number of Z or Y failures is
0
number of X failures is
0
average trial time
527.8967075992056
The SVD algorithm `"divide_and_conquer"` has thrown an error,
likely because of a convergance failure. You can try
other SVD algorithms that may converge better using the
`alg` (or `svd_alg` if called through `factorize` or MPS/MPO functionality) keyword argument:

 - "divide_and_conquer" is a divide-and-conquer algorithm
   (LAPACK's `gesdd`). It is fast, but may lead to some innacurate
   singular values for very ill-conditioned matrices.
   It also may sometimes fail to converge, leading to errors
   (in which case `"qr_iteration"` or `"recursive"` can be tried).

 - `"qr_iteration"` (LAPACK's `gesvd`) is typically slower 
   than "divide_and_conquer", especially for large matrices,
   but is more accurate for very ill-conditioned matrices 
   compared to `"divide_and_conquer"`.

 - `"recursive"` is ITensor's custom SVD algorithm. It is very
   reliable, but may be slow if high precision is needed.
   To get an `svd` of a matrix `A`, an eigendecomposition of
   ``A^{\dagger} A`` is used to compute `U` and then a `qr` of
   ``A^{\dagger} U`` is used to compute `V`. This is performed
   recursively to compute small singular values.

Returning `nothing`. For an output `F = svd(A, ...)` you can check if
`isnothing(F)` in your code and try a different algorithm.

To suppress this message in the future, you can wrap the `svd` call in the
`@suppress` macro from the `Suppressor` package.

