mu is
0.015
number of trials is
200
number of Z or Y failures is
3
number of X failures is
0
average trial time
4.944691796
mu is
0.0125
number of trials is
400
number of Z or Y failures is
5
number of X failures is
0
average trial time
10.233523147214992
stderr is
0.005562078459710898
target is
0.0012500000000000002
mu is
0.018333333333333333
number of trials is
600
number of Z or Y failures is
11
number of X failures is
0
average trial time
15.488923240254977
stderr is
0.005481372648697909
target is
0.0018333333333333335
mu is
0.02
number of trials is
800
number of Z or Y failures is
16
number of X failures is
0
average trial time
20.94206825107499
stderr is
0.004952843963740575
target is
0.002
mu is
0.018
number of trials is
1000
number of Z or Y failures is
18
number of X failures is
0
average trial time
26.11796349802
stderr is
0.00420638724961144
target is
0.0018
mu is
0.016666666666666666
number of trials is
1200
number of Z or Y failures is
20
number of X failures is
0
average trial time
31.40556194964001
stderr is
0.0036971337644813164
target is
0.0016666666666666668
mu is
0.016428571428571428
number of trials is
1400
number of Z or Y failures is
23
number of X failures is
0
average trial time
36.789879478895
stderr is
0.003398552594132941
target is
0.001642857142857143
mu is
0.016875
number of trials is
1600
number of Z or Y failures is
27
number of X failures is
0
average trial time
41.73565557797002
stderr is
0.0032210838389525
target is
0.0016875000000000002
mu is
0.018333333333333333
number of trials is
1800
number of Z or Y failures is
33
number of X failures is
0
average trial time
46.752909409844996
stderr is
0.0031629123566736736
target is
0.0018333333333333335
mu is
0.019
number of trials is
2000
number of Z or Y failures is
38
number of X failures is
0
average trial time
51.827404082185005
stderr is
0.0030535490958948927
target is
0.0019
mu is
0.017272727272727273
number of trials is
2200
number of Z or Y failures is
38
number of X failures is
0
average trial time
56.70318891168001
stderr is
0.002778333321626746
target is
0.0017272727272727275
mu is
0.016666666666666666
number of trials is
2400
number of Z or Y failures is
40
number of X failures is
0
average trial time
61.87784033859498
stderr is
0.0026137234327576813
target is
0.0016666666666666668
mu is
0.016153846153846154
number of trials is
2600
number of Z or Y failures is
42
number of X failures is
0
average trial time
67.02763555207002
stderr is
0.00247285372470349
target is
0.0016153846153846155
mu is
0.01607142857142857
number of trials is
2800
number of Z or Y failures is
45
number of X failures is
0
average trial time
72.14921156029008
stderr is
0.00237688175993575
target is
0.0016071428571428571
mu is
0.015666666666666666
number of trials is
3000
number of Z or Y failures is
47
number of X failures is
0
average trial time
77.12273249249506
stderr is
0.0022676246267603543
target is
0.0015666666666666667
mu is
0.01625
number of trials is
3200
number of Z or Y failures is
52
number of X failures is
0
average trial time
82.21342560268003
stderr is
0.0022354344283524808
target is
0.0016250000000000001
mu is
0.016176470588235296
number of trials is
3400
number of Z or Y failures is
55
number of X failures is
0
average trial time
87.34975350255996
stderr is
0.0021638388127660094
target is
0.0016176470588235296
mu is
0.01611111111111111
number of trials is
3600
number of Z or Y failures is
58
number of X failures is
0
average trial time
92.39054211667988
stderr is
0.002098673366662357
target is
0.0016111111111111111
mu is
0.016052631578947367
number of trials is
3800
number of Z or Y failures is
61
number of X failures is
0
average trial time
97.4003398500748
stderr is
0.0020390337144438235
target is
0.0016052631578947368
mu is
0.01625
number of trials is
4000
number of Z or Y failures is
65
number of X failures is
0
average trial time
102.52457837949487
stderr is
0.001999370837522765
target is
0.0016250000000000001
65
0
4000
0.01625
