mu is
0.005
number of trials is
200
number of Z or Y failures is
1
number of X failures is
0
average trial time
4.682619697655005
mu is
0.01
number of trials is
400
number of Z or Y failures is
4
number of X failures is
0
average trial time
9.542008909875006
mu is
0.006666666666666667
number of trials is
600
number of Z or Y failures is
4
number of X failures is
0
average trial time
14.557903694554996
mu is
0.01125
number of trials is
800
number of Z or Y failures is
9
number of X failures is
0
average trial time
19.67292069158499
stderr is
0.003731179304020169
target is
0.001125
mu is
0.011
number of trials is
1000
number of Z or Y failures is
11
number of X failures is
0
average trial time
24.661487977634998
stderr is
0.0032999833166078114
target is
0.0011
mu is
0.010833333333333334
number of trials is
1200
number of Z or Y failures is
13
number of X failures is
0
average trial time
29.79424352782504
stderr is
0.0029895525929097364
target is
0.0010833333333333335
mu is
0.01
number of trials is
1400
number of Z or Y failures is
14
number of X failures is
0
average trial time
34.75956837293002
stderr is
0.002660166010287205
target is
0.001
mu is
0.01
number of trials is
1600
number of Z or Y failures is
16
number of X failures is
0
average trial time
39.852256165295024
stderr is
0.002488246291266954
target is
0.001
mu is
0.012222222222222223
number of trials is
1800
number of Z or Y failures is
22
number of X failures is
0
average trial time
44.94317607449002
stderr is
0.002590533017599114
target is
0.0012222222222222224
mu is
0.0125
number of trials is
2000
number of Z or Y failures is
25
number of X failures is
0
average trial time
49.96652251757506
stderr is
0.0024849471787626834
target is
0.0012500000000000002
mu is
0.011363636363636364
number of trials is
2200
number of Z or Y failures is
25
number of X failures is
0
average trial time
54.89694947310012
stderr is
0.0022602909152316174
target is
0.0011363636363636365
mu is
0.010833333333333334
number of trials is
2400
number of Z or Y failures is
26
number of X failures is
0
average trial time
60.05553734343022
stderr is
0.002113492278969759
target is
0.0010833333333333335
mu is
0.011923076923076923
number of trials is
2600
number of Z or Y failures is
31
number of X failures is
0
average trial time
65.16111094107018
stderr is
0.0021290526988055948
target is
0.0011923076923076924
mu is
0.0125
number of trials is
2800
number of Z or Y failures is
35
number of X failures is
0
average trial time
70.27571434324517
stderr is
0.002100013610258895
target is
0.0012500000000000002
mu is
0.013
number of trials is
3000
number of Z or Y failures is
39
number of X failures is
0
average trial time
75.30417348802013
stderr is
0.0020684356751050656
target is
0.0013
mu is
0.013125
number of trials is
3200
number of Z or Y failures is
42
number of X failures is
0
average trial time
80.14797690340517
stderr is
0.002012211421064759
target is
0.0013125
mu is
0.013823529411764707
number of trials is
3400
number of Z or Y failures is
47
number of X failures is
0
average trial time
85.12579274579014
stderr is
0.002002678365927529
target is
0.0013823529411764708
mu is
0.014166666666666666
number of trials is
3600
number of Z or Y failures is
51
number of X failures is
0
average trial time
90.0375835076151
stderr is
0.0019699021927829137
target is
0.0014166666666666668
mu is
0.014473684210526316
number of trials is
3800
number of Z or Y failures is
55
number of X failures is
0
average trial time
95.03346494474499
stderr is
0.0019377110343441778
target is
0.0014473684210526317
mu is
0.01475
number of trials is
4000
number of Z or Y failures is
59
number of X failures is
0
average trial time
99.95724447330016
stderr is
0.0019063100166210813
target is
0.001475
59
0
4000
0.01475
