mu is
0.0
number of trials is
200
number of Z or Y failures is
0
number of X failures is
0
average trial time
2.436062150615
mu is
0.0
number of trials is
400
number of Z or Y failures is
0
number of X failures is
0
average trial time
4.731525142804997
mu is
0.0
number of trials is
600
number of Z or Y failures is
0
number of X failures is
0
average trial time
7.016153413009997
mu is
0.0
number of trials is
800
number of Z or Y failures is
0
number of X failures is
0
average trial time
9.319754001124995
mu is
0.0
number of trials is
1000
number of Z or Y failures is
0
number of X failures is
0
average trial time
11.66285088293501
mu is
0.0
number of trials is
1200
number of Z or Y failures is
0
number of X failures is
0
average trial time
14.043407973770009
mu is
0.0
number of trials is
1400
number of Z or Y failures is
0
number of X failures is
0
average trial time
16.470113982045
mu is
0.0
number of trials is
1600
number of Z or Y failures is
0
number of X failures is
0
average trial time
18.99127618438498
mu is
0.0
number of trials is
1800
number of Z or Y failures is
0
number of X failures is
0
average trial time
21.581863040574962
mu is
0.0
number of trials is
2000
number of Z or Y failures is
0
number of X failures is
0
average trial time
24.199162641729977
mu is
0.0
number of trials is
2200
number of Z or Y failures is
0
number of X failures is
0
average trial time
26.89307224954998
mu is
0.0
number of trials is
2400
number of Z or Y failures is
0
number of X failures is
0
average trial time
29.560693661780025
mu is
0.0
number of trials is
2600
number of Z or Y failures is
0
number of X failures is
0
average trial time
32.26655631963002
mu is
0.0
number of trials is
2800
number of Z or Y failures is
0
number of X failures is
0
average trial time
34.959194023975044
mu is
0.0
number of trials is
3000
number of Z or Y failures is
0
number of X failures is
0
average trial time
37.682946421355076
mu is
0.0
number of trials is
3200
number of Z or Y failures is
0
number of X failures is
0
average trial time
40.43420060927009
mu is
0.0
number of trials is
3400
number of Z or Y failures is
0
number of X failures is
0
average trial time
43.16479473969006
mu is
0.0
number of trials is
3600
number of Z or Y failures is
0
number of X failures is
0
average trial time
45.921033086785044
mu is
0.0
number of trials is
3800
number of Z or Y failures is
0
number of X failures is
0
average trial time
48.66989845799005
mu is
0.0
number of trials is
4000
number of Z or Y failures is
0
number of X failures is
0
average trial time
51.42268802129501
mu is
0.0
number of trials is
4200
number of Z or Y failures is
0
number of X failures is
0
average trial time
54.19404633290002
mu is
0.0
number of trials is
4400
number of Z or Y failures is
0
number of X failures is
0
average trial time
56.981396526989954
mu is
0.0
number of trials is
4600
number of Z or Y failures is
0
number of X failures is
0
average trial time
59.675799255585005
mu is
0.0
number of trials is
4800
number of Z or Y failures is
0
number of X failures is
0
average trial time
62.41460155795997
mu is
0.0
number of trials is
5000
number of Z or Y failures is
0
number of X failures is
0
average trial time
65.17543926053997
mu is
0.0
number of trials is
5200
number of Z or Y failures is
0
number of X failures is
0
average trial time
67.909975911935
mu is
0.0
number of trials is
5400
number of Z or Y failures is
0
number of X failures is
0
average trial time
70.60987561220998
mu is
0.0
number of trials is
5600
number of Z or Y failures is
0
number of X failures is
0
average trial time
73.35874038985999
mu is
0.0
number of trials is
5800
number of Z or Y failures is
0
number of X failures is
0
average trial time
76.04770921977506
mu is
0.0
number of trials is
6000
number of Z or Y failures is
0
number of X failures is
0
average trial time
78.77166238104999
mu is
0.0
number of trials is
6200
number of Z or Y failures is
0
number of X failures is
0
average trial time
81.47156771890997
mu is
0.0
number of trials is
6400
number of Z or Y failures is
0
number of X failures is
0
average trial time
84.14501375510494
mu is
0.0
number of trials is
6600
number of Z or Y failures is
0
number of X failures is
0
average trial time
86.82509982921994
mu is
0.0
number of trials is
6800
number of Z or Y failures is
0
number of X failures is
0
average trial time
89.4736158650699
mu is
0.0
number of trials is
7000
number of Z or Y failures is
0
number of X failures is
0
average trial time
92.12399048677987
mu is
0.0
number of trials is
7200
number of Z or Y failures is
0
number of X failures is
0
average trial time
94.84634776448485
mu is
0.0
number of trials is
7400
number of Z or Y failures is
0
number of X failures is
0
average trial time
97.55840811371984
mu is
0.0
number of trials is
7600
number of Z or Y failures is
0
number of X failures is
0
average trial time
100.22010547299475
mu is
0.0
number of trials is
7800
number of Z or Y failures is
0
number of X failures is
0
average trial time
102.8987600407848
mu is
0.0
number of trials is
8000
number of Z or Y failures is
0
number of X failures is
0
average trial time
105.49369492529489
mu is
0.0
number of trials is
8200
number of Z or Y failures is
0
number of X failures is
0
average trial time
108.17800257536993
mu is
0.0
number of trials is
8400
number of Z or Y failures is
0
number of X failures is
0
average trial time
110.80596091696992
mu is
0.0
number of trials is
8600
number of Z or Y failures is
0
number of X failures is
0
average trial time
113.47328947757492
mu is
0.0
number of trials is
8800
number of Z or Y failures is
0
number of X failures is
0
average trial time
116.109074462515
mu is
0.0
number of trials is
9000
number of Z or Y failures is
0
number of X failures is
0
average trial time
118.78375194119003
mu is
0.0
number of trials is
9200
number of Z or Y failures is
0
number of X failures is
0
average trial time
121.40506452779508
mu is
0.0
number of trials is
9400
number of Z or Y failures is
0
number of X failures is
0
average trial time
124.06005546458513
mu is
0.0
number of trials is
9600
number of Z or Y failures is
0
number of X failures is
0
average trial time
126.72096818518014
mu is
0.0
number of trials is
9800
number of Z or Y failures is
0
number of X failures is
0
average trial time
129.3888461002201
mu is
0.0
number of trials is
10000
number of Z or Y failures is
0
number of X failures is
0
average trial time
131.99791490895507
mu is
0.0
number of trials is
10200
number of Z or Y failures is
0
number of X failures is
0
average trial time
134.62287162273006
mu is
0.0
number of trials is
10400
number of Z or Y failures is
0
number of X failures is
0
average trial time
137.1977023985299
mu is
0.0
number of trials is
10600
number of Z or Y failures is
0
number of X failures is
0
average trial time
139.81577220354504
mu is
0.0
number of trials is
10800
number of Z or Y failures is
0
number of X failures is
0
average trial time
142.516798010425
mu is
0.0
number of trials is
11000
number of Z or Y failures is
0
number of X failures is
0
average trial time
145.09901273947492
mu is
0.0
number of trials is
11200
number of Z or Y failures is
0
number of X failures is
0
average trial time
147.70070555993988
mu is
0.0
number of trials is
11400
number of Z or Y failures is
0
number of X failures is
0
average trial time
150.3041236717499
mu is
8.620689655172413e-5
number of trials is
11600
number of Z or Y failures is
1
number of X failures is
0
average trial time
152.93650480754
mu is
8.474576271186441e-5
number of trials is
11800
number of Z or Y failures is
1
number of X failures is
0
average trial time
155.56775158844997
mu is
8.333333333333333e-5
number of trials is
12000
number of Z or Y failures is
1
number of X failures is
0
average trial time
158.132935268575
mu is
8.19672131147541e-5
number of trials is
12200
number of Z or Y failures is
1
number of X failures is
0
average trial time
160.69325667742996
mu is
8.064516129032258e-5
number of trials is
12400
number of Z or Y failures is
1
number of X failures is
0
average trial time
163.28055702206493
mu is
7.936507936507937e-5
number of trials is
12600
number of Z or Y failures is
1
number of X failures is
0
average trial time
165.9213526847698
mu is
7.8125e-5
number of trials is
12800
number of Z or Y failures is
1
number of X failures is
0
average trial time
168.4826643506798
mu is
7.692307692307693e-5
number of trials is
13000
number of Z or Y failures is
1
number of X failures is
0
average trial time
171.03641703296984
mu is
7.575757575757576e-5
number of trials is
13200
number of Z or Y failures is
1
number of X failures is
0
average trial time
173.6427069903049
mu is
7.462686567164179e-5
number of trials is
13400
number of Z or Y failures is
1
number of X failures is
0
average trial time
176.2684208573349
mu is
7.352941176470588e-5
number of trials is
13600
number of Z or Y failures is
1
number of X failures is
0
average trial time
178.81037411796973
mu is
7.246376811594203e-5
number of trials is
13800
number of Z or Y failures is
1
number of X failures is
0
average trial time
181.3860613346647
mu is
7.142857142857143e-5
number of trials is
14000
number of Z or Y failures is
1
number of X failures is
0
average trial time
184.01656471007482
mu is
7.042253521126761e-5
number of trials is
14200
number of Z or Y failures is
1
number of X failures is
0
average trial time
186.60990247625483
mu is
6.944444444444444e-5
number of trials is
14400
number of Z or Y failures is
1
number of X failures is
0
average trial time
189.20616744275992
mu is
6.84931506849315e-5
number of trials is
14600
number of Z or Y failures is
1
number of X failures is
0
average trial time
191.7497765234601
mu is
6.756756756756757e-5
number of trials is
14800
number of Z or Y failures is
1
number of X failures is
0
average trial time
194.3374607830353
mu is
6.666666666666667e-5
number of trials is
15000
number of Z or Y failures is
1
number of X failures is
0
average trial time
196.87910923838524
mu is
6.578947368421052e-5
number of trials is
15200
number of Z or Y failures is
1
number of X failures is
0
average trial time
199.4554319438902
mu is
6.493506493506494e-5
number of trials is
15400
number of Z or Y failures is
1
number of X failures is
0
average trial time
202.04019638921534
mu is
6.41025641025641e-5
number of trials is
15600
number of Z or Y failures is
1
number of X failures is
0
average trial time
204.60870008193527
mu is
6.329113924050633e-5
number of trials is
15800
number of Z or Y failures is
1
number of X failures is
0
average trial time
207.18526688728514
mu is
6.25e-5
number of trials is
16000
number of Z or Y failures is
1
number of X failures is
0
average trial time
209.73444330093028
mu is
6.17283950617284e-5
number of trials is
16200
number of Z or Y failures is
1
number of X failures is
0
average trial time
212.2807390201503
mu is
6.097560975609756e-5
number of trials is
16400
number of Z or Y failures is
1
number of X failures is
0
average trial time
214.80963151608034
mu is
6.0240963855421684e-5
number of trials is
16600
number of Z or Y failures is
1
number of X failures is
0
average trial time
217.3749167913052
mu is
5.9523809523809524e-5
number of trials is
16800
number of Z or Y failures is
1
number of X failures is
0
average trial time
219.93499113530504
mu is
5.882352941176471e-5
number of trials is
17000
number of Z or Y failures is
1
number of X failures is
0
average trial time
222.50819629110003
mu is
5.8139534883720933e-5
number of trials is
17200
number of Z or Y failures is
1
number of X failures is
0
average trial time
225.06213109054016
mu is
5.747126436781609e-5
number of trials is
17400
number of Z or Y failures is
1
number of X failures is
0
average trial time
227.66038636988998
mu is
5.681818181818182e-5
number of trials is
17600
number of Z or Y failures is
1
number of X failures is
0
average trial time
230.2544805648648
mu is
5.617977528089888e-5
number of trials is
17800
number of Z or Y failures is
1
number of X failures is
0
average trial time
232.80939922849993
mu is
5.555555555555556e-5
number of trials is
18000
number of Z or Y failures is
1
number of X failures is
0
average trial time
235.36302127514972
mu is
5.4945054945054945e-5
number of trials is
18200
number of Z or Y failures is
1
number of X failures is
0
average trial time
237.95285170039463
mu is
5.4347826086956524e-5
number of trials is
18400
number of Z or Y failures is
1
number of X failures is
0
average trial time
240.5118259240997
mu is
5.3763440860215054e-5
number of trials is
18600
number of Z or Y failures is
1
number of X failures is
0
average trial time
243.08764621552967
mu is
5.319148936170213e-5
number of trials is
18800
number of Z or Y failures is
1
number of X failures is
0
average trial time
245.58715371408442
mu is
5.2631578947368424e-5
number of trials is
19000
number of Z or Y failures is
1
number of X failures is
0
average trial time
248.1405311201543
mu is
5.208333333333334e-5
number of trials is
19200
number of Z or Y failures is
1
number of X failures is
0
average trial time
250.66857683220442
mu is
5.154639175257732e-5
number of trials is
19400
number of Z or Y failures is
1
number of X failures is
0
average trial time
253.22182845797462
mu is
5.102040816326531e-5
number of trials is
19600
number of Z or Y failures is
1
number of X failures is
0
average trial time
255.76446893003944
mu is
5.0505050505050505e-5
number of trials is
19800
number of Z or Y failures is
1
number of X failures is
0
average trial time
258.2887031211646
mu is
5.0e-5
number of trials is
20000
number of Z or Y failures is
1
number of X failures is
0
average trial time
260.8041648771248
mu is
4.950495049504951e-5
number of trials is
20200
number of Z or Y failures is
1
number of X failures is
0
average trial time
263.32683882628487
mu is
4.901960784313725e-5
number of trials is
20400
number of Z or Y failures is
1
number of X failures is
0
average trial time
265.85738634683474
mu is
4.854368932038835e-5
number of trials is
20600
number of Z or Y failures is
1
number of X failures is
0
average trial time
268.37108808261473
mu is
4.807692307692308e-5
number of trials is
20800
number of Z or Y failures is
1
number of X failures is
0
average trial time
270.88807156229467
mu is
4.761904761904762e-5
number of trials is
21000
number of Z or Y failures is
1
number of X failures is
0
average trial time
273.3885170580945
mu is
4.7169811320754715e-5
number of trials is
21200
number of Z or Y failures is
1
number of X failures is
0
average trial time
275.9184769909996
mu is
4.672897196261682e-5
number of trials is
21400
number of Z or Y failures is
1
number of X failures is
0
average trial time
278.4248856180046
mu is
4.6296296296296294e-5
number of trials is
21600
number of Z or Y failures is
1
number of X failures is
0
average trial time
280.9679572775998
mu is
4.587155963302752e-5
number of trials is
21800
number of Z or Y failures is
1
number of X failures is
0
average trial time
283.4988706147202
mu is
4.545454545454545e-5
number of trials is
22000
number of Z or Y failures is
1
number of X failures is
0
average trial time
286.06845955803004
mu is
4.5045045045045046e-5
number of trials is
22200
number of Z or Y failures is
1
number of X failures is
0
average trial time
288.6515365272351
mu is
4.464285714285714e-5
number of trials is
22400
number of Z or Y failures is
1
number of X failures is
0
average trial time
291.1975838964601
mu is
4.424778761061947e-5
number of trials is
22600
number of Z or Y failures is
1
number of X failures is
0
average trial time
293.7342934656298
mu is
4.3859649122807014e-5
number of trials is
22800
number of Z or Y failures is
1
number of X failures is
0
average trial time
296.32157616786486
mu is
4.347826086956522e-5
number of trials is
23000
number of Z or Y failures is
1
number of X failures is
0
average trial time
298.8855542223901
mu is
4.3103448275862066e-5
number of trials is
23200
number of Z or Y failures is
1
number of X failures is
0
average trial time
301.440693862565
mu is
4.2735042735042735e-5
number of trials is
23400
number of Z or Y failures is
1
number of X failures is
0
average trial time
304.0077617580352
mu is
4.2372881355932206e-5
number of trials is
23600
number of Z or Y failures is
1
number of X failures is
0
average trial time
306.5199203223701
mu is
4.201680672268908e-5
number of trials is
23800
number of Z or Y failures is
1
number of X failures is
0
average trial time
309.0671626865301
mu is
4.1666666666666665e-5
number of trials is
24000
number of Z or Y failures is
1
number of X failures is
0
average trial time
311.5859150979952
mu is
4.132231404958678e-5
number of trials is
24200
number of Z or Y failures is
1
number of X failures is
0
average trial time
314.1237983468001
mu is
4.098360655737705e-5
number of trials is
24400
number of Z or Y failures is
1
number of X failures is
0
average trial time
316.64248664747504
mu is
4.065040650406504e-5
number of trials is
24600
number of Z or Y failures is
1
number of X failures is
0
average trial time
319.17135980856546
mu is
4.032258064516129e-5
number of trials is
24800
number of Z or Y failures is
1
number of X failures is
0
average trial time
321.6998338993152
mu is
4.0e-5
number of trials is
25000
number of Z or Y failures is
1
number of X failures is
0
average trial time
324.196660748585
mu is
3.968253968253968e-5
number of trials is
25200
number of Z or Y failures is
1
number of X failures is
0
average trial time
326.75485530236966
mu is
3.937007874015748e-5
number of trials is
25400
number of Z or Y failures is
1
number of X failures is
0
average trial time
329.2861380702743
mu is
3.90625e-5
number of trials is
25600
number of Z or Y failures is
1
number of X failures is
0
average trial time
331.81518091343963
mu is
3.875968992248062e-5
number of trials is
25800
number of Z or Y failures is
1
number of X failures is
0
average trial time
334.3243822616498
mu is
3.846153846153846e-5
number of trials is
26000
number of Z or Y failures is
1
number of X failures is
0
average trial time
336.8575145602649
mu is
3.816793893129771e-5
number of trials is
26200
number of Z or Y failures is
1
number of X failures is
0
average trial time
339.4046101933902
mu is
3.787878787878788e-5
number of trials is
26400
number of Z or Y failures is
1
number of X failures is
0
average trial time
341.93140566945
mu is
3.759398496240601e-5
number of trials is
26600
number of Z or Y failures is
1
number of X failures is
0
average trial time
344.4688218665299
mu is
3.7313432835820896e-5
number of trials is
26800
number of Z or Y failures is
1
number of X failures is
0
average trial time
346.97100614603437
mu is
3.7037037037037037e-5
number of trials is
27000
number of Z or Y failures is
1
number of X failures is
0
average trial time
349.49628867376936
mu is
3.676470588235294e-5
number of trials is
27200
number of Z or Y failures is
1
number of X failures is
0
average trial time
352.03369400900925
mu is
3.649635036496351e-5
number of trials is
27400
number of Z or Y failures is
1
number of X failures is
0
average trial time
354.56788018448475
mu is
3.6231884057971014e-5
number of trials is
27600
number of Z or Y failures is
1
number of X failures is
0
average trial time
357.09291620646485
mu is
3.597122302158273e-5
number of trials is
27800
number of Z or Y failures is
1
number of X failures is
0
average trial time
359.63896080147964
mu is
3.571428571428572e-5
number of trials is
28000
number of Z or Y failures is
1
number of X failures is
0
average trial time
362.1415551704591
mu is
3.546099290780142e-5
number of trials is
28200
number of Z or Y failures is
1
number of X failures is
0
average trial time
364.647878588664
mu is
3.5211267605633805e-5
number of trials is
28400
number of Z or Y failures is
1
number of X failures is
0
average trial time
367.16839837031443
mu is
3.4965034965034965e-5
number of trials is
28600
number of Z or Y failures is
1
number of X failures is
0
average trial time
369.6948062171093
mu is
3.472222222222222e-5
number of trials is
28800
number of Z or Y failures is
1
number of X failures is
0
average trial time
372.2255396537046
mu is
3.4482758620689657e-5
number of trials is
29000
number of Z or Y failures is
1
number of X failures is
0
average trial time
374.75119651404947
mu is
3.424657534246575e-5
number of trials is
29200
number of Z or Y failures is
1
number of X failures is
0
average trial time
377.27955662949955
mu is
3.401360544217687e-5
number of trials is
29400
number of Z or Y failures is
1
number of X failures is
0
average trial time
379.7816127600147
mu is
3.3783783783783784e-5
number of trials is
29600
number of Z or Y failures is
1
number of X failures is
0
average trial time
382.3004156961444
mu is
3.355704697986577e-5
number of trials is
29800
number of Z or Y failures is
1
number of X failures is
0
average trial time
384.80722924138433
mu is
3.3333333333333335e-5
number of trials is
30000
number of Z or Y failures is
1
number of X failures is
0
average trial time
387.36000801961467
mu is
3.3112582781456954e-5
number of trials is
30200
number of Z or Y failures is
1
number of X failures is
0
average trial time
389.9037150497646
mu is
3.289473684210526e-5
number of trials is
30400
number of Z or Y failures is
1
number of X failures is
0
average trial time
392.4846539035792
mu is
3.2679738562091506e-5
number of trials is
30600
number of Z or Y failures is
1
number of X failures is
0
average trial time
395.02941250272886
mu is
3.246753246753247e-5
number of trials is
30800
number of Z or Y failures is
1
number of X failures is
0
average trial time
397.55987106067914
mu is
3.2258064516129034e-5
number of trials is
31000
number of Z or Y failures is
1
number of X failures is
0
average trial time
400.1129466224684
mu is
3.205128205128205e-5
number of trials is
31200
number of Z or Y failures is
1
number of X failures is
0
average trial time
402.64138520425337
mu is
3.184713375796178e-5
number of trials is
31400
number of Z or Y failures is
1
number of X failures is
0
average trial time
405.17316065538375
mu is
3.1645569620253167e-5
number of trials is
31600
number of Z or Y failures is
1
number of X failures is
0
average trial time
407.7114376022733
mu is
3.144654088050314e-5
number of trials is
31800
number of Z or Y failures is
1
number of X failures is
0
average trial time
410.2747035814131
mu is
3.125e-5
number of trials is
32000
number of Z or Y failures is
1
number of X failures is
0
average trial time
412.78146132835377
mu is
3.1055900621118014e-5
number of trials is
32200
number of Z or Y failures is
1
number of X failures is
0
average trial time
415.3203620113686
mu is
3.08641975308642e-5
number of trials is
32400
number of Z or Y failures is
1
number of X failures is
0
average trial time
417.8555280339391
mu is
3.067484662576687e-5
number of trials is
32600
number of Z or Y failures is
1
number of X failures is
0
average trial time
420.35327065348395
mu is
3.048780487804878e-5
number of trials is
32800
number of Z or Y failures is
1
number of X failures is
0
average trial time
422.89781162111854
mu is
3.0303030303030302e-5
number of trials is
33000
number of Z or Y failures is
1
number of X failures is
0
average trial time
425.40089084484805
mu is
3.0120481927710842e-5
number of trials is
33200
number of Z or Y failures is
1
number of X failures is
0
average trial time
427.9319519576332
mu is
2.994011976047904e-5
number of trials is
33400
number of Z or Y failures is
1
number of X failures is
0
average trial time
430.44697241303294
mu is
2.9761904761904762e-5
number of trials is
33600
number of Z or Y failures is
1
number of X failures is
0
average trial time
432.9895129440579
mu is
2.9585798816568047e-5
number of trials is
33800
number of Z or Y failures is
1
number of X failures is
0
average trial time
435.52136528377304
mu is
2.9411764705882354e-5
number of trials is
34000
number of Z or Y failures is
1
number of X failures is
0
average trial time
438.0384135453134
mu is
2.9239766081871346e-5
number of trials is
34200
number of Z or Y failures is
1
number of X failures is
0
average trial time
440.5478499152185
mu is
2.9069767441860467e-5
number of trials is
34400
number of Z or Y failures is
1
number of X failures is
0
average trial time
443.07074829211905
mu is
2.8901734104046242e-5
number of trials is
34600
number of Z or Y failures is
1
number of X failures is
0
average trial time
445.58538532746354
mu is
2.8735632183908045e-5
number of trials is
34800
number of Z or Y failures is
1
number of X failures is
0
average trial time
448.10780438986313
mu is
2.857142857142857e-5
number of trials is
35000
number of Z or Y failures is
1
number of X failures is
0
average trial time
450.61718983232845
mu is
2.840909090909091e-5
number of trials is
35200
number of Z or Y failures is
1
number of X failures is
0
average trial time
453.1307066133636
mu is
2.824858757062147e-5
number of trials is
35400
number of Z or Y failures is
1
number of X failures is
0
average trial time
455.6525045266542
mu is
2.808988764044944e-5
number of trials is
35600
number of Z or Y failures is
1
number of X failures is
0
average trial time
458.20291998275917
mu is
2.793296089385475e-5
number of trials is
35800
number of Z or Y failures is
1
number of X failures is
0
average trial time
460.725099909864
mu is
2.777777777777778e-5
number of trials is
36000
number of Z or Y failures is
1
number of X failures is
0
average trial time
463.2432286695288
mu is
2.7624309392265193e-5
number of trials is
36200
number of Z or Y failures is
1
number of X failures is
0
average trial time
465.7438477186435
mu is
2.7472527472527473e-5
number of trials is
36400
number of Z or Y failures is
1
number of X failures is
0
average trial time
468.2564636410941
mu is
2.73224043715847e-5
number of trials is
36600
number of Z or Y failures is
1
number of X failures is
0
average trial time
470.7773012384498
mu is
2.7173913043478262e-5
number of trials is
36800
number of Z or Y failures is
1
number of X failures is
0
average trial time
473.2939331190853
mu is
2.7027027027027027e-5
number of trials is
37000
number of Z or Y failures is
1
number of X failures is
0
average trial time
475.8132056187402
mu is
2.6881720430107527e-5
number of trials is
37200
number of Z or Y failures is
1
number of X failures is
0
average trial time
478.33850968922013
mu is
2.67379679144385e-5
number of trials is
37400
number of Z or Y failures is
1
number of X failures is
0
average trial time
480.875353084075
mu is
2.6595744680851064e-5
number of trials is
37600
number of Z or Y failures is
1
number of X failures is
0
average trial time
483.4028861942697
mu is
2.6455026455026456e-5
number of trials is
37800
number of Z or Y failures is
1
number of X failures is
0
average trial time
485.9077974395601
mu is
2.6315789473684212e-5
number of trials is
38000
number of Z or Y failures is
1
number of X failures is
0
average trial time
488.4289650286298
mu is
2.6178010471204188e-5
number of trials is
38200
number of Z or Y failures is
1
number of X failures is
0
average trial time
490.96382750783994
mu is
2.604166666666667e-5
number of trials is
38400
number of Z or Y failures is
1
number of X failures is
0
average trial time
493.49494710528984
mu is
2.5906735751295337e-5
number of trials is
38600
number of Z or Y failures is
1
number of X failures is
0
average trial time
496.020241855335
mu is
2.577319587628866e-5
number of trials is
38800
number of Z or Y failures is
1
number of X failures is
0
average trial time
498.5333884761047
mu is
2.564102564102564e-5
number of trials is
39000
number of Z or Y failures is
1
number of X failures is
0
average trial time
501.0811344133045
mu is
2.5510204081632654e-5
number of trials is
39200
number of Z or Y failures is
1
number of X failures is
0
average trial time
503.5792066281343
mu is
2.5380710659898476e-5
number of trials is
39400
number of Z or Y failures is
1
number of X failures is
0
average trial time
506.09145619677446
mu is
2.5252525252525253e-5
number of trials is
39600
number of Z or Y failures is
1
number of X failures is
0
average trial time
508.5881967316193
mu is
2.5125628140703518e-5
number of trials is
39800
number of Z or Y failures is
1
number of X failures is
0
average trial time
511.0953044567798
mu is
2.5e-5
number of trials is
40000
number of Z or Y failures is
1
number of X failures is
0
average trial time
513.6127661389098
mu is
2.4875621890547263e-5
number of trials is
40200
number of Z or Y failures is
1
number of X failures is
0
average trial time
516.1051313473902
mu is
2.4752475247524754e-5
number of trials is
40400
number of Z or Y failures is
1
number of X failures is
0
average trial time
518.5136519869952
mu is
2.4630541871921184e-5
number of trials is
40600
number of Z or Y failures is
1
number of X failures is
0
average trial time
520.8747081787707
mu is
2.4509803921568626e-5
number of trials is
40800
number of Z or Y failures is
1
number of X failures is
0
average trial time
523.2198258242954
mu is
2.4390243902439026e-5
number of trials is
41000
number of Z or Y failures is
1
number of X failures is
0
average trial time
525.5689377485601
mu is
2.4271844660194176e-5
number of trials is
41200
number of Z or Y failures is
1
number of X failures is
0
average trial time
527.9028909776499
mu is
2.4154589371980676e-5
number of trials is
41400
number of Z or Y failures is
1
number of X failures is
0
average trial time
530.2436191826353
mu is
2.403846153846154e-5
number of trials is
41600
number of Z or Y failures is
1
number of X failures is
0
average trial time
532.5944744390453
mu is
2.3923444976076556e-5
number of trials is
41800
number of Z or Y failures is
1
number of X failures is
0
average trial time
534.9470441810752
mu is
2.380952380952381e-5
number of trials is
42000
number of Z or Y failures is
1
number of X failures is
0
average trial time
537.3009767866747
mu is
2.3696682464454976e-5
number of trials is
42200
number of Z or Y failures is
1
number of X failures is
0
average trial time
539.6241989573103
mu is
2.3584905660377357e-5
number of trials is
42400
number of Z or Y failures is
1
number of X failures is
0
average trial time
541.9614405272202
mu is
2.347417840375587e-5
number of trials is
42600
number of Z or Y failures is
1
number of X failures is
0
average trial time
544.2906594244251
mu is
2.336448598130841e-5
number of trials is
42800
number of Z or Y failures is
1
number of X failures is
0
average trial time
546.6431266302301
mu is
2.325581395348837e-5
number of trials is
43000
number of Z or Y failures is
1
number of X failures is
0
average trial time
548.9848121997745
mu is
2.3148148148148147e-5
number of trials is
43200
number of Z or Y failures is
1
number of X failures is
0
average trial time
551.3390468222346
mu is
2.304147465437788e-5
number of trials is
43400
number of Z or Y failures is
1
number of X failures is
0
average trial time
553.7194440751945
mu is
2.293577981651376e-5
number of trials is
43600
number of Z or Y failures is
1
number of X failures is
0
average trial time
556.0637593224192
mu is
2.2831050228310503e-5
number of trials is
43800
number of Z or Y failures is
1
number of X failures is
0
average trial time
558.413587782879
mu is
4.545454545454545e-5
number of trials is
44000
number of Z or Y failures is
2
number of X failures is
0
average trial time
560.7724115474291
mu is
4.524886877828054e-5
number of trials is
44200
number of Z or Y failures is
2
number of X failures is
0
average trial time
563.1119250699044
mu is
4.5045045045045046e-5
number of trials is
44400
number of Z or Y failures is
2
number of X failures is
0
average trial time
565.4394377288892
mu is
4.484304932735426e-5
number of trials is
44600
number of Z or Y failures is
2
number of X failures is
0
average trial time
567.781828723184
mu is
4.464285714285714e-5
number of trials is
44800
number of Z or Y failures is
2
number of X failures is
0
average trial time
570.1498064416744
mu is
4.4444444444444447e-5
number of trials is
45000
number of Z or Y failures is
2
number of X failures is
0
average trial time
572.4851994462142
mu is
4.424778761061947e-5
number of trials is
45200
number of Z or Y failures is
2
number of X failures is
0
average trial time
574.8269225709944
mu is
4.405286343612335e-5
number of trials is
45400
number of Z or Y failures is
2
number of X failures is
0
average trial time
577.1675447630945
mu is
4.3859649122807014e-5
number of trials is
45600
number of Z or Y failures is
2
number of X failures is
0
average trial time
579.5100530303095
mu is
4.3668122270742355e-5
number of trials is
45800
number of Z or Y failures is
2
number of X failures is
0
average trial time
581.8283194660743
mu is
4.347826086956522e-5
number of trials is
46000
number of Z or Y failures is
2
number of X failures is
0
average trial time
584.1522576722294
2
0
46000
4.347826086956522e-5
