mu is
0.0
number of trials is
200
number of Z or Y failures is
0
number of X failures is
0
average trial time
2.4586939192950004
mu is
0.0
number of trials is
400
number of Z or Y failures is
0
number of X failures is
0
average trial time
4.757469406464999
mu is
0.0
number of trials is
600
number of Z or Y failures is
0
number of X failures is
0
average trial time
7.054823489924994
mu is
0.0
number of trials is
800
number of Z or Y failures is
0
number of X failures is
0
average trial time
9.34606317276
mu is
0.0
number of trials is
1000
number of Z or Y failures is
0
number of X failures is
0
average trial time
11.673927081174995
mu is
0.0
number of trials is
1200
number of Z or Y failures is
0
number of X failures is
0
average trial time
14.072306304480014
mu is
0.0
number of trials is
1400
number of Z or Y failures is
0
number of X failures is
0
average trial time
16.52916523500501
mu is
0.0
number of trials is
1600
number of Z or Y failures is
0
number of X failures is
0
average trial time
19.055586335780006
mu is
0.0
number of trials is
1800
number of Z or Y failures is
0
number of X failures is
0
average trial time
21.634907786990006
mu is
0.0
number of trials is
2000
number of Z or Y failures is
0
number of X failures is
0
average trial time
24.25422145003502
mu is
0.0
number of trials is
2200
number of Z or Y failures is
0
number of X failures is
0
average trial time
26.967542289990014
mu is
0.0
number of trials is
2400
number of Z or Y failures is
0
number of X failures is
0
average trial time
29.644185776
mu is
0.0
number of trials is
2600
number of Z or Y failures is
0
number of X failures is
0
average trial time
32.389281105075014
mu is
0.0
number of trials is
2800
number of Z or Y failures is
0
number of X failures is
0
average trial time
35.18228265166501
mu is
0.0
number of trials is
3000
number of Z or Y failures is
0
number of X failures is
0
average trial time
37.934209309655024
mu is
0.0
number of trials is
3200
number of Z or Y failures is
0
number of X failures is
0
average trial time
40.75251824411503
mu is
0.0
number of trials is
3400
number of Z or Y failures is
0
number of X failures is
0
average trial time
43.53603044036008
mu is
0.0002777777777777778
number of trials is
3600
number of Z or Y failures is
1
number of X failures is
0
average trial time
46.31515493823002
mu is
0.0002631578947368421
number of trials is
3800
number of Z or Y failures is
1
number of X failures is
0
average trial time
49.07937987124497
mu is
0.00025
number of trials is
4000
number of Z or Y failures is
1
number of X failures is
0
average trial time
51.889579769430036
mu is
0.0002380952380952381
number of trials is
4200
number of Z or Y failures is
1
number of X failures is
0
average trial time
54.63002173279002
mu is
0.00022727272727272727
number of trials is
4400
number of Z or Y failures is
1
number of X failures is
0
average trial time
57.381101162904976
mu is
0.0002173913043478261
number of trials is
4600
number of Z or Y failures is
1
number of X failures is
0
average trial time
60.170123464960035
mu is
0.00020833333333333335
number of trials is
4800
number of Z or Y failures is
1
number of X failures is
0
average trial time
62.89051943159504
mu is
0.0002
number of trials is
5000
number of Z or Y failures is
1
number of X failures is
0
average trial time
65.63658406411506
mu is
0.0001923076923076923
number of trials is
5200
number of Z or Y failures is
1
number of X failures is
0
average trial time
68.37303310898504
mu is
0.00018518518518518518
number of trials is
5400
number of Z or Y failures is
1
number of X failures is
0
average trial time
71.05949768737504
mu is
0.00017857142857142857
number of trials is
5600
number of Z or Y failures is
1
number of X failures is
0
average trial time
73.82125497653502
mu is
0.00017241379310344826
number of trials is
5800
number of Z or Y failures is
1
number of X failures is
0
average trial time
76.5177358385
mu is
0.0003333333333333333
number of trials is
6000
number of Z or Y failures is
2
number of X failures is
0
average trial time
79.22489117526507
mu is
0.0004838709677419355
number of trials is
6200
number of Z or Y failures is
3
number of X failures is
0
average trial time
81.93505044579999
mu is
0.00046875
number of trials is
6400
number of Z or Y failures is
3
number of X failures is
0
average trial time
84.62308847561513
mu is
0.00045454545454545455
number of trials is
6600
number of Z or Y failures is
3
number of X failures is
0
average trial time
87.32326898179019
mu is
0.0004411764705882353
number of trials is
6800
number of Z or Y failures is
3
number of X failures is
0
average trial time
90.0047102451802
mu is
0.00042857142857142855
number of trials is
7000
number of Z or Y failures is
3
number of X failures is
0
average trial time
92.68937398910039
mu is
0.0004166666666666667
number of trials is
7200
number of Z or Y failures is
3
number of X failures is
0
average trial time
95.33457662148028
mu is
0.0004054054054054054
number of trials is
7400
number of Z or Y failures is
3
number of X failures is
0
average trial time
98.0063437134903
mu is
0.00039473684210526315
number of trials is
7600
number of Z or Y failures is
3
number of X failures is
0
average trial time
100.67192265902048
mu is
0.0003846153846153846
number of trials is
7800
number of Z or Y failures is
3
number of X failures is
0
average trial time
103.34706704760039
mu is
0.0005
number of trials is
8000
number of Z or Y failures is
4
number of X failures is
0
average trial time
106.0512540309255
mu is
0.0004878048780487805
number of trials is
8200
number of Z or Y failures is
4
number of X failures is
0
average trial time
108.69268516419555
mu is
0.0004761904761904762
number of trials is
8400
number of Z or Y failures is
4
number of X failures is
0
average trial time
111.38490699734064
mu is
0.00046511627906976747
number of trials is
8600
number of Z or Y failures is
4
number of X failures is
0
average trial time
114.00984523858557
mu is
0.00045454545454545455
number of trials is
8800
number of Z or Y failures is
4
number of X failures is
0
average trial time
116.69457579713057
mu is
0.00044444444444444447
number of trials is
9000
number of Z or Y failures is
4
number of X failures is
0
average trial time
119.33920545920064
mu is
0.0004347826086956522
number of trials is
9200
number of Z or Y failures is
4
number of X failures is
0
average trial time
122.01331321265562
mu is
0.000425531914893617
number of trials is
9400
number of Z or Y failures is
4
number of X failures is
0
average trial time
124.62709125510577
mu is
0.0004166666666666667
number of trials is
9600
number of Z or Y failures is
4
number of X failures is
0
average trial time
127.25240298017071
mu is
0.00040816326530612246
number of trials is
9800
number of Z or Y failures is
4
number of X failures is
0
average trial time
129.85243975601065
mu is
0.0004
number of trials is
10000
number of Z or Y failures is
4
number of X failures is
0
average trial time
132.49264371125574
mu is
0.000392156862745098
number of trials is
10200
number of Z or Y failures is
4
number of X failures is
0
average trial time
135.10128521999093
mu is
0.0003846153846153846
number of trials is
10400
number of Z or Y failures is
4
number of X failures is
0
average trial time
137.73412254148099
mu is
0.0003773584905660377
number of trials is
10600
number of Z or Y failures is
4
number of X failures is
0
average trial time
140.38004759418595
mu is
0.00037037037037037035
number of trials is
10800
number of Z or Y failures is
4
number of X failures is
0
average trial time
143.0004411778011
mu is
0.0003636363636363636
number of trials is
11000
number of Z or Y failures is
4
number of X failures is
0
average trial time
145.6558170189611
mu is
0.00035714285714285714
number of trials is
11200
number of Z or Y failures is
4
number of X failures is
0
average trial time
148.255709456691
mu is
0.0003508771929824561
number of trials is
11400
number of Z or Y failures is
4
number of X failures is
0
average trial time
150.85587721511092
mu is
0.0003448275862068965
number of trials is
11600
number of Z or Y failures is
4
number of X failures is
0
average trial time
153.47377894925594
mu is
0.00033898305084745765
number of trials is
11800
number of Z or Y failures is
4
number of X failures is
0
average trial time
156.11299346418593
mu is
0.0003333333333333333
number of trials is
12000
number of Z or Y failures is
4
number of X failures is
0
average trial time
158.75517590269092
mu is
0.0004098360655737705
number of trials is
12200
number of Z or Y failures is
5
number of X failures is
0
average trial time
161.38708733584585
stderr is
0.00018325420892404678
target is
4.098360655737705e-5
mu is
0.0004032258064516129
number of trials is
12400
number of Z or Y failures is
5
number of X failures is
0
average trial time
163.98991435589562
stderr is
0.00018029897283808975
target is
4.032258064516129e-5
mu is
0.0003968253968253968
number of trials is
12600
number of Z or Y failures is
5
number of X failures is
0
average trial time
166.5416346336855
stderr is
0.0001774375388670863
target is
3.968253968253968e-5
mu is
0.000390625
number of trials is
12800
number of Z or Y failures is
5
number of X failures is
0
average trial time
169.14892641302555
stderr is
0.00017466551072469822
target is
3.906250000000001e-5
mu is
0.0003846153846153846
number of trials is
13000
number of Z or Y failures is
5
number of X failures is
0
average trial time
171.78491173739565
stderr is
0.00017197876262360358
target is
3.846153846153846e-5
mu is
0.0003787878787878788
number of trials is
13200
number of Z or Y failures is
5
number of X failures is
0
average trial time
174.3816610253957
stderr is
0.00016937341878625752
target is
3.787878787878788e-5
mu is
0.00037313432835820896
number of trials is
13400
number of Z or Y failures is
5
number of X failures is
0
average trial time
176.94627237510073
stderr is
0.0001668458347902353
target is
3.7313432835820896e-5
mu is
0.0003676470588235294
number of trials is
13600
number of Z or Y failures is
5
number of X failures is
0
average trial time
179.56572325452075
stderr is
0.00016439258055933264
target is
3.6764705882352945e-5
mu is
0.00036231884057971015
number of trials is
13800
number of Z or Y failures is
5
number of X failures is
0
average trial time
182.16174401672563
stderr is
0.00016201042483348567
target is
3.6231884057971014e-5
mu is
0.00035714285714285714
number of trials is
14000
number of Z or Y failures is
5
number of X failures is
0
average trial time
184.74190982296545
stderr is
0.00015969632096964992
target is
3.571428571428572e-5
mu is
0.00035211267605633805
number of trials is
14200
number of Z or Y failures is
5
number of X failures is
0
average trial time
187.2748759792004
stderr is
0.00015744739394243598
target is
3.5211267605633805e-5
mu is
0.00034722222222222224
number of trials is
14400
number of Z or Y failures is
5
number of X failures is
0
average trial time
189.83778412074048
stderr is
0.0001552609284278748
target is
3.472222222222222e-5
mu is
0.00034246575342465754
number of trials is
14600
number of Z or Y failures is
5
number of X failures is
0
average trial time
192.4420219788653
stderr is
0.00015313435786646484
target is
3.424657534246576e-5
mu is
0.00033783783783783786
number of trials is
14800
number of Z or Y failures is
5
number of X failures is
0
average trial time
195.06398053014036
stderr is
0.0001510652544128793
target is
3.3783783783783784e-5
mu is
0.0003333333333333333
number of trials is
15000
number of Z or Y failures is
5
number of X failures is
0
average trial time
197.62581954493052
stderr is
0.00014905131968958956
target is
3.3333333333333335e-5
mu is
0.0003289473684210526
number of trials is
15200
number of Z or Y failures is
5
number of X failures is
0
average trial time
200.2226950984354
stderr is
0.00014709037627036903
target is
3.289473684210526e-5
mu is
0.0003246753246753247
number of trials is
15400
number of Z or Y failures is
5
number of X failures is
0
average trial time
202.75116572250548
stderr is
0.0001451803598273342
target is
3.246753246753247e-5
mu is
0.0003205128205128205
number of trials is
15600
number of Z or Y failures is
5
number of X failures is
0
average trial time
205.3054356560854
stderr is
0.00014331931188198168
target is
3.205128205128205e-5
mu is
0.00031645569620253165
number of trials is
15800
number of Z or Y failures is
5
number of X failures is
0
average trial time
207.86341394142045
stderr is
0.00014150537310670937
target is
3.1645569620253167e-5
mu is
0.0003125
number of trials is
16000
number of Z or Y failures is
5
number of X failures is
0
average trial time
210.42499996625529
stderr is
0.00013973677712866126
target is
3.125e-5
mu is
0.00030864197530864197
number of trials is
16200
number of Z or Y failures is
5
number of X failures is
0
average trial time
212.97221296398533
stderr is
0.00013801184479248903
target is
3.08641975308642e-5
mu is
0.0003048780487804878
number of trials is
16400
number of Z or Y failures is
5
number of X failures is
0
average trial time
215.57824123426536
stderr is
0.00013632897884286127
target is
3.048780487804878e-5
mu is
0.00030120481927710846
number of trials is
16600
number of Z or Y failures is
5
number of X failures is
0
average trial time
218.1592690822553
stderr is
0.00013468665899132236
target is
3.012048192771085e-5
mu is
0.00029761904761904765
number of trials is
16800
number of Z or Y failures is
5
number of X failures is
0
average trial time
220.71761247025006
stderr is
0.00013308343733547723
target is
2.9761904761904765e-5
mu is
0.0002941176470588235
number of trials is
17000
number of Z or Y failures is
5
number of X failures is
0
average trial time
223.25107853214024
stderr is
0.0001315179341014893
target is
2.941176470588235e-5
mu is
0.00029069767441860465
number of trials is
17200
number of Z or Y failures is
5
number of X failures is
0
average trial time
225.83176347869536
stderr is
0.0001299888336835789
target is
2.9069767441860467e-5
mu is
0.00028735632183908046
number of trials is
17400
number of Z or Y failures is
5
number of X failures is
0
average trial time
228.36349208425509
stderr is
0.00012849488095662855
target is
2.8735632183908048e-5
mu is
0.0002840909090909091
number of trials is
17600
number of Z or Y failures is
5
number of X failures is
0
average trial time
230.91087021979013
stderr is
0.00012703487784017248
target is
2.840909090909091e-5
mu is
0.0002808988764044944
number of trials is
17800
number of Z or Y failures is
5
number of X failures is
0
average trial time
233.48130788693038
stderr is
0.00012560768009400164
target is
2.8089887640449443e-5
mu is
0.0002777777777777778
number of trials is
18000
number of Z or Y failures is
5
number of X failures is
0
average trial time
235.98513585370037
stderr is
0.00012421219432737096
target is
2.777777777777778e-5
mu is
0.0002747252747252747
number of trials is
18200
number of Z or Y failures is
5
number of X failures is
0
average trial time
238.5025290580804
stderr is
0.00012284737520538023
target is
2.7472527472527473e-5
mu is
0.0002717391304347826
number of trials is
18400
number of Z or Y failures is
5
number of X failures is
0
average trial time
241.05931617497558
stderr is
0.00012151222283752759
target is
2.7173913043478262e-5
mu is
0.00026881720430107527
number of trials is
18600
number of Z or Y failures is
5
number of X failures is
0
average trial time
243.61252292883066
stderr is
0.00012020578033472544
target is
2.6881720430107527e-5
mu is
0.00026595744680851064
number of trials is
18800
number of Z or Y failures is
5
number of X failures is
0
average trial time
246.17946725983074
stderr is
0.00011892713152223467
target is
2.6595744680851067e-5
mu is
0.0002631578947368421
number of trials is
19000
number of Z or Y failures is
5
number of X failures is
0
average trial time
248.69043341904583
stderr is
0.00011767539879703019
target is
2.6315789473684212e-5
mu is
0.00026041666666666666
number of trials is
19200
number of Z or Y failures is
5
number of X failures is
0
average trial time
251.2504992499307
stderr is
0.00011644974111906683
target is
2.604166666666667e-5
mu is
0.0002577319587628866
number of trials is
19400
number of Z or Y failures is
5
number of X failures is
0
average trial time
253.83522078708583
stderr is
0.00011524935212678434
target is
2.577319587628866e-5
mu is
0.00025510204081632655
number of trials is
19600
number of Z or Y failures is
5
number of X failures is
0
average trial time
256.4556063934407
stderr is
0.00011407345836797756
target is
2.5510204081632657e-5
mu is
0.0002525252525252525
number of trials is
19800
number of Z or Y failures is
5
number of X failures is
0
average trial time
259.0509346290957
stderr is
0.00011292131763787595
target is
2.5252525252525253e-5
mu is
0.00025
number of trials is
20000
number of Z or Y failures is
5
number of X failures is
0
average trial time
261.6527477260758
stderr is
0.00011179221741692823
target is
2.5e-5
mu is
0.00024752475247524753
number of trials is
20200
number of Z or Y failures is
5
number of X failures is
0
average trial time
264.2261246882158
stderr is
0.00011068547340138274
target is
2.4752475247524754e-5
mu is
0.00024509803921568627
number of trials is
20400
number of Z or Y failures is
5
number of X failures is
0
average trial time
266.7842679417409
stderr is
0.00010960042812029573
target is
2.450980392156863e-5
mu is
0.00024271844660194174
number of trials is
20600
number of Z or Y failures is
5
number of X failures is
0
average trial time
269.35218077114604
stderr is
0.00010853644963309456
target is
2.4271844660194176e-5
mu is
0.0002403846153846154
number of trials is
20800
number of Z or Y failures is
5
number of X failures is
0
average trial time
271.9815845224259
stderr is
0.00010749293030227409
target is
2.4038461538461542e-5
mu is
0.0002380952380952381
number of trials is
21000
number of Z or Y failures is
5
number of X failures is
0
average trial time
274.5867579680057
stderr is
0.00010646928563621805
target is
2.380952380952381e-5
mu is
0.0002358490566037736
number of trials is
21200
number of Z or Y failures is
5
number of X failures is
0
average trial time
277.14421851822067
stderr is
0.00010546495319751504
target is
2.358490566037736e-5
mu is
0.00023364485981308412
number of trials is
21400
number of Z or Y failures is
5
number of X failures is
0
average trial time
279.71853320264574
stderr is
0.00010447939157248457
target is
2.3364485981308414e-5
mu is
0.0002314814814814815
number of trials is
21600
number of Z or Y failures is
5
number of X failures is
0
average trial time
282.28383227005565
stderr is
0.00010351207939794636
target is
2.314814814814815e-5
mu is
0.00022935779816513763
number of trials is
21800
number of Z or Y failures is
5
number of X failures is
0
average trial time
284.8540525951708
stderr is
0.00010256251444155724
target is
2.2935779816513765e-5
mu is
0.00022727272727272727
number of trials is
22000
number of Z or Y failures is
5
number of X failures is
0
average trial time
287.4211549465857
stderr is
0.00010163021273230652
target is
2.272727272727273e-5
mu is
0.00022522522522522523
number of trials is
22200
number of Z or Y failures is
5
number of X failures is
0
average trial time
289.9706651834709
stderr is
0.00010071470773800791
target is
2.2522522522522523e-5
mu is
0.0002232142857142857
number of trials is
22400
number of Z or Y failures is
5
number of X failures is
0
average trial time
292.5262027888258
stderr is
9.981554958685002e-5
target is
2.232142857142857e-5
mu is
0.00022123893805309734
number of trials is
22600
number of Z or Y failures is
5
number of X failures is
0
average trial time
295.07144969423086
stderr is
9.893230433027687e-5
target is
2.2123893805309735e-5
mu is
0.0002192982456140351
number of trials is
22800
number of Z or Y failures is
5
number of X failures is
0
average trial time
297.610279351891
stderr is
9.806455324466098e-5
target is
2.192982456140351e-5
mu is
0.0002173913043478261
number of trials is
23000
number of Z or Y failures is
5
number of X failures is
0
average trial time
300.15054269578087
stderr is
9.721189216940736e-5
target is
2.173913043478261e-5
mu is
0.00021551724137931034
number of trials is
23200
number of Z or Y failures is
5
number of X failures is
0
average trial time
302.74087230432093
stderr is
9.637393087929103e-5
target is
2.1551724137931036e-5
mu is
0.00021367521367521368
number of trials is
23400
number of Z or Y failures is
5
number of X failures is
0
average trial time
305.3138048120261
stderr is
9.555029248897909e-5
target is
2.1367521367521368e-5
mu is
0.000211864406779661
number of trials is
23600
number of Z or Y failures is
5
number of X failures is
0
average trial time
307.878983398716
stderr is
9.474061288782913e-5
target is
2.1186440677966103e-5
mu is
0.0002100840336134454
number of trials is
23800
number of Z or Y failures is
5
number of X failures is
0
average trial time
310.45084079082096
stderr is
9.394454020318264e-5
target is
2.1008403361344542e-5
mu is
0.00020833333333333335
number of trials is
24000
number of Z or Y failures is
5
number of X failures is
0
average trial time
312.9967261456061
stderr is
9.316173429049154e-5
target is
2.0833333333333336e-5
mu is
0.00020661157024793388
number of trials is
24200
number of Z or Y failures is
5
number of X failures is
0
average trial time
315.56545788474085
stderr is
9.239186624872568e-5
target is
2.066115702479339e-5
mu is
0.00020491803278688525
number of trials is
24400
number of Z or Y failures is
5
number of X failures is
0
average trial time
318.12674566547577
stderr is
9.163461795961063e-5
target is
2.0491803278688525e-5
mu is
0.0002032520325203252
number of trials is
24600
number of Z or Y failures is
5
number of X failures is
0
average trial time
320.6786335393756
stderr is
9.088968164933998e-5
target is
2.032520325203252e-5
mu is
0.00020161290322580645
number of trials is
24800
number of Z or Y failures is
5
number of X failures is
0
average trial time
323.2535382283006
stderr is
9.01567594714934e-5
target is
2.0161290322580645e-5
mu is
0.0002
number of trials is
25000
number of Z or Y failures is
5
number of X failures is
0
average trial time
325.7950631915904
stderr is
8.943556310997293e-5
target is
2.0e-5
mu is
0.0001984126984126984
number of trials is
25200
number of Z or Y failures is
5
number of X failures is
0
average trial time
328.33563251365536
stderr is
8.872581340084572e-5
target is
1.984126984126984e-5
mu is
0.0001968503937007874
number of trials is
25400
number of Z or Y failures is
5
number of X failures is
0
average trial time
330.88618257540026
stderr is
8.80272399720508e-5
target is
1.9685039370078743e-5
mu is
0.000234375
number of trials is
25600
number of Z or Y failures is
6
number of X failures is
0
average trial time
333.4249221742699
stderr is
9.567384819429402e-5
target is
2.34375e-5
mu is
0.00023255813953488373
number of trials is
25800
number of Z or Y failures is
6
number of X failures is
0
average trial time
335.9987710353504
stderr is
9.493226234202022e-5
target is
2.3255813953488374e-5
mu is
0.00023076923076923076
number of trials is
26000
number of Z or Y failures is
6
number of X failures is
0
average trial time
338.54833613467036
stderr is
9.420208440533723e-5
target is
2.307692307692308e-5
mu is
0.00022900763358778625
number of trials is
26200
number of Z or Y failures is
6
number of X failures is
0
average trial time
341.13345546841003
stderr is
9.348305315921397e-5
target is
2.2900763358778628e-5
mu is
0.00022727272727272727
number of trials is
26400
number of Z or Y failures is
6
number of X failures is
0
average trial time
343.68039599682015
stderr is
9.277491529377926e-5
target is
2.272727272727273e-5
mu is
0.0002255639097744361
number of trials is
26600
number of Z or Y failures is
6
number of X failures is
0
average trial time
346.2479504020848
stderr is
9.207742511678732e-5
target is
2.255639097744361e-5
mu is
0.00022388059701492538
number of trials is
26800
number of Z or Y failures is
6
number of X failures is
0
average trial time
348.8092657745149
stderr is
9.139034426940448e-5
target is
2.238805970149254e-5
mu is
0.00022222222222222223
number of trials is
27000
number of Z or Y failures is
6
number of X failures is
0
average trial time
351.3691843219751
stderr is
9.071344145462666e-5
target is
2.2222222222222223e-5
mu is
0.00022058823529411765
number of trials is
27200
number of Z or Y failures is
6
number of X failures is
0
average trial time
353.90538314993
stderr is
9.0046492177677e-5
target is
2.2058823529411766e-5
mu is
0.00021897810218978101
number of trials is
27400
number of Z or Y failures is
6
number of X failures is
0
average trial time
356.4447556446949
stderr is
8.938927849777226e-5
target is
2.18978102189781e-5
mu is
0.0002173913043478261
number of trials is
27600
number of Z or Y failures is
6
number of X failures is
0
average trial time
358.9807675063654
stderr is
8.874158879068058e-5
target is
2.173913043478261e-5
mu is
0.0002158273381294964
number of trials is
27800
number of Z or Y failures is
6
number of X failures is
0
average trial time
361.51223521785994
stderr is
8.810321752152803e-5
target is
2.1582733812949642e-5
mu is
0.00021428571428571427
number of trials is
28000
number of Z or Y failures is
6
number of X failures is
0
average trial time
364.0680560166654
stderr is
8.747396502734092e-5
target is
2.1428571428571428e-5
mu is
0.0002127659574468085
number of trials is
28200
number of Z or Y failures is
6
number of X failures is
0
average trial time
366.6252668865949
stderr is
8.685363730884086e-5
target is
2.1276595744680852e-5
mu is
0.00021126760563380283
number of trials is
28400
number of Z or Y failures is
6
number of X failures is
0
average trial time
369.16456639255523
stderr is
8.624204583103647e-5
target is
2.1126760563380285e-5
mu is
0.0002097902097902098
number of trials is
28600
number of Z or Y failures is
6
number of X failures is
0
average trial time
371.72017080838
stderr is
8.563900733218103e-5
target is
2.097902097902098e-5
mu is
0.00020833333333333335
number of trials is
28800
number of Z or Y failures is
6
number of X failures is
0
average trial time
374.2800800833098
stderr is
8.504434364068971e-5
target is
2.0833333333333336e-5
mu is
0.00020689655172413793
number of trials is
29000
number of Z or Y failures is
6
number of X failures is
0
average trial time
376.8313787687355
stderr is
8.445788149963188e-5
target is
2.0689655172413793e-5
mu is
0.00020547945205479453
number of trials is
29200
number of Z or Y failures is
6
number of X failures is
0
average trial time
379.35502627156535
stderr is
8.387945239843536e-5
target is
2.0547945205479456e-5
mu is
0.00020408163265306123
number of trials is
29400
number of Z or Y failures is
6
number of X failures is
0
average trial time
381.88984095181075
stderr is
8.330889241145953e-5
target is
2.0408163265306126e-5
mu is
0.0002027027027027027
number of trials is
29600
number of Z or Y failures is
6
number of X failures is
0
average trial time
384.44388931722114
stderr is
8.274604204311199e-5
target is
2.027027027027027e-5
mu is
0.00020134228187919463
number of trials is
29800
number of Z or Y failures is
6
number of X failures is
0
average trial time
386.9991095238963
stderr is
8.219074607920175e-5
target is
2.0134228187919465e-5
mu is
0.0002
number of trials is
30000
number of Z or Y failures is
6
number of X failures is
0
average trial time
389.53963745602107
stderr is
8.164285344423777e-5
target is
2.0e-5
mu is
0.00019867549668874172
number of trials is
30200
number of Z or Y failures is
6
number of X failures is
0
average trial time
392.1226236245761
stderr is
8.110221706439717e-5
target is
1.9867549668874173e-5
mu is
0.00023026315789473684
number of trials is
30400
number of Z or Y failures is
7
number of X failures is
0
average trial time
394.67709972464564
stderr is
8.70227038062918e-5
target is
2.3026315789473685e-5
mu is
0.00026143790849673205
number of trials is
30600
number of Z or Y failures is
8
number of X failures is
0
average trial time
397.2223609007659
stderr is
9.242168571118368e-5
target is
2.6143790849673208e-5
mu is
0.00025974025974025974
number of trials is
30800
number of Z or Y failures is
8
number of X failures is
0
average trial time
399.73824333152623
stderr is
9.182161311272102e-5
target is
2.5974025974025975e-5
mu is
0.00025806451612903227
number of trials is
31000
number of Z or Y failures is
8
number of X failures is
0
average trial time
402.2718595936318
stderr is
9.122928251186764e-5
target is
2.580645161290323e-5
mu is
0.0002564102564102564
number of trials is
31200
number of Z or Y failures is
8
number of X failures is
0
average trial time
404.7827581529519
stderr is
9.064454504076761e-5
target is
2.5641025641025643e-5
mu is
0.00025477707006369424
number of trials is
31400
number of Z or Y failures is
8
number of X failures is
0
average trial time
407.3124101149366
stderr is
9.006725562395338e-5
target is
2.5477707006369424e-5
mu is
0.00025316455696202533
number of trials is
31600
number of Z or Y failures is
8
number of X failures is
0
average trial time
409.82393144765206
stderr is
8.9497272858347e-5
target is
2.5316455696202533e-5
mu is
0.00025157232704402514
number of trials is
31800
number of Z or Y failures is
8
number of X failures is
0
average trial time
412.3590967352224
stderr is
8.893445889778865e-5
target is
2.5157232704402517e-5
mu is
0.00025
number of trials is
32000
number of Z or Y failures is
8
number of X failures is
0
average trial time
414.8570194727571
stderr is
8.83786793418954e-5
target is
2.5e-5
mu is
0.0002484472049689441
number of trials is
32200
number of Z or Y failures is
8
number of X failures is
0
average trial time
417.36546676225197
stderr is
8.78298031290609e-5
target is
2.4844720496894414e-5
mu is
0.0002469135802469136
number of trials is
32400
number of Z or Y failures is
8
number of X failures is
0
average trial time
419.86375142577214
stderr is
8.728770243341794e-5
target is
2.469135802469136e-5
mu is
0.000245398773006135
number of trials is
32600
number of Z or Y failures is
8
number of X failures is
0
average trial time
422.40792778557187
stderr is
8.675225256559347e-5
target is
2.45398773006135e-5
mu is
0.00024390243902439024
number of trials is
32800
number of Z or Y failures is
8
number of X failures is
0
average trial time
424.95978866690183
stderr is
8.622333187709371e-5
target is
2.4390243902439026e-5
mu is
0.00024242424242424242
number of trials is
33000
number of Z or Y failures is
8
number of X failures is
0
average trial time
427.5309342391865
stderr is
8.570082166816635e-5
target is
2.4242424242424244e-5
mu is
0.00024096385542168674
number of trials is
33200
number of Z or Y failures is
8
number of X failures is
0
average trial time
430.06506276395675
stderr is
8.51846060989922e-5
target is
2.4096385542168674e-5
mu is
0.00023952095808383233
number of trials is
33400
number of Z or Y failures is
8
number of X failures is
0
average trial time
432.6138260849119
stderr is
8.467457210406761e-5
target is
2.3952095808383234e-5
mu is
0.0002380952380952381
number of trials is
33600
number of Z or Y failures is
8
number of X failures is
0
average trial time
435.1292769490568
stderr is
8.417060930964399e-5
target is
2.380952380952381e-5
mu is
0.00023668639053254438
number of trials is
33800
number of Z or Y failures is
8
number of X failures is
0
average trial time
437.6685048324964
stderr is
8.367260995409847e-5
target is
2.3668639053254438e-5
mu is
0.00023529411764705883
number of trials is
34000
number of Z or Y failures is
8
number of X failures is
0
average trial time
440.19012335627633
stderr is
8.318046881111454e-5
target is
2.3529411764705884e-5
mu is
0.00023391812865497077
number of trials is
34200
number of Z or Y failures is
8
number of X failures is
0
average trial time
442.704340436191
stderr is
8.26940831155579e-5
target is
2.3391812865497078e-5
mu is
0.00023255813953488373
number of trials is
34400
number of Z or Y failures is
8
number of X failures is
0
average trial time
445.2385213816914
stderr is
8.221335249193769e-5
target is
2.3255813953488374e-5
mu is
0.00023121387283236994
number of trials is
34600
number of Z or Y failures is
8
number of X failures is
0
average trial time
447.7867334447318
stderr is
8.173817888534875e-5
target is
2.3121387283236996e-5
mu is
0.00022988505747126436
number of trials is
34800
number of Z or Y failures is
8
number of X failures is
0
average trial time
450.3046314691768
stderr is
8.126846649479477e-5
target is
2.2988505747126437e-5
mu is
0.00025714285714285715
number of trials is
35000
number of Z or Y failures is
9
number of X failures is
0
average trial time
452.86848110750657
stderr is
8.570448895616423e-5
target is
2.5714285714285718e-5
mu is
0.0002556818181818182
number of trials is
35200
number of Z or Y failures is
9
number of X failures is
0
average trial time
455.4386321985816
stderr is
8.521758698439663e-5
target is
2.556818181818182e-5
mu is
0.0002542372881355932
number of trials is
35400
number of Z or Y failures is
9
number of X failures is
0
average trial time
457.9927215797966
stderr is
8.473618610786039e-5
target is
2.5423728813559325e-5
mu is
0.00025280898876404496
number of trials is
35600
number of Z or Y failures is
9
number of X failures is
0
average trial time
460.5398761643967
stderr is
8.426019362189191e-5
target is
2.5280898876404497e-5
mu is
0.00025139664804469275
number of trials is
35800
number of Z or Y failures is
9
number of X failures is
0
average trial time
463.04526490665137
stderr is
8.378951889320844e-5
target is
2.5139664804469278e-5
mu is
0.00025
number of trials is
36000
number of Z or Y failures is
9
number of X failures is
0
average trial time
465.59415520434624
stderr is
8.332407330237624e-5
target is
2.5e-5
mu is
0.00024861878453038676
number of trials is
36200
number of Z or Y failures is
9
number of X failures is
0
average trial time
468.12940477665614
stderr is
8.286377018818551e-5
target is
2.486187845303868e-5
mu is
0.00024725274725274725
number of trials is
36400
number of Z or Y failures is
9
number of X failures is
0
average trial time
470.69114709907575
stderr is
8.240852479385887e-5
target is
2.4725274725274727e-5
mu is
0.0002459016393442623
number of trials is
36600
number of Z or Y failures is
9
number of X failures is
0
average trial time
473.21518025111567
stderr is
8.195825421502356e-5
target is
2.459016393442623e-5
mu is
0.00024456521739130437
number of trials is
36800
number of Z or Y failures is
9
number of X failures is
0
average trial time
475.7899816608461
stderr is
8.151287734937967e-5
target is
2.445652173913044e-5
mu is
0.00024324324324324323
number of trials is
37000
number of Z or Y failures is
9
number of X failures is
0
average trial time
478.35237116149096
stderr is
8.107231484800078e-5
target is
2.4324324324324324e-5
mu is
0.00024193548387096774
number of trials is
37200
number of Z or Y failures is
9
number of X failures is
0
average trial time
480.89574108226594
stderr is
8.063648906820537e-5
target is
2.4193548387096777e-5
mu is
0.00024064171122994654
number of trials is
37400
number of Z or Y failures is
9
number of X failures is
0
average trial time
483.3947435741964
stderr is
8.020532402794018e-5
target is
2.4064171122994656e-5
mu is
0.00023936170212765956
number of trials is
37600
number of Z or Y failures is
9
number of X failures is
0
average trial time
485.9540751220762
stderr is
7.977874536161925e-5
target is
2.3936170212765956e-5
mu is
0.0002380952380952381
number of trials is
37800
number of Z or Y failures is
9
number of X failures is
0
average trial time
488.51531481004537
stderr is
7.935668027736474e-5
target is
2.380952380952381e-5
mu is
0.00023684210526315788
number of trials is
38000
number of Z or Y failures is
9
number of X failures is
0
average trial time
491.0518634009303
stderr is
7.893905751559801e-5
target is
2.368421052631579e-5
mu is
0.0002356020942408377
number of trials is
38200
number of Z or Y failures is
9
number of X failures is
0
average trial time
493.61735765183016
stderr is
7.852580730893117e-5
target is
2.3560209424083772e-5
mu is
0.000234375
number of trials is
38400
number of Z or Y failures is
9
number of X failures is
0
average trial time
496.1354543057007
stderr is
7.811686134331203e-5
target is
2.34375e-5
mu is
0.00023316062176165803
number of trials is
38600
number of Z or Y failures is
9
number of X failures is
0
average trial time
498.64319531831063
stderr is
7.771215272037692e-5
target is
2.3316062176165805e-5
mu is
0.00023195876288659793
number of trials is
38800
number of Z or Y failures is
9
number of X failures is
0
average trial time
501.1774653944499
stderr is
7.73116159209675e-5
target is
2.3195876288659796e-5
mu is
0.00023076923076923076
number of trials is
39000
number of Z or Y failures is
9
number of X failures is
0
average trial time
503.71141033668994
stderr is
7.691518676977021e-5
target is
2.307692307692308e-5
mu is
0.00022959183673469387
number of trials is
39200
number of Z or Y failures is
9
number of X failures is
0
average trial time
506.25701512757433
stderr is
7.652280240103805e-5
target is
2.2959183673469387e-5
mu is
0.00022842639593908628
number of trials is
39400
number of Z or Y failures is
9
number of X failures is
0
average trial time
508.7797091491694
stderr is
7.613440122535616e-5
target is
2.284263959390863e-5
mu is
0.00022727272727272727
number of trials is
39600
number of Z or Y failures is
9
number of X failures is
0
average trial time
511.31772006833467
stderr is
7.574992289741455e-5
target is
2.272727272727273e-5
mu is
0.00022613065326633166
number of trials is
39800
number of Z or Y failures is
9
number of X failures is
0
average trial time
513.8473538233197
stderr is
7.536930828475221e-5
target is
2.2613065326633167e-5
mu is
0.000225
number of trials is
40000
number of Z or Y failures is
9
number of X failures is
0
average trial time
516.2845406598093
stderr is
7.499249943743905e-5
target is
2.25e-5
mu is
0.00022388059701492538
number of trials is
40200
number of Z or Y failures is
9
number of X failures is
0
average trial time
518.6494691465192
stderr is
7.461943955866256e-5
target is
2.238805970149254e-5
mu is
0.00022277227722772278
number of trials is
40400
number of Z or Y failures is
9
number of X failures is
0
average trial time
520.9944867191393
stderr is
7.425007297618818e-5
target is
2.227722772277228e-5
mu is
0.00022167487684729065
number of trials is
40600
number of Z or Y failures is
9
number of X failures is
0
average trial time
523.3406851825242
stderr is
7.388434511466296e-5
target is
2.2167487684729066e-5
mu is
0.00022058823529411765
number of trials is
40800
number of Z or Y failures is
9
number of X failures is
0
average trial time
525.7222478573747
stderr is
7.352220246873398e-5
target is
2.2058823529411766e-5
mu is
0.00021951219512195122
number of trials is
41000
number of Z or Y failures is
9
number of X failures is
0
average trial time
528.0996069421899
stderr is
7.316359257695324e-5
target is
2.1951219512195124e-5
mu is
0.00021844660194174757
number of trials is
41200
number of Z or Y failures is
9
number of X failures is
0
average trial time
530.4534214354403
stderr is
7.280846399644269e-5
target is
2.184466019417476e-5
mu is
0.0002173913043478261
number of trials is
41400
number of Z or Y failures is
9
number of X failures is
0
average trial time
532.8223377640601
stderr is
7.24567662782934e-5
target is
2.173913043478261e-5
mu is
0.00021634615384615385
number of trials is
41600
number of Z or Y failures is
9
number of X failures is
0
average trial time
535.1748290852847
stderr is
7.210844994367444e-5
target is
2.1634615384615387e-5
mu is
0.000215311004784689
number of trials is
41800
number of Z or Y failures is
9
number of X failures is
0
average trial time
537.5390922388399
stderr is
7.176346646062743e-5
target is
2.15311004784689e-5
mu is
0.0002380952380952381
number of trials is
42000
number of Z or Y failures is
10
number of X failures is
0
average trial time
539.9057082127154
stderr is
7.52842575829506e-5
target is
2.380952380952381e-5
mu is
0.00023696682464454977
number of trials is
42200
number of Z or Y failures is
10
number of X failures is
0
average trial time
542.2544835243907
stderr is
7.492749821071991e-5
target is
2.369668246445498e-5
mu is
0.0002358490566037736
number of trials is
42400
number of Z or Y failures is
10
number of X failures is
0
average trial time
544.6461334236409
stderr is
7.457410413558138e-5
target is
2.358490566037736e-5
mu is
0.00023474178403755868
number of trials is
42600
number of Z or Y failures is
10
number of X failures is
0
average trial time
547.0336423892859
stderr is
7.422402796399444e-5
target is
2.347417840375587e-5
mu is
0.00023364485981308412
number of trials is
42800
number of Z or Y failures is
10
number of X failures is
0
average trial time
549.4069845662108
stderr is
7.387722318818591e-5
target is
2.3364485981308414e-5
mu is
0.00023255813953488373
number of trials is
43000
number of Z or Y failures is
10
number of X failures is
0
average trial time
551.7789376317054
stderr is
7.353364416555282e-5
target is
2.3255813953488374e-5
mu is
0.0002314814814814815
number of trials is
43200
number of Z or Y failures is
10
number of X failures is
0
average trial time
554.1204971758254
stderr is
7.319324609863754e-5
target is
2.314814814814815e-5
mu is
0.0002304147465437788
number of trials is
43400
number of Z or Y failures is
10
number of X failures is
0
average trial time
556.4625137755505
stderr is
7.285598501565629e-5
target is
2.304147465437788e-5
mu is
0.00022935779816513763
number of trials is
43600
number of Z or Y failures is
10
number of X failures is
0
average trial time
558.8256766499205
stderr is
7.25218177515637e-5
target is
2.2935779816513765e-5
mu is
0.00022831050228310502
number of trials is
43800
number of Z or Y failures is
10
number of X failures is
0
average trial time
561.1986480361052
stderr is
7.219070192963597e-5
target is
2.2831050228310503e-5
mu is
0.00022727272727272727
number of trials is
44000
number of Z or Y failures is
10
number of X failures is
0
average trial time
563.5677403117955
stderr is
7.186259594355635e-5
target is
2.272727272727273e-5
mu is
0.00022624434389140272
number of trials is
44200
number of Z or Y failures is
10
number of X failures is
0
average trial time
565.9149980329958
stderr is
7.153745893998686e-5
target is
2.2624434389140274e-5
mu is
0.00022522522522522523
number of trials is
44400
number of Z or Y failures is
10
number of X failures is
0
average trial time
568.2448308690558
stderr is
7.1215250801611e-5
target is
2.2522522522522523e-5
mu is
0.0002242152466367713
number of trials is
44600
number of Z or Y failures is
10
number of X failures is
0
average trial time
570.588383461391
stderr is
7.089593213063279e-5
target is
2.2421524663677132e-5
mu is
0.0002232142857142857
number of trials is
44800
number of Z or Y failures is
10
number of X failures is
0
average trial time
572.9413064195855
stderr is
7.057946423271758e-5
target is
2.232142857142857e-5
mu is
0.00022222222222222223
number of trials is
45000
number of Z or Y failures is
10
number of X failures is
0
average trial time
575.2628876326706
stderr is
7.026580910136111e-5
target is
2.2222222222222223e-5
mu is
0.00022123893805309734
number of trials is
45200
number of Z or Y failures is
10
number of X failures is
0
average trial time
577.6134255367504
stderr is
6.995492940267368e-5
target is
2.2123893805309735e-5
mu is
0.00022026431718061675
number of trials is
45400
number of Z or Y failures is
10
number of X failures is
0
average trial time
579.9651644474549
stderr is
6.964678846056614e-5
target is
2.2026431718061676e-5
mu is
0.0002192982456140351
number of trials is
45600
number of Z or Y failures is
10
number of X failures is
0
average trial time
582.3427795784
stderr is
6.934135024232603e-5
target is
2.192982456140351e-5
mu is
0.0002183406113537118
number of trials is
45800
number of Z or Y failures is
10
number of X failures is
0
average trial time
584.7092414363406
stderr is
6.90385793445713e-5
target is
2.183406113537118e-5
mu is
0.0002173913043478261
number of trials is
46000
number of Z or Y failures is
10
number of X failures is
0
average trial time
587.0498779159602
stderr is
6.873844097957067e-5
target is
2.173913043478261e-5
10
0
46000
0.0002173913043478261
