mu is
0.0
number of trials is
200
number of Z or Y failures is
0
number of X failures is
0
average trial time
2.4745770045849986
mu is
0.0
number of trials is
400
number of Z or Y failures is
0
number of X failures is
0
average trial time
4.767272515445
mu is
0.0
number of trials is
600
number of Z or Y failures is
0
number of X failures is
0
average trial time
7.053085509820004
mu is
0.0
number of trials is
800
number of Z or Y failures is
0
number of X failures is
0
average trial time
9.33992185376
mu is
0.0
number of trials is
1000
number of Z or Y failures is
0
number of X failures is
0
average trial time
11.686888066684999
mu is
0.0008333333333333334
number of trials is
1200
number of Z or Y failures is
1
number of X failures is
0
average trial time
14.061616700564999
mu is
0.0007142857142857143
number of trials is
1400
number of Z or Y failures is
1
number of X failures is
0
average trial time
16.563152056219966
mu is
0.000625
number of trials is
1600
number of Z or Y failures is
1
number of X failures is
0
average trial time
19.084632864094985
mu is
0.0005555555555555556
number of trials is
1800
number of Z or Y failures is
1
number of X failures is
0
average trial time
21.613987022614996
mu is
0.0005
number of trials is
2000
number of Z or Y failures is
1
number of X failures is
0
average trial time
24.202364811960006
mu is
0.00045454545454545455
number of trials is
2200
number of Z or Y failures is
1
number of X failures is
0
average trial time
26.842015432219988
mu is
0.0004166666666666667
number of trials is
2400
number of Z or Y failures is
1
number of X failures is
0
average trial time
29.553422717914994
mu is
0.0003846153846153846
number of trials is
2600
number of Z or Y failures is
1
number of X failures is
0
average trial time
32.28394221742499
mu is
0.00035714285714285714
number of trials is
2800
number of Z or Y failures is
1
number of X failures is
0
average trial time
35.013083012995
mu is
0.0003333333333333333
number of trials is
3000
number of Z or Y failures is
1
number of X failures is
0
average trial time
37.75563685807502
mu is
0.0003125
number of trials is
3200
number of Z or Y failures is
1
number of X failures is
0
average trial time
40.531068689755
mu is
0.0002941176470588235
number of trials is
3400
number of Z or Y failures is
1
number of X failures is
0
average trial time
43.31886838919001
mu is
0.0002777777777777778
number of trials is
3600
number of Z or Y failures is
1
number of X failures is
0
average trial time
46.108520018850044
mu is
0.0002631578947368421
number of trials is
3800
number of Z or Y failures is
1
number of X failures is
0
average trial time
48.869534340020024
mu is
0.00025
number of trials is
4000
number of Z or Y failures is
1
number of X failures is
0
average trial time
51.639716638685
mu is
0.0002380952380952381
number of trials is
4200
number of Z or Y failures is
1
number of X failures is
0
average trial time
54.465309487129964
mu is
0.00022727272727272727
number of trials is
4400
number of Z or Y failures is
1
number of X failures is
0
average trial time
57.23942543621492
mu is
0.0002173913043478261
number of trials is
4600
number of Z or Y failures is
1
number of X failures is
0
average trial time
60.02427981756992
mu is
0.00020833333333333335
number of trials is
4800
number of Z or Y failures is
1
number of X failures is
0
average trial time
62.79461372698496
mu is
0.0002
number of trials is
5000
number of Z or Y failures is
1
number of X failures is
0
average trial time
65.52844049290002
mu is
0.0001923076923076923
number of trials is
5200
number of Z or Y failures is
1
number of X failures is
0
average trial time
68.26071528436005
mu is
0.00018518518518518518
number of trials is
5400
number of Z or Y failures is
1
number of X failures is
0
average trial time
71.02457454366508
mu is
0.00017857142857142857
number of trials is
5600
number of Z or Y failures is
1
number of X failures is
0
average trial time
73.76558955921013
mu is
0.00017241379310344826
number of trials is
5800
number of Z or Y failures is
1
number of X failures is
0
average trial time
76.45128399110013
mu is
0.00016666666666666666
number of trials is
6000
number of Z or Y failures is
1
number of X failures is
0
average trial time
79.15788625418017
mu is
0.00016129032258064516
number of trials is
6200
number of Z or Y failures is
1
number of X failures is
0
average trial time
81.91545490043514
mu is
0.00015625
number of trials is
6400
number of Z or Y failures is
1
number of X failures is
0
average trial time
84.60164294791028
mu is
0.00015151515151515152
number of trials is
6600
number of Z or Y failures is
1
number of X failures is
0
average trial time
87.28794938988527
mu is
0.00014705882352941175
number of trials is
6800
number of Z or Y failures is
1
number of X failures is
0
average trial time
90.00031387841034
mu is
0.00014285714285714287
number of trials is
7000
number of Z or Y failures is
1
number of X failures is
0
average trial time
92.70073895931031
mu is
0.0001388888888888889
number of trials is
7200
number of Z or Y failures is
1
number of X failures is
0
average trial time
95.38225910067533
mu is
0.00013513513513513514
number of trials is
7400
number of Z or Y failures is
1
number of X failures is
0
average trial time
98.0712921977402
mu is
0.00013157894736842105
number of trials is
7600
number of Z or Y failures is
1
number of X failures is
0
average trial time
100.71312676761028
mu is
0.0001282051282051282
number of trials is
7800
number of Z or Y failures is
1
number of X failures is
0
average trial time
103.43879036129034
mu is
0.000125
number of trials is
8000
number of Z or Y failures is
1
number of X failures is
0
average trial time
106.0669595871303
mu is
0.00012195121951219512
number of trials is
8200
number of Z or Y failures is
1
number of X failures is
0
average trial time
108.73019132890536
mu is
0.00011904761904761905
number of trials is
8400
number of Z or Y failures is
1
number of X failures is
0
average trial time
111.39367058933033
mu is
0.00023255813953488373
number of trials is
8600
number of Z or Y failures is
2
number of X failures is
0
average trial time
114.06385743372532
mu is
0.00022727272727272727
number of trials is
8800
number of Z or Y failures is
2
number of X failures is
0
average trial time
116.70109223328532
mu is
0.00022222222222222223
number of trials is
9000
number of Z or Y failures is
2
number of X failures is
0
average trial time
119.3313061818752
mu is
0.00032608695652173916
number of trials is
9200
number of Z or Y failures is
3
number of X failures is
0
average trial time
121.97285097595534
mu is
0.00031914893617021275
number of trials is
9400
number of Z or Y failures is
3
number of X failures is
0
average trial time
124.61016919784535
mu is
0.0003125
number of trials is
9600
number of Z or Y failures is
3
number of X failures is
0
average trial time
127.23351925205537
mu is
0.0003061224489795918
number of trials is
9800
number of Z or Y failures is
3
number of X failures is
0
average trial time
129.8934533565104
mu is
0.0003
number of trials is
10000
number of Z or Y failures is
3
number of X failures is
0
average trial time
132.5059048394403
mu is
0.0002941176470588235
number of trials is
10200
number of Z or Y failures is
3
number of X failures is
0
average trial time
135.1538715382853
mu is
0.0002884615384615385
number of trials is
10400
number of Z or Y failures is
3
number of X failures is
0
average trial time
137.74895453138038
mu is
0.0002830188679245283
number of trials is
10600
number of Z or Y failures is
3
number of X failures is
0
average trial time
140.42492184053538
mu is
0.0002777777777777778
number of trials is
10800
number of Z or Y failures is
3
number of X failures is
0
average trial time
143.0008566903903
mu is
0.00027272727272727274
number of trials is
11000
number of Z or Y failures is
3
number of X failures is
0
average trial time
145.57510441152533
mu is
0.00026785714285714287
number of trials is
11200
number of Z or Y failures is
3
number of X failures is
0
average trial time
148.24229100340526
mu is
0.0002631578947368421
number of trials is
11400
number of Z or Y failures is
3
number of X failures is
0
average trial time
150.83430946158518
mu is
0.0002586206896551724
number of trials is
11600
number of Z or Y failures is
3
number of X failures is
0
average trial time
153.44811792785015
mu is
0.0002542372881355932
number of trials is
11800
number of Z or Y failures is
3
number of X failures is
0
average trial time
156.0752196194002
mu is
0.00025
number of trials is
12000
number of Z or Y failures is
3
number of X failures is
0
average trial time
158.6462362089702
mu is
0.0002459016393442623
number of trials is
12200
number of Z or Y failures is
3
number of X failures is
0
average trial time
161.24018870586505
mu is
0.00024193548387096774
number of trials is
12400
number of Z or Y failures is
3
number of X failures is
0
average trial time
163.8623569081549
mu is
0.0002380952380952381
number of trials is
12600
number of Z or Y failures is
3
number of X failures is
0
average trial time
166.45098489510508
mu is
0.000234375
number of trials is
12800
number of Z or Y failures is
3
number of X failures is
0
average trial time
169.04685304222014
mu is
0.00023076923076923076
number of trials is
13000
number of Z or Y failures is
3
number of X failures is
0
average trial time
171.6833082230952
mu is
0.00022727272727272727
number of trials is
13200
number of Z or Y failures is
3
number of X failures is
0
average trial time
174.31635883382023
mu is
0.00022388059701492538
number of trials is
13400
number of Z or Y failures is
3
number of X failures is
0
average trial time
176.9155291131553
mu is
0.0002941176470588235
number of trials is
13600
number of Z or Y failures is
4
number of X failures is
0
average trial time
179.53124336226017
mu is
0.0002898550724637681
number of trials is
13800
number of Z or Y failures is
4
number of X failures is
0
average trial time
182.13465725579525
mu is
0.00028571428571428574
number of trials is
14000
number of Z or Y failures is
4
number of X failures is
0
average trial time
184.71351331747528
mu is
0.00028169014084507044
number of trials is
14200
number of Z or Y failures is
4
number of X failures is
0
average trial time
187.31842543847532
mu is
0.0002777777777777778
number of trials is
14400
number of Z or Y failures is
4
number of X failures is
0
average trial time
189.88045729322542
mu is
0.000273972602739726
number of trials is
14600
number of Z or Y failures is
4
number of X failures is
0
average trial time
192.44306412035024
mu is
0.0002702702702702703
number of trials is
14800
number of Z or Y failures is
4
number of X failures is
0
average trial time
195.06386298540528
mu is
0.0002666666666666667
number of trials is
15000
number of Z or Y failures is
4
number of X failures is
0
average trial time
197.64095261527052
mu is
0.0002631578947368421
number of trials is
15200
number of Z or Y failures is
4
number of X failures is
0
average trial time
200.2121973365555
mu is
0.00025974025974025974
number of trials is
15400
number of Z or Y failures is
4
number of X failures is
0
average trial time
202.77541625270024
mu is
0.0002564102564102564
number of trials is
15600
number of Z or Y failures is
4
number of X failures is
0
average trial time
205.34490993243514
mu is
0.00025316455696202533
number of trials is
15800
number of Z or Y failures is
4
number of X failures is
0
average trial time
207.86560907184986
mu is
0.00025
number of trials is
16000
number of Z or Y failures is
4
number of X failures is
0
average trial time
210.44922738891484
mu is
0.0002469135802469136
number of trials is
16200
number of Z or Y failures is
4
number of X failures is
0
average trial time
213.0005843953048
mu is
0.00024390243902439024
number of trials is
16400
number of Z or Y failures is
4
number of X failures is
0
average trial time
215.6156892920248
mu is
0.00024096385542168674
number of trials is
16600
number of Z or Y failures is
4
number of X failures is
0
average trial time
218.2015572789449
mu is
0.0002380952380952381
number of trials is
16800
number of Z or Y failures is
4
number of X failures is
0
average trial time
220.7857499881399
mu is
0.00023529411764705883
number of trials is
17000
number of Z or Y failures is
4
number of X failures is
0
average trial time
223.365867688975
mu is
0.00023255813953488373
number of trials is
17200
number of Z or Y failures is
4
number of X failures is
0
average trial time
225.91846387550487
mu is
0.00028735632183908046
number of trials is
17400
number of Z or Y failures is
5
number of X failures is
0
average trial time
228.4787159615197
stderr is
0.00012849488095662855
target is
2.8735632183908048e-5
mu is
0.0002840909090909091
number of trials is
17600
number of Z or Y failures is
5
number of X failures is
0
average trial time
231.0178996357146
stderr is
0.00012703487784017248
target is
2.840909090909091e-5
mu is
0.0002808988764044944
number of trials is
17800
number of Z or Y failures is
5
number of X failures is
0
average trial time
233.5890694755544
stderr is
0.00012560768009400164
target is
2.8089887640449443e-5
mu is
0.0002777777777777778
number of trials is
18000
number of Z or Y failures is
5
number of X failures is
0
average trial time
236.15264905563953
stderr is
0.00012421219432737096
target is
2.777777777777778e-5
mu is
0.0002747252747252747
number of trials is
18200
number of Z or Y failures is
5
number of X failures is
0
average trial time
238.7052346955195
stderr is
0.00012284737520538023
target is
2.7472527472527473e-5
mu is
0.0002717391304347826
number of trials is
18400
number of Z or Y failures is
5
number of X failures is
0
average trial time
241.2828649227295
stderr is
0.00012151222283752759
target is
2.7173913043478262e-5
mu is
0.00026881720430107527
number of trials is
18600
number of Z or Y failures is
5
number of X failures is
0
average trial time
243.84662666930922
stderr is
0.00012020578033472544
target is
2.6881720430107527e-5
mu is
0.00026595744680851064
number of trials is
18800
number of Z or Y failures is
5
number of X failures is
0
average trial time
246.41252217739913
stderr is
0.00011892713152223467
target is
2.6595744680851067e-5
mu is
0.0002631578947368421
number of trials is
19000
number of Z or Y failures is
5
number of X failures is
0
average trial time
248.98940498311416
stderr is
0.00011767539879703019
target is
2.6315789473684212e-5
mu is
0.00026041666666666666
number of trials is
19200
number of Z or Y failures is
5
number of X failures is
0
average trial time
251.55780953394907
stderr is
0.00011644974111906683
target is
2.604166666666667e-5
mu is
0.0002577319587628866
number of trials is
19400
number of Z or Y failures is
5
number of X failures is
0
average trial time
254.12276588924433
stderr is
0.00011524935212678434
target is
2.577319587628866e-5
mu is
0.00025510204081632655
number of trials is
19600
number of Z or Y failures is
5
number of X failures is
0
average trial time
256.7021784713342
stderr is
0.00011407345836797756
target is
2.5510204081632657e-5
mu is
0.0002525252525252525
number of trials is
19800
number of Z or Y failures is
5
number of X failures is
0
average trial time
259.2548330257491
stderr is
0.00011292131763787595
target is
2.5252525252525253e-5
mu is
0.00025
number of trials is
20000
number of Z or Y failures is
5
number of X failures is
0
average trial time
261.8070150422342
stderr is
0.00011179221741692823
target is
2.5e-5
mu is
0.00024752475247524753
number of trials is
20200
number of Z or Y failures is
5
number of X failures is
0
average trial time
264.3494313299687
stderr is
0.00011068547340138274
target is
2.4752475247524754e-5
mu is
0.00024509803921568627
number of trials is
20400
number of Z or Y failures is
5
number of X failures is
0
average trial time
266.8886847504438
stderr is
0.00010960042812029573
target is
2.450980392156863e-5
mu is
0.00024271844660194174
number of trials is
20600
number of Z or Y failures is
5
number of X failures is
0
average trial time
269.4399281574388
stderr is
0.00010853644963309456
target is
2.4271844660194176e-5
mu is
0.0002403846153846154
number of trials is
20800
number of Z or Y failures is
5
number of X failures is
0
average trial time
272.0141962607286
stderr is
0.00010749293030227409
target is
2.4038461538461542e-5
mu is
0.0002380952380952381
number of trials is
21000
number of Z or Y failures is
5
number of X failures is
0
average trial time
274.53993207242354
stderr is
0.00010646928563621805
target is
2.380952380952381e-5
mu is
0.0002358490566037736
number of trials is
21200
number of Z or Y failures is
5
number of X failures is
0
average trial time
277.0704639325786
stderr is
0.00010546495319751504
target is
2.358490566037736e-5
mu is
0.00023364485981308412
number of trials is
21400
number of Z or Y failures is
5
number of X failures is
0
average trial time
279.6019826870135
stderr is
0.00010447939157248457
target is
2.3364485981308414e-5
mu is
0.0002314814814814815
number of trials is
21600
number of Z or Y failures is
5
number of X failures is
0
average trial time
282.1397587535937
stderr is
0.00010351207939794636
target is
2.314814814814815e-5
mu is
0.00022935779816513763
number of trials is
21800
number of Z or Y failures is
5
number of X failures is
0
average trial time
284.66369461623856
stderr is
0.00010256251444155724
target is
2.2935779816513765e-5
mu is
0.00022727272727272727
number of trials is
22000
number of Z or Y failures is
5
number of X failures is
0
average trial time
287.1806396306136
stderr is
0.00010163021273230652
target is
2.272727272727273e-5
mu is
0.00022522522522522523
number of trials is
22200
number of Z or Y failures is
5
number of X failures is
0
average trial time
289.7094141220086
stderr is
0.00010071470773800791
target is
2.2522522522522523e-5
mu is
0.0002232142857142857
number of trials is
22400
number of Z or Y failures is
5
number of X failures is
0
average trial time
292.24551798410357
stderr is
9.981554958685002e-5
target is
2.232142857142857e-5
mu is
0.00022123893805309734
number of trials is
22600
number of Z or Y failures is
5
number of X failures is
0
average trial time
294.80186590175344
stderr is
9.893230433027687e-5
target is
2.2123893805309735e-5
mu is
0.0002192982456140351
number of trials is
22800
number of Z or Y failures is
5
number of X failures is
0
average trial time
297.32949255782864
stderr is
9.806455324466098e-5
target is
2.192982456140351e-5
mu is
0.0002173913043478261
number of trials is
23000
number of Z or Y failures is
5
number of X failures is
0
average trial time
299.8718995423638
stderr is
9.721189216940736e-5
target is
2.173913043478261e-5
mu is
0.00021551724137931034
number of trials is
23200
number of Z or Y failures is
5
number of X failures is
0
average trial time
302.4099378996587
stderr is
9.637393087929103e-5
target is
2.1551724137931036e-5
mu is
0.00021367521367521368
number of trials is
23400
number of Z or Y failures is
5
number of X failures is
0
average trial time
304.96784880059886
stderr is
9.555029248897909e-5
target is
2.1367521367521368e-5
mu is
0.000211864406779661
number of trials is
23600
number of Z or Y failures is
5
number of X failures is
0
average trial time
307.50277041230396
stderr is
9.474061288782913e-5
target is
2.1186440677966103e-5
mu is
0.0002100840336134454
number of trials is
23800
number of Z or Y failures is
5
number of X failures is
0
average trial time
310.00937241983905
stderr is
9.394454020318264e-5
target is
2.1008403361344542e-5
mu is
0.00020833333333333335
number of trials is
24000
number of Z or Y failures is
5
number of X failures is
0
average trial time
312.5460522758039
stderr is
9.316173429049154e-5
target is
2.0833333333333336e-5
mu is
0.00020661157024793388
number of trials is
24200
number of Z or Y failures is
5
number of X failures is
0
average trial time
315.068630101509
stderr is
9.239186624872568e-5
target is
2.066115702479339e-5
mu is
0.00020491803278688525
number of trials is
24400
number of Z or Y failures is
5
number of X failures is
0
average trial time
317.62196827178434
stderr is
9.163461795961063e-5
target is
2.0491803278688525e-5
mu is
0.0002032520325203252
number of trials is
24600
number of Z or Y failures is
5
number of X failures is
0
average trial time
320.12882620920414
stderr is
9.088968164933998e-5
target is
2.032520325203252e-5
mu is
0.00020161290322580645
number of trials is
24800
number of Z or Y failures is
5
number of X failures is
0
average trial time
322.6640970370692
stderr is
9.01567594714934e-5
target is
2.0161290322580645e-5
mu is
0.00028
number of trials is
25000
number of Z or Y failures is
7
number of X failures is
0
average trial time
325.17453524767933
stderr is
0.00010581735156615715
target is
2.8e-5
mu is
0.0002777777777777778
number of trials is
25200
number of Z or Y failures is
7
number of X failures is
0
average trial time
327.70318692721963
stderr is
0.00010497763132615621
target is
2.777777777777778e-5
mu is
0.00027559055118110237
number of trials is
25400
number of Z or Y failures is
7
number of X failures is
0
average trial time
330.27314204672444
stderr is
0.00010415113346422134
target is
2.755905511811024e-5
mu is
0.0002734375
number of trials is
25600
number of Z or Y failures is
7
number of X failures is
0
average trial time
332.80499226065467
stderr is
0.00010333754811721023
target is
2.7343750000000004e-5
mu is
0.0002713178294573643
number of trials is
25800
number of Z or Y failures is
7
number of X failures is
0
average trial time
335.35632642733043
stderr is
0.00010253657502902187
target is
2.7131782945736434e-5
mu is
0.0002692307692307692
number of trials is
26000
number of Z or Y failures is
7
number of X failures is
0
average trial time
337.8572743048054
stderr is
0.00010174792318113736
target is
2.6923076923076923e-5
mu is
0.000267175572519084
number of trials is
26200
number of Z or Y failures is
7
number of X failures is
0
average trial time
340.3638619919155
stderr is
0.00010097131044008102
target is
2.67175572519084e-5
mu is
0.0002651515151515152
number of trials is
26400
number of Z or Y failures is
7
number of X failures is
0
average trial time
342.89585067662017
stderr is
0.00010020646322090404
target is
2.651515151515152e-5
mu is
0.0002631578947368421
number of trials is
26600
number of Z or Y failures is
7
number of X failures is
0
average trial time
345.425547827935
stderr is
9.945311616584747e-5
target is
2.6315789473684212e-5
mu is
0.00026119402985074624
number of trials is
26800
number of Z or Y failures is
7
number of X failures is
0
average trial time
347.90609817565996
stderr is
9.871101183739197e-5
target is
2.6119402985074626e-5
mu is
0.00025925925925925926
number of trials is
27000
number of Z or Y failures is
7
number of X failures is
0
average trial time
350.50417456582005
stderr is
9.797990042494824e-5
target is
2.5925925925925928e-5
mu is
0.0002573529411764706
number of trials is
27200
number of Z or Y failures is
7
number of X failures is
0
average trial time
353.1146563667404
stderr is
9.725953946448616e-5
target is
2.5735294117647063e-5
mu is
0.00025547445255474455
number of trials is
27400
number of Z or Y failures is
7
number of X failures is
0
average trial time
355.6642216726605
stderr is
9.654969357044156e-5
target is
2.5547445255474456e-5
mu is
0.0002536231884057971
number of trials is
27600
number of Z or Y failures is
7
number of X failures is
0
average trial time
358.24337314169986
stderr is
9.585013417927793e-5
target is
2.5362318840579714e-5
mu is
0.0002517985611510791
number of trials is
27800
number of Z or Y failures is
7
number of X failures is
0
average trial time
360.8071272396294
stderr is
9.516063930411636e-5
target is
2.5179856115107914e-5
mu is
0.00025
number of trials is
28000
number of Z or Y failures is
7
number of X failures is
0
average trial time
363.36146549534925
stderr is
9.448099329987995e-5
target is
2.5e-5
mu is
0.00024822695035460994
number of trials is
28200
number of Z or Y failures is
7
number of X failures is
0
average trial time
365.95657441369383
stderr is
9.381098663843134e-5
target is
2.4822695035460995e-5
mu is
0.0002464788732394366
number of trials is
28400
number of Z or Y failures is
7
number of X failures is
0
average trial time
368.5252601913389
stderr is
9.315041569321016e-5
target is
2.464788732394366e-5
mu is
0.00024475524475524476
number of trials is
28600
number of Z or Y failures is
7
number of X failures is
0
average trial time
371.08522747239346
stderr is
9.24990825329059e-5
target is
2.4475524475524478e-5
mu is
0.00024305555555555555
number of trials is
28800
number of Z or Y failures is
7
number of X failures is
0
average trial time
373.6632787242432
stderr is
9.185679472372675e-5
target is
2.4305555555555558e-5
mu is
0.0002413793103448276
number of trials is
29000
number of Z or Y failures is
7
number of X failures is
0
average trial time
376.1854699772578
stderr is
9.122336513984978e-5
target is
2.413793103448276e-5
mu is
0.00023972602739726027
number of trials is
29200
number of Z or Y failures is
7
number of X failures is
0
average trial time
378.7555399812629
stderr is
9.059861178165966e-5
target is
2.397260273972603e-5
mu is
0.0002380952380952381
number of trials is
29400
number of Z or Y failures is
7
number of X failures is
0
average trial time
381.31390556199824
stderr is
8.998235760140582e-5
target is
2.380952380952381e-5
mu is
0.00023648648648648648
number of trials is
29600
number of Z or Y failures is
7
number of X failures is
0
average trial time
383.8373473373883
stderr is
8.937443033592664e-5
target is
2.364864864864865e-5
mu is
0.0002348993288590604
number of trials is
29800
number of Z or Y failures is
7
number of X failures is
0
average trial time
386.383112315688
stderr is
8.877466234610898e-5
target is
2.348993288590604e-5
mu is
0.00023333333333333333
number of trials is
30000
number of Z or Y failures is
7
number of X failures is
0
average trial time
388.9507381532125
stderr is
8.818289046276859e-5
target is
2.3333333333333336e-5
mu is
0.00023178807947019868
number of trials is
30200
number of Z or Y failures is
7
number of X failures is
0
average trial time
391.4919075360023
stderr is
8.759895583865402e-5
target is
2.317880794701987e-5
mu is
0.00023026315789473684
number of trials is
30400
number of Z or Y failures is
7
number of X failures is
0
average trial time
394.0184352333119
stderr is
8.70227038062918e-5
target is
2.3026315789473685e-5
mu is
0.00022875816993464052
number of trials is
30600
number of Z or Y failures is
7
number of X failures is
0
average trial time
396.5550534396217
stderr is
8.645398374140583e-5
target is
2.2875816993464052e-5
mu is
0.00022727272727272727
number of trials is
30800
number of Z or Y failures is
7
number of X failures is
0
average trial time
399.09984985245654
stderr is
8.589264893165736e-5
target is
2.272727272727273e-5
mu is
0.00022580645161290321
number of trials is
31000
number of Z or Y failures is
7
number of X failures is
0
average trial time
401.6409268981063
stderr is
8.533855645046595e-5
target is
2.258064516129032e-5
mu is
0.00022435897435897436
number of trials is
31200
number of Z or Y failures is
7
number of X failures is
0
average trial time
404.2162921966266
stderr is
8.479156703568252e-5
target is
2.2435897435897437e-5
mu is
0.00022292993630573248
number of trials is
31400
number of Z or Y failures is
7
number of X failures is
0
average trial time
406.7675869010018
stderr is
8.425154497289905e-5
target is
2.229299363057325e-5
mu is
0.00025316455696202533
number of trials is
31600
number of Z or Y failures is
8
number of X failures is
0
average trial time
409.30493714151714
stderr is
8.9497272858347e-5
target is
2.5316455696202533e-5
mu is
0.00025157232704402514
number of trials is
31800
number of Z or Y failures is
8
number of X failures is
0
average trial time
411.8605420331624
stderr is
8.893445889778865e-5
target is
2.5157232704402517e-5
mu is
0.00025
number of trials is
32000
number of Z or Y failures is
8
number of X failures is
0
average trial time
414.39159618113183
stderr is
8.83786793418954e-5
target is
2.5e-5
mu is
0.0002484472049689441
number of trials is
32200
number of Z or Y failures is
8
number of X failures is
0
average trial time
416.92786176227185
stderr is
8.78298031290609e-5
target is
2.4844720496894414e-5
mu is
0.0002469135802469136
number of trials is
32400
number of Z or Y failures is
8
number of X failures is
0
average trial time
419.467180136832
stderr is
8.728770243341794e-5
target is
2.469135802469136e-5
mu is
0.000245398773006135
number of trials is
32600
number of Z or Y failures is
8
number of X failures is
0
average trial time
422.01421869143195
stderr is
8.675225256559347e-5
target is
2.45398773006135e-5
mu is
0.00024390243902439024
number of trials is
32800
number of Z or Y failures is
8
number of X failures is
0
average trial time
424.56611164296214
stderr is
8.622333187709371e-5
target is
2.4390243902439026e-5
mu is
0.00024242424242424242
number of trials is
33000
number of Z or Y failures is
8
number of X failures is
0
average trial time
427.10865876068755
stderr is
8.570082166816635e-5
target is
2.4242424242424244e-5
mu is
0.00024096385542168674
number of trials is
33200
number of Z or Y failures is
8
number of X failures is
0
average trial time
429.6557853771371
stderr is
8.51846060989922e-5
target is
2.4096385542168674e-5
mu is
0.00023952095808383233
number of trials is
33400
number of Z or Y failures is
8
number of X failures is
0
average trial time
432.16911077725194
stderr is
8.467457210406761e-5
target is
2.3952095808383234e-5
mu is
0.0002380952380952381
number of trials is
33600
number of Z or Y failures is
8
number of X failures is
0
average trial time
434.72182753065704
stderr is
8.417060930964399e-5
target is
2.380952380952381e-5
mu is
0.00023668639053254438
number of trials is
33800
number of Z or Y failures is
8
number of X failures is
0
average trial time
437.2435727325475
stderr is
8.367260995409847e-5
target is
2.3668639053254438e-5
mu is
0.00023529411764705883
number of trials is
34000
number of Z or Y failures is
8
number of X failures is
0
average trial time
439.74234976478743
stderr is
8.318046881111454e-5
target is
2.3529411764705884e-5
mu is
0.00023391812865497077
number of trials is
34200
number of Z or Y failures is
8
number of X failures is
0
average trial time
442.2572020221029
stderr is
8.26940831155579e-5
target is
2.3391812865497078e-5
mu is
0.00023255813953488373
number of trials is
34400
number of Z or Y failures is
8
number of X failures is
0
average trial time
444.8077399851328
stderr is
8.221335249193769e-5
target is
2.3255813953488374e-5
mu is
0.00023121387283236994
number of trials is
34600
number of Z or Y failures is
8
number of X failures is
0
average trial time
447.3622649640779
stderr is
8.173817888534875e-5
target is
2.3121387283236996e-5
mu is
0.00022988505747126436
number of trials is
34800
number of Z or Y failures is
8
number of X failures is
0
average trial time
449.9503349327176
stderr is
8.126846649479477e-5
target is
2.2988505747126437e-5
mu is
0.00022857142857142857
number of trials is
35000
number of Z or Y failures is
8
number of X failures is
0
average trial time
452.50943433527306
stderr is
8.08041217087973e-5
target is
2.2857142857142858e-5
mu is
0.00022727272727272727
number of trials is
35200
number of Z or Y failures is
8
number of X failures is
0
average trial time
455.0474017308832
stderr is
8.034505304319983e-5
target is
2.272727272727273e-5
mu is
0.00022598870056497175
number of trials is
35400
number of Z or Y failures is
8
number of X failures is
0
average trial time
457.6197983816837
stderr is
7.989117108107983e-5
target is
2.2598870056497175e-5
mu is
0.00022471910112359551
number of trials is
35600
number of Z or Y failures is
8
number of X failures is
0
average trial time
460.16749221849864
stderr is
7.944238841468609e-5
target is
2.2471910112359552e-5
mu is
0.000223463687150838
number of trials is
35800
number of Z or Y failures is
8
number of X failures is
0
average trial time
462.7089983023138
stderr is
7.899861958932215e-5
target is
2.23463687150838e-5
mu is
0.00022222222222222223
number of trials is
36000
number of Z or Y failures is
8
number of X failures is
0
average trial time
465.2433827695487
stderr is
7.855978104910003e-5
target is
2.2222222222222223e-5
mu is
0.00024861878453038676
number of trials is
36200
number of Z or Y failures is
9
number of X failures is
0
average trial time
467.7730980964532
stderr is
8.286377018818551e-5
target is
2.486187845303868e-5
mu is
0.00024725274725274725
number of trials is
36400
number of Z or Y failures is
9
number of X failures is
0
average trial time
470.3324993105578
stderr is
8.240852479385887e-5
target is
2.4725274725274727e-5
mu is
0.0002459016393442623
number of trials is
36600
number of Z or Y failures is
9
number of X failures is
0
average trial time
472.909454024948
stderr is
8.195825421502356e-5
target is
2.459016393442623e-5
mu is
0.00024456521739130437
number of trials is
36800
number of Z or Y failures is
9
number of X failures is
0
average trial time
475.4506082103632
stderr is
8.151287734937967e-5
target is
2.445652173913044e-5
mu is
0.00024324324324324323
number of trials is
37000
number of Z or Y failures is
9
number of X failures is
0
average trial time
478.03053699322305
stderr is
8.107231484800078e-5
target is
2.4324324324324324e-5
mu is
0.00024193548387096774
number of trials is
37200
number of Z or Y failures is
9
number of X failures is
0
average trial time
480.5790242378078
stderr is
8.063648906820537e-5
target is
2.4193548387096777e-5
mu is
0.00024064171122994654
number of trials is
37400
number of Z or Y failures is
9
number of X failures is
0
average trial time
483.1353058439181
stderr is
8.020532402794018e-5
target is
2.4064171122994656e-5
mu is
0.00023936170212765956
number of trials is
37600
number of Z or Y failures is
9
number of X failures is
0
average trial time
485.69650618498815
stderr is
7.977874536161925e-5
target is
2.3936170212765956e-5
mu is
0.0002380952380952381
number of trials is
37800
number of Z or Y failures is
9
number of X failures is
0
average trial time
488.242600135318
stderr is
7.935668027736474e-5
target is
2.380952380952381e-5
mu is
0.00023684210526315788
number of trials is
38000
number of Z or Y failures is
9
number of X failures is
0
average trial time
490.8021176024725
stderr is
7.893905751559801e-5
target is
2.368421052631579e-5
mu is
0.0002356020942408377
number of trials is
38200
number of Z or Y failures is
9
number of X failures is
0
average trial time
493.31796785024284
stderr is
7.852580730893117e-5
target is
2.3560209424083772e-5
mu is
0.000234375
number of trials is
38400
number of Z or Y failures is
9
number of X failures is
0
average trial time
495.8278001467931
stderr is
7.811686134331203e-5
target is
2.34375e-5
mu is
0.00023316062176165803
number of trials is
38600
number of Z or Y failures is
9
number of X failures is
0
average trial time
498.3559564615331
stderr is
7.771215272037692e-5
target is
2.3316062176165805e-5
mu is
0.00023195876288659793
number of trials is
38800
number of Z or Y failures is
9
number of X failures is
0
average trial time
500.8799219027577
stderr is
7.73116159209675e-5
target is
2.3195876288659796e-5
mu is
0.00023076923076923076
number of trials is
39000
number of Z or Y failures is
9
number of X failures is
0
average trial time
503.4143221602325
stderr is
7.691518676977021e-5
target is
2.307692307692308e-5
mu is
0.00022959183673469387
number of trials is
39200
number of Z or Y failures is
9
number of X failures is
0
average trial time
505.9735298563526
stderr is
7.652280240103805e-5
target is
2.2959183673469387e-5
mu is
0.00022842639593908628
number of trials is
39400
number of Z or Y failures is
9
number of X failures is
0
average trial time
508.51703724627265
stderr is
7.613440122535616e-5
target is
2.284263959390863e-5
mu is
0.00022727272727272727
number of trials is
39600
number of Z or Y failures is
9
number of X failures is
0
average trial time
511.0702962982974
stderr is
7.574992289741455e-5
target is
2.272727272727273e-5
mu is
0.00022613065326633166
number of trials is
39800
number of Z or Y failures is
9
number of X failures is
0
average trial time
513.6779032995072
stderr is
7.536930828475221e-5
target is
2.2613065326633167e-5
mu is
0.000225
number of trials is
40000
number of Z or Y failures is
9
number of X failures is
0
average trial time
516.2094397091175
stderr is
7.499249943743905e-5
target is
2.25e-5
mu is
0.00022388059701492538
number of trials is
40200
number of Z or Y failures is
9
number of X failures is
0
average trial time
518.6568319660678
stderr is
7.461943955866256e-5
target is
2.238805970149254e-5
mu is
0.00022277227722772278
number of trials is
40400
number of Z or Y failures is
9
number of X failures is
0
average trial time
521.0225670981379
stderr is
7.425007297618818e-5
target is
2.227722772277228e-5
mu is
0.00022167487684729065
number of trials is
40600
number of Z or Y failures is
9
number of X failures is
0
average trial time
523.3867594393281
stderr is
7.388434511466296e-5
target is
2.2167487684729066e-5
mu is
0.00022058823529411765
number of trials is
40800
number of Z or Y failures is
9
number of X failures is
0
average trial time
525.7178895651031
stderr is
7.352220246873398e-5
target is
2.2058823529411766e-5
mu is
0.00021951219512195122
number of trials is
41000
number of Z or Y failures is
9
number of X failures is
0
average trial time
528.0576574510624
stderr is
7.316359257695324e-5
target is
2.1951219512195124e-5
mu is
0.00021844660194174757
number of trials is
41200
number of Z or Y failures is
9
number of X failures is
0
average trial time
530.4162982660873
stderr is
7.280846399644269e-5
target is
2.184466019417476e-5
mu is
0.0002173913043478261
number of trials is
41400
number of Z or Y failures is
9
number of X failures is
0
average trial time
532.7875564317277
stderr is
7.24567662782934e-5
target is
2.173913043478261e-5
mu is
0.0002403846153846154
number of trials is
41600
number of Z or Y failures is
10
number of X failures is
0
average trial time
535.160623645403
stderr is
7.600806634942855e-5
target is
2.4038461538461542e-5
mu is
0.00023923444976076556
number of trials is
41800
number of Z or Y failures is
10
number of X failures is
0
average trial time
537.5539050041427
stderr is
7.564443055276969e-5
target is
2.3923444976076556e-5
mu is
0.0002380952380952381
number of trials is
42000
number of Z or Y failures is
10
number of X failures is
0
average trial time
539.9180006318279
stderr is
7.52842575829506e-5
target is
2.380952380952381e-5
mu is
0.00023696682464454977
number of trials is
42200
number of Z or Y failures is
10
number of X failures is
0
average trial time
542.2650478227029
stderr is
7.492749821071991e-5
target is
2.369668246445498e-5
mu is
0.0002358490566037736
number of trials is
42400
number of Z or Y failures is
10
number of X failures is
0
average trial time
544.5973063618277
stderr is
7.457410413558138e-5
target is
2.358490566037736e-5
mu is
0.00023474178403755868
number of trials is
42600
number of Z or Y failures is
10
number of X failures is
0
average trial time
546.9507354805476
stderr is
7.422402796399444e-5
target is
2.347417840375587e-5
mu is
0.00023364485981308412
number of trials is
42800
number of Z or Y failures is
10
number of X failures is
0
average trial time
549.3179708138974
stderr is
7.387722318818591e-5
target is
2.3364485981308414e-5
mu is
0.00023255813953488373
number of trials is
43000
number of Z or Y failures is
10
number of X failures is
0
average trial time
551.652976480942
stderr is
7.353364416555282e-5
target is
2.3255813953488374e-5
mu is
0.0002314814814814815
number of trials is
43200
number of Z or Y failures is
10
number of X failures is
0
average trial time
554.0028583667319
stderr is
7.319324609863754e-5
target is
2.314814814814815e-5
mu is
0.0002304147465437788
number of trials is
43400
number of Z or Y failures is
10
number of X failures is
0
average trial time
556.3468032191871
stderr is
7.285598501565629e-5
target is
2.304147465437788e-5
mu is
0.00022935779816513763
number of trials is
43600
number of Z or Y failures is
10
number of X failures is
0
average trial time
558.7054259451123
stderr is
7.25218177515637e-5
target is
2.2935779816513765e-5
mu is
0.00022831050228310502
number of trials is
43800
number of Z or Y failures is
10
number of X failures is
0
average trial time
561.0645299011126
stderr is
7.219070192963597e-5
target is
2.2831050228310503e-5
mu is
0.00022727272727272727
number of trials is
44000
number of Z or Y failures is
10
number of X failures is
0
average trial time
563.4045922391479
stderr is
7.186259594355635e-5
target is
2.272727272727273e-5
mu is
0.00022624434389140272
number of trials is
44200
number of Z or Y failures is
10
number of X failures is
0
average trial time
565.7609547317577
stderr is
7.153745893998686e-5
target is
2.2624434389140274e-5
mu is
0.00022522522522522523
number of trials is
44400
number of Z or Y failures is
10
number of X failures is
0
average trial time
568.1499230695575
stderr is
7.1215250801611e-5
target is
2.2522522522522523e-5
mu is
0.0002242152466367713
number of trials is
44600
number of Z or Y failures is
10
number of X failures is
0
average trial time
570.4810221042726
stderr is
7.089593213063279e-5
target is
2.2421524663677132e-5
mu is
0.0002232142857142857
number of trials is
44800
number of Z or Y failures is
10
number of X failures is
0
average trial time
572.8690903536024
stderr is
7.057946423271758e-5
target is
2.232142857142857e-5
mu is
0.00022222222222222223
number of trials is
45000
number of Z or Y failures is
10
number of X failures is
0
average trial time
575.1942755759575
stderr is
7.026580910136111e-5
target is
2.2222222222222223e-5
mu is
0.00022123893805309734
number of trials is
45200
number of Z or Y failures is
10
number of X failures is
0
average trial time
577.5664878451825
stderr is
6.995492940267368e-5
target is
2.2123893805309735e-5
mu is
0.00022026431718061675
number of trials is
45400
number of Z or Y failures is
10
number of X failures is
0
average trial time
579.9474891498724
stderr is
6.964678846056614e-5
target is
2.2026431718061676e-5
mu is
0.0002192982456140351
number of trials is
45600
number of Z or Y failures is
10
number of X failures is
0
average trial time
582.3049343475979
stderr is
6.934135024232603e-5
target is
2.192982456140351e-5
mu is
0.0002183406113537118
number of trials is
45800
number of Z or Y failures is
10
number of X failures is
0
average trial time
584.6631760428181
stderr is
6.90385793445713e-5
target is
2.183406113537118e-5
mu is
0.0002173913043478261
number of trials is
46000
number of Z or Y failures is
10
number of X failures is
0
average trial time
587.0172981679086
stderr is
6.873844097957067e-5
target is
2.173913043478261e-5
10
0
46000
0.0002173913043478261
