mu is
0.0
number of trials is
200
number of Z or Y failures is
0
number of X failures is
0
average trial time
2.959482274140002
mu is
0.0
number of trials is
400
number of Z or Y failures is
0
number of X failures is
0
average trial time
5.77308997069
mu is
0.0
number of trials is
600
number of Z or Y failures is
0
number of X failures is
0
average trial time
8.690293450719997
mu is
0.0
number of trials is
800
number of Z or Y failures is
0
number of X failures is
0
average trial time
11.74636305070999
mu is
0.0
number of trials is
1000
number of Z or Y failures is
0
number of X failures is
0
average trial time
14.970830233904987
mu is
0.0008333333333333334
number of trials is
1200
number of Z or Y failures is
1
number of X failures is
0
average trial time
18.34943316083498
mu is
0.0007142857142857143
number of trials is
1400
number of Z or Y failures is
1
number of X failures is
0
average trial time
21.700297329919987
mu is
0.000625
number of trials is
1600
number of Z or Y failures is
1
number of X failures is
0
average trial time
25.00665914530498
mu is
0.0011111111111111111
number of trials is
1800
number of Z or Y failures is
2
number of X failures is
0
average trial time
28.338318192279964
mu is
0.001
number of trials is
2000
number of Z or Y failures is
2
number of X failures is
0
average trial time
31.683752347135
mu is
0.0013636363636363637
number of trials is
2200
number of Z or Y failures is
3
number of X failures is
0
average trial time
35.07165108389997
mu is
0.00125
number of trials is
2400
number of Z or Y failures is
3
number of X failures is
0
average trial time
38.382753631879986
mu is
0.001153846153846154
number of trials is
2600
number of Z or Y failures is
3
number of X failures is
0
average trial time
41.67606620466499
mu is
0.0014285714285714286
number of trials is
2800
number of Z or Y failures is
4
number of X failures is
0
average trial time
44.93792418009499
mu is
0.0013333333333333333
number of trials is
3000
number of Z or Y failures is
4
number of X failures is
0
average trial time
48.295893573514995
mu is
0.00125
number of trials is
3200
number of Z or Y failures is
4
number of X failures is
0
average trial time
51.47483014879003
mu is
0.001176470588235294
number of trials is
3400
number of Z or Y failures is
4
number of X failures is
0
average trial time
54.733352054930045
mu is
0.001388888888888889
number of trials is
3600
number of Z or Y failures is
5
number of X failures is
0
average trial time
57.93959801627001
stderr is
0.0006207847296911626
target is
0.0001388888888888889
mu is
0.0013157894736842105
number of trials is
3800
number of Z or Y failures is
5
number of X failures is
0
average trial time
61.08911163120499
stderr is
0.0005881290736314881
target is
0.00013157894736842105
mu is
0.00125
number of trials is
4000
number of Z or Y failures is
5
number of X failures is
0
average trial time
64.27295359011003
stderr is
0.0005587373460360994
target is
0.000125
mu is
0.0011904761904761906
number of trials is
4200
number of Z or Y failures is
5
number of X failures is
0
average trial time
67.481526689735
stderr is
0.0005321434942566355
target is
0.00011904761904761906
mu is
0.0011363636363636363
number of trials is
4400
number of Z or Y failures is
5
number of X failures is
0
average trial time
70.60615813239002
stderr is
0.0005079661637964474
target is
0.00011363636363636364
mu is
0.0010869565217391304
number of trials is
4600
number of Z or Y failures is
5
number of X failures is
0
average trial time
73.80773977191502
stderr is
0.0004858902937183206
target is
0.00010869565217391305
mu is
0.0010416666666666667
number of trials is
4800
number of Z or Y failures is
5
number of X failures is
0
average trial time
76.91665639792997
stderr is
0.0004656533112709585
target is
0.00010416666666666667
mu is
0.001
number of trials is
5000
number of Z or Y failures is
5
number of X failures is
0
average trial time
80.14082098622494
stderr is
0.0004470346384717841
target is
0.0001
mu is
0.0009615384615384616
number of trials is
5200
number of Z or Y failures is
5
number of X failures is
0
average trial time
83.32436500584993
stderr is
0.0004298476193108059
target is
9.615384615384617e-5
mu is
0.000925925925925926
number of trials is
5400
number of Z or Y failures is
5
number of X failures is
0
average trial time
86.48344741696495
stderr is
0.00041393324024108235
target is
9.25925925925926e-5
mu is
0.0008928571428571428
number of trials is
5600
number of Z or Y failures is
5
number of X failures is
0
average trial time
89.58036036529485
stderr is
0.0003991551957952486
target is
8.928571428571429e-5
mu is
0.0008620689655172414
number of trials is
5800
number of Z or Y failures is
5
number of X failures is
0
average trial time
92.74710819732987
stderr is
0.00038539597475513925
target is
8.620689655172414e-5
mu is
0.0008333333333333334
number of trials is
6000
number of Z or Y failures is
5
number of X failures is
0
average trial time
95.79952546644978
stderr is
0.00037255372882528644
target is
8.333333333333334e-5
mu is
0.0008064516129032258
number of trials is
6200
number of Z or Y failures is
5
number of X failures is
0
average trial time
98.88741179660973
stderr is
0.0003605397471731845
target is
8.064516129032258e-5
mu is
0.0009375
number of trials is
6400
number of Z or Y failures is
6
number of X failures is
0
average trial time
102.03310412535475
stderr is
0.00038258321473614524
target is
9.375e-5
mu is
0.0009090909090909091
number of trials is
6600
number of Z or Y failures is
6
number of X failures is
0
average trial time
105.10740258406977
stderr is
0.0003709941801985044
target is
9.090909090909092e-5
mu is
0.0008823529411764706
number of trials is
6800
number of Z or Y failures is
6
number of X failures is
0
average trial time
108.21440954046975
stderr is
0.0003600866024969397
target is
8.823529411764706e-5
mu is
0.0008571428571428571
number of trials is
7000
number of Z or Y failures is
6
number of X failures is
0
average trial time
111.27431178138981
stderr is
0.0003498020919583048
target is
8.571428571428571e-5
mu is
0.0008333333333333334
number of trials is
7200
number of Z or Y failures is
6
number of X failures is
0
average trial time
114.38881894554481
stderr is
0.0003400887443911087
target is
8.333333333333334e-5
mu is
0.0008108108108108108
number of trials is
7400
number of Z or Y failures is
6
number of X failures is
0
average trial time
117.43012579135993
stderr is
0.00033090026496629144
target is
8.108108108108108e-5
mu is
0.0007894736842105263
number of trials is
7600
number of Z or Y failures is
6
number of X failures is
0
average trial time
120.46693608064989
stderr is
0.0003221952303869073
target is
7.894736842105263e-5
mu is
0.0007692307692307692
number of trials is
7800
number of Z or Y failures is
6
number of X failures is
0
average trial time
123.60109513117493
stderr is
0.0003139364645336251
target is
7.692307692307693e-5
mu is
0.00075
number of trials is
8000
number of Z or Y failures is
6
number of X failures is
0
average trial time
126.72104779684007
stderr is
0.00030609050773401257
target is
7.500000000000001e-5
mu is
0.0007317073170731707
number of trials is
8200
number of Z or Y failures is
6
number of X failures is
0
average trial time
129.73713479643504
stderr is
0.0002986271636759557
target is
7.317073170731707e-5
mu is
0.0007142857142857143
number of trials is
8400
number of Z or Y failures is
6
number of X failures is
0
average trial time
132.74864481733505
stderr is
0.0002915191110283902
target is
7.142857142857143e-5
mu is
0.0006976744186046512
number of trials is
8600
number of Z or Y failures is
6
number of X failures is
0
average trial time
135.72292931345993
stderr is
0.00028474156923867527
target is
6.976744186046513e-5
mu is
0.0006818181818181819
number of trials is
8800
number of Z or Y failures is
6
number of X failures is
0
average trial time
138.7261962295649
stderr is
0.00027827200989005593
target is
6.818181818181818e-5
mu is
0.0006666666666666666
number of trials is
9000
number of Z or Y failures is
6
number of X failures is
0
average trial time
141.77227485145485
stderr is
0.00027208990653406785
target is
6.666666666666667e-5
mu is
0.0006521739130434783
number of trials is
9200
number of Z or Y failures is
6
number of X failures is
0
average trial time
144.84487536033492
stderr is
0.00026617651714459827
target is
6.521739130434783e-5
mu is
0.0006382978723404255
number of trials is
9400
number of Z or Y failures is
6
number of X failures is
0
average trial time
147.82460023444483
stderr is
0.0002605146943363571
target is
6.382978723404255e-5
mu is
0.000625
number of trials is
9600
number of Z or Y failures is
6
number of X failures is
0
average trial time
150.87556652054982
stderr is
0.0002550887192998403
target is
6.25e-5
mu is
0.0006122448979591836
number of trials is
9800
number of Z or Y failures is
6
number of X failures is
0
average trial time
154.03349843364995
stderr is
0.00024988415606558187
target is
6.122448979591836e-5
mu is
0.0006
number of trials is
10000
number of Z or Y failures is
6
number of X failures is
0
average trial time
157.09338121492
stderr is
0.00024488772325231
target is
5.9999999999999995e-5
mu is
0.000588235294117647
number of trials is
10200
number of Z or Y failures is
6
number of X failures is
0
average trial time
160.14025371620502
stderr is
0.00024008718089984455
target is
5.88235294117647e-5
mu is
0.000576923076923077
number of trials is
10400
number of Z or Y failures is
6
number of X failures is
0
average trial time
163.14191733713002
stderr is
0.00023547123035658898
target is
5.76923076923077e-5
mu is
0.0005660377358490566
number of trials is
10600
number of Z or Y failures is
6
number of X failures is
0
average trial time
166.13729185770487
stderr is
0.00023102942549783187
target is
5.660377358490567e-5
mu is
0.0005555555555555556
number of trials is
10800
number of Z or Y failures is
6
number of X failures is
0
average trial time
169.20949480310983
stderr is
0.00022675209380639165
target is
5.555555555555556e-5
mu is
0.0005454545454545455
number of trials is
11000
number of Z or Y failures is
6
number of X failures is
0
average trial time
172.2170149124296
stderr is
0.00022263026606068285
target is
5.454545454545455e-5
mu is
0.0005357142857142857
number of trials is
11200
number of Z or Y failures is
6
number of X failures is
0
average trial time
175.21374246737457
stderr is
0.00021865561355451714
target is
5.3571428571428575e-5
mu is
0.0005263157894736842
number of trials is
11400
number of Z or Y failures is
6
number of X failures is
0
average trial time
178.3243906186396
stderr is
0.0002148203919238935
target is
5.2631578947368424e-5
mu is
0.000603448275862069
number of trials is
11600
number of Z or Y failures is
7
number of X failures is
0
average trial time
181.35343530198458
stderr is
0.0002280230101315355
target is
6.0344827586206904e-5
mu is
0.0005932203389830508
number of trials is
11800
number of Z or Y failures is
7
number of X failures is
0
average trial time
184.39786165280938
stderr is
0.00022415919659955953
target is
5.932203389830509e-5
mu is
0.0005833333333333334
number of trials is
12000
number of Z or Y failures is
7
number of X failures is
0
average trial time
187.41906980794948
stderr is
0.0002204241446165183
target is
5.833333333333334e-5
mu is
0.0006557377049180328
number of trials is
12200
number of Z or Y failures is
8
number of X failures is
0
average trial time
190.47986204134457
stderr is
0.00023177176293211782
target is
6.557377049180328e-5
mu is
0.0006451612903225806
number of trials is
12400
number of Z or Y failures is
8
number of X failures is
0
average trial time
193.48092594260947
stderr is
0.000228034564618752
target is
6.451612903225807e-5
mu is
0.0007142857142857143
number of trials is
12600
number of Z or Y failures is
9
number of X failures is
0
average trial time
196.53071707235958
stderr is
0.00023801963430255795
target is
7.142857142857143e-5
mu is
0.00078125
number of trials is
12800
number of Z or Y failures is
10
number of X failures is
0
average trial time
199.54669845693456
stderr is
0.0002469660655894621
target is
7.812500000000002e-5
mu is
0.0008461538461538462
number of trials is
13000
number of Z or Y failures is
11
number of X failures is
0
average trial time
202.51352968250956
stderr is
0.0002550268324506802
target is
8.461538461538463e-5
mu is
0.0009090909090909091
number of trials is
13200
number of Z or Y failures is
12
number of X failures is
0
average trial time
205.5843001862295
stderr is
0.00026232256282088153
target is
9.090909090909092e-5
mu is
0.0008955223880597015
number of trials is
13400
number of Z or Y failures is
12
number of X failures is
0
average trial time
208.56567209584458
stderr is
0.00025840890927708853
target is
8.955223880597016e-5
mu is
0.0008823529411764706
number of trials is
13600
number of Z or Y failures is
12
number of X failures is
0
average trial time
211.63700868174448
stderr is
0.0002546103165619513
target is
8.823529411764706e-5
mu is
0.0008695652173913044
number of trials is
13800
number of Z or Y failures is
12
number of X failures is
0
average trial time
214.59663789353942
stderr is
0.00025092178402923415
target is
8.695652173913044e-5
mu is
0.0008571428571428571
number of trials is
14000
number of Z or Y failures is
12
number of X failures is
0
average trial time
217.63589912303948
stderr is
0.00024733859667131695
target is
8.571428571428571e-5
mu is
0.0008450704225352113
number of trials is
14200
number of Z or Y failures is
12
number of X failures is
0
average trial time
220.65208593229949
stderr is
0.00024385630501161913
target is
8.450704225352114e-5
mu is
0.0008333333333333334
number of trials is
14400
number of Z or Y failures is
12
number of X failures is
0
average trial time
223.6183766097643
stderr is
0.00024047070667201285
target is
8.333333333333334e-5
mu is
0.0009589041095890411
number of trials is
14600
number of Z or Y failures is
14
number of X failures is
0
average trial time
226.60925542981414
stderr is
0.00025616377364862314
target is
9.589041095890412e-5
mu is
0.0009459459459459459
number of trials is
14800
number of Z or Y failures is
14
number of X failures is
0
average trial time
229.5862895122842
stderr is
0.0002527036229184366
target is
9.45945945945946e-5
mu is
0.0009333333333333333
number of trials is
15000
number of Z or Y failures is
14
number of X failures is
0
average trial time
232.54707506700422
stderr is
0.0002493357028205044
target is
9.333333333333334e-5
mu is
0.0009210526315789473
number of trials is
15200
number of Z or Y failures is
14
number of X failures is
0
average trial time
235.44930600050924
stderr is
0.0002460563742326817
target is
9.210526315789474e-5
mu is
0.0009090909090909091
number of trials is
15400
number of Z or Y failures is
14
number of X failures is
0
average trial time
238.28239539323917
stderr is
0.00024286218699808522
target is
9.090909090909092e-5
mu is
0.0008974358974358974
number of trials is
15600
number of Z or Y failures is
14
number of X failures is
0
average trial time
241.0792270227744
stderr is
0.00023974986781700178
target is
8.974358974358975e-5
mu is
0.0008860759493670886
number of trials is
15800
number of Z or Y failures is
14
number of X failures is
0
average trial time
243.87865203289965
stderr is
0.00023671630905801915
target is
8.860759493670887e-5
mu is
0.000875
number of trials is
16000
number of Z or Y failures is
14
number of X failures is
0
average trial time
246.73749151939498
stderr is
0.0002337585584079796
target is
8.750000000000001e-5
mu is
0.000925925925925926
number of trials is
16200
number of Z or Y failures is
15
number of X failures is
0
average trial time
249.56584274240993
stderr is
0.00023896971418601006
target is
9.25925925925926e-5
mu is
0.0009146341463414635
number of trials is
16400
number of Z or Y failures is
15
number of X failures is
0
average trial time
252.37872756146007
stderr is
0.00023605669449783782
target is
9.146341463414635e-5
mu is
0.0009036144578313253
number of trials is
16600
number of Z or Y failures is
15
number of X failures is
0
average trial time
255.2649722685351
stderr is
0.0002332138384057357
target is
9.036144578313253e-5
mu is
0.0009523809523809524
number of trials is
16800
number of Z or Y failures is
16
number of X failures is
0
average trial time
258.07352395039527
stderr is
0.00023798891551148635
target is
9.523809523809524e-5
mu is
0.0009411764705882353
number of trials is
17000
number of Z or Y failures is
16
number of X failures is
0
average trial time
260.91285316126033
stderr is
0.0002351902824008407
target is
9.411764705882353e-5
16
0
17000
0.0009411764705882353
