mu is
0.0
number of trials is
200
number of Z or Y failures is
0
number of X failures is
0
average trial time
2.8459755219649994
mu is
0.0
number of trials is
400
number of Z or Y failures is
0
number of X failures is
0
average trial time
5.608724399274994
mu is
0.0
number of trials is
600
number of Z or Y failures is
0
number of X failures is
0
average trial time
8.441097821064998
mu is
0.0
number of trials is
800
number of Z or Y failures is
0
number of X failures is
0
average trial time
11.484622839065
mu is
0.0
number of trials is
1000
number of Z or Y failures is
0
number of X failures is
0
average trial time
14.692093486195008
mu is
0.0
number of trials is
1200
number of Z or Y failures is
0
number of X failures is
0
average trial time
17.96373586831002
mu is
0.0
number of trials is
1400
number of Z or Y failures is
0
number of X failures is
0
average trial time
21.308140568195043
mu is
0.0
number of trials is
1600
number of Z or Y failures is
0
number of X failures is
0
average trial time
24.61144108074502
mu is
0.0
number of trials is
1800
number of Z or Y failures is
0
number of X failures is
0
average trial time
28.065471269235037
mu is
0.0
number of trials is
2000
number of Z or Y failures is
0
number of X failures is
0
average trial time
31.44299400287504
mu is
0.0
number of trials is
2200
number of Z or Y failures is
0
number of X failures is
0
average trial time
34.73928212607501
mu is
0.0
number of trials is
2400
number of Z or Y failures is
0
number of X failures is
0
average trial time
38.074509211835
mu is
0.0
number of trials is
2600
number of Z or Y failures is
0
number of X failures is
0
average trial time
41.41632960087005
mu is
0.0
number of trials is
2800
number of Z or Y failures is
0
number of X failures is
0
average trial time
44.711120217020046
mu is
0.0003333333333333333
number of trials is
3000
number of Z or Y failures is
1
number of X failures is
0
average trial time
47.98195609410007
mu is
0.0003125
number of trials is
3200
number of Z or Y failures is
1
number of X failures is
0
average trial time
51.12721583254006
mu is
0.0002941176470588235
number of trials is
3400
number of Z or Y failures is
1
number of X failures is
0
average trial time
54.32026938684502
mu is
0.0002777777777777778
number of trials is
3600
number of Z or Y failures is
1
number of X failures is
0
average trial time
57.50513546229009
mu is
0.0002631578947368421
number of trials is
3800
number of Z or Y failures is
1
number of X failures is
0
average trial time
60.695540183615115
mu is
0.00025
number of trials is
4000
number of Z or Y failures is
1
number of X failures is
0
average trial time
63.83459346266014
mu is
0.0004761904761904762
number of trials is
4200
number of Z or Y failures is
2
number of X failures is
0
average trial time
67.06873485162014
mu is
0.00045454545454545455
number of trials is
4400
number of Z or Y failures is
2
number of X failures is
0
average trial time
70.16671618853003
mu is
0.0004347826086956522
number of trials is
4600
number of Z or Y failures is
2
number of X failures is
0
average trial time
73.35343143522496
mu is
0.0004166666666666667
number of trials is
4800
number of Z or Y failures is
2
number of X failures is
0
average trial time
76.45844970766001
mu is
0.0004
number of trials is
5000
number of Z or Y failures is
2
number of X failures is
0
average trial time
79.52529419263495
mu is
0.0003846153846153846
number of trials is
5200
number of Z or Y failures is
2
number of X failures is
0
average trial time
82.77590559024492
mu is
0.00037037037037037035
number of trials is
5400
number of Z or Y failures is
2
number of X failures is
0
average trial time
85.92954871364984
mu is
0.00035714285714285714
number of trials is
5600
number of Z or Y failures is
2
number of X failures is
0
average trial time
89.02251488990991
mu is
0.0003448275862068965
number of trials is
5800
number of Z or Y failures is
2
number of X failures is
0
average trial time
92.20263814600003
mu is
0.0003333333333333333
number of trials is
6000
number of Z or Y failures is
2
number of X failures is
0
average trial time
95.29097699996011
mu is
0.0003225806451612903
number of trials is
6200
number of Z or Y failures is
2
number of X failures is
0
average trial time
98.26726665429004
mu is
0.0003125
number of trials is
6400
number of Z or Y failures is
2
number of X failures is
0
average trial time
101.35328520797499
mu is
0.00030303030303030303
number of trials is
6600
number of Z or Y failures is
2
number of X failures is
0
average trial time
104.48688159703488
mu is
0.000588235294117647
number of trials is
6800
number of Z or Y failures is
4
number of X failures is
0
average trial time
107.64846796925985
mu is
0.0005714285714285715
number of trials is
7000
number of Z or Y failures is
4
number of X failures is
0
average trial time
110.7121115962948
mu is
0.0005555555555555556
number of trials is
7200
number of Z or Y failures is
4
number of X failures is
0
average trial time
113.8902408685847
mu is
0.0006756756756756757
number of trials is
7400
number of Z or Y failures is
5
number of X failures is
0
average trial time
116.99334986765967
stderr is
0.00030208965829893247
target is
6.756756756756757e-5
mu is
0.0006578947368421052
number of trials is
7600
number of Z or Y failures is
5
number of X failures is
0
average trial time
119.95173429713978
stderr is
0.0002941420241651356
target is
6.578947368421052e-5
mu is
0.000641025641025641
number of trials is
7800
number of Z or Y failures is
5
number of X failures is
0
average trial time
122.96205093239469
stderr is
0.00028660185636874034
target is
6.41025641025641e-5
mu is
0.000625
number of trials is
8000
number of Z or Y failures is
5
number of X failures is
0
average trial time
126.14794135728458
stderr is
0.0002794386025884345
target is
6.25e-5
mu is
0.0006097560975609756
number of trials is
8200
number of Z or Y failures is
5
number of X failures is
0
average trial time
129.13207321811456
stderr is
0.0002726246904884851
target is
6.097560975609756e-5
mu is
0.0007142857142857143
number of trials is
8400
number of Z or Y failures is
6
number of X failures is
0
average trial time
132.30106651579945
stderr is
0.0002915191110283902
target is
7.142857142857143e-5
mu is
0.0006976744186046512
number of trials is
8600
number of Z or Y failures is
6
number of X failures is
0
average trial time
135.33328231581933
stderr is
0.00028474156923867527
target is
6.976744186046513e-5
mu is
0.0006818181818181819
number of trials is
8800
number of Z or Y failures is
6
number of X failures is
0
average trial time
138.43478333945427
stderr is
0.00027827200989005593
target is
6.818181818181818e-5
mu is
0.0006666666666666666
number of trials is
9000
number of Z or Y failures is
6
number of X failures is
0
average trial time
141.46761988675934
stderr is
0.00027208990653406785
target is
6.666666666666667e-5
mu is
0.0006521739130434783
number of trials is
9200
number of Z or Y failures is
6
number of X failures is
0
average trial time
144.50405010062434
stderr is
0.00026617651714459827
target is
6.521739130434783e-5
mu is
0.0006382978723404255
number of trials is
9400
number of Z or Y failures is
6
number of X failures is
0
average trial time
147.4963007150093
stderr is
0.0002605146943363571
target is
6.382978723404255e-5
mu is
0.000625
number of trials is
9600
number of Z or Y failures is
6
number of X failures is
0
average trial time
150.62181081879936
stderr is
0.0002550887192998403
target is
6.25e-5
mu is
0.0006122448979591836
number of trials is
9800
number of Z or Y failures is
6
number of X failures is
0
average trial time
153.60455485507447
stderr is
0.00024988415606558187
target is
6.122448979591836e-5
mu is
0.0006
number of trials is
10000
number of Z or Y failures is
6
number of X failures is
0
average trial time
156.63675907182932
stderr is
0.00024488772325231
target is
5.9999999999999995e-5
mu is
0.0006862745098039216
number of trials is
10200
number of Z or Y failures is
7
number of X failures is
0
average trial time
159.68514016904433
stderr is
0.0002593110743259469
target is
6.862745098039216e-5
mu is
0.0007692307692307692
number of trials is
10400
number of Z or Y failures is
8
number of X failures is
0
average trial time
162.75714281979427
stderr is
0.00027187259600403046
target is
7.692307692307693e-5
mu is
0.0008490566037735849
number of trials is
10600
number of Z or Y failures is
9
number of X failures is
0
average trial time
165.80729087044918
stderr is
0.0002829120381130694
target is
8.49056603773585e-5
mu is
0.0008333333333333334
number of trials is
10800
number of Z or Y failures is
9
number of X failures is
0
average trial time
168.78905523034442
stderr is
0.0002776748685299086
target is
8.333333333333334e-5
mu is
0.0008181818181818182
number of trials is
11000
number of Z or Y failures is
9
number of X failures is
0
average trial time
171.81331138961957
stderr is
0.00027262807211556056
target is
8.181818181818182e-5
mu is
0.0008035714285714286
number of trials is
11200
number of Z or Y failures is
9
number of X failures is
0
average trial time
174.80893285907948
stderr is
0.0002677614539578289
target is
8.035714285714287e-5
mu is
0.0007894736842105263
number of trials is
11400
number of Z or Y failures is
9
number of X failures is
0
average trial time
177.87457920056463
stderr is
0.0002630655343252102
target is
7.894736842105263e-5
mu is
0.0008620689655172414
number of trials is
11600
number of Z or Y failures is
10
number of X failures is
0
average trial time
180.9004940145196
stderr is
0.0002725043595415118
target is
8.620689655172414e-5
mu is
0.000847457627118644
number of trials is
11800
number of Z or Y failures is
10
number of X failures is
0
average trial time
183.89432740607964
stderr is
0.00026788740462201994
target is
8.474576271186441e-5
mu is
0.0008333333333333334
number of trials is
12000
number of Z or Y failures is
10
number of X failures is
0
average trial time
186.89782153958447
stderr is
0.0002634242903956877
target is
8.333333333333334e-5
mu is
0.0009016393442622951
number of trials is
12200
number of Z or Y failures is
11
number of X failures is
0
average trial time
189.90167492208954
stderr is
0.00027174304326033446
target is
9.016393442622952e-5
mu is
0.0008870967741935484
number of trials is
12400
number of Z or Y failures is
11
number of X failures is
0
average trial time
192.91196970432443
stderr is
0.00026736186000090006
target is
8.870967741935484e-5
mu is
0.000873015873015873
number of trials is
12600
number of Z or Y failures is
11
number of X failures is
0
average trial time
195.89822695081958
stderr is
0.0002631197066400196
target is
8.730158730158731e-5
mu is
0.000859375
number of trials is
12800
number of Z or Y failures is
11
number of X failures is
0
average trial time
198.96346247883451
stderr is
0.0002590100687028559
target is
8.593750000000001e-5
mu is
0.0008461538461538462
number of trials is
13000
number of Z or Y failures is
11
number of X failures is
0
average trial time
202.01478499896956
stderr is
0.0002550268324506802
target is
8.461538461538463e-5
mu is
0.0008333333333333334
number of trials is
13200
number of Z or Y failures is
11
number of X failures is
0
average trial time
205.03275851413957
stderr is
0.00025116425453361707
target is
8.333333333333334e-5
mu is
0.0008208955223880597
number of trials is
13400
number of Z or Y failures is
11
number of X failures is
0
average trial time
208.12713190088456
stderr is
0.0002474169343600368
target is
8.208955223880597e-5
mu is
0.0008088235294117647
number of trials is
13600
number of Z or Y failures is
11
number of X failures is
0
average trial time
211.16841627103977
stderr is
0.00024377978890304091
target is
8.088235294117648e-5
mu is
0.0007971014492753623
number of trials is
13800
number of Z or Y failures is
11
number of X failures is
0
average trial time
214.21789467287007
stderr is
0.0002402480296968927
target is
7.971014492753623e-5
mu is
0.0007857142857142857
number of trials is
14000
number of Z or Y failures is
11
number of X failures is
0
average trial time
217.11258701219
stderr is
0.0002368171418044737
target is
7.857142857142858e-5
mu is
0.0007746478873239436
number of trials is
14200
number of Z or Y failures is
11
number of X failures is
0
average trial time
220.14098288042481
stderr is
0.00023348286456151065
target is
7.746478873239437e-5
mu is
0.0007638888888888889
number of trials is
14400
number of Z or Y failures is
11
number of X failures is
0
average trial time
223.07944191625975
stderr is
0.00023024117392489096
target is
7.63888888888889e-5
mu is
0.0007534246575342466
number of trials is
14600
number of Z or Y failures is
11
number of X failures is
0
average trial time
226.12852820653984
stderr is
0.000227088266271302
target is
7.534246575342466e-5
mu is
0.0007432432432432432
number of trials is
14800
number of Z or Y failures is
11
number of X failures is
0
average trial time
229.10141123463507
stderr is
0.00022402054350904938
target is
7.432432432432433e-5
mu is
0.0007333333333333333
number of trials is
15000
number of Z or Y failures is
11
number of X failures is
0
average trial time
232.11733564565492
stderr is
0.0002210345993805312
target is
7.333333333333334e-5
mu is
0.0007236842105263158
number of trials is
15200
number of Z or Y failures is
11
number of X failures is
0
average trial time
235.01476639550984
stderr is
0.0002181272068457383
target is
7.236842105263159e-5
mu is
0.0007142857142857143
number of trials is
15400
number of Z or Y failures is
11
number of X failures is
0
average trial time
237.85883552276965
stderr is
0.00021529530644853861
target is
7.142857142857143e-5
mu is
0.0007051282051282052
number of trials is
15600
number of Z or Y failures is
11
number of X failures is
0
average trial time
240.72636918871962
stderr is
0.00021253599557757478
target is
7.051282051282052e-5
mu is
0.0007594936708860759
number of trials is
15800
number of Z or Y failures is
12
number of X failures is
0
average trial time
243.60111870608966
stderr is
0.00021917059940984612
target is
7.59493670886076e-5
mu is
0.00075
number of trials is
16000
number of Z or Y failures is
12
number of X failures is
0
average trial time
246.45506163327445
stderr is
0.00021643190943854363
target is
7.500000000000001e-5
mu is
0.0007407407407407407
number of trials is
16200
number of Z or Y failures is
12
number of X failures is
0
average trial time
249.22712521782964
stderr is
0.00021376081845169627
target is
7.407407407407407e-5
mu is
0.0007926829268292683
number of trials is
16400
number of Z or Y failures is
13
number of X failures is
0
average trial time
252.00691911259963
stderr is
0.00021977023472459972
target is
7.926829268292685e-5
mu is
0.0007831325301204819
number of trials is
16600
number of Z or Y failures is
13
number of X failures is
0
average trial time
254.85632663962943
stderr is
0.0002171233584346081
target is
7.83132530120482e-5
mu is
0.0007738095238095238
number of trials is
16800
number of Z or Y failures is
13
number of X failures is
0
average trial time
257.6168065080047
stderr is
0.00021453948046852881
target is
7.738095238095239e-5
mu is
0.0007647058823529412
number of trials is
17000
number of Z or Y failures is
13
number of X failures is
0
average trial time
260.4567498008999
stderr is
0.00021201637814246622
target is
7.647058823529412e-5
13
0
17000
0.0007647058823529412
